ERROR: Unable to locate a modulefile for 'emacs/25.1'
ERROR: Unable to locate a modulefile for 'python/3.6'
ERROR: Unable to locate a modulefile for 'java/1.8.0_121'
ERROR: Unable to locate a modulefile for 'cmake/3.15.1'

RAxML-NG v. 1.1.0-master released on 22.06.2022 by The Exelixis Lab.
Developed by: Alexey M. Kozlov and Alexandros Stamatakis.
Contributors: Diego Darriba, Tomas Flouri, Benoit Morel, Sarah Lutteropp, Ben Bettisworth.
Latest version: https://github.com/amkozlov/raxml-ng
Questions/problems/suggestions? Please visit: https://groups.google.com/forum/#!forum/raxml

System: Intel(R) Xeon(R) CPU E5-2680 v4 @ 2.40GHz, 28 cores, 62 GB RAM

RAxML-NG was called at 05-Aug-2023 16:01:56 as follows:

raxml-ng-mpi --bootstrap --msa picornavirales_all_align.fasta --model GTR+G4 --prefix T6 --seed 5 --threads auto{12}

Analysis options:
  run mode: Bootstrapping
  start tree(s): 
  bootstrap replicates: max: 1000 + bootstopping (autoMRE, cutoff: 0.030000)
  random seed: 5
  tip-inner: OFF
  pattern compression: ON
  per-rate scalers: OFF
  site repeats: ON
  branch lengths: proportional (ML estimate, algorithm: NR-FAST)
  SIMD kernels: AVX2
  parallelization: coarse-grained (auto), PTHREADS (auto)

WARNING: The model you specified on the command line (GTR+G4) will be ignored 
         since the binary MSA file already contains a model definition.
         If you want to change the model, please re-run RAxML-NG 
         with the original PHYLIP/FASTA alignment and --redo option.

[00:00:00] Loading binary alignment from file: T6.raxml.rba
[00:00:01] Alignment comprises 416 taxa, 1 partitions and 42385 patterns

Partition 0: noname
Model: GTR+FO+G4m
Alignment sites / patterns: 64887 / 42385
Gaps: 87.67 %
Invariant sites: 37.51 %


Parallelization scheme autoconfig: 1 worker(s) x 12 thread(s)

Error calling pthread_setaffinity_np: 22
Parallel reduction/worker buffer size: 1 KB  / 0 KB

[00:00:01] NOTE: Resuming execution from checkpoint (logLH: -3429972.77, ML trees: 0, bootstraps: 10)
[00:00:01] Data distribution: max. partitions/sites/weight per thread: 1 / 3533 / 56528
[00:00:03] Data distribution: max. searches per worker: 990
[00:00:03] Starting bootstrapping analysis with 1000 replicates.

[01:02:55] Bootstrap tree #11, logLikelihood: -3436023.298207
[02:23:46] Bootstrap tree #12, logLikelihood: -3424577.109578
[03:32:36] Bootstrap tree #13, logLikelihood: -3417059.778557
[04:57:59] Bootstrap tree #14, logLikelihood: -3412542.145215
[06:19:45] Bootstrap tree #15, logLikelihood: -3387286.134543
[07:51:55] Bootstrap tree #16, logLikelihood: -3427844.163923
[09:21:02] Bootstrap tree #17, logLikelihood: -3403707.360682
[10:32:58] Bootstrap tree #18, logLikelihood: -3393125.006435
[11:58:54] Bootstrap tree #19, logLikelihood: -3380271.600280
[13:08:15] Bootstrap tree #20, logLikelihood: -3415309.235011
[14:37:23] Bootstrap tree #21, logLikelihood: -3385339.751305
[15:55:49] Bootstrap tree #22, logLikelihood: -3407256.031153
[17:27:52] Bootstrap tree #23, logLikelihood: -3376821.903307
[18:50:20] Bootstrap tree #24, logLikelihood: -3393064.838047
[20:05:05] Bootstrap tree #25, logLikelihood: -3375491.448292
[21:33:53] Bootstrap tree #26, logLikelihood: -3382522.084067
[22:46:53] Bootstrap tree #27, logLikelihood: -3356512.630871
[24:19:27] Bootstrap tree #28, logLikelihood: -3436947.986839
[25:38:32] Bootstrap tree #29, logLikelihood: -3416622.710511
[27:04:42] Bootstrap tree #30, logLikelihood: -3427360.365532
[28:21:17] Bootstrap tree #31, logLikelihood: -3410692.993056
[29:44:46] Bootstrap tree #32, logLikelihood: -3414487.172207
[31:04:11] Bootstrap tree #33, logLikelihood: -3412128.390654
[32:21:39] Bootstrap tree #34, logLikelihood: -3415903.935435
[33:42:16] Bootstrap tree #35, logLikelihood: -3399476.282099
[35:01:53] Bootstrap tree #36, logLikelihood: -3414877.489347
slurmstepd-midway2-0301: error: *** JOB 29446180 ON midway2-0301 CANCELLED AT 2023-08-07T04:02:08 DUE TO TIME LIMIT ***
