
RAxML-NG v. 1.1.0-master released on 22.06.2022 by The Exelixis Lab.
Developed by: Alexey M. Kozlov and Alexandros Stamatakis.
Contributors: Diego Darriba, Tomas Flouri, Benoit Morel, Sarah Lutteropp, Ben Bettisworth.
Latest version: https://github.com/amkozlov/raxml-ng
Questions/problems/suggestions? Please visit: https://groups.google.com/forum/#!forum/raxml

System: Intel(R) Xeon(R) CPU E5-2680 v4 @ 2.40GHz, 28 cores, 62 GB RAM

RAxML-NG was called at 31-Jul-2023 22:44:06 as follows:

raxml-ng-mpi --msa picornavirales_all_align.fasta --model GTR+G4 --prefix T2 --seed 1 --threads auto{12}

Analysis options:
  run mode: ML tree search
  start tree(s): random (10) + parsimony (10)
  random seed: 1
  tip-inner: OFF
  pattern compression: ON
  per-rate scalers: OFF
  site repeats: ON
  fast spr radius: AUTO
  spr subtree cutoff: 1.000000
  branch lengths: proportional (ML estimate, algorithm: NR-FAST)
  SIMD kernels: AVX2
  parallelization: coarse-grained (auto), PTHREADS (auto)

[00:00:01] Reading alignment from file: picornavirales_all_align.fasta
[00:00:01] Loaded alignment with 416 taxa and 64887 sites

Alignment comprises 1 partitions and 42385 patterns

Partition 0: noname
Model: GTR+FO+G4m
Alignment sites / patterns: 64887 / 42385
Gaps: 87.67 %
Invariant sites: 37.51 %


NOTE: Binary MSA file created: T2.raxml.rba

Parallelization scheme autoconfig: 1 worker(s) x 12 thread(s)

Parallel reduction/worker buffer size: 1 KB  / 0 KB

[00:00:01] Generating 10 random starting tree(s) with 416 taxa
[00:00:01] Generating 10 parsimony starting tree(s) with 416 taxa
[00:00:16] Data distribution: max. partitions/sites/weight per thread: 1 / 3533 / 56528
[00:00:16] Data distribution: max. searches per worker: 20

Starting ML tree search with 20 distinct starting trees

[00:00:16 -4641863.276488] Initial branch length optimization
[00:00:21 -4260174.912766] Model parameter optimization (eps = 10.000000)
[00:01:40 -4171654.021429] AUTODETECT spr round 1 (radius: 5)
[00:02:37 -3980150.747806] AUTODETECT spr round 2 (radius: 10)
[00:04:08 -3655618.185630] AUTODETECT spr round 3 (radius: 15)
[00:06:02 -3545344.223334] AUTODETECT spr round 4 (radius: 20)
[00:08:21 -3527191.735008] AUTODETECT spr round 5 (radius: 25)
[00:11:14 -3521444.796345] SPR radius for FAST iterations: 25 (autodetect)
[00:11:14 -3521444.796345] Model parameter optimization (eps = 3.000000)
[00:11:51 -3505938.686834] FAST spr round 1 (radius: 25)
[00:17:43 -3415250.825057] FAST spr round 2 (radius: 25)
[00:21:27 -3411523.028508] FAST spr round 3 (radius: 25)
[00:23:55 -3411353.697241] FAST spr round 4 (radius: 25)
[00:25:45 -3411288.515096] FAST spr round 5 (radius: 25)
[00:27:16 -3411263.787431] FAST spr round 6 (radius: 25)
[00:28:39 -3411251.405460] FAST spr round 7 (radius: 25)
[00:29:58 -3411235.690396] FAST spr round 8 (radius: 25)
[00:31:15 -3411216.170145] FAST spr round 9 (radius: 25)
[00:32:32 -3411205.802761] FAST spr round 10 (radius: 25)
[00:33:47 -3411194.237038] FAST spr round 11 (radius: 25)
[00:35:00 -3411185.341634] FAST spr round 12 (radius: 25)
[00:36:13 -3411178.767212] FAST spr round 13 (radius: 25)
[00:37:25 -3411161.310363] FAST spr round 14 (radius: 25)
[00:38:37 -3411157.399497] FAST spr round 15 (radius: 25)
[00:39:49 -3411154.260702] FAST spr round 16 (radius: 25)
[00:40:59 -3411151.353259] FAST spr round 17 (radius: 25)
[00:42:09 -3411128.934120] FAST spr round 18 (radius: 25)
[00:43:18 -3411122.783161] FAST spr round 19 (radius: 25)
[00:44:27 -3411119.544542] FAST spr round 20 (radius: 25)
[00:45:36 -3411117.176267] FAST spr round 21 (radius: 25)
[00:46:44 -3411089.892320] FAST spr round 22 (radius: 25)
[00:47:52 -3411088.384220] FAST spr round 23 (radius: 25)
[00:49:00 -3411087.183650] FAST spr round 24 (radius: 25)
[00:50:08 -3411075.798561] FAST spr round 25 (radius: 25)
[00:51:15 -3411075.796062] Model parameter optimization (eps = 1.000000)
[00:51:30 -3411013.483254] SLOW spr round 1 (radius: 5)
[00:54:30 -3410549.653380] SLOW spr round 2 (radius: 5)
[00:57:00 -3410521.370745] SLOW spr round 3 (radius: 5)
[00:59:16 -3410513.285396] SLOW spr round 4 (radius: 5)
[01:01:31 -3410512.102723] SLOW spr round 5 (radius: 5)
[01:03:45 -3410507.181856] SLOW spr round 6 (radius: 5)
[01:05:58 -3410506.392033] SLOW spr round 7 (radius: 5)
[01:08:12 -3410506.173277] SLOW spr round 8 (radius: 5)
[01:10:26 -3410506.169937] SLOW spr round 9 (radius: 10)
[01:13:19 -3410506.169786] SLOW spr round 10 (radius: 15)
[01:24:31 -3410506.169778] SLOW spr round 11 (radius: 20)
[01:42:10 -3410506.169777] SLOW spr round 12 (radius: 25)
[01:57:22 -3410506.169777] Model parameter optimization (eps = 0.100000)

[01:57:27] ML tree search #1, logLikelihood: -3410505.958731

[01:57:27 -4640265.186324] Initial branch length optimization
[01:57:33 -4257439.381716] Model parameter optimization (eps = 10.000000)
[01:58:44 -4170380.923208] AUTODETECT spr round 1 (radius: 5)
[01:59:41 -3986422.811390] AUTODETECT spr round 2 (radius: 10)
[02:01:13 -3663676.272189] AUTODETECT spr round 3 (radius: 15)
[02:03:12 -3550735.268556] AUTODETECT spr round 4 (radius: 20)
[02:05:57 -3539716.992970] AUTODETECT spr round 5 (radius: 25)
[02:09:36 -3539196.672914] SPR radius for FAST iterations: 25 (autodetect)
[02:09:36 -3539196.672914] Model parameter optimization (eps = 3.000000)
[02:10:13 -3523987.780914] FAST spr round 1 (radius: 25)
[02:16:00 -3414621.674949] FAST spr round 2 (radius: 25)
[02:19:24 -3411628.013237] FAST spr round 3 (radius: 25)
[02:21:42 -3411330.102694] FAST spr round 4 (radius: 25)
[02:23:22 -3411310.235949] FAST spr round 5 (radius: 25)
[02:24:48 -3411299.856555] FAST spr round 6 (radius: 25)
[02:26:07 -3411290.015155] FAST spr round 7 (radius: 25)
[02:27:24 -3411278.141892] FAST spr round 8 (radius: 25)
[02:28:36 -3411235.916466] FAST spr round 9 (radius: 25)
[02:29:48 -3411229.041851] FAST spr round 10 (radius: 25)
[02:31:03 -3411189.876304] FAST spr round 11 (radius: 25)
[02:32:12 -3411184.747612] FAST spr round 12 (radius: 25)
[02:33:22 -3411180.609507] FAST spr round 13 (radius: 25)
[02:34:33 -3411174.580908] FAST spr round 14 (radius: 25)
[02:35:42 -3411167.871620] FAST spr round 15 (radius: 25)
[02:36:51 -3411165.529204] FAST spr round 16 (radius: 25)
[02:38:00 -3411163.599715] FAST spr round 17 (radius: 25)
[02:39:09 -3411153.921904] FAST spr round 18 (radius: 25)
[02:40:18 -3411152.241107] FAST spr round 19 (radius: 25)
[02:41:27 -3411150.656077] FAST spr round 20 (radius: 25)
[02:42:36 -3411144.934406] FAST spr round 21 (radius: 25)
[02:43:44 -3411140.444311] FAST spr round 22 (radius: 25)
[02:44:54 -3411091.380785] FAST spr round 23 (radius: 25)
[02:46:04 -3411085.507331] FAST spr round 24 (radius: 25)
[02:47:13 -3411081.468419] FAST spr round 25 (radius: 25)
[02:48:22 -3411079.932107] FAST spr round 26 (radius: 25)
[02:49:31 -3411078.998677] FAST spr round 27 (radius: 25)
[02:50:40 -3411066.152149] FAST spr round 28 (radius: 25)
[02:51:49 -3411062.194546] FAST spr round 29 (radius: 25)
[02:52:58 -3411061.580026] FAST spr round 30 (radius: 25)
[02:54:07 -3411061.579657] Model parameter optimization (eps = 1.000000)
[02:54:25 -3410979.310576] SLOW spr round 1 (radius: 5)
[02:57:27 -3410527.181662] SLOW spr round 2 (radius: 5)
[02:59:54 -3410513.759966] SLOW spr round 3 (radius: 5)
[03:02:13 -3410512.833550] SLOW spr round 4 (radius: 5)
[03:04:30 -3410512.397424] SLOW spr round 5 (radius: 5)
[03:06:46 -3410512.395667] SLOW spr round 6 (radius: 10)
[03:09:40 -3410512.395612] SLOW spr round 7 (radius: 15)
[03:21:06 -3410512.395612] SLOW spr round 8 (radius: 20)
[03:38:58 -3410512.395612] SLOW spr round 9 (radius: 25)
[03:54:36 -3410512.395612] Model parameter optimization (eps = 0.100000)

[03:54:41] ML tree search #2, logLikelihood: -3410512.221551

[03:54:41 -4629176.415318] Initial branch length optimization
[03:54:46 -4250365.077259] Model parameter optimization (eps = 10.000000)
[03:55:49 -4162444.296341] AUTODETECT spr round 1 (radius: 5)
[03:56:45 -3960607.499778] AUTODETECT spr round 2 (radius: 10)
[03:58:19 -3671192.230736] AUTODETECT spr round 3 (radius: 15)
[04:00:13 -3551088.914146] AUTODETECT spr round 4 (radius: 20)
[04:02:51 -3527049.931943] AUTODETECT spr round 5 (radius: 25)
[04:06:01 -3526828.983082] SPR radius for FAST iterations: 25 (autodetect)
[04:06:01 -3526828.983082] Model parameter optimization (eps = 3.000000)
[04:06:37 -3512240.096093] FAST spr round 1 (radius: 25)
[04:11:58 -3414702.865875] FAST spr round 2 (radius: 25)
[04:15:18 -3411667.235147] FAST spr round 3 (radius: 25)
[04:17:39 -3411350.524221] FAST spr round 4 (radius: 25)
[04:19:30 -3411249.980971] FAST spr round 5 (radius: 25)
[04:20:58 -3411199.496090] FAST spr round 6 (radius: 25)
[04:22:20 -3411184.338069] FAST spr round 7 (radius: 25)
[04:23:40 -3411158.941712] FAST spr round 8 (radius: 25)
[04:24:56 -3411147.462654] FAST spr round 9 (radius: 25)
[04:26:12 -3411140.205872] FAST spr round 10 (radius: 25)
[04:27:27 -3411119.532440] FAST spr round 11 (radius: 25)
[04:28:42 -3411112.348619] FAST spr round 12 (radius: 25)
[04:29:55 -3411105.314347] FAST spr round 13 (radius: 25)
[04:31:09 -3411096.276831] FAST spr round 14 (radius: 25)
[04:32:21 -3411091.287583] FAST spr round 15 (radius: 25)
[04:33:33 -3411086.352609] FAST spr round 16 (radius: 25)
[04:34:45 -3411081.754749] FAST spr round 17 (radius: 25)
[04:35:56 -3411077.319519] FAST spr round 18 (radius: 25)
[04:37:07 -3411075.328602] FAST spr round 19 (radius: 25)
[04:38:18 -3411074.893556] FAST spr round 20 (radius: 25)
[04:39:29 -3411074.850169] Model parameter optimization (eps = 1.000000)
[04:39:49 -3410994.635156] SLOW spr round 1 (radius: 5)
[04:42:52 -3410556.014541] SLOW spr round 2 (radius: 5)
[04:45:26 -3410527.816208] SLOW spr round 3 (radius: 5)
[04:47:49 -3410524.667221] SLOW spr round 4 (radius: 5)
[04:50:07 -3410523.729706] SLOW spr round 5 (radius: 5)
[04:52:24 -3410523.729362] SLOW spr round 6 (radius: 10)
[04:55:23 -3410523.729343] SLOW spr round 7 (radius: 15)
[05:06:52 -3410523.729342] SLOW spr round 8 (radius: 20)
[05:24:45 -3410523.729342] SLOW spr round 9 (radius: 25)
[05:40:27 -3410523.729342] Model parameter optimization (eps = 0.100000)

[05:40:32] ML tree search #3, logLikelihood: -3410523.482882

[05:40:32 -4643491.332805] Initial branch length optimization
[05:40:38 -4258925.982647] Model parameter optimization (eps = 10.000000)
[05:41:55 -4170825.257967] AUTODETECT spr round 1 (radius: 5)
[05:42:52 -3932603.943744] AUTODETECT spr round 2 (radius: 10)
[05:44:20 -3657124.242259] AUTODETECT spr round 3 (radius: 15)
[05:46:24 -3526571.835630] AUTODETECT spr round 4 (radius: 20)
[05:49:19 -3512760.164925] AUTODETECT spr round 5 (radius: 25)
[05:52:27 -3512353.958151] SPR radius for FAST iterations: 25 (autodetect)
[05:52:27 -3512353.958151] Model parameter optimization (eps = 3.000000)
[05:53:00 -3497006.543201] FAST spr round 1 (radius: 25)
[05:58:17 -3414545.731506] FAST spr round 2 (radius: 25)
[06:01:42 -3411728.149148] FAST spr round 3 (radius: 25)
[06:04:00 -3411474.110302] FAST spr round 4 (radius: 25)
[06:05:45 -3411438.571793] FAST spr round 5 (radius: 25)
[06:07:13 -3411411.781665] FAST spr round 6 (radius: 25)
[06:08:35 -3411387.163141] FAST spr round 7 (radius: 25)
[06:09:54 -3411364.476226] FAST spr round 8 (radius: 25)
[06:11:12 -3411349.806844] FAST spr round 9 (radius: 25)
[06:12:29 -3411340.320676] FAST spr round 10 (radius: 25)
[06:13:44 -3411331.410991] FAST spr round 11 (radius: 25)
[06:15:00 -3411290.905386] FAST spr round 12 (radius: 25)
[06:16:14 -3411285.728018] FAST spr round 13 (radius: 25)
[06:17:29 -3411236.065498] FAST spr round 14 (radius: 25)
[06:18:43 -3411231.633583] FAST spr round 15 (radius: 25)
[06:19:54 -3411227.520753] FAST spr round 16 (radius: 25)
[06:21:06 -3411223.923786] FAST spr round 17 (radius: 25)
[06:22:17 -3411220.604631] FAST spr round 18 (radius: 25)
[06:23:28 -3411218.101466] FAST spr round 19 (radius: 25)
[06:24:39 -3411215.677961] FAST spr round 20 (radius: 25)
[06:25:51 -3411211.334549] FAST spr round 21 (radius: 25)
[06:27:04 -3411189.189712] FAST spr round 22 (radius: 25)
[06:28:15 -3411179.331543] FAST spr round 23 (radius: 25)
[06:29:28 -3411169.890370] FAST spr round 24 (radius: 25)
[06:30:38 -3411167.576655] FAST spr round 25 (radius: 25)
[06:31:47 -3411165.441755] FAST spr round 26 (radius: 25)
[06:32:57 -3411163.445858] FAST spr round 27 (radius: 25)
[06:34:07 -3411161.786824] FAST spr round 28 (radius: 25)
[06:35:17 -3411153.590849] FAST spr round 29 (radius: 25)
[06:36:27 -3411126.243344] FAST spr round 30 (radius: 25)
[06:37:37 -3411124.650245] FAST spr round 31 (radius: 25)
[06:38:49 -3411124.308863] FAST spr round 32 (radius: 25)
[06:40:00 -3411124.306170] Model parameter optimization (eps = 1.000000)
[06:40:19 -3411000.806164] SLOW spr round 1 (radius: 5)
[06:43:18 -3410546.979459] SLOW spr round 2 (radius: 5)
[06:45:51 -3410528.168979] SLOW spr round 3 (radius: 5)
[06:48:16 -3410516.677525] SLOW spr round 4 (radius: 5)
[06:50:35 -3410511.163129] SLOW spr round 5 (radius: 5)
[06:52:52 -3410506.964170] SLOW spr round 6 (radius: 5)
[06:55:08 -3410505.895071] SLOW spr round 7 (radius: 5)
[06:57:25 -3410505.894233] SLOW spr round 8 (radius: 10)
[07:00:21 -3410505.894194] SLOW spr round 9 (radius: 15)
[07:11:45 -3410505.894192] SLOW spr round 10 (radius: 20)
[07:29:27 -3410505.894192] SLOW spr round 11 (radius: 25)
[07:44:47 -3410505.894192] Model parameter optimization (eps = 0.100000)

[07:44:53] ML tree search #4, logLikelihood: -3410505.531734

[07:44:53 -4638405.623122] Initial branch length optimization
[07:44:59 -4255891.512434] Model parameter optimization (eps = 10.000000)
[07:46:25 -4169234.708852] AUTODETECT spr round 1 (radius: 5)
[07:47:24 -4000104.157222] AUTODETECT spr round 2 (radius: 10)
[07:48:51 -3676854.043904] AUTODETECT spr round 3 (radius: 15)
[07:50:35 -3552069.944282] AUTODETECT spr round 4 (radius: 20)
[07:52:55 -3528570.792939] AUTODETECT spr round 5 (radius: 25)
[07:55:49 -3526832.181564] SPR radius for FAST iterations: 25 (autodetect)
[07:55:49 -3526832.181564] Model parameter optimization (eps = 3.000000)
[07:56:30 -3513399.778471] FAST spr round 1 (radius: 25)
[08:01:58 -3414790.178219] FAST spr round 2 (radius: 25)
[08:05:05 -3411727.384439] FAST spr round 3 (radius: 25)
[08:07:23 -3411515.366372] FAST spr round 4 (radius: 25)
[08:09:03 -3411489.389856] FAST spr round 5 (radius: 25)
[08:10:31 -3411467.552214] FAST spr round 6 (radius: 25)
[08:11:54 -3411454.134607] FAST spr round 7 (radius: 25)
[08:13:14 -3411438.565402] FAST spr round 8 (radius: 25)
[08:14:32 -3411427.527588] FAST spr round 9 (radius: 25)
[08:15:49 -3411407.154075] FAST spr round 10 (radius: 25)
[08:17:06 -3411399.203478] FAST spr round 11 (radius: 25)
[08:18:23 -3411388.954182] FAST spr round 12 (radius: 25)
[08:19:41 -3411330.231162] FAST spr round 13 (radius: 25)
[08:20:59 -3411314.173553] FAST spr round 14 (radius: 25)
[08:22:14 -3411307.234006] FAST spr round 15 (radius: 25)
[08:23:31 -3411282.047467] FAST spr round 16 (radius: 25)
[08:24:45 -3411275.897611] FAST spr round 17 (radius: 25)
[08:25:58 -3411268.232204] FAST spr round 18 (radius: 25)
[08:27:10 -3411262.225359] FAST spr round 19 (radius: 25)
[08:28:22 -3411256.922787] FAST spr round 20 (radius: 25)
[08:29:36 -3411239.448266] FAST spr round 21 (radius: 25)
[08:30:48 -3411231.588123] FAST spr round 22 (radius: 25)
[08:31:59 -3411227.056042] FAST spr round 23 (radius: 25)
[08:33:10 -3411222.936129] FAST spr round 24 (radius: 25)
[08:34:22 -3411219.162038] FAST spr round 25 (radius: 25)
[08:35:36 -3411201.673739] FAST spr round 26 (radius: 25)
[08:36:47 -3411195.612912] FAST spr round 27 (radius: 25)
[08:37:57 -3411192.074845] FAST spr round 28 (radius: 25)
[08:39:08 -3411186.081328] FAST spr round 29 (radius: 25)
[08:40:19 -3411138.970593] FAST spr round 30 (radius: 25)
[08:41:29 -3411136.975371] FAST spr round 31 (radius: 25)
[08:42:40 -3411136.915631] Model parameter optimization (eps = 1.000000)
[08:43:00 -3411022.442560] SLOW spr round 1 (radius: 5)
[08:46:04 -3410546.630062] SLOW spr round 2 (radius: 5)
[08:48:35 -3410520.445358] SLOW spr round 3 (radius: 5)
[08:50:56 -3410513.165057] SLOW spr round 4 (radius: 5)
[08:53:16 -3410506.413302] SLOW spr round 5 (radius: 5)
[08:55:33 -3410506.411773] SLOW spr round 6 (radius: 10)
[08:58:32 -3410506.411742] SLOW spr round 7 (radius: 15)
[09:09:57 -3410506.411741] SLOW spr round 8 (radius: 20)
[09:27:46 -3410506.411741] SLOW spr round 9 (radius: 25)
[09:43:16 -3410506.411741] Model parameter optimization (eps = 0.100000)

[09:43:21] ML tree search #5, logLikelihood: -3410506.093754

[09:43:21 -4645545.725783] Initial branch length optimization
[09:43:26 -4260985.447925] Model parameter optimization (eps = 10.000000)
[09:44:36 -4172388.121003] AUTODETECT spr round 1 (radius: 5)
[09:45:31 -3944330.624586] AUTODETECT spr round 2 (radius: 10)
[09:46:56 -3663037.208927] AUTODETECT spr round 3 (radius: 15)
[09:48:46 -3559927.105616] AUTODETECT spr round 4 (radius: 20)
[09:51:14 -3528109.495985] AUTODETECT spr round 5 (radius: 25)
[09:54:32 -3527019.991251] SPR radius for FAST iterations: 25 (autodetect)
[09:54:32 -3527019.991251] Model parameter optimization (eps = 3.000000)
[09:55:08 -3512169.660341] FAST spr round 1 (radius: 25)
[10:00:51 -3414030.715971] FAST spr round 2 (radius: 25)
[10:04:23 -3411781.590340] FAST spr round 3 (radius: 25)
[10:06:47 -3411635.312997] FAST spr round 4 (radius: 25)
[10:08:29 -3411585.342053] FAST spr round 5 (radius: 25)
[10:09:57 -3411573.182497] FAST spr round 6 (radius: 25)
[10:11:22 -3411503.308458] FAST spr round 7 (radius: 25)
[10:12:38 -3411493.824236] FAST spr round 8 (radius: 25)
[10:13:55 -3411436.877501] FAST spr round 9 (radius: 25)
[10:15:08 -3411427.750768] FAST spr round 10 (radius: 25)
[10:16:21 -3411418.919817] FAST spr round 11 (radius: 25)
[10:17:33 -3411414.465581] FAST spr round 12 (radius: 25)
[10:18:46 -3411401.742520] FAST spr round 13 (radius: 25)
[10:19:58 -3411394.068679] FAST spr round 14 (radius: 25)
[10:21:09 -3411389.850246] FAST spr round 15 (radius: 25)
[10:22:19 -3411386.349054] FAST spr round 16 (radius: 25)
[10:23:29 -3411383.763375] FAST spr round 17 (radius: 25)
[10:24:40 -3411381.709579] FAST spr round 18 (radius: 25)
[10:25:50 -3411379.973816] FAST spr round 19 (radius: 25)
[10:27:00 -3411378.366974] FAST spr round 20 (radius: 25)
[10:28:10 -3411356.456799] FAST spr round 21 (radius: 25)
[10:29:21 -3411255.354017] FAST spr round 22 (radius: 25)
[10:30:31 -3411253.976665] FAST spr round 23 (radius: 25)
[10:31:42 -3411252.691204] FAST spr round 24 (radius: 25)
[10:32:52 -3411251.617145] FAST spr round 25 (radius: 25)
[10:34:02 -3411251.351319] FAST spr round 26 (radius: 25)
[10:35:13 -3411251.350465] Model parameter optimization (eps = 1.000000)
[10:35:27 -3411170.123353] SLOW spr round 1 (radius: 5)
[10:38:29 -3410547.924677] SLOW spr round 2 (radius: 5)
[10:41:01 -3410529.283903] SLOW spr round 3 (radius: 5)
[10:43:22 -3410520.764685] SLOW spr round 4 (radius: 5)
[10:45:41 -3410514.901201] SLOW spr round 5 (radius: 5)
[10:47:57 -3410513.891703] SLOW spr round 6 (radius: 5)
[10:50:12 -3410513.478567] SLOW spr round 7 (radius: 5)
[10:52:28 -3410513.475735] SLOW spr round 8 (radius: 10)
[10:55:24 -3410513.475611] SLOW spr round 9 (radius: 15)
[11:06:47 -3410513.475606] SLOW spr round 10 (radius: 20)
[11:24:29 -3410513.475606] SLOW spr round 11 (radius: 25)
[11:40:09 -3410513.475606] Model parameter optimization (eps = 0.100000)

[11:40:14] ML tree search #6, logLikelihood: -3410513.101400

[11:40:14 -4639718.883577] Initial branch length optimization
[11:40:20 -4257142.974179] Model parameter optimization (eps = 10.000000)
[11:41:39 -4169069.933565] AUTODETECT spr round 1 (radius: 5)
[11:42:38 -4013460.700505] AUTODETECT spr round 2 (radius: 10)
[11:44:07 -3651869.091384] AUTODETECT spr round 3 (radius: 15)
[11:46:06 -3547046.711337] AUTODETECT spr round 4 (radius: 20)
[11:48:52 -3521027.997155] AUTODETECT spr round 5 (radius: 25)
[11:51:58 -3521027.608183] SPR radius for FAST iterations: 25 (autodetect)
[11:51:58 -3521027.608183] Model parameter optimization (eps = 3.000000)
[11:52:44 -3506545.412212] FAST spr round 1 (radius: 25)
[11:58:31 -3413782.306209] FAST spr round 2 (radius: 25)
[12:01:47 -3411620.273027] FAST spr round 3 (radius: 25)
[12:04:05 -3411393.156180] FAST spr round 4 (radius: 25)
[12:05:44 -3411311.781767] FAST spr round 5 (radius: 25)
[12:07:09 -3411287.108596] FAST spr round 6 (radius: 25)
[12:08:25 -3411237.010375] FAST spr round 7 (radius: 25)
[12:09:37 -3411212.548029] FAST spr round 8 (radius: 25)
[12:10:48 -3411208.318026] FAST spr round 9 (radius: 25)
[12:11:56 -3411200.099265] FAST spr round 10 (radius: 25)
[12:13:05 -3411199.054134] FAST spr round 11 (radius: 25)
[12:14:13 -3411198.266706] FAST spr round 12 (radius: 25)
[12:15:21 -3411196.967311] FAST spr round 13 (radius: 25)
[12:16:29 -3411196.085465] FAST spr round 14 (radius: 25)
[12:17:37 -3411190.521183] FAST spr round 15 (radius: 25)
[12:18:46 -3411189.938588] FAST spr round 16 (radius: 25)
[12:19:55 -3411188.839805] FAST spr round 17 (radius: 25)
[12:21:03 -3411175.382769] FAST spr round 18 (radius: 25)
[12:22:12 -3411171.401084] FAST spr round 19 (radius: 25)
[12:23:21 -3411170.693418] FAST spr round 20 (radius: 25)
[12:24:30 -3411163.901742] FAST spr round 21 (radius: 25)
[12:25:38 -3411163.897211] Model parameter optimization (eps = 1.000000)
[12:25:54 -3411076.544500] SLOW spr round 1 (radius: 5)
[12:28:56 -3410517.263395] SLOW spr round 2 (radius: 5)
[12:31:22 -3410515.453311] SLOW spr round 3 (radius: 5)
[12:33:42 -3410511.557971] SLOW spr round 4 (radius: 5)
[12:35:58 -3410510.671439] SLOW spr round 5 (radius: 5)
[12:38:13 -3410510.505723] SLOW spr round 6 (radius: 5)
[12:40:28 -3410510.333130] SLOW spr round 7 (radius: 5)
[12:42:43 -3410506.297963] SLOW spr round 8 (radius: 5)
[12:44:59 -3410506.297304] SLOW spr round 9 (radius: 10)
[12:47:56 -3410506.297292] SLOW spr round 10 (radius: 15)
[12:59:25 -3410506.297292] SLOW spr round 11 (radius: 20)
[13:17:08 -3410506.297292] SLOW spr round 12 (radius: 25)
[13:32:34 -3410506.297292] Model parameter optimization (eps = 0.100000)

[13:32:40] ML tree search #7, logLikelihood: -3410506.025676

[13:32:40 -4643281.363545] Initial branch length optimization
[13:32:45 -4257453.006564] Model parameter optimization (eps = 10.000000)
[13:33:49 -4171295.003814] AUTODETECT spr round 1 (radius: 5)
[13:34:43 -3960044.649125] AUTODETECT spr round 2 (radius: 10)
[13:36:08 -3688544.323303] AUTODETECT spr round 3 (radius: 15)
[13:38:01 -3561819.030751] AUTODETECT spr round 4 (radius: 20)
[13:40:29 -3522042.128660] AUTODETECT spr round 5 (radius: 25)
[13:43:21 -3518398.435448] SPR radius for FAST iterations: 25 (autodetect)
[13:43:22 -3518398.435448] Model parameter optimization (eps = 3.000000)
[13:44:00 -3502794.166886] FAST spr round 1 (radius: 25)
[13:49:12 -3414422.160821] FAST spr round 2 (radius: 25)
[13:52:38 -3411607.024716] FAST spr round 3 (radius: 25)
[13:55:00 -3411332.474719] FAST spr round 4 (radius: 25)
[13:56:46 -3411301.916604] FAST spr round 5 (radius: 25)
[13:58:17 -3411281.960175] FAST spr round 6 (radius: 25)
[13:59:40 -3411239.903419] FAST spr round 7 (radius: 25)
[14:00:59 -3411223.002607] FAST spr round 8 (radius: 25)
[14:02:14 -3411207.964857] FAST spr round 9 (radius: 25)
[14:03:32 -3411168.184825] FAST spr round 10 (radius: 25)
[14:04:45 -3411155.348825] FAST spr round 11 (radius: 25)
[14:05:59 -3411139.103331] FAST spr round 12 (radius: 25)
[14:07:11 -3411130.906494] FAST spr round 13 (radius: 25)
[14:08:24 -3411082.442350] FAST spr round 14 (radius: 25)
[14:09:35 -3411077.035026] FAST spr round 15 (radius: 25)
[14:10:47 -3411072.074663] FAST spr round 16 (radius: 25)
[14:11:59 -3411070.611901] FAST spr round 17 (radius: 25)
[14:13:11 -3411064.717608] FAST spr round 18 (radius: 25)
[14:14:23 -3411063.790714] FAST spr round 19 (radius: 25)
[14:15:35 -3411063.134295] FAST spr round 20 (radius: 25)
[14:16:47 -3411057.282448] FAST spr round 21 (radius: 25)
[14:17:58 -3411056.997687] FAST spr round 22 (radius: 25)
[14:19:09 -3411056.992625] Model parameter optimization (eps = 1.000000)
[14:19:23 -3410997.094198] SLOW spr round 1 (radius: 5)
[14:22:25 -3410576.373595] SLOW spr round 2 (radius: 5)
[14:24:59 -3410557.092108] SLOW spr round 3 (radius: 5)
[14:27:22 -3410543.450090] SLOW spr round 4 (radius: 5)
[14:29:47 -3410509.081863] SLOW spr round 5 (radius: 5)
[14:32:05 -3410507.955595] SLOW spr round 6 (radius: 5)
[14:34:23 -3410507.094133] SLOW spr round 7 (radius: 5)
[14:36:40 -3410507.093634] SLOW spr round 8 (radius: 10)
[14:39:40 -3410507.093621] SLOW spr round 9 (radius: 15)
[14:51:07 -3410507.093620] SLOW spr round 10 (radius: 20)
[15:08:43 -3410507.093620] SLOW spr round 11 (radius: 25)
[15:24:18 -3410507.093620] Model parameter optimization (eps = 0.100000)

[15:24:24] ML tree search #8, logLikelihood: -3410506.802731

[15:24:24 -4639252.150366] Initial branch length optimization
[15:24:30 -4253936.648338] Model parameter optimization (eps = 10.000000)
[15:25:37 -4163114.390235] AUTODETECT spr round 1 (radius: 5)
[15:26:37 -3988514.138134] AUTODETECT spr round 2 (radius: 10)
[15:28:07 -3636902.458119] AUTODETECT spr round 3 (radius: 15)
[15:30:09 -3523912.073936] AUTODETECT spr round 4 (radius: 20)
[15:33:21 -3513260.565094] AUTODETECT spr round 5 (radius: 25)
[15:37:16 -3513260.523619] SPR radius for FAST iterations: 20 (autodetect)
[15:37:16 -3513260.523619] Model parameter optimization (eps = 3.000000)
[15:37:53 -3497483.282889] FAST spr round 1 (radius: 20)
[15:42:41 -3413190.445608] FAST spr round 2 (radius: 20)
[15:45:49 -3411531.040017] FAST spr round 3 (radius: 20)
[15:48:00 -3411179.583231] FAST spr round 4 (radius: 20)
[15:49:45 -3411143.255572] FAST spr round 5 (radius: 20)
[15:51:14 -3411102.710490] FAST spr round 6 (radius: 20)
[15:52:37 -3411086.468108] FAST spr round 7 (radius: 20)
[15:53:58 -3411059.523002] FAST spr round 8 (radius: 20)
[15:55:18 -3411045.608480] FAST spr round 9 (radius: 20)
[15:56:36 -3411035.750308] FAST spr round 10 (radius: 20)
[15:57:52 -3411024.055748] FAST spr round 11 (radius: 20)
[15:59:07 -3411016.180987] FAST spr round 12 (radius: 20)
[16:00:23 -3411008.498197] FAST spr round 13 (radius: 20)
[16:01:35 -3411001.101460] FAST spr round 14 (radius: 20)
[16:02:47 -3410993.901224] FAST spr round 15 (radius: 20)
[16:03:59 -3410988.118933] FAST spr round 16 (radius: 20)
[16:05:11 -3410981.864031] FAST spr round 17 (radius: 20)
[16:06:22 -3410976.908588] FAST spr round 18 (radius: 20)
[16:07:33 -3410972.065475] FAST spr round 19 (radius: 20)
[16:08:44 -3410969.918034] FAST spr round 20 (radius: 20)
[16:09:54 -3410965.334715] FAST spr round 21 (radius: 20)
[16:11:03 -3410959.392106] FAST spr round 22 (radius: 20)
[16:12:12 -3410958.003599] FAST spr round 23 (radius: 20)
[16:13:22 -3410956.940947] FAST spr round 24 (radius: 20)
[16:14:32 -3410956.246334] FAST spr round 25 (radius: 20)
[16:15:43 -3410955.584799] FAST spr round 26 (radius: 20)
[16:16:53 -3410955.155000] FAST spr round 27 (radius: 20)
[16:18:03 -3410954.720089] FAST spr round 28 (radius: 20)
[16:19:14 -3410954.235787] FAST spr round 29 (radius: 20)
[16:20:24 -3410950.012825] FAST spr round 30 (radius: 20)
[16:21:34 -3410950.011427] Model parameter optimization (eps = 1.000000)
[16:21:53 -3410873.506664] SLOW spr round 1 (radius: 5)
[16:24:56 -3410539.608472] SLOW spr round 2 (radius: 5)
[16:27:27 -3410522.996029] SLOW spr round 3 (radius: 5)
[16:29:48 -3410520.461621] SLOW spr round 4 (radius: 5)
[16:32:08 -3410519.529456] SLOW spr round 5 (radius: 5)
[16:34:28 -3410519.213424] SLOW spr round 6 (radius: 5)
[16:36:46 -3410519.212671] SLOW spr round 7 (radius: 10)
[16:39:44 -3410519.212650] SLOW spr round 8 (radius: 15)
[16:51:06 -3410519.212649] SLOW spr round 9 (radius: 20)
[17:08:48 -3410519.212649] SLOW spr round 10 (radius: 25)
[17:24:42 -3410519.212649] Model parameter optimization (eps = 0.100000)

[17:24:48] ML tree search #9, logLikelihood: -3410519.044916

[17:24:48 -4642162.706984] Initial branch length optimization
[17:24:54 -4260694.856698] Model parameter optimization (eps = 10.000000)
[17:26:16 -4172389.951729] AUTODETECT spr round 1 (radius: 5)
[17:27:15 -4003176.259473] AUTODETECT spr round 2 (radius: 10)
[17:28:41 -3686631.454573] AUTODETECT spr round 3 (radius: 15)
[17:30:41 -3527272.406883] AUTODETECT spr round 4 (radius: 20)
[17:33:27 -3504768.328127] AUTODETECT spr round 5 (radius: 25)
[17:36:40 -3504211.892318] SPR radius for FAST iterations: 25 (autodetect)
[17:36:40 -3504211.892318] Model parameter optimization (eps = 3.000000)
[17:37:13 -3488597.804440] FAST spr round 1 (radius: 25)
[17:42:37 -3414075.647432] FAST spr round 2 (radius: 25)
[17:46:05 -3411680.896512] FAST spr round 3 (radius: 25)
[17:48:37 -3411338.978097] FAST spr round 4 (radius: 25)
[17:50:23 -3411285.476595] FAST spr round 5 (radius: 25)
[17:51:54 -3411253.945976] FAST spr round 6 (radius: 25)
[17:53:16 -3411230.075708] FAST spr round 7 (radius: 25)
[17:54:33 -3411220.515020] FAST spr round 8 (radius: 25)
[17:55:47 -3411213.624037] FAST spr round 9 (radius: 25)
[17:56:59 -3411207.184170] FAST spr round 10 (radius: 25)
[17:58:10 -3411201.779449] FAST spr round 11 (radius: 25)
[17:59:22 -3411153.103620] FAST spr round 12 (radius: 25)
[18:00:32 -3411140.515268] FAST spr round 13 (radius: 25)
[18:01:47 -3411115.816996] FAST spr round 14 (radius: 25)
[18:03:01 -3411100.486176] FAST spr round 15 (radius: 25)
[18:04:10 -3411095.784282] FAST spr round 16 (radius: 25)
[18:05:19 -3411091.169345] FAST spr round 17 (radius: 25)
[18:06:26 -3411087.379759] FAST spr round 18 (radius: 25)
[18:07:34 -3411084.701623] FAST spr round 19 (radius: 25)
[18:08:41 -3411077.040427] FAST spr round 20 (radius: 25)
[18:09:49 -3411070.984892] FAST spr round 21 (radius: 25)
[18:10:56 -3411069.516662] FAST spr round 22 (radius: 25)
[18:12:03 -3411062.712997] FAST spr round 23 (radius: 25)
[18:13:12 -3411061.233104] FAST spr round 24 (radius: 25)
[18:14:21 -3411060.955548] FAST spr round 25 (radius: 25)
[18:15:31 -3411060.571961] FAST spr round 26 (radius: 25)
[18:16:41 -3411060.498942] Model parameter optimization (eps = 1.000000)
[18:17:01 -3410987.868544] SLOW spr round 1 (radius: 5)
[18:20:04 -3410553.118053] SLOW spr round 2 (radius: 5)
[18:22:34 -3410534.313368] SLOW spr round 3 (radius: 5)
[18:24:56 -3410530.269042] SLOW spr round 4 (radius: 5)
[18:27:19 -3410505.282900] SLOW spr round 5 (radius: 5)
[18:29:36 -3410504.602440] SLOW spr round 6 (radius: 5)
[18:31:53 -3410504.332640] SLOW spr round 7 (radius: 5)
[18:34:11 -3410504.331743] SLOW spr round 8 (radius: 10)
[18:37:09 -3410504.331701] SLOW spr round 9 (radius: 15)
[18:48:39 -3410504.331698] SLOW spr round 10 (radius: 20)
[19:06:26 -3410504.331698] SLOW spr round 11 (radius: 25)
[19:21:56 -3410504.331698] Model parameter optimization (eps = 0.100000)

[19:22:05] ML tree search #10, logLikelihood: -3410503.809370

[19:22:05 -3636272.240416] Initial branch length optimization
[19:22:07 -3512730.273607] Model parameter optimization (eps = 10.000000)
[19:22:41 -3414490.811700] AUTODETECT spr round 1 (radius: 5)
[19:23:28 -3411288.575588] AUTODETECT spr round 2 (radius: 10)
[19:25:13 -3411239.579321] AUTODETECT spr round 3 (radius: 15)
[19:28:23 -3411239.578585] SPR radius for FAST iterations: 10 (autodetect)
[19:28:23 -3411239.578585] Model parameter optimization (eps = 3.000000)
[19:28:27 -3411236.902917] FAST spr round 1 (radius: 10)
[19:30:55 -3410799.329456] FAST spr round 2 (radius: 10)
[19:32:36 -3410787.299102] FAST spr round 3 (radius: 10)
[19:34:01 -3410776.562665] FAST spr round 4 (radius: 10)
[19:35:17 -3410766.304642] FAST spr round 5 (radius: 10)
[19:36:28 -3410759.009787] FAST spr round 6 (radius: 10)
[19:37:37 -3410753.874132] FAST spr round 7 (radius: 10)
[19:38:44 -3410750.219294] FAST spr round 8 (radius: 10)
[19:39:51 -3410748.140692] FAST spr round 9 (radius: 10)
[19:40:58 -3410741.150816] FAST spr round 10 (radius: 10)
[19:42:05 -3410739.220859] FAST spr round 11 (radius: 10)
[19:43:11 -3410738.085647] FAST spr round 12 (radius: 10)
[19:44:18 -3410734.102233] FAST spr round 13 (radius: 10)
[19:45:24 -3410731.132507] FAST spr round 14 (radius: 10)
[19:46:32 -3410730.099011] FAST spr round 15 (radius: 10)
[19:47:38 -3410726.166555] FAST spr round 16 (radius: 10)
[19:48:44 -3410725.214468] FAST spr round 17 (radius: 10)
[19:49:50 -3410718.897766] FAST spr round 18 (radius: 10)
[19:50:56 -3410713.401005] FAST spr round 19 (radius: 10)
[19:52:02 -3410712.654886] FAST spr round 20 (radius: 10)
[19:53:07 -3410704.252891] FAST spr round 21 (radius: 10)
[19:54:13 -3410703.735688] FAST spr round 22 (radius: 10)
[19:55:19 -3410703.728316] Model parameter optimization (eps = 1.000000)
[19:55:27 -3410703.111296] SLOW spr round 1 (radius: 5)
[19:58:31 -3410575.898877] SLOW spr round 2 (radius: 5)
[20:01:05 -3410538.353432] SLOW spr round 3 (radius: 5)
[20:03:34 -3410524.370772] SLOW spr round 4 (radius: 5)
[20:05:55 -3410512.659587] SLOW spr round 5 (radius: 5)
[20:08:15 -3410506.941667] SLOW spr round 6 (radius: 5)
[20:10:31 -3410505.632780] SLOW spr round 7 (radius: 5)
[20:12:47 -3410505.626557] SLOW spr round 8 (radius: 10)
[20:15:47 -3410505.626285] SLOW spr round 9 (radius: 15)
[20:27:19 -3410505.626275] SLOW spr round 10 (radius: 20)
[20:45:27 -3410505.626274] SLOW spr round 11 (radius: 25)
[21:01:14 -3410505.626274] Model parameter optimization (eps = 0.100000)

[21:01:19] ML tree search #11, logLikelihood: -3410505.391662

[21:01:19 -3637304.830120] Initial branch length optimization
[21:01:23 -3500579.496009] Model parameter optimization (eps = 10.000000)
[21:01:58 -3414781.922580] AUTODETECT spr round 1 (radius: 5)
[21:02:46 -3411004.248956] AUTODETECT spr round 2 (radius: 10)
[21:04:31 -3410989.534529] AUTODETECT spr round 3 (radius: 15)
[21:07:30 -3410980.651291] AUTODETECT spr round 4 (radius: 20)
[21:11:06 -3410980.632663] SPR radius for FAST iterations: 15 (autodetect)
[21:11:06 -3410980.632663] Model parameter optimization (eps = 3.000000)
[21:11:16 -3410976.946973] FAST spr round 1 (radius: 15)
[21:14:59 -3410827.096881] FAST spr round 2 (radius: 15)
[21:17:29 -3410793.456882] FAST spr round 3 (radius: 15)
[21:19:22 -3410787.386601] FAST spr round 4 (radius: 15)
[21:20:54 -3410780.564149] FAST spr round 5 (radius: 15)
[21:22:15 -3410775.217758] FAST spr round 6 (radius: 15)
[21:23:32 -3410764.250670] FAST spr round 7 (radius: 15)
[21:24:48 -3410737.715324] FAST spr round 8 (radius: 15)
[21:26:00 -3410732.665217] FAST spr round 9 (radius: 15)
[21:27:11 -3410728.085541] FAST spr round 10 (radius: 15)
[21:28:22 -3410723.642633] FAST spr round 11 (radius: 15)
[21:29:34 -3410704.061197] FAST spr round 12 (radius: 15)
[21:30:46 -3410693.125521] FAST spr round 13 (radius: 15)
[21:31:56 -3410688.301319] FAST spr round 14 (radius: 15)
[21:33:06 -3410681.490040] FAST spr round 15 (radius: 15)
[21:34:15 -3410677.801289] FAST spr round 16 (radius: 15)
[21:35:24 -3410675.280827] FAST spr round 17 (radius: 15)
[21:36:32 -3410671.178010] FAST spr round 18 (radius: 15)
[21:37:41 -3410670.578254] FAST spr round 19 (radius: 15)
[21:38:50 -3410670.110293] FAST spr round 20 (radius: 15)
[21:39:58 -3410669.797073] FAST spr round 21 (radius: 15)
[21:41:07 -3410669.614696] FAST spr round 22 (radius: 15)
[21:42:15 -3410669.535662] Model parameter optimization (eps = 1.000000)
[21:42:17 -3410669.410897] SLOW spr round 1 (radius: 5)
[21:45:16 -3410534.883311] SLOW spr round 2 (radius: 5)
[21:47:42 -3410532.968116] SLOW spr round 3 (radius: 5)
[21:50:01 -3410531.849057] SLOW spr round 4 (radius: 5)
[21:52:19 -3410531.098840] SLOW spr round 5 (radius: 5)
[21:54:36 -3410530.967528] SLOW spr round 6 (radius: 5)
[21:56:52 -3410530.960449] SLOW spr round 7 (radius: 10)
[21:59:53 -3410530.959631] SLOW spr round 8 (radius: 15)
[22:11:31 -3410530.959554] SLOW spr round 9 (radius: 20)
[22:29:33 -3410530.959547] SLOW spr round 10 (radius: 25)
[22:45:16 -3410530.959547] Model parameter optimization (eps = 0.100000)

[22:45:24] ML tree search #12, logLikelihood: -3410530.513385

[22:45:24 -3635715.193855] Initial branch length optimization
[22:45:29 -3499649.279687] Model parameter optimization (eps = 10.000000)
[22:46:02 -3413878.859690] AUTODETECT spr round 1 (radius: 5)
[22:46:49 -3411535.239871] AUTODETECT spr round 2 (radius: 10)
[22:48:32 -3410934.088917] AUTODETECT spr round 3 (radius: 15)
[22:51:31 -3410934.066804] SPR radius for FAST iterations: 10 (autodetect)
[22:51:31 -3410934.066804] Model parameter optimization (eps = 3.000000)
[22:51:36 -3410932.136302] FAST spr round 1 (radius: 10)
[22:53:59 -3410764.497896] FAST spr round 2 (radius: 10)
[22:55:40 -3410734.197966] FAST spr round 3 (radius: 10)
[22:57:02 -3410723.274337] FAST spr round 4 (radius: 10)
[22:58:18 -3410715.718368] FAST spr round 5 (radius: 10)
[22:59:30 -3410710.909470] FAST spr round 6 (radius: 10)
[23:00:40 -3410706.657013] FAST spr round 7 (radius: 10)
[23:01:50 -3410702.493427] FAST spr round 8 (radius: 10)
[23:02:58 -3410701.178672] FAST spr round 9 (radius: 10)
[23:04:07 -3410700.336388] FAST spr round 10 (radius: 10)
[23:05:15 -3410699.827746] FAST spr round 11 (radius: 10)
[23:06:22 -3410699.819438] Model parameter optimization (eps = 1.000000)
[23:06:25 -3410699.253992] SLOW spr round 1 (radius: 5)
[23:09:31 -3410524.228339] SLOW spr round 2 (radius: 5)
[23:12:06 -3410509.592523] SLOW spr round 3 (radius: 5)
[23:14:30 -3410506.682412] SLOW spr round 4 (radius: 5)
[23:16:49 -3410506.681464] SLOW spr round 5 (radius: 10)
[23:19:48 -3410506.681441] SLOW spr round 6 (radius: 15)
[23:31:24 -3410506.681440] SLOW spr round 7 (radius: 20)
[23:49:31 -3410506.681440] SLOW spr round 8 (radius: 25)
[24:05:22 -3410506.681440] Model parameter optimization (eps = 0.100000)

[24:05:26] ML tree search #13, logLikelihood: -3410506.528131

[24:05:26 -3636145.019271] Initial branch length optimization
[24:05:32 -3501191.728182] Model parameter optimization (eps = 10.000000)
[24:06:08 -3415295.788081] AUTODETECT spr round 1 (radius: 5)
[24:06:55 -3411793.533857] AUTODETECT spr round 2 (radius: 10)
[24:08:38 -3411684.263447] AUTODETECT spr round 3 (radius: 15)
[24:11:42 -3411684.234555] SPR radius for FAST iterations: 10 (autodetect)
[24:11:42 -3411684.234555] Model parameter optimization (eps = 3.000000)
[24:11:46 -3411682.140219] FAST spr round 1 (radius: 10)
[24:14:08 -3410873.402462] FAST spr round 2 (radius: 10)
[24:15:49 -3410842.980591] FAST spr round 3 (radius: 10)
[24:17:11 -3410819.986850] FAST spr round 4 (radius: 10)
[24:18:25 -3410808.333155] FAST spr round 5 (radius: 10)
[24:19:33 -3410796.817374] FAST spr round 6 (radius: 10)
[24:20:40 -3410791.605850] FAST spr round 7 (radius: 10)
[24:21:46 -3410787.060889] FAST spr round 8 (radius: 10)
[24:22:50 -3410782.629920] FAST spr round 9 (radius: 10)
[24:23:53 -3410778.292808] FAST spr round 10 (radius: 10)
[24:24:57 -3410771.763716] FAST spr round 11 (radius: 10)
[24:26:01 -3410766.816739] FAST spr round 12 (radius: 10)
[24:27:04 -3410762.544302] FAST spr round 13 (radius: 10)
[24:28:08 -3410758.651642] FAST spr round 14 (radius: 10)
[24:29:12 -3410754.732285] FAST spr round 15 (radius: 10)
[24:30:17 -3410751.691577] FAST spr round 16 (radius: 10)
[24:31:22 -3410747.631172] FAST spr round 17 (radius: 10)
[24:32:27 -3410744.692411] FAST spr round 18 (radius: 10)
[24:33:32 -3410742.952910] FAST spr round 19 (radius: 10)
[24:34:39 -3410741.993352] FAST spr round 20 (radius: 10)
[24:35:45 -3410741.656979] FAST spr round 21 (radius: 10)
[24:36:51 -3410741.655297] Model parameter optimization (eps = 1.000000)
[24:36:54 -3410740.971801] SLOW spr round 1 (radius: 5)
[24:39:54 -3410570.423997] SLOW spr round 2 (radius: 5)
[24:42:23 -3410538.458111] SLOW spr round 3 (radius: 5)
[24:44:42 -3410536.447515] SLOW spr round 4 (radius: 5)
[24:46:57 -3410535.096660] SLOW spr round 5 (radius: 5)
[24:49:12 -3410534.320149] SLOW spr round 6 (radius: 5)
[24:51:26 -3410533.759283] SLOW spr round 7 (radius: 5)
[24:53:41 -3410533.558541] SLOW spr round 8 (radius: 5)
[24:55:55 -3410533.264758] SLOW spr round 9 (radius: 5)
[24:58:10 -3410533.263153] SLOW spr round 10 (radius: 10)
[25:01:04 -3410533.263115] SLOW spr round 11 (radius: 15)
[25:12:23 -3410533.263115] SLOW spr round 12 (radius: 20)
[25:29:54 -3410533.263115] SLOW spr round 13 (radius: 25)
[25:45:36 -3410533.263115] Model parameter optimization (eps = 0.100000)

[25:45:45] ML tree search #14, logLikelihood: -3410532.904972

[25:45:45 -3635919.637823] Initial branch length optimization
[25:45:50 -3499377.110665] Model parameter optimization (eps = 10.000000)
[25:46:22 -3413510.779863] AUTODETECT spr round 1 (radius: 5)
[25:47:10 -3411076.832962] AUTODETECT spr round 2 (radius: 10)
[25:48:54 -3411076.820674] SPR radius for FAST iterations: 5 (autodetect)
[25:48:54 -3411076.820674] Model parameter optimization (eps = 3.000000)
[25:49:06 -3411072.778276] FAST spr round 1 (radius: 5)
[25:50:28 -3410773.134158] FAST spr round 2 (radius: 5)
[25:51:34 -3410759.191633] FAST spr round 3 (radius: 5)
[25:52:36 -3410711.458278] FAST spr round 4 (radius: 5)
[25:53:34 -3410706.320859] FAST spr round 5 (radius: 5)
[25:54:31 -3410649.495232] FAST spr round 6 (radius: 5)
[25:55:28 -3410641.351639] FAST spr round 7 (radius: 5)
[25:56:25 -3410636.074240] FAST spr round 8 (radius: 5)
[25:57:22 -3410631.355320] FAST spr round 9 (radius: 5)
[25:58:19 -3410624.443478] FAST spr round 10 (radius: 5)
[25:59:16 -3410619.726207] FAST spr round 11 (radius: 5)
[26:00:14 -3410616.543328] FAST spr round 12 (radius: 5)
[26:01:10 -3410614.227053] FAST spr round 13 (radius: 5)
[26:02:06 -3410612.458677] FAST spr round 14 (radius: 5)
[26:03:03 -3410612.294510] FAST spr round 15 (radius: 5)
[26:04:01 -3410612.183259] FAST spr round 16 (radius: 5)
[26:04:59 -3410612.178040] Model parameter optimization (eps = 1.000000)
[26:05:02 -3410611.664235] SLOW spr round 1 (radius: 5)
[26:07:55 -3410540.061108] SLOW spr round 2 (radius: 5)
[26:10:24 -3410527.294476] SLOW spr round 3 (radius: 5)
[26:12:47 -3410524.313792] SLOW spr round 4 (radius: 5)
[26:15:08 -3410522.378155] SLOW spr round 5 (radius: 5)
[26:17:26 -3410522.006682] SLOW spr round 6 (radius: 5)
[26:19:45 -3410522.006171] SLOW spr round 7 (radius: 10)
[26:22:42 -3410522.006144] SLOW spr round 8 (radius: 15)
[26:33:55 -3410522.006143] SLOW spr round 9 (radius: 20)
[26:51:55 -3410522.006143] SLOW spr round 10 (radius: 25)
[27:07:58 -3410522.006143] Model parameter optimization (eps = 0.100000)

[27:08:03] ML tree search #15, logLikelihood: -3410521.733179

[27:08:03 -3635686.559471] Initial branch length optimization
[27:08:07 -3499556.626241] Model parameter optimization (eps = 10.000000)
[27:08:41 -3413763.757409] AUTODETECT spr round 1 (radius: 5)
[27:09:31 -3411164.097794] AUTODETECT spr round 2 (radius: 10)
[27:11:19 -3411084.348976] AUTODETECT spr round 3 (radius: 15)
[27:14:28 -3411071.327550] AUTODETECT spr round 4 (radius: 20)
[27:18:14 -3411071.318247] SPR radius for FAST iterations: 15 (autodetect)
[27:18:14 -3411071.318247] Model parameter optimization (eps = 3.000000)
[27:18:18 -3411068.510229] FAST spr round 1 (radius: 15)
[27:22:07 -3410801.854249] FAST spr round 2 (radius: 15)
[27:24:44 -3410755.181594] FAST spr round 3 (radius: 15)
[27:26:41 -3410730.495111] FAST spr round 4 (radius: 15)
[27:28:21 -3410707.255467] FAST spr round 5 (radius: 15)
[27:29:48 -3410692.046656] FAST spr round 6 (radius: 15)
[27:31:08 -3410682.704447] FAST spr round 7 (radius: 15)
[27:32:26 -3410674.745949] FAST spr round 8 (radius: 15)
[27:33:42 -3410669.312062] FAST spr round 9 (radius: 15)
[27:34:55 -3410659.284405] FAST spr round 10 (radius: 15)
[27:36:08 -3410654.196592] FAST spr round 11 (radius: 15)
[27:37:20 -3410649.884477] FAST spr round 12 (radius: 15)
[27:38:33 -3410632.913266] FAST spr round 13 (radius: 15)
[27:39:45 -3410627.389504] FAST spr round 14 (radius: 15)
[27:40:57 -3410623.551191] FAST spr round 15 (radius: 15)
[27:42:09 -3410620.287396] FAST spr round 16 (radius: 15)
[27:43:21 -3410617.041532] FAST spr round 17 (radius: 15)
[27:44:33 -3410612.297307] FAST spr round 18 (radius: 15)
[27:45:44 -3410612.246374] Model parameter optimization (eps = 1.000000)
[27:45:48 -3410611.694991] SLOW spr round 1 (radius: 5)
[27:48:54 -3410518.056743] SLOW spr round 2 (radius: 5)
[27:51:27 -3410512.469032] SLOW spr round 3 (radius: 5)
[27:53:51 -3410512.468793] SLOW spr round 4 (radius: 10)
[27:56:59 -3410512.468782] SLOW spr round 5 (radius: 15)
[28:08:40 -3410512.468781] SLOW spr round 6 (radius: 20)
[28:26:54 -3410512.468781] SLOW spr round 7 (radius: 25)
[28:42:17 -3410512.468781] Model parameter optimization (eps = 0.100000)

[28:42:22] ML tree search #16, logLikelihood: -3410512.052219

[28:42:23 -3636950.206601] Initial branch length optimization
[28:42:29 -3501381.656074] Model parameter optimization (eps = 10.000000)
[28:43:03 -3415858.483328] AUTODETECT spr round 1 (radius: 5)
[28:43:50 -3411973.114230] AUTODETECT spr round 2 (radius: 10)
[28:45:31 -3411775.094542] AUTODETECT spr round 3 (radius: 15)
[28:48:19 -3411775.064078] SPR radius for FAST iterations: 10 (autodetect)
[28:48:19 -3411775.064078] Model parameter optimization (eps = 3.000000)
[28:48:23 -3411772.120919] FAST spr round 1 (radius: 10)
[28:50:52 -3410883.427598] FAST spr round 2 (radius: 10)
[28:52:35 -3410814.583302] FAST spr round 3 (radius: 10)
[28:53:59 -3410783.637341] FAST spr round 4 (radius: 10)
[28:55:13 -3410772.439272] FAST spr round 5 (radius: 10)
[28:56:23 -3410766.205833] FAST spr round 6 (radius: 10)
[28:57:30 -3410761.226537] FAST spr round 7 (radius: 10)
[28:58:35 -3410757.012349] FAST spr round 8 (radius: 10)
[28:59:40 -3410753.189232] FAST spr round 9 (radius: 10)
[29:00:45 -3410749.778246] FAST spr round 10 (radius: 10)
[29:01:49 -3410747.670400] FAST spr round 11 (radius: 10)
[29:02:54 -3410739.950111] FAST spr round 12 (radius: 10)
[29:03:58 -3410738.850490] FAST spr round 13 (radius: 10)
[29:05:02 -3410738.031917] FAST spr round 14 (radius: 10)
[29:06:07 -3410738.031197] Model parameter optimization (eps = 1.000000)
[29:06:10 -3410737.144205] SLOW spr round 1 (radius: 5)
[29:09:10 -3410579.523324] SLOW spr round 2 (radius: 5)
[29:11:46 -3410536.600295] SLOW spr round 3 (radius: 5)
[29:14:06 -3410524.517468] SLOW spr round 4 (radius: 5)
[29:16:24 -3410520.691131] SLOW spr round 5 (radius: 5)
[29:18:42 -3410518.862622] SLOW spr round 6 (radius: 5)
[29:20:59 -3410517.870452] SLOW spr round 7 (radius: 5)
[29:23:16 -3410517.868364] SLOW spr round 8 (radius: 10)
[29:26:15 -3410517.868304] SLOW spr round 9 (radius: 15)
[29:37:32 -3410517.868302] SLOW spr round 10 (radius: 20)
[29:55:13 -3410517.868301] SLOW spr round 11 (radius: 25)
[30:11:04 -3410517.868301] Model parameter optimization (eps = 0.100000)

[30:11:09] ML tree search #17, logLikelihood: -3410517.469921

[30:11:09 -3635704.441890] Initial branch length optimization
[30:11:14 -3499915.316823] Model parameter optimization (eps = 10.000000)
[30:11:46 -3414203.964528] AUTODETECT spr round 1 (radius: 5)
[30:12:32 -3411430.894473] AUTODETECT spr round 2 (radius: 10)
[30:14:12 -3411414.476216] AUTODETECT spr round 3 (radius: 15)
[30:17:02 -3411414.463437] SPR radius for FAST iterations: 10 (autodetect)
[30:17:02 -3411414.463437] Model parameter optimization (eps = 3.000000)
[30:17:10 -3411410.014628] FAST spr round 1 (radius: 10)
[30:19:27 -3410853.752083] FAST spr round 2 (radius: 10)
[30:21:10 -3410799.405513] FAST spr round 3 (radius: 10)
[30:22:36 -3410773.747005] FAST spr round 4 (radius: 10)
[30:23:51 -3410762.503911] FAST spr round 5 (radius: 10)
[30:25:01 -3410756.289819] FAST spr round 6 (radius: 10)
[30:26:09 -3410750.413511] FAST spr round 7 (radius: 10)
[30:27:16 -3410746.006374] FAST spr round 8 (radius: 10)
[30:28:22 -3410742.984234] FAST spr round 9 (radius: 10)
[30:29:29 -3410738.351703] FAST spr round 10 (radius: 10)
[30:30:34 -3410735.435015] FAST spr round 11 (radius: 10)
[30:31:39 -3410733.588020] FAST spr round 12 (radius: 10)
[30:32:45 -3410732.408300] FAST spr round 13 (radius: 10)
[30:33:51 -3410728.261556] FAST spr round 14 (radius: 10)
[30:34:55 -3410726.713225] FAST spr round 15 (radius: 10)
[30:36:00 -3410726.161842] FAST spr round 16 (radius: 10)
[30:37:06 -3410720.137719] FAST spr round 17 (radius: 10)
[30:38:11 -3410675.477012] FAST spr round 18 (radius: 10)
[30:39:16 -3410668.593887] FAST spr round 19 (radius: 10)
[30:40:22 -3410664.361641] FAST spr round 20 (radius: 10)
[30:41:26 -3410663.960587] FAST spr round 21 (radius: 10)
[30:42:31 -3410663.786874] FAST spr round 22 (radius: 10)
[30:43:37 -3410663.379455] FAST spr round 23 (radius: 10)
[30:44:42 -3410663.374363] Model parameter optimization (eps = 1.000000)
[30:44:46 -3410662.854472] SLOW spr round 1 (radius: 5)
[30:47:37 -3410536.494957] SLOW spr round 2 (radius: 5)
[30:50:07 -3410524.674002] SLOW spr round 3 (radius: 5)
[30:52:28 -3410522.813068] SLOW spr round 4 (radius: 5)
[30:54:46 -3410521.932796] SLOW spr round 5 (radius: 5)
[30:57:02 -3410521.644112] SLOW spr round 6 (radius: 5)
[30:59:20 -3410521.641741] SLOW spr round 7 (radius: 10)
[31:02:17 -3410521.641636] SLOW spr round 8 (radius: 15)
[31:13:41 -3410521.641631] SLOW spr round 9 (radius: 20)
[31:31:09 -3410521.641630] SLOW spr round 10 (radius: 25)
[31:46:39 -3410521.641630] Model parameter optimization (eps = 0.100000)

[31:46:45] ML tree search #18, logLikelihood: -3410521.315491

[31:46:45 -3636593.240002] Initial branch length optimization
[31:46:49 -3500747.562210] Model parameter optimization (eps = 10.000000)
[31:47:23 -3414692.023708] AUTODETECT spr round 1 (radius: 5)
[31:48:10 -3411169.079379] AUTODETECT spr round 2 (radius: 10)
[31:49:50 -3410946.974210] AUTODETECT spr round 3 (radius: 15)
[31:52:40 -3410946.962344] SPR radius for FAST iterations: 10 (autodetect)
[31:52:40 -3410946.962344] Model parameter optimization (eps = 3.000000)
[31:52:48 -3410944.658165] FAST spr round 1 (radius: 10)
[31:55:05 -3410756.917687] FAST spr round 2 (radius: 10)
[31:56:41 -3410736.326099] FAST spr round 3 (radius: 10)
[31:58:05 -3410714.706802] FAST spr round 4 (radius: 10)
[31:59:19 -3410706.550003] FAST spr round 5 (radius: 10)
[32:00:27 -3410700.066342] FAST spr round 6 (radius: 10)
[32:01:35 -3410695.861729] FAST spr round 7 (radius: 10)
[32:02:40 -3410688.945211] FAST spr round 8 (radius: 10)
[32:03:45 -3410684.515315] FAST spr round 9 (radius: 10)
[32:04:50 -3410681.906962] FAST spr round 10 (radius: 10)
[32:05:55 -3410667.258834] FAST spr round 11 (radius: 10)
[32:07:00 -3410665.591759] FAST spr round 12 (radius: 10)
[32:08:07 -3410664.563963] FAST spr round 13 (radius: 10)
[32:09:12 -3410663.725275] FAST spr round 14 (radius: 10)
[32:10:18 -3410655.175967] FAST spr round 15 (radius: 10)
[32:11:24 -3410654.503082] FAST spr round 16 (radius: 10)
[32:12:30 -3410653.972501] FAST spr round 17 (radius: 10)
[32:13:36 -3410653.557858] FAST spr round 18 (radius: 10)
[32:14:43 -3410653.548458] Model parameter optimization (eps = 1.000000)
[32:14:47 -3410652.925420] SLOW spr round 1 (radius: 5)
[32:17:48 -3410533.851793] SLOW spr round 2 (radius: 5)
[32:20:17 -3410520.981709] SLOW spr round 3 (radius: 5)
[32:22:37 -3410520.134583] SLOW spr round 4 (radius: 5)
[32:24:55 -3410519.681723] SLOW spr round 5 (radius: 5)
[32:27:12 -3410519.541110] SLOW spr round 6 (radius: 5)
[32:29:29 -3410519.538880] SLOW spr round 7 (radius: 10)
[32:32:27 -3410519.538722] SLOW spr round 8 (radius: 15)
[32:43:43 -3410519.538715] SLOW spr round 9 (radius: 20)
[33:01:22 -3410519.538715] SLOW spr round 10 (radius: 25)
[33:17:08 -3410519.538715] Model parameter optimization (eps = 0.100000)

[33:17:17] ML tree search #19, logLikelihood: -3410519.136123

[33:17:17 -3640969.988739] Initial branch length optimization
[33:17:20 -3514461.133384] Model parameter optimization (eps = 10.000000)
[33:17:53 -3416387.603913] AUTODETECT spr round 1 (radius: 5)
[33:18:40 -3411691.187465] AUTODETECT spr round 2 (radius: 10)
[33:20:23 -3411657.498582] AUTODETECT spr round 3 (radius: 15)
[33:23:23 -3411657.494338] SPR radius for FAST iterations: 10 (autodetect)
[33:23:23 -3411657.494338] Model parameter optimization (eps = 3.000000)
[33:23:31 -3411651.583101] FAST spr round 1 (radius: 10)
[33:25:57 -3410787.957567] FAST spr round 2 (radius: 10)
[33:27:38 -3410745.766873] FAST spr round 3 (radius: 10)
[33:29:02 -3410721.678245] FAST spr round 4 (radius: 10)
[33:30:18 -3410704.946085] FAST spr round 5 (radius: 10)
[33:31:29 -3410700.234792] FAST spr round 6 (radius: 10)
[33:32:37 -3410697.265113] FAST spr round 7 (radius: 10)
[33:33:46 -3410692.662570] FAST spr round 8 (radius: 10)
[33:34:54 -3410671.843273] FAST spr round 9 (radius: 10)
[33:36:01 -3410661.763062] FAST spr round 10 (radius: 10)
[33:37:08 -3410651.206448] FAST spr round 11 (radius: 10)
[33:38:13 -3410635.764437] FAST spr round 12 (radius: 10)
[33:39:19 -3410634.876265] FAST spr round 13 (radius: 10)
[33:40:25 -3410634.274952] FAST spr round 14 (radius: 10)
[33:41:32 -3410633.472934] FAST spr round 15 (radius: 10)
[33:42:38 -3410626.961328] FAST spr round 16 (radius: 10)
[33:43:44 -3410626.940057] Model parameter optimization (eps = 1.000000)
[33:43:47 -3410626.412047] SLOW spr round 1 (radius: 5)
[33:46:45 -3410537.696668] SLOW spr round 2 (radius: 5)
[33:49:13 -3410524.677624] SLOW spr round 3 (radius: 5)
[33:51:34 -3410522.659772] SLOW spr round 4 (radius: 5)
[33:53:59 -3410521.922155] SLOW spr round 5 (radius: 5)
[33:56:22 -3410521.920280] SLOW spr round 6 (radius: 10)
[33:59:32 -3410517.999535] SLOW spr round 7 (radius: 5)
[34:03:15 -3410513.195676] SLOW spr round 8 (radius: 5)
[34:06:10 -3410513.193937] SLOW spr round 9 (radius: 10)
[34:09:34 -3410513.193906] SLOW spr round 10 (radius: 15)
[34:20:41 -3410513.193905] SLOW spr round 11 (radius: 20)
[34:39:13 -3410513.193905] SLOW spr round 12 (radius: 25)
[34:55:05 -3410513.193905] Model parameter optimization (eps = 0.100000)

[34:55:11] ML tree search #20, logLikelihood: -3410512.954887


Optimized model parameters:

   Partition 0: noname
   Rate heterogeneity: GAMMA (4 cats, mean),  alpha: 7.592458 (ML),  weights&rates: (0.250000,0.583606) (0.250000,0.847810) (0.250000,1.077577) (0.250000,1.491007) 
   Base frequencies (ML): 0.269361 0.214464 0.232203 0.283972 
   Substitution rates (ML): 1.565234 3.476325 1.351332 1.342266 3.651287 1.000000 


Final LogLikelihood: -3410503.809370

AIC score: 6822683.618740 / AICc score: 6822705.573586 / BIC score: 6830292.996097
Free parameters (model + branch lengths): 838

Best ML tree saved to: /home/gkettenburg/RAxML_tree/raxml_trees/picornavirales_all/T2.raxml.bestTree
All ML trees saved to: /home/gkettenburg/RAxML_tree/raxml_trees/picornavirales_all/T2.raxml.mlTrees
Optimized model saved to: /home/gkettenburg/RAxML_tree/raxml_trees/picornavirales_all/T2.raxml.bestModel

Execution log saved to: /home/gkettenburg/RAxML_tree/raxml_trees/picornavirales_all/T2.raxml.log

Analysis started: 31-Jul-2023 22:44:06 / finished: 02-Aug-2023 09:39:17

Elapsed time: 125711.462 seconds

Consumed energy: 5902.573 Wh (= 30 km in an electric car, or 148 km with an e-scooter!)

