
RAxML-NG v. 1.1.0-master released on 22.06.2022 by The Exelixis Lab.
Developed by: Alexey M. Kozlov and Alexandros Stamatakis.
Contributors: Diego Darriba, Tomas Flouri, Benoit Morel, Sarah Lutteropp, Ben Bettisworth.
Latest version: https://github.com/amkozlov/raxml-ng
Questions/problems/suggestions? Please visit: https://groups.google.com/forum/#!forum/raxml

System: Intel(R) Xeon(R) CPU E5-2680 v4 @ 2.40GHz, 28 cores, 62 GB RAM

RAxML-NG was called at 10-Sep-2023 11:10:16 as follows:

raxml-ng-mpi --msa bat_picornavirales_full_P1_align.fasta --model GTR+G4 --prefix T12 --seed 1 --threads auto{8}

Analysis options:
  run mode: ML tree search
  start tree(s): random (10) + parsimony (10)
  random seed: 1
  tip-inner: OFF
  pattern compression: ON
  per-rate scalers: OFF
  site repeats: ON
  fast spr radius: AUTO
  spr subtree cutoff: 1.000000
  branch lengths: proportional (ML estimate, algorithm: NR-FAST)
  SIMD kernels: AVX2
  parallelization: coarse-grained (auto), PTHREADS (auto)

[00:00:00] Reading alignment from file: bat_picornavirales_full_P1_align.fasta
[00:00:00] Loaded alignment with 71 taxa and 34039 sites

Alignment comprises 1 partitions and 14311 patterns

Partition 0: noname
Model: GTR+FO+G4m
Alignment sites / patterns: 34039 / 14311
Gaps: 77.38 %
Invariant sites: 57.21 %


NOTE: Binary MSA file created: T12.raxml.rba

Parallelization scheme autoconfig: 1 worker(s) x 8 thread(s)

Parallel reduction/worker buffer size: 1 KB  / 0 KB

[00:00:00] Generating 10 random starting tree(s) with 71 taxa
[00:00:00] Generating 10 parsimony starting tree(s) with 71 taxa
[00:00:01] Data distribution: max. partitions/sites/weight per thread: 1 / 1789 / 28624
[00:00:01] Data distribution: max. searches per worker: 20

Starting ML tree search with 20 distinct starting trees

[00:00:01 -670636.836830] Initial branch length optimization
[00:00:01 -578024.905316] Model parameter optimization (eps = 10.000000)
[00:00:05 -565312.941246] AUTODETECT spr round 1 (radius: 5)
[00:00:06 -459949.067541] AUTODETECT spr round 2 (radius: 10)
[00:00:09 -429353.120238] AUTODETECT spr round 3 (radius: 15)
[00:00:12 -428329.325283] AUTODETECT spr round 4 (radius: 20)
[00:00:13 -428329.309701] SPR radius for FAST iterations: 15 (autodetect)
[00:00:13 -428329.309701] Model parameter optimization (eps = 3.000000)
[00:00:15 -425780.563815] FAST spr round 1 (radius: 15)
[00:00:20 -413644.598549] FAST spr round 2 (radius: 15)
[00:00:24 -413093.588515] FAST spr round 3 (radius: 15)
[00:00:27 -413055.676588] FAST spr round 4 (radius: 15)
[00:00:30 -413037.678180] FAST spr round 5 (radius: 15)
[00:00:33 -413024.494310] FAST spr round 6 (radius: 15)
[00:00:35 -413018.986158] FAST spr round 7 (radius: 15)
[00:00:38 -413014.372759] FAST spr round 8 (radius: 15)
[00:00:41 -413011.270317] FAST spr round 9 (radius: 15)
[00:00:43 -413000.224249] FAST spr round 10 (radius: 15)
[00:00:46 -413000.150235] Model parameter optimization (eps = 1.000000)
[00:00:47 -412956.027558] SLOW spr round 1 (radius: 5)
[00:00:57 -412926.726771] SLOW spr round 2 (radius: 5)
[00:01:05 -412926.721125] SLOW spr round 3 (radius: 10)
[00:01:16 -412926.720386] SLOW spr round 4 (radius: 15)
[00:01:28 -412926.720279] SLOW spr round 5 (radius: 20)
[00:01:32 -412926.720265] SLOW spr round 6 (radius: 25)
[00:01:33 -412926.720263] Model parameter optimization (eps = 0.100000)

[00:01:33] ML tree search #1, logLikelihood: -412926.197935

[00:01:33 -666917.471795] Initial branch length optimization
[00:01:34 -581980.891484] Model parameter optimization (eps = 10.000000)
[00:01:37 -569543.072617] AUTODETECT spr round 1 (radius: 5)
[00:01:39 -476025.215408] AUTODETECT spr round 2 (radius: 10)
[00:01:41 -427825.745754] AUTODETECT spr round 3 (radius: 15)
[00:01:44 -427328.582272] AUTODETECT spr round 4 (radius: 20)
[00:01:46 -427328.560796] SPR radius for FAST iterations: 15 (autodetect)
[00:01:46 -427328.560796] Model parameter optimization (eps = 3.000000)
[00:01:48 -424770.655267] FAST spr round 1 (radius: 15)
[00:01:53 -413071.920742] FAST spr round 2 (radius: 15)
[00:01:56 -412954.432383] FAST spr round 3 (radius: 15)
[00:01:59 -412949.359830] FAST spr round 4 (radius: 15)
[00:02:02 -412948.954003] FAST spr round 5 (radius: 15)
[00:02:04 -412948.738407] FAST spr round 6 (radius: 15)
[00:02:07 -412948.714920] Model parameter optimization (eps = 1.000000)
[00:02:07 -412926.355495] SLOW spr round 1 (radius: 5)
[00:02:17 -412926.267427] SLOW spr round 2 (radius: 10)
[00:02:28 -412926.250568] SLOW spr round 3 (radius: 15)
[00:02:40 -412926.247839] SLOW spr round 4 (radius: 20)
[00:02:45 -412926.247397] SLOW spr round 5 (radius: 25)
[00:02:45 -412926.247333] Model parameter optimization (eps = 0.100000)

[00:02:45] ML tree search #2, logLikelihood: -412926.198719

[00:02:45 -668820.142759] Initial branch length optimization
[00:02:45 -571455.299915] Model parameter optimization (eps = 10.000000)
[00:02:48 -558617.553563] AUTODETECT spr round 1 (radius: 5)
[00:02:50 -473793.404884] AUTODETECT spr round 2 (radius: 10)
[00:02:53 -440782.980905] AUTODETECT spr round 3 (radius: 15)
[00:02:56 -439116.835045] AUTODETECT spr round 4 (radius: 20)
[00:02:57 -439116.282780] AUTODETECT spr round 5 (radius: 25)
[00:02:58 -439116.230247] SPR radius for FAST iterations: 20 (autodetect)
[00:02:58 -439116.230247] Model parameter optimization (eps = 3.000000)
[00:03:01 -436568.052461] FAST spr round 1 (radius: 20)
[00:03:07 -413593.845375] FAST spr round 2 (radius: 20)
[00:03:12 -413014.490171] FAST spr round 3 (radius: 20)
[00:03:14 -412996.451039] FAST spr round 4 (radius: 20)
[00:03:17 -412996.450588] Model parameter optimization (eps = 1.000000)
[00:03:18 -412961.311468] SLOW spr round 1 (radius: 5)
[00:03:28 -412926.741408] SLOW spr round 2 (radius: 5)
[00:03:36 -412926.739990] SLOW spr round 3 (radius: 10)
[00:03:47 -412926.739821] SLOW spr round 4 (radius: 15)
[00:04:00 -412926.739800] SLOW spr round 5 (radius: 20)
[00:04:04 -412926.739797] SLOW spr round 6 (radius: 25)
[00:04:04 -412926.739797] Model parameter optimization (eps = 0.100000)

[00:04:05] ML tree search #3, logLikelihood: -412926.199702

[00:04:05 -679991.162543] Initial branch length optimization
[00:04:05 -584714.892990] Model parameter optimization (eps = 10.000000)
[00:04:08 -571120.080123] AUTODETECT spr round 1 (radius: 5)
[00:04:10 -474742.084199] AUTODETECT spr round 2 (radius: 10)
[00:04:13 -432878.218737] AUTODETECT spr round 3 (radius: 15)
[00:04:16 -431794.190178] AUTODETECT spr round 4 (radius: 20)
[00:04:18 -431794.128749] SPR radius for FAST iterations: 15 (autodetect)
[00:04:18 -431794.128749] Model parameter optimization (eps = 3.000000)
[00:04:20 -428970.520568] FAST spr round 1 (radius: 15)
[00:04:26 -413779.891611] FAST spr round 2 (radius: 15)
[00:04:30 -413096.853684] FAST spr round 3 (radius: 15)
[00:04:33 -413068.383120] FAST spr round 4 (radius: 15)
[00:04:35 -413063.687603] FAST spr round 5 (radius: 15)
[00:04:38 -413063.684498] Model parameter optimization (eps = 1.000000)
[00:04:39 -412967.456557] SLOW spr round 1 (radius: 5)
[00:04:49 -412928.366493] SLOW spr round 2 (radius: 5)
[00:04:58 -412926.918955] SLOW spr round 3 (radius: 5)
[00:05:07 -412926.918133] SLOW spr round 4 (radius: 10)
[00:05:17 -412926.918100] SLOW spr round 5 (radius: 15)
[00:05:30 -412926.918099] SLOW spr round 6 (radius: 20)
[00:05:34 -412926.918099] SLOW spr round 7 (radius: 25)
[00:05:34 -412926.918099] Model parameter optimization (eps = 0.100000)

[00:05:35] ML tree search #4, logLikelihood: -412926.191972

[00:05:35 -667611.262801] Initial branch length optimization
[00:05:35 -576432.647561] Model parameter optimization (eps = 10.000000)
[00:05:40 -563752.859277] AUTODETECT spr round 1 (radius: 5)
[00:05:42 -459120.828430] AUTODETECT spr round 2 (radius: 10)
[00:05:45 -433046.446424] AUTODETECT spr round 3 (radius: 15)
[00:05:47 -428418.214422] AUTODETECT spr round 4 (radius: 20)
[00:05:48 -427856.267805] AUTODETECT spr round 5 (radius: 25)
[00:05:48 -427856.213748] SPR radius for FAST iterations: 20 (autodetect)
[00:05:48 -427856.213748] Model parameter optimization (eps = 3.000000)
[00:05:50 -425180.561482] FAST spr round 1 (radius: 20)
[00:05:55 -413133.826655] FAST spr round 2 (radius: 20)
[00:05:58 -413023.675704] FAST spr round 3 (radius: 20)
[00:06:01 -413005.551179] FAST spr round 4 (radius: 20)
[00:06:04 -412987.722058] FAST spr round 5 (radius: 20)
[00:06:07 -412980.762913] FAST spr round 6 (radius: 20)
[00:06:10 -412975.008086] FAST spr round 7 (radius: 20)
[00:06:13 -412974.017764] FAST spr round 8 (radius: 20)
[00:06:15 -412973.950186] Model parameter optimization (eps = 1.000000)
[00:06:16 -412953.067513] SLOW spr round 1 (radius: 5)
[00:06:26 -412927.711842] SLOW spr round 2 (radius: 5)
[00:06:35 -412926.680610] SLOW spr round 3 (radius: 5)
[00:06:43 -412926.679982] SLOW spr round 4 (radius: 10)
[00:06:54 -412926.679956] SLOW spr round 5 (radius: 15)
[00:07:07 -412926.679955] SLOW spr round 6 (radius: 20)
[00:07:11 -412926.679955] SLOW spr round 7 (radius: 25)
[00:07:11 -412926.679955] Model parameter optimization (eps = 0.100000)

[00:07:11] ML tree search #5, logLikelihood: -412926.204270

[00:07:11 -673723.063679] Initial branch length optimization
[00:07:12 -578878.201734] Model parameter optimization (eps = 10.000000)
[00:07:16 -565197.400781] AUTODETECT spr round 1 (radius: 5)
[00:07:17 -468316.107083] AUTODETECT spr round 2 (radius: 10)
[00:07:20 -427559.217030] AUTODETECT spr round 3 (radius: 15)
[00:07:23 -426430.789747] AUTODETECT spr round 4 (radius: 20)
[00:07:24 -426430.717852] SPR radius for FAST iterations: 15 (autodetect)
[00:07:24 -426430.717852] Model parameter optimization (eps = 3.000000)
[00:07:27 -422898.505380] FAST spr round 1 (radius: 15)
[00:07:33 -413247.597118] FAST spr round 2 (radius: 15)
[00:07:35 -413000.440389] FAST spr round 3 (radius: 15)
[00:07:38 -412981.349595] FAST spr round 4 (radius: 15)
[00:07:41 -412972.080773] FAST spr round 5 (radius: 15)
[00:07:44 -412971.878711] FAST spr round 6 (radius: 15)
[00:07:46 -412971.753580] FAST spr round 7 (radius: 15)
[00:07:49 -412971.753006] Model parameter optimization (eps = 1.000000)
[00:07:50 -412926.418357] SLOW spr round 1 (radius: 5)
[00:07:59 -412926.284815] SLOW spr round 2 (radius: 5)
[00:08:08 -412926.271762] SLOW spr round 3 (radius: 10)
[00:08:18 -412926.269007] SLOW spr round 4 (radius: 15)
[00:08:31 -412926.268534] SLOW spr round 5 (radius: 20)
[00:08:35 -412926.268465] SLOW spr round 6 (radius: 25)
[00:08:35 -412926.268455] Model parameter optimization (eps = 0.100000)

[00:08:35] ML tree search #6, logLikelihood: -412926.199617

[00:08:35 -676807.489900] Initial branch length optimization
[00:08:36 -585150.080327] Model parameter optimization (eps = 10.000000)
[00:08:40 -571212.907004] AUTODETECT spr round 1 (radius: 5)
[00:08:42 -461846.484784] AUTODETECT spr round 2 (radius: 10)
[00:08:44 -427572.030580] AUTODETECT spr round 3 (radius: 15)
[00:08:47 -427458.730775] AUTODETECT spr round 4 (radius: 20)
[00:08:48 -427458.652710] SPR radius for FAST iterations: 15 (autodetect)
[00:08:48 -427458.652710] Model parameter optimization (eps = 3.000000)
[00:08:50 -423434.140166] FAST spr round 1 (radius: 15)
[00:08:55 -413157.247395] FAST spr round 2 (radius: 15)
[00:08:58 -413127.618940] FAST spr round 3 (radius: 15)
[00:09:01 -413062.866640] FAST spr round 4 (radius: 15)
[00:09:04 -413044.819252] FAST spr round 5 (radius: 15)
[00:09:07 -413038.911404] FAST spr round 6 (radius: 15)
[00:09:09 -413021.092587] FAST spr round 7 (radius: 15)
[00:09:12 -413015.969355] FAST spr round 8 (radius: 15)
[00:09:15 -413011.500123] FAST spr round 9 (radius: 15)
[00:09:18 -413011.425187] Model parameter optimization (eps = 1.000000)
[00:09:18 -412958.915404] SLOW spr round 1 (radius: 5)
[00:09:29 -412928.212262] SLOW spr round 2 (radius: 5)
[00:09:38 -412926.758143] SLOW spr round 3 (radius: 5)
[00:09:46 -412926.757632] SLOW spr round 4 (radius: 10)
[00:09:57 -412926.757613] SLOW spr round 5 (radius: 15)
[00:10:09 -412926.757612] SLOW spr round 6 (radius: 20)
[00:10:13 -412926.757612] SLOW spr round 7 (radius: 25)
[00:10:14 -412926.757612] Model parameter optimization (eps = 0.100000)

[00:10:14] ML tree search #7, logLikelihood: -412926.201236

[00:10:14 -678206.981095] Initial branch length optimization
[00:10:15 -583439.143949] Model parameter optimization (eps = 10.000000)
[00:10:18 -570351.293780] AUTODETECT spr round 1 (radius: 5)
[00:10:20 -463603.200871] AUTODETECT spr round 2 (radius: 10)
[00:10:22 -438392.385477] AUTODETECT spr round 3 (radius: 15)
[00:10:24 -434161.579093] AUTODETECT spr round 4 (radius: 20)
[00:10:26 -432674.892639] AUTODETECT spr round 5 (radius: 25)
[00:10:26 -432674.805394] SPR radius for FAST iterations: 20 (autodetect)
[00:10:26 -432674.805394] Model parameter optimization (eps = 3.000000)
[00:10:29 -429585.334881] FAST spr round 1 (radius: 20)
[00:10:34 -413025.381232] FAST spr round 2 (radius: 20)
[00:10:37 -412987.580381] FAST spr round 3 (radius: 20)
[00:10:39 -412982.462128] FAST spr round 4 (radius: 20)
[00:10:42 -412981.527140] FAST spr round 5 (radius: 20)
[00:10:44 -412981.140461] FAST spr round 6 (radius: 20)
[00:10:47 -412971.775729] FAST spr round 7 (radius: 20)
[00:10:49 -412971.700649] Model parameter optimization (eps = 1.000000)
[00:10:50 -412932.078366] SLOW spr round 1 (radius: 5)
[00:11:00 -412926.328883] SLOW spr round 2 (radius: 5)
[00:11:08 -412926.310896] SLOW spr round 3 (radius: 10)
[00:11:19 -412926.308346] SLOW spr round 4 (radius: 15)
[00:11:31 -412926.307972] SLOW spr round 5 (radius: 20)
[00:11:35 -412926.307921] SLOW spr round 6 (radius: 25)
[00:11:36 -412926.307915] Model parameter optimization (eps = 0.100000)

[00:11:36] ML tree search #8, logLikelihood: -412926.213062

[00:11:36 -673497.170737] Initial branch length optimization
[00:11:36 -583357.272348] Model parameter optimization (eps = 10.000000)
[00:11:39 -571202.218409] AUTODETECT spr round 1 (radius: 5)
[00:11:41 -476305.242535] AUTODETECT spr round 2 (radius: 10)
[00:11:44 -424079.210720] AUTODETECT spr round 3 (radius: 15)
[00:11:47 -423841.533315] AUTODETECT spr round 4 (radius: 20)
[00:11:48 -423841.476243] SPR radius for FAST iterations: 15 (autodetect)
[00:11:48 -423841.476243] Model parameter optimization (eps = 3.000000)
[00:11:50 -421446.564767] FAST spr round 1 (radius: 15)
[00:11:55 -413347.693689] FAST spr round 2 (radius: 15)
[00:11:59 -413054.131234] FAST spr round 3 (radius: 15)
[00:12:02 -413043.790785] FAST spr round 4 (radius: 15)
[00:12:05 -413025.836118] FAST spr round 5 (radius: 15)
[00:12:08 -413016.269375] FAST spr round 6 (radius: 15)
[00:12:11 -413008.457599] FAST spr round 7 (radius: 15)
[00:12:13 -413002.954987] FAST spr round 8 (radius: 15)
[00:12:16 -413002.865109] Model parameter optimization (eps = 1.000000)
[00:12:17 -412980.378390] SLOW spr round 1 (radius: 5)
[00:12:27 -412926.712954] SLOW spr round 2 (radius: 5)
[00:12:35 -412926.711148] SLOW spr round 3 (radius: 10)
[00:12:46 -412926.710926] SLOW spr round 4 (radius: 15)
[00:12:59 -412926.710898] SLOW spr round 5 (radius: 20)
[00:13:03 -412926.710895] SLOW spr round 6 (radius: 25)
[00:13:03 -412926.710895] Model parameter optimization (eps = 0.100000)

[00:13:04] ML tree search #9, logLikelihood: -412926.204566

[00:13:04 -668197.665709] Initial branch length optimization
[00:13:04 -588109.990268] Model parameter optimization (eps = 10.000000)
[00:13:07 -575445.945970] AUTODETECT spr round 1 (radius: 5)
[00:13:09 -480713.284746] AUTODETECT spr round 2 (radius: 10)
[00:13:12 -429364.202050] AUTODETECT spr round 3 (radius: 15)
[00:13:14 -427738.994660] AUTODETECT spr round 4 (radius: 20)
[00:13:15 -423736.174303] AUTODETECT spr round 5 (radius: 25)
[00:13:15 -423736.129554] SPR radius for FAST iterations: 20 (autodetect)
[00:13:15 -423736.129554] Model parameter optimization (eps = 3.000000)
[00:13:17 -421191.494069] FAST spr round 1 (radius: 20)
[00:13:22 -413364.678934] FAST spr round 2 (radius: 20)
[00:13:25 -413047.018253] FAST spr round 3 (radius: 20)
[00:13:28 -413028.898582] FAST spr round 4 (radius: 20)
[00:13:31 -413013.047543] FAST spr round 5 (radius: 20)
[00:13:34 -413005.601675] FAST spr round 6 (radius: 20)
[00:13:36 -413001.175958] FAST spr round 7 (radius: 20)
[00:13:39 -413000.425429] FAST spr round 8 (radius: 20)
[00:13:42 -413000.354599] Model parameter optimization (eps = 1.000000)
[00:13:43 -412956.004555] SLOW spr round 1 (radius: 5)
[00:13:53 -412926.691300] SLOW spr round 2 (radius: 5)
[00:14:02 -412926.689632] SLOW spr round 3 (radius: 10)
[00:14:13 -412926.689375] SLOW spr round 4 (radius: 15)
[00:14:25 -412926.689338] SLOW spr round 5 (radius: 20)
[00:14:29 -412926.689333] SLOW spr round 6 (radius: 25)
[00:14:30 -412926.689332] Model parameter optimization (eps = 0.100000)

[00:14:30] ML tree search #10, logLikelihood: -412926.197589

[00:14:30 -465150.249823] Initial branch length optimization
[00:14:30 -424308.580749] Model parameter optimization (eps = 10.000000)
[00:14:32 -414114.787529] AUTODETECT spr round 1 (radius: 5)
[00:14:33 -413548.461100] AUTODETECT spr round 2 (radius: 10)
[00:14:36 -413548.273432] AUTODETECT spr round 3 (radius: 15)
[00:14:39 -413548.201065] SPR radius for FAST iterations: 10 (autodetect)
[00:14:39 -413548.201065] Model parameter optimization (eps = 3.000000)
[00:14:39 -413546.501278] FAST spr round 1 (radius: 10)
[00:14:42 -412933.419144] FAST spr round 2 (radius: 10)
[00:14:45 -412928.917492] FAST spr round 3 (radius: 10)
[00:14:47 -412928.531269] FAST spr round 4 (radius: 10)
[00:14:49 -412928.283615] FAST spr round 5 (radius: 10)
[00:14:52 -412928.264209] Model parameter optimization (eps = 1.000000)
[00:14:52 -412928.111405] SLOW spr round 1 (radius: 5)
[00:15:02 -412927.262590] SLOW spr round 2 (radius: 5)
[00:15:11 -412926.237814] SLOW spr round 3 (radius: 5)
[00:15:19 -412926.237318] SLOW spr round 4 (radius: 10)
[00:15:29 -412926.237302] SLOW spr round 5 (radius: 15)
[00:15:42 -412926.237301] SLOW spr round 6 (radius: 20)
[00:15:46 -412926.237301] SLOW spr round 7 (radius: 25)
[00:15:46 -412926.237301] Model parameter optimization (eps = 0.100000)

[00:15:47] ML tree search #11, logLikelihood: -412926.192344

[00:15:47 -464744.147202] Initial branch length optimization
[00:15:47 -423994.161394] Model parameter optimization (eps = 10.000000)
[00:15:48 -413649.389673] AUTODETECT spr round 1 (radius: 5)
[00:15:50 -412987.818098] AUTODETECT spr round 2 (radius: 10)
[00:15:52 -412987.807964] SPR radius for FAST iterations: 5 (autodetect)
[00:15:53 -412987.807964] Model parameter optimization (eps = 3.000000)
[00:15:53 -412986.689954] FAST spr round 1 (radius: 5)
[00:15:55 -412967.852047] FAST spr round 2 (radius: 5)
[00:15:58 -412949.077801] FAST spr round 3 (radius: 5)
[00:16:01 -412932.228617] FAST spr round 4 (radius: 5)
[00:16:03 -412927.011662] FAST spr round 5 (radius: 5)
[00:16:06 -412926.600541] FAST spr round 6 (radius: 5)
[00:16:08 -412926.370238] FAST spr round 7 (radius: 5)
[00:16:10 -412926.345158] Model parameter optimization (eps = 1.000000)
[00:16:10 -412926.208145] SLOW spr round 1 (radius: 5)
[00:16:20 -412926.205335] SLOW spr round 2 (radius: 10)
[00:16:31 -412926.204924] SLOW spr round 3 (radius: 15)
[00:16:43 -412926.204851] SLOW spr round 4 (radius: 20)
[00:16:47 -412926.204837] SLOW spr round 5 (radius: 25)
[00:16:47 -412926.204835] Model parameter optimization (eps = 0.100000)

[00:16:48] ML tree search #12, logLikelihood: -412926.189900

[00:16:48 -465035.810861] Initial branch length optimization
[00:16:48 -424180.355769] Model parameter optimization (eps = 10.000000)
[00:16:49 -413790.681047] AUTODETECT spr round 1 (radius: 5)
[00:16:51 -412947.158467] AUTODETECT spr round 2 (radius: 10)
[00:16:53 -412947.137725] SPR radius for FAST iterations: 5 (autodetect)
[00:16:53 -412947.137725] Model parameter optimization (eps = 3.000000)
[00:16:54 -412946.336941] FAST spr round 1 (radius: 5)
[00:16:56 -412933.067469] FAST spr round 2 (radius: 5)
[00:16:58 -412928.103309] FAST spr round 3 (radius: 5)
[00:17:01 -412926.639201] FAST spr round 4 (radius: 5)
[00:17:03 -412926.239387] FAST spr round 5 (radius: 5)
[00:17:05 -412926.226974] Model parameter optimization (eps = 1.000000)
[00:17:05 -412926.191200] SLOW spr round 1 (radius: 5)
[00:17:15 -412926.190247] SLOW spr round 2 (radius: 10)
[00:17:26 -412926.190161] SLOW spr round 3 (radius: 15)
[00:17:38 -412926.190148] SLOW spr round 4 (radius: 20)
[00:17:42 -412926.190146] SLOW spr round 5 (radius: 25)
[00:17:42 -412926.190146] Model parameter optimization (eps = 0.100000)

[00:17:43] ML tree search #13, logLikelihood: -412926.188087

[00:17:43 -464176.210501] Initial branch length optimization
[00:17:43 -424093.129491] Model parameter optimization (eps = 10.000000)
[00:17:44 -413839.504057] AUTODETECT spr round 1 (radius: 5)
[00:17:46 -412958.308586] AUTODETECT spr round 2 (radius: 10)
[00:17:48 -412958.289074] SPR radius for FAST iterations: 5 (autodetect)
[00:17:48 -412958.289074] Model parameter optimization (eps = 3.000000)
[00:17:49 -412956.219450] FAST spr round 1 (radius: 5)
[00:17:51 -412933.985561] FAST spr round 2 (radius: 5)
[00:17:53 -412927.835376] FAST spr round 3 (radius: 5)
[00:17:56 -412926.770437] FAST spr round 4 (radius: 5)
[00:17:58 -412926.372245] FAST spr round 5 (radius: 5)
[00:18:00 -412926.275878] Model parameter optimization (eps = 1.000000)
[00:18:00 -412926.198546] SLOW spr round 1 (radius: 5)
[00:18:10 -412926.195694] SLOW spr round 2 (radius: 10)
[00:18:21 -412926.195458] SLOW spr round 3 (radius: 15)
[00:18:33 -412926.195428] SLOW spr round 4 (radius: 20)
[00:18:37 -412926.195423] SLOW spr round 5 (radius: 25)
[00:18:37 -412926.195422] Model parameter optimization (eps = 0.100000)

[00:18:37] ML tree search #14, logLikelihood: -412926.188709

[00:18:37 -465027.200438] Initial branch length optimization
[00:18:38 -423965.686712] Model parameter optimization (eps = 10.000000)
[00:18:39 -413564.936325] AUTODETECT spr round 1 (radius: 5)
[00:18:41 -412952.116874] AUTODETECT spr round 2 (radius: 10)
[00:18:43 -412952.076475] SPR radius for FAST iterations: 5 (autodetect)
[00:18:43 -412952.076475] Model parameter optimization (eps = 3.000000)
[00:18:44 -412951.496468] FAST spr round 1 (radius: 5)
[00:18:46 -412932.574966] FAST spr round 2 (radius: 5)
[00:18:48 -412926.447738] FAST spr round 3 (radius: 5)
[00:18:50 -412926.374043] Model parameter optimization (eps = 1.000000)
[00:18:50 -412926.285882] SLOW spr round 1 (radius: 5)
[00:19:00 -412926.224013] SLOW spr round 2 (radius: 10)
[00:19:11 -412926.207751] SLOW spr round 3 (radius: 15)
[00:19:23 -412926.205572] SLOW spr round 4 (radius: 20)
[00:19:27 -412926.205253] SLOW spr round 5 (radius: 25)
[00:19:28 -412926.205209] Model parameter optimization (eps = 0.100000)

[00:19:28] ML tree search #15, logLikelihood: -412926.193538

[00:19:28 -464390.763044] Initial branch length optimization
[00:19:28 -423478.211262] Model parameter optimization (eps = 10.000000)
[00:19:29 -413024.419016] AUTODETECT spr round 1 (radius: 5)
[00:19:31 -412953.176883] AUTODETECT spr round 2 (radius: 10)
[00:19:34 -412953.160321] SPR radius for FAST iterations: 5 (autodetect)
[00:19:34 -412953.160321] Model parameter optimization (eps = 3.000000)
[00:19:34 -412952.560216] FAST spr round 1 (radius: 5)
[00:19:37 -412949.928128] FAST spr round 2 (radius: 5)
[00:19:39 -412949.927763] Model parameter optimization (eps = 1.000000)
[00:19:39 -412949.896655] SLOW spr round 1 (radius: 5)
[00:19:49 -412926.613991] SLOW spr round 2 (radius: 5)
[00:19:58 -412926.610519] SLOW spr round 3 (radius: 10)
[00:20:08 -412926.610159] SLOW spr round 4 (radius: 15)
[00:20:21 -412926.610109] SLOW spr round 5 (radius: 20)
[00:20:25 -412926.610101] SLOW spr round 6 (radius: 25)
[00:20:25 -412926.610100] Model parameter optimization (eps = 0.100000)

[00:20:26] ML tree search #16, logLikelihood: -412926.200155

[00:20:26 -464881.978838] Initial branch length optimization
[00:20:26 -424078.373514] Model parameter optimization (eps = 10.000000)
[00:20:27 -413796.820527] AUTODETECT spr round 1 (radius: 5)
[00:20:29 -413012.733273] AUTODETECT spr round 2 (radius: 10)
[00:20:32 -413012.717295] SPR radius for FAST iterations: 5 (autodetect)
[00:20:32 -413012.717295] Model parameter optimization (eps = 3.000000)
[00:20:32 -413011.347702] FAST spr round 1 (radius: 5)
[00:20:34 -412979.718760] FAST spr round 2 (radius: 5)
[00:20:37 -412961.402677] FAST spr round 3 (radius: 5)
[00:20:39 -412944.599880] FAST spr round 4 (radius: 5)
[00:20:42 -412927.070767] FAST spr round 5 (radius: 5)
[00:20:44 -412926.475536] FAST spr round 6 (radius: 5)
[00:20:46 -412926.458274] Model parameter optimization (eps = 1.000000)
[00:20:47 -412926.285402] SLOW spr round 1 (radius: 5)
[00:20:56 -412926.213759] SLOW spr round 2 (radius: 10)
[00:21:07 -412926.201974] SLOW spr round 3 (radius: 15)
[00:21:20 -412926.199718] SLOW spr round 4 (radius: 20)
[00:21:24 -412926.199367] SLOW spr round 5 (radius: 25)
[00:21:24 -412926.199319] Model parameter optimization (eps = 0.100000)

[00:21:24] ML tree search #17, logLikelihood: -412926.188619

[00:21:24 -465803.139016] Initial branch length optimization
[00:21:24 -424687.763108] Model parameter optimization (eps = 10.000000)
[00:21:26 -414353.973190] AUTODETECT spr round 1 (radius: 5)
[00:21:28 -413152.809600] AUTODETECT spr round 2 (radius: 10)
[00:21:30 -413152.783792] SPR radius for FAST iterations: 5 (autodetect)
[00:21:30 -413152.783792] Model parameter optimization (eps = 3.000000)
[00:21:31 -413150.764331] FAST spr round 1 (radius: 5)
[00:21:33 -412950.651259] FAST spr round 2 (radius: 5)
[00:21:36 -412950.341559] FAST spr round 3 (radius: 5)
[00:21:38 -412950.248864] Model parameter optimization (eps = 1.000000)
[00:21:38 -412949.953376] SLOW spr round 1 (radius: 5)
[00:21:48 -412926.646376] SLOW spr round 2 (radius: 5)
[00:21:57 -412926.566052] SLOW spr round 3 (radius: 10)
[00:22:08 -412926.553149] SLOW spr round 4 (radius: 15)
[00:22:20 -412926.551091] SLOW spr round 5 (radius: 20)
[00:22:24 -412926.550792] SLOW spr round 6 (radius: 25)
[00:22:25 -412926.550752] Model parameter optimization (eps = 0.100000)

[00:22:25] ML tree search #18, logLikelihood: -412926.194387

[00:22:25 -463440.554115] Initial branch length optimization
[00:22:25 -423395.949675] Model parameter optimization (eps = 10.000000)
[00:22:27 -413068.943122] AUTODETECT spr round 1 (radius: 5)
[00:22:28 -412949.244789] AUTODETECT spr round 2 (radius: 10)
[00:22:31 -412949.226356] SPR radius for FAST iterations: 5 (autodetect)
[00:22:31 -412949.226356] Model parameter optimization (eps = 3.000000)
[00:22:31 -412948.773120] FAST spr round 1 (radius: 5)
[00:22:34 -412931.927617] FAST spr round 2 (radius: 5)
[00:22:36 -412926.725776] FAST spr round 3 (radius: 5)
[00:22:38 -412926.315868] FAST spr round 4 (radius: 5)
[00:22:40 -412926.230411] Model parameter optimization (eps = 1.000000)
[00:22:41 -412926.196030] SLOW spr round 1 (radius: 5)
[00:22:50 -412926.195046] SLOW spr round 2 (radius: 10)
[00:23:01 -412926.194922] SLOW spr round 3 (radius: 15)
[00:23:14 -412926.194902] SLOW spr round 4 (radius: 20)
[00:23:18 -412926.194898] SLOW spr round 5 (radius: 25)
[00:23:18 -412926.194898] Model parameter optimization (eps = 0.100000)

[00:23:18] ML tree search #19, logLikelihood: -412926.189104

[00:23:18 -464674.441795] Initial branch length optimization
[00:23:18 -424043.093012] Model parameter optimization (eps = 10.000000)
[00:23:20 -413625.089295] AUTODETECT spr round 1 (radius: 5)
[00:23:21 -412977.308877] AUTODETECT spr round 2 (radius: 10)
[00:23:24 -412977.284786] SPR radius for FAST iterations: 5 (autodetect)
[00:23:24 -412977.284786] Model parameter optimization (eps = 3.000000)
[00:23:24 -412976.367687] FAST spr round 1 (radius: 5)
[00:23:27 -412969.535022] FAST spr round 2 (radius: 5)
[00:23:29 -412958.509573] FAST spr round 3 (radius: 5)
[00:23:32 -412953.207350] FAST spr round 4 (radius: 5)
[00:23:34 -412949.941069] FAST spr round 5 (radius: 5)
[00:23:37 -412949.939628] Model parameter optimization (eps = 1.000000)
[00:23:37 -412949.909718] SLOW spr round 1 (radius: 5)
[00:23:47 -412926.605791] SLOW spr round 2 (radius: 5)
[00:23:56 -412926.600784] SLOW spr round 3 (radius: 10)
[00:24:07 -412926.600372] SLOW spr round 4 (radius: 15)
[00:24:19 -412926.600330] SLOW spr round 5 (radius: 20)
[00:24:23 -412926.600325] SLOW spr round 6 (radius: 25)
[00:24:24 -412926.600325] Model parameter optimization (eps = 0.100000)

[00:24:24] ML tree search #20, logLikelihood: -412926.199283


Optimized model parameters:

   Partition 0: noname
   Rate heterogeneity: GAMMA (4 cats, mean),  alpha: 2.124764 (ML),  weights&rates: (0.250000,0.307726) (0.250000,0.667657) (0.250000,1.072820) (0.250000,1.951797) 
   Base frequencies (ML): 0.265022 0.225888 0.229766 0.279323 
   Substitution rates (ML): 1.736313 3.854422 1.582672 1.103436 4.299339 1.000000 


Final LogLikelihood: -412926.188087

AIC score: 826148.376173 / AICc score: 826149.677560 / BIC score: 827396.794980
Free parameters (model + branch lengths): 148

Best ML tree saved to: /home/gkettenburg/RAxML_tree/bat_picorna_full_raxml/P1/T12.raxml.bestTree
All ML trees saved to: /home/gkettenburg/RAxML_tree/bat_picorna_full_raxml/P1/T12.raxml.mlTrees
Optimized model saved to: /home/gkettenburg/RAxML_tree/bat_picorna_full_raxml/P1/T12.raxml.bestModel

Execution log saved to: /home/gkettenburg/RAxML_tree/bat_picorna_full_raxml/P1/T12.raxml.log

Analysis started: 10-Sep-2023 11:10:16 / finished: 10-Sep-2023 11:34:41

Elapsed time: 1464.480 seconds

Consumed energy: 41.866 Wh

