
RAxML-NG v. 1.1.0-master released on 22.06.2022 by The Exelixis Lab.
Developed by: Alexey M. Kozlov and Alexandros Stamatakis.
Contributors: Diego Darriba, Tomas Flouri, Benoit Morel, Sarah Lutteropp, Ben Bettisworth.
Latest version: https://github.com/amkozlov/raxml-ng
Questions/problems/suggestions? Please visit: https://groups.google.com/forum/#!forum/raxml

System: Intel(R) Xeon(R) CPU E5-2680 v4 @ 2.40GHz, 28 cores, 62 GB RAM

RAxML-NG was called at 10-Sep-2023 11:10:22 as follows:

raxml-ng-mpi --bootstrap --msa bat_picornavirales_full_P1_align.fasta --model GTR+G4 --prefix T13 --seed 2 --threads auto{8}

Analysis options:
  run mode: Bootstrapping
  start tree(s): 
  bootstrap replicates: max: 1000 + bootstopping (autoMRE, cutoff: 0.030000)
  random seed: 2
  tip-inner: OFF
  pattern compression: ON
  per-rate scalers: OFF
  site repeats: ON
  branch lengths: proportional (ML estimate, algorithm: NR-FAST)
  SIMD kernels: AVX2
  parallelization: coarse-grained (auto), PTHREADS (auto)

[00:00:00] Reading alignment from file: bat_picornavirales_full_P1_align.fasta
[00:00:00] Loaded alignment with 71 taxa and 34039 sites

Alignment comprises 1 partitions and 14311 patterns

Partition 0: noname
Model: GTR+FO+G4m
Alignment sites / patterns: 34039 / 14311
Gaps: 77.38 %
Invariant sites: 57.21 %


NOTE: Binary MSA file created: T13.raxml.rba

Parallelization scheme autoconfig: 1 worker(s) x 8 thread(s)

Parallel reduction/worker buffer size: 1 KB  / 0 KB

[00:00:00] Data distribution: max. partitions/sites/weight per thread: 1 / 1789 / 28624
[00:00:01] Data distribution: max. searches per worker: 1000
[00:00:01] Starting bootstrapping analysis with 1000 replicates.

[00:00:56] Bootstrap tree #1, logLikelihood: -416959.274944
[00:01:52] Bootstrap tree #2, logLikelihood: -414916.283937
[00:02:46] Bootstrap tree #3, logLikelihood: -411735.644284
[00:03:47] Bootstrap tree #4, logLikelihood: -414062.585759
[00:04:48] Bootstrap tree #5, logLikelihood: -416188.613492
[00:06:01] Bootstrap tree #6, logLikelihood: -410723.706168
[00:07:04] Bootstrap tree #7, logLikelihood: -411795.220358
[00:08:11] Bootstrap tree #8, logLikelihood: -413967.158909
[00:09:10] Bootstrap tree #9, logLikelihood: -410748.464675
[00:10:05] Bootstrap tree #10, logLikelihood: -411061.498642
[00:11:01] Bootstrap tree #11, logLikelihood: -416125.502870
[00:12:01] Bootstrap tree #12, logLikelihood: -410616.736596
[00:13:08] Bootstrap tree #13, logLikelihood: -416124.485968
[00:14:06] Bootstrap tree #14, logLikelihood: -415507.660878
[00:14:57] Bootstrap tree #15, logLikelihood: -416760.271169
[00:15:52] Bootstrap tree #16, logLikelihood: -415413.249664
[00:16:44] Bootstrap tree #17, logLikelihood: -415058.614075
[00:17:47] Bootstrap tree #18, logLikelihood: -413634.823226
[00:18:42] Bootstrap tree #19, logLikelihood: -412193.573152
[00:19:41] Bootstrap tree #20, logLikelihood: -415405.064430
[00:20:37] Bootstrap tree #21, logLikelihood: -414541.358140
[00:21:42] Bootstrap tree #22, logLikelihood: -411737.864676
[00:22:45] Bootstrap tree #23, logLikelihood: -417081.211217
[00:23:46] Bootstrap tree #24, logLikelihood: -413996.592946
[00:24:41] Bootstrap tree #25, logLikelihood: -409515.675371
[00:25:41] Bootstrap tree #26, logLikelihood: -415045.981945
[00:26:40] Bootstrap tree #27, logLikelihood: -404100.082715
[00:27:41] Bootstrap tree #28, logLikelihood: -411212.110074
[00:28:35] Bootstrap tree #29, logLikelihood: -406388.888968
[00:29:41] Bootstrap tree #30, logLikelihood: -418220.945180
[00:30:39] Bootstrap tree #31, logLikelihood: -413131.123558
[00:31:35] Bootstrap tree #32, logLikelihood: -406856.319322
[00:32:46] Bootstrap tree #33, logLikelihood: -411179.102453
[00:33:38] Bootstrap tree #34, logLikelihood: -409155.161713
[00:34:38] Bootstrap tree #35, logLikelihood: -422074.528105
[00:35:49] Bootstrap tree #36, logLikelihood: -416178.942340
[00:36:42] Bootstrap tree #37, logLikelihood: -418147.029070
[00:37:54] Bootstrap tree #38, logLikelihood: -414247.417898
[00:38:44] Bootstrap tree #39, logLikelihood: -409006.368483
[00:39:52] Bootstrap tree #40, logLikelihood: -410027.887199
[00:40:46] Bootstrap tree #41, logLikelihood: -412694.239424
[00:41:40] Bootstrap tree #42, logLikelihood: -414227.260261
[00:42:36] Bootstrap tree #43, logLikelihood: -410581.161701
[00:43:39] Bootstrap tree #44, logLikelihood: -417262.759547
[00:44:39] Bootstrap tree #45, logLikelihood: -411918.497147
[00:45:34] Bootstrap tree #46, logLikelihood: -408833.262769
[00:46:32] Bootstrap tree #47, logLikelihood: -412285.215742
[00:47:34] Bootstrap tree #48, logLikelihood: -417949.914118
[00:48:26] Bootstrap tree #49, logLikelihood: -411492.930531
[00:49:23] Bootstrap tree #50, logLikelihood: -413454.056720
[00:50:19] Bootstrap tree #51, logLikelihood: -409348.476670
[00:51:14] Bootstrap tree #52, logLikelihood: -416127.613769
[00:52:19] Bootstrap tree #53, logLikelihood: -411225.519267
[00:53:13] Bootstrap tree #54, logLikelihood: -414197.471118
[00:54:28] Bootstrap tree #55, logLikelihood: -414754.091017
[00:55:21] Bootstrap tree #56, logLikelihood: -415392.094187
[00:56:21] Bootstrap tree #57, logLikelihood: -415080.920710
[00:57:18] Bootstrap tree #58, logLikelihood: -409448.897025
[00:58:23] Bootstrap tree #59, logLikelihood: -413666.979975
[00:59:19] Bootstrap tree #60, logLikelihood: -409391.346207
[01:00:18] Bootstrap tree #61, logLikelihood: -411122.740334
[01:01:09] Bootstrap tree #62, logLikelihood: -417617.342759
[01:02:05] Bootstrap tree #63, logLikelihood: -408278.504795
[01:03:14] Bootstrap tree #64, logLikelihood: -408364.999190
[01:04:12] Bootstrap tree #65, logLikelihood: -414491.406076
[01:05:24] Bootstrap tree #66, logLikelihood: -412928.025586
[01:06:23] Bootstrap tree #67, logLikelihood: -414744.164679
[01:07:20] Bootstrap tree #68, logLikelihood: -412043.881170
[01:08:21] Bootstrap tree #69, logLikelihood: -414951.712729
[01:09:20] Bootstrap tree #70, logLikelihood: -417005.696840
[01:10:16] Bootstrap tree #71, logLikelihood: -411224.378554
[01:11:06] Bootstrap tree #72, logLikelihood: -412855.141044
[01:12:09] Bootstrap tree #73, logLikelihood: -416720.056552
[01:13:06] Bootstrap tree #74, logLikelihood: -417691.900950
[01:14:04] Bootstrap tree #75, logLikelihood: -414960.349238
[01:15:02] Bootstrap tree #76, logLikelihood: -412593.260087
[01:15:56] Bootstrap tree #77, logLikelihood: -417627.932676
[01:16:54] Bootstrap tree #78, logLikelihood: -414876.377587
[01:18:01] Bootstrap tree #79, logLikelihood: -414258.451576
[01:19:02] Bootstrap tree #80, logLikelihood: -418995.695946
[01:19:58] Bootstrap tree #81, logLikelihood: -408443.236478
[01:20:45] Bootstrap tree #82, logLikelihood: -418057.329416
[01:21:39] Bootstrap tree #83, logLikelihood: -407126.444040
[01:23:05] Bootstrap tree #84, logLikelihood: -416101.574555
[01:23:59] Bootstrap tree #85, logLikelihood: -410890.647101
[01:24:51] Bootstrap tree #86, logLikelihood: -414793.903511
[01:25:47] Bootstrap tree #87, logLikelihood: -415385.128587
[01:26:40] Bootstrap tree #88, logLikelihood: -416576.650060
[01:27:33] Bootstrap tree #89, logLikelihood: -408156.870050
[01:28:37] Bootstrap tree #90, logLikelihood: -413918.230472
[01:29:34] Bootstrap tree #91, logLikelihood: -423880.637185
[01:30:33] Bootstrap tree #92, logLikelihood: -414522.213733
[01:31:23] Bootstrap tree #93, logLikelihood: -411664.798451
[01:32:20] Bootstrap tree #94, logLikelihood: -419458.625080
[01:33:13] Bootstrap tree #95, logLikelihood: -407511.533635
[01:34:05] Bootstrap tree #96, logLikelihood: -415074.093403
[01:35:05] Bootstrap tree #97, logLikelihood: -420561.858457
[01:36:00] Bootstrap tree #98, logLikelihood: -416660.405977
[01:36:54] Bootstrap tree #99, logLikelihood: -409482.799144
[01:37:44] Bootstrap tree #100, logLikelihood: -412691.389900
[01:38:33] Bootstrap tree #101, logLikelihood: -418837.559741
[01:39:40] Bootstrap tree #102, logLikelihood: -416820.441016
[01:40:45] Bootstrap tree #103, logLikelihood: -413023.334489
[01:41:44] Bootstrap tree #104, logLikelihood: -410414.554251
[01:42:42] Bootstrap tree #105, logLikelihood: -414609.702396
[01:43:35] Bootstrap tree #106, logLikelihood: -410345.740174
[01:44:49] Bootstrap tree #107, logLikelihood: -409405.751165
[01:45:53] Bootstrap tree #108, logLikelihood: -415162.909539
[01:46:46] Bootstrap tree #109, logLikelihood: -415765.807911
[01:47:42] Bootstrap tree #110, logLikelihood: -412287.289631
[01:48:43] Bootstrap tree #111, logLikelihood: -419311.888645
[01:49:35] Bootstrap tree #112, logLikelihood: -412009.869183
[01:50:37] Bootstrap tree #113, logLikelihood: -404356.950172
[01:51:35] Bootstrap tree #114, logLikelihood: -413643.790657
[01:52:31] Bootstrap tree #115, logLikelihood: -411818.847210
[01:53:31] Bootstrap tree #116, logLikelihood: -411613.318490
[01:54:37] Bootstrap tree #117, logLikelihood: -413676.197927
[01:55:31] Bootstrap tree #118, logLikelihood: -410886.397273
[01:56:27] Bootstrap tree #119, logLikelihood: -413535.712318
[01:57:18] Bootstrap tree #120, logLikelihood: -413997.749751
[01:58:17] Bootstrap tree #121, logLikelihood: -414023.085395
[01:59:17] Bootstrap tree #122, logLikelihood: -414260.339461
[02:00:12] Bootstrap tree #123, logLikelihood: -412884.703343
[02:01:08] Bootstrap tree #124, logLikelihood: -411468.289881
[02:01:58] Bootstrap tree #125, logLikelihood: -414534.708983
[02:02:53] Bootstrap tree #126, logLikelihood: -418270.397114
[02:03:48] Bootstrap tree #127, logLikelihood: -414917.453268
[02:04:40] Bootstrap tree #128, logLikelihood: -411019.140219
[02:05:37] Bootstrap tree #129, logLikelihood: -412624.243400
[02:06:34] Bootstrap tree #130, logLikelihood: -403048.141166
[02:07:31] Bootstrap tree #131, logLikelihood: -413887.193983
[02:08:36] Bootstrap tree #132, logLikelihood: -411725.856980
[02:09:26] Bootstrap tree #133, logLikelihood: -410256.034919
[02:10:29] Bootstrap tree #134, logLikelihood: -415939.545558
[02:11:26] Bootstrap tree #135, logLikelihood: -411761.885467
[02:12:31] Bootstrap tree #136, logLikelihood: -408422.724498
[02:13:23] Bootstrap tree #137, logLikelihood: -406682.708037
[02:14:08] Bootstrap tree #138, logLikelihood: -408758.582601
[02:15:02] Bootstrap tree #139, logLikelihood: -415232.696808
[02:16:00] Bootstrap tree #140, logLikelihood: -415345.212888
[02:16:51] Bootstrap tree #141, logLikelihood: -408247.497199
[02:17:52] Bootstrap tree #142, logLikelihood: -410994.654775
[02:18:46] Bootstrap tree #143, logLikelihood: -416050.849478
[02:19:38] Bootstrap tree #144, logLikelihood: -414410.496392
[02:20:30] Bootstrap tree #145, logLikelihood: -411003.937370
[02:21:24] Bootstrap tree #146, logLikelihood: -410622.276293
[02:22:10] Bootstrap tree #147, logLikelihood: -412278.934706
[02:23:15] Bootstrap tree #148, logLikelihood: -416978.149346
[02:24:11] Bootstrap tree #149, logLikelihood: -407069.908686
[02:25:18] Bootstrap tree #150, logLikelihood: -415704.590138
[02:26:19] Bootstrap tree #151, logLikelihood: -419036.470897
[02:27:15] Bootstrap tree #152, logLikelihood: -416136.426219
[02:28:12] Bootstrap tree #153, logLikelihood: -415358.768738
[02:29:23] Bootstrap tree #154, logLikelihood: -412897.148239
[02:30:26] Bootstrap tree #155, logLikelihood: -415054.513278
[02:31:22] Bootstrap tree #156, logLikelihood: -405711.849061
[02:32:28] Bootstrap tree #157, logLikelihood: -414573.972442
[02:33:30] Bootstrap tree #158, logLikelihood: -415981.950880
[02:34:23] Bootstrap tree #159, logLikelihood: -414210.191459
[02:35:19] Bootstrap tree #160, logLikelihood: -408720.218657
[02:36:19] Bootstrap tree #161, logLikelihood: -412294.144161
[02:37:09] Bootstrap tree #162, logLikelihood: -409787.112509
[02:37:55] Bootstrap tree #163, logLikelihood: -409842.772769
[02:38:51] Bootstrap tree #164, logLikelihood: -417526.855743
[02:39:51] Bootstrap tree #165, logLikelihood: -413213.838367
[02:40:46] Bootstrap tree #166, logLikelihood: -419165.342253
[02:41:42] Bootstrap tree #167, logLikelihood: -409822.460032
[02:42:39] Bootstrap tree #168, logLikelihood: -413199.140923
[02:43:25] Bootstrap tree #169, logLikelihood: -406896.963342
[02:44:30] Bootstrap tree #170, logLikelihood: -413886.229873
[02:45:29] Bootstrap tree #171, logLikelihood: -418114.157295
[02:46:24] Bootstrap tree #172, logLikelihood: -412442.128743
[02:47:12] Bootstrap tree #173, logLikelihood: -412397.397992
[02:48:14] Bootstrap tree #174, logLikelihood: -416457.116321
[02:49:05] Bootstrap tree #175, logLikelihood: -412984.516979
[02:50:00] Bootstrap tree #176, logLikelihood: -409045.181201
[02:50:58] Bootstrap tree #177, logLikelihood: -409875.715604
[02:51:56] Bootstrap tree #178, logLikelihood: -415133.338239
[02:52:50] Bootstrap tree #179, logLikelihood: -417261.008279
[02:53:42] Bootstrap tree #180, logLikelihood: -410514.178509
[02:54:37] Bootstrap tree #181, logLikelihood: -413184.988961
[02:55:28] Bootstrap tree #182, logLikelihood: -411234.648239
[02:56:21] Bootstrap tree #183, logLikelihood: -413430.416626
[02:57:21] Bootstrap tree #184, logLikelihood: -410885.395759
[02:58:10] Bootstrap tree #185, logLikelihood: -417092.812496
[02:58:57] Bootstrap tree #186, logLikelihood: -414254.868720
[02:59:46] Bootstrap tree #187, logLikelihood: -412851.586964
[03:00:37] Bootstrap tree #188, logLikelihood: -415097.591039
[03:01:32] Bootstrap tree #189, logLikelihood: -415401.343480
[03:02:28] Bootstrap tree #190, logLikelihood: -416442.859493
[03:03:26] Bootstrap tree #191, logLikelihood: -414656.006353
[03:04:23] Bootstrap tree #192, logLikelihood: -410493.093888
[03:05:21] Bootstrap tree #193, logLikelihood: -414921.006276
[03:06:17] Bootstrap tree #194, logLikelihood: -414223.231847
[03:07:09] Bootstrap tree #195, logLikelihood: -406820.911051
[03:08:09] Bootstrap tree #196, logLikelihood: -413557.354906
[03:09:12] Bootstrap tree #197, logLikelihood: -414170.734755
[03:10:06] Bootstrap tree #198, logLikelihood: -412537.180092
[03:11:07] Bootstrap tree #199, logLikelihood: -409675.767801
[03:12:06] Bootstrap tree #200, logLikelihood: -414038.441771
[03:13:03] Bootstrap tree #201, logLikelihood: -413907.765079
[03:14:03] Bootstrap tree #202, logLikelihood: -407144.395640
[03:15:01] Bootstrap tree #203, logLikelihood: -416311.184435
[03:16:05] Bootstrap tree #204, logLikelihood: -410190.868841
[03:16:56] Bootstrap tree #205, logLikelihood: -408425.321499
[03:17:51] Bootstrap tree #206, logLikelihood: -413799.613966
[03:18:56] Bootstrap tree #207, logLikelihood: -416506.662650
[03:19:56] Bootstrap tree #208, logLikelihood: -418253.330054
[03:21:03] Bootstrap tree #209, logLikelihood: -417911.851366
[03:22:13] Bootstrap tree #210, logLikelihood: -419911.307012
[03:23:13] Bootstrap tree #211, logLikelihood: -415235.539750
[03:24:17] Bootstrap tree #212, logLikelihood: -413091.504543
[03:25:15] Bootstrap tree #213, logLikelihood: -419254.435749
[03:26:18] Bootstrap tree #214, logLikelihood: -422752.892335
[03:27:17] Bootstrap tree #215, logLikelihood: -409504.333871
[03:28:18] Bootstrap tree #216, logLikelihood: -415265.570175
[03:29:02] Bootstrap tree #217, logLikelihood: -413273.741062
[03:30:05] Bootstrap tree #218, logLikelihood: -414381.975913
[03:30:58] Bootstrap tree #219, logLikelihood: -410628.246515
[03:31:56] Bootstrap tree #220, logLikelihood: -410840.538128
[03:32:50] Bootstrap tree #221, logLikelihood: -405757.732767
[03:33:47] Bootstrap tree #222, logLikelihood: -407726.746263
[03:34:45] Bootstrap tree #223, logLikelihood: -408808.611670
[03:35:39] Bootstrap tree #224, logLikelihood: -410187.118798
[03:36:33] Bootstrap tree #225, logLikelihood: -413649.379289
[03:37:30] Bootstrap tree #226, logLikelihood: -413516.565169
[03:38:28] Bootstrap tree #227, logLikelihood: -412096.401170
[03:39:32] Bootstrap tree #228, logLikelihood: -413279.368068
[03:40:29] Bootstrap tree #229, logLikelihood: -415579.929671
[03:41:29] Bootstrap tree #230, logLikelihood: -413187.180770
[03:42:25] Bootstrap tree #231, logLikelihood: -413119.028916
[03:43:22] Bootstrap tree #232, logLikelihood: -411484.368382
[03:44:19] Bootstrap tree #233, logLikelihood: -413745.144974
[03:45:12] Bootstrap tree #234, logLikelihood: -411554.363274
[03:46:04] Bootstrap tree #235, logLikelihood: -409570.275671
[03:46:55] Bootstrap tree #236, logLikelihood: -410346.709445
[03:47:51] Bootstrap tree #237, logLikelihood: -415623.858843
[03:48:50] Bootstrap tree #238, logLikelihood: -410278.238614
[03:49:51] Bootstrap tree #239, logLikelihood: -412154.093829
[03:50:45] Bootstrap tree #240, logLikelihood: -415230.636925
[03:51:39] Bootstrap tree #241, logLikelihood: -412991.323435
[03:52:36] Bootstrap tree #242, logLikelihood: -406605.875982
[03:53:35] Bootstrap tree #243, logLikelihood: -409680.261618
[03:54:36] Bootstrap tree #244, logLikelihood: -412707.621935
[03:55:28] Bootstrap tree #245, logLikelihood: -413559.983136
[03:56:30] Bootstrap tree #246, logLikelihood: -413915.180174
[03:57:31] Bootstrap tree #247, logLikelihood: -412147.502982
[03:58:29] Bootstrap tree #248, logLikelihood: -413834.663908
[03:59:26] Bootstrap tree #249, logLikelihood: -412702.636067
[04:00:23] Bootstrap tree #250, logLikelihood: -403236.246675
[04:00:24] Bootstrapping converged after 250 replicates.

Bootstrap trees saved to: /home/gkettenburg/RAxML_tree/bat_picorna_full_raxml/P1/T13.raxml.bootstraps

Execution log saved to: /home/gkettenburg/RAxML_tree/bat_picorna_full_raxml/P1/T13.raxml.log

Analysis started: 10-Sep-2023 11:10:22 / finished: 10-Sep-2023 15:10:47

Elapsed time: 14424.131 seconds

Consumed energy: 417.201 Wh (= 2 km in an electric car, or 10 km with an e-scooter!)

