ERROR: Unable to locate a modulefile for 'emacs/25.1'
ERROR: Unable to locate a modulefile for 'python/3.6'
ERROR: Unable to locate a modulefile for 'java/1.8.0_121'
ERROR: Unable to locate a modulefile for 'cmake/3.15.1'

RAxML-NG v. 1.1.0-master released on 22.06.2022 by The Exelixis Lab.
Developed by: Alexey M. Kozlov and Alexandros Stamatakis.
Contributors: Diego Darriba, Tomas Flouri, Benoit Morel, Sarah Lutteropp, Ben Bettisworth.
Latest version: https://github.com/amkozlov/raxml-ng
Questions/problems/suggestions? Please visit: https://groups.google.com/forum/#!forum/raxml

System: Intel(R) Xeon(R) CPU E5-2680 v4 @ 2.40GHz, 28 cores, 62 GB RAM

RAxML-NG was called at 05-Sep-2023 01:11:14 as follows:

raxml-ng-mpi --msa bat_picornavirales_full_over3kb_align.fasta --model GTR+G4 --prefix T12 --seed 1 --threads auto{8}

Analysis options:
  run mode: ML tree search
  start tree(s): random (10) + parsimony (10)
  random seed: 1
  tip-inner: OFF
  pattern compression: ON
  per-rate scalers: OFF
  site repeats: ON
  fast spr radius: AUTO
  spr subtree cutoff: 1.000000
  branch lengths: proportional (ML estimate, algorithm: NR-FAST)
  SIMD kernels: AVX2
  parallelization: coarse-grained (auto), PTHREADS (auto)

[00:00:01] Reading alignment from file: bat_picornavirales_full_over3kb_align.fasta
[00:00:01] Loaded alignment with 66 taxa and 33531 sites

Alignment comprises 1 partitions and 14131 patterns

Partition 0: noname
Model: GTR+FO+G4m
Alignment sites / patterns: 33531 / 14131
Gaps: 75.66 %
Invariant sites: 56.61 %


NOTE: Binary MSA file created: T12.raxml.rba

Parallelization scheme autoconfig: 1 worker(s) x 8 thread(s)

Error calling pthread_setaffinity_np: 22
Error calling pthread_setaffinity_np: 22
Error calling pthread_setaffinity_np: 22
Error calling pthread_setaffinity_np: 22
Error calling pthread_setaffinity_np: 22
Parallel reduction/worker buffer size: 1 KB  / 0 KB

[00:00:02] Generating 10 random starting tree(s) with 66 taxa
[00:00:02] Generating 10 parsimony starting tree(s) with 66 taxa
[00:00:03] Data distribution: max. partitions/sites/weight per thread: 1 / 1767 / 28272
[00:00:03] Data distribution: max. searches per worker: 20

Starting ML tree search with 20 distinct starting trees

[00:00:04 -661862.753075] Initial branch length optimization
[00:04:51 -566263.618386] Model parameter optimization (eps = 10.000000)
[00:12:45 -553966.024545] AUTODETECT spr round 1 (radius: 5)
[00:20:41 -447469.044518] AUTODETECT spr round 2 (radius: 10)
[00:30:41 -412385.876728] AUTODETECT spr round 3 (radius: 15)
[00:38:37 -407877.187135] AUTODETECT spr round 4 (radius: 20)
[00:40:40 -407877.100306] SPR radius for FAST iterations: 15 (autodetect)
[00:40:40 -407877.100306] Model parameter optimization (eps = 3.000000)
[00:49:00 -405406.795531] FAST spr round 1 (radius: 15)
[01:40:41 -400868.729991] FAST spr round 2 (radius: 15)
[02:08:38 -400729.957140] FAST spr round 3 (radius: 15)
[02:29:32 -400729.913977] Model parameter optimization (eps = 1.000000)
[02:32:42 -400681.770262] SLOW spr round 1 (radius: 5)
[04:43:28 -400681.723180] SLOW spr round 2 (radius: 10)
[06:55:24 -400681.721544] SLOW spr round 3 (radius: 15)
[09:12:26 -400681.721411] SLOW spr round 4 (radius: 20)
[09:54:34 -400681.721397] SLOW spr round 5 (radius: 25)
[09:55:09 -400681.721395] Model parameter optimization (eps = 0.100000)

[09:55:53] ML tree search #1, logLikelihood: -400681.630750

[09:55:54 -668023.089469] Initial branch length optimization
[10:00:56 -579275.342251] Model parameter optimization (eps = 10.000000)
[10:11:56 -566783.862272] AUTODETECT spr round 1 (radius: 5)
[10:20:07 -473052.051351] AUTODETECT spr round 2 (radius: 10)
[10:29:54 -421596.614471] AUTODETECT spr round 3 (radius: 15)
[10:37:26 -420893.855843] AUTODETECT spr round 4 (radius: 20)
[10:39:01 -420893.809113] SPR radius for FAST iterations: 15 (autodetect)
[10:39:01 -420893.809113] Model parameter optimization (eps = 3.000000)
[10:47:46 -418207.255585] FAST spr round 1 (radius: 15)
[11:52:49 -401004.495263] FAST spr round 2 (radius: 15)
[12:26:41 -400793.823747] FAST spr round 3 (radius: 15)
[12:52:14 -400782.957160] FAST spr round 4 (radius: 15)
[13:14:05 -400782.956868] Model parameter optimization (eps = 1.000000)
[13:17:42 -400692.162917] SLOW spr round 1 (radius: 5)
[15:33:00 -400681.804637] SLOW spr round 2 (radius: 5)
[17:38:56 -400681.804348] SLOW spr round 3 (radius: 10)
[19:53:35 -400681.804327] SLOW spr round 4 (radius: 15)
[22:13:24 -400681.804325] SLOW spr round 5 (radius: 20)
[22:56:18 -400681.804325] SLOW spr round 6 (radius: 25)
[22:56:51 -400681.804325] Model parameter optimization (eps = 0.100000)

[22:58:08] ML tree search #2, logLikelihood: -400681.621555

[22:58:08 -661893.945810] Initial branch length optimization
[23:03:59 -568938.281289] Model parameter optimization (eps = 10.000000)
[23:15:19 -555534.619815] AUTODETECT spr round 1 (radius: 5)
[23:24:04 -461761.542670] AUTODETECT spr round 2 (radius: 10)
[23:34:35 -418147.459134] AUTODETECT spr round 3 (radius: 15)
[23:43:08 -417947.421184] AUTODETECT spr round 4 (radius: 20)
[23:44:28 -417947.392321] SPR radius for FAST iterations: 15 (autodetect)
[23:44:28 -417947.392321] Model parameter optimization (eps = 3.000000)
[23:54:04 -414704.399783] FAST spr round 1 (radius: 15)
[25:07:07 -400993.305348] FAST spr round 2 (radius: 15)
[25:40:16 -400756.385023] FAST spr round 3 (radius: 15)
[26:07:37 -400727.536057] FAST spr round 4 (radius: 15)
[26:33:01 -400702.880596] FAST spr round 5 (radius: 15)
[26:55:37 -400702.661199] FAST spr round 6 (radius: 15)
[27:18:50 -400702.661139] Model parameter optimization (eps = 1.000000)
[27:21:44 -400681.716927] SLOW spr round 1 (radius: 5)
[29:34:41 -400681.697152] SLOW spr round 2 (radius: 10)
[31:47:20 -400681.696021] SLOW spr round 3 (radius: 15)
[34:05:44 -400681.695929] SLOW spr round 4 (radius: 20)
[34:48:12 -400681.695920] SLOW spr round 5 (radius: 25)
[34:48:45 -400681.695919] Model parameter optimization (eps = 0.100000)

[34:49:22] ML tree search #3, logLikelihood: -400681.628958

[34:49:22 -673944.214073] Initial branch length optimization
[34:54:07 -579058.584657] Model parameter optimization (eps = 10.000000)
[35:03:50 -565268.241190] AUTODETECT spr round 1 (radius: 5)
[35:12:03 -477708.508893] AUTODETECT spr round 2 (radius: 10)
[35:21:45 -421822.287726] AUTODETECT spr round 3 (radius: 15)
[35:29:59 -416803.435589] AUTODETECT spr round 4 (radius: 20)
[35:34:30 -416655.752880] AUTODETECT spr round 5 (radius: 25)
[35:35:28 -416655.738871] SPR radius for FAST iterations: 20 (autodetect)
[35:35:28 -416655.738871] Model parameter optimization (eps = 3.000000)
[35:44:25 -413203.391795] FAST spr round 1 (radius: 20)
slurmstepd-midway2-0168: error: *** JOB 29975832 ON midway2-0168 CANCELLED AT 2023-09-06T13:11:42 DUE TO TIME LIMIT ***
