ERROR: Unable to locate a modulefile for 'emacs/25.1'
ERROR: Unable to locate a modulefile for 'python/3.6'
ERROR: Unable to locate a modulefile for 'java/1.8.0_121'
ERROR: Unable to locate a modulefile for 'cmake/3.15.1'

RAxML-NG v. 1.1.0-master released on 22.06.2022 by The Exelixis Lab.
Developed by: Alexey M. Kozlov and Alexandros Stamatakis.
Contributors: Diego Darriba, Tomas Flouri, Benoit Morel, Sarah Lutteropp, Ben Bettisworth.
Latest version: https://github.com/amkozlov/raxml-ng
Questions/problems/suggestions? Please visit: https://groups.google.com/forum/#!forum/raxml

System: Intel(R) Xeon(R) CPU E5-2680 v4 @ 2.40GHz, 28 cores, 62 GB RAM

RAxML-NG was called at 05-Sep-2023 01:11:14 as follows:

raxml-ng-mpi --bootstrap --msa bat_picornavirales_full_over3kb_align.fasta --model GTR+G4 --prefix T13 --seed 2 --threads auto{8}

Analysis options:
  run mode: Bootstrapping
  start tree(s): 
  bootstrap replicates: max: 1000 + bootstopping (autoMRE, cutoff: 0.030000)
  random seed: 2
  tip-inner: OFF
  pattern compression: ON
  per-rate scalers: OFF
  site repeats: ON
  branch lengths: proportional (ML estimate, algorithm: NR-FAST)
  SIMD kernels: AVX2
  parallelization: coarse-grained (auto), PTHREADS (auto)

[00:00:01] Reading alignment from file: bat_picornavirales_full_over3kb_align.fasta
[00:00:01] Loaded alignment with 66 taxa and 33531 sites

Alignment comprises 1 partitions and 14131 patterns

Partition 0: noname
Model: GTR+FO+G4m
Alignment sites / patterns: 33531 / 14131
Gaps: 75.66 %
Invariant sites: 56.61 %


NOTE: Binary MSA file created: T13.raxml.rba

Parallelization scheme autoconfig: 1 worker(s) x 8 thread(s)

Error calling pthread_setaffinity_np: 22
Error calling pthread_setaffinity_np: 22
Error calling pthread_setaffinity_np: 22
Error calling pthread_setaffinity_np: 22
Error calling pthread_setaffinity_np: 22
Parallel reduction/worker buffer size: 1 KB  / 0 KB

[00:00:02] Data distribution: max. partitions/sites/weight per thread: 1 / 1767 / 28272
[00:00:06] Data distribution: max. searches per worker: 1000
[00:00:06] Starting bootstrapping analysis with 1000 replicates.

[13:50:46] Bootstrap tree #1, logLikelihood: -404544.002143
[26:15:30] Bootstrap tree #2, logLikelihood: -403371.244974
slurmstepd-midway2-0169: error: *** JOB 29975834 ON midway2-0169 CANCELLED AT 2023-09-06T13:11:42 DUE TO TIME LIMIT ***
