ERROR: Unable to locate a modulefile for 'emacs/25.1'
ERROR: Unable to locate a modulefile for 'python/3.6'
ERROR: Unable to locate a modulefile for 'java/1.8.0_121'
ERROR: Unable to locate a modulefile for 'cmake/3.15.1'

RAxML-NG v. 1.1.0-master released on 22.06.2022 by The Exelixis Lab.
Developed by: Alexey M. Kozlov and Alexandros Stamatakis.
Contributors: Diego Darriba, Tomas Flouri, Benoit Morel, Sarah Lutteropp, Ben Bettisworth.
Latest version: https://github.com/amkozlov/raxml-ng
Questions/problems/suggestions? Please visit: https://groups.google.com/forum/#!forum/raxml

System: Intel(R) Xeon(R) CPU E5-2680 v4 @ 2.40GHz, 28 cores, 54 GB RAM

RAxML-NG was called at 10-Jun-2024 14:06:09 as follows:

raxml-ng-mpi --all --msa kunsagi_all_align.fasta --model TIM2+G4 --prefix T1 --seed 1 --threads auto{5} --bs-metric fbp,tbe

Analysis options:
  run mode: ML tree search + bootstrapping (Felsenstein Bootstrap + Transfer Bootstrap)
  start tree(s): random (10) + parsimony (10)
  bootstrap replicates: max: 1000 + bootstopping (autoMRE, cutoff: 0.030000)
  random seed: 1
  tip-inner: OFF
  pattern compression: ON
  per-rate scalers: OFF
  site repeats: ON
  branch lengths: proportional (ML estimate, algorithm: NR-FAST)
  SIMD kernels: AVX2
  parallelization: coarse-grained (auto), PTHREADS (auto)

[00:00:01] Reading alignment from file: kunsagi_all_align.fasta
[00:00:01] Loaded alignment with 5 taxa and 12121 sites

Alignment comprises 1 partitions and 1242 patterns

Partition 0: noname
Model: TIM2+G4m
Alignment sites / patterns: 12121 / 1242
Gaps: 32.64 %
Invariant sites: 50.70 %


NOTE: Binary MSA file created: T1.raxml.rba

Parallelization scheme autoconfig: 5 worker(s) x 1 thread(s)

Error calling pthread_setaffinity_np: 22
Error calling pthread_setaffinity_np: 22
Error calling pthread_setaffinity_np: 22
Error calling pthread_setaffinity_np: 22
Error calling pthread_setaffinity_np: 22
Parallel reduction/worker buffer size: 1 KB  / 0 KB

[00:00:01] Generating 10 random starting tree(s) with 5 taxa
[00:00:01] Generating 10 parsimony starting tree(s) with 5 taxa
[00:00:01] Data distribution: max. partitions/sites/weight per thread: 1 / 1242 / 19872
[00:00:02] Data distribution: max. searches per worker: 204

Starting ML tree search with 20 distinct starting trees

[00:00:02] [worker #4] ML tree search #5, logLikelihood: -45872.847298
[00:00:02] [worker #1] ML tree search #2, logLikelihood: -45872.845458
[00:00:02] [worker #3] ML tree search #4, logLikelihood: -45872.844525
[00:00:02] [worker #2] ML tree search #3, logLikelihood: -45872.801325
[00:00:03] [worker #0] ML tree search #1, logLikelihood: -45872.830141
[00:00:03] [worker #4] ML tree search #10, logLikelihood: -45872.795737
[00:00:03] [worker #1] ML tree search #7, logLikelihood: -45872.818699
[00:00:03] [worker #2] ML tree search #8, logLikelihood: -45872.818699
[00:00:03] [worker #3] ML tree search #9, logLikelihood: -45872.844525
[00:00:03] [worker #0] ML tree search #6, logLikelihood: -45872.844525
[00:00:03] [worker #4] ML tree search #15, logLikelihood: -45872.833743
[00:00:03] [worker #2] ML tree search #13, logLikelihood: -45872.827632
[00:00:03] [worker #1] ML tree search #12, logLikelihood: -45872.833659
[00:00:03] [worker #3] ML tree search #14, logLikelihood: -45872.848713
[00:00:03] [worker #0] ML tree search #11, logLikelihood: -45872.843318
[00:00:04] [worker #4] ML tree search #20, logLikelihood: -45872.834481
[00:00:04] [worker #1] ML tree search #17, logLikelihood: -45872.836599
[00:00:04] [worker #2] ML tree search #18, logLikelihood: -45872.834035
[00:00:04] [worker #3] ML tree search #19, logLikelihood: -45872.845459
[00:00:04] [worker #0] ML tree search #16, logLikelihood: -45872.845977

[00:00:04] ML tree search completed, best tree logLH: -45872.795737

[00:00:04] Starting bootstrapping analysis with 1000 replicates.

[00:00:04] [worker #1] Bootstrap tree #2, logLikelihood: -45587.352536
[00:00:04] [worker #2] Bootstrap tree #3, logLikelihood: -45850.607141
[00:00:04] [worker #4] Bootstrap tree #5, logLikelihood: -46009.809809
[00:00:04] [worker #3] Bootstrap tree #4, logLikelihood: -46083.365021
[00:00:04] [worker #0] Bootstrap tree #1, logLikelihood: -45597.001981
[00:00:04] [worker #1] Bootstrap tree #7, logLikelihood: -45728.171630
[00:00:04] [worker #2] Bootstrap tree #8, logLikelihood: -45659.775781
[00:00:04] [worker #3] Bootstrap tree #9, logLikelihood: -45952.467029
[00:00:04] [worker #4] Bootstrap tree #10, logLikelihood: -45224.505634
[00:00:05] [worker #0] Bootstrap tree #6, logLikelihood: -45499.166069
[00:00:05] [worker #1] Bootstrap tree #12, logLikelihood: -45781.328234
[00:00:05] [worker #2] Bootstrap tree #13, logLikelihood: -45353.884967
[00:00:05] [worker #3] Bootstrap tree #14, logLikelihood: -46001.364976
[00:00:05] [worker #4] Bootstrap tree #15, logLikelihood: -45628.168067
[00:00:05] [worker #0] Bootstrap tree #11, logLikelihood: -46000.786682
[00:00:05] [worker #1] Bootstrap tree #17, logLikelihood: -45829.532679
[00:00:05] [worker #3] Bootstrap tree #19, logLikelihood: -45546.661950
[00:00:05] [worker #2] Bootstrap tree #18, logLikelihood: -45692.502896
[00:00:05] [worker #4] Bootstrap tree #20, logLikelihood: -45651.224211
[00:00:05] [worker #0] Bootstrap tree #16, logLikelihood: -45854.212549
[00:00:05] [worker #3] Bootstrap tree #24, logLikelihood: -46084.668802
[00:00:05] [worker #2] Bootstrap tree #23, logLikelihood: -45807.979808
[00:00:05] [worker #1] Bootstrap tree #22, logLikelihood: -46260.047229
[00:00:06] [worker #4] Bootstrap tree #25, logLikelihood: -46172.631289
[00:00:06] [worker #0] Bootstrap tree #21, logLikelihood: -45417.165887
[00:00:06] [worker #1] Bootstrap tree #27, logLikelihood: -46130.965676
[00:00:06] [worker #3] Bootstrap tree #29, logLikelihood: -45652.074623
[00:00:06] [worker #2] Bootstrap tree #28, logLikelihood: -46044.401984
[00:00:06] [worker #4] Bootstrap tree #30, logLikelihood: -46045.982347
[00:00:06] [worker #0] Bootstrap tree #26, logLikelihood: -46109.548147
[00:00:06] [worker #1] Bootstrap tree #32, logLikelihood: -45762.471045
[00:00:06] [worker #3] Bootstrap tree #34, logLikelihood: -45727.531192
[00:00:06] [worker #2] Bootstrap tree #33, logLikelihood: -45712.575048
[00:00:06] [worker #4] Bootstrap tree #35, logLikelihood: -45920.432703
[00:00:06] [worker #0] Bootstrap tree #31, logLikelihood: -46053.112632
[00:00:06] [worker #1] Bootstrap tree #37, logLikelihood: -46221.196034
[00:00:06] [worker #3] Bootstrap tree #39, logLikelihood: -45642.006257
[00:00:07] [worker #4] Bootstrap tree #40, logLikelihood: -46101.179782
[00:00:07] [worker #0] Bootstrap tree #36, logLikelihood: -46005.775882
[00:00:07] [worker #2] Bootstrap tree #38, logLikelihood: -46111.158574
[00:00:07] [worker #1] Bootstrap tree #42, logLikelihood: -45828.998117
[00:00:07] [worker #3] Bootstrap tree #44, logLikelihood: -45497.430818
[00:00:07] [worker #2] Bootstrap tree #43, logLikelihood: -45626.015727
[00:00:07] [worker #4] Bootstrap tree #45, logLikelihood: -46042.025825
[00:00:07] [worker #0] Bootstrap tree #41, logLikelihood: -46095.430378
[00:00:07] [worker #1] Bootstrap tree #47, logLikelihood: -45670.562300
[00:00:07] [worker #2] Bootstrap tree #48, logLikelihood: -45865.997362
[00:00:07] [worker #3] Bootstrap tree #49, logLikelihood: -46050.127252
[00:00:07] [worker #0] Bootstrap tree #46, logLikelihood: -46119.653124
[00:00:07] [worker #4] Bootstrap tree #50, logLikelihood: -45762.396747
[00:00:07] Bootstrapping converged after 50 replicates.

Optimized model parameters:

   Partition 0: noname
   Rate heterogeneity: GAMMA (4 cats, mean),  alpha: 1.784744 (ML),  weights&rates: (0.250000,0.266152) (0.250000,0.629980) (0.250000,1.063536) (0.250000,2.040332) 
   Base frequencies (model): 0.250000 0.250000 0.250000 0.250000 
   Substitution rates (ML): 1.454432 3.571378 1.454432 1.000000 4.181336 1.000000 


Final LogLikelihood: -45872.795737

AIC score: 91767.591475 / AICc score: 91767.613276 / BIC score: 91849.021117
Free parameters (model + branch lengths): 11

Best ML tree saved to: /home/gkettenburg/RAxML_tree/kunsagi_tree/T1.raxml.bestTree
All ML trees saved to: /home/gkettenburg/RAxML_tree/kunsagi_tree/T1.raxml.mlTrees
Best ML tree with Felsenstein bootstrap (FBP) support values saved to: /home/gkettenburg/RAxML_tree/kunsagi_tree/T1.raxml.supportFBP
Best ML tree with Transfer bootstrap (TBE) support values saved to: /home/gkettenburg/RAxML_tree/kunsagi_tree/T1.raxml.supportTBE
Optimized model saved to: /home/gkettenburg/RAxML_tree/kunsagi_tree/T1.raxml.bestModel
Bootstrap trees saved to: /home/gkettenburg/RAxML_tree/kunsagi_tree/T1.raxml.bootstraps

Execution log saved to: /home/gkettenburg/RAxML_tree/kunsagi_tree/T1.raxml.log

Analysis started: 10-Jun-2024 14:06:09 / finished: 10-Jun-2024 14:06:16

Elapsed time: 7.761 seconds

Consumed energy: 0.256 Wh

