ERROR: Unable to locate a modulefile for 'emacs/25.1'
ERROR: Unable to locate a modulefile for 'python/3.6'
ERROR: Unable to locate a modulefile for 'java/1.8.0_121'
ERROR: Unable to locate a modulefile for 'cmake/3.15.1'

RAxML-NG v. 1.1.0-master released on 22.06.2022 by The Exelixis Lab.
Developed by: Alexey M. Kozlov and Alexandros Stamatakis.
Contributors: Diego Darriba, Tomas Flouri, Benoit Morel, Sarah Lutteropp, Ben Bettisworth.
Latest version: https://github.com/amkozlov/raxml-ng
Questions/problems/suggestions? Please visit: https://groups.google.com/forum/#!forum/raxml

System: Intel(R) Xeon(R) CPU E5-2680 v4 @ 2.40GHz, 28 cores, 62 GB RAM

RAxML-NG was called at 02-Jun-2024 20:42:59 as follows:

raxml-ng-mpi --bootstrap --msa picornaviridae_refseq_all_align_left.fasta --model GTR+G4 --prefix T4 --seed 2 --threads auto{10}

Analysis options:
  run mode: Bootstrapping
  start tree(s): 
  bootstrap replicates: max: 1000 + bootstopping (autoMRE, cutoff: 0.030000)
  random seed: 2
  tip-inner: OFF
  pattern compression: ON
  per-rate scalers: OFF
  site repeats: ON
  branch lengths: proportional (ML estimate, algorithm: NR-FAST)
  SIMD kernels: AVX2
  parallelization: coarse-grained (auto), PTHREADS (auto)

[00:00:00] Reading alignment from file: picornaviridae_refseq_all_align_left.fasta
[00:00:00] Loaded alignment with 224 taxa and 33520 sites

Alignment comprises 1 partitions and 27667 patterns

Partition 0: noname
Model: GTR+FO+G4m
Alignment sites / patterns: 33520 / 27667
Gaps: 77.17 %
Invariant sites: 20.32 %


NOTE: Binary MSA file created: T4.raxml.rba

Parallelization scheme autoconfig: 1 worker(s) x 10 thread(s)

Error calling pthread_setaffinity_np: 22
Error calling pthread_setaffinity_np: 22
Error calling pthread_setaffinity_np: 22
Error calling pthread_setaffinity_np: 22
Error calling pthread_setaffinity_np: 22
Error calling pthread_setaffinity_np: 22
Error calling pthread_setaffinity_np: 22
Error calling pthread_setaffinity_np: 22
Error calling pthread_setaffinity_np: 22
Error calling pthread_setaffinity_np: 22
Parallel reduction/worker buffer size: 1 KB  / 0 KB

[00:00:00] Data distribution: max. partitions/sites/weight per thread: 1 / 2767 / 44272
[00:00:01] Data distribution: max. searches per worker: 1000
[00:00:01] Starting bootstrapping analysis with 1000 replicates.

[00:17:37] Bootstrap tree #1, logLikelihood: -1688025.641189
[00:32:30] Bootstrap tree #2, logLikelihood: -1671774.494633
[00:51:13] Bootstrap tree #3, logLikelihood: -1679254.029555
[01:04:05] Bootstrap tree #4, logLikelihood: -1657332.112589
[01:22:07] Bootstrap tree #5, logLikelihood: -1699324.774882
[01:37:43] Bootstrap tree #6, logLikelihood: -1649178.129858
[01:55:48] Bootstrap tree #7, logLikelihood: -1679931.174177
[02:12:48] Bootstrap tree #8, logLikelihood: -1657187.860739
[02:28:25] Bootstrap tree #9, logLikelihood: -1660409.715141
[02:43:15] Bootstrap tree #10, logLikelihood: -1681334.611562
[03:05:03] Bootstrap tree #11, logLikelihood: -1682498.282705
[03:23:43] Bootstrap tree #12, logLikelihood: -1670082.021831
[03:40:50] Bootstrap tree #13, logLikelihood: -1677819.352779
[03:57:41] Bootstrap tree #14, logLikelihood: -1688189.975739
[04:16:00] Bootstrap tree #15, logLikelihood: -1662987.538347
[04:33:26] Bootstrap tree #16, logLikelihood: -1682766.830123
[04:48:37] Bootstrap tree #17, logLikelihood: -1679427.214499
[05:06:59] Bootstrap tree #18, logLikelihood: -1662747.501636
[05:21:25] Bootstrap tree #19, logLikelihood: -1681941.565279
[05:37:47] Bootstrap tree #20, logLikelihood: -1707197.760450
[05:53:54] Bootstrap tree #21, logLikelihood: -1670706.127861
[06:09:04] Bootstrap tree #22, logLikelihood: -1689113.671623
[06:26:09] Bootstrap tree #23, logLikelihood: -1679326.189712
[06:41:29] Bootstrap tree #24, logLikelihood: -1668038.156772
[07:00:05] Bootstrap tree #25, logLikelihood: -1673587.599681
[07:17:34] Bootstrap tree #26, logLikelihood: -1667094.355044
[07:35:57] Bootstrap tree #27, logLikelihood: -1643840.615875
[07:54:55] Bootstrap tree #28, logLikelihood: -1674450.510044
[08:08:48] Bootstrap tree #29, logLikelihood: -1641713.651122
[08:27:23] Bootstrap tree #30, logLikelihood: -1685646.006213
[08:48:57] Bootstrap tree #31, logLikelihood: -1681057.497438
[09:12:54] Bootstrap tree #32, logLikelihood: -1637720.438331
[09:29:27] Bootstrap tree #33, logLikelihood: -1664938.324846
[09:47:33] Bootstrap tree #34, logLikelihood: -1668118.712056
[10:04:03] Bootstrap tree #35, logLikelihood: -1691029.340437
[10:23:39] Bootstrap tree #36, logLikelihood: -1684718.869727
[10:39:02] Bootstrap tree #37, logLikelihood: -1674357.287991
[10:54:53] Bootstrap tree #38, logLikelihood: -1676956.828531
[11:09:40] Bootstrap tree #39, logLikelihood: -1650106.220971
[11:24:59] Bootstrap tree #40, logLikelihood: -1652389.298690
[11:40:36] Bootstrap tree #41, logLikelihood: -1670564.115180
[12:00:47] Bootstrap tree #42, logLikelihood: -1667842.177433
[12:15:34] Bootstrap tree #43, logLikelihood: -1663805.988030
[12:37:44] Bootstrap tree #44, logLikelihood: -1681692.798242
[12:56:00] Bootstrap tree #45, logLikelihood: -1661669.632345
[13:14:05] Bootstrap tree #46, logLikelihood: -1657253.362650
[13:31:17] Bootstrap tree #47, logLikelihood: -1661124.087624
[13:47:28] Bootstrap tree #48, logLikelihood: -1678520.557413
[14:06:46] Bootstrap tree #49, logLikelihood: -1674415.080107
[14:21:20] Bootstrap tree #50, logLikelihood: -1658938.976529
[14:36:08] Bootstrap tree #51, logLikelihood: -1667809.535577
[14:53:43] Bootstrap tree #52, logLikelihood: -1669330.450965
[15:09:41] Bootstrap tree #53, logLikelihood: -1677868.205487
[15:26:22] Bootstrap tree #54, logLikelihood: -1664521.290876
[15:42:15] Bootstrap tree #55, logLikelihood: -1689655.248335
[16:02:00] Bootstrap tree #56, logLikelihood: -1674857.068454
[16:16:35] Bootstrap tree #57, logLikelihood: -1663414.476227
[16:33:48] Bootstrap tree #58, logLikelihood: -1669359.175949
[16:54:16] Bootstrap tree #59, logLikelihood: -1660153.405686
[17:11:57] Bootstrap tree #60, logLikelihood: -1633496.602827
[17:28:05] Bootstrap tree #61, logLikelihood: -1675199.771498
[17:44:44] Bootstrap tree #62, logLikelihood: -1682555.672187
[18:01:21] Bootstrap tree #63, logLikelihood: -1674378.523680
[18:16:38] Bootstrap tree #64, logLikelihood: -1680309.165828
[18:39:06] Bootstrap tree #65, logLikelihood: -1673691.331066
[19:00:35] Bootstrap tree #66, logLikelihood: -1666595.375753
[19:21:06] Bootstrap tree #67, logLikelihood: -1669146.259892
[19:37:22] Bootstrap tree #68, logLikelihood: -1643138.295997
[19:53:25] Bootstrap tree #69, logLikelihood: -1677199.256369
[20:08:37] Bootstrap tree #70, logLikelihood: -1687545.488616
[20:25:58] Bootstrap tree #71, logLikelihood: -1664928.693528
[20:42:05] Bootstrap tree #72, logLikelihood: -1659506.851540
[20:56:06] Bootstrap tree #73, logLikelihood: -1694817.601687
[21:16:30] Bootstrap tree #74, logLikelihood: -1697097.044807
[21:37:20] Bootstrap tree #75, logLikelihood: -1678531.424721
[21:52:58] Bootstrap tree #76, logLikelihood: -1687443.538213
[22:19:12] Bootstrap tree #77, logLikelihood: -1668552.357058
[22:38:35] Bootstrap tree #78, logLikelihood: -1657024.587280
[22:54:27] Bootstrap tree #79, logLikelihood: -1670223.012053
[23:12:10] Bootstrap tree #80, logLikelihood: -1688969.349209
[23:29:17] Bootstrap tree #81, logLikelihood: -1664520.082420
[23:49:54] Bootstrap tree #82, logLikelihood: -1684551.602297
[24:05:34] Bootstrap tree #83, logLikelihood: -1652350.749407
[24:23:13] Bootstrap tree #84, logLikelihood: -1682830.667042
[24:39:52] Bootstrap tree #85, logLikelihood: -1680589.190278
[24:56:38] Bootstrap tree #86, logLikelihood: -1689867.710878
[25:13:58] Bootstrap tree #87, logLikelihood: -1673800.128699
[25:29:34] Bootstrap tree #88, logLikelihood: -1693683.971247
[25:49:33] Bootstrap tree #89, logLikelihood: -1651347.745179
[26:06:27] Bootstrap tree #90, logLikelihood: -1680894.460237
[26:21:13] Bootstrap tree #91, logLikelihood: -1692307.561110
[26:36:13] Bootstrap tree #92, logLikelihood: -1679615.746290
[26:51:55] Bootstrap tree #93, logLikelihood: -1675899.937804
[27:12:34] Bootstrap tree #94, logLikelihood: -1683943.586405
[27:28:43] Bootstrap tree #95, logLikelihood: -1682719.306633
[27:46:03] Bootstrap tree #96, logLikelihood: -1662718.804260
[28:01:29] Bootstrap tree #97, logLikelihood: -1702415.584400
[28:20:59] Bootstrap tree #98, logLikelihood: -1679849.536317
[28:35:13] Bootstrap tree #99, logLikelihood: -1670079.398193
[28:58:01] Bootstrap tree #100, logLikelihood: -1675767.615165
[29:18:04] Bootstrap tree #101, logLikelihood: -1690767.009338
[29:33:10] Bootstrap tree #102, logLikelihood: -1675866.478353
[29:50:27] Bootstrap tree #103, logLikelihood: -1664498.837027
[30:07:11] Bootstrap tree #104, logLikelihood: -1665931.564132
[30:22:52] Bootstrap tree #105, logLikelihood: -1673370.556530
[30:39:49] Bootstrap tree #106, logLikelihood: -1674020.779955
[30:56:26] Bootstrap tree #107, logLikelihood: -1645420.657646
[31:13:06] Bootstrap tree #108, logLikelihood: -1690302.329837
[31:31:55] Bootstrap tree #109, logLikelihood: -1690744.445875
[31:48:31] Bootstrap tree #110, logLikelihood: -1696740.171045
[32:04:46] Bootstrap tree #111, logLikelihood: -1703553.583547
[32:23:47] Bootstrap tree #112, logLikelihood: -1672479.112348
[32:41:28] Bootstrap tree #113, logLikelihood: -1648061.250622
[32:58:03] Bootstrap tree #114, logLikelihood: -1694449.985010
[33:13:48] Bootstrap tree #115, logLikelihood: -1656216.570804
[33:30:36] Bootstrap tree #116, logLikelihood: -1682762.189929
[33:48:45] Bootstrap tree #117, logLikelihood: -1671745.897439
[34:05:47] Bootstrap tree #118, logLikelihood: -1684682.289769
[34:22:17] Bootstrap tree #119, logLikelihood: -1641697.992778
[34:38:20] Bootstrap tree #120, logLikelihood: -1670603.940445
[34:53:51] Bootstrap tree #121, logLikelihood: -1668673.665573
[35:12:17] Bootstrap tree #122, logLikelihood: -1671705.086807
[35:28:57] Bootstrap tree #123, logLikelihood: -1679789.367764
[35:42:05] Bootstrap tree #124, logLikelihood: -1663785.349412
[35:57:45] Bootstrap tree #125, logLikelihood: -1674158.504576
slurmstepd-midway2-0396: error: *** JOB 40069686 ON midway2-0396 CANCELLED AT 2024-06-04T08:43:14 DUE TO TIME LIMIT ***
