ERROR: Unable to locate a modulefile for 'emacs/25.1'
ERROR: Unable to locate a modulefile for 'python/3.6'
ERROR: Unable to locate a modulefile for 'java/1.8.0_121'
ERROR: Unable to locate a modulefile for 'cmake/3.15.1'

RAxML-NG v. 1.1.0-master released on 22.06.2022 by The Exelixis Lab.
Developed by: Alexey M. Kozlov and Alexandros Stamatakis.
Contributors: Diego Darriba, Tomas Flouri, Benoit Morel, Sarah Lutteropp, Ben Bettisworth.
Latest version: https://github.com/amkozlov/raxml-ng
Questions/problems/suggestions? Please visit: https://groups.google.com/forum/#!forum/raxml

System: Intel(R) Xeon(R) CPU E5-2680 v4 @ 2.40GHz, 28 cores, 62 GB RAM

RAxML-NG was called at 14-Aug-2023 22:08:39 as follows:

raxml-ng-mpi --msa picornaviridae_refseq_align.fasta --model GTR+G4 --prefix T2 --seed 1 --threads auto{9}

Analysis options:
  run mode: ML tree search
  start tree(s): random (10) + parsimony (10)
  random seed: 1
  tip-inner: OFF
  pattern compression: ON
  per-rate scalers: OFF
  site repeats: ON
  fast spr radius: AUTO
  spr subtree cutoff: 1.000000
  branch lengths: proportional (ML estimate, algorithm: NR-FAST)
  SIMD kernels: AVX2
  parallelization: coarse-grained (auto), PTHREADS (auto)

[00:00:01] Reading alignment from file: picornaviridae_refseq_align.fasta
[00:00:02] Loaded alignment with 179 taxa and 45306 sites

Alignment comprises 1 partitions and 25067 patterns

Partition 0: noname
Model: GTR+FO+G4m
Alignment sites / patterns: 45306 / 25067
Gaps: 82.53 %
Invariant sites: 46.68 %


NOTE: Binary MSA file created: T2.raxml.rba

Parallelization scheme autoconfig: 1 worker(s) x 9 thread(s)

Error calling pthread_setaffinity_np: 22
Error calling pthread_setaffinity_np: 22
Parallel reduction/worker buffer size: 1 KB  / 0 KB

[00:00:02] Generating 10 random starting tree(s) with 179 taxa
[00:00:02] Generating 10 parsimony starting tree(s) with 179 taxa
[00:00:04] Data distribution: max. partitions/sites/weight per thread: 1 / 2786 / 44576
[00:00:04] Data distribution: max. searches per worker: 20

Starting ML tree search with 20 distinct starting trees

[00:00:04 -1830087.260507] Initial branch length optimization
[00:00:06 -1666493.576980] Model parameter optimization (eps = 10.000000)
[00:00:25 -1635952.340904] AUTODETECT spr round 1 (radius: 5)
[00:00:36 -1503509.038168] AUTODETECT spr round 2 (radius: 10)
[00:00:56 -1391189.398057] AUTODETECT spr round 3 (radius: 15)
[00:01:18 -1379404.573939] AUTODETECT spr round 4 (radius: 20)
[00:01:42 -1378212.454813] AUTODETECT spr round 5 (radius: 25)
[00:02:03 -1378212.408469] SPR radius for FAST iterations: 20 (autodetect)
[00:02:03 -1378212.408469] Model parameter optimization (eps = 3.000000)
[00:02:16 -1375413.945202] FAST spr round 1 (radius: 20)
[00:02:59 -1355806.935913] FAST spr round 2 (radius: 20)
[00:03:27 -1355414.446539] FAST spr round 3 (radius: 20)
[00:03:50 -1355325.717443] FAST spr round 4 (radius: 20)
[00:04:10 -1355306.535911] FAST spr round 5 (radius: 20)
[00:04:30 -1355288.953243] FAST spr round 6 (radius: 20)
[00:04:50 -1355283.884799] FAST spr round 7 (radius: 20)
[00:05:09 -1355280.944841] FAST spr round 8 (radius: 20)
[00:05:29 -1355280.797871] FAST spr round 9 (radius: 20)
[00:05:48 -1355280.311793] FAST spr round 10 (radius: 20)
[00:06:07 -1355277.108539] FAST spr round 11 (radius: 20)
[00:06:26 -1355273.296482] FAST spr round 12 (radius: 20)
[00:06:45 -1355273.295254] Model parameter optimization (eps = 1.000000)
[00:06:49 -1355242.491086] SLOW spr round 1 (radius: 5)
[00:07:42 -1355181.937295] SLOW spr round 2 (radius: 5)
[00:08:30 -1355176.314626] SLOW spr round 3 (radius: 5)
[00:09:15 -1355171.424596] SLOW spr round 4 (radius: 5)
[00:09:58 -1355170.934766] SLOW spr round 5 (radius: 5)
[00:10:42 -1355170.701077] SLOW spr round 6 (radius: 5)
[00:11:25 -1355170.700340] SLOW spr round 7 (radius: 10)
[00:12:18 -1355170.700269] SLOW spr round 8 (radius: 15)
[00:14:21 -1355170.700265] SLOW spr round 9 (radius: 20)
[00:16:03 -1355170.700265] SLOW spr round 10 (radius: 25)
[00:16:59 -1355170.700265] Model parameter optimization (eps = 0.100000)

[00:17:00] ML tree search #1, logLikelihood: -1355170.629968

[00:17:00 -1824405.056035] Initial branch length optimization
[00:17:01 -1665172.046076] Model parameter optimization (eps = 10.000000)
[00:17:17 -1634820.061724] AUTODETECT spr round 1 (radius: 5)
[00:17:28 -1497887.209027] AUTODETECT spr round 2 (radius: 10)
[00:17:47 -1399648.191765] AUTODETECT spr round 3 (radius: 15)
[00:18:12 -1382846.801929] AUTODETECT spr round 4 (radius: 20)
[00:18:39 -1381958.571307] AUTODETECT spr round 5 (radius: 25)
[00:18:57 -1381862.522001] SPR radius for FAST iterations: 25 (autodetect)
[00:18:57 -1381862.522001] Model parameter optimization (eps = 3.000000)
[00:19:07 -1379391.123034] FAST spr round 1 (radius: 25)
[00:19:52 -1356242.285409] FAST spr round 2 (radius: 25)
[00:20:23 -1355645.089362] FAST spr round 3 (radius: 25)
[00:20:48 -1355508.519008] FAST spr round 4 (radius: 25)
[00:21:12 -1355475.827584] FAST spr round 5 (radius: 25)
[00:21:33 -1355457.208270] FAST spr round 6 (radius: 25)
[00:21:55 -1355435.363552] FAST spr round 7 (radius: 25)
[00:22:16 -1355425.220398] FAST spr round 8 (radius: 25)
[00:22:36 -1355417.609849] FAST spr round 9 (radius: 25)
[00:22:56 -1355411.974435] FAST spr round 10 (radius: 25)
[00:23:16 -1355407.442487] FAST spr round 11 (radius: 25)
[00:23:35 -1355405.014186] FAST spr round 12 (radius: 25)
[00:23:55 -1355368.725472] FAST spr round 13 (radius: 25)
[00:24:14 -1355367.979788] FAST spr round 14 (radius: 25)
[00:24:34 -1355367.978087] Model parameter optimization (eps = 1.000000)
[00:24:40 -1355334.694441] SLOW spr round 1 (radius: 5)
[00:25:35 -1355267.260311] SLOW spr round 2 (radius: 5)
[00:26:24 -1355187.600167] SLOW spr round 3 (radius: 5)
[00:27:09 -1355182.726458] SLOW spr round 4 (radius: 5)
[00:27:53 -1355182.096005] SLOW spr round 5 (radius: 5)
[00:28:37 -1355181.864251] SLOW spr round 6 (radius: 5)
[00:29:21 -1355174.839293] SLOW spr round 7 (radius: 5)
[00:30:06 -1355171.099476] SLOW spr round 8 (radius: 5)
[00:30:50 -1355171.095828] SLOW spr round 9 (radius: 10)
[00:31:43 -1355171.095700] SLOW spr round 10 (radius: 15)
[00:33:47 -1355171.095695] SLOW spr round 11 (radius: 20)
[00:35:30 -1355171.095694] SLOW spr round 12 (radius: 25)
[00:36:27 -1355171.095694] Model parameter optimization (eps = 0.100000)

[00:36:31] ML tree search #2, logLikelihood: -1355170.601433

[00:36:31 -1825685.151883] Initial branch length optimization
[00:36:32 -1668793.961064] Model parameter optimization (eps = 10.000000)
[00:36:49 -1638617.346085] AUTODETECT spr round 1 (radius: 5)
[00:37:00 -1508628.755989] AUTODETECT spr round 2 (radius: 10)
[00:37:17 -1400465.913590] AUTODETECT spr round 3 (radius: 15)
[00:37:40 -1378664.945541] AUTODETECT spr round 4 (radius: 20)
[00:38:09 -1378592.001447] AUTODETECT spr round 5 (radius: 25)
[00:38:28 -1378591.982866] SPR radius for FAST iterations: 20 (autodetect)
[00:38:28 -1378591.982866] Model parameter optimization (eps = 3.000000)
[00:38:40 -1376498.590579] FAST spr round 1 (radius: 20)
[00:39:24 -1355986.997885] FAST spr round 2 (radius: 20)
[00:39:54 -1355516.609544] FAST spr round 3 (radius: 20)
[00:40:18 -1355400.334544] FAST spr round 4 (radius: 20)
[00:40:39 -1355338.082317] FAST spr round 5 (radius: 20)
[00:41:00 -1355330.476488] FAST spr round 6 (radius: 20)
[00:41:20 -1355319.246681] FAST spr round 7 (radius: 20)
[00:41:39 -1355311.697168] FAST spr round 8 (radius: 20)
[00:41:57 -1355307.796179] FAST spr round 9 (radius: 20)
[00:42:16 -1355304.960020] FAST spr round 10 (radius: 20)
[00:42:35 -1355303.750887] FAST spr round 11 (radius: 20)
[00:42:53 -1355303.749359] Model parameter optimization (eps = 1.000000)
[00:42:59 -1355243.678244] SLOW spr round 1 (radius: 5)
[00:43:52 -1355195.077507] SLOW spr round 2 (radius: 5)
[00:44:39 -1355190.151753] SLOW spr round 3 (radius: 5)
[00:45:24 -1355189.037208] SLOW spr round 4 (radius: 5)
[00:46:07 -1355189.022417] SLOW spr round 5 (radius: 10)
[00:47:00 -1355189.022115] SLOW spr round 6 (radius: 15)
[00:49:03 -1355189.022106] SLOW spr round 7 (radius: 20)
[00:50:44 -1355189.022105] SLOW spr round 8 (radius: 25)
[00:51:40 -1355189.022105] Model parameter optimization (eps = 0.100000)

[00:51:42] ML tree search #3, logLikelihood: -1355188.667610

[00:51:42 -1833142.751593] Initial branch length optimization
[00:51:44 -1670750.471482] Model parameter optimization (eps = 10.000000)
[00:52:01 -1640316.948159] AUTODETECT spr round 1 (radius: 5)
[00:52:12 -1524760.448071] AUTODETECT spr round 2 (radius: 10)
[00:52:29 -1409475.976779] AUTODETECT spr round 3 (radius: 15)
[00:52:54 -1391323.739604] AUTODETECT spr round 4 (radius: 20)
[00:53:19 -1389740.882616] AUTODETECT spr round 5 (radius: 25)
[00:53:40 -1389581.898139] SPR radius for FAST iterations: 25 (autodetect)
[00:53:40 -1389581.898139] Model parameter optimization (eps = 3.000000)
[00:53:50 -1386694.006283] FAST spr round 1 (radius: 25)
[00:54:33 -1356762.018440] FAST spr round 2 (radius: 25)
[00:55:04 -1355489.464418] FAST spr round 3 (radius: 25)
[00:55:29 -1355412.534571] FAST spr round 4 (radius: 25)
[00:55:50 -1355364.498199] FAST spr round 5 (radius: 25)
[00:56:10 -1355328.198321] FAST spr round 6 (radius: 25)
[00:56:30 -1355315.023677] FAST spr round 7 (radius: 25)
[00:56:50 -1355306.054622] FAST spr round 8 (radius: 25)
[00:57:09 -1355300.137155] FAST spr round 9 (radius: 25)
[00:57:28 -1355296.354629] FAST spr round 10 (radius: 25)
[00:57:47 -1355272.333652] FAST spr round 11 (radius: 25)
[00:58:05 -1355271.088882] FAST spr round 12 (radius: 25)
[00:58:24 -1355270.685504] FAST spr round 13 (radius: 25)
[00:58:43 -1355267.574434] FAST spr round 14 (radius: 25)
[00:59:01 -1355263.451234] FAST spr round 15 (radius: 25)
[00:59:19 -1355263.450919] Model parameter optimization (eps = 1.000000)
[00:59:25 -1355213.733582] SLOW spr round 1 (radius: 5)
[01:00:18 -1355195.119456] SLOW spr round 2 (radius: 5)
[01:01:06 -1355190.166164] SLOW spr round 3 (radius: 5)
[01:01:51 -1355189.060475] SLOW spr round 4 (radius: 5)
[01:02:35 -1355189.059821] SLOW spr round 5 (radius: 10)
[01:03:28 -1355189.059806] SLOW spr round 6 (radius: 15)
[01:05:34 -1355189.059806] SLOW spr round 7 (radius: 20)
[01:07:16 -1355189.059806] SLOW spr round 8 (radius: 25)
[01:08:11 -1355189.059806] Model parameter optimization (eps = 0.100000)

[01:08:14] ML tree search #4, logLikelihood: -1355188.731295

[01:08:14 -1833591.881849] Initial branch length optimization
[01:08:15 -1670399.038066] Model parameter optimization (eps = 10.000000)
[01:08:34 -1640020.220403] AUTODETECT spr round 1 (radius: 5)
[01:08:44 -1508621.428917] AUTODETECT spr round 2 (radius: 10)
[01:09:03 -1405664.735107] AUTODETECT spr round 3 (radius: 15)
[01:09:27 -1389589.117673] AUTODETECT spr round 4 (radius: 20)
[01:09:54 -1389586.786870] AUTODETECT spr round 5 (radius: 25)
[01:10:11 -1389586.751190] SPR radius for FAST iterations: 20 (autodetect)
[01:10:11 -1389586.751190] Model parameter optimization (eps = 3.000000)
[01:10:22 -1386639.117223] FAST spr round 1 (radius: 20)
[01:11:02 -1355980.131929] FAST spr round 2 (radius: 20)
[01:11:32 -1355557.473655] FAST spr round 3 (radius: 20)
[01:11:55 -1355472.855044] FAST spr round 4 (radius: 20)
[01:12:17 -1355424.593557] FAST spr round 5 (radius: 20)
[01:12:37 -1355386.603865] FAST spr round 6 (radius: 20)
[01:12:57 -1355350.718320] FAST spr round 7 (radius: 20)
[01:13:17 -1355330.985206] FAST spr round 8 (radius: 20)
[01:13:36 -1355325.369000] FAST spr round 9 (radius: 20)
[01:13:55 -1355324.201613] FAST spr round 10 (radius: 20)
[01:14:14 -1355324.201055] Model parameter optimization (eps = 1.000000)
[01:14:19 -1355293.333474] SLOW spr round 1 (radius: 5)
[01:15:11 -1355273.323033] SLOW spr round 2 (radius: 5)
[01:15:59 -1355203.677227] SLOW spr round 3 (radius: 5)
[01:16:44 -1355182.704762] SLOW spr round 4 (radius: 5)
[01:17:27 -1355182.083951] SLOW spr round 5 (radius: 5)
[01:18:11 -1355181.829012] SLOW spr round 6 (radius: 5)
[01:18:54 -1355174.802575] SLOW spr round 7 (radius: 5)
[01:19:37 -1355171.067734] SLOW spr round 8 (radius: 5)
[01:20:20 -1355171.066326] SLOW spr round 9 (radius: 10)
[01:21:13 -1355171.066299] SLOW spr round 10 (radius: 15)
[01:23:16 -1355171.066299] SLOW spr round 11 (radius: 20)
[01:24:58 -1355171.066299] SLOW spr round 12 (radius: 25)
[01:25:55 -1355171.066299] Model parameter optimization (eps = 0.100000)

[01:25:58] ML tree search #5, logLikelihood: -1355170.601805

[01:25:58 -1827608.591750] Initial branch length optimization
[01:26:00 -1670824.315979] Model parameter optimization (eps = 10.000000)
[01:26:17 -1640416.598547] AUTODETECT spr round 1 (radius: 5)
[01:26:28 -1516631.955620] AUTODETECT spr round 2 (radius: 10)
[01:26:45 -1408508.419590] AUTODETECT spr round 3 (radius: 15)
[01:27:12 -1395016.858639] AUTODETECT spr round 4 (radius: 20)
[01:27:39 -1394715.560182] AUTODETECT spr round 5 (radius: 25)
[01:27:58 -1394715.549388] SPR radius for FAST iterations: 20 (autodetect)
[01:27:58 -1394715.549388] Model parameter optimization (eps = 3.000000)
[01:28:09 -1391922.810625] FAST spr round 1 (radius: 20)
[01:28:49 -1356491.114267] FAST spr round 2 (radius: 20)
[01:29:17 -1355363.235728] FAST spr round 3 (radius: 20)
[01:29:39 -1355324.789996] FAST spr round 4 (radius: 20)
[01:30:01 -1355305.763978] FAST spr round 5 (radius: 20)
[01:30:21 -1355296.880642] FAST spr round 6 (radius: 20)
[01:30:40 -1355293.112114] FAST spr round 7 (radius: 20)
[01:31:00 -1355290.032528] FAST spr round 8 (radius: 20)
[01:31:19 -1355267.102454] FAST spr round 9 (radius: 20)
[01:31:38 -1355264.252028] FAST spr round 10 (radius: 20)
[01:31:58 -1355262.522391] FAST spr round 11 (radius: 20)
[01:32:17 -1355261.692058] FAST spr round 12 (radius: 20)
[01:32:36 -1355261.058141] FAST spr round 13 (radius: 20)
[01:32:54 -1355261.057417] Model parameter optimization (eps = 1.000000)
[01:33:00 -1355229.526063] SLOW spr round 1 (radius: 5)
[01:33:52 -1355200.906544] SLOW spr round 2 (radius: 5)
[01:34:39 -1355200.217462] SLOW spr round 3 (radius: 5)
[01:35:23 -1355199.990585] SLOW spr round 4 (radius: 5)
[01:36:07 -1355199.803472] SLOW spr round 5 (radius: 5)
[01:36:50 -1355199.802610] SLOW spr round 6 (radius: 10)
[01:37:40 -1355199.802577] SLOW spr round 7 (radius: 15)
[01:39:39 -1355199.802576] SLOW spr round 8 (radius: 20)
[01:41:23 -1355199.802576] SLOW spr round 9 (radius: 25)
[01:42:36 -1355199.802576] Model parameter optimization (eps = 0.100000)

[01:42:38] ML tree search #6, logLikelihood: -1355199.654797

[01:42:38 -1830479.345279] Initial branch length optimization
[01:42:39 -1670164.099575] Model parameter optimization (eps = 10.000000)
[01:42:59 -1639940.115308] AUTODETECT spr round 1 (radius: 5)
[01:43:10 -1524817.080735] AUTODETECT spr round 2 (radius: 10)
[01:43:29 -1391607.835314] AUTODETECT spr round 3 (radius: 15)
[01:43:57 -1373640.177235] AUTODETECT spr round 4 (radius: 20)
[01:44:25 -1373312.111003] AUTODETECT spr round 5 (radius: 25)
[01:44:40 -1373030.259274] SPR radius for FAST iterations: 25 (autodetect)
[01:44:40 -1373030.259274] Model parameter optimization (eps = 3.000000)
[01:44:51 -1370476.860340] FAST spr round 1 (radius: 25)
[01:45:31 -1355789.267601] FAST spr round 2 (radius: 25)
[01:45:59 -1355426.144937] FAST spr round 3 (radius: 25)
[01:46:22 -1355366.903705] FAST spr round 4 (radius: 25)
[01:46:43 -1355313.996843] FAST spr round 5 (radius: 25)
[01:47:03 -1355276.470132] FAST spr round 6 (radius: 25)
[01:47:22 -1355259.988757] FAST spr round 7 (radius: 25)
[01:47:41 -1355253.400872] FAST spr round 8 (radius: 25)
[01:48:00 -1355249.128358] FAST spr round 9 (radius: 25)
[01:48:19 -1355245.644249] FAST spr round 10 (radius: 25)
[01:48:37 -1355242.819603] FAST spr round 11 (radius: 25)
[01:48:56 -1355240.332405] FAST spr round 12 (radius: 25)
[01:49:14 -1355239.416414] FAST spr round 13 (radius: 25)
[01:49:33 -1355239.414564] Model parameter optimization (eps = 1.000000)
[01:49:37 -1355226.482442] SLOW spr round 1 (radius: 5)
[01:50:30 -1355172.004208] SLOW spr round 2 (radius: 5)
[01:51:16 -1355170.882309] SLOW spr round 3 (radius: 5)
[01:52:01 -1355170.682864] SLOW spr round 4 (radius: 5)
[01:52:45 -1355170.682004] SLOW spr round 5 (radius: 10)
[01:53:38 -1355170.681947] SLOW spr round 6 (radius: 15)
[01:55:43 -1355170.681945] SLOW spr round 7 (radius: 20)
[01:57:24 -1355170.681944] SLOW spr round 8 (radius: 25)
[01:58:19 -1355170.681944] Model parameter optimization (eps = 0.100000)

[01:58:21] ML tree search #7, logLikelihood: -1355170.423670

[01:58:21 -1826495.562650] Initial branch length optimization
[01:58:23 -1670133.522708] Model parameter optimization (eps = 10.000000)
[01:58:45 -1639925.704451] AUTODETECT spr round 1 (radius: 5)
[01:58:56 -1482604.345655] AUTODETECT spr round 2 (radius: 10)
[01:59:13 -1385784.402108] AUTODETECT spr round 3 (radius: 15)
[01:59:35 -1370903.375710] AUTODETECT spr round 4 (radius: 20)
[02:00:00 -1370349.051924] AUTODETECT spr round 5 (radius: 25)
[02:00:18 -1370314.951375] SPR radius for FAST iterations: 25 (autodetect)
[02:00:18 -1370314.951375] Model parameter optimization (eps = 3.000000)
[02:00:33 -1367626.181267] FAST spr round 1 (radius: 25)
[02:01:13 -1355947.137443] FAST spr round 2 (radius: 25)
[02:01:42 -1355513.530898] FAST spr round 3 (radius: 25)
[02:02:05 -1355446.773034] FAST spr round 4 (radius: 25)
[02:02:27 -1355425.211449] FAST spr round 5 (radius: 25)
[02:02:47 -1355412.021867] FAST spr round 6 (radius: 25)
[02:03:06 -1355406.290949] FAST spr round 7 (radius: 25)
[02:03:25 -1355402.802213] FAST spr round 8 (radius: 25)
[02:03:44 -1355388.353971] FAST spr round 9 (radius: 25)
[02:04:04 -1355383.832042] FAST spr round 10 (radius: 25)
[02:04:23 -1355381.036803] FAST spr round 11 (radius: 25)
[02:04:43 -1355379.388898] FAST spr round 12 (radius: 25)
[02:05:02 -1355378.218513] FAST spr round 13 (radius: 25)
[02:05:21 -1355362.560067] FAST spr round 14 (radius: 25)
[02:05:41 -1355362.311475] FAST spr round 15 (radius: 25)
[02:06:00 -1355362.310595] Model parameter optimization (eps = 1.000000)
[02:06:03 -1355357.002690] SLOW spr round 1 (radius: 5)
[02:06:55 -1355321.052610] SLOW spr round 2 (radius: 5)
[02:07:41 -1355318.919198] SLOW spr round 3 (radius: 5)
[02:08:25 -1355318.756369] SLOW spr round 4 (radius: 5)
[02:09:09 -1355318.755568] SLOW spr round 5 (radius: 10)
[02:10:02 -1355318.755551] SLOW spr round 6 (radius: 15)
[02:12:03 -1355318.755551] SLOW spr round 7 (radius: 20)
[02:13:42 -1355318.755551] SLOW spr round 8 (radius: 25)
[02:14:48 -1355318.755551] Model parameter optimization (eps = 0.100000)

[02:14:50] ML tree search #8, logLikelihood: -1355318.690228

[02:14:50 -1834125.931777] Initial branch length optimization
[02:14:51 -1672578.114805] Model parameter optimization (eps = 10.000000)
[02:15:09 -1642030.577197] AUTODETECT spr round 1 (radius: 5)
[02:15:20 -1528631.311780] AUTODETECT spr round 2 (radius: 10)
[02:15:40 -1396543.326748] AUTODETECT spr round 3 (radius: 15)
[02:16:03 -1389934.216266] AUTODETECT spr round 4 (radius: 20)
[02:16:28 -1389934.121478] SPR radius for FAST iterations: 15 (autodetect)
[02:16:28 -1389934.121478] Model parameter optimization (eps = 3.000000)
[02:16:39 -1386986.579306] FAST spr round 1 (radius: 15)
[02:17:17 -1356364.123627] FAST spr round 2 (radius: 15)
[02:17:46 -1355479.102820] FAST spr round 3 (radius: 15)
[02:18:08 -1355420.001941] FAST spr round 4 (radius: 15)
[02:18:27 -1355380.772966] FAST spr round 5 (radius: 15)
[02:18:47 -1355356.185527] FAST spr round 6 (radius: 15)
[02:19:07 -1355295.851186] FAST spr round 7 (radius: 15)
[02:19:25 -1355275.520006] FAST spr round 8 (radius: 15)
[02:19:43 -1355271.569901] FAST spr round 9 (radius: 15)
[02:20:01 -1355268.797949] FAST spr round 10 (radius: 15)
[02:20:19 -1355266.104710] FAST spr round 11 (radius: 15)
[02:20:37 -1355265.891611] FAST spr round 12 (radius: 15)
[02:20:55 -1355265.363196] FAST spr round 13 (radius: 15)
[02:21:13 -1355265.361640] Model parameter optimization (eps = 1.000000)
[02:21:18 -1355241.115769] SLOW spr round 1 (radius: 5)
[02:22:10 -1355195.605319] SLOW spr round 2 (radius: 5)
[02:22:58 -1355188.838070] SLOW spr round 3 (radius: 5)
[02:23:42 -1355188.818538] SLOW spr round 4 (radius: 10)
[02:24:35 -1355188.817753] SLOW spr round 5 (radius: 15)
[02:26:40 -1355188.817685] SLOW spr round 6 (radius: 20)
[02:28:20 -1355188.817681] SLOW spr round 7 (radius: 25)
[02:29:15 -1355188.817681] Model parameter optimization (eps = 0.100000)

[02:29:16] ML tree search #9, logLikelihood: -1355188.736489

[02:29:16 -1833025.334998] Initial branch length optimization
[02:29:17 -1673016.892376] Model parameter optimization (eps = 10.000000)
[02:29:35 -1642594.861484] AUTODETECT spr round 1 (radius: 5)
[02:29:46 -1513863.574734] AUTODETECT spr round 2 (radius: 10)
[02:30:04 -1394972.292814] AUTODETECT spr round 3 (radius: 15)
[02:30:26 -1383132.097157] AUTODETECT spr round 4 (radius: 20)
[02:30:46 -1382915.018394] AUTODETECT spr round 5 (radius: 25)
[02:31:02 -1382914.967655] SPR radius for FAST iterations: 20 (autodetect)
[02:31:02 -1382914.967655] Model parameter optimization (eps = 3.000000)
[02:31:13 -1380084.648979] FAST spr round 1 (radius: 20)
[02:31:53 -1356209.724702] FAST spr round 2 (radius: 20)
[02:32:22 -1355396.124445] FAST spr round 3 (radius: 20)
[02:32:45 -1355341.416507] FAST spr round 4 (radius: 20)
[02:33:05 -1355305.249044] FAST spr round 5 (radius: 20)
[02:33:24 -1355291.696464] FAST spr round 6 (radius: 20)
[02:33:43 -1355279.858857] FAST spr round 7 (radius: 20)
[02:34:02 -1355276.028642] FAST spr round 8 (radius: 20)
[02:34:20 -1355273.407502] FAST spr round 9 (radius: 20)
[02:34:39 -1355270.780385] FAST spr round 10 (radius: 20)
[02:34:57 -1355269.376956] FAST spr round 11 (radius: 20)
[02:35:15 -1355268.781090] FAST spr round 12 (radius: 20)
[02:35:34 -1355265.350210] FAST spr round 13 (radius: 20)
[02:35:52 -1355261.340637] FAST spr round 14 (radius: 20)
[02:36:10 -1355261.340210] Model parameter optimization (eps = 1.000000)
[02:36:14 -1355226.618813] SLOW spr round 1 (radius: 5)
[02:37:07 -1355176.901089] SLOW spr round 2 (radius: 5)
[02:37:53 -1355171.971929] SLOW spr round 3 (radius: 5)
[02:38:37 -1355170.856101] SLOW spr round 4 (radius: 5)
[02:39:20 -1355170.664170] SLOW spr round 5 (radius: 5)
[02:40:03 -1355170.663435] SLOW spr round 6 (radius: 10)
[02:40:55 -1355170.663415] SLOW spr round 7 (radius: 15)
[02:42:56 -1355170.663414] SLOW spr round 8 (radius: 20)
[02:44:38 -1355170.663414] SLOW spr round 9 (radius: 25)
[02:45:33 -1355170.663414] Model parameter optimization (eps = 0.100000)

[02:45:35] ML tree search #10, logLikelihood: -1355170.382534

[02:45:35 -1447152.254852] Initial branch length optimization
[02:45:37 -1385918.535020] Model parameter optimization (eps = 10.000000)
[02:45:45 -1357073.598352] AUTODETECT spr round 1 (radius: 5)
[02:45:54 -1355641.961278] AUTODETECT spr round 2 (radius: 10)
[02:46:16 -1355489.158434] AUTODETECT spr round 3 (radius: 15)
[02:46:44 -1355489.154579] SPR radius for FAST iterations: 10 (autodetect)
[02:46:44 -1355489.154579] Model parameter optimization (eps = 3.000000)
[02:46:45 -1355488.596495] FAST spr round 1 (radius: 10)
[02:47:09 -1355293.156747] FAST spr round 2 (radius: 10)
[02:47:28 -1355275.016430] FAST spr round 3 (radius: 10)
[02:47:47 -1355259.879359] FAST spr round 4 (radius: 10)
[02:48:05 -1355254.720992] FAST spr round 5 (radius: 10)
[02:48:23 -1355251.540286] FAST spr round 6 (radius: 10)
[02:48:40 -1355249.795301] FAST spr round 7 (radius: 10)
[02:48:57 -1355248.100863] FAST spr round 8 (radius: 10)
[02:49:13 -1355246.395580] FAST spr round 9 (radius: 10)
[02:49:30 -1355244.810735] FAST spr round 10 (radius: 10)
[02:49:47 -1355244.567846] FAST spr round 11 (radius: 10)
[02:50:03 -1355240.954970] FAST spr round 12 (radius: 10)
[02:50:20 -1355237.095147] FAST spr round 13 (radius: 10)
[02:50:36 -1355237.094803] Model parameter optimization (eps = 1.000000)
[02:50:38 -1355236.845323] SLOW spr round 1 (radius: 5)
[02:51:30 -1355200.650887] SLOW spr round 2 (radius: 5)
[02:52:16 -1355193.872476] SLOW spr round 3 (radius: 5)
[02:53:00 -1355188.810300] SLOW spr round 4 (radius: 5)
[02:53:43 -1355188.791775] SLOW spr round 5 (radius: 10)
[02:54:35 -1355188.791028] SLOW spr round 6 (radius: 15)
[02:56:38 -1355188.790962] SLOW spr round 7 (radius: 20)
[02:58:18 -1355188.790959] SLOW spr round 8 (radius: 25)
[02:59:12 -1355188.790959] Model parameter optimization (eps = 0.100000)

[02:59:13] ML tree search #11, logLikelihood: -1355188.714961

[02:59:13 -1448047.885648] Initial branch length optimization
[02:59:14 -1386581.889597] Model parameter optimization (eps = 10.000000)
[02:59:22 -1357699.500014] AUTODETECT spr round 1 (radius: 5)
[02:59:31 -1355904.648963] AUTODETECT spr round 2 (radius: 10)
[02:59:51 -1355753.380937] AUTODETECT spr round 3 (radius: 15)
[03:00:15 -1355753.358260] SPR radius for FAST iterations: 10 (autodetect)
[03:00:15 -1355753.358260] Model parameter optimization (eps = 3.000000)
[03:00:16 -1355752.825369] FAST spr round 1 (radius: 10)
[03:00:41 -1355353.615352] FAST spr round 2 (radius: 10)
[03:01:03 -1355304.152844] FAST spr round 3 (radius: 10)
[03:01:22 -1355283.248967] FAST spr round 4 (radius: 10)
[03:01:39 -1355273.289662] FAST spr round 5 (radius: 10)
[03:01:56 -1355265.878244] FAST spr round 6 (radius: 10)
[03:02:13 -1355262.948133] FAST spr round 7 (radius: 10)
[03:02:30 -1355262.538112] FAST spr round 8 (radius: 10)
[03:02:46 -1355262.537231] Model parameter optimization (eps = 1.000000)
[03:02:47 -1355262.443492] SLOW spr round 1 (radius: 5)
[03:03:39 -1355209.998078] SLOW spr round 2 (radius: 5)
[03:04:24 -1355203.340635] SLOW spr round 3 (radius: 5)
[03:05:07 -1355203.238720] SLOW spr round 4 (radius: 5)
[03:05:49 -1355203.237128] SLOW spr round 5 (radius: 10)
[03:06:38 -1355203.237105] SLOW spr round 6 (radius: 15)
[03:08:34 -1355203.237104] SLOW spr round 7 (radius: 20)
[03:10:16 -1355203.237104] SLOW spr round 8 (radius: 25)
[03:11:28 -1355203.237104] Model parameter optimization (eps = 0.100000)

[03:11:29] ML tree search #12, logLikelihood: -1355203.154566

[03:11:29 -1447820.639297] Initial branch length optimization
[03:11:31 -1386177.379224] Model parameter optimization (eps = 10.000000)
[03:11:39 -1357371.365500] AUTODETECT spr round 1 (radius: 5)
[03:11:49 -1355669.624176] AUTODETECT spr round 2 (radius: 10)
[03:12:08 -1355596.766294] AUTODETECT spr round 3 (radius: 15)
[03:12:32 -1355596.755783] SPR radius for FAST iterations: 10 (autodetect)
[03:12:32 -1355596.755783] Model parameter optimization (eps = 3.000000)
[03:12:33 -1355595.693645] FAST spr round 1 (radius: 10)
[03:12:59 -1355357.995367] FAST spr round 2 (radius: 10)
[03:13:20 -1355298.358224] FAST spr round 3 (radius: 10)
[03:13:39 -1355272.434070] FAST spr round 4 (radius: 10)
[03:13:57 -1355257.400136] FAST spr round 5 (radius: 10)
[03:14:14 -1355244.439816] FAST spr round 6 (radius: 10)
[03:14:32 -1355233.058214] FAST spr round 7 (radius: 10)
[03:14:48 -1355230.868814] FAST spr round 8 (radius: 10)
[03:15:05 -1355229.149188] FAST spr round 9 (radius: 10)
[03:15:22 -1355227.492340] FAST spr round 10 (radius: 10)
[03:15:38 -1355226.176902] FAST spr round 11 (radius: 10)
[03:15:55 -1355225.182218] FAST spr round 12 (radius: 10)
[03:16:11 -1355224.324787] FAST spr round 13 (radius: 10)
[03:16:28 -1355221.288059] FAST spr round 14 (radius: 10)
[03:16:44 -1355217.062916] FAST spr round 15 (radius: 10)
[03:17:00 -1355216.880173] FAST spr round 16 (radius: 10)
[03:17:17 -1355216.879890] Model parameter optimization (eps = 1.000000)
[03:17:18 -1355216.756526] SLOW spr round 1 (radius: 5)
[03:18:09 -1355201.676330] SLOW spr round 2 (radius: 5)
[03:18:55 -1355194.869427] SLOW spr round 3 (radius: 5)
[03:19:39 -1355189.948851] SLOW spr round 4 (radius: 5)
[03:20:22 -1355188.801427] SLOW spr round 5 (radius: 5)
[03:21:05 -1355188.800958] SLOW spr round 6 (radius: 10)
[03:21:57 -1355188.800950] SLOW spr round 7 (radius: 15)
[03:24:00 -1355188.800950] SLOW spr round 8 (radius: 20)
[03:25:40 -1355188.800950] SLOW spr round 9 (radius: 25)
[03:26:34 -1355188.800950] Model parameter optimization (eps = 0.100000)

[03:26:35] ML tree search #13, logLikelihood: -1355188.707151

[03:26:35 -1447164.278384] Initial branch length optimization
[03:26:36 -1386065.482760] Model parameter optimization (eps = 10.000000)
[03:26:45 -1357192.199143] AUTODETECT spr round 1 (radius: 5)
[03:26:55 -1355731.213786] AUTODETECT spr round 2 (radius: 10)
[03:27:13 -1355637.041396] AUTODETECT spr round 3 (radius: 15)
[03:27:38 -1355637.030101] SPR radius for FAST iterations: 10 (autodetect)
[03:27:38 -1355637.030101] Model parameter optimization (eps = 3.000000)
[03:27:39 -1355636.263242] FAST spr round 1 (radius: 10)
[03:28:03 -1355430.991777] FAST spr round 2 (radius: 10)
[03:28:23 -1355397.509888] FAST spr round 3 (radius: 10)
[03:28:42 -1355371.255467] FAST spr round 4 (radius: 10)
[03:29:00 -1355298.830852] FAST spr round 5 (radius: 10)
[03:29:18 -1355284.180846] FAST spr round 6 (radius: 10)
[03:29:35 -1355275.593280] FAST spr round 7 (radius: 10)
[03:29:52 -1355272.833284] FAST spr round 8 (radius: 10)
[03:30:09 -1355270.402728] FAST spr round 9 (radius: 10)
[03:30:26 -1355257.048591] FAST spr round 10 (radius: 10)
[03:30:43 -1355254.803920] FAST spr round 11 (radius: 10)
[03:31:00 -1355254.748478] Model parameter optimization (eps = 1.000000)
[03:31:01 -1355254.580248] SLOW spr round 1 (radius: 5)
[03:31:56 -1355199.279917] SLOW spr round 2 (radius: 5)
[03:32:43 -1355192.435466] SLOW spr round 3 (radius: 5)
[03:33:26 -1355189.878646] SLOW spr round 4 (radius: 5)
[03:34:10 -1355188.880449] SLOW spr round 5 (radius: 5)
[03:34:52 -1355188.880283] SLOW spr round 6 (radius: 10)
[03:35:44 -1355188.880275] SLOW spr round 7 (radius: 15)
[03:37:46 -1355188.880275] SLOW spr round 8 (radius: 20)
[03:39:27 -1355188.880275] SLOW spr round 9 (radius: 25)
[03:40:23 -1355188.880275] Model parameter optimization (eps = 0.100000)

[03:40:25] ML tree search #14, logLikelihood: -1355188.664416

[03:40:25 -1446534.122782] Initial branch length optimization
[03:40:26 -1385484.138877] Model parameter optimization (eps = 10.000000)
[03:40:34 -1356758.943230] AUTODETECT spr round 1 (radius: 5)
[03:40:44 -1355375.582458] AUTODETECT spr round 2 (radius: 10)
[03:41:03 -1355375.566321] SPR radius for FAST iterations: 5 (autodetect)
[03:41:03 -1355375.566321] Model parameter optimization (eps = 3.000000)
[03:41:04 -1355374.505634] FAST spr round 1 (radius: 5)
[03:41:22 -1355273.883168] FAST spr round 2 (radius: 5)
[03:41:36 -1355258.203548] FAST spr round 3 (radius: 5)
[03:41:50 -1355251.967892] FAST spr round 4 (radius: 5)
[03:42:03 -1355248.567425] FAST spr round 5 (radius: 5)
[03:42:17 -1355246.032146] FAST spr round 6 (radius: 5)
[03:42:31 -1355244.104833] FAST spr round 7 (radius: 5)
[03:42:44 -1355244.103209] Model parameter optimization (eps = 1.000000)
[03:42:45 -1355243.640668] SLOW spr round 1 (radius: 5)
[03:43:37 -1355209.876862] SLOW spr round 2 (radius: 5)
[03:44:23 -1355204.196345] SLOW spr round 3 (radius: 5)
[03:45:06 -1355202.090048] SLOW spr round 4 (radius: 5)
[03:45:49 -1355201.007917] SLOW spr round 5 (radius: 5)
[03:46:32 -1355200.404632] SLOW spr round 6 (radius: 5)
[03:47:14 -1355200.276103] SLOW spr round 7 (radius: 5)
[03:47:56 -1355200.099494] SLOW spr round 8 (radius: 5)
[03:48:39 -1355200.098521] SLOW spr round 9 (radius: 10)
[03:49:28 -1355200.098482] SLOW spr round 10 (radius: 15)
[03:51:26 -1355200.098481] SLOW spr round 11 (radius: 20)
[03:53:08 -1355200.098481] SLOW spr round 12 (radius: 25)
[03:54:20 -1355200.098481] Model parameter optimization (eps = 0.100000)

[03:54:22] ML tree search #15, logLikelihood: -1355199.665295

[03:54:22 -1448713.148560] Initial branch length optimization
[03:54:23 -1386616.258603] Model parameter optimization (eps = 10.000000)
[03:54:32 -1357836.228030] AUTODETECT spr round 1 (radius: 5)
[03:54:41 -1355808.782011] AUTODETECT spr round 2 (radius: 10)
[03:54:59 -1355724.920423] AUTODETECT spr round 3 (radius: 15)
[03:55:24 -1355724.901036] SPR radius for FAST iterations: 10 (autodetect)
[03:55:24 -1355724.901036] Model parameter optimization (eps = 3.000000)
[03:55:25 -1355724.654915] FAST spr round 1 (radius: 10)
[03:55:50 -1355437.213434] FAST spr round 2 (radius: 10)
[03:56:09 -1355406.355757] FAST spr round 3 (radius: 10)
[03:56:27 -1355376.186383] FAST spr round 4 (radius: 10)
[03:56:44 -1355343.893921] FAST spr round 5 (radius: 10)
[03:57:01 -1355327.149241] FAST spr round 6 (radius: 10)
[03:57:19 -1355316.786332] FAST spr round 7 (radius: 10)
[03:57:36 -1355312.210716] FAST spr round 8 (radius: 10)
[03:57:52 -1355312.161286] Model parameter optimization (eps = 1.000000)
[03:57:53 -1355311.917509] SLOW spr round 1 (radius: 5)
[03:58:45 -1355272.220989] SLOW spr round 2 (radius: 5)
[03:59:32 -1355202.582745] SLOW spr round 3 (radius: 5)
[04:00:16 -1355181.543488] SLOW spr round 4 (radius: 5)
[04:00:59 -1355175.035050] SLOW spr round 5 (radius: 5)
[04:01:41 -1355170.769071] SLOW spr round 6 (radius: 5)
[04:02:23 -1355170.767892] SLOW spr round 7 (radius: 10)
[04:03:14 -1355170.767865] SLOW spr round 8 (radius: 15)
[04:05:16 -1355170.767864] SLOW spr round 9 (radius: 20)
[04:06:57 -1355170.767864] SLOW spr round 10 (radius: 25)
[04:07:52 -1355170.767864] Model parameter optimization (eps = 0.100000)

[04:07:54] ML tree search #16, logLikelihood: -1355170.584944

[04:07:54 -1447100.576571] Initial branch length optimization
[04:07:55 -1385483.409075] Model parameter optimization (eps = 10.000000)
[04:08:03 -1356545.075522] AUTODETECT spr round 1 (radius: 5)
[04:08:13 -1355451.835352] AUTODETECT spr round 2 (radius: 10)
[04:08:31 -1355382.494674] AUTODETECT spr round 3 (radius: 15)
[04:08:57 -1355382.490016] SPR radius for FAST iterations: 10 (autodetect)
[04:08:57 -1355382.490016] Model parameter optimization (eps = 3.000000)
[04:08:58 -1355381.973325] FAST spr round 1 (radius: 10)
[04:09:21 -1355329.416890] FAST spr round 2 (radius: 10)
[04:09:40 -1355324.831809] FAST spr round 3 (radius: 10)
[04:09:58 -1355323.714169] FAST spr round 4 (radius: 10)
[04:10:16 -1355322.902021] FAST spr round 5 (radius: 10)
[04:10:33 -1355322.901883] Model parameter optimization (eps = 1.000000)
[04:10:34 -1355322.771735] SLOW spr round 1 (radius: 5)
[04:11:30 -1355213.717908] SLOW spr round 2 (radius: 5)
[04:12:17 -1355198.455734] SLOW spr round 3 (radius: 5)
[04:13:01 -1355193.545818] SLOW spr round 4 (radius: 5)
[04:13:45 -1355190.007866] SLOW spr round 5 (radius: 5)
[04:14:28 -1355188.844324] SLOW spr round 6 (radius: 5)
[04:15:11 -1355188.802768] SLOW spr round 7 (radius: 10)
[04:16:02 -1355188.799862] SLOW spr round 8 (radius: 15)
[04:18:03 -1355188.799741] SLOW spr round 9 (radius: 20)
[04:19:44 -1355188.799737] SLOW spr round 10 (radius: 25)
[04:20:39 -1355188.799737] Model parameter optimization (eps = 0.100000)

[04:20:41] ML tree search #17, logLikelihood: -1355188.638779

[04:20:41 -1446462.483376] Initial branch length optimization
[04:20:42 -1385187.367218] Model parameter optimization (eps = 10.000000)
[04:20:50 -1356457.054017] AUTODETECT spr round 1 (radius: 5)
[04:21:00 -1355589.037295] AUTODETECT spr round 2 (radius: 10)
[04:21:19 -1355488.986412] AUTODETECT spr round 3 (radius: 15)
[04:21:46 -1355488.977196] SPR radius for FAST iterations: 10 (autodetect)
[04:21:46 -1355488.977196] Model parameter optimization (eps = 3.000000)
[04:21:47 -1355488.172642] FAST spr round 1 (radius: 10)
[04:22:11 -1355311.880323] FAST spr round 2 (radius: 10)
[04:22:30 -1355291.322468] FAST spr round 3 (radius: 10)
[04:22:48 -1355284.787097] FAST spr round 4 (radius: 10)
[04:23:05 -1355263.060249] FAST spr round 5 (radius: 10)
[04:23:22 -1355257.522514] FAST spr round 6 (radius: 10)
[04:23:39 -1355253.438488] FAST spr round 7 (radius: 10)
[04:23:55 -1355251.221763] FAST spr round 8 (radius: 10)
[04:24:12 -1355249.483738] FAST spr round 9 (radius: 10)
[04:24:28 -1355247.925420] FAST spr round 10 (radius: 10)
[04:24:45 -1355246.829383] FAST spr round 11 (radius: 10)
[04:25:01 -1355245.841755] FAST spr round 12 (radius: 10)
[04:25:17 -1355244.905934] FAST spr round 13 (radius: 10)
[04:25:34 -1355244.904311] Model parameter optimization (eps = 1.000000)
[04:25:35 -1355244.540407] SLOW spr round 1 (radius: 5)
[04:26:27 -1355209.503166] SLOW spr round 2 (radius: 5)
[04:27:14 -1355201.048505] SLOW spr round 3 (radius: 5)
[04:27:58 -1355200.494340] SLOW spr round 4 (radius: 5)
[04:28:41 -1355200.442558] SLOW spr round 5 (radius: 10)
[04:29:31 -1355200.439796] SLOW spr round 6 (radius: 15)
[04:31:31 -1355200.439673] SLOW spr round 7 (radius: 20)
[04:33:11 -1355200.439670] SLOW spr round 8 (radius: 25)
[04:34:19 -1355200.439670] Model parameter optimization (eps = 0.100000)

[04:34:20] ML tree search #18, logLikelihood: -1355200.349418

[04:34:20 -1447719.838344] Initial branch length optimization
[04:34:22 -1385844.041939] Model parameter optimization (eps = 10.000000)
[04:34:30 -1357085.410619] AUTODETECT spr round 1 (radius: 5)
[04:34:39 -1355715.966737] AUTODETECT spr round 2 (radius: 10)
[04:34:58 -1355566.185068] AUTODETECT spr round 3 (radius: 15)
[04:35:23 -1355566.173048] SPR radius for FAST iterations: 10 (autodetect)
[04:35:23 -1355566.173048] Model parameter optimization (eps = 3.000000)
[04:35:24 -1355565.478982] FAST spr round 1 (radius: 10)
[04:35:48 -1355382.747306] FAST spr round 2 (radius: 10)
[04:36:08 -1355262.938421] FAST spr round 3 (radius: 10)
[04:36:26 -1355248.372938] FAST spr round 4 (radius: 10)
[04:36:44 -1355241.126171] FAST spr round 5 (radius: 10)
[04:37:01 -1355234.943886] FAST spr round 6 (radius: 10)
[04:37:17 -1355232.648299] FAST spr round 7 (radius: 10)
[04:37:34 -1355230.448491] FAST spr round 8 (radius: 10)
[04:37:50 -1355228.344658] FAST spr round 9 (radius: 10)
[04:38:06 -1355226.307667] FAST spr round 10 (radius: 10)
[04:38:22 -1355226.306731] Model parameter optimization (eps = 1.000000)
[04:38:23 -1355226.148572] SLOW spr round 1 (radius: 5)
[04:39:17 -1355184.109099] SLOW spr round 2 (radius: 5)
[04:40:03 -1355175.632238] SLOW spr round 3 (radius: 5)
[04:40:47 -1355173.409174] SLOW spr round 4 (radius: 5)
[04:41:30 -1355171.954405] SLOW spr round 5 (radius: 5)
[04:42:12 -1355170.701606] SLOW spr round 6 (radius: 5)
[04:42:54 -1355170.701120] SLOW spr round 7 (radius: 10)
[04:43:46 -1355170.701096] SLOW spr round 8 (radius: 15)
[04:45:47 -1355170.701095] SLOW spr round 9 (radius: 20)
[04:47:27 -1355170.701095] SLOW spr round 10 (radius: 25)
[04:48:23 -1355170.701095] Model parameter optimization (eps = 0.100000)

[04:48:23] ML tree search #19, logLikelihood: -1355170.607605

[04:48:23 -1446407.123806] Initial branch length optimization
[04:48:25 -1385528.062925] Model parameter optimization (eps = 10.000000)
[04:48:32 -1356776.727639] AUTODETECT spr round 1 (radius: 5)
[04:48:42 -1355752.307273] AUTODETECT spr round 2 (radius: 10)
[04:49:02 -1355664.185314] AUTODETECT spr round 3 (radius: 15)
[04:49:24 -1355664.181280] SPR radius for FAST iterations: 10 (autodetect)
[04:49:24 -1355664.181280] Model parameter optimization (eps = 3.000000)
[04:49:25 -1355663.366196] FAST spr round 1 (radius: 10)
[04:49:48 -1355529.385083] FAST spr round 2 (radius: 10)
[04:50:09 -1355472.896621] FAST spr round 3 (radius: 10)
[04:50:27 -1355450.455392] FAST spr round 4 (radius: 10)
[04:50:46 -1355384.586664] FAST spr round 5 (radius: 10)
[04:51:03 -1355372.868417] FAST spr round 6 (radius: 10)
[04:51:21 -1355333.775496] FAST spr round 7 (radius: 10)
[04:51:38 -1355326.194776] FAST spr round 8 (radius: 10)
[04:51:55 -1355322.786342] FAST spr round 9 (radius: 10)
[04:52:12 -1355321.317453] FAST spr round 10 (radius: 10)
[04:52:29 -1355319.067569] FAST spr round 11 (radius: 10)
[04:52:46 -1355316.087763] FAST spr round 12 (radius: 10)
[04:53:03 -1355314.123296] FAST spr round 13 (radius: 10)
[04:53:19 -1355313.664558] FAST spr round 14 (radius: 10)
[04:53:36 -1355313.664136] Model parameter optimization (eps = 1.000000)
[04:53:37 -1355313.433569] SLOW spr round 1 (radius: 5)
[04:54:29 -1355269.567951] SLOW spr round 2 (radius: 5)
[04:55:14 -1355258.482458] SLOW spr round 3 (radius: 5)
[04:55:59 -1355200.146404] SLOW spr round 4 (radius: 5)
[04:56:42 -1355194.161313] SLOW spr round 5 (radius: 5)
[04:57:25 -1355191.403157] SLOW spr round 6 (radius: 5)
[04:58:08 -1355190.106055] SLOW spr round 7 (radius: 5)
[04:58:51 -1355189.060396] SLOW spr round 8 (radius: 5)
[04:59:33 -1355189.036418] SLOW spr round 9 (radius: 10)
[05:00:25 -1355189.034981] SLOW spr round 10 (radius: 15)
[05:02:30 -1355189.034929] SLOW spr round 11 (radius: 20)
[05:04:10 -1355189.034927] SLOW spr round 12 (radius: 25)
[05:05:06 -1355189.034927] Model parameter optimization (eps = 0.100000)

[05:05:08] ML tree search #20, logLikelihood: -1355188.712845


Optimized model parameters:

   Partition 0: noname
   Rate heterogeneity: GAMMA (4 cats, mean),  alpha: 1.845385 (ML),  weights&rates: (0.250000,0.274092) (0.250000,0.637496) (0.250000,1.065591) (0.250000,2.022820) 
   Base frequencies (ML): 0.259609 0.232468 0.226802 0.281121 
   Substitution rates (ML): 1.638596 3.606955 1.422614 1.335751 3.814859 1.000000 


Final LogLikelihood: -1355170.382534

AIC score: 2711068.765069 / AICc score: 2711074.677710 / BIC score: 2714243.279959
Free parameters (model + branch lengths): 364

Best ML tree saved to: /home/gkettenburg/RAxML_tree/picornaviridae/T2.raxml.bestTree
All ML trees saved to: /home/gkettenburg/RAxML_tree/picornaviridae/T2.raxml.mlTrees
Optimized model saved to: /home/gkettenburg/RAxML_tree/picornaviridae/T2.raxml.bestModel

Execution log saved to: /home/gkettenburg/RAxML_tree/picornaviridae/T2.raxml.log

Analysis started: 14-Aug-2023 22:08:39 / finished: 15-Aug-2023 03:13:48

Elapsed time: 18308.678 seconds

Consumed energy: 680.506 Wh (= 3 km in an electric car, or 17 km with an e-scooter!)

