
RAxML-NG v. 1.1.0-master released on 22.06.2022 by The Exelixis Lab.
Developed by: Alexey M. Kozlov and Alexandros Stamatakis.
Contributors: Diego Darriba, Tomas Flouri, Benoit Morel, Sarah Lutteropp, Ben Bettisworth.
Latest version: https://github.com/amkozlov/raxml-ng
Questions/problems/suggestions? Please visit: https://groups.google.com/forum/#!forum/raxml

System: Intel(R) Xeon(R) CPU E5-2680 v4 @ 2.40GHz, 28 cores, 62 GB RAM

RAxML-NG was called at 05-Aug-2023 00:20:48 as follows:

raxml-ng-mpi --bootstrap --msa picornavirales_full_align.fasta --model GTR+G4 --prefix T6 --seed 1 --threads auto{12}

Analysis options:
  run mode: Bootstrapping
  start tree(s): 
  bootstrap replicates: max: 1000 + bootstopping (autoMRE, cutoff: 0.030000)
  random seed: 1
  tip-inner: OFF
  pattern compression: ON
  per-rate scalers: OFF
  site repeats: ON
  branch lengths: proportional (ML estimate, algorithm: NR-FAST)
  SIMD kernels: AVX2
  parallelization: coarse-grained (auto), PTHREADS (auto)

[00:00:01] Reading alignment from file: picornavirales_full_align.fasta
[00:00:01] Loaded alignment with 408 taxa and 63252 sites

Alignment comprises 1 partitions and 41000 patterns

Partition 0: noname
Model: GTR+FO+G4m
Alignment sites / patterns: 63252 / 41000
Gaps: 87.24 %
Invariant sites: 37.99 %


NOTE: Binary MSA file created: T6.raxml.rba

Parallelization scheme autoconfig: 1 worker(s) x 12 thread(s)

Parallel reduction/worker buffer size: 1 KB  / 0 KB

[00:00:02] Data distribution: max. partitions/sites/weight per thread: 1 / 3417 / 54672
[00:00:04] Data distribution: max. searches per worker: 1000
[00:00:04] Starting bootstrapping analysis with 1000 replicates.

[01:04:17] Bootstrap tree #1, logLikelihood: -3325116.703314
[02:25:25] Bootstrap tree #2, logLikelihood: -3418731.228646
[03:46:20] Bootstrap tree #3, logLikelihood: -3400680.254814
[04:55:14] Bootstrap tree #4, logLikelihood: -3381477.110757
[06:08:36] Bootstrap tree #5, logLikelihood: -3371166.672648
[07:25:34] Bootstrap tree #6, logLikelihood: -3389572.937333
[08:46:03] Bootstrap tree #7, logLikelihood: -3371446.625677
[09:55:27] Bootstrap tree #8, logLikelihood: -3391547.715542
[11:16:47] Bootstrap tree #9, logLikelihood: -3377511.621070
[12:37:34] Bootstrap tree #10, logLikelihood: -3364657.169008
[14:00:01] Bootstrap tree #11, logLikelihood: -3413368.341457
[15:20:36] Bootstrap tree #12, logLikelihood: -3377654.274794

RAxML-NG v. 1.1.0-master released on 22.06.2022 by The Exelixis Lab.
Developed by: Alexey M. Kozlov and Alexandros Stamatakis.
Contributors: Diego Darriba, Tomas Flouri, Benoit Morel, Sarah Lutteropp, Ben Bettisworth.
Latest version: https://github.com/amkozlov/raxml-ng
Questions/problems/suggestions? Please visit: https://groups.google.com/forum/#!forum/raxml

System: Intel(R) Xeon(R) CPU E5-2680 v4 @ 2.40GHz, 28 cores, 62 GB RAM

RAxML-NG was called at 05-Aug-2023 16:02:57 as follows:

raxml-ng-mpi --bootstrap --msa picornavirales_full_align.fasta --model GTR+G4 --prefix T6 --seed 5 --threads auto{12}

Analysis options:
  run mode: Bootstrapping
  start tree(s): 
  bootstrap replicates: max: 1000 + bootstopping (autoMRE, cutoff: 0.030000)
  random seed: 5
  tip-inner: OFF
  pattern compression: ON
  per-rate scalers: OFF
  site repeats: ON
  branch lengths: proportional (ML estimate, algorithm: NR-FAST)
  SIMD kernels: AVX2
  parallelization: coarse-grained (auto), PTHREADS (auto)

WARNING: The model you specified on the command line (GTR+G4) will be ignored 
         since the binary MSA file already contains a model definition.
         If you want to change the model, please re-run RAxML-NG 
         with the original PHYLIP/FASTA alignment and --redo option.

[00:00:00] Loading binary alignment from file: T6.raxml.rba
[00:00:00] Alignment comprises 408 taxa, 1 partitions and 41000 patterns

Partition 0: noname
Model: GTR+FO+G4m
Alignment sites / patterns: 63252 / 41000
Gaps: 87.24 %
Invariant sites: 37.99 %


Parallelization scheme autoconfig: 1 worker(s) x 12 thread(s)

Parallel reduction/worker buffer size: 1 KB  / 0 KB

[00:00:00] NOTE: Resuming execution from checkpoint (logLH: -3490746.45, ML trees: 0, bootstraps: 12)
[00:00:00] Data distribution: max. partitions/sites/weight per thread: 1 / 3417 / 54672
[00:00:02] Data distribution: max. searches per worker: 988
[00:00:02] Starting bootstrapping analysis with 1000 replicates.

[01:12:42] Bootstrap tree #13, logLikelihood: -3388285.557549
[02:27:20] Bootstrap tree #14, logLikelihood: -3392429.615294
[03:44:58] Bootstrap tree #15, logLikelihood: -3352033.839054
[04:58:27] Bootstrap tree #16, logLikelihood: -3382836.777645
[06:06:57] Bootstrap tree #17, logLikelihood: -3371299.783636
[07:23:39] Bootstrap tree #18, logLikelihood: -3352450.607135
[08:32:47] Bootstrap tree #19, logLikelihood: -3339157.848214
[09:35:41] Bootstrap tree #20, logLikelihood: -3355593.615886
[10:53:22] Bootstrap tree #21, logLikelihood: -3366842.012050
[12:23:17] Bootstrap tree #22, logLikelihood: -3358300.499170
[13:39:48] Bootstrap tree #23, logLikelihood: -3369857.570950
[14:52:36] Bootstrap tree #24, logLikelihood: -3366308.048085
[16:16:31] Bootstrap tree #25, logLikelihood: -3386655.693799
[17:29:33] Bootstrap tree #26, logLikelihood: -3354471.754502
[18:37:01] Bootstrap tree #27, logLikelihood: -3359375.184549
[19:50:07] Bootstrap tree #28, logLikelihood: -3374318.723207
[20:55:30] Bootstrap tree #29, logLikelihood: -3369180.009652
[22:04:18] Bootstrap tree #30, logLikelihood: -3359699.338992
[23:12:46] Bootstrap tree #31, logLikelihood: -3383597.684527
[24:28:36] Bootstrap tree #32, logLikelihood: -3364439.893982
[25:53:57] Bootstrap tree #33, logLikelihood: -3409651.432947
[27:14:24] Bootstrap tree #34, logLikelihood: -3351385.855465
[28:40:20] Bootstrap tree #35, logLikelihood: -3360321.095605
[30:01:24] Bootstrap tree #36, logLikelihood: -3374129.424677
[31:09:06] Bootstrap tree #37, logLikelihood: -3412986.409557
[32:20:52] Bootstrap tree #38, logLikelihood: -3355939.832600
[33:47:06] Bootstrap tree #39, logLikelihood: -3368607.650832
[34:58:44] Bootstrap tree #40, logLikelihood: -3412365.807831
