ERROR: Unable to locate a modulefile for 'emacs/25.1'
ERROR: Unable to locate a modulefile for 'python/3.6'
ERROR: Unable to locate a modulefile for 'java/1.8.0_121'
ERROR: Unable to locate a modulefile for 'cmake/3.15.1'

RAxML-NG v. 1.1.0-master released on 22.06.2022 by The Exelixis Lab.
Developed by: Alexey M. Kozlov and Alexandros Stamatakis.
Contributors: Diego Darriba, Tomas Flouri, Benoit Morel, Sarah Lutteropp, Ben Bettisworth.
Latest version: https://github.com/amkozlov/raxml-ng
Questions/problems/suggestions? Please visit: https://groups.google.com/forum/#!forum/raxml

System: Intel(R) Xeon(R) CPU E5-2680 v4 @ 2.40GHz, 28 cores, 62 GB RAM

RAxML-NG was called at 02-Aug-2024 15:01:09 as follows:

raxml-ng-mpi --all --msa bat_picorna_all_align.fasta --model GTR+G4 --prefix T1 --seed 1 --threads auto{8} --bs-metric fbp,tbe

Analysis options:
  run mode: ML tree search + bootstrapping (Felsenstein Bootstrap + Transfer Bootstrap)
  start tree(s): random (10) + parsimony (10)
  bootstrap replicates: max: 1000 + bootstopping (autoMRE, cutoff: 0.030000)
  random seed: 1
  tip-inner: OFF
  pattern compression: ON
  per-rate scalers: OFF
  site repeats: ON
  branch lengths: proportional (ML estimate, algorithm: NR-FAST)
  SIMD kernels: AVX2
  parallelization: coarse-grained (auto), PTHREADS (auto)

[00:00:00] Reading alignment from file: bat_picorna_all_align.fasta
[00:00:00] Loaded alignment with 39 taxa and 14752 sites

WARNING: Fully undetermined columns found: 9

NOTE: Reduced alignment (with duplicates and gap-only sites/taxa removed) 
NOTE: was saved to: /home/gkettenburg/RAxML_tree/bat_picorna_tree/T1.raxml.reduced.phy

Alignment comprises 1 partitions and 9463 patterns

Partition 0: noname
Model: GTR+FO+G4m
Alignment sites / patterns: 14743 / 9463
Gaps: 52.13 %
Invariant sites: 32.66 %


NOTE: Binary MSA file created: T1.raxml.rba

Parallelization scheme autoconfig: 1 worker(s) x 8 thread(s)

Error calling pthread_setaffinity_np: 22
Error calling pthread_setaffinity_np: 22
Error calling pthread_setaffinity_np: 22
Error calling pthread_setaffinity_np: 22
Error calling pthread_setaffinity_np: 22
Error calling pthread_setaffinity_np: 22
Error calling pthread_setaffinity_np: 22
Error calling pthread_setaffinity_np: 22
Parallel reduction/worker buffer size: 1 KB  / 0 KB

[00:00:00] Generating 10 random starting tree(s) with 39 taxa
[00:00:00] Generating 10 parsimony starting tree(s) with 39 taxa
[00:00:01] Data distribution: max. partitions/sites/weight per thread: 1 / 1183 / 18928
[00:00:01] Data distribution: max. searches per worker: 1020

Starting ML tree search with 20 distinct starting trees

[00:00:19] ML tree search #1, logLikelihood: -216940.836191
[00:00:41] ML tree search #2, logLikelihood: -216940.819388
[00:01:00] ML tree search #3, logLikelihood: -216940.832651
[00:01:22] ML tree search #4, logLikelihood: -216940.843790
[00:01:44] ML tree search #5, logLikelihood: -216940.820074
[00:02:05] ML tree search #6, logLikelihood: -216940.839961
[00:02:25] ML tree search #7, logLikelihood: -216940.820069
[00:02:48] ML tree search #8, logLikelihood: -216940.825049
[00:03:07] ML tree search #9, logLikelihood: -216940.836438
[00:03:30] ML tree search #10, logLikelihood: -216940.823873
[00:03:45] ML tree search #11, logLikelihood: -216940.830625
[00:03:59] ML tree search #12, logLikelihood: -216940.828137
[00:04:15] ML tree search #13, logLikelihood: -216940.838612
[00:04:30] ML tree search #14, logLikelihood: -216940.827232
[00:04:45] ML tree search #15, logLikelihood: -216940.831047
[00:05:00] ML tree search #16, logLikelihood: -216940.824092
[00:05:18] ML tree search #17, logLikelihood: -216940.824717
[00:05:35] ML tree search #18, logLikelihood: -216940.833952
[00:05:50] ML tree search #19, logLikelihood: -216940.823579
[00:06:05] ML tree search #20, logLikelihood: -216940.831360

[00:06:05] ML tree search completed, best tree logLH: -216940.819388

[00:06:05] Starting bootstrapping analysis with 1000 replicates.

[00:06:17] Bootstrap tree #1, logLikelihood: -215187.364319
[00:06:34] Bootstrap tree #2, logLikelihood: -216546.365506
[00:06:50] Bootstrap tree #3, logLikelihood: -218009.857931
[00:07:04] Bootstrap tree #4, logLikelihood: -217348.380995
[00:07:20] Bootstrap tree #5, logLikelihood: -219036.503779
[00:07:36] Bootstrap tree #6, logLikelihood: -217528.352613
[00:07:51] Bootstrap tree #7, logLikelihood: -216202.890026
[00:08:07] Bootstrap tree #8, logLikelihood: -215673.821435
[00:08:23] Bootstrap tree #9, logLikelihood: -216317.683054
[00:08:38] Bootstrap tree #10, logLikelihood: -216020.863046
[00:08:54] Bootstrap tree #11, logLikelihood: -218051.818446
[00:09:10] Bootstrap tree #12, logLikelihood: -212712.650245
[00:09:25] Bootstrap tree #13, logLikelihood: -212775.056033
[00:09:39] Bootstrap tree #14, logLikelihood: -217791.198701
[00:09:54] Bootstrap tree #15, logLikelihood: -217185.467764
[00:10:17] Bootstrap tree #16, logLikelihood: -214204.351447
[00:10:31] Bootstrap tree #17, logLikelihood: -215860.274701
[00:10:43] Bootstrap tree #18, logLikelihood: -218052.560925
[00:10:58] Bootstrap tree #19, logLikelihood: -215156.272144
[00:11:15] Bootstrap tree #20, logLikelihood: -217507.758812
[00:11:27] Bootstrap tree #21, logLikelihood: -219306.623815
[00:11:46] Bootstrap tree #22, logLikelihood: -217844.376890
[00:12:01] Bootstrap tree #23, logLikelihood: -216005.904390
[00:12:15] Bootstrap tree #24, logLikelihood: -215995.950411
[00:12:29] Bootstrap tree #25, logLikelihood: -220556.388849
[00:12:45] Bootstrap tree #26, logLikelihood: -216652.505000
[00:13:08] Bootstrap tree #27, logLikelihood: -219079.541131
[00:13:24] Bootstrap tree #28, logLikelihood: -218380.077358
[00:13:40] Bootstrap tree #29, logLikelihood: -215488.319429
[00:13:58] Bootstrap tree #30, logLikelihood: -218412.152924
[00:14:12] Bootstrap tree #31, logLikelihood: -217834.432926
[00:14:27] Bootstrap tree #32, logLikelihood: -215200.739831
[00:14:41] Bootstrap tree #33, logLikelihood: -218660.162090
[00:14:54] Bootstrap tree #34, logLikelihood: -216001.554316
[00:15:09] Bootstrap tree #35, logLikelihood: -216339.009415
[00:15:24] Bootstrap tree #36, logLikelihood: -216966.306680
[00:15:40] Bootstrap tree #37, logLikelihood: -216407.217110
[00:15:54] Bootstrap tree #38, logLikelihood: -217894.277956
[00:16:08] Bootstrap tree #39, logLikelihood: -217093.228858
[00:16:24] Bootstrap tree #40, logLikelihood: -217148.975354
[00:16:37] Bootstrap tree #41, logLikelihood: -217755.662539
[00:16:50] Bootstrap tree #42, logLikelihood: -216386.071500
[00:17:06] Bootstrap tree #43, logLikelihood: -215687.470349
[00:17:26] Bootstrap tree #44, logLikelihood: -217526.626539
[00:17:38] Bootstrap tree #45, logLikelihood: -217400.725414
[00:17:59] Bootstrap tree #46, logLikelihood: -216037.257706
[00:18:14] Bootstrap tree #47, logLikelihood: -216653.306658
[00:18:28] Bootstrap tree #48, logLikelihood: -215853.127496
[00:18:44] Bootstrap tree #49, logLikelihood: -218288.182590
[00:18:56] Bootstrap tree #50, logLikelihood: -212867.006824
[00:19:11] Bootstrap tree #51, logLikelihood: -216692.329863
[00:19:26] Bootstrap tree #52, logLikelihood: -217507.312661
[00:19:41] Bootstrap tree #53, logLikelihood: -215807.802076
[00:19:56] Bootstrap tree #54, logLikelihood: -218479.286763
[00:20:08] Bootstrap tree #55, logLikelihood: -219410.130969
[00:20:22] Bootstrap tree #56, logLikelihood: -220846.781641
[00:20:36] Bootstrap tree #57, logLikelihood: -216625.194086
[00:20:55] Bootstrap tree #58, logLikelihood: -218208.574560
[00:21:10] Bootstrap tree #59, logLikelihood: -217578.456093
[00:21:24] Bootstrap tree #60, logLikelihood: -217117.877950
[00:21:43] Bootstrap tree #61, logLikelihood: -216799.728588
[00:21:56] Bootstrap tree #62, logLikelihood: -217341.540463
[00:22:13] Bootstrap tree #63, logLikelihood: -217067.018351
[00:22:26] Bootstrap tree #64, logLikelihood: -215979.161327
[00:22:44] Bootstrap tree #65, logLikelihood: -216127.253756
[00:23:00] Bootstrap tree #66, logLikelihood: -218673.920385
[00:23:15] Bootstrap tree #67, logLikelihood: -216582.341481
[00:23:33] Bootstrap tree #68, logLikelihood: -219307.936999
[00:23:50] Bootstrap tree #69, logLikelihood: -218308.667827
[00:24:04] Bootstrap tree #70, logLikelihood: -217664.939959
[00:24:15] Bootstrap tree #71, logLikelihood: -217481.449539
[00:24:31] Bootstrap tree #72, logLikelihood: -215859.822421
[00:24:48] Bootstrap tree #73, logLikelihood: -217923.933251
[00:25:00] Bootstrap tree #74, logLikelihood: -217727.659733
[00:25:18] Bootstrap tree #75, logLikelihood: -215337.742052
[00:25:31] Bootstrap tree #76, logLikelihood: -217280.525685
[00:25:47] Bootstrap tree #77, logLikelihood: -217770.848445
[00:26:03] Bootstrap tree #78, logLikelihood: -216006.481011
[00:26:16] Bootstrap tree #79, logLikelihood: -220308.421628
[00:26:30] Bootstrap tree #80, logLikelihood: -214382.980792
[00:26:43] Bootstrap tree #81, logLikelihood: -217743.325127
[00:26:57] Bootstrap tree #82, logLikelihood: -218979.702641
[00:27:13] Bootstrap tree #83, logLikelihood: -218047.508125
[00:27:28] Bootstrap tree #84, logLikelihood: -215265.890554
[00:27:43] Bootstrap tree #85, logLikelihood: -214925.646763
[00:27:59] Bootstrap tree #86, logLikelihood: -218039.783677
[00:28:14] Bootstrap tree #87, logLikelihood: -217029.621853
[00:28:28] Bootstrap tree #88, logLikelihood: -217235.932562
[00:28:45] Bootstrap tree #89, logLikelihood: -216843.884928
[00:29:03] Bootstrap tree #90, logLikelihood: -219742.355934
[00:29:23] Bootstrap tree #91, logLikelihood: -218750.954377
[00:29:38] Bootstrap tree #92, logLikelihood: -218570.348604
[00:29:53] Bootstrap tree #93, logLikelihood: -216708.527763
[00:30:08] Bootstrap tree #94, logLikelihood: -216901.753755
[00:30:20] Bootstrap tree #95, logLikelihood: -215065.636576
[00:30:34] Bootstrap tree #96, logLikelihood: -218252.839578
[00:30:49] Bootstrap tree #97, logLikelihood: -218513.780771
[00:31:06] Bootstrap tree #98, logLikelihood: -218290.887306
[00:31:21] Bootstrap tree #99, logLikelihood: -215836.935739
[00:31:39] Bootstrap tree #100, logLikelihood: -216054.201198
[00:31:54] Bootstrap tree #101, logLikelihood: -216267.588945
[00:32:06] Bootstrap tree #102, logLikelihood: -212489.349976
[00:32:24] Bootstrap tree #103, logLikelihood: -215384.345449
[00:32:36] Bootstrap tree #104, logLikelihood: -216031.300214
[00:32:52] Bootstrap tree #105, logLikelihood: -216284.394252
[00:33:05] Bootstrap tree #106, logLikelihood: -216439.326867
[00:33:20] Bootstrap tree #107, logLikelihood: -215114.040969
[00:33:37] Bootstrap tree #108, logLikelihood: -215427.133694
[00:33:48] Bootstrap tree #109, logLikelihood: -217702.034041
[00:34:04] Bootstrap tree #110, logLikelihood: -220956.905915
[00:34:17] Bootstrap tree #111, logLikelihood: -217958.337515
[00:34:32] Bootstrap tree #112, logLikelihood: -213264.488082
[00:34:47] Bootstrap tree #113, logLikelihood: -217227.216620
[00:34:59] Bootstrap tree #114, logLikelihood: -219213.637522
[00:35:13] Bootstrap tree #115, logLikelihood: -216117.046912
[00:35:29] Bootstrap tree #116, logLikelihood: -215300.158602
[00:35:44] Bootstrap tree #117, logLikelihood: -219508.735361
[00:36:03] Bootstrap tree #118, logLikelihood: -215502.451840
[00:36:17] Bootstrap tree #119, logLikelihood: -217733.599471
[00:36:34] Bootstrap tree #120, logLikelihood: -214891.442951
[00:36:56] Bootstrap tree #121, logLikelihood: -213940.502334
[00:37:12] Bootstrap tree #122, logLikelihood: -218553.029758
[00:37:28] Bootstrap tree #123, logLikelihood: -216406.421826
[00:37:43] Bootstrap tree #124, logLikelihood: -216609.809722
[00:37:57] Bootstrap tree #125, logLikelihood: -210845.364102
[00:38:12] Bootstrap tree #126, logLikelihood: -216998.031723
[00:38:28] Bootstrap tree #127, logLikelihood: -217570.886418
[00:38:41] Bootstrap tree #128, logLikelihood: -214243.619833
[00:38:53] Bootstrap tree #129, logLikelihood: -215722.185714
[00:39:08] Bootstrap tree #130, logLikelihood: -214811.340176
[00:39:19] Bootstrap tree #131, logLikelihood: -214126.334924
[00:39:34] Bootstrap tree #132, logLikelihood: -220195.291747
[00:39:49] Bootstrap tree #133, logLikelihood: -217766.538627
[00:40:00] Bootstrap tree #134, logLikelihood: -213342.016446
[00:40:18] Bootstrap tree #135, logLikelihood: -216025.451864
[00:40:35] Bootstrap tree #136, logLikelihood: -217055.209801
[00:40:50] Bootstrap tree #137, logLikelihood: -216102.952072
[00:41:06] Bootstrap tree #138, logLikelihood: -215550.975217
[00:41:17] Bootstrap tree #139, logLikelihood: -218186.437554
[00:41:33] Bootstrap tree #140, logLikelihood: -217264.933846
[00:41:44] Bootstrap tree #141, logLikelihood: -215046.747668
[00:42:00] Bootstrap tree #142, logLikelihood: -218081.510805
[00:42:13] Bootstrap tree #143, logLikelihood: -219100.755226
[00:42:27] Bootstrap tree #144, logLikelihood: -217170.299599
[00:42:43] Bootstrap tree #145, logLikelihood: -216473.814105
[00:43:01] Bootstrap tree #146, logLikelihood: -218837.069566
[00:43:14] Bootstrap tree #147, logLikelihood: -217784.599792
[00:43:29] Bootstrap tree #148, logLikelihood: -218623.386266
[00:43:44] Bootstrap tree #149, logLikelihood: -215652.452264
[00:43:58] Bootstrap tree #150, logLikelihood: -218449.129160
[00:44:11] Bootstrap tree #151, logLikelihood: -217024.264408
[00:44:26] Bootstrap tree #152, logLikelihood: -219649.972840
[00:44:42] Bootstrap tree #153, logLikelihood: -213517.781201
[00:44:59] Bootstrap tree #154, logLikelihood: -214838.588322
[00:45:15] Bootstrap tree #155, logLikelihood: -219159.671503
[00:45:30] Bootstrap tree #156, logLikelihood: -217551.103537
[00:45:46] Bootstrap tree #157, logLikelihood: -216842.221629
[00:46:00] Bootstrap tree #158, logLikelihood: -217357.280877
[00:46:16] Bootstrap tree #159, logLikelihood: -217064.251081
[00:46:31] Bootstrap tree #160, logLikelihood: -215388.559223
[00:46:45] Bootstrap tree #161, logLikelihood: -216360.985498
[00:46:59] Bootstrap tree #162, logLikelihood: -215315.646638
[00:47:15] Bootstrap tree #163, logLikelihood: -215340.849588
[00:47:30] Bootstrap tree #164, logLikelihood: -218342.898636
[00:47:43] Bootstrap tree #165, logLikelihood: -213977.760623
[00:48:00] Bootstrap tree #166, logLikelihood: -218788.807560
[00:48:15] Bootstrap tree #167, logLikelihood: -216662.497711
[00:48:30] Bootstrap tree #168, logLikelihood: -218014.454513
[00:48:44] Bootstrap tree #169, logLikelihood: -217371.820383
[00:48:57] Bootstrap tree #170, logLikelihood: -217865.742121
[00:49:10] Bootstrap tree #171, logLikelihood: -220112.260448
[00:49:29] Bootstrap tree #172, logLikelihood: -217075.683095
[00:49:50] Bootstrap tree #173, logLikelihood: -216954.140351
[00:50:05] Bootstrap tree #174, logLikelihood: -217429.809143
[00:50:19] Bootstrap tree #175, logLikelihood: -216010.634477
[00:50:32] Bootstrap tree #176, logLikelihood: -216211.909960
[00:50:51] Bootstrap tree #177, logLikelihood: -215939.926325
[00:51:04] Bootstrap tree #178, logLikelihood: -218725.649619
[00:51:21] Bootstrap tree #179, logLikelihood: -219996.408234
[00:51:37] Bootstrap tree #180, logLikelihood: -218914.171795
[00:51:52] Bootstrap tree #181, logLikelihood: -219114.183006
[00:52:07] Bootstrap tree #182, logLikelihood: -218294.935971
[00:52:20] Bootstrap tree #183, logLikelihood: -218919.752929
[00:52:34] Bootstrap tree #184, logLikelihood: -218815.947054
[00:52:49] Bootstrap tree #185, logLikelihood: -215368.261462
[00:53:06] Bootstrap tree #186, logLikelihood: -219250.397509
[00:53:22] Bootstrap tree #187, logLikelihood: -215677.449124
[00:53:33] Bootstrap tree #188, logLikelihood: -216368.716443
[00:53:46] Bootstrap tree #189, logLikelihood: -216695.481884
[00:54:00] Bootstrap tree #190, logLikelihood: -217502.909424
[00:54:16] Bootstrap tree #191, logLikelihood: -218201.281565
[00:54:31] Bootstrap tree #192, logLikelihood: -220319.908960
[00:54:45] Bootstrap tree #193, logLikelihood: -216153.951947
[00:55:00] Bootstrap tree #194, logLikelihood: -218809.566168
[00:55:15] Bootstrap tree #195, logLikelihood: -216769.727672
[00:55:30] Bootstrap tree #196, logLikelihood: -217748.429076
[00:55:45] Bootstrap tree #197, logLikelihood: -217973.620530
[00:55:59] Bootstrap tree #198, logLikelihood: -217463.162355
[00:56:14] Bootstrap tree #199, logLikelihood: -216070.173533
[00:56:27] Bootstrap tree #200, logLikelihood: -220749.686754
[00:56:44] Bootstrap tree #201, logLikelihood: -217508.160374
[00:56:59] Bootstrap tree #202, logLikelihood: -216569.537960
[00:57:16] Bootstrap tree #203, logLikelihood: -218182.951544
[00:57:30] Bootstrap tree #204, logLikelihood: -216898.588123
[00:57:41] Bootstrap tree #205, logLikelihood: -217491.544452
[00:57:56] Bootstrap tree #206, logLikelihood: -220006.791183
[00:58:21] Bootstrap tree #207, logLikelihood: -217431.675295
[00:58:35] Bootstrap tree #208, logLikelihood: -217145.418509
[00:58:48] Bootstrap tree #209, logLikelihood: -218572.808188
[00:59:04] Bootstrap tree #210, logLikelihood: -215294.162177
[00:59:18] Bootstrap tree #211, logLikelihood: -215686.794265
[00:59:30] Bootstrap tree #212, logLikelihood: -213612.616878
[00:59:44] Bootstrap tree #213, logLikelihood: -217188.138712
[01:00:00] Bootstrap tree #214, logLikelihood: -216433.387903
[01:00:14] Bootstrap tree #215, logLikelihood: -218177.347503
[01:00:27] Bootstrap tree #216, logLikelihood: -220183.981330
[01:00:40] Bootstrap tree #217, logLikelihood: -217676.048711
[01:00:53] Bootstrap tree #218, logLikelihood: -217461.796831
[01:01:05] Bootstrap tree #219, logLikelihood: -217696.567546
[01:01:19] Bootstrap tree #220, logLikelihood: -215216.242799
[01:01:35] Bootstrap tree #221, logLikelihood: -218146.017336
[01:01:49] Bootstrap tree #222, logLikelihood: -217054.968814
[01:02:04] Bootstrap tree #223, logLikelihood: -218191.447506
[01:02:17] Bootstrap tree #224, logLikelihood: -215581.269194
[01:02:30] Bootstrap tree #225, logLikelihood: -216337.529996
[01:02:45] Bootstrap tree #226, logLikelihood: -219708.762595
[01:03:04] Bootstrap tree #227, logLikelihood: -218358.933675
[01:03:17] Bootstrap tree #228, logLikelihood: -215709.768863
[01:03:31] Bootstrap tree #229, logLikelihood: -218993.469013
[01:03:46] Bootstrap tree #230, logLikelihood: -216263.850311
[01:04:01] Bootstrap tree #231, logLikelihood: -218269.917333
[01:04:17] Bootstrap tree #232, logLikelihood: -215775.911043
[01:04:31] Bootstrap tree #233, logLikelihood: -219350.907095
[01:04:45] Bootstrap tree #234, logLikelihood: -216352.910237
[01:05:01] Bootstrap tree #235, logLikelihood: -214105.121721
[01:05:16] Bootstrap tree #236, logLikelihood: -217824.026087
[01:05:30] Bootstrap tree #237, logLikelihood: -215809.168132
[01:05:42] Bootstrap tree #238, logLikelihood: -216389.886315
[01:06:01] Bootstrap tree #239, logLikelihood: -214908.760194
[01:06:16] Bootstrap tree #240, logLikelihood: -215259.107147
[01:06:43] Bootstrap tree #241, logLikelihood: -214579.219951
[01:06:56] Bootstrap tree #242, logLikelihood: -214897.164341
[01:07:15] Bootstrap tree #243, logLikelihood: -215863.837549
[01:07:27] Bootstrap tree #244, logLikelihood: -218645.043932
[01:07:42] Bootstrap tree #245, logLikelihood: -216927.757811
[01:07:59] Bootstrap tree #246, logLikelihood: -217098.451866
[01:08:13] Bootstrap tree #247, logLikelihood: -216390.183222
[01:08:28] Bootstrap tree #248, logLikelihood: -216587.733965
[01:08:42] Bootstrap tree #249, logLikelihood: -214897.787596
[01:08:58] Bootstrap tree #250, logLikelihood: -216834.833260
[01:09:13] Bootstrap tree #251, logLikelihood: -217104.681381
[01:09:25] Bootstrap tree #252, logLikelihood: -213709.822506
[01:09:44] Bootstrap tree #253, logLikelihood: -217884.843160
[01:09:58] Bootstrap tree #254, logLikelihood: -216489.949805
[01:10:12] Bootstrap tree #255, logLikelihood: -218350.613685
[01:10:26] Bootstrap tree #256, logLikelihood: -217845.261717
[01:10:40] Bootstrap tree #257, logLikelihood: -217294.288501
[01:10:57] Bootstrap tree #258, logLikelihood: -215599.803538
[01:11:08] Bootstrap tree #259, logLikelihood: -215035.520885
[01:11:22] Bootstrap tree #260, logLikelihood: -218400.902161
[01:11:35] Bootstrap tree #261, logLikelihood: -217091.725120
[01:11:47] Bootstrap tree #262, logLikelihood: -217196.937034
[01:12:03] Bootstrap tree #263, logLikelihood: -219204.307157
[01:12:17] Bootstrap tree #264, logLikelihood: -219441.228442
[01:12:31] Bootstrap tree #265, logLikelihood: -216736.836998
[01:12:42] Bootstrap tree #266, logLikelihood: -214882.673100
[01:12:58] Bootstrap tree #267, logLikelihood: -214168.632779
[01:13:12] Bootstrap tree #268, logLikelihood: -211243.141278
[01:13:29] Bootstrap tree #269, logLikelihood: -214944.504396
[01:13:46] Bootstrap tree #270, logLikelihood: -218011.283693
[01:13:57] Bootstrap tree #271, logLikelihood: -215513.769529
[01:14:11] Bootstrap tree #272, logLikelihood: -216860.898762
[01:14:26] Bootstrap tree #273, logLikelihood: -216883.561227
[01:14:40] Bootstrap tree #274, logLikelihood: -219622.537377
[01:14:54] Bootstrap tree #275, logLikelihood: -218751.104789
[01:15:07] Bootstrap tree #276, logLikelihood: -218011.273381
[01:15:20] Bootstrap tree #277, logLikelihood: -218960.360196
[01:15:36] Bootstrap tree #278, logLikelihood: -214902.265789
[01:15:52] Bootstrap tree #279, logLikelihood: -213906.485756
[01:16:07] Bootstrap tree #280, logLikelihood: -216528.640787
[01:16:21] Bootstrap tree #281, logLikelihood: -217499.607880
[01:16:32] Bootstrap tree #282, logLikelihood: -216370.757382
[01:16:45] Bootstrap tree #283, logLikelihood: -217365.828833
[01:16:59] Bootstrap tree #284, logLikelihood: -217203.733061
[01:17:14] Bootstrap tree #285, logLikelihood: -216947.052468
[01:17:29] Bootstrap tree #286, logLikelihood: -216771.996019
[01:17:41] Bootstrap tree #287, logLikelihood: -215447.228648
[01:17:53] Bootstrap tree #288, logLikelihood: -216644.224912
[01:18:07] Bootstrap tree #289, logLikelihood: -218067.132292
[01:18:22] Bootstrap tree #290, logLikelihood: -217511.529961
[01:18:36] Bootstrap tree #291, logLikelihood: -214583.362476
[01:18:51] Bootstrap tree #292, logLikelihood: -217722.757727
[01:19:07] Bootstrap tree #293, logLikelihood: -216171.415115
[01:19:24] Bootstrap tree #294, logLikelihood: -218854.642859
[01:19:38] Bootstrap tree #295, logLikelihood: -215816.018950
[01:19:52] Bootstrap tree #296, logLikelihood: -216664.119918
[01:20:08] Bootstrap tree #297, logLikelihood: -215911.070629
[01:20:23] Bootstrap tree #298, logLikelihood: -215317.899467
[01:20:33] Bootstrap tree #299, logLikelihood: -217374.325594
[01:20:47] Bootstrap tree #300, logLikelihood: -215872.369356
[01:21:08] Bootstrap tree #301, logLikelihood: -215423.027483
[01:21:21] Bootstrap tree #302, logLikelihood: -216322.202350
[01:21:36] Bootstrap tree #303, logLikelihood: -217041.735460
[01:21:50] Bootstrap tree #304, logLikelihood: -219212.472912
[01:22:05] Bootstrap tree #305, logLikelihood: -218611.168729
[01:22:17] Bootstrap tree #306, logLikelihood: -218741.902941
[01:22:29] Bootstrap tree #307, logLikelihood: -216256.680880
[01:22:46] Bootstrap tree #308, logLikelihood: -219158.906949
[01:22:59] Bootstrap tree #309, logLikelihood: -216107.867647
[01:23:14] Bootstrap tree #310, logLikelihood: -215501.656839
[01:23:30] Bootstrap tree #311, logLikelihood: -216730.509906
[01:23:44] Bootstrap tree #312, logLikelihood: -219209.498912
[01:24:00] Bootstrap tree #313, logLikelihood: -218506.139224
[01:24:18] Bootstrap tree #314, logLikelihood: -218775.408048
[01:24:32] Bootstrap tree #315, logLikelihood: -218408.230593
[01:24:50] Bootstrap tree #316, logLikelihood: -217438.206133
[01:25:05] Bootstrap tree #317, logLikelihood: -217668.033342
[01:25:20] Bootstrap tree #318, logLikelihood: -217550.351084
[01:25:35] Bootstrap tree #319, logLikelihood: -219188.312793
[01:25:50] Bootstrap tree #320, logLikelihood: -215913.066983
[01:26:06] Bootstrap tree #321, logLikelihood: -216063.422537
[01:26:22] Bootstrap tree #322, logLikelihood: -217902.050759
[01:26:36] Bootstrap tree #323, logLikelihood: -215288.357811
[01:26:51] Bootstrap tree #324, logLikelihood: -218636.904026
[01:27:07] Bootstrap tree #325, logLikelihood: -218797.495688
[01:27:22] Bootstrap tree #326, logLikelihood: -215175.044205
[01:27:38] Bootstrap tree #327, logLikelihood: -216251.718804
[01:27:53] Bootstrap tree #328, logLikelihood: -218388.822654
[01:28:08] Bootstrap tree #329, logLikelihood: -217724.651902
[01:28:23] Bootstrap tree #330, logLikelihood: -218127.177755
[01:28:37] Bootstrap tree #331, logLikelihood: -214404.945152
[01:28:51] Bootstrap tree #332, logLikelihood: -216802.202105
[01:29:04] Bootstrap tree #333, logLikelihood: -218632.748301
[01:29:18] Bootstrap tree #334, logLikelihood: -219830.821676
[01:29:37] Bootstrap tree #335, logLikelihood: -214825.960504
[01:29:51] Bootstrap tree #336, logLikelihood: -213152.055878
[01:30:03] Bootstrap tree #337, logLikelihood: -214842.452045
[01:30:18] Bootstrap tree #338, logLikelihood: -213816.829768
[01:30:32] Bootstrap tree #339, logLikelihood: -216625.152776
[01:30:46] Bootstrap tree #340, logLikelihood: -214622.888968
[01:31:00] Bootstrap tree #341, logLikelihood: -217012.741664
[01:31:13] Bootstrap tree #342, logLikelihood: -217957.343512
[01:31:34] Bootstrap tree #343, logLikelihood: -218233.965596
[01:31:46] Bootstrap tree #344, logLikelihood: -219189.961616
[01:32:01] Bootstrap tree #345, logLikelihood: -216701.679780
[01:32:17] Bootstrap tree #346, logLikelihood: -218438.243304
[01:32:32] Bootstrap tree #347, logLikelihood: -219576.922945
[01:32:44] Bootstrap tree #348, logLikelihood: -217220.191517
[01:32:57] Bootstrap tree #349, logLikelihood: -218471.979257
[01:33:15] Bootstrap tree #350, logLikelihood: -216481.351851
[01:33:30] Bootstrap tree #351, logLikelihood: -215066.104632
[01:33:47] Bootstrap tree #352, logLikelihood: -217030.262645
[01:34:00] Bootstrap tree #353, logLikelihood: -215615.306599
[01:34:15] Bootstrap tree #354, logLikelihood: -213694.736239
[01:34:26] Bootstrap tree #355, logLikelihood: -217762.452083
[01:34:44] Bootstrap tree #356, logLikelihood: -217411.368716
[01:35:00] Bootstrap tree #357, logLikelihood: -218242.861883
[01:35:12] Bootstrap tree #358, logLikelihood: -218166.994758
[01:35:27] Bootstrap tree #359, logLikelihood: -215868.561419
[01:35:42] Bootstrap tree #360, logLikelihood: -216608.845940
[01:35:57] Bootstrap tree #361, logLikelihood: -216094.381700
[01:36:09] Bootstrap tree #362, logLikelihood: -213827.971494
[01:36:22] Bootstrap tree #363, logLikelihood: -217409.587017
[01:36:36] Bootstrap tree #364, logLikelihood: -216665.646912
[01:36:52] Bootstrap tree #365, logLikelihood: -214171.812258
[01:37:08] Bootstrap tree #366, logLikelihood: -221405.806762
[01:37:24] Bootstrap tree #367, logLikelihood: -218884.150100
[01:37:40] Bootstrap tree #368, logLikelihood: -219212.038704
[01:37:53] Bootstrap tree #369, logLikelihood: -216150.164084
[01:38:08] Bootstrap tree #370, logLikelihood: -216479.924637
[01:38:22] Bootstrap tree #371, logLikelihood: -216587.538145
[01:38:36] Bootstrap tree #372, logLikelihood: -218641.417361
[01:38:48] Bootstrap tree #373, logLikelihood: -216280.772308
[01:39:06] Bootstrap tree #374, logLikelihood: -216604.435191
[01:39:19] Bootstrap tree #375, logLikelihood: -217035.172250
[01:39:36] Bootstrap tree #376, logLikelihood: -217204.417008
[01:39:51] Bootstrap tree #377, logLikelihood: -216636.940184
[01:40:06] Bootstrap tree #378, logLikelihood: -215684.530358
[01:40:22] Bootstrap tree #379, logLikelihood: -213925.938834
[01:40:37] Bootstrap tree #380, logLikelihood: -218457.640863
[01:40:55] Bootstrap tree #381, logLikelihood: -215892.433267
[01:41:08] Bootstrap tree #382, logLikelihood: -219238.542210
[01:41:22] Bootstrap tree #383, logLikelihood: -217504.271445
[01:41:35] Bootstrap tree #384, logLikelihood: -216751.262811
[01:41:47] Bootstrap tree #385, logLikelihood: -217606.958956
[01:42:02] Bootstrap tree #386, logLikelihood: -216153.357422
[01:42:15] Bootstrap tree #387, logLikelihood: -215678.631620
[01:42:30] Bootstrap tree #388, logLikelihood: -214865.662450
[01:42:44] Bootstrap tree #389, logLikelihood: -218515.291465
[01:42:59] Bootstrap tree #390, logLikelihood: -214677.777553
[01:43:15] Bootstrap tree #391, logLikelihood: -215914.611587
[01:43:31] Bootstrap tree #392, logLikelihood: -216259.446232
[01:43:47] Bootstrap tree #393, logLikelihood: -218846.686846
[01:44:04] Bootstrap tree #394, logLikelihood: -219698.052210
[01:44:22] Bootstrap tree #395, logLikelihood: -219028.634651
[01:44:35] Bootstrap tree #396, logLikelihood: -214307.573410
[01:44:47] Bootstrap tree #397, logLikelihood: -217246.329790
[01:45:02] Bootstrap tree #398, logLikelihood: -217835.612305
[01:45:20] Bootstrap tree #399, logLikelihood: -215228.868658
[01:45:35] Bootstrap tree #400, logLikelihood: -216698.000147
[01:45:50] Bootstrap tree #401, logLikelihood: -216926.934921
[01:46:02] Bootstrap tree #402, logLikelihood: -217776.833270
[01:46:17] Bootstrap tree #403, logLikelihood: -218265.021453
[01:46:30] Bootstrap tree #404, logLikelihood: -217353.107848
[01:46:41] Bootstrap tree #405, logLikelihood: -215890.744813
[01:46:58] Bootstrap tree #406, logLikelihood: -218075.121935
[01:47:16] Bootstrap tree #407, logLikelihood: -217422.706723
[01:47:31] Bootstrap tree #408, logLikelihood: -216001.165146
[01:47:46] Bootstrap tree #409, logLikelihood: -217156.414499
[01:48:01] Bootstrap tree #410, logLikelihood: -217599.632810
[01:48:17] Bootstrap tree #411, logLikelihood: -217697.114625
[01:48:30] Bootstrap tree #412, logLikelihood: -217860.731470
[01:48:45] Bootstrap tree #413, logLikelihood: -216574.537275
[01:49:00] Bootstrap tree #414, logLikelihood: -215952.861444
[01:49:12] Bootstrap tree #415, logLikelihood: -218488.086538
[01:49:28] Bootstrap tree #416, logLikelihood: -215161.285837
[01:49:40] Bootstrap tree #417, logLikelihood: -214278.573269
[01:49:51] Bootstrap tree #418, logLikelihood: -214357.425394
[01:50:07] Bootstrap tree #419, logLikelihood: -216084.885303
[01:50:20] Bootstrap tree #420, logLikelihood: -216159.199368
[01:50:33] Bootstrap tree #421, logLikelihood: -218419.118770
[01:50:47] Bootstrap tree #422, logLikelihood: -214481.213508
[01:51:04] Bootstrap tree #423, logLikelihood: -218636.122891
[01:51:19] Bootstrap tree #424, logLikelihood: -218795.455632
[01:51:36] Bootstrap tree #425, logLikelihood: -215483.209891
[01:51:50] Bootstrap tree #426, logLikelihood: -217524.907091
[01:52:05] Bootstrap tree #427, logLikelihood: -215523.214238
[01:52:20] Bootstrap tree #428, logLikelihood: -216581.706322
[01:52:36] Bootstrap tree #429, logLikelihood: -217048.644012
[01:52:51] Bootstrap tree #430, logLikelihood: -217971.638697
[01:53:08] Bootstrap tree #431, logLikelihood: -214204.770862
[01:53:24] Bootstrap tree #432, logLikelihood: -216376.999775
[01:53:37] Bootstrap tree #433, logLikelihood: -218457.688991
[01:53:51] Bootstrap tree #434, logLikelihood: -214234.702699
[01:54:04] Bootstrap tree #435, logLikelihood: -214810.672244
[01:54:20] Bootstrap tree #436, logLikelihood: -219147.868482
[01:54:35] Bootstrap tree #437, logLikelihood: -214024.867268
[01:54:50] Bootstrap tree #438, logLikelihood: -218317.941049
[01:55:07] Bootstrap tree #439, logLikelihood: -214510.504187
[01:55:22] Bootstrap tree #440, logLikelihood: -214430.062940
[01:55:38] Bootstrap tree #441, logLikelihood: -216362.398875
[01:55:50] Bootstrap tree #442, logLikelihood: -216186.089303
[01:56:02] Bootstrap tree #443, logLikelihood: -216548.125131
[01:56:19] Bootstrap tree #444, logLikelihood: -217091.602609
[01:56:34] Bootstrap tree #445, logLikelihood: -214347.667891
[01:56:46] Bootstrap tree #446, logLikelihood: -218905.324664
[01:57:00] Bootstrap tree #447, logLikelihood: -217771.325992
[01:57:15] Bootstrap tree #448, logLikelihood: -219154.026858
[01:57:33] Bootstrap tree #449, logLikelihood: -219681.188558
[01:57:49] Bootstrap tree #450, logLikelihood: -218366.109105
[01:58:02] Bootstrap tree #451, logLikelihood: -217022.602385
[01:58:17] Bootstrap tree #452, logLikelihood: -213737.248280
[01:58:33] Bootstrap tree #453, logLikelihood: -217123.969992
[01:58:51] Bootstrap tree #454, logLikelihood: -218413.448737
[01:59:05] Bootstrap tree #455, logLikelihood: -216939.420237
[01:59:16] Bootstrap tree #456, logLikelihood: -217071.125968
[01:59:32] Bootstrap tree #457, logLikelihood: -216432.125079
[01:59:50] Bootstrap tree #458, logLikelihood: -214569.518000
[02:00:04] Bootstrap tree #459, logLikelihood: -217082.227533
[02:00:28] Bootstrap tree #460, logLikelihood: -217938.229110
[02:00:42] Bootstrap tree #461, logLikelihood: -217930.356081
[02:00:56] Bootstrap tree #462, logLikelihood: -218142.755831
[02:01:11] Bootstrap tree #463, logLikelihood: -215012.777056
[02:01:26] Bootstrap tree #464, logLikelihood: -217215.975275
[02:01:41] Bootstrap tree #465, logLikelihood: -215987.879348
[02:01:57] Bootstrap tree #466, logLikelihood: -219178.505147
[02:02:11] Bootstrap tree #467, logLikelihood: -219203.389718
[02:02:28] Bootstrap tree #468, logLikelihood: -215943.291802
[02:02:43] Bootstrap tree #469, logLikelihood: -220992.677520
[02:02:59] Bootstrap tree #470, logLikelihood: -219202.551250
[02:03:12] Bootstrap tree #471, logLikelihood: -213899.397260
[02:03:27] Bootstrap tree #472, logLikelihood: -216611.570824
[02:03:43] Bootstrap tree #473, logLikelihood: -217792.933438
[02:04:06] Bootstrap tree #474, logLikelihood: -214550.793478
[02:04:20] Bootstrap tree #475, logLikelihood: -214973.277518
[02:04:32] Bootstrap tree #476, logLikelihood: -218018.539502
[02:04:46] Bootstrap tree #477, logLikelihood: -218323.338926
[02:04:59] Bootstrap tree #478, logLikelihood: -219493.719878
[02:05:14] Bootstrap tree #479, logLikelihood: -220541.056701
[02:05:31] Bootstrap tree #480, logLikelihood: -216344.269246
[02:05:44] Bootstrap tree #481, logLikelihood: -216727.630650
[02:05:59] Bootstrap tree #482, logLikelihood: -219928.083279
[02:06:16] Bootstrap tree #483, logLikelihood: -218383.876267
[02:06:31] Bootstrap tree #484, logLikelihood: -215380.041108
[02:06:49] Bootstrap tree #485, logLikelihood: -216783.449379
[02:07:04] Bootstrap tree #486, logLikelihood: -217470.243014
[02:07:19] Bootstrap tree #487, logLikelihood: -216314.381006
[02:07:34] Bootstrap tree #488, logLikelihood: -219284.637954
[02:07:49] Bootstrap tree #489, logLikelihood: -216052.320948
[02:08:02] Bootstrap tree #490, logLikelihood: -218048.573700
[02:08:17] Bootstrap tree #491, logLikelihood: -215677.942438
[02:08:32] Bootstrap tree #492, logLikelihood: -215427.641494
[02:08:47] Bootstrap tree #493, logLikelihood: -215591.136228
[02:09:06] Bootstrap tree #494, logLikelihood: -219315.298233
[02:09:17] Bootstrap tree #495, logLikelihood: -217658.034460
[02:09:31] Bootstrap tree #496, logLikelihood: -219485.381837
[02:09:44] Bootstrap tree #497, logLikelihood: -217534.572095
[02:09:58] Bootstrap tree #498, logLikelihood: -217347.491128
[02:10:11] Bootstrap tree #499, logLikelihood: -215992.621184
[02:10:32] Bootstrap tree #500, logLikelihood: -220109.839805
[02:10:43] Bootstrap tree #501, logLikelihood: -216366.462197
[02:10:58] Bootstrap tree #502, logLikelihood: -215948.815152
[02:11:13] Bootstrap tree #503, logLikelihood: -215618.220238
[02:11:26] Bootstrap tree #504, logLikelihood: -216193.465759
[02:11:40] Bootstrap tree #505, logLikelihood: -214010.288102
[02:11:52] Bootstrap tree #506, logLikelihood: -215285.941783
[02:12:05] Bootstrap tree #507, logLikelihood: -217245.369463
[02:12:19] Bootstrap tree #508, logLikelihood: -214818.127106
[02:12:34] Bootstrap tree #509, logLikelihood: -216581.618567
[02:12:48] Bootstrap tree #510, logLikelihood: -219299.799240
[02:13:02] Bootstrap tree #511, logLikelihood: -212448.561790
[02:13:17] Bootstrap tree #512, logLikelihood: -217946.538252
[02:13:30] Bootstrap tree #513, logLikelihood: -215920.580467
[02:13:43] Bootstrap tree #514, logLikelihood: -217048.516555
[02:13:58] Bootstrap tree #515, logLikelihood: -218436.802640
[02:14:11] Bootstrap tree #516, logLikelihood: -216185.002047
[02:14:23] Bootstrap tree #517, logLikelihood: -219321.740420
[02:14:36] Bootstrap tree #518, logLikelihood: -215877.526051
[02:14:55] Bootstrap tree #519, logLikelihood: -215168.129942
[02:15:07] Bootstrap tree #520, logLikelihood: -217987.968952
[02:15:21] Bootstrap tree #521, logLikelihood: -217601.037150
[02:15:36] Bootstrap tree #522, logLikelihood: -216497.741923
[02:15:51] Bootstrap tree #523, logLikelihood: -214741.274166
[02:16:05] Bootstrap tree #524, logLikelihood: -219642.385240
[02:16:20] Bootstrap tree #525, logLikelihood: -218971.150425
[02:16:35] Bootstrap tree #526, logLikelihood: -221033.289285
[02:16:48] Bootstrap tree #527, logLikelihood: -217848.122833
[02:17:02] Bootstrap tree #528, logLikelihood: -220114.568493
[02:17:16] Bootstrap tree #529, logLikelihood: -214505.522729
[02:17:28] Bootstrap tree #530, logLikelihood: -217377.137656
[02:17:44] Bootstrap tree #531, logLikelihood: -218667.304929
[02:18:03] Bootstrap tree #532, logLikelihood: -217437.322483
[02:18:16] Bootstrap tree #533, logLikelihood: -219273.680621
[02:18:31] Bootstrap tree #534, logLikelihood: -216102.906304
[02:18:45] Bootstrap tree #535, logLikelihood: -217525.070675
[02:19:00] Bootstrap tree #536, logLikelihood: -216384.606317
[02:19:15] Bootstrap tree #537, logLikelihood: -217060.741534
[02:19:33] Bootstrap tree #538, logLikelihood: -218304.035425
[02:19:47] Bootstrap tree #539, logLikelihood: -218421.207842
[02:20:02] Bootstrap tree #540, logLikelihood: -217511.514092
[02:20:18] Bootstrap tree #541, logLikelihood: -216987.998889
[02:20:33] Bootstrap tree #542, logLikelihood: -214858.677628
[02:20:49] Bootstrap tree #543, logLikelihood: -214030.103849
[02:21:01] Bootstrap tree #544, logLikelihood: -215112.191100
[02:21:17] Bootstrap tree #545, logLikelihood: -213850.647106
[02:21:31] Bootstrap tree #546, logLikelihood: -216897.055891
[02:21:46] Bootstrap tree #547, logLikelihood: -216248.901583
[02:22:02] Bootstrap tree #548, logLikelihood: -216385.492598
[02:22:18] Bootstrap tree #549, logLikelihood: -214629.972458
[02:22:32] Bootstrap tree #550, logLikelihood: -215816.390412
[02:22:44] Bootstrap tree #551, logLikelihood: -214846.384170
[02:23:00] Bootstrap tree #552, logLikelihood: -217273.647242
[02:23:16] Bootstrap tree #553, logLikelihood: -217758.605053
[02:23:30] Bootstrap tree #554, logLikelihood: -217195.467871
[02:23:41] Bootstrap tree #555, logLikelihood: -215931.981423
[02:23:58] Bootstrap tree #556, logLikelihood: -216491.499841
[02:24:11] Bootstrap tree #557, logLikelihood: -217385.502100
[02:24:31] Bootstrap tree #558, logLikelihood: -215372.549904
[02:24:46] Bootstrap tree #559, logLikelihood: -217594.936709
[02:25:00] Bootstrap tree #560, logLikelihood: -218700.017372
[02:25:14] Bootstrap tree #561, logLikelihood: -217314.923155
[02:25:30] Bootstrap tree #562, logLikelihood: -217274.503989
[02:25:44] Bootstrap tree #563, logLikelihood: -217549.220785
[02:25:59] Bootstrap tree #564, logLikelihood: -216679.414306
[02:26:11] Bootstrap tree #565, logLikelihood: -218106.824914
[02:26:22] Bootstrap tree #566, logLikelihood: -214687.696968
[02:26:35] Bootstrap tree #567, logLikelihood: -216568.584655
[02:26:49] Bootstrap tree #568, logLikelihood: -216284.760570
[02:27:06] Bootstrap tree #569, logLikelihood: -219710.933653
[02:27:20] Bootstrap tree #570, logLikelihood: -215960.324186
[02:27:35] Bootstrap tree #571, logLikelihood: -215885.056130
[02:27:51] Bootstrap tree #572, logLikelihood: -214496.033441
[02:28:06] Bootstrap tree #573, logLikelihood: -220747.622986
[02:28:22] Bootstrap tree #574, logLikelihood: -217113.402985
[02:28:38] Bootstrap tree #575, logLikelihood: -214419.481475
[02:28:52] Bootstrap tree #576, logLikelihood: -215759.868459
[02:29:08] Bootstrap tree #577, logLikelihood: -217683.357338
[02:29:23] Bootstrap tree #578, logLikelihood: -218571.233769
[02:29:36] Bootstrap tree #579, logLikelihood: -216870.289778
[02:29:50] Bootstrap tree #580, logLikelihood: -215703.269466
[02:30:06] Bootstrap tree #581, logLikelihood: -216317.507134
[02:30:22] Bootstrap tree #582, logLikelihood: -217187.459018
[02:30:37] Bootstrap tree #583, logLikelihood: -219248.547446
[02:30:51] Bootstrap tree #584, logLikelihood: -217281.692211
[02:31:03] Bootstrap tree #585, logLikelihood: -215081.500939
[02:31:19] Bootstrap tree #586, logLikelihood: -218315.209064
[02:31:32] Bootstrap tree #587, logLikelihood: -221207.738708
[02:31:46] Bootstrap tree #588, logLikelihood: -215208.339311
[02:31:59] Bootstrap tree #589, logLikelihood: -216131.146081
[02:32:12] Bootstrap tree #590, logLikelihood: -216913.160344
[02:32:23] Bootstrap tree #591, logLikelihood: -215794.804422
[02:32:37] Bootstrap tree #592, logLikelihood: -216585.839546
[02:32:51] Bootstrap tree #593, logLikelihood: -217794.936779
[02:33:02] Bootstrap tree #594, logLikelihood: -217071.550143
[02:33:16] Bootstrap tree #595, logLikelihood: -215378.366683
[02:33:32] Bootstrap tree #596, logLikelihood: -218149.836529
[02:33:47] Bootstrap tree #597, logLikelihood: -217898.960906
[02:34:03] Bootstrap tree #598, logLikelihood: -218097.083954
[02:34:17] Bootstrap tree #599, logLikelihood: -217772.684758
[02:34:32] Bootstrap tree #600, logLikelihood: -218206.021054
[02:34:47] Bootstrap tree #601, logLikelihood: -217279.327509
[02:35:01] Bootstrap tree #602, logLikelihood: -220750.923688
[02:35:16] Bootstrap tree #603, logLikelihood: -214969.687348
[02:35:34] Bootstrap tree #604, logLikelihood: -215391.220892
[02:35:50] Bootstrap tree #605, logLikelihood: -219714.488400
[02:36:05] Bootstrap tree #606, logLikelihood: -218485.356167
[02:36:17] Bootstrap tree #607, logLikelihood: -217500.253089
[02:36:32] Bootstrap tree #608, logLikelihood: -217806.471614
[02:36:48] Bootstrap tree #609, logLikelihood: -218223.601490
[02:37:02] Bootstrap tree #610, logLikelihood: -220467.673113
[02:37:17] Bootstrap tree #611, logLikelihood: -216297.904575
[02:37:30] Bootstrap tree #612, logLikelihood: -217187.478215
[02:37:48] Bootstrap tree #613, logLikelihood: -217502.315080
[02:38:02] Bootstrap tree #614, logLikelihood: -219275.715213
[02:38:17] Bootstrap tree #615, logLikelihood: -220064.684564
[02:38:32] Bootstrap tree #616, logLikelihood: -217925.953610
[02:38:46] Bootstrap tree #617, logLikelihood: -213339.849433
[02:39:01] Bootstrap tree #618, logLikelihood: -214660.137658
[02:39:15] Bootstrap tree #619, logLikelihood: -216431.611130
[02:39:29] Bootstrap tree #620, logLikelihood: -215116.285485
[02:39:42] Bootstrap tree #621, logLikelihood: -219700.980862
[02:39:56] Bootstrap tree #622, logLikelihood: -217140.273932
[02:40:11] Bootstrap tree #623, logLikelihood: -219110.889388
[02:40:27] Bootstrap tree #624, logLikelihood: -221361.165026
[02:40:41] Bootstrap tree #625, logLikelihood: -211747.142841
[02:40:58] Bootstrap tree #626, logLikelihood: -217095.969192
[02:41:15] Bootstrap tree #627, logLikelihood: -218372.117083
[02:41:30] Bootstrap tree #628, logLikelihood: -217835.997034
[02:41:46] Bootstrap tree #629, logLikelihood: -218055.548679
[02:42:09] Bootstrap tree #630, logLikelihood: -218684.375943
[02:42:25] Bootstrap tree #631, logLikelihood: -214846.311981
[02:42:38] Bootstrap tree #632, logLikelihood: -217146.285991
[02:42:53] Bootstrap tree #633, logLikelihood: -217231.696767
[02:43:06] Bootstrap tree #634, logLikelihood: -216674.454128
[02:43:23] Bootstrap tree #635, logLikelihood: -216120.587569
[02:43:35] Bootstrap tree #636, logLikelihood: -218043.347580
[02:43:50] Bootstrap tree #637, logLikelihood: -215631.570801
[02:44:06] Bootstrap tree #638, logLikelihood: -218594.979378
[02:44:21] Bootstrap tree #639, logLikelihood: -215075.972071
[02:44:38] Bootstrap tree #640, logLikelihood: -217283.047257
[02:44:50] Bootstrap tree #641, logLikelihood: -216862.227248
[02:45:01] Bootstrap tree #642, logLikelihood: -217934.720907
[02:45:14] Bootstrap tree #643, logLikelihood: -216855.246602
[02:45:28] Bootstrap tree #644, logLikelihood: -216015.171576
[02:45:42] Bootstrap tree #645, logLikelihood: -214932.277562
[02:46:04] Bootstrap tree #646, logLikelihood: -219079.663672
[02:46:17] Bootstrap tree #647, logLikelihood: -215965.073841
[02:46:30] Bootstrap tree #648, logLikelihood: -218491.095745
[02:46:44] Bootstrap tree #649, logLikelihood: -218506.416454
[02:46:59] Bootstrap tree #650, logLikelihood: -213632.565245
[02:46:59] Bootstrapping converged after 650 replicates.

Optimized model parameters:

   Partition 0: noname
   Rate heterogeneity: GAMMA (4 cats, mean),  alpha: 0.884522 (ML),  weights&rates: (0.250000,0.113377) (0.250000,0.439062) (0.250000,0.977880) (0.250000,2.469682) 
   Base frequencies (ML): 0.266354 0.228088 0.228124 0.277434 
   Substitution rates (ML): 2.081504 3.701854 1.660193 1.341173 4.577912 1.000000 


Final LogLikelihood: -216940.819388

AIC score: 434049.638776 / AICc score: 434050.612988 / BIC score: 434687.914764
Free parameters (model + branch lengths): 84

Best ML tree saved to: /home/gkettenburg/RAxML_tree/bat_picorna_tree/T1.raxml.bestTree
All ML trees saved to: /home/gkettenburg/RAxML_tree/bat_picorna_tree/T1.raxml.mlTrees
Best ML tree with Felsenstein bootstrap (FBP) support values saved to: /home/gkettenburg/RAxML_tree/bat_picorna_tree/T1.raxml.supportFBP
Best ML tree with Transfer bootstrap (TBE) support values saved to: /home/gkettenburg/RAxML_tree/bat_picorna_tree/T1.raxml.supportTBE
Optimized model saved to: /home/gkettenburg/RAxML_tree/bat_picorna_tree/T1.raxml.bestModel
Bootstrap trees saved to: /home/gkettenburg/RAxML_tree/bat_picorna_tree/T1.raxml.bootstraps

Execution log saved to: /home/gkettenburg/RAxML_tree/bat_picorna_tree/T1.raxml.log

Analysis started: 02-Aug-2024 15:01:09 / finished: 02-Aug-2024 17:48:08

Elapsed time: 10019.391 seconds

Consumed energy: 558.018 Wh (= 3 km in an electric car, or 14 km with an e-scooter!)

