ERROR: Unable to locate a modulefile for 'emacs/25.1'
ERROR: Unable to locate a modulefile for 'python/3.6'
ERROR: Unable to locate a modulefile for 'java/1.8.0_121'
ERROR: Unable to locate a modulefile for 'cmake/3.15.1'

RAxML-NG v. 1.1.0-master released on 22.06.2022 by The Exelixis Lab.
Developed by: Alexey M. Kozlov and Alexandros Stamatakis.
Contributors: Diego Darriba, Tomas Flouri, Benoit Morel, Sarah Lutteropp, Ben Bettisworth.
Latest version: https://github.com/amkozlov/raxml-ng
Questions/problems/suggestions? Please visit: https://groups.google.com/forum/#!forum/raxml

System: Intel(R) Xeon(R) CPU E5-2680 v4 @ 2.40GHz, 28 cores, 62 GB RAM

RAxML-NG was called at 10-Sep-2023 11:10:50 as follows:

raxml-ng-mpi --msa bat_picornavirales_full_P2P3_align.fasta --model GTR+G4 --prefix T12 --seed 1 --threads auto{8}

Analysis options:
  run mode: ML tree search
  start tree(s): random (10) + parsimony (10)
  random seed: 1
  tip-inner: OFF
  pattern compression: ON
  per-rate scalers: OFF
  site repeats: ON
  fast spr radius: AUTO
  spr subtree cutoff: 1.000000
  branch lengths: proportional (ML estimate, algorithm: NR-FAST)
  SIMD kernels: AVX2
  parallelization: coarse-grained (auto), PTHREADS (auto)

[00:00:00] Reading alignment from file: bat_picornavirales_full_P2P3_align.fasta
[00:00:00] Loaded alignment with 72 taxa and 33906 sites

Alignment comprises 1 partitions and 14145 patterns

Partition 0: noname
Model: GTR+FO+G4m
Alignment sites / patterns: 33906 / 14145
Gaps: 77.52 %
Invariant sites: 58.26 %


NOTE: Binary MSA file created: T12.raxml.rba

Parallelization scheme autoconfig: 1 worker(s) x 8 thread(s)

Error calling pthread_setaffinity_np: 22
Error calling pthread_setaffinity_np: 22
Error calling pthread_setaffinity_np: 22
Error calling pthread_setaffinity_np: 22
Error calling pthread_setaffinity_np: 22
Error calling pthread_setaffinity_np: 22
Error calling pthread_setaffinity_np: 22
Error calling pthread_setaffinity_np: 22
Parallel reduction/worker buffer size: 1 KB  / 0 KB

[00:00:00] Generating 10 random starting tree(s) with 72 taxa
[00:00:00] Generating 10 parsimony starting tree(s) with 72 taxa
[00:00:00] Data distribution: max. partitions/sites/weight per thread: 1 / 1769 / 28304
[00:00:00] Data distribution: max. searches per worker: 20

Starting ML tree search with 20 distinct starting trees

[00:00:00 -679009.525511] Initial branch length optimization
[00:00:01 -585238.222111] Model parameter optimization (eps = 10.000000)
[00:00:04 -572003.085425] AUTODETECT spr round 1 (radius: 5)
[00:00:06 -469663.129461] AUTODETECT spr round 2 (radius: 10)
[00:00:09 -428022.425011] AUTODETECT spr round 3 (radius: 15)
[00:00:12 -419943.418187] AUTODETECT spr round 4 (radius: 20)
[00:00:13 -419943.146766] AUTODETECT spr round 5 (radius: 25)
[00:00:13 -419943.091710] SPR radius for FAST iterations: 20 (autodetect)
[00:00:13 -419943.091710] Model parameter optimization (eps = 3.000000)
[00:00:16 -417192.394685] FAST spr round 1 (radius: 20)
[00:00:22 -411319.960780] FAST spr round 2 (radius: 20)
[00:00:25 -411163.473223] FAST spr round 3 (radius: 20)
[00:00:28 -411160.143014] FAST spr round 4 (radius: 20)
[00:00:31 -411157.503114] FAST spr round 5 (radius: 20)
[00:00:34 -411154.686620] FAST spr round 6 (radius: 20)
[00:00:37 -411152.882789] FAST spr round 7 (radius: 20)
[00:00:40 -411152.853734] Model parameter optimization (eps = 1.000000)
[00:00:41 -411117.115359] SLOW spr round 1 (radius: 5)
[00:00:52 -411116.984815] SLOW spr round 2 (radius: 5)
[00:01:02 -411116.980217] SLOW spr round 3 (radius: 10)
[00:01:13 -411116.979818] SLOW spr round 4 (radius: 15)
[00:01:25 -411116.979774] SLOW spr round 5 (radius: 20)
[00:01:30 -411116.979767] SLOW spr round 6 (radius: 25)
[00:01:30 -411116.979765] Model parameter optimization (eps = 0.100000)

[00:01:30] ML tree search #1, logLikelihood: -411116.858014

[00:01:30 -681174.620148] Initial branch length optimization
[00:01:31 -590514.030072] Model parameter optimization (eps = 10.000000)
[00:01:34 -578240.953459] AUTODETECT spr round 1 (radius: 5)
[00:01:36 -499204.749602] AUTODETECT spr round 2 (radius: 10)
[00:01:39 -420256.880496] AUTODETECT spr round 3 (radius: 15)
[00:01:42 -419104.907488] AUTODETECT spr round 4 (radius: 20)
[00:01:42 -419104.819214] SPR radius for FAST iterations: 15 (autodetect)
[00:01:42 -419104.819214] Model parameter optimization (eps = 3.000000)
[00:01:45 -416928.629735] FAST spr round 1 (radius: 15)
[00:01:50 -411320.619280] FAST spr round 2 (radius: 15)
[00:01:53 -411145.112998] FAST spr round 3 (radius: 15)
[00:01:57 -411141.174622] FAST spr round 4 (radius: 15)
[00:02:00 -411139.286461] FAST spr round 5 (radius: 15)
[00:02:02 -411139.279644] Model parameter optimization (eps = 1.000000)
[00:02:04 -411117.055964] SLOW spr round 1 (radius: 5)
[00:02:15 -411116.923374] SLOW spr round 2 (radius: 5)
[00:02:25 -411116.921853] SLOW spr round 3 (radius: 10)
[00:02:36 -411116.921467] SLOW spr round 4 (radius: 15)
[00:02:49 -411116.921364] SLOW spr round 5 (radius: 20)
[00:02:53 -411116.921338] SLOW spr round 6 (radius: 25)
[00:02:53 -411116.921331] Model parameter optimization (eps = 0.100000)

[00:02:53] ML tree search #2, logLikelihood: -411116.865558

[00:02:53 -679442.370011] Initial branch length optimization
[00:02:54 -588666.581562] Model parameter optimization (eps = 10.000000)
[00:02:57 -574770.442245] AUTODETECT spr round 1 (radius: 5)
[00:02:59 -474934.775637] AUTODETECT spr round 2 (radius: 10)
[00:03:02 -427805.590636] AUTODETECT spr round 3 (radius: 15)
[00:03:05 -424426.833369] AUTODETECT spr round 4 (radius: 20)
[00:03:07 -424426.580558] AUTODETECT spr round 5 (radius: 25)
[00:03:07 -424426.531261] SPR radius for FAST iterations: 20 (autodetect)
[00:03:07 -424426.531261] Model parameter optimization (eps = 3.000000)
[00:03:10 -421289.749384] FAST spr round 1 (radius: 20)
[00:03:15 -411554.974603] FAST spr round 2 (radius: 20)
[00:03:19 -411254.749657] FAST spr round 3 (radius: 20)
[00:03:22 -411222.545877] FAST spr round 4 (radius: 20)
[00:03:25 -411193.557065] FAST spr round 5 (radius: 20)
[00:03:28 -411184.854462] FAST spr round 6 (radius: 20)
[00:03:31 -411181.431468] FAST spr round 7 (radius: 20)
[00:03:34 -411179.664341] FAST spr round 8 (radius: 20)
[00:03:37 -411179.607406] Model parameter optimization (eps = 1.000000)
[00:03:38 -411117.206762] SLOW spr round 1 (radius: 5)
[00:03:49 -411116.981447] SLOW spr round 2 (radius: 5)
[00:03:59 -411116.981436] SLOW spr round 3 (radius: 10)
[00:04:10 -411116.981434] SLOW spr round 4 (radius: 15)
[00:04:23 -411116.981433] SLOW spr round 5 (radius: 20)
[00:04:27 -411116.981433] SLOW spr round 6 (radius: 25)
[00:04:27 -411116.981433] Model parameter optimization (eps = 0.100000)

[00:04:28] ML tree search #3, logLikelihood: -411116.859381

[00:04:28 -687951.692801] Initial branch length optimization
[00:04:28 -589657.785745] Model parameter optimization (eps = 10.000000)
[00:04:32 -575513.581713] AUTODETECT spr round 1 (radius: 5)
[00:04:34 -483217.652649] AUTODETECT spr round 2 (radius: 10)
[00:04:37 -427798.737130] AUTODETECT spr round 3 (radius: 15)
[00:04:40 -427328.733486] AUTODETECT spr round 4 (radius: 20)
[00:04:41 -427328.563988] AUTODETECT spr round 5 (radius: 25)
[00:04:41 -427328.527680] SPR radius for FAST iterations: 20 (autodetect)
[00:04:41 -427328.527680] Model parameter optimization (eps = 3.000000)
[00:04:44 -423914.199886] FAST spr round 1 (radius: 20)
[00:04:50 -411337.153491] FAST spr round 2 (radius: 20)
[00:04:54 -411199.864392] FAST spr round 3 (radius: 20)
[00:04:57 -411192.335455] FAST spr round 4 (radius: 20)
[00:05:01 -411186.713219] FAST spr round 5 (radius: 20)
[00:05:04 -411182.638361] FAST spr round 6 (radius: 20)
[00:05:07 -411179.359797] FAST spr round 7 (radius: 20)
[00:05:10 -411179.298160] Model parameter optimization (eps = 1.000000)
[00:05:11 -411115.964926] SLOW spr round 1 (radius: 5)
[00:05:22 -411115.762089] SLOW spr round 2 (radius: 5)
[00:05:32 -411115.762088] SLOW spr round 3 (radius: 10)
[00:05:45 -411115.762087] SLOW spr round 4 (radius: 15)
[00:05:56 -411115.762087] SLOW spr round 5 (radius: 20)
[00:06:00 -411115.762087] SLOW spr round 6 (radius: 25)
[00:06:00 -411115.762087] Model parameter optimization (eps = 0.100000)

[00:06:01] ML tree search #4, logLikelihood: -411115.626503

[00:06:01 -679348.366301] Initial branch length optimization
[00:06:01 -582732.767845] Model parameter optimization (eps = 10.000000)
[00:06:05 -569415.108377] AUTODETECT spr round 1 (radius: 5)
[00:06:07 -463725.316548] AUTODETECT spr round 2 (radius: 10)
[00:06:11 -423051.681975] AUTODETECT spr round 3 (radius: 15)
[00:06:14 -423048.871195] AUTODETECT spr round 4 (radius: 20)
[00:06:14 -423048.841720] SPR radius for FAST iterations: 15 (autodetect)
[00:06:14 -423048.841720] Model parameter optimization (eps = 3.000000)
[00:06:16 -420382.639045] FAST spr round 1 (radius: 15)
[00:06:23 -411341.940686] FAST spr round 2 (radius: 15)
[00:06:26 -411206.063850] FAST spr round 3 (radius: 15)
[00:06:29 -411189.616356] FAST spr round 4 (radius: 15)
[00:06:32 -411186.278213] FAST spr round 5 (radius: 15)
[00:06:35 -411184.340095] FAST spr round 6 (radius: 15)
[00:06:38 -411183.612288] FAST spr round 7 (radius: 15)
[00:06:40 -411183.544676] Model parameter optimization (eps = 1.000000)
[00:06:42 -411117.695913] SLOW spr round 1 (radius: 5)
[00:06:53 -411117.495376] SLOW spr round 2 (radius: 5)
[00:07:03 -411117.495373] SLOW spr round 3 (radius: 10)
[00:07:14 -411117.495373] SLOW spr round 4 (radius: 15)
[00:07:28 -411117.495372] SLOW spr round 5 (radius: 20)
[00:07:32 -411117.495372] SLOW spr round 6 (radius: 25)
[00:07:33 -411117.495372] Model parameter optimization (eps = 0.100000)

[00:07:33] ML tree search #5, logLikelihood: -411117.371239

[00:07:33 -680132.137120] Initial branch length optimization
[00:07:34 -582784.095953] Model parameter optimization (eps = 10.000000)
[00:07:37 -568800.543897] AUTODETECT spr round 1 (radius: 5)
[00:07:39 -471604.864279] AUTODETECT spr round 2 (radius: 10)
[00:07:42 -432374.345616] AUTODETECT spr round 3 (radius: 15)
[00:07:44 -429407.535183] AUTODETECT spr round 4 (radius: 20)
[00:07:46 -429369.099846] AUTODETECT spr round 5 (radius: 25)
[00:07:47 -429369.078322] SPR radius for FAST iterations: 20 (autodetect)
[00:07:47 -429369.078322] Model parameter optimization (eps = 3.000000)
[00:07:50 -426294.830081] FAST spr round 1 (radius: 20)
[00:07:56 -411849.319665] FAST spr round 2 (radius: 20)
[00:08:01 -411350.197169] FAST spr round 3 (radius: 20)
[00:08:05 -411294.593727] FAST spr round 4 (radius: 20)
[00:08:08 -411264.981378] FAST spr round 5 (radius: 20)
[00:08:11 -411259.876928] FAST spr round 6 (radius: 20)
[00:08:14 -411255.577122] FAST spr round 7 (radius: 20)
[00:08:17 -411253.647943] FAST spr round 8 (radius: 20)
[00:08:20 -411253.587609] Model parameter optimization (eps = 1.000000)
[00:08:21 -411117.044794] SLOW spr round 1 (radius: 5)
[00:08:32 -411116.905509] SLOW spr round 2 (radius: 5)
[00:08:42 -411116.904007] SLOW spr round 3 (radius: 10)
[00:08:54 -411116.903614] SLOW spr round 4 (radius: 15)
[00:09:07 -411116.903510] SLOW spr round 5 (radius: 20)
[00:09:11 -411116.903483] SLOW spr round 6 (radius: 25)
[00:09:11 -411116.903477] Model parameter optimization (eps = 0.100000)

[00:09:11] ML tree search #6, logLikelihood: -411116.864459

[00:09:11 -675104.565127] Initial branch length optimization
[00:09:12 -581633.515700] Model parameter optimization (eps = 10.000000)
[00:09:15 -568070.427770] AUTODETECT spr round 1 (radius: 5)
[00:09:17 -485181.534865] AUTODETECT spr round 2 (radius: 10)
[00:09:20 -420114.077915] AUTODETECT spr round 3 (radius: 15)
[00:09:23 -419702.111027] AUTODETECT spr round 4 (radius: 20)
[00:09:24 -419701.874415] AUTODETECT spr round 5 (radius: 25)
[00:09:25 -419701.827349] SPR radius for FAST iterations: 20 (autodetect)
[00:09:25 -419701.827349] Model parameter optimization (eps = 3.000000)
[00:09:28 -416903.835573] FAST spr round 1 (radius: 20)
[00:09:33 -411259.435075] FAST spr round 2 (radius: 20)
[00:09:37 -411193.683741] FAST spr round 3 (radius: 20)
[00:09:40 -411160.640079] FAST spr round 4 (radius: 20)
[00:09:43 -411160.636805] Model parameter optimization (eps = 1.000000)
[00:09:44 -411117.597159] SLOW spr round 1 (radius: 5)
[00:09:55 -411117.492367] SLOW spr round 2 (radius: 5)
[00:10:05 -411117.480058] SLOW spr round 3 (radius: 10)
[00:10:16 -411117.477125] SLOW spr round 4 (radius: 15)
[00:10:29 -411117.476478] SLOW spr round 5 (radius: 20)
[00:10:34 -411117.476346] SLOW spr round 6 (radius: 25)
[00:10:34 -411117.476321] Model parameter optimization (eps = 0.100000)

[00:10:34] ML tree search #7, logLikelihood: -411117.389844

[00:10:34 -675601.762194] Initial branch length optimization
[00:10:35 -582506.913098] Model parameter optimization (eps = 10.000000)
[00:10:38 -569765.671106] AUTODETECT spr round 1 (radius: 5)
[00:10:40 -455641.474032] AUTODETECT spr round 2 (radius: 10)
[00:10:43 -419327.293981] AUTODETECT spr round 3 (radius: 15)
[00:10:46 -418465.451126] AUTODETECT spr round 4 (radius: 20)
[00:10:47 -418465.414236] SPR radius for FAST iterations: 15 (autodetect)
[00:10:47 -418465.414236] Model parameter optimization (eps = 3.000000)
[00:10:49 -416312.696734] FAST spr round 1 (radius: 15)
[00:10:54 -411233.091909] FAST spr round 2 (radius: 15)
[00:10:58 -411195.173054] FAST spr round 3 (radius: 15)
[00:11:01 -411162.540568] FAST spr round 4 (radius: 15)
[00:11:04 -411152.941881] FAST spr round 5 (radius: 15)
[00:11:06 -411149.073900] FAST spr round 6 (radius: 15)
[00:11:09 -411147.082709] FAST spr round 7 (radius: 15)
[00:11:12 -411145.252317] FAST spr round 8 (radius: 15)
[00:11:15 -411145.244775] Model parameter optimization (eps = 1.000000)
[00:11:16 -411117.047836] SLOW spr round 1 (radius: 5)
[00:11:27 -411116.954013] SLOW spr round 2 (radius: 10)
[00:11:39 -411116.939789] SLOW spr round 3 (radius: 15)
[00:11:52 -411116.936405] SLOW spr round 4 (radius: 20)
[00:11:56 -411116.935638] SLOW spr round 5 (radius: 25)
[00:11:56 -411116.935461] Model parameter optimization (eps = 0.100000)

[00:11:57] ML tree search #8, logLikelihood: -411116.869016

[00:11:57 -679679.911011] Initial branch length optimization
[00:11:57 -596087.662950] Model parameter optimization (eps = 10.000000)
[00:12:01 -583014.563803] AUTODETECT spr round 1 (radius: 5)
[00:12:03 -479548.308578] AUTODETECT spr round 2 (radius: 10)
[00:12:05 -430965.428414] AUTODETECT spr round 3 (radius: 15)
[00:12:08 -425978.430706] AUTODETECT spr round 4 (radius: 20)
[00:12:09 -425978.102817] AUTODETECT spr round 5 (radius: 25)
[00:12:09 -425978.063058] SPR radius for FAST iterations: 20 (autodetect)
[00:12:09 -425978.063058] Model parameter optimization (eps = 3.000000)
[00:12:12 -423827.891565] FAST spr round 1 (radius: 20)
[00:12:18 -411441.492664] FAST spr round 2 (radius: 20)
[00:12:22 -411254.888213] FAST spr round 3 (radius: 20)
[00:12:25 -411243.792471] FAST spr round 4 (radius: 20)
[00:12:28 -411239.961806] FAST spr round 5 (radius: 20)
[00:12:31 -411237.792478] FAST spr round 6 (radius: 20)
[00:12:34 -411235.281244] FAST spr round 7 (radius: 20)
[00:12:37 -411233.310516] FAST spr round 8 (radius: 20)
[00:12:40 -411233.220499] Model parameter optimization (eps = 1.000000)
[00:12:41 -411115.824801] SLOW spr round 1 (radius: 5)
[00:12:53 -411115.672855] SLOW spr round 2 (radius: 5)
[00:13:03 -411115.672837] SLOW spr round 3 (radius: 10)
[00:13:16 -411115.672836] SLOW spr round 4 (radius: 15)
[00:13:27 -411115.672835] SLOW spr round 5 (radius: 20)
[00:13:31 -411115.672835] SLOW spr round 6 (radius: 25)
[00:13:31 -411115.672835] Model parameter optimization (eps = 0.100000)

[00:13:31] ML tree search #9, logLikelihood: -411115.631046

[00:13:32 -683721.435962] Initial branch length optimization
[00:13:32 -587924.453406] Model parameter optimization (eps = 10.000000)
[00:13:37 -573606.358652] AUTODETECT spr round 1 (radius: 5)
[00:13:38 -481259.234869] AUTODETECT spr round 2 (radius: 10)
[00:13:42 -421605.516376] AUTODETECT spr round 3 (radius: 15)
[00:13:45 -418908.003748] AUTODETECT spr round 4 (radius: 20)
[00:13:46 -418907.411968] AUTODETECT spr round 5 (radius: 25)
[00:13:46 -418907.355854] SPR radius for FAST iterations: 20 (autodetect)
[00:13:46 -418907.355854] Model parameter optimization (eps = 3.000000)
[00:13:49 -415091.664612] FAST spr round 1 (radius: 20)
[00:13:55 -411249.376836] FAST spr round 2 (radius: 20)
[00:13:58 -411156.896412] FAST spr round 3 (radius: 20)
[00:14:01 -411146.409895] FAST spr round 4 (radius: 20)
[00:14:04 -411142.230376] FAST spr round 5 (radius: 20)
[00:14:07 -411140.315735] FAST spr round 6 (radius: 20)
[00:14:10 -411140.310608] Model parameter optimization (eps = 1.000000)
[00:14:11 -411117.527347] SLOW spr round 1 (radius: 5)
[00:14:21 -411117.468978] SLOW spr round 2 (radius: 10)
[00:14:34 -411117.461875] SLOW spr round 3 (radius: 15)
[00:14:47 -411117.460097] SLOW spr round 4 (radius: 20)
[00:14:52 -411117.459684] SLOW spr round 5 (radius: 25)
[00:14:52 -411117.459598] Model parameter optimization (eps = 0.100000)

[00:14:52] ML tree search #10, logLikelihood: -411117.385134

[00:14:52 -464205.911280] Initial branch length optimization
[00:14:52 -421773.799259] Model parameter optimization (eps = 10.000000)
[00:14:54 -411535.986045] AUTODETECT spr round 1 (radius: 5)
[00:14:55 -411160.597678] AUTODETECT spr round 2 (radius: 10)
[00:14:58 -411160.582916] SPR radius for FAST iterations: 5 (autodetect)
[00:14:58 -411160.582916] Model parameter optimization (eps = 3.000000)
[00:14:59 -411159.688519] FAST spr round 1 (radius: 5)
[00:15:01 -411133.113941] FAST spr round 2 (radius: 5)
[00:15:04 -411120.753550] FAST spr round 3 (radius: 5)
[00:15:06 -411117.626183] FAST spr round 4 (radius: 5)
[00:15:09 -411115.804968] FAST spr round 5 (radius: 5)
[00:15:11 -411115.797889] Model parameter optimization (eps = 1.000000)
[00:15:12 -411115.646157] SLOW spr round 1 (radius: 5)
[00:15:23 -411115.641309] SLOW spr round 2 (radius: 10)
[00:15:36 -411115.641088] SLOW spr round 3 (radius: 15)
[00:15:48 -411115.641075] SLOW spr round 4 (radius: 20)
[00:15:51 -411115.641073] SLOW spr round 5 (radius: 25)
[00:15:52 -411115.641073] Model parameter optimization (eps = 0.100000)

[00:15:52] ML tree search #11, logLikelihood: -411115.622790

[00:15:52 -463977.519369] Initial branch length optimization
[00:15:52 -421503.142143] Model parameter optimization (eps = 10.000000)
[00:15:53 -411267.684854] AUTODETECT spr round 1 (radius: 5)
[00:15:55 -411173.262226] AUTODETECT spr round 2 (radius: 10)
[00:15:58 -411173.255561] SPR radius for FAST iterations: 5 (autodetect)
[00:15:58 -411173.255561] Model parameter optimization (eps = 3.000000)
[00:15:58 -411172.902730] FAST spr round 1 (radius: 5)
[00:16:01 -411141.125813] FAST spr round 2 (radius: 5)
[00:16:03 -411123.560766] FAST spr round 3 (radius: 5)
[00:16:06 -411120.856902] FAST spr round 4 (radius: 5)
[00:16:09 -411117.718018] FAST spr round 5 (radius: 5)
[00:16:11 -411115.780793] FAST spr round 6 (radius: 5)
[00:16:14 -411115.775684] Model parameter optimization (eps = 1.000000)
[00:16:14 -411115.643982] SLOW spr round 1 (radius: 5)
[00:16:25 -411115.640290] SLOW spr round 2 (radius: 10)
[00:16:39 -411115.640163] SLOW spr round 3 (radius: 15)
[00:16:50 -411115.640149] SLOW spr round 4 (radius: 20)
[00:16:54 -411115.640147] SLOW spr round 5 (radius: 25)
[00:16:54 -411115.640146] Model parameter optimization (eps = 0.100000)

[00:16:54] ML tree search #12, logLikelihood: -411115.623548

[00:16:54 -464049.506233] Initial branch length optimization
[00:16:54 -421530.416918] Model parameter optimization (eps = 10.000000)
[00:16:56 -411267.657878] AUTODETECT spr round 1 (radius: 5)
[00:16:57 -411133.037581] AUTODETECT spr round 2 (radius: 10)
[00:17:00 -411133.019665] SPR radius for FAST iterations: 5 (autodetect)
[00:17:00 -411133.019665] Model parameter optimization (eps = 3.000000)
[00:17:01 -411132.490660] FAST spr round 1 (radius: 5)
[00:17:03 -411130.101668] FAST spr round 2 (radius: 5)
[00:17:06 -411124.099196] FAST spr round 3 (radius: 5)
[00:17:08 -411121.109884] FAST spr round 4 (radius: 5)
[00:17:11 -411117.994858] FAST spr round 5 (radius: 5)
[00:17:14 -411116.918870] FAST spr round 6 (radius: 5)
[00:17:17 -411116.917300] Model parameter optimization (eps = 1.000000)
[00:17:17 -411116.859112] SLOW spr round 1 (radius: 5)
[00:17:28 -411116.858039] SLOW spr round 2 (radius: 10)
[00:17:40 -411116.857982] SLOW spr round 3 (radius: 15)
[00:17:52 -411116.857972] SLOW spr round 4 (radius: 20)
[00:17:56 -411116.857969] SLOW spr round 5 (radius: 25)
[00:17:56 -411116.857969] Model parameter optimization (eps = 0.100000)

[00:17:57] ML tree search #13, logLikelihood: -411116.852314

[00:17:57 -464301.493747] Initial branch length optimization
[00:17:57 -421613.052424] Model parameter optimization (eps = 10.000000)
[00:17:58 -411292.521238] AUTODETECT spr round 1 (radius: 5)
[00:18:00 -411185.833588] AUTODETECT spr round 2 (radius: 10)
[00:18:03 -411185.827152] SPR radius for FAST iterations: 5 (autodetect)
[00:18:03 -411185.827152] Model parameter optimization (eps = 3.000000)
[00:18:03 -411185.387525] FAST spr round 1 (radius: 5)
[00:18:06 -411118.881938] FAST spr round 2 (radius: 5)
[00:18:08 -411116.968966] FAST spr round 3 (radius: 5)
[00:18:11 -411116.963860] Model parameter optimization (eps = 1.000000)
[00:18:11 -411116.864149] SLOW spr round 1 (radius: 5)
[00:18:23 -411116.862401] SLOW spr round 2 (radius: 10)
[00:18:35 -411116.862322] SLOW spr round 3 (radius: 15)
[00:18:47 -411116.862313] SLOW spr round 4 (radius: 20)
[00:18:51 -411116.862312] SLOW spr round 5 (radius: 25)
[00:18:52 -411116.862312] Model parameter optimization (eps = 0.100000)

[00:18:52] ML tree search #14, logLikelihood: -411116.855458

[00:18:52 -463643.222528] Initial branch length optimization
[00:18:52 -421524.007373] Model parameter optimization (eps = 10.000000)
[00:18:53 -411294.389590] AUTODETECT spr round 1 (radius: 5)
[00:18:55 -411146.200085] AUTODETECT spr round 2 (radius: 10)
[00:18:58 -411146.194698] SPR radius for FAST iterations: 5 (autodetect)
[00:18:58 -411146.194698] Model parameter optimization (eps = 3.000000)
[00:18:58 -411145.756735] FAST spr round 1 (radius: 5)
[00:19:01 -411115.694598] FAST spr round 2 (radius: 5)
[00:19:03 -411115.694102] Model parameter optimization (eps = 1.000000)
[00:19:03 -411115.633670] SLOW spr round 1 (radius: 5)
[00:19:15 -411115.632903] SLOW spr round 2 (radius: 10)
[00:19:28 -411115.632878] SLOW spr round 3 (radius: 15)
[00:19:39 -411115.632875] SLOW spr round 4 (radius: 20)
[00:19:43 -411115.632875] SLOW spr round 5 (radius: 25)
[00:19:43 -411115.632875] Model parameter optimization (eps = 0.100000)

[00:19:43] ML tree search #15, logLikelihood: -411115.623121

[00:19:43 -463640.481000] Initial branch length optimization
[00:19:43 -421464.269577] Model parameter optimization (eps = 10.000000)
[00:19:45 -411201.107611] AUTODETECT spr round 1 (radius: 5)
[00:19:47 -411145.238013] AUTODETECT spr round 2 (radius: 10)
[00:19:50 -411145.229848] SPR radius for FAST iterations: 5 (autodetect)
[00:19:50 -411145.229848] Model parameter optimization (eps = 3.000000)
[00:19:50 -411144.769375] FAST spr round 1 (radius: 5)
[00:19:52 -411120.838080] FAST spr round 2 (radius: 5)
[00:19:55 -411118.730067] FAST spr round 3 (radius: 5)
[00:19:57 -411116.913879] FAST spr round 4 (radius: 5)
[00:20:00 -411116.908567] Model parameter optimization (eps = 1.000000)
[00:20:00 -411116.860848] SLOW spr round 1 (radius: 5)
[00:20:11 -411116.859327] SLOW spr round 2 (radius: 10)
[00:20:24 -411116.859230] SLOW spr round 3 (radius: 15)
[00:20:36 -411116.859216] SLOW spr round 4 (radius: 20)
[00:20:40 -411116.859214] SLOW spr round 5 (radius: 25)
[00:20:40 -411116.859214] Model parameter optimization (eps = 0.100000)

[00:20:40] ML tree search #16, logLikelihood: -411116.854648

[00:20:40 -464134.356627] Initial branch length optimization
[00:20:41 -421476.030108] Model parameter optimization (eps = 10.000000)
[00:20:42 -411231.371583] AUTODETECT spr round 1 (radius: 5)
[00:20:44 -411148.027059] AUTODETECT spr round 2 (radius: 10)
[00:20:47 -411148.007842] SPR radius for FAST iterations: 5 (autodetect)
[00:20:47 -411148.007842] Model parameter optimization (eps = 3.000000)
[00:20:47 -411147.578207] FAST spr round 1 (radius: 5)
[00:20:50 -411117.617916] FAST spr round 2 (radius: 5)
[00:20:52 -411115.700780] FAST spr round 3 (radius: 5)
[00:20:55 -411115.695575] Model parameter optimization (eps = 1.000000)
[00:20:55 -411115.633848] SLOW spr round 1 (radius: 5)
[00:21:06 -411115.632387] SLOW spr round 2 (radius: 10)
[00:21:19 -411115.632320] SLOW spr round 3 (radius: 15)
[00:21:31 -411115.632313] SLOW spr round 4 (radius: 20)
[00:21:34 -411115.632312] SLOW spr round 5 (radius: 25)
[00:21:35 -411115.632312] Model parameter optimization (eps = 0.100000)

[00:21:35] ML tree search #17, logLikelihood: -411115.623448

[00:21:35 -463784.849788] Initial branch length optimization
[00:21:35 -421573.121042] Model parameter optimization (eps = 10.000000)
[00:21:36 -411309.889940] AUTODETECT spr round 1 (radius: 5)
[00:21:38 -411147.932824] AUTODETECT spr round 2 (radius: 10)
[00:21:41 -411147.920279] SPR radius for FAST iterations: 5 (autodetect)
[00:21:41 -411147.920279] Model parameter optimization (eps = 3.000000)
[00:21:42 -411147.395483] FAST spr round 1 (radius: 5)
[00:21:44 -411115.687359] FAST spr round 2 (radius: 5)
[00:21:47 -411115.686779] Model parameter optimization (eps = 1.000000)
[00:21:47 -411115.631408] SLOW spr round 1 (radius: 5)
[00:21:58 -411115.629115] SLOW spr round 2 (radius: 10)
[00:22:11 -411115.629018] SLOW spr round 3 (radius: 15)
[00:22:22 -411115.629002] SLOW spr round 4 (radius: 20)
[00:22:26 -411115.628998] SLOW spr round 5 (radius: 25)
[00:22:26 -411115.628998] Model parameter optimization (eps = 0.100000)

[00:22:26] ML tree search #18, logLikelihood: -411115.621932

[00:22:26 -464131.140002] Initial branch length optimization
[00:22:27 -421501.367428] Model parameter optimization (eps = 10.000000)
[00:22:28 -411240.935341] AUTODETECT spr round 1 (radius: 5)
[00:22:30 -411121.971322] AUTODETECT spr round 2 (radius: 10)
[00:22:33 -411121.956942] SPR radius for FAST iterations: 5 (autodetect)
[00:22:33 -411121.956942] Model parameter optimization (eps = 3.000000)
[00:22:33 -411121.579469] FAST spr round 1 (radius: 5)
[00:22:36 -411118.841648] FAST spr round 2 (radius: 5)
[00:22:38 -411115.698487] FAST spr round 3 (radius: 5)
[00:22:41 -411115.683135] Model parameter optimization (eps = 1.000000)
[00:22:41 -411115.631270] SLOW spr round 1 (radius: 5)
[00:22:52 -411115.628494] SLOW spr round 2 (radius: 10)
[00:23:05 -411115.627770] SLOW spr round 3 (radius: 15)
[00:23:17 -411115.627582] SLOW spr round 4 (radius: 20)
[00:23:20 -411115.627534] SLOW spr round 5 (radius: 25)
[00:23:21 -411115.627522] Model parameter optimization (eps = 0.100000)

[00:23:21] ML tree search #19, logLikelihood: -411115.620227

[00:23:21 -465260.386421] Initial branch length optimization
[00:23:21 -421597.368042] Model parameter optimization (eps = 10.000000)
[00:23:22 -411343.828368] AUTODETECT spr round 1 (radius: 5)
[00:23:24 -411155.932211] AUTODETECT spr round 2 (radius: 10)
[00:23:27 -411155.918521] SPR radius for FAST iterations: 5 (autodetect)
[00:23:27 -411155.918521] Model parameter optimization (eps = 3.000000)
[00:23:27 -411155.358228] FAST spr round 1 (radius: 5)
[00:23:30 -411123.559977] FAST spr round 2 (radius: 5)
[00:23:33 -411120.853304] FAST spr round 3 (radius: 5)
[00:23:35 -411117.712989] FAST spr round 4 (radius: 5)
[00:23:38 -411115.778408] FAST spr round 5 (radius: 5)
[00:23:41 -411115.770455] Model parameter optimization (eps = 1.000000)
[00:23:41 -411115.641249] SLOW spr round 1 (radius: 5)
[00:23:52 -411115.637757] SLOW spr round 2 (radius: 10)
[00:24:05 -411115.637610] SLOW spr round 3 (radius: 15)
[00:24:17 -411115.637592] SLOW spr round 4 (radius: 20)
[00:24:20 -411115.637589] SLOW spr round 5 (radius: 25)
[00:24:21 -411115.637588] Model parameter optimization (eps = 0.100000)

[00:24:21] ML tree search #20, logLikelihood: -411115.620951


Optimized model parameters:

   Partition 0: noname
   Rate heterogeneity: GAMMA (4 cats, mean),  alpha: 2.024570 (ML),  weights&rates: (0.250000,0.296190) (0.250000,0.657601) (0.250000,1.070593) (0.250000,1.975616) 
   Base frequencies (ML): 0.265135 0.225516 0.229808 0.279541 
   Substitution rates (ML): 1.777240 3.984652 1.652824 1.143275 4.514829 1.000000 


Final LogLikelihood: -411115.620227

AIC score: 822531.240454 / AICc score: 822532.582478 / BIC score: 823795.942545
Free parameters (model + branch lengths): 150

Best ML tree saved to: /home/gkettenburg/RAxML_tree/bat_picorna_full_raxml/P2P3/T12.raxml.bestTree
All ML trees saved to: /home/gkettenburg/RAxML_tree/bat_picorna_full_raxml/P2P3/T12.raxml.mlTrees
Optimized model saved to: /home/gkettenburg/RAxML_tree/bat_picorna_full_raxml/P2P3/T12.raxml.bestModel

Execution log saved to: /home/gkettenburg/RAxML_tree/bat_picorna_full_raxml/P2P3/T12.raxml.log

Analysis started: 10-Sep-2023 11:10:50 / finished: 10-Sep-2023 11:35:11

Elapsed time: 1461.241 seconds

Consumed energy: 88.245 Wh

