ERROR: Unable to locate a modulefile for 'emacs/25.1'
ERROR: Unable to locate a modulefile for 'python/3.6'
ERROR: Unable to locate a modulefile for 'java/1.8.0_121'
ERROR: Unable to locate a modulefile for 'cmake/3.15.1'

RAxML-NG v. 1.1.0-master released on 22.06.2022 by The Exelixis Lab.
Developed by: Alexey M. Kozlov and Alexandros Stamatakis.
Contributors: Diego Darriba, Tomas Flouri, Benoit Morel, Sarah Lutteropp, Ben Bettisworth.
Latest version: https://github.com/amkozlov/raxml-ng
Questions/problems/suggestions? Please visit: https://groups.google.com/forum/#!forum/raxml

System: Intel(R) Xeon(R) CPU E5-2680 v4 @ 2.40GHz, 28 cores, 62 GB RAM

RAxML-NG was called at 05-Aug-2023 16:04:56 as follows:

raxml-ng-mpi --bootstrap --msa picornavirales_partial_align.fasta --model GTR+G4 --prefix T6 --seed 5 --threads auto{12}

Analysis options:
  run mode: Bootstrapping
  start tree(s): 
  bootstrap replicates: max: 1000 + bootstopping (autoMRE, cutoff: 0.030000)
  random seed: 5
  tip-inner: OFF
  pattern compression: ON
  per-rate scalers: OFF
  site repeats: ON
  branch lengths: proportional (ML estimate, algorithm: NR-FAST)
  SIMD kernels: AVX2
  parallelization: coarse-grained (auto), PTHREADS (auto)

WARNING: The model you specified on the command line (GTR+G4) will be ignored 
         since the binary MSA file already contains a model definition.
         If you want to change the model, please re-run RAxML-NG 
         with the original PHYLIP/FASTA alignment and --redo option.

[00:00:00] Loading binary alignment from file: T6.raxml.rba
[00:00:01] Alignment comprises 402 taxa, 1 partitions and 40880 patterns

Partition 0: noname
Model: GTR+FO+G4m
Alignment sites / patterns: 62204 / 40880
Gaps: 87.09 %
Invariant sites: 37.13 %


Parallelization scheme autoconfig: 1 worker(s) x 12 thread(s)

Error calling pthread_setaffinity_np: 22
Parallel reduction/worker buffer size: 1 KB  / 0 KB

[00:00:01] NOTE: Resuming execution from checkpoint (logLH: -3322048.69, ML trees: 0, bootstraps: 12)
[00:00:01] Data distribution: max. partitions/sites/weight per thread: 1 / 3407 / 54512
[00:00:03] Data distribution: max. searches per worker: 988
[00:00:03] Starting bootstrapping analysis with 1000 replicates.

[00:51:57] Bootstrap tree #13, logLikelihood: -3348407.033095
[02:05:36] Bootstrap tree #14, logLikelihood: -3359934.343062
[03:12:36] Bootstrap tree #15, logLikelihood: -3301472.055031
[04:23:19] Bootstrap tree #16, logLikelihood: -3362210.846682
[05:42:50] Bootstrap tree #17, logLikelihood: -3322115.325476
[06:54:00] Bootstrap tree #18, logLikelihood: -3346756.363180
[08:08:16] Bootstrap tree #19, logLikelihood: -3347269.768115
[09:20:02] Bootstrap tree #20, logLikelihood: -3328855.934072
[10:22:14] Bootstrap tree #21, logLikelihood: -3322763.162418
[11:26:40] Bootstrap tree #22, logLikelihood: -3305911.873453
[12:41:33] Bootstrap tree #23, logLikelihood: -3302194.520641
[13:54:46] Bootstrap tree #24, logLikelihood: -3345346.130697
[15:06:08] Bootstrap tree #25, logLikelihood: -3296958.678717
[16:17:27] Bootstrap tree #26, logLikelihood: -3308905.026579
[17:26:50] Bootstrap tree #27, logLikelihood: -3333090.894147
[18:52:15] Bootstrap tree #28, logLikelihood: -3322176.440163
[20:11:22] Bootstrap tree #29, logLikelihood: -3337940.446784
[21:18:20] Bootstrap tree #30, logLikelihood: -3320590.136662
[22:32:03] Bootstrap tree #31, logLikelihood: -3322748.785419
[23:38:26] Bootstrap tree #32, logLikelihood: -3307476.682672
[24:50:23] Bootstrap tree #33, logLikelihood: -3330047.899970
[25:59:14] Bootstrap tree #34, logLikelihood: -3341885.841330
[27:25:47] Bootstrap tree #35, logLikelihood: -3306018.136520
[28:33:31] Bootstrap tree #36, logLikelihood: -3326652.332491
[29:47:16] Bootstrap tree #37, logLikelihood: -3368680.435469
[31:00:28] Bootstrap tree #38, logLikelihood: -3319548.782731
[32:15:42] Bootstrap tree #39, logLikelihood: -3325338.025057
[33:29:34] Bootstrap tree #40, logLikelihood: -3355969.799721
[34:47:13] Bootstrap tree #41, logLikelihood: -3278187.335360
slurmstepd-midway2-0334: error: *** JOB 29446190 ON midway2-0334 CANCELLED AT 2023-08-07T04:05:07 DUE TO TIME LIMIT ***
