
RAxML-NG v. 1.1.0-master released on 22.06.2022 by The Exelixis Lab.
Developed by: Alexey M. Kozlov and Alexandros Stamatakis.
Contributors: Diego Darriba, Tomas Flouri, Benoit Morel, Sarah Lutteropp, Ben Bettisworth.
Latest version: https://github.com/amkozlov/raxml-ng
Questions/problems/suggestions? Please visit: https://groups.google.com/forum/#!forum/raxml

System: Intel(R) Xeon(R) CPU E5-2680 v4 @ 2.40GHz, 28 cores, 251 GB RAM

RAxML-NG was called at 09-Aug-2023 11:36:33 as follows:

raxml-ng-mpi --bsconverge --bs-trees allbootstraps1 --prefix T100 --seed 2 --threads 1 --bs-cutoff 0.03

Analysis options:
  run mode: A posteriori bootstrap convergence test
  start tree(s): 
  random seed: 2
  SIMD kernels: AVX2
  parallelization: coarse-grained (auto), NONE/sequential

Reading bootstrap trees from file: allbootstraps1
Loaded 248 trees with 402 taxa.

Performing bootstrap convergence assessment using autoMRE criterion

 # trees        avg WRF       avg WRF in %       # perms: wrf <= 3.00 %     converged?  
      50        722.648              3.661                          209        NO
     100       1064.126              2.678                          803        NO
     150       1272.224              2.130                          999        YES
Bootstopping test converged after 150 trees


Execution log saved to: /home/gkettenburg/RAxML_tree/raxml_trees/picornavirales_partial/T100.raxml.log

Analysis started: 09-Aug-2023 11:36:33 / finished: 09-Aug-2023 11:36:43

Elapsed time: 10.148 seconds

Consumed energy: 0.311 Wh

