
RAxML-NG v. 1.1.0-master released on 22.06.2022 by The Exelixis Lab.
Developed by: Alexey M. Kozlov and Alexandros Stamatakis.
Contributors: Diego Darriba, Tomas Flouri, Benoit Morel, Sarah Lutteropp, Ben Bettisworth.
Latest version: https://github.com/amkozlov/raxml-ng
Questions/problems/suggestions? Please visit: https://groups.google.com/forum/#!forum/raxml

System: Intel(R) Xeon(R) CPU E5-2680 v4 @ 2.40GHz, 28 cores, 62 GB RAM

RAxML-NG was called at 05-Sep-2023 00:31:06 as follows:

raxml-ng-mpi --all --msa bat_picornavirales_all_over1kb_align.fasta --model GTR+G4 --prefix T1 --seed 1 --threads auto{8} --bs-metric fbp,tbe

Analysis options:
  run mode: ML tree search + bootstrapping (Felsenstein Bootstrap + Transfer Bootstrap)
  start tree(s): random (10) + parsimony (10)
  bootstrap replicates: max: 1000 + bootstopping (autoMRE, cutoff: 0.030000)
  random seed: 1
  tip-inner: OFF
  pattern compression: ON
  per-rate scalers: OFF
  site repeats: ON
  branch lengths: proportional (ML estimate, algorithm: NR-FAST)
  SIMD kernels: AVX2
  parallelization: coarse-grained (auto), PTHREADS (auto)

[00:00:00] Reading alignment from file: bat_picornavirales_all_over1kb_align.fasta
[00:00:00] Loaded alignment with 255 taxa and 36302 sites

WARNING: Fully undetermined columns found: 1

NOTE: Reduced alignment (with duplicates and gap-only sites/taxa removed) 
NOTE: was saved to: /home/gkettenburg/bat_picorna_all_raxml/over1kb/T1.raxml.reduced.phy

Alignment comprises 1 partitions and 17592 patterns

Partition 0: noname
Model: GTR+FO+G4m
Alignment sites / patterns: 36301 / 17592
Gaps: 82.40 %
Invariant sites: 52.16 %


NOTE: Binary MSA file created: T1.raxml.rba

Parallelization scheme autoconfig: 1 worker(s) x 8 thread(s)

Parallel reduction/worker buffer size: 1 KB  / 0 KB

[00:00:01] Generating 10 random starting tree(s) with 255 taxa
[00:00:01] Generating 10 parsimony starting tree(s) with 255 taxa
[00:00:03] Data distribution: max. partitions/sites/weight per thread: 1 / 2199 / 35184
[00:00:05] Data distribution: max. searches per worker: 1020

Starting ML tree search with 20 distinct starting trees

[00:12:29] ML tree search #1, logLikelihood: -863882.711781
[00:24:52] ML tree search #2, logLikelihood: -863881.405921
[00:37:17] ML tree search #3, logLikelihood: -863872.864126
[00:50:39] ML tree search #4, logLikelihood: -863881.598014
[01:04:17] ML tree search #5, logLikelihood: -863898.033006
[01:16:46] ML tree search #6, logLikelihood: -863923.547439
[01:29:17] ML tree search #7, logLikelihood: -863900.605123
[01:42:04] ML tree search #8, logLikelihood: -863901.131713
[01:57:31] ML tree search #9, logLikelihood: -863891.043070
[02:10:12] ML tree search #10, logLikelihood: -863904.967883
[02:19:09] ML tree search #11, logLikelihood: -863920.942055
[02:30:53] ML tree search #12, logLikelihood: -863919.266227
[02:40:36] ML tree search #13, logLikelihood: -863889.420298
[02:50:30] ML tree search #14, logLikelihood: -863896.165117
[03:00:22] ML tree search #15, logLikelihood: -863911.854779
[03:11:11] ML tree search #16, logLikelihood: -863889.601481
[03:20:35] ML tree search #17, logLikelihood: -863896.831409
[03:29:48] ML tree search #18, logLikelihood: -863901.232819
[03:40:00] ML tree search #19, logLikelihood: -863897.650358
[03:49:41] ML tree search #20, logLikelihood: -863921.463422

[03:49:41] ML tree search completed, best tree logLH: -863872.864126

[03:49:41] Starting bootstrapping analysis with 1000 replicates.

[03:58:13] Bootstrap tree #1, logLikelihood: -844634.842066
[04:06:13] Bootstrap tree #2, logLikelihood: -865980.119514
[04:14:35] Bootstrap tree #3, logLikelihood: -871604.023368
[04:23:00] Bootstrap tree #4, logLikelihood: -866259.191106
[04:31:04] Bootstrap tree #5, logLikelihood: -876588.285943
[04:39:46] Bootstrap tree #6, logLikelihood: -860636.500003
[04:47:27] Bootstrap tree #7, logLikelihood: -860102.309357
[04:56:08] Bootstrap tree #8, logLikelihood: -862440.627839
[05:05:47] Bootstrap tree #9, logLikelihood: -862089.283786
[05:14:41] Bootstrap tree #10, logLikelihood: -858802.592534
[05:24:27] Bootstrap tree #11, logLikelihood: -869388.095695
[05:34:20] Bootstrap tree #12, logLikelihood: -857970.131861
[05:43:22] Bootstrap tree #13, logLikelihood: -866271.071647
[05:51:44] Bootstrap tree #14, logLikelihood: -853792.208158
[05:59:59] Bootstrap tree #15, logLikelihood: -870665.339170
[06:11:58] Bootstrap tree #16, logLikelihood: -865430.549548
[06:20:43] Bootstrap tree #17, logLikelihood: -869984.807382
[06:29:14] Bootstrap tree #18, logLikelihood: -863789.734577
[06:37:22] Bootstrap tree #19, logLikelihood: -856795.665611
[06:45:22] Bootstrap tree #20, logLikelihood: -863007.580292
[06:53:53] Bootstrap tree #21, logLikelihood: -864863.008001
[07:03:14] Bootstrap tree #22, logLikelihood: -864520.132549
[07:11:56] Bootstrap tree #23, logLikelihood: -864183.552508
[07:19:54] Bootstrap tree #24, logLikelihood: -863269.705920
[07:28:13] Bootstrap tree #25, logLikelihood: -870360.536431
[07:36:01] Bootstrap tree #26, logLikelihood: -861140.547214
[07:43:50] Bootstrap tree #27, logLikelihood: -873403.719086
[07:54:00] Bootstrap tree #28, logLikelihood: -869502.380491
[08:02:22] Bootstrap tree #29, logLikelihood: -850130.386628
[08:10:27] Bootstrap tree #30, logLikelihood: -870063.234653
[08:18:50] Bootstrap tree #31, logLikelihood: -863265.779386
[08:26:30] Bootstrap tree #32, logLikelihood: -868337.324476
[08:34:43] Bootstrap tree #33, logLikelihood: -854994.827837
[08:42:50] Bootstrap tree #34, logLikelihood: -865546.747836
[08:53:08] Bootstrap tree #35, logLikelihood: -874993.240605
[09:01:30] Bootstrap tree #36, logLikelihood: -867308.683210
[09:09:32] Bootstrap tree #37, logLikelihood: -859811.341072
[09:17:32] Bootstrap tree #38, logLikelihood: -862607.309984
[09:25:05] Bootstrap tree #39, logLikelihood: -862503.241026
[09:33:25] Bootstrap tree #40, logLikelihood: -867220.682651
[09:41:29] Bootstrap tree #41, logLikelihood: -863921.762496
[09:49:28] Bootstrap tree #42, logLikelihood: -858988.383482
[09:57:40] Bootstrap tree #43, logLikelihood: -845859.705394
[10:06:29] Bootstrap tree #44, logLikelihood: -868966.650411
[10:14:40] Bootstrap tree #45, logLikelihood: -861504.526221
[10:22:47] Bootstrap tree #46, logLikelihood: -867463.233858
[10:30:54] Bootstrap tree #47, logLikelihood: -871667.238608
[10:39:33] Bootstrap tree #48, logLikelihood: -865221.957047
[10:48:38] Bootstrap tree #49, logLikelihood: -871213.797475
[10:57:00] Bootstrap tree #50, logLikelihood: -863061.206165
[11:04:42] Bootstrap tree #51, logLikelihood: -863309.547945
[11:13:01] Bootstrap tree #52, logLikelihood: -869729.074645
[11:21:10] Bootstrap tree #53, logLikelihood: -857738.993145
[11:29:31] Bootstrap tree #54, logLikelihood: -870891.898052
[11:38:28] Bootstrap tree #55, logLikelihood: -867573.245659
[11:46:46] Bootstrap tree #56, logLikelihood: -874854.016944
[11:54:18] Bootstrap tree #57, logLikelihood: -866652.047715
[12:02:35] Bootstrap tree #58, logLikelihood: -864708.044827
[12:11:57] Bootstrap tree #59, logLikelihood: -862409.213874
[12:20:36] Bootstrap tree #60, logLikelihood: -867028.378550
[12:29:17] Bootstrap tree #61, logLikelihood: -862185.651870
[12:39:31] Bootstrap tree #62, logLikelihood: -862816.252942
[12:48:20] Bootstrap tree #63, logLikelihood: -864907.754578
[12:56:22] Bootstrap tree #64, logLikelihood: -864729.942054
[13:05:02] Bootstrap tree #65, logLikelihood: -859628.475730
[13:13:34] Bootstrap tree #66, logLikelihood: -868811.001488
[13:21:54] Bootstrap tree #67, logLikelihood: -866352.010160
[13:30:23] Bootstrap tree #68, logLikelihood: -875237.366717
[13:38:31] Bootstrap tree #69, logLikelihood: -869608.862619
[13:48:25] Bootstrap tree #70, logLikelihood: -877042.622201
[13:58:38] Bootstrap tree #71, logLikelihood: -860147.156280
[14:06:48] Bootstrap tree #72, logLikelihood: -881337.600954
[14:14:38] Bootstrap tree #73, logLikelihood: -864434.244504
[14:22:51] Bootstrap tree #74, logLikelihood: -856379.750152
[14:30:51] Bootstrap tree #75, logLikelihood: -866808.205986
[14:39:46] Bootstrap tree #76, logLikelihood: -853930.662285
[14:48:48] Bootstrap tree #77, logLikelihood: -854971.646908
[14:57:10] Bootstrap tree #78, logLikelihood: -872695.108251
[15:06:12] Bootstrap tree #79, logLikelihood: -865218.225405
[15:14:28] Bootstrap tree #80, logLikelihood: -848700.104306
[15:22:49] Bootstrap tree #81, logLikelihood: -849317.455803
[15:30:32] Bootstrap tree #82, logLikelihood: -857946.960626
[15:39:44] Bootstrap tree #83, logLikelihood: -843676.262933
[15:48:03] Bootstrap tree #84, logLikelihood: -868211.211176
[15:57:15] Bootstrap tree #85, logLikelihood: -859897.535280
[16:06:11] Bootstrap tree #86, logLikelihood: -863021.879537
[16:14:11] Bootstrap tree #87, logLikelihood: -847737.807525
[16:22:39] Bootstrap tree #88, logLikelihood: -861113.176492
[16:32:58] Bootstrap tree #89, logLikelihood: -874868.959256
[16:41:13] Bootstrap tree #90, logLikelihood: -870199.059586
[16:48:58] Bootstrap tree #91, logLikelihood: -866697.196460
[16:57:28] Bootstrap tree #92, logLikelihood: -870924.838157
[17:05:58] Bootstrap tree #93, logLikelihood: -862793.968038
[17:14:28] Bootstrap tree #94, logLikelihood: -854673.791624
[17:23:05] Bootstrap tree #95, logLikelihood: -871004.972292
[17:32:10] Bootstrap tree #96, logLikelihood: -864356.478544
[17:41:06] Bootstrap tree #97, logLikelihood: -858626.786745
[17:49:34] Bootstrap tree #98, logLikelihood: -871324.978986
[17:58:09] Bootstrap tree #99, logLikelihood: -865549.147894
[18:06:12] Bootstrap tree #100, logLikelihood: -864732.760974
[18:14:20] Bootstrap tree #101, logLikelihood: -860638.271277
[18:22:22] Bootstrap tree #102, logLikelihood: -866232.002310
[18:30:41] Bootstrap tree #103, logLikelihood: -869913.026687
[18:38:37] Bootstrap tree #104, logLikelihood: -863388.183692
[18:51:24] Bootstrap tree #105, logLikelihood: -870226.036039
[19:01:11] Bootstrap tree #106, logLikelihood: -857535.420504
[19:08:57] Bootstrap tree #107, logLikelihood: -861314.629004
[19:16:52] Bootstrap tree #108, logLikelihood: -861096.584866
[19:25:01] Bootstrap tree #109, logLikelihood: -865901.945057
[19:33:27] Bootstrap tree #110, logLikelihood: -862847.411436
[19:42:00] Bootstrap tree #111, logLikelihood: -853606.546096
[19:50:03] Bootstrap tree #112, logLikelihood: -850041.357002
[19:59:19] Bootstrap tree #113, logLikelihood: -852565.719032
[20:07:33] Bootstrap tree #114, logLikelihood: -873085.590728
[20:15:45] Bootstrap tree #115, logLikelihood: -872049.510159
[20:23:37] Bootstrap tree #116, logLikelihood: -865137.333987
[20:32:05] Bootstrap tree #117, logLikelihood: -864589.096034
[20:43:35] Bootstrap tree #118, logLikelihood: -847594.898339
[20:52:14] Bootstrap tree #119, logLikelihood: -876253.815809
[21:00:56] Bootstrap tree #120, logLikelihood: -872881.509342
[21:09:39] Bootstrap tree #121, logLikelihood: -871526.318628
[21:18:10] Bootstrap tree #122, logLikelihood: -871700.834562
[21:26:20] Bootstrap tree #123, logLikelihood: -861203.804097
[21:34:46] Bootstrap tree #124, logLikelihood: -868599.569710
[21:45:05] Bootstrap tree #125, logLikelihood: -865178.603747
[21:53:07] Bootstrap tree #126, logLikelihood: -866781.084357
[22:04:15] Bootstrap tree #127, logLikelihood: -858864.663981
[22:12:25] Bootstrap tree #128, logLikelihood: -863168.660192
[22:21:00] Bootstrap tree #129, logLikelihood: -866013.829731
[22:29:23] Bootstrap tree #130, logLikelihood: -865930.849094
[22:37:33] Bootstrap tree #131, logLikelihood: -856054.453839
[22:46:17] Bootstrap tree #132, logLikelihood: -859152.859332
[22:56:26] Bootstrap tree #133, logLikelihood: -868838.676308
[23:04:47] Bootstrap tree #134, logLikelihood: -853359.095008
[23:14:14] Bootstrap tree #135, logLikelihood: -849066.117121
[23:24:13] Bootstrap tree #136, logLikelihood: -857142.739281
[23:33:01] Bootstrap tree #137, logLikelihood: -865284.541623
[23:41:02] Bootstrap tree #138, logLikelihood: -852107.315541
[23:51:24] Bootstrap tree #139, logLikelihood: -870855.721240
[23:59:20] Bootstrap tree #140, logLikelihood: -866503.641813
[24:07:54] Bootstrap tree #141, logLikelihood: -858299.365573
[24:15:33] Bootstrap tree #142, logLikelihood: -875072.305318
[24:24:21] Bootstrap tree #143, logLikelihood: -857148.287205
[24:32:14] Bootstrap tree #144, logLikelihood: -858192.953667
[24:40:49] Bootstrap tree #145, logLikelihood: -855265.446966
[24:50:37] Bootstrap tree #146, logLikelihood: -860820.266973
[24:59:10] Bootstrap tree #147, logLikelihood: -867138.145686
[25:07:19] Bootstrap tree #148, logLikelihood: -864154.682572
[25:15:39] Bootstrap tree #149, logLikelihood: -858912.836815
[25:24:45] Bootstrap tree #150, logLikelihood: -856006.558072
[25:32:47] Bootstrap tree #151, logLikelihood: -854259.779233
[25:41:04] Bootstrap tree #152, logLikelihood: -867731.277090
[25:49:22] Bootstrap tree #153, logLikelihood: -857737.547740
[25:57:59] Bootstrap tree #154, logLikelihood: -865490.449243
[26:06:05] Bootstrap tree #155, logLikelihood: -864289.220849
[26:14:34] Bootstrap tree #156, logLikelihood: -862154.469492
[26:23:08] Bootstrap tree #157, logLikelihood: -872867.104827
[26:31:20] Bootstrap tree #158, logLikelihood: -871130.685825
[26:39:44] Bootstrap tree #159, logLikelihood: -852502.952648
[26:48:10] Bootstrap tree #160, logLikelihood: -859902.097387
[26:57:21] Bootstrap tree #161, logLikelihood: -862354.607157
[27:06:03] Bootstrap tree #162, logLikelihood: -866905.081254
[27:16:14] Bootstrap tree #163, logLikelihood: -848982.038747
[27:25:47] Bootstrap tree #164, logLikelihood: -858672.464688
[27:33:47] Bootstrap tree #165, logLikelihood: -858524.403367
[27:42:04] Bootstrap tree #166, logLikelihood: -873303.010167
[27:49:59] Bootstrap tree #167, logLikelihood: -863121.305066
[27:58:24] Bootstrap tree #168, logLikelihood: -858790.161390
[28:06:50] Bootstrap tree #169, logLikelihood: -860362.832923
[28:15:03] Bootstrap tree #170, logLikelihood: -868210.871359
[28:24:47] Bootstrap tree #171, logLikelihood: -859155.564273
[28:33:24] Bootstrap tree #172, logLikelihood: -857294.462576
[28:41:32] Bootstrap tree #173, logLikelihood: -860635.873494
[28:49:15] Bootstrap tree #174, logLikelihood: -859052.653483
[28:57:37] Bootstrap tree #175, logLikelihood: -858346.453296
[29:06:11] Bootstrap tree #176, logLikelihood: -870322.040589
[29:14:23] Bootstrap tree #177, logLikelihood: -856262.383815
[29:23:17] Bootstrap tree #178, logLikelihood: -865256.684798
[29:31:31] Bootstrap tree #179, logLikelihood: -870934.038397
[29:39:27] Bootstrap tree #180, logLikelihood: -868669.457228
[29:48:06] Bootstrap tree #181, logLikelihood: -858885.396845
[29:56:41] Bootstrap tree #182, logLikelihood: -877858.043145
[30:07:22] Bootstrap tree #183, logLikelihood: -864796.169542
[30:16:49] Bootstrap tree #184, logLikelihood: -868625.013361
[30:24:51] Bootstrap tree #185, logLikelihood: -868349.660822
[30:33:06] Bootstrap tree #186, logLikelihood: -868634.970287
[30:43:06] Bootstrap tree #187, logLikelihood: -869849.067947
[30:50:55] Bootstrap tree #188, logLikelihood: -854891.133955
[30:58:55] Bootstrap tree #189, logLikelihood: -866432.155270
[31:07:24] Bootstrap tree #190, logLikelihood: -861194.429501
[31:15:35] Bootstrap tree #191, logLikelihood: -859508.130548
[31:23:25] Bootstrap tree #192, logLikelihood: -865116.626622
[31:31:44] Bootstrap tree #193, logLikelihood: -852494.235174
[31:40:39] Bootstrap tree #194, logLikelihood: -861262.926854
[31:48:30] Bootstrap tree #195, logLikelihood: -866958.912378
[31:56:10] Bootstrap tree #196, logLikelihood: -870006.478015
[32:06:10] Bootstrap tree #197, logLikelihood: -871943.841303
[32:14:43] Bootstrap tree #198, logLikelihood: -861601.978235
[32:22:32] Bootstrap tree #199, logLikelihood: -858517.633314
[32:30:57] Bootstrap tree #200, logLikelihood: -860583.569538
[32:41:04] Bootstrap tree #201, logLikelihood: -857412.478195
[32:49:25] Bootstrap tree #202, logLikelihood: -869993.247577
[32:57:18] Bootstrap tree #203, logLikelihood: -874803.244489
[33:06:38] Bootstrap tree #204, logLikelihood: -860705.579679
[33:14:54] Bootstrap tree #205, logLikelihood: -865385.356064
[33:23:01] Bootstrap tree #206, logLikelihood: -857940.103055
[33:32:34] Bootstrap tree #207, logLikelihood: -855231.780535
[33:41:00] Bootstrap tree #208, logLikelihood: -864747.765407
[33:49:08] Bootstrap tree #209, logLikelihood: -874501.588748
[33:57:13] Bootstrap tree #210, logLikelihood: -850926.102507
[34:07:16] Bootstrap tree #211, logLikelihood: -854850.515767
[34:14:46] Bootstrap tree #212, logLikelihood: -856086.004932
[34:22:45] Bootstrap tree #213, logLikelihood: -852703.201806
[34:31:12] Bootstrap tree #214, logLikelihood: -861162.919724
[34:39:17] Bootstrap tree #215, logLikelihood: -858002.192206
[34:47:39] Bootstrap tree #216, logLikelihood: -857178.300034
[34:55:58] Bootstrap tree #217, logLikelihood: -853328.794471
[35:05:07] Bootstrap tree #218, logLikelihood: -871358.998747
[35:14:45] Bootstrap tree #219, logLikelihood: -869855.059054
[35:22:49] Bootstrap tree #220, logLikelihood: -851502.765357
[35:30:24] Bootstrap tree #221, logLikelihood: -864344.501710
[35:39:11] Bootstrap tree #222, logLikelihood: -860907.355113
[35:46:52] Bootstrap tree #223, logLikelihood: -858481.911452
[35:56:47] Bootstrap tree #224, logLikelihood: -858827.558527
