
RAxML-NG v. 1.1.0-master released on 22.06.2022 by The Exelixis Lab.
Developed by: Alexey M. Kozlov and Alexandros Stamatakis.
Contributors: Diego Darriba, Tomas Flouri, Benoit Morel, Sarah Lutteropp, Ben Bettisworth.
Latest version: https://github.com/amkozlov/raxml-ng
Questions/problems/suggestions? Please visit: https://groups.google.com/forum/#!forum/raxml

System: Intel(R) Xeon(R) CPU E5-2680 v4 @ 2.40GHz, 28 cores, 251 GB RAM

RAxML-NG was called at 06-Sep-2023 10:39:24 as follows:

raxml-ng-mpi --bsconverge --bs-trees allbootstraps --prefix T100 --seed 2 --threads 2 --bs-cutoff 0.03

Analysis options:
  run mode: A posteriori bootstrap convergence test
  start tree(s): 
  random seed: 2
  SIMD kernels: AVX2
  parallelization: coarse-grained (auto), PTHREADS (2 threads), thread pinning: ON

Reading bootstrap trees from file: allbootstraps
Loaded 452 trees with 255 taxa.

Performing bootstrap convergence assessment using autoMRE criterion

 # trees        avg WRF       avg WRF in %       # perms: wrf <= 3.00 %     converged?  
      50        695.231              5.518                            0        NO
     100        915.274              3.632                          121        NO
     150       1235.007              3.267                          304        NO
     200       1519.706              3.015                          472        NO
     250       1577.905              2.505                          876        NO
     300       1760.832              2.329                          951        NO
     350       1918.502              2.175                          975        NO
     400       1879.372              1.864                          994        YES
Bootstopping test converged after 400 trees


Execution log saved to: /home/gkettenburg/bat_picorna_all_raxml/over1kb/T100.raxml.log

Analysis started: 06-Sep-2023 10:39:24 / finished: 06-Sep-2023 10:39:44

Elapsed time: 20.055 seconds

Consumed energy: 1.295 Wh

