ERROR: Unable to locate a modulefile for 'emacs/25.1'
ERROR: Unable to locate a modulefile for 'python/3.6'
ERROR: Unable to locate a modulefile for 'java/1.8.0_121'
ERROR: Unable to locate a modulefile for 'cmake/3.15.1'

RAxML-NG v. 1.1.0-master released on 22.06.2022 by The Exelixis Lab.
Developed by: Alexey M. Kozlov and Alexandros Stamatakis.
Contributors: Diego Darriba, Tomas Flouri, Benoit Morel, Sarah Lutteropp, Ben Bettisworth.
Latest version: https://github.com/amkozlov/raxml-ng
Questions/problems/suggestions? Please visit: https://groups.google.com/forum/#!forum/raxml

System: Intel(R) Xeon(R) CPU E5-2680 v4 @ 2.40GHz, 28 cores, 62 GB RAM

RAxML-NG was called at 14-Aug-2023 23:28:46 as follows:

raxml-ng-mpi --bootstrap --msa bat_picornavirales_full_3kb_align.fasta --model GTR+G4 --prefix T14 --seed 23 --threads auto{8}

Analysis options:
  run mode: Bootstrapping
  start tree(s): 
  bootstrap replicates: max: 1000 + bootstopping (autoMRE, cutoff: 0.030000)
  random seed: 23
  tip-inner: OFF
  pattern compression: ON
  per-rate scalers: OFF
  site repeats: ON
  branch lengths: proportional (ML estimate, algorithm: NR-FAST)
  SIMD kernels: AVX2
  parallelization: coarse-grained (auto), PTHREADS (auto)

[00:00:02] Reading alignment from file: bat_picornavirales_full_3kb_align.fasta
[00:00:03] Loaded alignment with 69 taxa and 33758 sites

Alignment comprises 1 partitions and 14843 patterns

Partition 0: noname
Model: GTR+FO+G4m
Alignment sites / patterns: 33758 / 14843
Gaps: 76.02 %
Invariant sites: 55.05 %


NOTE: Binary MSA file created: T14.raxml.rba

Parallelization scheme autoconfig: 1 worker(s) x 8 thread(s)

Error calling pthread_setaffinity_np: 22
Parallel reduction/worker buffer size: 1 KB  / 0 KB

[00:00:03] Data distribution: max. partitions/sites/weight per thread: 1 / 1856 / 29696
[00:00:04] Data distribution: max. searches per worker: 1000
[00:00:04] Starting bootstrapping analysis with 1000 replicates.

[00:00:54] Bootstrap tree #1, logLikelihood: -430833.158608
[00:01:49] Bootstrap tree #2, logLikelihood: -424669.706164
[00:02:42] Bootstrap tree #3, logLikelihood: -426376.999111
[00:03:35] Bootstrap tree #4, logLikelihood: -422376.698880
[00:04:20] Bootstrap tree #5, logLikelihood: -425327.925795
[00:05:07] Bootstrap tree #6, logLikelihood: -421527.798569
[00:06:12] Bootstrap tree #7, logLikelihood: -426451.158718
[00:07:04] Bootstrap tree #8, logLikelihood: -422557.099956
[00:08:00] Bootstrap tree #9, logLikelihood: -420820.076343
[00:08:57] Bootstrap tree #10, logLikelihood: -426179.475493
[00:09:49] Bootstrap tree #11, logLikelihood: -422702.145893
[00:10:44] Bootstrap tree #12, logLikelihood: -421923.895259
[00:11:32] Bootstrap tree #13, logLikelihood: -424536.592138
[00:12:29] Bootstrap tree #14, logLikelihood: -430315.249134
[00:13:22] Bootstrap tree #15, logLikelihood: -428497.420334
[00:14:13] Bootstrap tree #16, logLikelihood: -420909.431873
[00:15:03] Bootstrap tree #17, logLikelihood: -426386.729857
[00:16:01] Bootstrap tree #18, logLikelihood: -424956.369519
[00:16:49] Bootstrap tree #19, logLikelihood: -425335.794416
[00:17:39] Bootstrap tree #20, logLikelihood: -432243.803000
[00:18:29] Bootstrap tree #21, logLikelihood: -426113.645152
[00:19:25] Bootstrap tree #22, logLikelihood: -423292.378639
[00:20:19] Bootstrap tree #23, logLikelihood: -427230.982586
[00:21:17] Bootstrap tree #24, logLikelihood: -421118.946897
[00:22:09] Bootstrap tree #25, logLikelihood: -423920.944369
[00:23:05] Bootstrap tree #26, logLikelihood: -422285.687847
[00:23:58] Bootstrap tree #27, logLikelihood: -420716.391900
[00:24:46] Bootstrap tree #28, logLikelihood: -426163.228384
[00:25:37] Bootstrap tree #29, logLikelihood: -422970.270562
[00:26:46] Bootstrap tree #30, logLikelihood: -425662.906245
[00:27:43] Bootstrap tree #31, logLikelihood: -425134.758114
[00:28:31] Bootstrap tree #32, logLikelihood: -422975.262872
[00:29:29] Bootstrap tree #33, logLikelihood: -424364.824883
[00:30:21] Bootstrap tree #34, logLikelihood: -425063.877499
[00:31:20] Bootstrap tree #35, logLikelihood: -419152.452137
[00:32:15] Bootstrap tree #36, logLikelihood: -429158.951922
[00:33:06] Bootstrap tree #37, logLikelihood: -422194.492730
[00:34:06] Bootstrap tree #38, logLikelihood: -424084.123495
[00:34:57] Bootstrap tree #39, logLikelihood: -418771.404365
[00:35:50] Bootstrap tree #40, logLikelihood: -426395.925728
[00:36:40] Bootstrap tree #41, logLikelihood: -423582.188956
[00:37:27] Bootstrap tree #42, logLikelihood: -424761.391959
[00:38:22] Bootstrap tree #43, logLikelihood: -424598.858952
[00:39:13] Bootstrap tree #44, logLikelihood: -423811.835814
slurmstepd-midway2-0035: error: *** JOB 29617124 ON midway2-0035 CANCELLED AT 2023-08-15T00:08:24 ***
