ERROR: Unable to locate a modulefile for 'emacs/25.1'
ERROR: Unable to locate a modulefile for 'python/3.6'
ERROR: Unable to locate a modulefile for 'java/1.8.0_121'
ERROR: Unable to locate a modulefile for 'cmake/3.15.1'

RAxML-NG v. 1.1.0-master released on 22.06.2022 by The Exelixis Lab.
Developed by: Alexey M. Kozlov and Alexandros Stamatakis.
Contributors: Diego Darriba, Tomas Flouri, Benoit Morel, Sarah Lutteropp, Ben Bettisworth.
Latest version: https://github.com/amkozlov/raxml-ng
Questions/problems/suggestions? Please visit: https://groups.google.com/forum/#!forum/raxml

System: Intel(R) Xeon(R) CPU E5-2680 v4 @ 2.40GHz, 28 cores, 62 GB RAM

RAxML-NG was called at 02-Jun-2024 20:50:59 as follows:

raxml-ng-mpi --bootstrap --msa picornaviridae_refseq_all_align_center.fasta --model GTR+G4 --prefix T4 --seed 2 --threads auto{10}

Analysis options:
  run mode: Bootstrapping
  start tree(s): 
  bootstrap replicates: max: 1000 + bootstopping (autoMRE, cutoff: 0.030000)
  random seed: 2
  tip-inner: OFF
  pattern compression: ON
  per-rate scalers: OFF
  site repeats: ON
  branch lengths: proportional (ML estimate, algorithm: NR-FAST)
  SIMD kernels: AVX2
  parallelization: coarse-grained (auto), PTHREADS (auto)

[00:00:00] Reading alignment from file: picornaviridae_refseq_all_align_center.fasta
[00:00:00] Loaded alignment with 222 taxa and 33549 sites

Alignment comprises 1 partitions and 27751 patterns

Partition 0: noname
Model: GTR+FO+G4m
Alignment sites / patterns: 33549 / 27751
Gaps: 77.00 %
Invariant sites: 19.77 %


NOTE: Binary MSA file created: T4.raxml.rba

Parallelization scheme autoconfig: 1 worker(s) x 10 thread(s)

Parallel reduction/worker buffer size: 1 KB  / 0 KB

[00:00:00] Data distribution: max. partitions/sites/weight per thread: 1 / 2776 / 44416
[00:00:01] Data distribution: max. searches per worker: 1000
[00:00:01] Starting bootstrapping analysis with 1000 replicates.

[00:17:38] Bootstrap tree #1, logLikelihood: -1680213.695234
[00:35:57] Bootstrap tree #2, logLikelihood: -1670391.829550
[00:52:06] Bootstrap tree #3, logLikelihood: -1666520.706139
[01:06:50] Bootstrap tree #4, logLikelihood: -1641697.102821
[01:27:21] Bootstrap tree #5, logLikelihood: -1685248.676997
[01:44:48] Bootstrap tree #6, logLikelihood: -1650906.282606
[01:59:13] Bootstrap tree #7, logLikelihood: -1671278.183607
[02:15:17] Bootstrap tree #8, logLikelihood: -1673165.832139
[02:29:23] Bootstrap tree #9, logLikelihood: -1652501.918581
[02:45:43] Bootstrap tree #10, logLikelihood: -1682904.251063
[03:05:29] Bootstrap tree #11, logLikelihood: -1679388.730191
[03:20:57] Bootstrap tree #12, logLikelihood: -1679030.923777
[03:37:35] Bootstrap tree #13, logLikelihood: -1669164.230213
[03:55:10] Bootstrap tree #14, logLikelihood: -1669525.144442
[04:12:11] Bootstrap tree #15, logLikelihood: -1664220.769255
[04:31:19] Bootstrap tree #16, logLikelihood: -1660607.619659
[04:48:32] Bootstrap tree #17, logLikelihood: -1680878.198106
[05:04:50] Bootstrap tree #18, logLikelihood: -1665174.084033
[05:19:30] Bootstrap tree #19, logLikelihood: -1682504.245886
[05:36:22] Bootstrap tree #20, logLikelihood: -1700603.859044
[05:49:43] Bootstrap tree #21, logLikelihood: -1665347.937528
[06:04:46] Bootstrap tree #22, logLikelihood: -1682945.055686
[06:20:05] Bootstrap tree #23, logLikelihood: -1678652.577817
[06:35:52] Bootstrap tree #24, logLikelihood: -1676905.547568
[06:52:34] Bootstrap tree #25, logLikelihood: -1656585.303720
[07:12:01] Bootstrap tree #26, logLikelihood: -1670337.058677
[07:26:48] Bootstrap tree #27, logLikelihood: -1639678.826585
[07:41:14] Bootstrap tree #28, logLikelihood: -1664360.938509
[07:54:52] Bootstrap tree #29, logLikelihood: -1647474.725078
[08:10:34] Bootstrap tree #30, logLikelihood: -1679574.651826
[08:28:17] Bootstrap tree #31, logLikelihood: -1683805.089222
[08:44:08] Bootstrap tree #32, logLikelihood: -1644915.526100
[09:04:25] Bootstrap tree #33, logLikelihood: -1656025.118016
[09:25:07] Bootstrap tree #34, logLikelihood: -1653743.357967
[09:41:02] Bootstrap tree #35, logLikelihood: -1694744.296936
[09:57:30] Bootstrap tree #36, logLikelihood: -1660851.502709
[10:12:59] Bootstrap tree #37, logLikelihood: -1670975.886017
[10:28:25] Bootstrap tree #38, logLikelihood: -1669188.109024
[10:44:20] Bootstrap tree #39, logLikelihood: -1659911.237515
[10:59:30] Bootstrap tree #40, logLikelihood: -1652938.907828
[11:16:02] Bootstrap tree #41, logLikelihood: -1672285.684791
[11:29:28] Bootstrap tree #42, logLikelihood: -1671696.564657
[11:45:34] Bootstrap tree #43, logLikelihood: -1670348.252754
[12:02:33] Bootstrap tree #44, logLikelihood: -1679130.593731
[12:17:31] Bootstrap tree #45, logLikelihood: -1674957.109037
[12:32:35] Bootstrap tree #46, logLikelihood: -1640312.577651
[12:45:55] Bootstrap tree #47, logLikelihood: -1656587.699481
[13:00:49] Bootstrap tree #48, logLikelihood: -1670994.787807
[13:20:22] Bootstrap tree #49, logLikelihood: -1658395.180061
[13:34:44] Bootstrap tree #50, logLikelihood: -1657816.602791
[13:50:43] Bootstrap tree #51, logLikelihood: -1662892.387137
[14:06:35] Bootstrap tree #52, logLikelihood: -1680642.432082
[14:24:00] Bootstrap tree #53, logLikelihood: -1672892.102297
[14:44:19] Bootstrap tree #54, logLikelihood: -1676718.880506
[15:02:20] Bootstrap tree #55, logLikelihood: -1677133.845846
[15:17:26] Bootstrap tree #56, logLikelihood: -1670865.978852
[15:33:11] Bootstrap tree #57, logLikelihood: -1658056.105573
[15:49:31] Bootstrap tree #58, logLikelihood: -1665798.591838
[16:03:07] Bootstrap tree #59, logLikelihood: -1657973.605240
[16:20:34] Bootstrap tree #60, logLikelihood: -1644893.372664
[16:35:52] Bootstrap tree #61, logLikelihood: -1668859.951094
[16:53:50] Bootstrap tree #62, logLikelihood: -1679964.821021
[17:10:00] Bootstrap tree #63, logLikelihood: -1651690.175184
[17:24:00] Bootstrap tree #64, logLikelihood: -1678608.381637
[17:39:42] Bootstrap tree #65, logLikelihood: -1678519.824378
[17:57:01] Bootstrap tree #66, logLikelihood: -1661274.446440
[18:11:01] Bootstrap tree #67, logLikelihood: -1676578.268313
[18:30:32] Bootstrap tree #68, logLikelihood: -1642444.701349
[18:46:42] Bootstrap tree #69, logLikelihood: -1682985.601374
[19:03:06] Bootstrap tree #70, logLikelihood: -1674163.761769
[19:19:21] Bootstrap tree #71, logLikelihood: -1650452.889249
[19:35:43] Bootstrap tree #72, logLikelihood: -1670260.117120
[19:51:13] Bootstrap tree #73, logLikelihood: -1680221.013447
[20:08:19] Bootstrap tree #74, logLikelihood: -1679953.557693
[20:25:04] Bootstrap tree #75, logLikelihood: -1662019.629924
[20:42:25] Bootstrap tree #76, logLikelihood: -1678696.212291
[20:56:15] Bootstrap tree #77, logLikelihood: -1670606.283891
[21:12:47] Bootstrap tree #78, logLikelihood: -1653569.769916
[21:30:48] Bootstrap tree #79, logLikelihood: -1676086.075768
[21:50:25] Bootstrap tree #80, logLikelihood: -1679964.211657
[22:06:48] Bootstrap tree #81, logLikelihood: -1651325.130376
[22:24:20] Bootstrap tree #82, logLikelihood: -1678284.256384
[22:40:12] Bootstrap tree #83, logLikelihood: -1647600.802146
[22:58:31] Bootstrap tree #84, logLikelihood: -1682593.045474
[23:12:53] Bootstrap tree #85, logLikelihood: -1687364.453147
[23:28:18] Bootstrap tree #86, logLikelihood: -1684481.468819
[23:43:21] Bootstrap tree #87, logLikelihood: -1669182.806261
[24:00:52] Bootstrap tree #88, logLikelihood: -1692511.912062
[24:18:15] Bootstrap tree #89, logLikelihood: -1645714.657313
[24:35:20] Bootstrap tree #90, logLikelihood: -1665173.078312
[24:51:42] Bootstrap tree #91, logLikelihood: -1687044.239801
[25:08:57] Bootstrap tree #92, logLikelihood: -1679111.504995
[25:27:13] Bootstrap tree #93, logLikelihood: -1659627.417559
[25:45:44] Bootstrap tree #94, logLikelihood: -1689942.790095
[26:04:02] Bootstrap tree #95, logLikelihood: -1672525.978539
[26:16:53] Bootstrap tree #96, logLikelihood: -1679217.696363
[26:30:55] Bootstrap tree #97, logLikelihood: -1689922.875694
[26:47:23] Bootstrap tree #98, logLikelihood: -1665379.709591
[27:02:48] Bootstrap tree #99, logLikelihood: -1653508.089014
[27:19:42] Bootstrap tree #100, logLikelihood: -1670496.266289
[27:37:18] Bootstrap tree #101, logLikelihood: -1676876.160717
[27:52:00] Bootstrap tree #102, logLikelihood: -1664144.035686
[28:07:04] Bootstrap tree #103, logLikelihood: -1661134.799318
[28:24:03] Bootstrap tree #104, logLikelihood: -1660345.492000
[28:40:11] Bootstrap tree #105, logLikelihood: -1660643.383016
[28:58:43] Bootstrap tree #106, logLikelihood: -1668369.667304
[29:18:27] Bootstrap tree #107, logLikelihood: -1643977.549637
[29:39:21] Bootstrap tree #108, logLikelihood: -1679646.572056
[29:55:14] Bootstrap tree #109, logLikelihood: -1672694.630650
[30:11:29] Bootstrap tree #110, logLikelihood: -1693252.336667
[30:26:51] Bootstrap tree #111, logLikelihood: -1687275.453493
[30:42:58] Bootstrap tree #112, logLikelihood: -1667573.357709
[30:58:24] Bootstrap tree #113, logLikelihood: -1650353.417289
[31:14:19] Bootstrap tree #114, logLikelihood: -1683100.795381
[31:29:30] Bootstrap tree #115, logLikelihood: -1661055.278530
[31:46:46] Bootstrap tree #116, logLikelihood: -1674694.680435
[32:09:03] Bootstrap tree #117, logLikelihood: -1678740.967906
[32:24:26] Bootstrap tree #118, logLikelihood: -1679860.574291
[32:40:42] Bootstrap tree #119, logLikelihood: -1653817.806868
[32:56:15] Bootstrap tree #120, logLikelihood: -1670292.323894
[33:14:42] Bootstrap tree #121, logLikelihood: -1665767.603921
[33:31:06] Bootstrap tree #122, logLikelihood: -1676457.491364
[33:48:38] Bootstrap tree #123, logLikelihood: -1665767.448993
[34:07:43] Bootstrap tree #124, logLikelihood: -1665715.973061
[34:23:49] Bootstrap tree #125, logLikelihood: -1664328.221824
[34:38:40] Bootstrap tree #126, logLikelihood: -1675831.778335
[34:52:34] Bootstrap tree #127, logLikelihood: -1663023.280195
[35:11:53] Bootstrap tree #128, logLikelihood: -1676372.986657
[35:27:15] Bootstrap tree #129, logLikelihood: -1645343.816987
[35:41:31] Bootstrap tree #130, logLikelihood: -1639336.044891
[35:57:33] Bootstrap tree #131, logLikelihood: -1675020.891023
slurmstepd-midway2-0171: error: *** JOB 40069706 ON midway2-0171 CANCELLED AT 2024-06-04T08:51:13 DUE TO TIME LIMIT ***
