ERROR: Unable to locate a modulefile for 'emacs/25.1'
ERROR: Unable to locate a modulefile for 'python/3.6'
ERROR: Unable to locate a modulefile for 'java/1.8.0_121'
ERROR: Unable to locate a modulefile for 'cmake/3.15.1'

RAxML-NG v. 1.1.0-master released on 22.06.2022 by The Exelixis Lab.
Developed by: Alexey M. Kozlov and Alexandros Stamatakis.
Contributors: Diego Darriba, Tomas Flouri, Benoit Morel, Sarah Lutteropp, Ben Bettisworth.
Latest version: https://github.com/amkozlov/raxml-ng
Questions/problems/suggestions? Please visit: https://groups.google.com/forum/#!forum/raxml

System: Intel(R) Xeon(R) CPU E5-2680 v4 @ 2.40GHz, 28 cores, 62 GB RAM

RAxML-NG was called at 10-Sep-2023 11:09:43 as follows:

raxml-ng-mpi --bootstrap --msa bat_picornavirales_full_seq_align.fasta --model GTR+G4 --prefix T13 --seed 2 --threads auto{8}

Analysis options:
  run mode: Bootstrapping
  start tree(s): 
  bootstrap replicates: max: 1000 + bootstopping (autoMRE, cutoff: 0.030000)
  random seed: 2
  tip-inner: OFF
  pattern compression: ON
  per-rate scalers: OFF
  site repeats: ON
  branch lengths: proportional (ML estimate, algorithm: NR-FAST)
  SIMD kernels: AVX2
  parallelization: coarse-grained (auto), PTHREADS (auto)

[00:00:00] Reading alignment from file: bat_picornavirales_full_seq_align.fasta
[00:00:00] Loaded alignment with 65 taxa and 33368 sites

Alignment comprises 1 partitions and 14355 patterns

Partition 0: noname
Model: GTR+FO+G4m
Alignment sites / patterns: 33368 / 14355
Gaps: 75.31 %
Invariant sites: 55.95 %


NOTE: Binary MSA file created: T13.raxml.rba

Parallelization scheme autoconfig: 1 worker(s) x 8 thread(s)

Error calling pthread_setaffinity_np: 22
Parallel reduction/worker buffer size: 1 KB  / 0 KB

[00:00:00] Data distribution: max. partitions/sites/weight per thread: 1 / 1795 / 28720
[00:00:01] Data distribution: max. searches per worker: 1000
[00:00:01] Starting bootstrapping analysis with 1000 replicates.

[00:00:47] Bootstrap tree #1, logLikelihood: -401188.042205
[00:01:24] Bootstrap tree #2, logLikelihood: -399167.985592
[00:02:07] Bootstrap tree #3, logLikelihood: -395406.657088
[00:02:48] Bootstrap tree #4, logLikelihood: -396871.417455
[00:03:26] Bootstrap tree #5, logLikelihood: -398158.744549
[00:04:11] Bootstrap tree #6, logLikelihood: -396231.373635
[00:05:01] Bootstrap tree #7, logLikelihood: -398348.329168
[00:05:36] Bootstrap tree #8, logLikelihood: -398395.475223
[00:06:20] Bootstrap tree #9, logLikelihood: -397553.457594
[00:06:58] Bootstrap tree #10, logLikelihood: -400234.889815
[00:07:37] Bootstrap tree #11, logLikelihood: -400923.894233
[00:08:20] Bootstrap tree #12, logLikelihood: -394316.546928
[00:09:04] Bootstrap tree #13, logLikelihood: -401207.740630
[00:09:45] Bootstrap tree #14, logLikelihood: -400095.763257
[00:10:23] Bootstrap tree #15, logLikelihood: -403313.612932
[00:11:03] Bootstrap tree #16, logLikelihood: -398337.419100
[00:11:48] Bootstrap tree #17, logLikelihood: -398237.009896
[00:12:34] Bootstrap tree #18, logLikelihood: -400082.186310
[00:13:18] Bootstrap tree #19, logLikelihood: -396528.170969
[00:14:04] Bootstrap tree #20, logLikelihood: -400473.556879
[00:14:50] Bootstrap tree #21, logLikelihood: -396362.941607
[00:15:39] Bootstrap tree #22, logLikelihood: -395297.982053
[00:16:20] Bootstrap tree #23, logLikelihood: -399110.404873
[00:17:11] Bootstrap tree #24, logLikelihood: -395992.963617
[00:17:55] Bootstrap tree #25, logLikelihood: -394784.225573
[00:18:49] Bootstrap tree #26, logLikelihood: -402630.277007
[00:19:23] Bootstrap tree #27, logLikelihood: -386599.292006
[00:20:12] Bootstrap tree #28, logLikelihood: -395609.926912
[00:20:57] Bootstrap tree #29, logLikelihood: -391967.213120
[00:21:48] Bootstrap tree #30, logLikelihood: -402019.269177
[00:22:26] Bootstrap tree #31, logLikelihood: -396886.424614
[00:23:07] Bootstrap tree #32, logLikelihood: -393627.663246
[00:23:49] Bootstrap tree #33, logLikelihood: -397188.557174
[00:24:33] Bootstrap tree #34, logLikelihood: -394595.656315
[00:25:16] Bootstrap tree #35, logLikelihood: -405061.703406
[00:25:52] Bootstrap tree #36, logLikelihood: -397274.126683
[00:26:35] Bootstrap tree #37, logLikelihood: -402364.444273
[00:27:20] Bootstrap tree #38, logLikelihood: -399803.045811
[00:28:06] Bootstrap tree #39, logLikelihood: -397636.399156
[00:28:49] Bootstrap tree #40, logLikelihood: -397051.527558
[00:29:30] Bootstrap tree #41, logLikelihood: -399632.528235
[00:30:09] Bootstrap tree #42, logLikelihood: -399924.932375
[00:30:48] Bootstrap tree #43, logLikelihood: -396602.550605
[00:31:28] Bootstrap tree #44, logLikelihood: -403056.863890
[00:32:15] Bootstrap tree #45, logLikelihood: -399338.271046
[00:33:03] Bootstrap tree #46, logLikelihood: -393687.338554
[00:33:49] Bootstrap tree #47, logLikelihood: -395451.505271
[00:34:35] Bootstrap tree #48, logLikelihood: -401013.841470
[00:35:19] Bootstrap tree #49, logLikelihood: -394726.894707
[00:35:59] Bootstrap tree #50, logLikelihood: -398724.481229
[00:35:59] Bootstrapping converged after 50 replicates.

Bootstrap trees saved to: /home/gkettenburg/RAxML_tree/bat_picorna_full_raxml/all/T13.raxml.bootstraps

Execution log saved to: /home/gkettenburg/RAxML_tree/bat_picorna_full_raxml/all/T13.raxml.log

Analysis started: 10-Sep-2023 11:09:43 / finished: 10-Sep-2023 11:45:43

Elapsed time: 2159.437 seconds

Consumed energy: 62.365 Wh

