ERROR: Unable to locate a modulefile for 'emacs/25.1'
ERROR: Unable to locate a modulefile for 'python/3.6'
ERROR: Unable to locate a modulefile for 'java/1.8.0_121'
ERROR: Unable to locate a modulefile for 'cmake/3.15.1'

RAxML-NG v. 1.1.0-master released on 22.06.2022 by The Exelixis Lab.
Developed by: Alexey M. Kozlov and Alexandros Stamatakis.
Contributors: Diego Darriba, Tomas Flouri, Benoit Morel, Sarah Lutteropp, Ben Bettisworth.
Latest version: https://github.com/amkozlov/raxml-ng
Questions/problems/suggestions? Please visit: https://groups.google.com/forum/#!forum/raxml

System: Intel(R) Xeon(R) CPU E5-2680 v4 @ 2.40GHz, 28 cores, 62 GB RAM

RAxML-NG was called at 06-Jun-2024 12:09:14 as follows:

raxml-ng-mpi --bootstrap --msa picornaviridae_refseq_all_align_right.fasta --model GTR+G4 --prefix T6 --seed 2 --threads auto{10}

Analysis options:
  run mode: Bootstrapping
  start tree(s): 
  bootstrap replicates: max: 1000 + bootstopping (autoMRE, cutoff: 0.030000)
  random seed: 2
  tip-inner: OFF
  pattern compression: ON
  per-rate scalers: OFF
  site repeats: ON
  branch lengths: proportional (ML estimate, algorithm: NR-FAST)
  SIMD kernels: AVX2
  parallelization: coarse-grained (auto), PTHREADS (auto)

[00:00:01] Reading alignment from file: picornaviridae_refseq_all_align_right.fasta
[00:00:01] Loaded alignment with 225 taxa and 34278 sites

Alignment comprises 1 partitions and 28589 patterns

Partition 0: noname
Model: GTR+FO+G4m
Alignment sites / patterns: 34278 / 28589
Gaps: 77.80 %
Invariant sites: 19.10 %


NOTE: Binary MSA file created: T6.raxml.rba

Parallelization scheme autoconfig: 1 worker(s) x 10 thread(s)

Error calling pthread_setaffinity_np: 22
Parallel reduction/worker buffer size: 1 KB  / 0 KB

[00:00:01] Data distribution: max. partitions/sites/weight per thread: 1 / 2859 / 45744
[00:00:02] Data distribution: max. searches per worker: 1000
[00:00:02] Starting bootstrapping analysis with 1000 replicates.

[00:16:32] Bootstrap tree #1, logLikelihood: -1675045.381359
[00:33:34] Bootstrap tree #2, logLikelihood: -1672202.238261
[00:53:09] Bootstrap tree #3, logLikelihood: -1665026.450716
[01:12:11] Bootstrap tree #4, logLikelihood: -1676679.216201
[01:27:04] Bootstrap tree #5, logLikelihood: -1696278.123061
[01:43:07] Bootstrap tree #6, logLikelihood: -1660649.133739
[01:58:02] Bootstrap tree #7, logLikelihood: -1679468.705533
[02:18:48] Bootstrap tree #8, logLikelihood: -1676628.576919
[02:33:38] Bootstrap tree #9, logLikelihood: -1674787.333110
[02:48:36] Bootstrap tree #10, logLikelihood: -1678250.968212
[03:07:36] Bootstrap tree #11, logLikelihood: -1688968.981799
[03:23:09] Bootstrap tree #12, logLikelihood: -1679772.857094
[03:40:19] Bootstrap tree #13, logLikelihood: -1678683.742912
[03:57:36] Bootstrap tree #14, logLikelihood: -1681339.447796
[04:13:45] Bootstrap tree #15, logLikelihood: -1678083.261522
slurmstepd-midway2-0031: error: *** JOB 40118748 ON midway2-0031 CANCELLED AT 2024-06-06T16:25:02 ***
