ERROR: Unable to locate a modulefile for 'emacs/25.1'
ERROR: Unable to locate a modulefile for 'python/3.6'
ERROR: Unable to locate a modulefile for 'java/1.8.0_121'
ERROR: Unable to locate a modulefile for 'cmake/3.15.1'

RAxML-NG v. 1.1.0-master released on 22.06.2022 by The Exelixis Lab.
Developed by: Alexey M. Kozlov and Alexandros Stamatakis.
Contributors: Diego Darriba, Tomas Flouri, Benoit Morel, Sarah Lutteropp, Ben Bettisworth.
Latest version: https://github.com/amkozlov/raxml-ng
Questions/problems/suggestions? Please visit: https://groups.google.com/forum/#!forum/raxml

System: Intel(R) Xeon(R) CPU E5-2680 v4 @ 2.40GHz, 28 cores, 62 GB RAM

RAxML-NG was called at 10-Sep-2023 11:07:10 as follows:

raxml-ng-mpi --msa africa_caliciviridae_over1kb_align.fasta --model GTR+G4 --prefix T2 --seed 1 --threads auto{8}

Analysis options:
  run mode: ML tree search
  start tree(s): random (10) + parsimony (10)
  random seed: 1
  tip-inner: OFF
  pattern compression: ON
  per-rate scalers: OFF
  site repeats: ON
  fast spr radius: AUTO
  spr subtree cutoff: 1.000000
  branch lengths: proportional (ML estimate, algorithm: NR-FAST)
  SIMD kernels: AVX2
  parallelization: coarse-grained (auto), PTHREADS (auto)

[00:00:00] Reading alignment from file: africa_caliciviridae_over1kb_align.fasta
[00:00:00] Loaded alignment with 42 taxa and 31962 sites

WARNING: Sequences MW856467.1 and MZ291972.1 are exactly identical!
WARNING: Duplicate sequences found: 1

NOTE: Reduced alignment (with duplicates and gap-only sites/taxa removed) 
NOTE: was saved to: /home/gkettenburg/RAxML_tree/africa_caliciviridae_raxml/T2.raxml.reduced.phy

Alignment comprises 1 partitions and 8400 patterns

Partition 0: noname
Model: GTR+FO+G4m
Alignment sites / patterns: 31962 / 8400
Gaps: 84.53 %
Invariant sites: 73.61 %


NOTE: Binary MSA file created: T2.raxml.rba

Parallelization scheme autoconfig: 1 worker(s) x 8 thread(s)

Error calling pthread_setaffinity_np: 22
Parallel reduction/worker buffer size: 1 KB  / 0 KB

[00:00:00] Generating 10 random starting tree(s) with 42 taxa
[00:00:00] Generating 10 parsimony starting tree(s) with 42 taxa
[00:00:01] Data distribution: max. partitions/sites/weight per thread: 1 / 1050 / 16800
[00:00:01] Data distribution: max. searches per worker: 20

Starting ML tree search with 20 distinct starting trees

[00:00:01 -247824.920922] Initial branch length optimization
[00:00:01 -213566.064672] Model parameter optimization (eps = 10.000000)
[00:00:02 -207461.270980] AUTODETECT spr round 1 (radius: 5)
[00:00:03 -162601.706675] AUTODETECT spr round 2 (radius: 10)
[00:00:03 -158426.582879] AUTODETECT spr round 3 (radius: 15)
[00:00:04 -158421.499992] AUTODETECT spr round 4 (radius: 20)
[00:00:04 -158421.446503] SPR radius for FAST iterations: 15 (autodetect)
[00:00:04 -158421.446503] Model parameter optimization (eps = 3.000000)
[00:00:05 -157083.846632] FAST spr round 1 (radius: 15)
[00:00:07 -154620.304395] FAST spr round 2 (radius: 15)
[00:00:08 -154518.435616] FAST spr round 3 (radius: 15)
[00:00:08 -154513.027803] FAST spr round 4 (radius: 15)
[00:00:09 -154512.572276] FAST spr round 5 (radius: 15)
[00:00:10 -154512.393129] FAST spr round 6 (radius: 15)
[00:00:10 -154512.385897] Model parameter optimization (eps = 1.000000)
[00:00:11 -154461.761752] SLOW spr round 1 (radius: 5)
[00:00:13 -154461.711332] SLOW spr round 2 (radius: 10)
[00:00:16 -154461.708240] SLOW spr round 3 (radius: 15)
[00:00:18 -154461.707733] SLOW spr round 4 (radius: 20)
[00:00:18 -154461.707638] SLOW spr round 5 (radius: 25)
[00:00:19 -154461.707618] Model parameter optimization (eps = 0.100000)

[00:00:19] ML tree search #1, logLikelihood: -154461.636589

[00:00:19 -252822.996741] Initial branch length optimization
[00:00:19 -218643.617380] Model parameter optimization (eps = 10.000000)
[00:00:21 -210178.642409] AUTODETECT spr round 1 (radius: 5)
[00:00:21 -164087.743298] AUTODETECT spr round 2 (radius: 10)
[00:00:22 -160009.055133] AUTODETECT spr round 3 (radius: 15)
[00:00:22 -159278.317293] AUTODETECT spr round 4 (radius: 20)
[00:00:23 -159278.241243] SPR radius for FAST iterations: 15 (autodetect)
[00:00:23 -159278.241243] Model parameter optimization (eps = 3.000000)
[00:00:24 -155688.917818] FAST spr round 1 (radius: 15)
[00:00:25 -154746.438155] FAST spr round 2 (radius: 15)
[00:00:26 -154500.072964] FAST spr round 3 (radius: 15)
[00:00:27 -154495.163959] FAST spr round 4 (radius: 15)
[00:00:28 -154494.719216] FAST spr round 5 (radius: 15)
[00:00:28 -154494.719189] Model parameter optimization (eps = 1.000000)
[00:00:29 -154461.944636] SLOW spr round 1 (radius: 5)
[00:00:31 -154461.874328] SLOW spr round 2 (radius: 10)
[00:00:34 -154461.871331] SLOW spr round 3 (radius: 15)
[00:00:36 -154461.870937] SLOW spr round 4 (radius: 20)
[00:00:37 -154461.870861] SLOW spr round 5 (radius: 25)
[00:00:37 -154461.870845] Model parameter optimization (eps = 0.100000)

[00:00:37] ML tree search #2, logLikelihood: -154461.630987

[00:00:37 -250714.714829] Initial branch length optimization
[00:00:37 -215274.540924] Model parameter optimization (eps = 10.000000)
[00:00:38 -210079.259314] AUTODETECT spr round 1 (radius: 5)
[00:00:39 -160576.828044] AUTODETECT spr round 2 (radius: 10)
[00:00:39 -156274.430696] AUTODETECT spr round 3 (radius: 15)
[00:00:40 -156274.363162] SPR radius for FAST iterations: 10 (autodetect)
[00:00:40 -156274.363162] Model parameter optimization (eps = 3.000000)
[00:00:40 -155054.192049] FAST spr round 1 (radius: 10)
[00:00:42 -154493.458873] FAST spr round 2 (radius: 10)
[00:00:42 -154473.853438] FAST spr round 3 (radius: 10)
[00:00:43 -154473.385629] FAST spr round 4 (radius: 10)
[00:00:44 -154473.198579] FAST spr round 5 (radius: 10)
[00:00:45 -154473.194812] Model parameter optimization (eps = 1.000000)
[00:00:45 -154461.751464] SLOW spr round 1 (radius: 5)
[00:00:47 -154461.720755] SLOW spr round 2 (radius: 10)
[00:00:50 -154461.718112] SLOW spr round 3 (radius: 15)
[00:00:52 -154461.717402] SLOW spr round 4 (radius: 20)
[00:00:53 -154461.717184] SLOW spr round 5 (radius: 25)
[00:00:53 -154461.717112] Model parameter optimization (eps = 0.100000)

[00:00:53] ML tree search #3, logLikelihood: -154461.638264

[00:00:53 -246498.602646] Initial branch length optimization
[00:00:53 -212604.256620] Model parameter optimization (eps = 10.000000)
[00:00:54 -207165.587897] AUTODETECT spr round 1 (radius: 5)
[00:00:55 -159921.775733] AUTODETECT spr round 2 (radius: 10)
[00:00:55 -156845.410046] AUTODETECT spr round 3 (radius: 15)
[00:00:56 -156845.381742] SPR radius for FAST iterations: 10 (autodetect)
[00:00:56 -156845.381742] Model parameter optimization (eps = 3.000000)
[00:00:57 -155673.591247] FAST spr round 1 (radius: 10)
[00:00:58 -154504.164256] FAST spr round 2 (radius: 10)
[00:00:59 -154474.464473] FAST spr round 3 (radius: 10)
[00:01:00 -154474.023802] FAST spr round 4 (radius: 10)
[00:01:00 -154473.906308] FAST spr round 5 (radius: 10)
[00:01:01 -154473.902536] Model parameter optimization (eps = 1.000000)
[00:01:01 -154461.786278] SLOW spr round 1 (radius: 5)
[00:01:04 -154461.729038] SLOW spr round 2 (radius: 10)
[00:01:06 -154461.726666] SLOW spr round 3 (radius: 15)
[00:01:09 -154461.726363] SLOW spr round 4 (radius: 20)
[00:01:09 -154461.726304] SLOW spr round 5 (radius: 25)
[00:01:09 -154461.726292] Model parameter optimization (eps = 0.100000)

[00:01:09] ML tree search #4, logLikelihood: -154461.641460

[00:01:09 -250188.934199] Initial branch length optimization
[00:01:09 -213705.328493] Model parameter optimization (eps = 10.000000)
[00:01:11 -207193.768363] AUTODETECT spr round 1 (radius: 5)
[00:01:12 -163145.210054] AUTODETECT spr round 2 (radius: 10)
[00:01:12 -157418.987089] AUTODETECT spr round 3 (radius: 15)
[00:01:13 -157418.931508] SPR radius for FAST iterations: 10 (autodetect)
[00:01:13 -157418.931508] Model parameter optimization (eps = 3.000000)
[00:01:14 -155368.476090] FAST spr round 1 (radius: 10)
[00:01:15 -154521.063576] FAST spr round 2 (radius: 10)
[00:01:16 -154488.116825] FAST spr round 3 (radius: 10)
[00:01:17 -154478.949838] FAST spr round 4 (radius: 10)
[00:01:17 -154478.947619] Model parameter optimization (eps = 1.000000)
[00:01:18 -154461.819561] SLOW spr round 1 (radius: 5)
[00:01:20 -154461.776165] SLOW spr round 2 (radius: 10)
[00:01:23 -154461.771347] SLOW spr round 3 (radius: 15)
[00:01:25 -154461.770203] SLOW spr round 4 (radius: 20)
[00:01:26 -154461.769951] SLOW spr round 5 (radius: 25)
[00:01:26 -154461.769876] Model parameter optimization (eps = 0.100000)

[00:01:26] ML tree search #5, logLikelihood: -154461.621852

[00:01:26 -249293.928003] Initial branch length optimization
[00:01:26 -207904.821309] Model parameter optimization (eps = 10.000000)
[00:01:27 -201270.241455] AUTODETECT spr round 1 (radius: 5)
[00:01:28 -171470.564077] AUTODETECT spr round 2 (radius: 10)
[00:01:29 -159420.877081] AUTODETECT spr round 3 (radius: 15)
[00:01:29 -159317.606229] AUTODETECT spr round 4 (radius: 20)
[00:01:29 -159317.594456] SPR radius for FAST iterations: 15 (autodetect)
[00:01:29 -159317.594456] Model parameter optimization (eps = 3.000000)
[00:01:30 -157052.688398] FAST spr round 1 (radius: 15)
[00:01:32 -154694.010189] FAST spr round 2 (radius: 15)
[00:01:33 -154522.416524] FAST spr round 3 (radius: 15)
[00:01:34 -154499.022532] FAST spr round 4 (radius: 15)
[00:01:35 -154499.021065] Model parameter optimization (eps = 1.000000)
[00:01:35 -154461.840373] SLOW spr round 1 (radius: 5)
[00:01:37 -154461.812048] SLOW spr round 2 (radius: 10)
[00:01:40 -154461.809755] SLOW spr round 3 (radius: 15)
[00:01:43 -154461.809045] SLOW spr round 4 (radius: 20)
[00:01:43 -154461.808878] SLOW spr round 5 (radius: 25)
[00:01:43 -154461.808835] Model parameter optimization (eps = 0.100000)

[00:01:43] ML tree search #6, logLikelihood: -154461.623529

[00:01:43 -248251.046075] Initial branch length optimization
[00:01:43 -213280.182850] Model parameter optimization (eps = 10.000000)
[00:01:45 -207513.345612] AUTODETECT spr round 1 (radius: 5)
[00:01:46 -159954.067886] AUTODETECT spr round 2 (radius: 10)
[00:01:46 -156786.027698] AUTODETECT spr round 3 (radius: 15)
[00:01:47 -156785.984368] SPR radius for FAST iterations: 10 (autodetect)
[00:01:47 -156785.984368] Model parameter optimization (eps = 3.000000)
[00:01:48 -154941.787767] FAST spr round 1 (radius: 10)
[00:01:49 -154562.966527] FAST spr round 2 (radius: 10)
[00:01:50 -154466.477472] FAST spr round 3 (radius: 10)
[00:01:50 -154466.041521] FAST spr round 4 (radius: 10)
[00:01:51 -154466.041489] Model parameter optimization (eps = 1.000000)
[00:01:51 -154461.895333] SLOW spr round 1 (radius: 5)
[00:01:54 -154461.814237] SLOW spr round 2 (radius: 10)
[00:01:57 -154461.811677] SLOW spr round 3 (radius: 15)
[00:01:59 -154461.811415] SLOW spr round 4 (radius: 20)
[00:01:59 -154461.811366] SLOW spr round 5 (radius: 25)
[00:01:59 -154461.811356] Model parameter optimization (eps = 0.100000)

[00:01:59] ML tree search #7, logLikelihood: -154461.626711

[00:01:59 -237874.319290] Initial branch length optimization
[00:02:00 -201904.877185] Model parameter optimization (eps = 10.000000)
[00:02:01 -196271.828415] AUTODETECT spr round 1 (radius: 5)
[00:02:01 -161709.285469] AUTODETECT spr round 2 (radius: 10)
[00:02:02 -157462.613939] AUTODETECT spr round 3 (radius: 15)
[00:02:02 -157461.545349] AUTODETECT spr round 4 (radius: 20)
[00:02:02 -157461.470176] SPR radius for FAST iterations: 15 (autodetect)
[00:02:02 -157461.470176] Model parameter optimization (eps = 3.000000)
[00:02:03 -156346.479320] FAST spr round 1 (radius: 15)
[00:02:05 -154616.665803] FAST spr round 2 (radius: 15)
[00:02:06 -154535.923539] FAST spr round 3 (radius: 15)
[00:02:07 -154521.220785] FAST spr round 4 (radius: 15)
[00:02:07 -154500.560227] FAST spr round 5 (radius: 15)
[00:02:08 -154495.012089] FAST spr round 6 (radius: 15)
[00:02:09 -154494.567897] FAST spr round 7 (radius: 15)
[00:02:10 -154494.567895] Model parameter optimization (eps = 1.000000)
[00:02:10 -154461.930544] SLOW spr round 1 (radius: 5)
[00:02:12 -154461.856844] SLOW spr round 2 (radius: 10)
[00:02:15 -154461.853394] SLOW spr round 3 (radius: 15)
[00:02:18 -154461.852923] SLOW spr round 4 (radius: 20)
[00:02:18 -154461.852833] SLOW spr round 5 (radius: 25)
[00:02:18 -154461.852814] Model parameter optimization (eps = 0.100000)

[00:02:18] ML tree search #8, logLikelihood: -154461.628415

[00:02:18 -248828.344216] Initial branch length optimization
[00:02:18 -208903.403047] Model parameter optimization (eps = 10.000000)
[00:02:20 -202376.331065] AUTODETECT spr round 1 (radius: 5)
[00:02:20 -162298.279641] AUTODETECT spr round 2 (radius: 10)
[00:02:21 -158647.737461] AUTODETECT spr round 3 (radius: 15)
[00:02:21 -158647.650578] SPR radius for FAST iterations: 10 (autodetect)
[00:02:21 -158647.650578] Model parameter optimization (eps = 3.000000)
[00:02:22 -157045.040619] FAST spr round 1 (radius: 10)
[00:02:24 -154751.212229] FAST spr round 2 (radius: 10)
[00:02:25 -154585.547357] FAST spr round 3 (radius: 10)
[00:02:26 -154555.151235] FAST spr round 4 (radius: 10)
[00:02:27 -154546.066739] FAST spr round 5 (radius: 10)
[00:02:27 -154546.065299] Model parameter optimization (eps = 1.000000)
[00:02:28 -154461.915364] SLOW spr round 1 (radius: 5)
[00:02:30 -154461.814403] SLOW spr round 2 (radius: 5)
[00:02:33 -154461.809266] SLOW spr round 3 (radius: 10)
[00:02:35 -154461.808501] SLOW spr round 4 (radius: 15)
[00:02:38 -154461.808352] SLOW spr round 5 (radius: 20)
[00:02:38 -154461.808322] SLOW spr round 6 (radius: 25)
[00:02:38 -154461.808315] Model parameter optimization (eps = 0.100000)

[00:02:38] ML tree search #9, logLikelihood: -154461.624963

[00:02:38 -249701.782804] Initial branch length optimization
[00:02:38 -218156.247996] Model parameter optimization (eps = 10.000000)
[00:02:41 -210339.078516] AUTODETECT spr round 1 (radius: 5)
[00:02:42 -169267.744453] AUTODETECT spr round 2 (radius: 10)
[00:02:43 -160675.263046] AUTODETECT spr round 3 (radius: 15)
[00:02:43 -160674.793625] AUTODETECT spr round 4 (radius: 20)
[00:02:43 -160674.732125] SPR radius for FAST iterations: 15 (autodetect)
[00:02:43 -160674.732125] Model parameter optimization (eps = 3.000000)
[00:02:45 -155871.047322] FAST spr round 1 (radius: 15)
[00:02:46 -154544.673098] FAST spr round 2 (radius: 15)
[00:02:47 -154501.501313] FAST spr round 3 (radius: 15)
[00:02:47 -154486.286885] FAST spr round 4 (radius: 15)
[00:02:48 -154486.177211] FAST spr round 5 (radius: 15)
[00:02:49 -154486.173093] Model parameter optimization (eps = 1.000000)
[00:02:49 -154461.890672] SLOW spr round 1 (radius: 5)
[00:02:52 -154461.857496] SLOW spr round 2 (radius: 10)
[00:02:54 -154461.856042] SLOW spr round 3 (radius: 15)
[00:02:57 -154461.855816] SLOW spr round 4 (radius: 20)
[00:02:57 -154461.855770] SLOW spr round 5 (radius: 25)
[00:02:57 -154461.855760] Model parameter optimization (eps = 0.100000)

[00:02:57] ML tree search #10, logLikelihood: -154461.627488

[00:02:57 -174509.685323] Initial branch length optimization
[00:02:57 -158644.423669] Model parameter optimization (eps = 10.000000)
[00:02:58 -154587.085609] AUTODETECT spr round 1 (radius: 5)
[00:02:58 -154514.843459] AUTODETECT spr round 2 (radius: 10)
[00:02:59 -154514.819199] SPR radius for FAST iterations: 5 (autodetect)
[00:02:59 -154514.819199] Model parameter optimization (eps = 3.000000)
[00:02:59 -154514.700721] FAST spr round 1 (radius: 5)
[00:03:00 -154483.373077] FAST spr round 2 (radius: 5)
[00:03:01 -154473.057608] FAST spr round 3 (radius: 5)
[00:03:01 -154463.650967] FAST spr round 4 (radius: 5)
[00:03:02 -154463.221879] FAST spr round 5 (radius: 5)
[00:03:03 -154463.090640] FAST spr round 6 (radius: 5)
[00:03:04 -154463.086198] Model parameter optimization (eps = 1.000000)
[00:03:04 -154462.989516] SLOW spr round 1 (radius: 5)
[00:03:06 -154461.626979] SLOW spr round 2 (radius: 5)
[00:03:09 -154461.626688] SLOW spr round 3 (radius: 10)
[00:03:11 -154461.626673] SLOW spr round 4 (radius: 15)
[00:03:14 -154461.626670] SLOW spr round 5 (radius: 20)
[00:03:14 -154461.626668] SLOW spr round 6 (radius: 25)
[00:03:14 -154461.626668] Model parameter optimization (eps = 0.100000)

[00:03:14] ML tree search #11, logLikelihood: -154461.614690

[00:03:14 -174654.225376] Initial branch length optimization
[00:03:14 -158614.296974] Model parameter optimization (eps = 10.000000)
[00:03:14 -154553.303518] AUTODETECT spr round 1 (radius: 5)
[00:03:15 -154522.820735] AUTODETECT spr round 2 (radius: 10)
[00:03:16 -154522.799361] SPR radius for FAST iterations: 5 (autodetect)
[00:03:16 -154522.799361] Model parameter optimization (eps = 3.000000)
[00:03:16 -154522.452413] FAST spr round 1 (radius: 5)
[00:03:16 -154471.241943] FAST spr round 2 (radius: 5)
[00:03:17 -154464.228868] FAST spr round 3 (radius: 5)
[00:03:18 -154463.266359] FAST spr round 4 (radius: 5)
[00:03:19 -154463.127952] FAST spr round 5 (radius: 5)
[00:03:19 -154463.123497] Model parameter optimization (eps = 1.000000)
[00:03:19 -154463.000622] SLOW spr round 1 (radius: 5)
[00:03:22 -154461.635901] SLOW spr round 2 (radius: 5)
[00:03:24 -154461.635844] SLOW spr round 3 (radius: 10)
[00:03:27 -154461.635838] SLOW spr round 4 (radius: 15)
[00:03:29 -154461.635837] SLOW spr round 5 (radius: 20)
[00:03:30 -154461.635836] SLOW spr round 6 (radius: 25)
[00:03:30 -154461.635836] Model parameter optimization (eps = 0.100000)

[00:03:30] ML tree search #12, logLikelihood: -154461.617080

[00:03:30 -174926.180231] Initial branch length optimization
[00:03:30 -158622.402306] Model parameter optimization (eps = 10.000000)
[00:03:30 -154570.703835] AUTODETECT spr round 1 (radius: 5)
[00:03:31 -154489.837448] AUTODETECT spr round 2 (radius: 10)
[00:03:31 -154489.823684] SPR radius for FAST iterations: 5 (autodetect)
[00:03:31 -154489.823684] Model parameter optimization (eps = 3.000000)
[00:03:31 -154489.497746] FAST spr round 1 (radius: 5)
[00:03:32 -154473.542625] FAST spr round 2 (radius: 5)
[00:03:33 -154466.564424] FAST spr round 3 (radius: 5)
[00:03:34 -154463.602220] FAST spr round 4 (radius: 5)
[00:03:34 -154463.171099] FAST spr round 5 (radius: 5)
[00:03:35 -154463.025489] FAST spr round 6 (radius: 5)
[00:03:36 -154463.021937] Model parameter optimization (eps = 1.000000)
[00:03:36 -154462.981602] SLOW spr round 1 (radius: 5)
[00:03:38 -154461.620734] SLOW spr round 2 (radius: 5)
[00:03:41 -154461.620702] SLOW spr round 3 (radius: 10)
[00:03:43 -154461.620699] SLOW spr round 4 (radius: 15)
[00:03:46 -154461.620699] SLOW spr round 5 (radius: 20)
[00:03:46 -154461.620698] SLOW spr round 6 (radius: 25)
[00:03:46 -154461.620698] Model parameter optimization (eps = 0.100000)

[00:03:46] ML tree search #13, logLikelihood: -154461.612891

[00:03:46 -174476.551480] Initial branch length optimization
[00:03:46 -158599.120584] Model parameter optimization (eps = 10.000000)
[00:03:47 -154535.855174] AUTODETECT spr round 1 (radius: 5)
[00:03:47 -154463.940185] AUTODETECT spr round 2 (radius: 10)
[00:03:48 -154463.898356] SPR radius for FAST iterations: 5 (autodetect)
[00:03:48 -154463.898356] Model parameter optimization (eps = 3.000000)
[00:03:48 -154463.621552] FAST spr round 1 (radius: 5)
[00:03:49 -154463.174675] FAST spr round 2 (radius: 5)
[00:03:49 -154463.033444] FAST spr round 3 (radius: 5)
[00:03:50 -154463.029050] Model parameter optimization (eps = 1.000000)
[00:03:50 -154462.986877] SLOW spr round 1 (radius: 5)
[00:03:53 -154461.624931] SLOW spr round 2 (radius: 5)
[00:03:55 -154461.624894] SLOW spr round 3 (radius: 10)
[00:03:58 -154461.624891] SLOW spr round 4 (radius: 15)
[00:04:00 -154461.624891] SLOW spr round 5 (radius: 20)
[00:04:00 -154461.624891] SLOW spr round 6 (radius: 25)
[00:04:00 -154461.624891] Model parameter optimization (eps = 0.100000)

[00:04:00] ML tree search #14, logLikelihood: -154461.616421

[00:04:00 -174572.835950] Initial branch length optimization
[00:04:00 -158648.240716] Model parameter optimization (eps = 10.000000)
[00:04:01 -154572.084268] AUTODETECT spr round 1 (radius: 5)
[00:04:02 -154522.677043] AUTODETECT spr round 2 (radius: 10)
[00:04:02 -154522.652723] SPR radius for FAST iterations: 5 (autodetect)
[00:04:02 -154522.652723] Model parameter optimization (eps = 3.000000)
[00:04:02 -154522.406227] FAST spr round 1 (radius: 5)
[00:04:03 -154480.060847] FAST spr round 2 (radius: 5)
[00:04:04 -154464.036370] FAST spr round 3 (radius: 5)
[00:04:05 -154463.084066] FAST spr round 4 (radius: 5)
[00:04:05 -154463.075398] Model parameter optimization (eps = 1.000000)
[00:04:05 -154462.996406] SLOW spr round 1 (radius: 5)
[00:04:08 -154461.632028] SLOW spr round 2 (radius: 5)
[00:04:10 -154461.632008] SLOW spr round 3 (radius: 10)
[00:04:13 -154461.632008] SLOW spr round 4 (radius: 15)
[00:04:15 -154461.632008] SLOW spr round 5 (radius: 20)
[00:04:16 -154461.632008] SLOW spr round 6 (radius: 25)
[00:04:16 -154461.632008] Model parameter optimization (eps = 0.100000)

[00:04:16] ML tree search #15, logLikelihood: -154461.620527

[00:04:16 -174503.675115] Initial branch length optimization
[00:04:16 -158624.759063] Model parameter optimization (eps = 10.000000)
[00:04:16 -154556.814270] AUTODETECT spr round 1 (radius: 5)
[00:04:17 -154515.055551] AUTODETECT spr round 2 (radius: 10)
[00:04:17 -154515.028128] SPR radius for FAST iterations: 5 (autodetect)
[00:04:17 -154515.028128] Model parameter optimization (eps = 3.000000)
[00:04:17 -154514.805758] FAST spr round 1 (radius: 5)
[00:04:18 -154498.057893] FAST spr round 2 (radius: 5)
[00:04:19 -154472.357020] FAST spr round 3 (radius: 5)
[00:04:20 -154463.117263] FAST spr round 4 (radius: 5)
[00:04:20 -154463.114777] Model parameter optimization (eps = 1.000000)
[00:04:20 -154462.996830] SLOW spr round 1 (radius: 5)
[00:04:23 -154461.633019] SLOW spr round 2 (radius: 5)
[00:04:25 -154461.632983] SLOW spr round 3 (radius: 10)
[00:04:28 -154461.632981] SLOW spr round 4 (radius: 15)
[00:04:30 -154461.632981] SLOW spr round 5 (radius: 20)
[00:04:31 -154461.632981] SLOW spr round 6 (radius: 25)
[00:04:31 -154461.632981] Model parameter optimization (eps = 0.100000)

[00:04:31] ML tree search #16, logLikelihood: -154461.616236

[00:04:31 -174684.286054] Initial branch length optimization
[00:04:31 -158621.140453] Model parameter optimization (eps = 10.000000)
[00:04:31 -154564.482468] AUTODETECT spr round 1 (radius: 5)
[00:04:32 -154472.497483] AUTODETECT spr round 2 (radius: 10)
[00:04:32 -154472.477372] SPR radius for FAST iterations: 5 (autodetect)
[00:04:32 -154472.477372] Model parameter optimization (eps = 3.000000)
[00:04:33 -154472.262358] FAST spr round 1 (radius: 5)
[00:04:33 -154463.013808] FAST spr round 2 (radius: 5)
[00:04:34 -154463.010969] Model parameter optimization (eps = 1.000000)
[00:04:34 -154462.983140] SLOW spr round 1 (radius: 5)
[00:04:36 -154461.620559] SLOW spr round 2 (radius: 5)
[00:04:39 -154461.620524] SLOW spr round 3 (radius: 10)
[00:04:41 -154461.620522] SLOW spr round 4 (radius: 15)
[00:04:44 -154461.620521] SLOW spr round 5 (radius: 20)
[00:04:44 -154461.620521] SLOW spr round 6 (radius: 25)
[00:04:44 -154461.620521] Model parameter optimization (eps = 0.100000)

[00:04:44] ML tree search #17, logLikelihood: -154461.614775

[00:04:44 -174644.441198] Initial branch length optimization
[00:04:44 -158638.458009] Model parameter optimization (eps = 10.000000)
[00:04:45 -154592.160336] AUTODETECT spr round 1 (radius: 5)
[00:04:45 -154518.487263] AUTODETECT spr round 2 (radius: 10)
[00:04:46 -154518.455025] SPR radius for FAST iterations: 5 (autodetect)
[00:04:46 -154518.455025] Model parameter optimization (eps = 3.000000)
[00:04:46 -154518.192996] FAST spr round 1 (radius: 5)
[00:04:47 -154502.312438] FAST spr round 2 (radius: 5)
[00:04:48 -154475.173690] FAST spr round 3 (radius: 5)
[00:04:48 -154466.197214] FAST spr round 4 (radius: 5)
[00:04:49 -154463.193509] FAST spr round 5 (radius: 5)
[00:04:50 -154463.050066] FAST spr round 6 (radius: 5)
[00:04:51 -154463.045704] Model parameter optimization (eps = 1.000000)
[00:04:51 -154462.984890] SLOW spr round 1 (radius: 5)
[00:04:53 -154461.623926] SLOW spr round 2 (radius: 5)
[00:04:56 -154461.623889] SLOW spr round 3 (radius: 10)
[00:04:58 -154461.623887] SLOW spr round 4 (radius: 15)
[00:05:01 -154461.623887] SLOW spr round 5 (radius: 20)
[00:05:01 -154461.623887] SLOW spr round 6 (radius: 25)
[00:05:01 -154461.623887] Model parameter optimization (eps = 0.100000)

[00:05:01] ML tree search #18, logLikelihood: -154461.613448

[00:05:01 -174749.418916] Initial branch length optimization
[00:05:01 -158655.685537] Model parameter optimization (eps = 10.000000)
[00:05:01 -154586.888575] AUTODETECT spr round 1 (radius: 5)
[00:05:02 -154489.110906] AUTODETECT spr round 2 (radius: 10)
[00:05:03 -154489.089198] SPR radius for FAST iterations: 5 (autodetect)
[00:05:03 -154489.089198] Model parameter optimization (eps = 3.000000)
[00:05:03 -154488.730777] FAST spr round 1 (radius: 5)
[00:05:03 -154463.505799] FAST spr round 2 (radius: 5)
[00:05:04 -154463.077187] FAST spr round 3 (radius: 5)
[00:05:05 -154463.077112] Model parameter optimization (eps = 1.000000)
[00:05:05 -154463.002486] SLOW spr round 1 (radius: 5)
[00:05:07 -154461.637479] SLOW spr round 2 (radius: 5)
[00:05:10 -154461.637451] SLOW spr round 3 (radius: 10)
[00:05:12 -154461.637450] SLOW spr round 4 (radius: 15)
[00:05:15 -154461.637449] SLOW spr round 5 (radius: 20)
[00:05:15 -154461.637449] SLOW spr round 6 (radius: 25)
[00:05:15 -154461.637449] Model parameter optimization (eps = 0.100000)

[00:05:15] ML tree search #19, logLikelihood: -154461.622323

[00:05:15 -174322.918369] Initial branch length optimization
[00:05:15 -158581.703051] Model parameter optimization (eps = 10.000000)
[00:05:16 -154527.996106] AUTODETECT spr round 1 (radius: 5)
[00:05:16 -154473.279376] AUTODETECT spr round 2 (radius: 10)
[00:05:17 -154473.260814] SPR radius for FAST iterations: 5 (autodetect)
[00:05:17 -154473.260814] Model parameter optimization (eps = 3.000000)
[00:05:17 -154473.181439] FAST spr round 1 (radius: 5)
[00:05:18 -154463.796437] FAST spr round 2 (radius: 5)
[00:05:19 -154462.980424] FAST spr round 3 (radius: 5)
[00:05:19 -154462.980421] Model parameter optimization (eps = 1.000000)
[00:05:19 -154462.972708] SLOW spr round 1 (radius: 5)
[00:05:22 -154461.611654] SLOW spr round 2 (radius: 5)
[00:05:24 -154461.611626] SLOW spr round 3 (radius: 10)
[00:05:27 -154461.611624] SLOW spr round 4 (radius: 15)
[00:05:29 -154461.611624] SLOW spr round 5 (radius: 20)
[00:05:30 -154461.611624] SLOW spr round 6 (radius: 25)
[00:05:30 -154461.611624] Model parameter optimization (eps = 0.100000)

[00:05:30] ML tree search #20, logLikelihood: -154461.610492


Optimized model parameters:

   Partition 0: noname
   Rate heterogeneity: GAMMA (4 cats, mean),  alpha: 1.700686 (ML),  weights&rates: (0.250000,0.254727) (0.250000,0.618876) (0.250000,1.060316) (0.250000,2.066081) 
   Base frequencies (ML): 0.257066 0.236012 0.240062 0.266861 
   Substitution rates (ML): 1.894025 4.610095 1.306609 1.180229 5.339031 1.000000 


Final LogLikelihood: -154461.610492

AIC score: 309103.220983 / AICc score: 309103.734930 / BIC score: 309856.728251
Free parameters (model + branch lengths): 90

Best ML tree saved to: /home/gkettenburg/RAxML_tree/africa_caliciviridae_raxml/T2.raxml.bestTree
All ML trees saved to: /home/gkettenburg/RAxML_tree/africa_caliciviridae_raxml/T2.raxml.mlTrees
Optimized model saved to: /home/gkettenburg/RAxML_tree/africa_caliciviridae_raxml/T2.raxml.bestModel

Execution log saved to: /home/gkettenburg/RAxML_tree/africa_caliciviridae_raxml/T2.raxml.log

Analysis started: 10-Sep-2023 11:07:10 / finished: 10-Sep-2023 11:12:40

Elapsed time: 330.368 seconds

Consumed energy: 9.364 Wh

