ERROR: Unable to locate a modulefile for 'emacs/25.1'
ERROR: Unable to locate a modulefile for 'python/3.6'
ERROR: Unable to locate a modulefile for 'java/1.8.0_121'
ERROR: Unable to locate a modulefile for 'cmake/3.15.1'

RAxML-NG v. 1.1.0-master released on 22.06.2022 by The Exelixis Lab.
Developed by: Alexey M. Kozlov and Alexandros Stamatakis.
Contributors: Diego Darriba, Tomas Flouri, Benoit Morel, Sarah Lutteropp, Ben Bettisworth.
Latest version: https://github.com/amkozlov/raxml-ng
Questions/problems/suggestions? Please visit: https://groups.google.com/forum/#!forum/raxml

System: Intel(R) Xeon(R) CPU E5-2680 v4 @ 2.40GHz, 28 cores, 62 GB RAM

RAxML-NG was called at 10-Sep-2023 11:09:23 as follows:

raxml-ng-mpi --bootstrap --msa bat_picornavirales_all_P2P3_align.fasta --model GTR+G4 --prefix T3 --seed 2 --threads auto{8}

Analysis options:
  run mode: Bootstrapping
  start tree(s): 
  bootstrap replicates: max: 1000 + bootstopping (autoMRE, cutoff: 0.030000)
  random seed: 2
  tip-inner: OFF
  pattern compression: ON
  per-rate scalers: OFF
  site repeats: ON
  branch lengths: proportional (ML estimate, algorithm: NR-FAST)
  SIMD kernels: AVX2
  parallelization: coarse-grained (auto), PTHREADS (auto)

[00:00:00] Reading alignment from file: bat_picornavirales_all_P2P3_align.fasta
[00:00:00] Loaded alignment with 210 taxa and 37397 sites

WARNING: Fully undetermined columns found: 39

NOTE: Reduced alignment (with duplicates and gap-only sites/taxa removed) 
NOTE: was saved to: /home/gkettenburg/RAxML_tree/bat_picorna_all_raxml/P2P3/T3.raxml.reduced.phy

Alignment comprises 1 partitions and 16291 patterns

Partition 0: noname
Model: GTR+FO+G4m
Alignment sites / patterns: 37358 / 16291
Gaps: 81.34 %
Invariant sites: 55.26 %


NOTE: Binary MSA file created: T3.raxml.rba

Parallelization scheme autoconfig: 1 worker(s) x 8 thread(s)

Error calling pthread_setaffinity_np: 22
Parallel reduction/worker buffer size: 1 KB  / 0 KB

[00:00:01] Data distribution: max. partitions/sites/weight per thread: 1 / 2037 / 32592
[00:00:02] Data distribution: max. searches per worker: 1000
[00:00:02] Starting bootstrapping analysis with 1000 replicates.

[00:06:35] Bootstrap tree #1, logLikelihood: -849549.418979
[00:12:48] Bootstrap tree #2, logLikelihood: -848563.700029
[00:19:14] Bootstrap tree #3, logLikelihood: -850474.102468
[00:25:37] Bootstrap tree #4, logLikelihood: -842840.491685
[00:32:59] Bootstrap tree #5, logLikelihood: -852909.213393
[00:38:59] Bootstrap tree #6, logLikelihood: -841907.662209
[00:46:08] Bootstrap tree #7, logLikelihood: -851343.754013
[00:52:45] Bootstrap tree #8, logLikelihood: -861693.847337
[00:59:07] Bootstrap tree #9, logLikelihood: -852240.421769
[01:05:46] Bootstrap tree #10, logLikelihood: -853035.097996
[01:12:30] Bootstrap tree #11, logLikelihood: -857577.802842
[01:18:55] Bootstrap tree #12, logLikelihood: -850043.916836
[01:25:33] Bootstrap tree #13, logLikelihood: -842469.065186
[01:32:13] Bootstrap tree #14, logLikelihood: -854708.387226
[01:38:59] Bootstrap tree #15, logLikelihood: -849765.120633
[01:46:20] Bootstrap tree #16, logLikelihood: -846134.587206
[01:52:40] Bootstrap tree #17, logLikelihood: -857175.571702
[02:00:14] Bootstrap tree #18, logLikelihood: -854303.595401
[02:06:27] Bootstrap tree #19, logLikelihood: -856781.575771
[02:13:07] Bootstrap tree #20, logLikelihood: -861458.031133
[02:19:33] Bootstrap tree #21, logLikelihood: -856170.040095
[02:25:48] Bootstrap tree #22, logLikelihood: -855961.045315
[02:31:46] Bootstrap tree #23, logLikelihood: -850706.458400
[02:38:15] Bootstrap tree #24, logLikelihood: -842759.727186
[02:44:41] Bootstrap tree #25, logLikelihood: -844005.703822
[02:51:14] Bootstrap tree #26, logLikelihood: -852523.997634
[02:57:54] Bootstrap tree #27, logLikelihood: -844201.474563
[03:04:14] Bootstrap tree #28, logLikelihood: -843874.328141
[03:10:11] Bootstrap tree #29, logLikelihood: -834818.423219
[03:17:59] Bootstrap tree #30, logLikelihood: -862254.361708
[03:24:53] Bootstrap tree #31, logLikelihood: -839164.144314
[03:31:33] Bootstrap tree #32, logLikelihood: -838043.932078
[03:37:30] Bootstrap tree #33, logLikelihood: -850002.970057
[03:43:56] Bootstrap tree #34, logLikelihood: -842965.072969
[03:50:11] Bootstrap tree #35, logLikelihood: -857495.635579
[03:56:31] Bootstrap tree #36, logLikelihood: -860625.353411
[04:03:12] Bootstrap tree #37, logLikelihood: -849213.052989
[04:10:34] Bootstrap tree #38, logLikelihood: -857153.089173
[04:17:38] Bootstrap tree #39, logLikelihood: -844089.287427
[04:23:24] Bootstrap tree #40, logLikelihood: -840973.856804
[04:30:05] Bootstrap tree #41, logLikelihood: -845062.959736
[04:37:06] Bootstrap tree #42, logLikelihood: -845423.592812
[04:43:44] Bootstrap tree #43, logLikelihood: -841366.249355
[04:49:57] Bootstrap tree #44, logLikelihood: -852111.035715
[04:58:34] Bootstrap tree #45, logLikelihood: -855156.711077
[05:05:06] Bootstrap tree #46, logLikelihood: -850565.370711
[05:11:04] Bootstrap tree #47, logLikelihood: -849408.724302
[05:17:41] Bootstrap tree #48, logLikelihood: -854127.617732
[05:24:16] Bootstrap tree #49, logLikelihood: -841709.332910
[05:31:05] Bootstrap tree #50, logLikelihood: -854039.536550
[05:37:30] Bootstrap tree #51, logLikelihood: -844672.954622
[05:44:07] Bootstrap tree #52, logLikelihood: -853940.943459
[05:50:21] Bootstrap tree #53, logLikelihood: -849742.608864
[05:56:05] Bootstrap tree #54, logLikelihood: -856518.536951
[06:02:54] Bootstrap tree #55, logLikelihood: -851659.732745
[06:10:11] Bootstrap tree #56, logLikelihood: -855993.928046
[06:16:55] Bootstrap tree #57, logLikelihood: -856849.477855
[06:23:32] Bootstrap tree #58, logLikelihood: -851667.512722
[06:29:43] Bootstrap tree #59, logLikelihood: -841728.024606
[06:36:24] Bootstrap tree #60, logLikelihood: -834350.882138
[06:42:31] Bootstrap tree #61, logLikelihood: -851049.365541
[06:49:11] Bootstrap tree #62, logLikelihood: -861023.087961
[06:56:13] Bootstrap tree #63, logLikelihood: -840878.672517
[07:02:39] Bootstrap tree #64, logLikelihood: -848733.410756
[07:09:25] Bootstrap tree #65, logLikelihood: -855598.898222
[07:15:54] Bootstrap tree #66, logLikelihood: -859272.543706
[07:22:00] Bootstrap tree #67, logLikelihood: -867807.577302
[07:28:49] Bootstrap tree #68, logLikelihood: -846809.828098
[07:35:29] Bootstrap tree #69, logLikelihood: -850989.955156
[07:42:07] Bootstrap tree #70, logLikelihood: -846277.376461
[07:48:24] Bootstrap tree #71, logLikelihood: -841269.586885
[07:55:15] Bootstrap tree #72, logLikelihood: -849059.230455
[08:01:30] Bootstrap tree #73, logLikelihood: -853995.792890
[08:08:36] Bootstrap tree #74, logLikelihood: -864351.454167
[08:15:15] Bootstrap tree #75, logLikelihood: -849714.638397
[08:21:53] Bootstrap tree #76, logLikelihood: -852598.028428
[08:28:03] Bootstrap tree #77, logLikelihood: -849939.791864
[08:34:06] Bootstrap tree #78, logLikelihood: -853714.088638
[08:41:19] Bootstrap tree #79, logLikelihood: -855410.784997
[08:48:19] Bootstrap tree #80, logLikelihood: -855614.943048
[08:55:28] Bootstrap tree #81, logLikelihood: -842786.102606
[09:01:33] Bootstrap tree #82, logLikelihood: -856196.798156
[09:07:53] Bootstrap tree #83, logLikelihood: -846760.943097
[09:14:04] Bootstrap tree #84, logLikelihood: -857568.394294
[09:20:45] Bootstrap tree #85, logLikelihood: -856423.904909
[09:27:00] Bootstrap tree #86, logLikelihood: -858129.984128
[09:34:04] Bootstrap tree #87, logLikelihood: -861503.641394
[09:40:59] Bootstrap tree #88, logLikelihood: -861947.565412
[09:47:12] Bootstrap tree #89, logLikelihood: -845833.739193
[09:54:49] Bootstrap tree #90, logLikelihood: -843734.147039
[10:01:30] Bootstrap tree #91, logLikelihood: -866987.568981
[10:07:34] Bootstrap tree #92, logLikelihood: -856693.424060
[10:14:34] Bootstrap tree #93, logLikelihood: -861196.257035
[10:21:20] Bootstrap tree #94, logLikelihood: -861850.479858
[10:27:49] Bootstrap tree #95, logLikelihood: -840440.662883
[10:35:24] Bootstrap tree #96, logLikelihood: -846732.887292
[10:42:07] Bootstrap tree #97, logLikelihood: -865995.876045
[10:49:11] Bootstrap tree #98, logLikelihood: -863348.952158
[10:55:59] Bootstrap tree #99, logLikelihood: -857628.815509
[11:02:38] Bootstrap tree #100, logLikelihood: -841282.602601
[11:08:51] Bootstrap tree #101, logLikelihood: -859707.528556
[11:15:34] Bootstrap tree #102, logLikelihood: -851696.953429
[11:21:25] Bootstrap tree #103, logLikelihood: -856766.811393
[11:27:58] Bootstrap tree #104, logLikelihood: -838934.371979
[11:34:20] Bootstrap tree #105, logLikelihood: -848227.130225
[11:41:22] Bootstrap tree #106, logLikelihood: -850253.384721
[11:47:50] Bootstrap tree #107, logLikelihood: -848077.280532
[11:54:13] Bootstrap tree #108, logLikelihood: -847948.063746
[12:00:15] Bootstrap tree #109, logLikelihood: -855061.734225
[12:06:21] Bootstrap tree #110, logLikelihood: -852306.192129
[12:13:34] Bootstrap tree #111, logLikelihood: -871943.122325
[12:20:42] Bootstrap tree #112, logLikelihood: -857917.581454
[12:27:33] Bootstrap tree #113, logLikelihood: -847285.418320
[12:34:23] Bootstrap tree #114, logLikelihood: -858293.266457
[12:42:14] Bootstrap tree #115, logLikelihood: -849493.314419
[12:48:09] Bootstrap tree #116, logLikelihood: -854813.831249
[12:54:44] Bootstrap tree #117, logLikelihood: -857446.894252
[13:01:31] Bootstrap tree #118, logLikelihood: -835231.234100
[13:07:54] Bootstrap tree #119, logLikelihood: -840757.880238
[13:13:52] Bootstrap tree #120, logLikelihood: -842472.456674
[13:20:28] Bootstrap tree #121, logLikelihood: -848234.560910
[13:27:02] Bootstrap tree #122, logLikelihood: -853891.904743
[13:33:33] Bootstrap tree #123, logLikelihood: -851043.255515
[13:39:57] Bootstrap tree #124, logLikelihood: -855121.773696
[13:46:17] Bootstrap tree #125, logLikelihood: -844886.547007
[13:52:14] Bootstrap tree #126, logLikelihood: -854630.931600
[13:58:50] Bootstrap tree #127, logLikelihood: -853708.400617
[14:05:27] Bootstrap tree #128, logLikelihood: -852321.082791
[14:11:34] Bootstrap tree #129, logLikelihood: -853470.280056
[14:17:23] Bootstrap tree #130, logLikelihood: -835810.657245
[14:23:12] Bootstrap tree #131, logLikelihood: -856144.786918
[14:30:30] Bootstrap tree #132, logLikelihood: -834603.176953
[14:37:39] Bootstrap tree #133, logLikelihood: -845487.590181
[14:44:13] Bootstrap tree #134, logLikelihood: -859355.047555
[14:50:37] Bootstrap tree #135, logLikelihood: -854132.625849
[14:57:05] Bootstrap tree #136, logLikelihood: -842499.161208
[15:04:01] Bootstrap tree #137, logLikelihood: -831951.271065
[15:10:13] Bootstrap tree #138, logLikelihood: -849906.505126
[15:17:42] Bootstrap tree #139, logLikelihood: -866044.479260
[15:24:41] Bootstrap tree #140, logLikelihood: -855276.183746
[15:30:57] Bootstrap tree #141, logLikelihood: -839560.133271
[15:36:48] Bootstrap tree #142, logLikelihood: -864034.650072
[15:43:29] Bootstrap tree #143, logLikelihood: -860286.978795
[15:50:07] Bootstrap tree #144, logLikelihood: -846475.985031
[15:56:39] Bootstrap tree #145, logLikelihood: -855298.864085
[16:03:14] Bootstrap tree #146, logLikelihood: -847473.731221
[16:09:49] Bootstrap tree #147, logLikelihood: -848124.598598
[16:18:00] Bootstrap tree #148, logLikelihood: -856388.507634
[16:24:37] Bootstrap tree #149, logLikelihood: -845998.994937
[16:31:01] Bootstrap tree #150, logLikelihood: -851640.908280
[16:31:01] Bootstrapping converged after 150 replicates.

Bootstrap trees saved to: /home/gkettenburg/RAxML_tree/bat_picorna_all_raxml/P2P3/T3.raxml.bootstraps

Execution log saved to: /home/gkettenburg/RAxML_tree/bat_picorna_all_raxml/P2P3/T3.raxml.log

Analysis started: 10-Sep-2023 11:09:23 / finished: 11-Sep-2023 03:40:25

Elapsed time: 59461.788 seconds

Consumed energy: 1631.074 Wh (= 8 km in an electric car, or 41 km with an e-scooter!)

