ERROR: Unable to locate a modulefile for 'emacs/25.1'
ERROR: Unable to locate a modulefile for 'python/3.6'
ERROR: Unable to locate a modulefile for 'java/1.8.0_121'
ERROR: Unable to locate a modulefile for 'cmake/3.15.1'

RAxML-NG v. 1.1.0-master released on 22.06.2022 by The Exelixis Lab.
Developed by: Alexey M. Kozlov and Alexandros Stamatakis.
Contributors: Diego Darriba, Tomas Flouri, Benoit Morel, Sarah Lutteropp, Ben Bettisworth.
Latest version: https://github.com/amkozlov/raxml-ng
Questions/problems/suggestions? Please visit: https://groups.google.com/forum/#!forum/raxml

System: Intel(R) Xeon(R) CPU E5-2680 v4 @ 2.40GHz, 28 cores, 62 GB RAM

RAxML-NG was called at 31-May-2024 13:50:11 as follows:

raxml-ng-mpi --msa picornaviridae_refseq_all_align_right.fasta --model GTR+G4 --prefix T2 --seed 1 --threads auto{10}

Analysis options:
  run mode: ML tree search
  start tree(s): random (10) + parsimony (10)
  random seed: 1
  tip-inner: OFF
  pattern compression: ON
  per-rate scalers: OFF
  site repeats: ON
  fast spr radius: AUTO
  spr subtree cutoff: 1.000000
  branch lengths: proportional (ML estimate, algorithm: NR-FAST)
  SIMD kernels: AVX2
  parallelization: coarse-grained (auto), PTHREADS (auto)

[00:00:00] Reading alignment from file: picornaviridae_refseq_all_align_right.fasta
[00:00:00] Loaded alignment with 225 taxa and 34278 sites

Alignment comprises 1 partitions and 28589 patterns

Partition 0: noname
Model: GTR+FO+G4m
Alignment sites / patterns: 34278 / 28589
Gaps: 77.80 %
Invariant sites: 19.10 %


NOTE: Binary MSA file created: T2.raxml.rba

Parallelization scheme autoconfig: 1 worker(s) x 10 thread(s)

Error calling pthread_setaffinity_np: 22
Error calling pthread_setaffinity_np: 22
Error calling pthread_setaffinity_np: 22
Error calling pthread_setaffinity_np: 22
Error calling pthread_setaffinity_np: 22
Error calling pthread_setaffinity_np: 22
Error calling pthread_setaffinity_np: 22
Error calling pthread_setaffinity_np: 22
Error calling pthread_setaffinity_np: 22
Error calling pthread_setaffinity_np: 22
Parallel reduction/worker buffer size: 1 KB  / 0 KB

[00:00:00] Generating 10 random starting tree(s) with 225 taxa
[00:00:00] Generating 10 parsimony starting tree(s) with 225 taxa
[00:00:04] Data distribution: max. partitions/sites/weight per thread: 1 / 2859 / 45744
[00:00:04] Data distribution: max. searches per worker: 20

Starting ML tree search with 20 distinct starting trees

[00:00:04 -2254727.546108] Initial branch length optimization
[00:00:06 -2052437.949226] Model parameter optimization (eps = 10.000000)
[00:00:28 -2028672.727861] AUTODETECT spr round 1 (radius: 5)
[00:00:43 -1886520.073054] AUTODETECT spr round 2 (radius: 10)
[00:01:07 -1726334.139401] AUTODETECT spr round 3 (radius: 15)
[00:01:37 -1706340.664985] AUTODETECT spr round 4 (radius: 20)
[00:02:12 -1705002.192960] AUTODETECT spr round 5 (radius: 25)
[00:02:52 -1704959.402143] SPR radius for FAST iterations: 25 (autodetect)
[00:02:52 -1704959.402143] Model parameter optimization (eps = 3.000000)
[00:03:03 -1702190.237695] FAST spr round 1 (radius: 25)
[00:04:11 -1679047.609233] FAST spr round 2 (radius: 25)
[00:04:59 -1677552.106633] FAST spr round 3 (radius: 25)
[00:05:32 -1677375.536377] FAST spr round 4 (radius: 25)
[00:06:00 -1677354.644332] FAST spr round 5 (radius: 25)
[00:06:27 -1677321.240725] FAST spr round 6 (radius: 25)
[00:06:51 -1677314.984745] FAST spr round 7 (radius: 25)
[00:07:15 -1677313.982725] FAST spr round 8 (radius: 25)
[00:07:38 -1677313.859292] FAST spr round 9 (radius: 25)
[00:08:01 -1677313.857918] Model parameter optimization (eps = 1.000000)
[00:08:07 -1677226.884706] SLOW spr round 1 (radius: 5)
[00:09:17 -1677148.988342] SLOW spr round 2 (radius: 5)
[00:10:17 -1677147.055194] SLOW spr round 3 (radius: 5)
[00:11:14 -1677147.053903] SLOW spr round 4 (radius: 10)
[00:12:20 -1677147.053871] SLOW spr round 5 (radius: 15)
[00:15:53 -1677143.067817] SLOW spr round 6 (radius: 5)
[00:17:16 -1677142.947827] SLOW spr round 7 (radius: 5)
[00:18:25 -1677142.946451] SLOW spr round 8 (radius: 10)
[00:19:39 -1677142.946355] SLOW spr round 9 (radius: 15)
[00:22:52 -1677142.946349] SLOW spr round 10 (radius: 20)
[00:26:08 -1677142.946349] SLOW spr round 11 (radius: 25)
[00:28:04 -1677142.946348] Model parameter optimization (eps = 0.100000)

[00:28:06] ML tree search #1, logLikelihood: -1677142.580077

[00:28:06 -2246204.797158] Initial branch length optimization
[00:28:08 -2040878.460825] Model parameter optimization (eps = 10.000000)
[00:28:26 -2018227.354956] AUTODETECT spr round 1 (radius: 5)
[00:28:41 -1861356.471533] AUTODETECT spr round 2 (radius: 10)
[00:29:05 -1743516.566624] AUTODETECT spr round 3 (radius: 15)
[00:29:39 -1711736.547675] AUTODETECT spr round 4 (radius: 20)
[00:30:22 -1711047.295311] AUTODETECT spr round 5 (radius: 25)
[00:31:03 -1710976.407577] SPR radius for FAST iterations: 25 (autodetect)
[00:31:03 -1710976.407577] Model parameter optimization (eps = 3.000000)
[00:31:15 -1708950.441550] FAST spr round 1 (radius: 25)
[00:32:25 -1678784.457474] FAST spr round 2 (radius: 25)
[00:33:15 -1677521.599215] FAST spr round 3 (radius: 25)
[00:33:47 -1677457.370382] FAST spr round 4 (radius: 25)
[00:34:16 -1677418.782136] FAST spr round 5 (radius: 25)
[00:34:42 -1677380.593993] FAST spr round 6 (radius: 25)
[00:35:08 -1677373.553370] FAST spr round 7 (radius: 25)
[00:35:32 -1677370.340473] FAST spr round 8 (radius: 25)
[00:35:56 -1677365.560424] FAST spr round 9 (radius: 25)
[00:36:20 -1677363.000634] FAST spr round 10 (radius: 25)
[00:36:44 -1677361.203288] FAST spr round 11 (radius: 25)
[00:37:07 -1677315.335432] FAST spr round 12 (radius: 25)
[00:37:30 -1677314.442307] FAST spr round 13 (radius: 25)
[00:37:53 -1677314.114126] FAST spr round 14 (radius: 25)
[00:38:17 -1677314.112618] Model parameter optimization (eps = 1.000000)
[00:38:22 -1677236.049924] SLOW spr round 1 (radius: 5)
[00:39:33 -1677142.654378] SLOW spr round 2 (radius: 5)
[00:40:34 -1677130.291333] SLOW spr round 3 (radius: 5)
[00:41:31 -1677130.289999] SLOW spr round 4 (radius: 10)
[00:42:37 -1677130.289963] SLOW spr round 5 (radius: 15)
[00:46:08 -1677127.237380] SLOW spr round 6 (radius: 5)
[00:47:32 -1677127.162938] SLOW spr round 7 (radius: 10)
[00:49:03 -1677127.161706] SLOW spr round 8 (radius: 15)
[00:52:03 -1677127.161645] SLOW spr round 9 (radius: 20)
[00:55:23 -1677127.161641] SLOW spr round 10 (radius: 25)
[00:57:18 -1677127.161641] Model parameter optimization (eps = 0.100000)

[00:57:21] ML tree search #2, logLikelihood: -1677126.644469

[00:57:21 -2251438.631203] Initial branch length optimization
[00:57:23 -2050037.403270] Model parameter optimization (eps = 10.000000)
[00:57:42 -2026783.313013] AUTODETECT spr round 1 (radius: 5)
[00:57:57 -1897838.453210] AUTODETECT spr round 2 (radius: 10)
[00:58:22 -1747239.235034] AUTODETECT spr round 3 (radius: 15)
[00:58:51 -1715824.000802] AUTODETECT spr round 4 (radius: 20)
[00:59:25 -1713173.417597] AUTODETECT spr round 5 (radius: 25)
[01:00:00 -1713140.362875] SPR radius for FAST iterations: 25 (autodetect)
[01:00:00 -1713140.362875] Model parameter optimization (eps = 3.000000)
[01:00:13 -1710823.603750] FAST spr round 1 (radius: 25)
[01:01:24 -1679118.377480] FAST spr round 2 (radius: 25)
[01:02:10 -1677492.856830] FAST spr round 3 (radius: 25)
[01:02:44 -1677340.855550] FAST spr round 4 (radius: 25)
[01:03:11 -1677328.069546] FAST spr round 5 (radius: 25)
[01:03:36 -1677313.054998] FAST spr round 6 (radius: 25)
[01:04:01 -1677291.477026] FAST spr round 7 (radius: 25)
[01:04:25 -1677285.249158] FAST spr round 8 (radius: 25)
[01:04:49 -1677280.383826] FAST spr round 9 (radius: 25)
[01:05:12 -1677276.058826] FAST spr round 10 (radius: 25)
[01:05:35 -1677275.228058] FAST spr round 11 (radius: 25)
[01:05:57 -1677274.694981] FAST spr round 12 (radius: 25)
[01:06:20 -1677274.641082] Model parameter optimization (eps = 1.000000)
[01:06:26 -1677188.769084] SLOW spr round 1 (radius: 5)
[01:07:35 -1677146.531621] SLOW spr round 2 (radius: 5)
[01:08:34 -1677139.474916] SLOW spr round 3 (radius: 5)
[01:09:30 -1677134.766515] SLOW spr round 4 (radius: 5)
[01:10:26 -1677132.924174] SLOW spr round 5 (radius: 5)
[01:11:22 -1677132.922763] SLOW spr round 6 (radius: 10)
[01:12:26 -1677132.922723] SLOW spr round 7 (radius: 15)
[01:15:58 -1677129.507587] SLOW spr round 8 (radius: 5)
[01:17:22 -1677129.416173] SLOW spr round 9 (radius: 10)
[01:18:52 -1677129.414467] SLOW spr round 10 (radius: 15)
[01:21:53 -1677129.414340] SLOW spr round 11 (radius: 20)
[01:25:12 -1677129.414333] SLOW spr round 12 (radius: 25)
[01:27:07 -1677129.414333] Model parameter optimization (eps = 0.100000)

[01:27:10] ML tree search #3, logLikelihood: -1677128.898835

[01:27:10 -2253402.242783] Initial branch length optimization
[01:27:12 -2052239.250476] Model parameter optimization (eps = 10.000000)
[01:27:36 -2028906.575107] AUTODETECT spr round 1 (radius: 5)
[01:27:52 -1893593.073734] AUTODETECT spr round 2 (radius: 10)
[01:28:17 -1727418.192583] AUTODETECT spr round 3 (radius: 15)
[01:28:56 -1708413.126874] AUTODETECT spr round 4 (radius: 20)
[01:29:37 -1707006.840243] AUTODETECT spr round 5 (radius: 25)
[01:30:20 -1706773.233500] SPR radius for FAST iterations: 25 (autodetect)
[01:30:20 -1706773.233500] Model parameter optimization (eps = 3.000000)
[01:30:30 -1704310.791881] FAST spr round 1 (radius: 25)
[01:31:46 -1679002.269100] FAST spr round 2 (radius: 25)
[01:32:35 -1677744.012160] FAST spr round 3 (radius: 25)
[01:33:11 -1677427.066353] FAST spr round 4 (radius: 25)
[01:33:41 -1677364.022640] FAST spr round 5 (radius: 25)
[01:34:08 -1677336.617728] FAST spr round 6 (radius: 25)
[01:34:32 -1677323.337175] FAST spr round 7 (radius: 25)
[01:34:55 -1677315.139238] FAST spr round 8 (radius: 25)
[01:35:18 -1677311.242091] FAST spr round 9 (radius: 25)
[01:35:41 -1677309.130497] FAST spr round 10 (radius: 25)
[01:36:04 -1677305.180650] FAST spr round 11 (radius: 25)
[01:36:27 -1677305.180571] Model parameter optimization (eps = 1.000000)
[01:36:33 -1677241.177091] SLOW spr round 1 (radius: 5)
[01:37:43 -1677142.060862] SLOW spr round 2 (radius: 5)
[01:38:43 -1677131.772667] SLOW spr round 3 (radius: 5)
[01:39:41 -1677129.380281] SLOW spr round 4 (radius: 5)
[01:40:37 -1677128.496456] SLOW spr round 5 (radius: 5)
[01:41:33 -1677128.455487] SLOW spr round 6 (radius: 10)
[01:42:37 -1677128.454854] SLOW spr round 7 (radius: 15)
[01:46:04 -1677124.899373] SLOW spr round 8 (radius: 5)
[01:47:27 -1677124.853314] SLOW spr round 9 (radius: 10)
[01:48:57 -1677124.852995] SLOW spr round 10 (radius: 15)
[01:51:55 -1677124.852976] SLOW spr round 11 (radius: 20)
[01:55:14 -1677124.852975] SLOW spr round 12 (radius: 25)
[01:57:08 -1677124.852975] Model parameter optimization (eps = 0.100000)

[01:57:10] ML tree search #4, logLikelihood: -1677124.444661

[01:57:10 -2258332.536110] Initial branch length optimization
[01:57:12 -2057267.245950] Model parameter optimization (eps = 10.000000)
[01:57:38 -2034044.743844] AUTODETECT spr round 1 (radius: 5)
[01:57:53 -1881898.303781] AUTODETECT spr round 2 (radius: 10)
[01:58:17 -1738422.055847] AUTODETECT spr round 3 (radius: 15)
[01:58:49 -1711411.482278] AUTODETECT spr round 4 (radius: 20)
[01:59:22 -1709984.715541] AUTODETECT spr round 5 (radius: 25)
[01:59:56 -1709828.738268] SPR radius for FAST iterations: 25 (autodetect)
[01:59:56 -1709828.738268] Model parameter optimization (eps = 3.000000)
[02:00:08 -1707356.532445] FAST spr round 1 (radius: 25)
[02:01:20 -1679307.757396] FAST spr round 2 (radius: 25)
[02:02:08 -1677465.625134] FAST spr round 3 (radius: 25)
[02:02:42 -1677381.676508] FAST spr round 4 (radius: 25)
[02:03:10 -1677351.291108] FAST spr round 5 (radius: 25)
[02:03:35 -1677341.726140] FAST spr round 6 (radius: 25)
[02:04:00 -1677332.920192] FAST spr round 7 (radius: 25)
[02:04:23 -1677325.476848] FAST spr round 8 (radius: 25)
[02:04:47 -1677319.385645] FAST spr round 9 (radius: 25)
[02:05:10 -1677314.005550] FAST spr round 10 (radius: 25)
[02:05:32 -1677311.750942] FAST spr round 11 (radius: 25)
[02:05:55 -1677310.768465] FAST spr round 12 (radius: 25)
[02:06:18 -1677310.055633] FAST spr round 13 (radius: 25)
[02:06:40 -1677297.766664] FAST spr round 14 (radius: 25)
[02:07:03 -1677297.764275] Model parameter optimization (eps = 1.000000)
[02:07:09 -1677214.630861] SLOW spr round 1 (radius: 5)
[02:08:18 -1677145.158700] SLOW spr round 2 (radius: 5)
[02:09:18 -1677145.157600] SLOW spr round 3 (radius: 10)
[02:10:26 -1677145.157518] SLOW spr round 4 (radius: 15)
[02:13:47 -1677145.157510] SLOW spr round 5 (radius: 20)
[02:17:01 -1677145.157509] SLOW spr round 6 (radius: 25)
[02:18:55 -1677145.157509] Model parameter optimization (eps = 0.100000)

[02:18:57] ML tree search #5, logLikelihood: -1677144.921047

[02:18:57 -2244692.448745] Initial branch length optimization
[02:18:59 -2048635.920587] Model parameter optimization (eps = 10.000000)
[02:19:23 -2026029.619652] AUTODETECT spr round 1 (radius: 5)
[02:19:38 -1838730.094964] AUTODETECT spr round 2 (radius: 10)
[02:20:01 -1738457.006071] AUTODETECT spr round 3 (radius: 15)
[02:20:29 -1710452.914235] AUTODETECT spr round 4 (radius: 20)
[02:21:02 -1709282.392169] AUTODETECT spr round 5 (radius: 25)
[02:21:40 -1709214.235053] SPR radius for FAST iterations: 25 (autodetect)
[02:21:40 -1709214.235053] Model parameter optimization (eps = 3.000000)
[02:21:53 -1707326.219118] FAST spr round 1 (radius: 25)
[02:23:07 -1679137.342367] FAST spr round 2 (radius: 25)
[02:23:55 -1677815.422499] FAST spr round 3 (radius: 25)
[02:24:33 -1677489.495860] FAST spr round 4 (radius: 25)
[02:25:01 -1677469.034352] FAST spr round 5 (radius: 25)
[02:25:26 -1677459.288359] FAST spr round 6 (radius: 25)
[02:25:49 -1677450.533225] FAST spr round 7 (radius: 25)
[02:26:13 -1677445.221989] FAST spr round 8 (radius: 25)
[02:26:36 -1677432.710401] FAST spr round 9 (radius: 25)
[02:27:00 -1677418.594828] FAST spr round 10 (radius: 25)
[02:27:23 -1677371.129386] FAST spr round 11 (radius: 25)
[02:27:46 -1677353.485669] FAST spr round 12 (radius: 25)
[02:28:08 -1677349.363323] FAST spr round 13 (radius: 25)
[02:28:31 -1677343.960794] FAST spr round 14 (radius: 25)
[02:28:54 -1677340.758362] FAST spr round 15 (radius: 25)
[02:29:16 -1677337.751104] FAST spr round 16 (radius: 25)
[02:29:39 -1677337.058407] FAST spr round 17 (radius: 25)
[02:30:02 -1677336.505692] FAST spr round 18 (radius: 25)
[02:30:25 -1677334.455995] FAST spr round 19 (radius: 25)
[02:30:47 -1677334.454967] Model parameter optimization (eps = 1.000000)
[02:30:52 -1677258.615511] SLOW spr round 1 (radius: 5)
[02:32:03 -1677144.249315] SLOW spr round 2 (radius: 5)
[02:33:04 -1677140.785884] SLOW spr round 3 (radius: 5)
[02:34:02 -1677138.153684] SLOW spr round 4 (radius: 5)
[02:34:59 -1677129.310969] SLOW spr round 5 (radius: 5)
[02:35:54 -1677129.309407] SLOW spr round 6 (radius: 10)
[02:36:58 -1677129.309370] SLOW spr round 7 (radius: 15)
[02:40:24 -1677129.309369] SLOW spr round 8 (radius: 20)
[02:43:38 -1677129.309369] SLOW spr round 9 (radius: 25)
[02:45:33 -1677129.309369] Model parameter optimization (eps = 0.100000)

[02:45:36] ML tree search #6, logLikelihood: -1677128.904272

[02:45:36 -2252179.779173] Initial branch length optimization
[02:45:37 -2057147.326336] Model parameter optimization (eps = 10.000000)
[02:45:59 -2033932.720823] AUTODETECT spr round 1 (radius: 5)
[02:46:15 -1894523.939230] AUTODETECT spr round 2 (radius: 10)
[02:46:40 -1742725.493069] AUTODETECT spr round 3 (radius: 15)
[02:47:11 -1715139.436217] AUTODETECT spr round 4 (radius: 20)
[02:47:53 -1713384.856837] AUTODETECT spr round 5 (radius: 25)
[02:48:36 -1713328.307537] SPR radius for FAST iterations: 25 (autodetect)
[02:48:36 -1713328.307537] Model parameter optimization (eps = 3.000000)
[02:48:48 -1710899.910654] FAST spr round 1 (radius: 25)
[02:50:03 -1678683.780531] FAST spr round 2 (radius: 25)
[02:50:50 -1677502.788530] FAST spr round 3 (radius: 25)
[02:51:26 -1677364.224874] FAST spr round 4 (radius: 25)
[02:51:55 -1677332.520867] FAST spr round 5 (radius: 25)
[02:52:22 -1677317.591538] FAST spr round 6 (radius: 25)
[02:52:48 -1677314.486102] FAST spr round 7 (radius: 25)
[02:53:12 -1677311.492303] FAST spr round 8 (radius: 25)
[02:53:37 -1677300.603357] FAST spr round 9 (radius: 25)
[02:54:02 -1677294.966628] FAST spr round 10 (radius: 25)
[02:54:26 -1677294.965031] Model parameter optimization (eps = 1.000000)
[02:54:32 -1677235.879526] SLOW spr round 1 (radius: 5)
[02:55:42 -1677146.911883] SLOW spr round 2 (radius: 5)
[02:56:43 -1677130.529448] SLOW spr round 3 (radius: 5)
[02:57:39 -1677128.305974] SLOW spr round 4 (radius: 5)
[02:58:35 -1677128.305168] SLOW spr round 5 (radius: 10)
[02:59:39 -1677128.305135] SLOW spr round 6 (radius: 15)
[03:03:05 -1677124.958755] SLOW spr round 7 (radius: 5)
[03:04:28 -1677124.914178] SLOW spr round 8 (radius: 10)
[03:05:59 -1677124.913795] SLOW spr round 9 (radius: 15)
[03:08:56 -1677124.913780] SLOW spr round 10 (radius: 20)
[03:12:14 -1677124.913779] SLOW spr round 11 (radius: 25)
[03:14:08 -1677124.913779] Model parameter optimization (eps = 0.100000)

[03:14:10] ML tree search #7, logLikelihood: -1677124.434405

[03:14:10 -2254945.879194] Initial branch length optimization
[03:14:12 -2056607.586323] Model parameter optimization (eps = 10.000000)
[03:14:34 -2033550.558733] AUTODETECT spr round 1 (radius: 5)
[03:14:48 -1877998.651643] AUTODETECT spr round 2 (radius: 10)
[03:15:11 -1742007.386815] AUTODETECT spr round 3 (radius: 15)
[03:15:40 -1704921.130722] AUTODETECT spr round 4 (radius: 20)
[03:16:19 -1700679.495948] AUTODETECT spr round 5 (radius: 25)
[03:17:01 -1700679.476885] SPR radius for FAST iterations: 20 (autodetect)
[03:17:01 -1700679.476885] Model parameter optimization (eps = 3.000000)
[03:17:13 -1698264.927673] FAST spr round 1 (radius: 20)
[03:18:18 -1678238.606383] FAST spr round 2 (radius: 20)
[03:19:03 -1677437.104142] FAST spr round 3 (radius: 20)
[03:19:35 -1677386.676563] FAST spr round 4 (radius: 20)
[03:20:02 -1677353.736213] FAST spr round 5 (radius: 20)
[03:20:27 -1677341.898970] FAST spr round 6 (radius: 20)
[03:20:51 -1677336.631274] FAST spr round 7 (radius: 20)
[03:21:14 -1677333.999215] FAST spr round 8 (radius: 20)
[03:21:38 -1677326.246496] FAST spr round 9 (radius: 20)
[03:22:01 -1677322.677243] FAST spr round 10 (radius: 20)
[03:22:23 -1677313.406802] FAST spr round 11 (radius: 20)
[03:22:46 -1677313.405313] Model parameter optimization (eps = 1.000000)
[03:22:51 -1677267.192917] SLOW spr round 1 (radius: 5)
[03:24:02 -1677149.379402] SLOW spr round 2 (radius: 5)
[03:25:02 -1677135.683180] SLOW spr round 3 (radius: 5)
[03:25:58 -1677132.970008] SLOW spr round 4 (radius: 5)
[03:26:53 -1677132.969795] SLOW spr round 5 (radius: 10)
[03:27:55 -1677132.969784] SLOW spr round 6 (radius: 15)
[03:31:13 -1677129.350775] SLOW spr round 7 (radius: 5)
[03:32:34 -1677129.350016] SLOW spr round 8 (radius: 10)
[03:34:03 -1677129.349984] SLOW spr round 9 (radius: 15)
[03:36:54 -1677129.349980] SLOW spr round 10 (radius: 20)
[03:40:14 -1677129.349979] SLOW spr round 11 (radius: 25)
[03:42:09 -1677129.349979] Model parameter optimization (eps = 0.100000)

[03:42:13] ML tree search #8, logLikelihood: -1677128.719185

[03:42:13 -2250564.356654] Initial branch length optimization
[03:42:15 -2056031.443444] Model parameter optimization (eps = 10.000000)
[03:42:33 -2033050.818562] AUTODETECT spr round 1 (radius: 5)
[03:42:47 -1871629.967488] AUTODETECT spr round 2 (radius: 10)
[03:43:12 -1743356.284782] AUTODETECT spr round 3 (radius: 15)
[03:43:48 -1712677.583790] AUTODETECT spr round 4 (radius: 20)
[03:44:25 -1710939.575530] AUTODETECT spr round 5 (radius: 25)
[03:44:59 -1710104.108481] SPR radius for FAST iterations: 25 (autodetect)
[03:44:59 -1710104.108481] Model parameter optimization (eps = 3.000000)
[03:45:09 -1707855.241100] FAST spr round 1 (radius: 25)
[03:46:24 -1678363.132592] FAST spr round 2 (radius: 25)
[03:47:10 -1677525.585652] FAST spr round 3 (radius: 25)
[03:47:43 -1677306.318567] FAST spr round 4 (radius: 25)
[03:48:10 -1677286.857703] FAST spr round 5 (radius: 25)
[03:48:36 -1677270.398872] FAST spr round 6 (radius: 25)
[03:49:00 -1677254.347079] FAST spr round 7 (radius: 25)
[03:49:23 -1677243.677050] FAST spr round 8 (radius: 25)
[03:49:45 -1677232.106870] FAST spr round 9 (radius: 25)
[03:50:07 -1677226.782619] FAST spr round 10 (radius: 25)
[03:50:29 -1677225.882294] FAST spr round 11 (radius: 25)
[03:50:50 -1677223.895578] FAST spr round 12 (radius: 25)
[03:51:12 -1677212.529621] FAST spr round 13 (radius: 25)
[03:51:34 -1677212.527225] Model parameter optimization (eps = 1.000000)
[03:51:39 -1677174.321772] SLOW spr round 1 (radius: 5)
[03:52:48 -1677094.210673] SLOW spr round 2 (radius: 5)
[03:53:48 -1677088.192352] SLOW spr round 3 (radius: 5)
[03:54:44 -1677083.955480] SLOW spr round 4 (radius: 5)
[03:55:40 -1677080.159687] SLOW spr round 5 (radius: 5)
[03:56:34 -1677078.414010] SLOW spr round 6 (radius: 5)
[03:57:29 -1677078.325963] SLOW spr round 7 (radius: 10)
[03:58:31 -1677078.322381] SLOW spr round 8 (radius: 15)
[04:01:57 -1677073.182017] SLOW spr round 9 (radius: 5)
[04:03:19 -1677073.181115] SLOW spr round 10 (radius: 10)
[04:04:50 -1677073.181058] SLOW spr round 11 (radius: 15)
[04:07:47 -1677073.181048] SLOW spr round 12 (radius: 20)
[04:10:54 -1677073.181046] SLOW spr round 13 (radius: 25)
[04:12:53 -1677073.181045] Model parameter optimization (eps = 0.100000)

[04:12:55] ML tree search #9, logLikelihood: -1677072.794850

[04:12:55 -2251100.085382] Initial branch length optimization
[04:12:56 -2053613.961038] Model parameter optimization (eps = 10.000000)
[04:13:18 -2030511.792523] AUTODETECT spr round 1 (radius: 5)
[04:13:32 -1866797.027307] AUTODETECT spr round 2 (radius: 10)
[04:13:58 -1727889.727176] AUTODETECT spr round 3 (radius: 15)
[04:14:27 -1716587.002463] AUTODETECT spr round 4 (radius: 20)
[04:15:11 -1710459.080999] AUTODETECT spr round 5 (radius: 25)
[04:15:57 -1710327.091215] SPR radius for FAST iterations: 25 (autodetect)
[04:15:57 -1710327.091215] Model parameter optimization (eps = 3.000000)
[04:16:09 -1707999.403848] FAST spr round 1 (radius: 25)
[04:17:24 -1678001.392462] FAST spr round 2 (radius: 25)
[04:18:10 -1677431.192669] FAST spr round 3 (radius: 25)
[04:18:42 -1677396.130093] FAST spr round 4 (radius: 25)
[04:19:09 -1677377.217000] FAST spr round 5 (radius: 25)
[04:19:34 -1677363.814119] FAST spr round 6 (radius: 25)
[04:19:59 -1677348.272275] FAST spr round 7 (radius: 25)
[04:20:24 -1677333.634885] FAST spr round 8 (radius: 25)
[04:20:48 -1677329.555122] FAST spr round 9 (radius: 25)
[04:21:11 -1677325.254663] FAST spr round 10 (radius: 25)
[04:21:34 -1677325.253847] Model parameter optimization (eps = 1.000000)
[04:21:41 -1677222.184281] SLOW spr round 1 (radius: 5)
[04:22:51 -1677147.652300] SLOW spr round 2 (radius: 5)
[04:23:51 -1677145.355506] SLOW spr round 3 (radius: 5)
[04:24:47 -1677145.354438] SLOW spr round 4 (radius: 10)
[04:25:52 -1677145.354386] SLOW spr round 5 (radius: 15)
[04:29:19 -1677141.118488] SLOW spr round 6 (radius: 5)
[04:30:42 -1677141.117828] SLOW spr round 7 (radius: 10)
[04:32:13 -1677141.117778] SLOW spr round 8 (radius: 15)
[04:35:11 -1677141.117769] SLOW spr round 9 (radius: 20)
[04:38:28 -1677141.117767] SLOW spr round 10 (radius: 25)
[04:40:22 -1677141.117766] Model parameter optimization (eps = 0.100000)

[04:40:25] ML tree search #10, logLikelihood: -1677140.543120

[04:40:25 -1801504.457200] Initial branch length optimization
[04:40:26 -1704402.218854] Model parameter optimization (eps = 10.000000)
[04:40:37 -1678626.449006] AUTODETECT spr round 1 (radius: 5)
[04:40:50 -1677597.534881] AUTODETECT spr round 2 (radius: 10)
[04:41:16 -1677423.565312] AUTODETECT spr round 3 (radius: 15)
[04:42:00 -1677423.561341] SPR radius for FAST iterations: 10 (autodetect)
[04:42:00 -1677423.561341] Model parameter optimization (eps = 3.000000)
[04:42:01 -1677421.990534] FAST spr round 1 (radius: 10)
[04:42:35 -1677214.932303] FAST spr round 2 (radius: 10)
[04:43:01 -1677199.921175] FAST spr round 3 (radius: 10)
[04:43:25 -1677186.375302] FAST spr round 4 (radius: 10)
[04:43:47 -1677178.974718] FAST spr round 5 (radius: 10)
[04:44:08 -1677165.040987] FAST spr round 6 (radius: 10)
[04:44:29 -1677151.056030] FAST spr round 7 (radius: 10)
[04:44:49 -1677145.893007] FAST spr round 8 (radius: 10)
[04:45:10 -1677137.447331] FAST spr round 9 (radius: 10)
[04:45:30 -1677132.711429] FAST spr round 10 (radius: 10)
[04:45:51 -1677129.098350] FAST spr round 11 (radius: 10)
[04:46:11 -1677125.509192] FAST spr round 12 (radius: 10)
[04:46:31 -1677125.035516] FAST spr round 13 (radius: 10)
[04:46:53 -1677107.648815] FAST spr round 14 (radius: 10)
[04:47:13 -1677096.553482] FAST spr round 15 (radius: 10)
[04:47:33 -1677096.553253] Model parameter optimization (eps = 1.000000)
[04:47:35 -1677096.120402] SLOW spr round 1 (radius: 5)
[04:48:43 -1677063.471614] SLOW spr round 2 (radius: 5)
[04:49:45 -1677055.858783] SLOW spr round 3 (radius: 5)
[04:50:42 -1677051.798436] SLOW spr round 4 (radius: 5)
[04:51:38 -1677051.797645] SLOW spr round 5 (radius: 10)
[04:52:41 -1677051.797589] SLOW spr round 6 (radius: 15)
[04:56:01 -1677051.797585] SLOW spr round 7 (radius: 20)
[04:59:14 -1677051.797585] SLOW spr round 8 (radius: 25)
[05:01:12 -1677051.797585] Model parameter optimization (eps = 0.100000)

[05:01:13] ML tree search #11, logLikelihood: -1677051.754324

[05:01:13 -1803183.706472] Initial branch length optimization
[05:01:15 -1706116.233218] Model parameter optimization (eps = 10.000000)
[05:01:24 -1680392.543524] AUTODETECT spr round 1 (radius: 5)
[05:01:37 -1677914.017015] AUTODETECT spr round 2 (radius: 10)
[05:02:03 -1677573.323516] AUTODETECT spr round 3 (radius: 15)
[05:02:46 -1677573.303340] SPR radius for FAST iterations: 10 (autodetect)
[05:02:46 -1677573.303340] Model parameter optimization (eps = 3.000000)
[05:02:49 -1677569.123912] FAST spr round 1 (radius: 10)
[05:03:27 -1677207.729896] FAST spr round 2 (radius: 10)
[05:03:53 -1677192.104215] FAST spr round 3 (radius: 10)
[05:04:17 -1677181.669369] FAST spr round 4 (radius: 10)
[05:04:40 -1677172.334152] FAST spr round 5 (radius: 10)
[05:05:01 -1677163.284703] FAST spr round 6 (radius: 10)
[05:05:22 -1677155.690563] FAST spr round 7 (radius: 10)
[05:05:43 -1677149.103227] FAST spr round 8 (radius: 10)
[05:06:03 -1677140.133058] FAST spr round 9 (radius: 10)
[05:06:24 -1677134.913138] FAST spr round 10 (radius: 10)
[05:06:45 -1677131.175523] FAST spr round 11 (radius: 10)
[05:07:05 -1677130.981133] FAST spr round 12 (radius: 10)
[05:07:26 -1677130.853349] FAST spr round 13 (radius: 10)
[05:07:46 -1677130.852915] Model parameter optimization (eps = 1.000000)
[05:07:48 -1677130.694795] SLOW spr round 1 (radius: 5)
[05:08:56 -1677094.685934] SLOW spr round 2 (radius: 5)
[05:09:57 -1677087.043295] SLOW spr round 3 (radius: 5)
[05:10:54 -1677083.047692] SLOW spr round 4 (radius: 5)
[05:11:49 -1677079.298182] SLOW spr round 5 (radius: 5)
[05:12:44 -1677078.944604] SLOW spr round 6 (radius: 5)
[05:13:39 -1677078.942761] SLOW spr round 7 (radius: 10)
[05:14:41 -1677065.211625] SLOW spr round 8 (radius: 5)
[05:16:01 -1677065.049254] SLOW spr round 9 (radius: 5)
[05:17:08 -1677065.039087] SLOW spr round 10 (radius: 10)
[05:18:19 -1677065.038000] SLOW spr round 11 (radius: 15)
[05:21:25 -1677065.037913] SLOW spr round 12 (radius: 20)
[05:24:37 -1677065.037908] SLOW spr round 13 (radius: 25)
[05:26:33 -1677065.037907] Model parameter optimization (eps = 0.100000)

[05:26:36] ML tree search #12, logLikelihood: -1677064.802646

[05:26:36 -1802434.085808] Initial branch length optimization
[05:26:37 -1705567.289041] Model parameter optimization (eps = 10.000000)
[05:26:46 -1680016.180438] AUTODETECT spr round 1 (radius: 5)
[05:27:00 -1677994.651600] AUTODETECT spr round 2 (radius: 10)
[05:27:26 -1677948.795872] AUTODETECT spr round 3 (radius: 15)
[05:28:07 -1677725.900899] AUTODETECT spr round 4 (radius: 20)
[05:28:52 -1677725.896207] SPR radius for FAST iterations: 15 (autodetect)
[05:28:52 -1677725.896207] Model parameter optimization (eps = 3.000000)
[05:28:54 -1677723.316530] FAST spr round 1 (radius: 15)
[05:29:45 -1677289.027556] FAST spr round 2 (radius: 15)
[05:30:22 -1677272.382018] FAST spr round 3 (radius: 15)
[05:30:52 -1677259.799860] FAST spr round 4 (radius: 15)
[05:31:19 -1677248.180645] FAST spr round 5 (radius: 15)
[05:31:45 -1677239.349053] FAST spr round 6 (radius: 15)
[05:32:09 -1677235.639684] FAST spr round 7 (radius: 15)
[05:32:32 -1677232.608901] FAST spr round 8 (radius: 15)
[05:32:56 -1677229.588342] FAST spr round 9 (radius: 15)
[05:33:19 -1677226.005022] FAST spr round 10 (radius: 15)
[05:33:42 -1677224.055802] FAST spr round 11 (radius: 15)
[05:34:05 -1677223.600873] FAST spr round 12 (radius: 15)
[05:34:28 -1677222.321333] FAST spr round 13 (radius: 15)
[05:34:50 -1677221.900586] FAST spr round 14 (radius: 15)
[05:35:13 -1677216.216918] FAST spr round 15 (radius: 15)
[05:35:36 -1677216.017930] FAST spr round 16 (radius: 15)
[05:35:58 -1677216.017830] Model parameter optimization (eps = 1.000000)
[05:36:00 -1677215.535342] SLOW spr round 1 (radius: 5)
[05:37:11 -1677160.827057] SLOW spr round 2 (radius: 5)
[05:38:13 -1677134.494358] SLOW spr round 3 (radius: 5)
[05:39:10 -1677134.149737] SLOW spr round 4 (radius: 5)
[05:40:06 -1677133.016519] SLOW spr round 5 (radius: 5)
[05:41:01 -1677133.015781] SLOW spr round 6 (radius: 10)
[05:42:05 -1677133.015754] SLOW spr round 7 (radius: 15)
[05:45:38 -1677129.277293] SLOW spr round 8 (radius: 5)
[05:47:01 -1677129.184918] SLOW spr round 9 (radius: 10)
[05:48:32 -1677129.184400] SLOW spr round 10 (radius: 15)
[05:51:31 -1677129.184380] SLOW spr round 11 (radius: 20)
[05:54:50 -1677129.184379] SLOW spr round 12 (radius: 25)
[05:56:45 -1677129.184379] Model parameter optimization (eps = 0.100000)

[05:56:47] ML tree search #13, logLikelihood: -1677128.898934

[05:56:47 -1803337.821739] Initial branch length optimization
[05:56:49 -1706267.439093] Model parameter optimization (eps = 10.000000)
[05:56:59 -1680408.956476] AUTODETECT spr round 1 (radius: 5)
[05:57:12 -1677999.862263] AUTODETECT spr round 2 (radius: 10)
[05:57:40 -1677812.595322] AUTODETECT spr round 3 (radius: 15)
[05:58:27 -1677610.830852] AUTODETECT spr round 4 (radius: 20)
[05:59:12 -1677610.825107] SPR radius for FAST iterations: 15 (autodetect)
[05:59:12 -1677610.825107] Model parameter optimization (eps = 3.000000)
[05:59:14 -1677609.280711] FAST spr round 1 (radius: 15)
[06:00:04 -1677289.751393] FAST spr round 2 (radius: 15)
[06:00:44 -1677201.122182] FAST spr round 3 (radius: 15)
[06:01:14 -1677189.834650] FAST spr round 4 (radius: 15)
[06:01:40 -1677178.686500] FAST spr round 5 (radius: 15)
[06:02:05 -1677163.641847] FAST spr round 6 (radius: 15)
[06:02:29 -1677154.548463] FAST spr round 7 (radius: 15)
[06:02:52 -1677151.593170] FAST spr round 8 (radius: 15)
[06:03:15 -1677150.396349] FAST spr round 9 (radius: 15)
[06:03:38 -1677140.316329] FAST spr round 10 (radius: 15)
[06:04:00 -1677126.999922] FAST spr round 11 (radius: 15)
[06:04:23 -1677126.581339] FAST spr round 12 (radius: 15)
[06:04:45 -1677126.580082] Model parameter optimization (eps = 1.000000)
[06:04:46 -1677126.140846] SLOW spr round 1 (radius: 5)
[06:05:55 -1677081.052137] SLOW spr round 2 (radius: 5)
[06:06:55 -1677076.575600] SLOW spr round 3 (radius: 5)
[06:07:52 -1677076.575285] SLOW spr round 4 (radius: 10)
[06:08:56 -1677076.575281] SLOW spr round 5 (radius: 15)
[06:12:25 -1677076.575280] SLOW spr round 6 (radius: 20)
[06:15:37 -1677076.575280] SLOW spr round 7 (radius: 25)
[06:17:36 -1677076.575280] Model parameter optimization (eps = 0.100000)

[06:17:36] ML tree search #14, logLikelihood: -1677076.540058

[06:17:37 -1801381.414023] Initial branch length optimization
[06:17:38 -1704601.188758] Model parameter optimization (eps = 10.000000)
[06:17:48 -1678924.572201] AUTODETECT spr round 1 (radius: 5)
[06:18:01 -1677662.529332] AUTODETECT spr round 2 (radius: 10)
[06:18:29 -1677656.069766] AUTODETECT spr round 3 (radius: 15)
[06:19:10 -1677559.603670] AUTODETECT spr round 4 (radius: 20)
[06:19:53 -1677559.600891] SPR radius for FAST iterations: 15 (autodetect)
[06:19:53 -1677559.600891] Model parameter optimization (eps = 3.000000)
[06:19:54 -1677557.783813] FAST spr round 1 (radius: 15)
[06:20:42 -1677303.172017] FAST spr round 2 (radius: 15)
[06:21:18 -1677271.899746] FAST spr round 3 (radius: 15)
[06:21:49 -1677244.035863] FAST spr round 4 (radius: 15)
[06:22:16 -1677234.707015] FAST spr round 5 (radius: 15)
[06:22:41 -1677223.294478] FAST spr round 6 (radius: 15)
[06:23:05 -1677214.686691] FAST spr round 7 (radius: 15)
[06:23:29 -1677208.154406] FAST spr round 8 (radius: 15)
[06:23:52 -1677202.050217] FAST spr round 9 (radius: 15)
[06:24:15 -1677196.327156] FAST spr round 10 (radius: 15)
[06:24:37 -1677196.326557] Model parameter optimization (eps = 1.000000)
[06:24:38 -1677195.458469] SLOW spr round 1 (radius: 5)
[06:25:49 -1677154.205856] SLOW spr round 2 (radius: 5)
[06:26:50 -1677146.317556] SLOW spr round 3 (radius: 5)
[06:27:47 -1677143.107048] SLOW spr round 4 (radius: 5)
[06:28:43 -1677143.106718] SLOW spr round 5 (radius: 10)
[06:29:48 -1677143.106706] SLOW spr round 6 (radius: 15)
[06:33:16 -1677143.106705] SLOW spr round 7 (radius: 20)
[06:36:31 -1677143.106705] SLOW spr round 8 (radius: 25)
[06:38:26 -1677143.106705] Model parameter optimization (eps = 0.100000)

[06:38:29] ML tree search #15, logLikelihood: -1677142.742673

[06:38:29 -1802008.917453] Initial branch length optimization
[06:38:30 -1706055.011119] Model parameter optimization (eps = 10.000000)
[06:38:41 -1680174.908532] AUTODETECT spr round 1 (radius: 5)
[06:38:54 -1678365.776786] AUTODETECT spr round 2 (radius: 10)
[06:39:21 -1677984.457285] AUTODETECT spr round 3 (radius: 15)
[06:40:08 -1677984.443273] SPR radius for FAST iterations: 10 (autodetect)
[06:40:08 -1677984.443273] Model parameter optimization (eps = 3.000000)
[06:40:10 -1677981.648908] FAST spr round 1 (radius: 10)
[06:40:51 -1677354.468399] FAST spr round 2 (radius: 10)
[06:41:20 -1677274.070712] FAST spr round 3 (radius: 10)
[06:41:45 -1677234.554575] FAST spr round 4 (radius: 10)
[06:42:09 -1677222.301397] FAST spr round 5 (radius: 10)
[06:42:32 -1677212.167726] FAST spr round 6 (radius: 10)
[06:42:54 -1677202.381947] FAST spr round 7 (radius: 10)
[06:43:15 -1677195.043398] FAST spr round 8 (radius: 10)
[06:43:36 -1677189.442936] FAST spr round 9 (radius: 10)
[06:43:57 -1677186.612740] FAST spr round 10 (radius: 10)
[06:44:17 -1677184.870623] FAST spr round 11 (radius: 10)
[06:44:38 -1677183.562926] FAST spr round 12 (radius: 10)
[06:44:59 -1677183.109906] FAST spr round 13 (radius: 10)
[06:45:20 -1677183.107521] Model parameter optimization (eps = 1.000000)
[06:45:21 -1677182.298279] SLOW spr round 1 (radius: 5)
[06:46:32 -1677089.317650] SLOW spr round 2 (radius: 5)
[06:47:33 -1677084.742748] SLOW spr round 3 (radius: 5)
[06:48:30 -1677082.161489] SLOW spr round 4 (radius: 5)
[06:49:26 -1677073.086627] SLOW spr round 5 (radius: 5)
[06:50:22 -1677073.085170] SLOW spr round 6 (radius: 10)
[06:51:25 -1677073.085141] SLOW spr round 7 (radius: 15)
[06:54:53 -1677073.085140] SLOW spr round 8 (radius: 20)
[06:58:01 -1677073.085140] SLOW spr round 9 (radius: 25)
[07:00:03 -1677073.085140] Model parameter optimization (eps = 0.100000)

[07:00:05] ML tree search #16, logLikelihood: -1677072.800209

[07:00:05 -1803702.619059] Initial branch length optimization
[07:00:07 -1706322.130095] Model parameter optimization (eps = 10.000000)
[07:00:16 -1680712.009065] AUTODETECT spr round 1 (radius: 5)
[07:00:30 -1678223.507640] AUTODETECT spr round 2 (radius: 10)
[07:00:59 -1677611.192955] AUTODETECT spr round 3 (radius: 15)
[07:01:51 -1677611.181445] SPR radius for FAST iterations: 10 (autodetect)
[07:01:51 -1677611.181445] Model parameter optimization (eps = 3.000000)
[07:01:54 -1677603.543282] FAST spr round 1 (radius: 10)
[07:02:33 -1677327.193317] FAST spr round 2 (radius: 10)
[07:03:02 -1677266.333160] FAST spr round 3 (radius: 10)
[07:03:27 -1677255.703279] FAST spr round 4 (radius: 10)
[07:03:50 -1677246.136903] FAST spr round 5 (radius: 10)
[07:04:13 -1677242.613546] FAST spr round 6 (radius: 10)
[07:04:34 -1677239.345456] FAST spr round 7 (radius: 10)
[07:04:56 -1677231.163156] FAST spr round 8 (radius: 10)
[07:05:17 -1677228.048272] FAST spr round 9 (radius: 10)
[07:05:38 -1677225.548287] FAST spr round 10 (radius: 10)
[07:05:59 -1677225.547404] Model parameter optimization (eps = 1.000000)
[07:06:00 -1677225.257774] SLOW spr round 1 (radius: 5)
[07:07:11 -1677150.682615] SLOW spr round 2 (radius: 5)
[07:08:12 -1677123.673914] SLOW spr round 3 (radius: 5)
[07:09:11 -1677102.023402] SLOW spr round 4 (radius: 5)
[07:10:09 -1677089.176664] SLOW spr round 5 (radius: 5)
[07:11:06 -1677084.055239] SLOW spr round 6 (radius: 5)
[07:12:02 -1677080.408333] SLOW spr round 7 (radius: 5)
[07:12:58 -1677077.718993] SLOW spr round 8 (radius: 5)
[07:13:55 -1677067.158523] SLOW spr round 9 (radius: 5)
[07:14:51 -1677067.156850] SLOW spr round 10 (radius: 10)
[07:15:55 -1677067.156811] SLOW spr round 11 (radius: 15)
[07:19:19 -1677067.156810] SLOW spr round 12 (radius: 20)
[07:22:32 -1677067.156810] SLOW spr round 13 (radius: 25)
[07:24:32 -1677067.156810] Model parameter optimization (eps = 0.100000)

[07:24:33] ML tree search #17, logLikelihood: -1677067.008652

[07:24:34 -1802185.389626] Initial branch length optimization
[07:24:35 -1705842.619918] Model parameter optimization (eps = 10.000000)
[07:24:45 -1679981.143208] AUTODETECT spr round 1 (radius: 5)
[07:24:58 -1678319.166931] AUTODETECT spr round 2 (radius: 10)
[07:25:25 -1678022.490038] AUTODETECT spr round 3 (radius: 15)
[07:26:13 -1677733.338573] AUTODETECT spr round 4 (radius: 20)
[07:27:00 -1677733.328872] SPR radius for FAST iterations: 15 (autodetect)
[07:27:00 -1677733.328872] Model parameter optimization (eps = 3.000000)
[07:27:02 -1677730.878149] FAST spr round 1 (radius: 15)
[07:27:56 -1677234.488746] FAST spr round 2 (radius: 15)
[07:28:32 -1677197.133474] FAST spr round 3 (radius: 15)
[07:29:02 -1677186.884468] FAST spr round 4 (radius: 15)
[07:29:28 -1677178.234644] FAST spr round 5 (radius: 15)
[07:29:53 -1677174.773594] FAST spr round 6 (radius: 15)
[07:30:16 -1677171.497728] FAST spr round 7 (radius: 15)
[07:30:39 -1677168.572532] FAST spr round 8 (radius: 15)
[07:31:01 -1677164.567561] FAST spr round 9 (radius: 15)
[07:31:24 -1677163.455865] FAST spr round 10 (radius: 15)
[07:31:46 -1677163.199273] FAST spr round 11 (radius: 15)
[07:32:08 -1677163.199160] Model parameter optimization (eps = 1.000000)
[07:32:10 -1677162.646432] SLOW spr round 1 (radius: 5)
[07:33:21 -1677087.012339] SLOW spr round 2 (radius: 5)
[07:34:20 -1677083.428181] SLOW spr round 3 (radius: 5)
[07:35:17 -1677080.327384] SLOW spr round 4 (radius: 5)
[07:36:13 -1677071.373423] SLOW spr round 5 (radius: 5)
[07:37:08 -1677071.371989] SLOW spr round 6 (radius: 10)
[07:38:11 -1677071.371960] SLOW spr round 7 (radius: 15)
[07:41:36 -1677071.371960] SLOW spr round 8 (radius: 20)
[07:44:45 -1677071.371959] SLOW spr round 9 (radius: 25)
[07:46:45 -1677071.371959] Model parameter optimization (eps = 0.100000)

[07:46:47] ML tree search #18, logLikelihood: -1677071.081375

[07:46:47 -1803113.983616] Initial branch length optimization
[07:46:49 -1705968.799520] Model parameter optimization (eps = 10.000000)
[07:46:58 -1680373.047150] AUTODETECT spr round 1 (radius: 5)
[07:47:11 -1677784.740894] AUTODETECT spr round 2 (radius: 10)
[07:47:38 -1677660.632830] AUTODETECT spr round 3 (radius: 15)
[07:48:26 -1677430.135356] AUTODETECT spr round 4 (radius: 20)
[07:49:14 -1677430.134081] SPR radius for FAST iterations: 15 (autodetect)
[07:49:14 -1677430.134081] Model parameter optimization (eps = 3.000000)
[07:49:17 -1677422.949310] FAST spr round 1 (radius: 15)
[07:50:05 -1677261.321151] FAST spr round 2 (radius: 15)
[07:50:42 -1677177.885340] FAST spr round 3 (radius: 15)
[07:51:12 -1677172.014007] FAST spr round 4 (radius: 15)
[07:51:39 -1677166.929090] FAST spr round 5 (radius: 15)
[07:52:03 -1677161.944118] FAST spr round 6 (radius: 15)
[07:52:28 -1677155.141830] FAST spr round 7 (radius: 15)
[07:52:52 -1677154.564481] FAST spr round 8 (radius: 15)
[07:53:15 -1677154.563483] Model parameter optimization (eps = 1.000000)
[07:53:17 -1677154.331616] SLOW spr round 1 (radius: 5)
[07:54:25 -1677139.675045] SLOW spr round 2 (radius: 5)
[07:55:25 -1677137.874369] SLOW spr round 3 (radius: 5)
[07:56:22 -1677137.872858] SLOW spr round 4 (radius: 10)
[07:57:26 -1677137.872812] SLOW spr round 5 (radius: 15)
[08:00:58 -1677132.991371] SLOW spr round 6 (radius: 5)
[08:02:20 -1677132.975602] SLOW spr round 7 (radius: 10)
[08:03:50 -1677132.973865] SLOW spr round 8 (radius: 15)
[08:06:48 -1677132.973735] SLOW spr round 9 (radius: 20)
[08:10:12 -1677132.973728] SLOW spr round 10 (radius: 25)
[08:12:05 -1677132.973727] Model parameter optimization (eps = 0.100000)

[08:12:07] ML tree search #19, logLikelihood: -1677132.866630

[08:12:07 -1802345.594279] Initial branch length optimization
[08:12:08 -1705742.143713] Model parameter optimization (eps = 10.000000)
[08:12:18 -1680108.009857] AUTODETECT spr round 1 (radius: 5)
[08:12:31 -1677910.501054] AUTODETECT spr round 2 (radius: 10)
[08:12:58 -1677559.450895] AUTODETECT spr round 3 (radius: 15)
[08:13:44 -1677497.135917] AUTODETECT spr round 4 (radius: 20)
[08:14:31 -1677497.110152] SPR radius for FAST iterations: 15 (autodetect)
[08:14:31 -1677497.110152] Model parameter optimization (eps = 3.000000)
[08:14:34 -1677491.760173] FAST spr round 1 (radius: 15)
[08:15:24 -1677278.524771] FAST spr round 2 (radius: 15)
[08:16:02 -1677227.578435] FAST spr round 3 (radius: 15)
[08:16:33 -1677160.187587] FAST spr round 4 (radius: 15)
[08:16:59 -1677155.408934] FAST spr round 5 (radius: 15)
[08:17:23 -1677148.711184] FAST spr round 6 (radius: 15)
[08:17:47 -1677136.875615] FAST spr round 7 (radius: 15)
[08:18:11 -1677133.360413] FAST spr round 8 (radius: 15)
[08:18:33 -1677130.587841] FAST spr round 9 (radius: 15)
[08:18:56 -1677130.253618] FAST spr round 10 (radius: 15)
[08:19:18 -1677130.115559] FAST spr round 11 (radius: 15)
[08:19:40 -1677130.114751] Model parameter optimization (eps = 1.000000)
[08:19:42 -1677129.819517] SLOW spr round 1 (radius: 5)
[08:20:51 -1677069.983601] SLOW spr round 2 (radius: 5)
[08:21:51 -1677069.641094] SLOW spr round 3 (radius: 5)
[08:22:48 -1677063.185681] SLOW spr round 4 (radius: 5)
[08:23:43 -1677058.133423] SLOW spr round 5 (radius: 5)
[08:24:38 -1677058.031448] SLOW spr round 6 (radius: 5)
[08:25:34 -1677058.029370] SLOW spr round 7 (radius: 10)
[08:26:36 -1677058.029253] SLOW spr round 8 (radius: 15)
[08:30:00 -1677058.029247] SLOW spr round 9 (radius: 20)
[08:33:12 -1677058.029247] SLOW spr round 10 (radius: 25)
[08:35:12 -1677058.029247] Model parameter optimization (eps = 0.100000)

[08:35:14] ML tree search #20, logLikelihood: -1677057.948631


Optimized model parameters:

   Partition 0: noname
   Rate heterogeneity: GAMMA (4 cats, mean),  alpha: 1.670972 (ML),  weights&rates: (0.250000,0.250567) (0.250000,0.614744) (0.250000,1.059062) (0.250000,2.075626) 
   Base frequencies (ML): 0.260973 0.227324 0.225406 0.286298 
   Substitution rates (ML): 1.773622 3.345826 1.418643 1.376037 3.423805 1.000000 


Final LogLikelihood: -1677051.754324

AIC score: 3355015.508648 / AICc score: 3355027.831879 / BIC score: 3358865.178764
Free parameters (model + branch lengths): 456

Best ML tree saved to: /home/gkettenburg/RAxML_tree/picorna_right_tree/T2.raxml.bestTree
All ML trees saved to: /home/gkettenburg/RAxML_tree/picorna_right_tree/T2.raxml.mlTrees
Optimized model saved to: /home/gkettenburg/RAxML_tree/picorna_right_tree/T2.raxml.bestModel

Execution log saved to: /home/gkettenburg/RAxML_tree/picorna_right_tree/T2.raxml.log

Analysis started: 31-May-2024 13:50:11 / finished: 31-May-2024 22:25:25

Elapsed time: 30914.084 seconds

Consumed energy: 1482.560 Wh (= 7 km in an electric car, or 37 km with an e-scooter!)

