
RAxML-NG v. 1.1.0-master released on 22.06.2022 by The Exelixis Lab.
Developed by: Alexey M. Kozlov and Alexandros Stamatakis.
Contributors: Diego Darriba, Tomas Flouri, Benoit Morel, Sarah Lutteropp, Ben Bettisworth.
Latest version: https://github.com/amkozlov/raxml-ng
Questions/problems/suggestions? Please visit: https://groups.google.com/forum/#!forum/raxml

System: Intel(R) Xeon(R) CPU E5-2680 v4 @ 2.40GHz, 28 cores, 62 GB RAM

RAxML-NG was called at 05-Aug-2023 00:16:48 as follows:

raxml-ng-mpi --bootstrap --msa picornavirales_all_align.fasta --model GTR+G4 --prefix T5 --seed 1 --threads auto{12}

Analysis options:
  run mode: Bootstrapping
  start tree(s): 
  bootstrap replicates: max: 1000 + bootstopping (autoMRE, cutoff: 0.030000)
  random seed: 1
  tip-inner: OFF
  pattern compression: ON
  per-rate scalers: OFF
  site repeats: ON
  branch lengths: proportional (ML estimate, algorithm: NR-FAST)
  SIMD kernels: AVX2
  parallelization: coarse-grained (auto), PTHREADS (auto)

[00:00:01] Reading alignment from file: picornavirales_all_align.fasta
[00:00:01] Loaded alignment with 416 taxa and 64887 sites

Alignment comprises 1 partitions and 42385 patterns

Partition 0: noname
Model: GTR+FO+G4m
Alignment sites / patterns: 64887 / 42385
Gaps: 87.67 %
Invariant sites: 37.51 %


NOTE: Binary MSA file created: T5.raxml.rba

Parallelization scheme autoconfig: 1 worker(s) x 12 thread(s)

Parallel reduction/worker buffer size: 1 KB  / 0 KB

[00:00:02] Data distribution: max. partitions/sites/weight per thread: 1 / 3533 / 56528
[00:00:04] Data distribution: max. searches per worker: 1000
[00:00:04] Starting bootstrapping analysis with 1000 replicates.

[01:25:16] Bootstrap tree #1, logLikelihood: -3350099.048256
[02:57:12] Bootstrap tree #2, logLikelihood: -3458068.604190
[04:25:19] Bootstrap tree #3, logLikelihood: -3415623.999471
[05:55:14] Bootstrap tree #4, logLikelihood: -3405481.556389
[07:26:53] Bootstrap tree #5, logLikelihood: -3367667.570970
[08:42:01] Bootstrap tree #6, logLikelihood: -3409571.902704
[09:56:17] Bootstrap tree #7, logLikelihood: -3423519.852092
[11:13:32] Bootstrap tree #8, logLikelihood: -3411410.084363
[12:48:06] Bootstrap tree #9, logLikelihood: -3447951.151238
[14:20:04] Bootstrap tree #10, logLikelihood: -3384300.129500

RAxML-NG v. 1.1.0-master released on 22.06.2022 by The Exelixis Lab.
Developed by: Alexey M. Kozlov and Alexandros Stamatakis.
Contributors: Diego Darriba, Tomas Flouri, Benoit Morel, Sarah Lutteropp, Ben Bettisworth.
Latest version: https://github.com/amkozlov/raxml-ng
Questions/problems/suggestions? Please visit: https://groups.google.com/forum/#!forum/raxml

System: Intel(R) Xeon(R) CPU E5-2680 v4 @ 2.40GHz, 28 cores, 62 GB RAM

RAxML-NG was called at 05-Aug-2023 16:01:56 as follows:

raxml-ng-mpi --bootstrap --msa picornavirales_all_align.fasta --model GTR+G4 --prefix T5 --seed 4 --threads auto{12}

Analysis options:
  run mode: Bootstrapping
  start tree(s): 
  bootstrap replicates: max: 1000 + bootstopping (autoMRE, cutoff: 0.030000)
  random seed: 4
  tip-inner: OFF
  pattern compression: ON
  per-rate scalers: OFF
  site repeats: ON
  branch lengths: proportional (ML estimate, algorithm: NR-FAST)
  SIMD kernels: AVX2
  parallelization: coarse-grained (auto), PTHREADS (auto)

WARNING: The model you specified on the command line (GTR+G4) will be ignored 
         since the binary MSA file already contains a model definition.
         If you want to change the model, please re-run RAxML-NG 
         with the original PHYLIP/FASTA alignment and --redo option.

[00:00:00] Loading binary alignment from file: T5.raxml.rba
[00:00:00] Alignment comprises 416 taxa, 1 partitions and 42385 patterns

Partition 0: noname
Model: GTR+FO+G4m
Alignment sites / patterns: 64887 / 42385
Gaps: 87.67 %
Invariant sites: 37.51 %


Parallelization scheme autoconfig: 1 worker(s) x 12 thread(s)

Parallel reduction/worker buffer size: 1 KB  / 0 KB

[00:00:00] NOTE: Resuming execution from checkpoint (logLH: -3429972.77, ML trees: 0, bootstraps: 10)
[00:00:00] Data distribution: max. partitions/sites/weight per thread: 1 / 3533 / 56528
[00:00:04] Data distribution: max. searches per worker: 990
[00:00:04] Starting bootstrapping analysis with 1000 replicates.

