IQ-TREE multicore version 1.6.12 for Mac OS X 64-bit built Aug 15 2019
Developed by Bui Quang Minh, Nguyen Lam Tung, Olga Chernomor,
Heiko Schmidt, Dominik Schrempf, Michael Woodhams.

Host:    Gwenddolens-MacBook-Air.local (SSE4.2, 16 GB RAM)
Command: bin/iqtree -s sapo_align.fasta -bb 1000
Seed:    822721 (Using SPRNG - Scalable Parallel Random Number Generator)
Time:    Sun Jun 15 16:44:08 2025
Kernel:  SSE2 - 1 threads (10 CPU cores detected)

HINT: Use -nt option to specify number of threads because your CPU has 10 cores!
HINT: -nt AUTO will automatically determine the best number of threads to use.

Reading alignment file sapo_align.fasta ... Fasta format detected
Alignment most likely contains DNA/RNA sequences
Alignment has 223 sequences with 14700 columns, 9381 distinct patterns
8122 parsimony-informative, 870 singleton sites, 5708 constant sites
             Gap/Ambiguity  Composition  p-value
   1  OQ818319      56.61%    failed      0.00%
   2  PP766459      49.44%    failed      0.00%
   3  OQ818340      78.01%    failed      0.00%
   4  KX759619.1    58.00%    failed      0.00%
   5  KX759623.1    49.02%    failed      0.00%
   6  KX759621.1    49.23%    failed      0.00%
   7  KX759622.1    49.16%    failed      0.00%
   8  NC_033776.1   49.15%    failed      0.00%
   9  OQ818347      85.23%    failed      0.01%
  10  PP712001.1    49.53%    failed      0.00%
  11  PP712004.1    49.40%    failed      0.00%
  12  OR951145.1    81.44%    failed      0.00%
  13  PP766470      79.86%    failed      0.01%
  14  PP712015.1    49.51%    failed      0.00%
  15  OP963623.1    49.70%    failed      0.00%
  16  PP712008.1    51.34%    failed      0.00%
  17  OR951128.1    62.87%    failed      0.00%
  18  OR951137.1    82.01%    failed      0.01%
  19  OR951149.1    52.36%    failed      0.00%
  20  DQ058829.1    49.48%    failed      0.35%
  21  MN102395.1    49.36%    failed      0.03%
  22  OR837777.1    49.28%    failed      0.50%
  23  OR837779.1    49.02%    failed      1.36%
  24  AB455793.2    49.14%    passed     34.28%
  25  AB630068.3    49.15%    passed     78.64%
  26  LC715150.1    48.90%    passed     80.04%
  27  MF944258.1    49.09%    passed     68.46%
  28  MG515473.1    49.16%    passed     67.52%
  29  MG515474.1    49.16%    passed     64.88%
  30  MG515475.1    49.16%    passed     65.31%
  31  NC_006554.1   49.15%    passed     51.44%
  32  AB689846.2    49.27%    passed     79.88%
  33  NC_010624.1   49.27%    passed     78.92%
  34  AY646855.2    49.26%    passed     19.09%
  35  AB522397.2    49.24%    passed     20.73%
  36  KX274477.1    49.32%    passed     10.70%
  37  OR837774.1    49.10%    passed     23.71%
  38  OR837780.1    48.80%    passed     22.26%
  39  AB689845.2    49.05%    passed      5.77%
  40  LC504404.1    48.80%    passed      6.52%
  41  AY237419.2    49.05%    passed      7.93%
  42  KP067444.1    49.25%    passed     12.42%
  43  MZ488272.1    49.29%    passed     13.74%
  44  LC190463.1    49.33%    passed     67.55%
  45  MN102403.1    49.12%    passed     58.34%
  46  AB522390.3    49.31%    failed      2.72%
  47  OP255973.1    49.28%    failed      1.17%
  48  OR837781.1    48.82%    failed      0.23%
  49  AB614356.1    49.14%    failed      0.04%
  50  LC504371.1    49.09%    failed      0.03%
  51  LC504367.1    49.14%    failed      0.06%
  52  JX993277.1    49.14%    failed      0.06%
  53  LC504350.1    49.14%    failed      0.02%
  54  LC504354.1    49.08%    failed      0.01%
  55  LC504385.1    49.14%    failed      0.01%
  56  LC504364.1    48.35%    failed      0.00%
  57  LC504365.1    48.14%    failed      0.00%
  58  OR517473.1    49.27%    failed      0.01%
  59  MG515476.1    49.14%    failed      0.03%
  60  MG515477.1    49.14%    failed      0.03%
  61  MG515479.1    49.14%    failed      0.03%
  62  MG515478.1    49.14%    failed      0.03%
  63  MK250983.1    49.89%    failed      0.01%
  64  MK250984.1    49.69%    failed      0.00%
  65  MK250985.1    49.37%    failed      0.00%
  66  MK250986.1    49.24%    failed      0.00%
  67  MK250988.1    49.24%    failed      0.00%
  68  MK250987.1    49.24%    failed      0.00%
  69  MN102397.1    48.34%    failed      0.00%
  70  AB623037.2    49.37%    passed     10.81%
  71  AY237422.3    49.46%    passed     28.42%
  72  AY237423.2    49.46%    passed     34.10%
  73  KP298674.1    49.46%    passed     49.16%
  74  LC504315.1    49.46%    passed     47.99%
  75  LC504342.1    49.33%    passed     30.71%
  76  LC504312.1    49.46%    passed     46.61%
  77  AY646853.2    49.46%    passed     14.21%
  78  LC504334.1    48.92%    failed      0.32%
  79  LC504341.1    49.46%    passed      9.72%
  80  NC_006269.1   49.46%    passed     37.56%
  81  AY646854.2    49.46%    passed     35.69%
  82  KT327081.1    49.38%    passed     23.49%
  83  MZ576278.1    48.69%    passed     25.35%
  84  MK111628.1    49.69%    passed     30.74%
  85  KX980412.1    49.46%    passed     44.18%
  86  MN187064.1    49.03%    failed      3.25%
  87  LC715151.1    49.20%    passed      8.40%
  88  MK111629.1    49.67%    passed     41.66%
  89  MK111630.1    49.62%    passed     31.73%
  90  OR672552.1    49.38%    passed     23.63%
  91  OR672554.1    49.38%    passed     29.15%
  92  OR672558.1    49.38%    passed     27.84%
  93  OR672555.1    49.38%    passed     24.63%
  94  OR672557.1    49.38%    passed     31.03%
  95  LC671561.1    49.46%    passed     32.17%
  96  OR672553.1    49.38%    passed     31.71%
  97  OR672551.1    49.38%    passed     37.22%
  98  OR672556.1    49.38%    passed     25.98%
  99  LC504326.1    49.27%    passed     11.87%
 100  NC_075724.1   49.44%    passed     45.21%
 101  LC380411.1    49.37%    failed      0.01%
 102  MN509083.1    49.46%    failed      0.02%
 103  OR672559.1    49.33%    failed      0.00%
 104  MK599471.1    49.44%    passed     49.15%
 105  MN102407.1    48.46%    passed      5.56%
 106  MN102408.1    48.96%    passed     36.79%
 107  OR837776.1    48.97%    passed     84.64%
 108  OR951129.1    67.30%    failed      0.13%
 109  OR951148.1    59.56%    failed      0.00%
 110  OR951136.1    60.63%    failed      0.05%
 111  OR951108.1    51.91%    failed      1.24%
 112  KX000383.1    49.01%    failed      0.05%
 113  MW285639.1    49.01%    failed      0.01%
 114  OK484997.1    49.01%    failed      0.01%
 115  LC483440.1    48.73%    failed      0.11%
 116  AY646856.2    48.98%    failed      0.54%
 117  KX431437.1    48.55%    failed      1.32%
 118  KY040366.1    48.77%    failed      0.88%
 119  NC_027026.1   48.84%    failed      0.08%
 120  LC215885.1    49.08%    passed      9.16%
 121  OR951126.1    67.36%    passed     28.49%
 122  FJ387164.1    48.59%    failed      0.06%
 123  JX678943.1    50.05%    failed      0.12%
 124  KT922087.1    50.20%    failed      0.09%
 125  KT922088.1    50.20%    failed      0.08%
 126  NC_000940.1   50.20%    failed      0.06%
 127  KT945133.1    50.20%    failed      0.03%
 128  MK962337.1    50.20%    failed      0.00%
 129  MK962338.1    50.20%    failed      0.00%
 130  MK962339.1    50.20%    failed      0.00%
 131  MK962340.1    50.20%    failed      0.02%
 132  LC215881.1    50.16%    failed      0.02%
 133  LC215884.1    51.31%    failed      0.05%
 134  LC215883.1    50.31%    failed      0.16%
 135  KF204570.1    49.86%    failed      0.00%
 136  KX688105.1    50.21%    failed      0.00%
 137  KX688107.1    49.75%    failed      0.10%
 138  LC215877.1    53.05%    failed      0.00%
 139  LC215878.1    50.14%    failed      0.00%
 140  MK965900.1    50.29%    failed      0.01%
 141  MW316750.1    50.12%    failed      0.00%
 142  KT922089.1    50.02%    failed      0.01%
 143  MK965901.1    50.27%    failed      0.00%
 144  MK965904.1    50.12%    failed      0.00%
 145  MW316743.1    50.12%    failed      0.00%
 146  MW316752.1    50.19%    failed      0.00%
 147  MW316755.1    50.39%    failed      0.00%
 148  MW316759.1    50.03%    failed      0.00%
 149  MW316751.1    50.14%    failed      0.00%
 150  LC215879.1    50.12%    failed      0.01%
 151  MK965898.1    50.08%    failed      0.07%
 152  PP388958.1    50.08%    failed      0.26%
 153  MW285642.1    50.00%    failed      0.09%
 154  OK485000.1    50.00%    failed      0.09%
 155  MW316744.1    50.17%    failed      0.00%
 156  MW285640.1    50.06%    failed      0.15%
 157  OK484998.1    50.06%    failed      0.15%
 158  MW285641.1    50.06%    failed      0.00%
 159  OK484999.1    50.06%    failed      0.00%
 160  LC215875.1    51.35%    passed      7.85%
 161  LC215876.1    52.67%    passed      5.96%
 162  LC215874.1    53.18%    failed      0.00%
 163  LC215880.1    59.11%    failed      0.00%
 164  MW316756.1    50.18%    failed      0.00%
 165  LC215882.1    50.59%    failed      0.00%
 166  OR951138.1    49.38%    failed      0.00%
 167  OP930874.1    47.56%    failed      0.09%
 168  OR951099.1    73.26%    failed      0.04%
 169  OR951106.1    75.01%    failed      0.00%
 170  OR951112.1    80.36%    failed      0.01%
 171  OR951116.1    73.48%    failed      0.00%
 172  OR951118.1    52.61%    failed      0.00%
 173  OR951119.1    63.82%    failed      0.00%
 174  OR951151.1    48.75%    failed      0.00%
 175  OR951113.1    69.63%    failed      0.01%
 176  OR951115.1    50.89%    failed      0.00%
 177  OR951120.1    73.44%    failed      0.00%
 178  OR951104.1    73.95%    failed      0.00%
 179  OR951100.1    56.81%    failed      0.00%
 180  OR951147.1    65.94%    passed     15.87%
 181  OR951121.1    49.73%    failed      0.00%
 182  OR951139.1    49.44%    failed      0.57%
 183  OR951144.1    63.44%    passed      8.60%
 184  OR951142.1    51.52%    failed      0.04%
 185  OR951143.1    68.24%    failed      0.39%
 186  ON872527.1    50.65%    failed      0.00%
 187  OR951127.1    66.44%    failed      1.11%
 188  LC215895.1    49.33%    failed      0.03%
 189  JN899072.1    47.76%    failed      0.00%
 190  JN899074.1    47.76%    failed      0.00%
 191  NC_017936.1   47.65%    failed      0.00%
 192  OP930875.1    67.65%    failed      0.00%
 193  OR951107.1    65.84%    failed      0.00%
 194  OR951109.1    64.75%    failed      0.00%
 195  PV788824      50.93%    failed      0.00%
 196  OQ709197.1    53.30%    failed      0.00%
 197  OP963622.1    50.95%    failed      0.00%
 198  OR951153.1    63.24%    failed      0.00%
 199  OR951157.1    64.22%    failed      0.00%
 200  OR951101.1    66.08%    failed      0.48%
 201  LC215896.2    51.02%    passed     20.87%
 202  PP105600.1    51.51%    passed      8.51%
 203  LC215897.2    51.33%    passed      7.79%
 204  AY974192.2    51.03%    passed      7.50%
 205  KJ508818.1    51.03%    passed      7.32%
 206  LC215886.1    51.28%    passed     34.73%
 207  LC215887.1    56.84%    passed     33.58%
 208  LC215888.1    52.01%    passed     41.94%
 209  LC483441.1    50.66%    passed     42.35%
 210  KX000384.1    51.36%    passed     24.12%
 211  LC215891.1    53.84%    passed     16.79%
 212  LC215893.1    51.50%    failed      4.49%
 213  LC215898.1    51.28%    passed      6.55%
 214  LC215899.2    51.01%    passed     44.95%
 215  LC469052.1    50.95%    failed      4.32%
 216  MF766258.1    50.99%    passed     72.15%
 217  LC215889.1    51.98%    passed     66.30%
 218  LC215890.1    51.91%    passed     64.31%
 219  LC215892.1    51.48%    passed     18.51%
 220  LC215894.1    51.44%    passed     19.72%
 221  MH003837.1    53.48%    failed      0.00%
 222  OR951140.1    87.40%    passed     93.57%
 223  NC_001547.1   20.39%    failed      0.00%
WARNING: 102 sequences contain more than 50% gaps/ambiguity
****  TOTAL         52.57%  143 sequences failed composition chi2 test (p-value<5%; df=3)
NOTE: OK484997.1 is identical to MW285639.1 but kept for subsequent analysis
NOTE: MW316743.1 is identical to MK965904.1 but kept for subsequent analysis
NOTE: OK485000.1 is identical to MW285642.1 but kept for subsequent analysis
NOTE: OK484998.1 is identical to MW285640.1 but kept for subsequent analysis
NOTE: OK484999.1 is identical to MW285641.1 but kept for subsequent analysis


Create initial parsimony tree by phylogenetic likelihood library (PLL)... 0.406 seconds
NOTE: ModelFinder requires 714 MB RAM!
ModelFinder will test 286 DNA models (sample size: 14700) ...
 No. Model         -LnL         df  AIC          AICc         BIC
  1  JC            652301.461   443 1305488.921  1305516.515  1308853.773
  2  JC+I          646463.033   444 1293814.066  1293841.787  1297186.514
  3  JC+G4         608399.324   444 1217686.649  1217714.370  1221059.097
  4  JC+I+G4       608165.835   445 1217221.670  1217249.518  1220601.714
  5  JC+R2         617353.278   445 1235596.557  1235624.404  1238976.600
  6  JC+R3         610222.226   447 1221338.452  1221366.554  1224733.686
  7  JC+R4         608723.930   449 1218345.861  1218374.218  1221756.286
  8  JC+R5         608131.263   451 1217164.526  1217193.141  1220590.143
  9  JC+R6         607832.893   453 1216571.785  1216600.658  1220012.594
 10  JC+R7         607674.949   455 1216259.898  1216289.031  1219715.898
 11  JC+R8         607582.693   457 1216079.386  1216108.779  1219550.576
 12  JC+R9         607524.359   459 1215966.717  1215996.372  1219453.099
 13  JC+R10        607485.256   461 1215892.512  1215922.429  1219394.085
 14  F81+F         652462.868   446 1305817.737  1305845.711  1309205.376
 15  F81+F+I       646605.280   447 1294104.560  1294132.663  1297499.795
 16  F81+F+G4      608444.015   447 1217782.031  1217810.133  1221177.265
 17  F81+F+I+G4    608209.614   448 1217315.227  1217343.457  1220718.057
 18  F81+F+R2      617435.689   448 1235767.377  1235795.607  1239170.207
 19  F81+F+R3      610146.046   450 1221192.091  1221220.577  1224610.112
 20  F81+F+R4      608756.615   452 1218417.230  1218445.974  1221850.443
 21  F81+F+R5      608184.264   454 1217276.527  1217305.530  1220724.931
 22  F81+F+R6      607883.974   456 1216679.948  1216709.211  1220143.543
 23  F81+F+R7      607724.763   458 1216365.526  1216395.050  1219844.313
 24  F81+F+R8      607631.501   460 1216183.002  1216212.787  1219676.979
 25  F81+F+R9      607572.328   462 1216068.656  1216098.705  1219577.824
 26  F81+F+R10     607532.609   464 1215993.218  1216023.532  1219517.577
 27  K2P           637264.458   444 1275416.915  1275444.636  1278789.363
 28  K2P+I         631262.718   445 1263415.435  1263443.283  1266795.479
 29  K2P+G4        589712.074   445 1180314.148  1180341.995  1183694.191
 30  K2P+I+G4      589500.173   446 1179892.347  1179920.322  1183279.986
 31  K2P+R2        599793.717   446 1200479.434  1200507.408  1203867.073
 32  K2P+R3        591855.865   448 1184607.729  1184635.959  1188010.560
 33  K2P+R4        590439.685   450 1181779.370  1181807.856  1185197.391
 34  K2P+R5        589701.913   452 1180307.827  1180336.570  1183741.039
 35  K2P+R6        589282.689   454 1179473.378  1179502.380  1182921.781
 36  K2P+R7        589048.834   456 1179009.668  1179038.931  1182473.263
 37  K2P+R8        588909.393   458 1178734.786  1178764.310  1182213.573
 38  K2P+R9        588817.518   460 1178555.037  1178584.823  1182049.014
 39  K2P+R10       588754.072   462 1178432.145  1178462.194  1181941.313
 40  HKY+F         637362.373   447 1275618.747  1275646.849  1279013.981
 41  HKY+F+I       631327.882   448 1263551.764  1263579.994  1266954.594
 42  HKY+F+G4      589639.080   448 1180174.159  1180202.389  1183576.989
 43  HKY+F+I+G4    589423.049   449 1179744.097  1179772.455  1183154.523
 44  HKY+F+R2      599769.808   449 1200437.616  1200465.974  1203848.041
 45  HKY+F+R3      591789.023   451 1184480.046  1184508.661  1187905.663
 46  HKY+F+R4      590378.479   453 1181662.959  1181691.831  1185103.767
 47  HKY+F+R5      589634.931   455 1180179.862  1180208.994  1183635.861
 48  HKY+F+R6      589211.789   457 1179337.578  1179366.971  1182808.769
 49  HKY+F+R7      588975.738   459 1178869.477  1178899.131  1182355.858
 50  HKY+F+R8      588834.991   461 1178591.981  1178621.899  1182093.554
 51  HKY+F+R9      588742.073   463 1178410.147  1178440.328  1181926.911
 52  HKY+F+R10     588677.831   465 1178285.662  1178316.109  1181817.617
 53  TNe           636435.799   445 1273761.598  1273789.445  1277141.641
 54  TNe+I         630471.822   446 1261835.643  1261863.618  1265223.282
 55  TNe+G4        589134.256   446 1179160.513  1179188.488  1182548.152
 56  TNe+I+G4      588931.252   447 1178756.505  1178784.607  1182151.739
 57  TNe+R2        599413.309   447 1199720.617  1199748.719  1203115.852
 58  TNe+R3        591281.749   449 1183461.498  1183489.856  1186871.924
 59  TNe+R4        589904.387   451 1180710.774  1180739.389  1184136.391
 60  TNe+R5        589165.908   453 1179237.816  1179266.689  1182678.624
 61  TNe+R6        588745.695   455 1178401.389  1178430.522  1181857.389
 62  TNe+R7        588507.975   457 1177929.951  1177959.344  1181401.141
 63  TNe+R8        588365.312   459 1177648.623  1177678.278  1181135.005
 64  TNe+R9        588271.739   461 1177465.478  1177495.395  1180967.051
 65  TNe+R10       588207.040   463 1177340.080  1177370.262  1180856.844
 66  TN+F          636488.851   448 1273873.702  1273901.932  1277276.532
 67  TN+F+I        630488.648   449 1261875.296  1261903.654  1265285.722
 68  TN+F+G4       589004.744   449 1178907.488  1178935.846  1182317.914
 69  TN+F+I+G4     588797.641   450 1178495.283  1178523.769  1181913.304
 70  TN+F+R2       599356.419   450 1199612.838  1199641.324  1203030.859
 71  TN+F+R3       591163.610   452 1183231.220  1183259.963  1186664.432
 72  TN+F+R4       589792.060   454 1180492.120  1180521.122  1183940.523
 73  TN+F+R5       589048.082   456 1179008.164  1179037.427  1182471.759
 74  TN+F+R6       588622.232   458 1178160.464  1178189.987  1181639.250
 75  TN+F+R7       588381.010   460 1177682.020  1177711.806  1181175.997
 76  TN+F+R8       588236.445   462 1177396.890  1177426.939  1180906.058
 77  TN+F+R9       588141.498   464 1177210.996  1177241.310  1180735.356
 78  TN+F+R10      588075.747   466 1177083.495  1177114.074  1180623.045
 79  K3P           637221.093   445 1275332.186  1275360.034  1278712.229
 80  K3P+I         631219.129   446 1263330.258  1263358.233  1266717.897
 81  K3P+G4        589682.519   446 1180257.037  1180285.012  1183644.676
 82  K3P+I+G4      589470.872   447 1179835.745  1179863.847  1183230.979
 83  K3P+R2        599755.789   447 1200405.579  1200433.681  1203800.813
 84  K3P+R3        591825.586   449 1184549.171  1184577.529  1187959.597
 85  K3P+R4        590407.466   451 1181716.932  1181745.547  1185142.549
 86  K3P+R5        589670.572   453 1180247.145  1180276.018  1183687.953
 87  K3P+R6        589251.701   455 1179413.402  1179442.534  1182869.401
 88  K3P+R7        589018.092   457 1178950.184  1178979.577  1182421.375
 89  K3P+R8        588878.957   459 1178675.914  1178705.568  1182162.295
 90  K3P+R9        588787.152   461 1178496.304  1178526.221  1181997.876
 91  K3P+R10       588723.822   463 1178373.643  1178403.825  1181890.408
 92  K3Pu+F        637315.271   448 1275526.542  1275554.772  1278929.372
 93  K3Pu+F+I      631280.462   449 1263458.924  1263487.282  1266869.350
 94  K3Pu+F+G4     589606.507   449 1180111.014  1180139.372  1183521.440
 95  K3Pu+F+I+G4   589390.776   450 1179681.553  1179710.039  1183099.574
 96  K3Pu+F+R2     599728.207   450 1200356.414  1200384.900  1203774.435
 97  K3Pu+F+R3     591755.680   452 1184415.359  1184444.103  1187848.572
 98  K3Pu+F+R4     590343.092   454 1181594.184  1181623.186  1185042.588
 99  K3Pu+F+R5     589600.499   456 1180112.999  1180142.261  1183576.593
100  K3Pu+F+R6     589177.747   458 1179271.493  1179301.017  1182750.279
101  K3Pu+F+R7     588942.042   460 1178804.084  1178833.869  1182298.061
102  K3Pu+F+R8     588801.434   462 1178526.868  1178556.917  1182036.036
103  K3Pu+F+R9     588708.770   464 1178345.541  1178375.855  1181869.900
104  K3Pu+F+R10    588644.549   466 1178221.098  1178251.678  1181760.649
105  TPM2+F        636775.547   448 1274447.095  1274475.325  1277849.925
106  TPM2+F+I      630743.018   449 1262384.036  1262412.394  1265794.462
107  TPM2+F+G4     588854.562   449 1178607.124  1178635.482  1182017.550
108  TPM2+F+I+G4   588637.938   450 1178175.876  1178204.362  1181593.897
109  TPM2+F+R2     598919.525   450 1198739.051  1198767.537  1202157.072
110  TPM2+F+R3     591011.136   452 1182926.272  1182955.016  1186359.484
111  TPM2+F+R4     589594.568   454 1180097.135  1180126.138  1183545.539
112  TPM2+F+R5     588840.412   456 1178592.824  1178622.086  1182056.418
113  TPM2+F+R6     588416.542   458 1177749.084  1177778.608  1181227.870
114  TPM2+F+R7     588179.754   460 1177279.508  1177309.294  1180773.485
115  TPM2+F+R8     588038.059   462 1177000.118  1177030.167  1180509.287
116  TPM2+F+R9     587944.465   464 1176816.931  1176847.245  1180341.290
117  TPM2+F+R10    587879.752   466 1176691.503  1176722.083  1180231.054
118  TPM2u+F       636775.555   448 1274447.109  1274475.339  1277849.939
119  TPM2u+F+I     630743.030   449 1262384.060  1262412.418  1265794.486
120  TPM2u+F+G4    588854.566   449 1178607.133  1178635.491  1182017.558
121  TPM2u+F+I+G4  588637.934   450 1178175.868  1178204.354  1181593.889
122  TPM2u+F+R2    598919.533   450 1198739.066  1198767.552  1202157.087
123  TPM2u+F+R3    591011.135   452 1182926.270  1182955.014  1186359.482
124  TPM2u+F+R4    589594.579   454 1180097.157  1180126.160  1183545.561
125  TPM2u+F+R5    588840.406   456 1178592.812  1178622.074  1182056.407
126  TPM2u+F+R6    588416.539   458 1177749.077  1177778.601  1181227.863
127  TPM2u+F+R7    588179.714   460 1177279.429  1177309.214  1180773.406
128  TPM2u+F+R8    588038.047   462 1177000.094  1177030.143  1180509.262
129  TPM2u+F+R9    587944.435   464 1176816.870  1176847.184  1180341.230
130  TPM2u+F+R10   587879.744   466 1176691.488  1176722.068  1180231.039
131  TPM3+F        637295.643   448 1275487.287  1275515.516  1278890.117
132  TPM3+F+I      631283.529   449 1263465.059  1263493.417  1266875.485
133  TPM3+F+G4     589611.030   449 1180120.061  1180148.419  1183530.486
134  TPM3+F+I+G4   589396.919   450 1179693.838  1179722.324  1183111.859
135  TPM3+F+R2     599704.211   450 1200308.422  1200336.909  1203726.444
136  TPM3+F+R3     591760.410   452 1184424.820  1184453.564  1187858.033
137  TPM3+F+R4     590347.866   454 1181603.731  1181632.734  1185052.135
138  TPM3+F+R5     589604.485   456 1180120.971  1180150.233  1183584.566
139  TPM3+F+R6     589181.351   458 1179278.702  1179308.225  1182757.488
140  TPM3+F+R7     588945.228   460 1178810.456  1178840.242  1182304.433
141  TPM3+F+R8     588804.598   462 1178533.196  1178563.245  1182042.365
142  TPM3+F+R9     588711.794   464 1178351.588  1178381.902  1181875.948
143  TPM3+F+R10    588647.684   466 1178227.368  1178257.948  1181766.919
144  TPM3u+F       637295.637   448 1275487.275  1275515.505  1278890.105
145  TPM3u+F+I     631283.523   449 1263465.047  1263493.405  1266875.473
146  TPM3u+F+G4    589611.023   449 1180120.046  1180148.404  1183530.472
147  TPM3u+F+I+G4  589396.911   450 1179693.821  1179722.308  1183111.843
148  TPM3u+F+R2    599704.210   450 1200308.421  1200336.907  1203726.442
149  TPM3u+F+R3    591760.403   452 1184424.806  1184453.550  1187858.019
150  TPM3u+F+R4    590347.853   454 1181603.706  1181632.708  1185052.110
151  TPM3u+F+R5    589604.487   456 1180120.974  1180150.237  1183584.569
152  TPM3u+F+R6    589181.347   458 1179278.693  1179308.217  1182757.479
153  TPM3u+F+R7    588945.201   460 1178810.402  1178840.188  1182304.379
154  TPM3u+F+R8    588804.619   462 1178533.237  1178563.287  1182042.406
155  TPM3u+F+R9    588711.801   464 1178351.601  1178381.915  1181875.961
156  TPM3u+F+R10   588647.706   466 1178227.412  1178257.992  1181766.963
157  TIMe          636392.370   446 1273676.740  1273704.714  1277064.378
158  TIMe+I        630428.174   447 1261750.348  1261778.450  1265145.582
159  TIMe+G4       589105.436   447 1179104.872  1179132.974  1182500.107
160  TIMe+I+G4     588902.631   448 1178701.263  1178729.493  1182104.093
161  TIMe+R2       599375.897   448 1199647.794  1199676.024  1203050.624
162  TIMe+R3       591252.514   450 1183405.028  1183433.514  1186823.049
163  TIMe+R4       589872.821   452 1180649.641  1180678.385  1184082.854
164  TIMe+R5       589135.075   454 1179178.149  1179207.151  1182626.553
165  TIMe+R6       588715.596   456 1178343.192  1178372.455  1181806.787
166  TIMe+R7       588477.968   458 1177871.935  1177901.459  1181350.721
167  TIMe+R8       588335.696   460 1177591.391  1177621.177  1181085.368
168  TIMe+R9       588242.212   462 1177408.425  1177438.474  1180917.593
169  TIMe+R10      588177.541   464 1177283.081  1177313.395  1180807.441
170  TIM+F         636441.381   449 1273780.762  1273809.120  1277191.188
171  TIM+F+I       630440.828   450 1261781.655  1261810.141  1265199.677
172  TIM+F+G4      588971.951   450 1178843.903  1178872.389  1182261.924
173  TIM+F+I+G4    588765.202   451 1178432.405  1178461.020  1181858.022
174  TIM+F+R2      599314.763   451 1199531.526  1199560.140  1202957.142
175  TIM+F+R3      591130.534   453 1183167.068  1183195.941  1186607.876
176  TIM+F+R4      589756.519   455 1180423.038  1180452.171  1183879.038
177  TIM+F+R5      589013.417   457 1178940.834  1178970.226  1182412.024
178  TIM+F+R6      588588.270   459 1178094.541  1178124.195  1181580.923
179  TIM+F+R7      588347.113   461 1177616.227  1177646.144  1181117.800
180  TIM+F+R8      588203.033   463 1177332.066  1177362.247  1180848.830
181  TIM+F+R9      588108.082   465 1177146.165  1177176.612  1180678.120
182  TIM+F+R10     588042.517   467 1177019.033  1177049.747  1180566.180
183  TIM2e         635929.197   446 1272750.395  1272778.369  1276138.034
184  TIM2e+I       629966.646   447 1260827.292  1260855.394  1264222.526
185  TIM2e+G4      588409.976   447 1177713.952  1177742.054  1181109.187
186  TIM2e+I+G4    588203.751   448 1177303.502  1177331.732  1180706.332
187  TIM2e+R2      598638.965   448 1198173.929  1198202.159  1201576.759
188  TIM2e+R3      590563.172   450 1182026.345  1182054.831  1185444.366
189  TIM2e+R4      589183.469   452 1179270.938  1179299.682  1182704.151
190  TIM2e+R5      588433.799   454 1177775.598  1177804.601  1181224.002
191  TIM2e+R6      588010.027   456 1176932.053  1176961.316  1180395.648
192  TIM2e+R7      587769.601   458 1176455.202  1176484.725  1179933.988
193  TIM2e+R8      587625.522   460 1176171.044  1176200.830  1179665.021
194  TIM2e+R9      587531.036   462 1175986.071  1176016.121  1179495.240
195  TIM2e+R10     587465.652   464 1175859.304  1175889.618  1179383.663
196  TIM2+F        635931.998   449 1272761.996  1272790.353  1276172.421
197  TIM2+F+I      629933.695   450 1260767.391  1260795.877  1264185.412
198  TIM2+F+G4     588226.873   450 1177353.746  1177382.232  1180771.767
199  TIM2+F+I+G4   588016.553   451 1176935.106  1176963.721  1180360.723
200  TIM2+F+R2     598526.620   451 1197955.241  1197983.855  1201380.858
201  TIM2+F+R3     590390.943   453 1181687.885  1181716.758  1185128.693
202  TIM2+F+R4     589017.455   455 1178944.911  1178974.043  1182400.910
203  TIM2+F+R5     588262.186   457 1177438.373  1177467.765  1180909.563
204  TIM2+F+R6     587832.546   459 1176583.093  1176612.747  1180069.475
205  TIM2+F+R7     587588.646   461 1176099.292  1176129.209  1179600.865
206  TIM2+F+R8     587442.738   463 1175811.476  1175841.657  1179328.240
207  TIM2+F+R9     587346.637   465 1175623.275  1175653.721  1179155.230
208  TIM2+F+R10    587280.194   467 1175494.389  1175525.102  1179041.535
209  TIM3e         636254.671   446 1273401.341  1273429.316  1276788.980
210  TIM3e+I       630333.914   447 1261561.828  1261589.930  1264957.062
211  TIM3e+G4      589044.533   447 1178983.066  1179011.168  1182378.300
212  TIM3e+I+G4    588845.585   448 1178587.170  1178615.400  1181990.000
213  TIM3e+R2      599266.551   448 1199429.102  1199457.332  1202831.932
214  TIM3e+R3      591191.387   450 1183282.774  1183311.261  1186700.796
215  TIM3e+R4      589810.174   452 1180524.347  1180553.091  1183957.560
216  TIM3e+R5      589070.480   454 1179048.960  1179077.962  1182497.363
217  TIM3e+R6      588651.647   456 1178215.294  1178244.556  1181678.889
218  TIM3e+R7      588413.954   458 1177743.909  1177773.432  1181222.695
219  TIM3e+R8      588271.340   460 1177462.681  1177492.467  1180956.658
220  TIM3e+R9      588177.825   462 1177279.651  1177309.700  1180788.819
221  TIM3e+R10     588113.140   464 1177154.279  1177184.593  1180678.639
222  TIM3+F        636421.416   449 1273740.832  1273769.190  1277151.257
223  TIM3+F+I      630444.591   450 1261789.181  1261817.667  1265207.202
224  TIM3+F+G4     588977.124   450 1178854.248  1178882.734  1182272.269
225  TIM3+F+I+G4   588772.011   451 1178446.022  1178474.637  1181871.639
226  TIM3+F+R2     599289.668   451 1199481.336  1199509.951  1202906.953
227  TIM3+F+R3     591136.110   453 1183178.221  1183207.094  1186619.029
228  TIM3+F+R4     589761.514   455 1180433.027  1180462.160  1183889.027
229  TIM3+F+R5     589017.341   457 1178948.681  1178978.074  1182419.871
230  TIM3+F+R6     588592.476   459 1178102.952  1178132.607  1181589.334
231  TIM3+F+R7     588351.497   461 1177624.993  1177654.911  1181126.566
232  TIM3+F+R8     588207.030   463 1177340.061  1177370.242  1180856.825
233  TIM3+F+R9     588112.273   465 1177154.547  1177184.994  1180686.502
234  TIM3+F+R10    588046.699   467 1177027.397  1177058.111  1180574.544
235  TVMe          636529.144   447 1273952.288  1273980.390  1277347.522
236  TVMe+I        630569.478   448 1262034.956  1262063.186  1265437.786
237  TVMe+G4       588885.513   448 1178667.026  1178695.256  1182069.856
238  TVMe+I+G4     588677.730   449 1178253.459  1178281.817  1181663.885
239  TVMe+R2       598844.181   449 1198586.362  1198614.720  1201996.788
240  TVMe+R3       591038.367   451 1182978.735  1183007.350  1186404.352
241  TVMe+R4       589610.114   453 1180126.228  1180155.101  1183567.036
242  TVMe+R5       588861.043   455 1178632.085  1178661.217  1182088.084
243  TVMe+R6       588442.005   457 1177798.010  1177827.403  1181269.201
244  TVMe+R7       588206.694   459 1177331.387  1177361.042  1180817.769
245  TVMe+R8       588066.359   461 1177054.717  1177084.634  1180556.290
246  TVMe+R9       587974.004   463 1176874.009  1176904.190  1180390.773
247  TVMe+R10      587910.377   465 1176750.753  1176781.200  1180282.708
248  TVM+F         636685.352   450 1274270.703  1274299.190  1277688.725
249  TVM+F+I       630674.517   451 1262251.033  1262279.648  1265676.650
250  TVM+F+G4      588819.198   451 1178540.397  1178569.012  1181966.014
251  TVM+F+I+G4    588604.855   452 1178113.711  1178142.454  1181546.923
252  TVM+F+R2      598839.638   452 1198583.276  1198612.020  1202016.488
253  TVM+F+R3      590975.920   454 1182859.839  1182888.842  1186308.243
254  TVM+F+R4      589555.274   456 1180022.548  1180051.810  1183486.143
255  TVM+F+R5      588801.758   458 1178519.516  1178549.039  1181998.302
256  TVM+F+R6      588378.425   460 1177676.849  1177706.635  1181170.826
257  TVM+F+R7      588141.282   462 1177206.564  1177236.614  1180715.733
258  TVM+F+R8      588000.126   464 1176928.251  1176958.565  1180452.611
259  TVM+F+R9      587906.544   466 1176745.089  1176775.669  1180284.640
260  TVM+F+R10     587842.141   468 1176620.282  1176651.129  1180175.025
261  SYM           635729.767   448 1272355.534  1272383.764  1275758.364
262  SYM+I         629809.553   449 1260517.105  1260545.463  1263927.531
263  SYM+G4        588312.780   449 1177523.560  1177551.918  1180933.985
264  SYM+I+G4      588110.963   450 1177121.925  1177150.412  1180539.947
265  SYM+R2        598478.050   450 1197856.099  1197884.585  1201274.120
266  SYM+R3        590466.942   452 1181837.883  1181866.627  1185271.096
267  SYM+R4        589080.628   454 1179069.257  1179098.259  1182517.660
268  SYM+R5        588330.527   456 1177573.054  1177602.316  1181036.648
269  SYM+R6        587907.913   458 1176731.826  1176761.350  1180210.612
270  SYM+R7        587667.578   460 1176255.155  1176284.941  1179749.133
271  SYM+R8        587524.049   462 1175972.098  1176002.147  1179481.267
272  SYM+R9        587429.249   464 1175786.499  1175816.813  1179310.858
273  SYM+R10       587364.122   466 1175660.243  1175690.823  1179199.794
274  GTR+F         635841.266   451 1272584.532  1272613.147  1276010.149
275  GTR+F+I       629865.480   452 1260634.959  1260663.703  1264068.172
276  GTR+F+G4      588192.073   452 1177288.147  1177316.891  1180721.359
277  GTR+F+I+G4    587983.975   453 1176873.949  1176902.822  1180314.757
278  GTR+F+R2      598445.500   453 1197797.000  1197825.872  1201237.808
279  GTR+F+R3      590356.622   455 1181623.244  1181652.376  1185079.243
280  GTR+F+R4      588978.135   457 1178870.269  1178899.662  1182341.460
281  GTR+F+R5      588222.892   459 1177363.783  1177393.438  1180850.165
282  GTR+F+R6      587795.031   461 1176512.062  1176541.980  1180013.635
283  GTR+F+R7      587550.921   463 1176027.842  1176058.024  1179544.606
284  GTR+F+R8      587405.497   465 1175740.993  1175771.440  1179272.948
285  GTR+F+R9      587309.970   467 1175553.939  1175584.653  1179101.086
286  GTR+F+R10     587243.782   469 1175425.565  1175456.546  1178987.902
Akaike Information Criterion:           GTR+F+R10
Corrected Akaike Information Criterion: GTR+F+R10
Bayesian Information Criterion:         GTR+F+R10
Best-fit model: GTR+F+R10 chosen according to BIC

All model information printed to sapo_align.fasta.model.gz
CPU time for ModelFinder: 11210.888 seconds (3h:6m:50s)
Wall-clock time for ModelFinder: 14746.272 seconds (4h:5m:46s)
Generating 1000 samples for ultrafast bootstrap (seed: 822721)...

NOTE: 714 MB RAM (0 GB) is required!
Estimate model parameters (epsilon = 0.100)
1. Initial log-likelihood: -608208.423
2. Current log-likelihood: -587608.874
3. Current log-likelihood: -587243.377
4. Current log-likelihood: -587235.550
5. Current log-likelihood: -587234.728
6. Current log-likelihood: -587234.471
7. Current log-likelihood: -587234.268
8. Current log-likelihood: -587234.136
9. Current log-likelihood: -587234.009
Optimal log-likelihood: -587233.916
Rate parameters:  A-C: 1.81019  A-G: 4.31415  A-T: 1.55121  C-G: 1.02559  C-T: 6.17377  G-T: 1.00000
Base frequencies:  A: 0.248  C: 0.261  G: 0.253  T: 0.238
Site proportion and rates:  (0.138,0.049) (0.101,0.182) (0.101,0.302) (0.112,0.416) (0.093,0.572) (0.073,0.741) (0.069,0.989) (0.063,1.287) (0.113,1.941) (0.136,3.089)
Parameters optimization took 9 rounds (326.840 sec)
Computing ML distances based on estimated model parameters... 5.015 sec
Computing BIONJ tree...
0.023 seconds
Log-likelihood of BIONJ tree: -589934.408
--------------------------------------------------------------------
|             INITIALIZING CANDIDATE TREE SET                      |
--------------------------------------------------------------------
Generating 98 parsimony trees... 22.242 second
Computing log-likelihood of 98 initial trees ... 269.830 seconds
Current best score: -587233.916

Do NNI search on 20 best initial trees
Estimate model parameters (epsilon = 0.100)
BETTER TREE FOUND at iteration 1: -587121.627
Estimate model parameters (epsilon = 0.100)
BETTER TREE FOUND at iteration 2: -587049.050
Estimate model parameters (epsilon = 0.100)
BETTER TREE FOUND at iteration 5: -587033.307
Iteration 10 / LogL: -587033.577 / Time: 0h:19m:11s
Iteration 20 / LogL: -587033.576 / Time: 0h:23m:53s
Finish initializing candidate tree set (5)
Current best tree score: -587033.307 / CPU time: 1085.957
Number of iterations: 20
--------------------------------------------------------------------
|               OPTIMIZING CANDIDATE TREE SET                      |
--------------------------------------------------------------------
Iteration 30 / LogL: -587614.760 / Time: 0h:30m:16s (1h:18m:17s left)
Iteration 40 / LogL: -587033.766 / Time: 0h:36m:15s (1h:0m:25s left)
Iteration 50 / LogL: -587121.084 / Time: 0h:41m:45s (0h:46m:52s left)
Log-likelihood cutoff on original alignment: -587160.942
Iteration 60 / LogL: -587519.172 / Time: 0h:46m:29s (0h:35m:27s left)
Iteration 70 / LogL: -587185.876 / Time: 0h:51m:32s (0h:26m:8s left)
Iteration 80 / LogL: -587039.850 / Time: 0h:56m:46s (0h:17m:57s left)
Iteration 90 / LogL: -587093.102 / Time: 1h:1m:57s (0h:10m:26s left)
Iteration 100 / LogL: -587625.647 / Time: 1h:7m:5s (0h:3m:23s left)
Log-likelihood cutoff on original alignment: -587160.942
NOTE: Bootstrap correlation coefficient of split occurrence frequencies: 0.999
TREE SEARCH COMPLETED AFTER 106 ITERATIONS / Time: 1h:10m:29s

--------------------------------------------------------------------
|                    FINALIZING TREE SEARCH                        |
--------------------------------------------------------------------
Performs final model parameters optimization
Estimate model parameters (epsilon = 0.010)
1. Initial log-likelihood: -587033.307
2. Current log-likelihood: -587033.242
3. Current log-likelihood: -587033.184
4. Current log-likelihood: -587033.159
5. Current log-likelihood: -587033.136
6. Current log-likelihood: -587033.110
7. Current log-likelihood: -587033.081
8. Current log-likelihood: -587033.063
9. Current log-likelihood: -587033.044
10. Current log-likelihood: -587032.998
11. Current log-likelihood: -587032.987
Optimal log-likelihood: -587032.984
Rate parameters:  A-C: 1.82762  A-G: 4.35076  A-T: 1.56486  C-G: 1.03612  C-T: 6.24758  G-T: 1.00000
Base frequencies:  A: 0.248  C: 0.261  G: 0.253  T: 0.238
Site proportion and rates:  (0.139,0.049) (0.111,0.186) (0.095,0.315) (0.111,0.419) (0.089,0.573) (0.074,0.743) (0.070,0.990) (0.062,1.284) (0.113,1.941) (0.137,3.094)
Parameters optimization took 11 rounds (94.467 sec)
BEST SCORE FOUND : -587032.984
Creating bootstrap support values...
Split supports printed to NEXUS file sapo_align.fasta.splits.nex
Total tree length: 50.389

Total number of iterations: 106
CPU time used for tree search: 3865.337 sec (1h:4m:25s)
Wall-clock time used for tree search: 3881.394 sec (1h:4m:41s)
Total CPU time used: 4303.780 sec (1h:11m:43s)
Total wall-clock time used: 4324.381 sec (1h:12m:4s)

Computing bootstrap consensus tree...
Reading input file sapo_align.fasta.splits.nex...
223 taxa and 548 splits.
Consensus tree written to sapo_align.fasta.contree
Reading input trees file sapo_align.fasta.contree
Log-likelihood of consensus tree: -587032.974

Analysis results written to: 
  IQ-TREE report:                sapo_align.fasta.iqtree
  Maximum-likelihood tree:       sapo_align.fasta.treefile
  Likelihood distances:          sapo_align.fasta.mldist

Ultrafast bootstrap approximation results written to:
  Split support values:          sapo_align.fasta.splits.nex
  Consensus tree:                sapo_align.fasta.contree
  Screen log file:               sapo_align.fasta.log

Date and Time: Sun Jun 15 22:02:21 2025
