
RAxML-NG v. 1.1.0-master released on 22.06.2022 by The Exelixis Lab.
Developed by: Alexey M. Kozlov and Alexandros Stamatakis.
Contributors: Diego Darriba, Tomas Flouri, Benoit Morel, Sarah Lutteropp, Ben Bettisworth.
Latest version: https://github.com/amkozlov/raxml-ng
Questions/problems/suggestions? Please visit: https://groups.google.com/forum/#!forum/raxml

System: Intel(R) Xeon(R) CPU E5-2680 v4 @ 2.40GHz, 28 cores, 251 GB RAM

RAxML-NG was called at 14-Aug-2023 22:04:08 as follows:

raxml-ng-mpi --bsconverge --bs-trees allbootstraps --prefix T100 --seed 2 --threads 2 --bs-cutoff 0.03

Analysis options:
  run mode: A posteriori bootstrap convergence test
  start tree(s): 
  random seed: 2
  SIMD kernels: AVX2
  parallelization: coarse-grained (auto), PTHREADS (2 threads), thread pinning: ON

Reading bootstrap trees from file: allbootstraps
Loaded 357 trees with 179 taxa.

Performing bootstrap convergence assessment using autoMRE criterion

 # trees        avg WRF       avg WRF in %       # perms: wrf <= 3.00 %     converged?  
      50        283.805              3.225                          377        NO
     100        395.419              2.247                          944        NO
     150        579.008              2.193                          974        NO
     200        783.770              2.227                          951        NO
     250        863.315              1.962                          996        YES
Bootstopping test converged after 250 trees


Execution log saved to: /home/gkettenburg/RAxML_tree/picornaviridae/T100.raxml.log

Analysis started: 14-Aug-2023 22:04:08 / finished: 14-Aug-2023 22:04:12

Elapsed time: 4.668 seconds

Consumed energy: 0.151 Wh

