
RAxML-NG v. 1.1.0-master released on 22.06.2022 by The Exelixis Lab.
Developed by: Alexey M. Kozlov and Alexandros Stamatakis.
Contributors: Diego Darriba, Tomas Flouri, Benoit Morel, Sarah Lutteropp, Ben Bettisworth.
Latest version: https://github.com/amkozlov/raxml-ng
Questions/problems/suggestions? Please visit: https://groups.google.com/forum/#!forum/raxml

System: Intel(R) Xeon(R) CPU E5-2680 v4 @ 2.40GHz, 28 cores, 62 GB RAM

RAxML-NG was called at 14-Aug-2023 10:40:04 as follows:

raxml-ng-mpi --bootstrap --msa picornaviridae_refseq_align.fasta --model GTR+G4 --prefix T3 --seed 2 --threads auto{9}

Analysis options:
  run mode: Bootstrapping
  start tree(s): 
  bootstrap replicates: max: 1000 + bootstopping (autoMRE, cutoff: 0.030000)
  random seed: 2
  tip-inner: OFF
  pattern compression: ON
  per-rate scalers: OFF
  site repeats: ON
  branch lengths: proportional (ML estimate, algorithm: NR-FAST)
  SIMD kernels: AVX2
  parallelization: coarse-grained (auto), PTHREADS (auto)

[00:00:04] Reading alignment from file: picornaviridae_refseq_align.fasta
[00:00:06] Loaded alignment with 179 taxa and 45306 sites

Alignment comprises 1 partitions and 25067 patterns

Partition 0: noname
Model: GTR+FO+G4m
Alignment sites / patterns: 45306 / 25067
Gaps: 82.53 %
Invariant sites: 46.68 %


NOTE: Binary MSA file created: T3.raxml.rba

Parallelization scheme autoconfig: 1 worker(s) x 9 thread(s)

Parallel reduction/worker buffer size: 1 KB  / 0 KB

[00:00:06] Data distribution: max. partitions/sites/weight per thread: 1 / 2786 / 44576
[00:00:08] Data distribution: max. searches per worker: 1000
[00:00:08] Starting bootstrapping analysis with 1000 replicates.

[00:09:42] Bootstrap tree #1, logLikelihood: -1362832.638854
[00:20:37] Bootstrap tree #2, logLikelihood: -1372871.553343
[00:30:42] Bootstrap tree #3, logLikelihood: -1357468.502513
[00:42:03] Bootstrap tree #4, logLikelihood: -1347349.444124
[00:53:01] Bootstrap tree #5, logLikelihood: -1358155.410488
[01:03:55] Bootstrap tree #6, logLikelihood: -1354486.553995
[01:13:43] Bootstrap tree #7, logLikelihood: -1363990.829604
[01:22:52] Bootstrap tree #8, logLikelihood: -1364490.210665
[01:35:47] Bootstrap tree #9, logLikelihood: -1354607.362677
[01:48:30] Bootstrap tree #10, logLikelihood: -1336117.577561
[01:59:28] Bootstrap tree #11, logLikelihood: -1363268.506504
[02:09:48] Bootstrap tree #12, logLikelihood: -1349572.627630
[02:21:43] Bootstrap tree #13, logLikelihood: -1353524.545083
[02:33:08] Bootstrap tree #14, logLikelihood: -1361739.065120
[02:46:13] Bootstrap tree #15, logLikelihood: -1363578.418513
[02:57:19] Bootstrap tree #16, logLikelihood: -1339956.411567
[03:09:07] Bootstrap tree #17, logLikelihood: -1359540.598302
[03:20:40] Bootstrap tree #18, logLikelihood: -1360805.486872
[03:34:04] Bootstrap tree #19, logLikelihood: -1367147.493328
[03:47:32] Bootstrap tree #20, logLikelihood: -1370573.446569
[04:00:55] Bootstrap tree #21, logLikelihood: -1347031.698766
[04:11:39] Bootstrap tree #22, logLikelihood: -1348790.535860
[04:21:39] Bootstrap tree #23, logLikelihood: -1365035.497470
[04:32:11] Bootstrap tree #24, logLikelihood: -1343049.154541
[04:43:10] Bootstrap tree #25, logLikelihood: -1363465.986497
[04:52:44] Bootstrap tree #26, logLikelihood: -1365942.377664
[05:01:51] Bootstrap tree #27, logLikelihood: -1339664.326935
[05:14:05] Bootstrap tree #28, logLikelihood: -1344685.447376
[05:24:40] Bootstrap tree #29, logLikelihood: -1333968.336673
[05:37:07] Bootstrap tree #30, logLikelihood: -1362203.311252
[05:48:36] Bootstrap tree #31, logLikelihood: -1351968.350011
[05:59:37] Bootstrap tree #32, logLikelihood: -1338639.940050
[06:10:01] Bootstrap tree #33, logLikelihood: -1345999.125861
[06:20:07] Bootstrap tree #34, logLikelihood: -1349240.629974
[06:32:06] Bootstrap tree #35, logLikelihood: -1361506.181665
[06:45:12] Bootstrap tree #36, logLikelihood: -1359560.155088
[07:00:08] Bootstrap tree #37, logLikelihood: -1374097.506984
[07:11:31] Bootstrap tree #38, logLikelihood: -1363504.290737
[07:21:50] Bootstrap tree #39, logLikelihood: -1338990.655633
[07:31:45] Bootstrap tree #40, logLikelihood: -1348191.616780
[07:41:15] Bootstrap tree #41, logLikelihood: -1340923.116372
[07:50:56] Bootstrap tree #42, logLikelihood: -1352374.068804
[08:07:15] Bootstrap tree #43, logLikelihood: -1338565.634493
[08:18:11] Bootstrap tree #44, logLikelihood: -1380210.595402
[08:31:30] Bootstrap tree #45, logLikelihood: -1358734.531829
[08:42:00] Bootstrap tree #46, logLikelihood: -1340014.456462
[08:53:18] Bootstrap tree #47, logLikelihood: -1356914.379161
[09:05:09] Bootstrap tree #48, logLikelihood: -1348492.974995
[09:16:37] Bootstrap tree #49, logLikelihood: -1341026.796360
[09:26:39] Bootstrap tree #50, logLikelihood: -1360743.343523
[09:37:03] Bootstrap tree #51, logLikelihood: -1344403.995790
[09:49:05] Bootstrap tree #52, logLikelihood: -1361809.959161
[10:01:52] Bootstrap tree #53, logLikelihood: -1354661.985254
[10:13:02] Bootstrap tree #54, logLikelihood: -1350049.304954
[10:23:32] Bootstrap tree #55, logLikelihood: -1348053.448930
[10:34:22] Bootstrap tree #56, logLikelihood: -1372812.893887
[10:47:01] Bootstrap tree #57, logLikelihood: -1354639.482151
[10:57:31] Bootstrap tree #58, logLikelihood: -1355254.742747
[11:07:54] Bootstrap tree #59, logLikelihood: -1368469.722478
[11:21:08] Bootstrap tree #60, logLikelihood: -1344335.192450
