IQ-TREE multicore version 1.6.12 for Mac OS X 64-bit built Aug 15 2019
Developed by Bui Quang Minh, Nguyen Lam Tung, Olga Chernomor,
Heiko Schmidt, Dominik Schrempf, Michael Woodhams.

Host:    Gwenddolens-MacBook-Air.local (SSE4.2, 16 GB RAM)
Command: bin/iqtree -s kobu_align.fasta -bb 1000
Seed:    66760 (Using SPRNG - Scalable Parallel Random Number Generator)
Time:    Sun Jun 15 16:42:16 2025
Kernel:  SSE2 - 1 threads (10 CPU cores detected)

HINT: Use -nt option to specify number of threads because your CPU has 10 cores!
HINT: -nt AUTO will automatically determine the best number of threads to use.

Reading alignment file kobu_align.fasta ... Fasta format detected
Alignment most likely contains DNA/RNA sequences
Alignment has 183 sequences with 13526 columns, 9031 distinct patterns
7479 parsimony-informative, 1804 singleton sites, 4243 constant sites
             Gap/Ambiguity  Composition  p-value
   1  DQ028632.1    38.89%    failed      0.00%
   2  FJ890523.1    39.05%    failed      0.00%
   3  MT766372.1    39.14%    failed      0.00%
   4  OP255993.1    38.99%    failed      0.00%
   5  NC_001918.1   39.00%    failed      0.00%
   6  NC_074775.1   38.78%    failed      0.00%
   7  OQ121963.1    39.17%    failed      0.00%
   8  JF755427.1    39.39%    failed      0.00%
   9  NC_015936.1   39.39%    failed      0.00%
  10  KY855436.1    38.76%    failed      0.00%
  11  OM140655.1    39.11%    failed      0.09%
  12  JN088541.1    38.72%    failed      0.00%
  13  JQ911763.1    39.26%    failed      0.00%
  14  OP093967.1    39.26%    failed      0.00%
  15  MN449341.1    39.21%    failed      0.00%
  16  NC_034971.1   39.26%    failed      0.00%
  17  KF924623.1    38.53%    failed      0.00%
  18  KC161964.1    39.29%    failed      0.00%
  19  MN337880.1    38.55%    failed      0.00%
  20  KM068048.1    38.54%    failed      0.00%
  21  KM068049.1    38.54%    failed      0.00%
  22  KM068050.1    38.54%    failed      0.00%
  23  KM068051.1    38.54%    failed      0.00%
  24  MH747478.1    38.55%    failed      0.00%
  25  OP093966.1    39.31%    failed      0.00%
  26  OP093968.1    39.31%    failed      0.00%
  27  KF831027.1    39.24%    failed      0.00%
  28  KJ958930.1    38.70%    failed      0.00%
  29  LC721036.1    41.34%    failed      0.00%
  30  KM091960.1    39.24%    failed      0.00%
  31  MF598159.1    39.89%    failed      0.00%
  32  MK671314.1    38.72%    failed      0.00%
  33  MK671315.1    38.72%    failed      0.00%
  34  ON595848.1    39.53%    failed      0.00%
  35  ON595850.1    42.30%    failed      0.00%
  36  ON595851.1    44.65%    failed      0.00%
  37  ON595849.1    38.73%    failed      0.00%
  38  ON595852.1    39.45%    failed      0.00%
  39  MF947429.1    53.13%    passed     11.21%
  40  MF947432.1    53.05%    passed     13.81%
  41  MF947439.1    53.02%    passed     10.69%
  42  MF947435.1    53.33%    passed      7.63%
  43  MF947436.1    56.15%    passed     23.87%
  44  MF947434.1    53.33%    passed      8.96%
  45  MF947440.1    53.02%    passed      9.85%
  46  MF947438.1    49.29%    failed      2.47%
  47  MF947437.1    49.29%    failed      2.81%
  48  OR867090.1    70.27%    failed      1.30%
  49  OR951219.1    45.65%    failed      1.87%
  50  OR951256.1    44.46%    failed      1.40%
  51  OR951222.1    68.39%    passed     59.51%
  52  OR951245.1    43.07%    passed     11.10%
  53  OR951363.1    67.48%    passed     61.04%
  54  OR951365.1    43.95%    passed     54.69%
  55  OR951364.1    52.68%    passed     76.78%
  56  MF947430.1    58.46%    failed      0.00%
  57  MF947431.1    58.10%    failed      0.00%
  58  OR951211.1    48.89%    failed      0.00%
  59  OR951267.1    44.41%    failed      0.00%
  60  MF947433.1    60.13%    failed      0.00%
  61  OR951250.1    59.24%    failed      0.00%
  62  OR951253.1    43.22%    failed      0.00%
  63  OR951260.1    41.81%    failed      0.00%
  64  OR951262.1    44.56%    failed      0.00%
  65  MN116647.1    38.87%    failed      0.09%
  66  OP094599.1    38.72%    passed     49.88%
  67  OQ363763.1    39.43%    passed     31.68%
  68  OP287812.1    38.91%    failed      0.00%
  69  OQ818322.1    38.05%    failed      0.02%
  70  PP766449      90.49%    passed     10.43%
  71  PP766456      39.17%    failed      0.00%
  72  PP766451      79.03%    failed      2.70%
  73  KJ934637.1    39.00%    failed      3.07%
  74  EU787450.2    39.30%    failed      0.69%
  75  NC_011829.1   39.30%    failed      0.69%
  76  GQ249161.1    39.30%    failed      0.24%
  77  MN807751.1    41.22%    failed      0.00%
  78  GU292559.1    39.30%    failed      0.39%
  79  JQ692069.1    39.19%    failed      0.02%
  80  KC414936.1    39.30%    failed      0.07%
  81  KC424638.1    39.30%    failed      0.02%
  82  KC424639.1    39.96%    failed      0.50%
  83  KC424640.1    39.96%    failed      0.04%
  84  LT898428.1    40.74%    failed      1.29%
  85  OM274028.1    39.01%    failed      0.13%
  86  MF506730.1    39.73%    failed      0.04%
  87  MT211964.1    40.00%    failed      0.47%
  88  MZ334483.1    39.44%    failed      0.04%
  89  OQ595081.1    39.71%    failed      0.03%
  90  OK315318.1    39.78%    failed      0.07%
  91  JX177612.1    39.30%    failed      0.15%
  92  MK962320.1    39.30%    failed      0.00%
  93  MK962335.1    39.30%    failed      0.27%
  94  MK962336.1    39.30%    failed      0.27%
  95  ON792976.1    39.30%    failed      0.27%
  96  MK962323.1    39.30%    failed      0.07%
  97  MK962327.1    39.30%    failed      0.04%
  98  MK962329.1    39.30%    failed      0.00%
  99  MK962331.1    39.30%    failed      0.03%
 100  MK962321.1    39.30%    failed      0.02%
 101  MK962330.1    39.30%    failed      0.03%
 102  MK962334.1    39.30%    failed      0.50%
 103  ON792975.1    39.30%    failed      0.50%
 104  ON792977.1    39.30%    failed      0.10%
 105  MK962332.1    39.30%    failed      0.25%
 106  MK962333.1    39.30%    failed      0.08%
 107  MK962322.1    39.30%    failed      0.03%
 108  MK962324.1    39.30%    failed      0.01%
 109  MK962326.1    39.30%    failed      0.24%
 110  MK962325.1    39.30%    failed      0.32%
 111  MK962328.1    39.30%    failed      0.03%
 112  JX401523.1    39.95%    failed      2.65%
 113  KF539763.1    39.75%    failed      0.92%
 114  KM051987.1    39.78%    failed      0.10%
 115  ON007233.1    39.00%    failed      0.01%
 116  KJ452348.1    39.94%    failed      0.02%
 117  MT125682.1    39.75%    failed      0.01%
 118  MT125684.1    39.08%    failed      0.03%
 119  MT125683.1    39.77%    failed      0.01%
 120  NC_016769.1   39.30%    failed      0.15%
 121  KP144318.1    39.27%    failed      0.86%
 122  NC_027054.1   39.96%    failed      0.16%
 123  KC204684.1    39.77%    failed      0.05%
 124  OM274025.1    39.53%    failed      0.01%
 125  MT125685.1    39.13%    failed      0.05%
 126  KY234499.1    39.95%    failed      0.08%
 127  OM274026.1    39.66%    failed      0.06%
 128  OM274027.1    39.66%    failed      0.17%
 129  KF695124.1    39.97%    failed      2.10%
 130  KY234500.1    39.97%    failed      0.07%
 131  KM977675.1    39.73%    failed      0.06%
 132  LC210621.1    40.01%    failed      0.00%
 133  MN604700.1    39.83%    failed      0.16%
 134  NC_023422.1   38.60%    failed      0.03%
 135  MT584793.1    40.08%    failed      0.01%
 136  OR682616.1    39.73%    failed      0.01%
 137  OR682617.1    39.40%    failed      0.02%
 138  OQ808805.1    39.32%    failed      0.03%
 139  GU245693.2    38.06%    passed     86.47%
 140  KY407744.1    38.50%    passed      5.70%
 141  MN336260.1    38.36%    passed     20.34%
 142  MW605074.1    38.42%    passed     17.97%
 143  NC_004421.1   38.09%    passed     61.61%
 144  OP805596.1    38.63%    failed      1.81%
 145  OP805598.1    38.86%    failed      2.13%
 146  OP805597.1    38.75%    failed      2.55%
 147  MZ603734.1    38.07%    failed      3.61%
 148  ON075050.1    38.49%    passed      5.47%
 149  ON168741.1    38.72%    failed      1.03%
 150  OP920760.1    38.65%    failed      0.51%
 151  ON168742.1    38.72%    failed      2.20%
 152  ON075051.1    38.66%    failed      1.65%
 153  ON075053.1    37.73%    passed     12.73%
 154  ON168739.1    38.45%    passed      6.37%
 155  ON075055.1    38.39%    failed      1.78%
 156  ON075054.1    38.27%    failed      1.81%
 157  ON075056.1    38.53%    failed      0.76%
 158  ON168738.1    38.12%    failed      3.97%
 159  ON075052.1    38.10%    failed      0.96%
 160  ON168737.1    38.23%    failed      2.25%
 161  OK019998.1    38.49%    passed     10.46%
 162  ON168740.1    38.72%    failed      4.47%
 163  MW296158.1    37.27%    failed      0.01%
 164  OP376931.1    37.45%    failed      0.00%
 165  NC_027918.1   37.19%    failed      0.03%
 166  OQ267712.1    37.22%    failed      0.15%
 167  OP776109.1    37.28%    failed      3.79%
 168  OP776110.1    37.28%    passed      9.05%
 169  OP776111.1    37.33%    failed      4.91%
 170  ON730709.1    37.73%    failed      0.00%
 171  OQ758029.1    37.56%    failed      0.00%
 172  NC_027919.1   40.21%    failed      3.51%
 173  KJ641686.1    44.14%    failed      0.00%
 174  OR951344.1    54.49%    failed      0.00%
 175  OR951282.1    42.67%    failed      0.27%
 176  OR951330.1    54.79%    failed      0.13%
 177  OR951348.1    53.50%    failed      0.75%
 178  OR951280.1    44.24%    passed      9.33%
 179  KJ641691.1    46.19%    failed      0.00%
 180  OR867088.1    58.78%    failed      0.00%
 181  KT325852.1    38.16%    failed      0.00%
 182  NC_001547.1   13.48%    failed      0.00%
 183  NC_026314.1   41.94%    failed      0.00%
WARNING: 21 sequences contain more than 50% gaps/ambiguity
****  TOTAL         41.88%  157 sequences failed composition chi2 test (p-value<5%; df=3)
NOTE: NC_015936.1 is identical to JF755427.1 but kept for subsequent analysis
NOTE: OP093967.1 is identical to JQ911763.1 but kept for subsequent analysis
NOTE: NC_011829.1 is identical to EU787450.2 but kept for subsequent analysis
NOTE: MK962336.1 is identical to MK962335.1 but kept for subsequent analysis
NOTE: ON792975.1 is identical to MK962334.1 but kept for subsequent analysis
NOTE: 1 identical sequences (see below) will be ignored for subsequent analysis
NOTE: ON792976.1 (identical to MK962335.1) is ignored but added at the end

For your convenience alignment with unique sequences printed to kobu_align.fasta.uniqueseq.phy


Create initial parsimony tree by phylogenetic likelihood library (PLL)... 0.271 seconds
NOTE: ModelFinder requires 567 MB RAM!
ModelFinder will test 286 DNA models (sample size: 13526) ...
 No. Model         -LnL         df  AIC          AICc         BIC
  1  JC            458048.635   361 916819.269   916839.124   919531.235
  2  JC+I          452848.764   362 906421.528   906441.494   909141.005
  3  JC+G4         416739.263   362 834202.526   834222.492   836922.004
  4  JC+I+G4       416667.785   363 834061.570   834081.648   836788.560
  5  JC+R2         422727.807   363 846181.615   846201.693   848908.605
  6  JC+R3         419006.281   365 838742.561   838762.863   841484.576
  7  JC+R4         417318.508   367 835371.016   835391.545   838128.056
  8  JC+R5         416629.838   369 833997.676   834018.432   836769.740
  9  JC+R6         416289.819   371 833321.638   833342.622   836108.727
 10  JC+R7         416106.422   373 832958.843   832980.057   835760.957
 11  JC+R8         415994.038   375 832738.077   832759.521   835555.215
 12  JC+R9         415930.563   377 832615.125   832636.802   835447.288
 13  JC+R10        415894.117   379 832546.234   832568.145   835393.422
 14  F81+F         455310.896   364 911349.793   911369.983   914084.295
 15  F81+F+I       449940.272   365 900610.544   900630.846   903352.558
 16  F81+F+G4      411769.478   365 824268.957   824289.259   827010.971
 17  F81+F+I+G4    411685.862   366 824103.724   824124.139   826853.251
 18  F81+F+R2      418385.982   366 837503.965   837524.380   840253.492
 19  F81+F+R3      414487.146   368 829710.292   829730.934   832474.844
 20  F81+F+R4      412568.955   370 825877.910   825898.780   828657.486
 21  F81+F+R5      411758.893   372 824261.786   824282.885   827056.388
 22  F81+F+R6      411343.697   374 823435.395   823456.724   826245.021
 23  F81+F+R7      411114.280   376 822980.560   823002.121   825805.211
 24  F81+F+R8      410975.491   378 822706.983   822728.777   825546.658
 25  F81+F+R9      410891.774   380 822543.548   822565.576   825398.249
 26  F81+F+R10     410839.835   382 822443.671   822465.934   825313.395
 27  K2P           435891.679   362 872507.359   872527.325   875226.836
 28  K2P+I         430447.094   363 861620.187   861640.265   864347.177
 29  K2P+G4        391960.135   363 784646.270   784666.347   787373.260
 30  K2P+I+G4      391899.528   364 784527.056   784547.246   787261.558
 31  K2P+R2        398748.270   364 798224.540   798244.730   800959.042
 32  K2P+R3        394814.303   366 790360.607   790381.022   793110.134
 33  K2P+R4        392904.460   368 786544.920   786565.562   789309.472
 34  K2P+R5        392064.911   370 784869.822   784890.692   787649.399
 35  K2P+R6        391618.676   372 783981.352   784002.450   786775.953
 36  K2P+R7        391360.885   374 783469.769   783491.098   786279.395
 37  K2P+R8        391199.324   376 783150.649   783172.210   785975.300
 38  K2P+R9        391097.216   378 782950.433   782972.226   785790.108
 39  K2P+R10       391031.039   380 782822.079   782844.107   785676.779
 40  HKY+F         434468.690   365 869667.380   869687.682   872409.394
 41  HKY+F+I       428983.426   366 858698.852   858719.267   861448.379
 42  HKY+F+G4      389947.590   366 780627.179   780647.595   783376.707
 43  HKY+F+I+G4    389886.253   367 780506.506   780527.035   783263.546
 44  HKY+F+R2      397062.762   367 794859.523   794880.051   797616.563
 45  HKY+F+R3      393096.661   369 786931.323   786952.078   789703.387
 46  HKY+F+R4      391060.935   371 782863.871   782884.855   785650.960
 47  HKY+F+R5      390158.919   373 781063.839   781085.053   783865.952
 48  HKY+F+R6      389671.799   375 780093.597   780115.042   782910.736
 49  HKY+F+R7      389386.782   377 779527.563   779549.241   782359.727
 50  HKY+F+R8      389205.569   379 779169.139   779191.050   782016.327
 51  HKY+F+R9      389089.035   381 778940.070   778962.216   781802.283
 52  HKY+F+R10     389010.951   383 778787.901   778810.283   781665.139
 53  TNe           432311.073   363 865348.146   865368.224   868075.136
 54  TNe+I         427212.332   364 855152.665   855172.855   857887.167
 55  TNe+G4        390567.053   364 781862.106   781882.296   784596.608
 56  TNe+I+G4      390514.621   365 781759.242   781779.545   784501.257
 57  TNe+R2        397137.684   365 795005.367   795025.670   797747.382
 58  TNe+R3        393265.312   367 787264.625   787285.153   790021.664
 59  TNe+R4        391462.429   369 783662.857   783683.613   786434.921
 60  TNe+R5        390670.982   371 782083.964   782104.948   784871.053
 61  TNe+R6        390251.803   373 781249.607   781270.820   784051.720
 62  TNe+R7        390009.569   375 780769.139   780790.584   783586.277
 63  TNe+R8        389856.261   377 780466.522   780488.199   783298.685
 64  TNe+R9        389759.792   379 780277.585   780299.496   783124.773
 65  TNe+R10       389696.792   381 780155.584   780177.730   783017.797
 66  TN+F          433276.005   366 867284.011   867304.426   870033.538
 67  TN+F+I        427943.172   367 856620.345   856640.873   859377.384
 68  TN+F+G4       389757.700   367 780249.401   780269.929   783006.440
 69  TN+F+I+G4     389701.343   368 780138.685   780159.327   782903.237
 70  TN+F+R2       396799.252   368 794334.505   794355.146   797099.056
 71  TN+F+R3       392861.693   370 786463.387   786484.256   789242.963
 72  TN+F+R4       390867.303   372 782478.607   782499.705   785273.208
 73  TN+F+R5       389982.519   374 780713.039   780734.368   783522.665
 74  TN+F+R6       389505.044   376 779762.088   779783.649   782586.739
 75  TN+F+R7       389224.714   378 779205.427   779227.221   782045.103
 76  TN+F+R8       389045.105   380 778850.210   778872.238   781704.910
 77  TN+F+R9       388929.961   382 778623.922   778646.185   781493.647
 78  TN+F+R10      388853.077   384 778474.154   778496.654   781358.903
 79  K3P           435884.464   363 872494.928   872515.006   875221.918
 80  K3P+I         430439.367   364 861606.733   861626.923   864341.236
 81  K3P+G4        391955.717   364 784639.434   784659.624   787373.936
 82  K3P+I+G4      391895.584   365 784521.167   784541.469   787263.182
 83  K3P+R2        398745.570   365 798221.140   798241.442   800963.155
 84  K3P+R3        394810.716   367 790355.433   790375.961   793112.472
 85  K3P+R4        392901.320   369 786540.639   786561.395   789312.704
 86  K3P+R5        392062.505   371 784867.010   784887.994   787654.099
 87  K3P+R6        391615.152   373 783976.304   783997.518   786778.418
 88  K3P+R7        391356.818   375 783463.635   783485.080   786280.774
 89  K3P+R8        391194.897   377 783143.794   783165.471   785975.957
 90  K3P+R9        391093.444   379 782944.887   782966.798   785792.075
 91  K3P+R10       391027.518   381 782817.037   782839.183   785679.249
 92  K3Pu+F        434463.923   366 869659.845   869680.261   872409.372
 93  K3Pu+F+I      428978.219   367 858690.437   858710.966   861447.477
 94  K3Pu+F+G4     389944.175   367 780622.349   780642.878   783379.389
 95  K3Pu+F+I+G4   389883.029   368 780502.058   780522.699   783266.609
 96  K3Pu+F+R2     397061.194   368 794858.388   794879.030   797622.940
 97  K3Pu+F+R3     393094.240   370 786928.479   786949.349   789708.056
 98  K3Pu+F+R4     391059.636   372 782863.271   782884.370   785657.873
 99  K3Pu+F+R5     390156.292   374 781060.584   781081.913   783870.210
100  K3Pu+F+R6     389668.983   376 780089.966   780111.527   782914.617
101  K3Pu+F+R7     389383.680   378 779523.361   779545.155   782363.036
102  K3Pu+F+R8     389202.260   380 779164.521   779186.549   782019.221
103  K3Pu+F+R9     389085.977   382 778935.955   778958.218   781805.680
104  K3Pu+F+R10    389008.420   384 778784.841   778807.341   781669.591
105  TPM2+F        433918.850   366 868569.700   868590.115   871319.227
106  TPM2+F+I      428439.482   367 857612.964   857633.492   860370.003
107  TPM2+F+G4     389239.421   367 779212.843   779233.371   781969.882
108  TPM2+F+I+G4   389178.313   368 779092.625   779113.267   781857.177
109  TPM2+F+R2     396363.450   368 793462.901   793483.543   796227.453
110  TPM2+F+R3     392412.542   370 785565.084   785585.954   788344.661
111  TPM2+F+R4     390373.176   372 781490.351   781511.450   784284.952
112  TPM2+F+R5     389464.196   374 779676.391   779697.721   782486.018
113  TPM2+F+R6     388971.932   376 778695.864   778717.425   781520.515
114  TPM2+F+R7     388682.701   378 778121.402   778143.196   780961.077
115  TPM2+F+R8     388498.912   380 777757.825   777779.853   780612.525
116  TPM2+F+R9     388380.851   382 777525.702   777547.965   780395.427
117  TPM2+F+R10    388302.192   384 777372.385   777394.885   780257.135
118  TPM2u+F       433918.851   366 868569.702   868590.117   871319.229
119  TPM2u+F+I     428439.484   367 857612.967   857633.496   860370.007
120  TPM2u+F+G4    389239.424   367 779212.849   779233.377   781969.888
121  TPM2u+F+I+G4  389178.314   368 779092.628   779113.270   781857.180
122  TPM2u+F+R2    396363.453   368 793462.905   793483.547   796227.457
123  TPM2u+F+R3    392412.549   370 785565.098   785585.968   788344.675
124  TPM2u+F+R4    390373.178   372 781490.356   781511.455   784284.958
125  TPM2u+F+R5    389464.197   374 779676.394   779697.723   782486.020
126  TPM2u+F+R6    388971.937   376 778695.874   778717.435   781520.525
127  TPM2u+F+R7    388682.606   378 778121.212   778143.006   780960.888
128  TPM2u+F+R8    388498.831   380 777757.662   777779.691   780612.363
129  TPM2u+F+R9    388379.890   382 777523.779   777546.043   780393.504
130  TPM2u+F+R10   388302.156   384 777372.311   777394.812   780257.061
131  TPM3+F        434393.045   366 869518.089   869538.504   872267.616
132  TPM3+F+I      428878.630   367 858491.260   858511.789   861248.300
133  TPM3+F+G4     389741.378   367 780216.756   780237.285   782973.796
134  TPM3+F+I+G4   389678.613   368 780093.225   780113.867   782857.777
135  TPM3+F+R2     396920.951   368 794577.902   794598.543   797342.453
136  TPM3+F+R3     392949.692   370 786639.384   786660.254   789418.961
137  TPM3+F+R4     390898.217   372 782540.434   782561.533   785335.036
138  TPM3+F+R5     389987.204   374 780722.409   780743.738   783532.035
139  TPM3+F+R6     389495.126   376 779742.251   779763.812   782566.902
140  TPM3+F+R7     389206.196   378 779168.392   779190.186   782008.068
141  TPM3+F+R8     389021.842   380 778803.683   778825.712   781658.384
142  TPM3+F+R9     388902.096   382 778568.192   778590.455   781437.917
143  TPM3+F+R10    388823.679   384 778415.358   778437.859   781300.108
144  TPM3u+F       434393.048   366 869518.096   869538.512   872267.624
145  TPM3u+F+I     428878.634   367 858491.268   858511.796   861248.307
146  TPM3u+F+G4    389741.381   367 780216.763   780237.291   782973.802
147  TPM3u+F+I+G4  389678.592   368 780093.183   780113.825   782857.735
148  TPM3u+F+R2    396920.954   368 794577.908   794598.550   797342.460
149  TPM3u+F+R3    392949.697   370 786639.393   786660.263   789418.970
150  TPM3u+F+R4    390898.223   372 782540.446   782561.545   785335.047
151  TPM3u+F+R5    389987.206   374 780722.411   780743.740   783532.037
152  TPM3u+F+R6    389495.129   376 779742.258   779763.819   782566.909
153  TPM3u+F+R7    389206.185   378 779168.370   779190.164   782008.046
154  TPM3u+F+R8    389021.802   380 778803.603   778825.632   781658.304
155  TPM3u+F+R9    388901.978   382 778567.957   778590.221   781437.682
156  TPM3u+F+R10   388823.645   384 778415.289   778437.790   781300.039
157  TIMe          432303.955   364 865335.910   865356.100   868070.412
158  TIMe+I        427204.792   365 855139.584   855159.886   857881.599
159  TIMe+G4       390562.510   365 781855.020   781875.322   784597.035
160  TIMe+I+G4     390510.070   366 781752.139   781772.554   784501.666
161  TIMe+R2       397134.698   366 795001.395   795021.811   797750.922
162  TIMe+R3       393261.509   368 787259.018   787279.659   790023.569
163  TIMe+R4       391458.500   370 783657.000   783677.870   786436.577
164  TIMe+R5       390668.204   372 782080.407   782101.506   784875.009
165  TIMe+R6       390248.321   374 781244.642   781265.971   784054.268
166  TIMe+R7       390005.355   376 780762.711   780784.272   783587.361
167  TIMe+R8       389851.626   378 780459.253   780481.047   783298.928
168  TIMe+R9       389754.689   380 780269.378   780291.406   783124.078
169  TIMe+R10      389692.968   382 780149.936   780172.200   783019.661
170  TIM+F         433271.397   367 867276.794   867297.322   870033.834
171  TIM+F+I       427938.162   368 856612.324   856632.966   859376.876
172  TIM+F+G4      389754.323   368 780244.647   780265.288   783009.198
173  TIM+F+I+G4    389697.991   369 780133.983   780154.738   782906.047
174  TIM+F+R2      396797.679   369 794333.359   794354.114   797105.423
175  TIM+F+R3      392859.228   371 786460.456   786481.440   789247.545
176  TIM+F+R4      390865.531   373 782477.063   782498.277   785279.176
177  TIM+F+R5      389980.309   375 780710.618   780732.062   783527.756
178  TIM+F+R6      389502.504   377 779759.008   779780.686   782591.172
179  TIM+F+R7      389221.696   379 779201.393   779223.304   782048.581
180  TIM+F+R8      389042.051   381 778846.101   778868.247   781708.314
181  TIM+F+R9      388925.988   383 778617.976   778640.358   781495.213
182  TIM+F+R10     388850.578   385 778471.156   778493.776   781363.418
183  TIM2e         431868.562   364 864465.124   864485.314   867199.627
184  TIM2e+I       426773.466   365 854276.933   854297.235   857018.947
185  TIM2e+G4      390010.561   365 780751.123   780771.425   783493.137
186  TIM2e+I+G4    389957.478   366 780646.956   780667.371   783396.483
187  TIM2e+R2      396593.385   366 793918.771   793939.186   796668.298
188  TIM2e+R3      392734.448   368 786204.897   786225.539   788969.449
189  TIM2e+R4      390921.678   370 782583.357   782604.226   785362.933
190  TIM2e+R5      390124.631   372 780993.262   781014.361   783787.864
191  TIM2e+R6      389699.802   374 780147.605   780168.934   782957.231
192  TIM2e+R7      389453.470   376 779658.941   779680.501   782483.591
193  TIM2e+R8      389298.228   378 779352.456   779374.250   782192.132
194  TIM2e+R9      389200.204   380 779160.409   779182.437   782015.109
195  TIM2e+R10     389137.692   382 779039.383   779061.647   781909.108
196  TIM2+F        432752.097   367 866238.194   866258.722   868995.233
197  TIM2+F+I      427424.744   368 855585.487   855606.129   858350.039
198  TIM2+F+G4     389062.326   368 778860.651   778881.293   781625.203
199  TIM2+F+I+G4   389004.519   369 778747.038   778767.793   781519.102
200  TIM2+F+R2     396120.568   369 792979.136   792999.891   795751.200
201  TIM2+F+R3     392195.848   371 785133.696   785154.680   787920.785
202  TIM2+F+R4     390194.763   373 781135.527   781156.741   783937.640
203  TIM2+F+R5     389301.518   375 779353.036   779374.480   782170.174
204  TIM2+F+R6     388817.538   377 778389.076   778410.753   781221.239
205  TIM2+F+R7     388532.099   379 777822.198   777844.109   780669.386
206  TIM2+F+R8     388350.190   381 777462.379   777484.525   780324.592
207  TIM2+F+R9     388232.758   383 777231.515   777253.897   780108.752
208  TIM2+F+R10    388156.400   385 777082.799   777105.419   779975.061
209  TIM3e         432306.373   364 865340.746   865360.936   868075.249
210  TIM3e+I       427192.458   365 855114.916   855135.219   857856.931
211  TIM3e+G4      390507.337   365 781744.673   781764.976   784486.688
212  TIM3e+I+G4    390453.645   366 781639.289   781659.704   784388.816
213  TIM3e+R2      397093.939   366 794919.877   794940.292   797669.404
214  TIM3e+R3      393227.523   368 787191.045   787211.687   789955.597
215  TIM3e+R4      391417.264   370 783574.527   783595.397   786354.104
216  TIM3e+R5      390625.654   372 781995.308   782016.407   784789.909
217  TIM3e+R6      390204.348   374 781156.696   781178.025   783966.322
218  TIM3e+R7      389959.933   376 780671.865   780693.426   783496.516
219  TIM3e+R8      389804.991   378 780365.981   780387.775   783205.657
220  TIM3e+R9      389707.124   380 780174.249   780196.277   783028.949
221  TIM3e+R10     389644.700   382 780053.400   780075.663   782923.125
222  TIM3+F        433195.093   367 867124.186   867144.714   869881.225
223  TIM3+F+I      427831.087   368 856398.173   856418.815   859162.725
224  TIM3+F+G4     389547.607   368 779831.214   779851.856   782595.766
225  TIM3+F+I+G4   389489.233   369 779716.466   779737.221   782488.530
226  TIM3+F+R2     396654.538   369 794047.076   794067.831   796819.140
227  TIM3+F+R3     392712.690   371 786167.379   786188.363   788954.468
228  TIM3+F+R4     390702.323   373 782150.646   782171.860   784952.760
229  TIM3+F+R5     389809.193   375 780368.387   780389.831   783185.525
230  TIM3+F+R6     389326.768   377 779407.536   779429.213   782239.699
231  TIM3+F+R7     389042.735   379 778843.471   778865.382   781690.659
232  TIM3+F+R8     388860.527   381 778483.055   778505.200   781345.267
233  TIM3+F+R9     388742.217   383 778250.434   778272.816   781127.671
234  TIM3+F+R10    388662.661   385 778095.322   778117.942   780987.585
235  TVMe          435388.604   365 871507.207   871527.510   874249.222
236  TVMe+I        429936.836   366 860605.673   860626.088   863355.200
237  TVMe+G4       391295.579   366 783323.159   783343.574   786072.686
238  TVMe+I+G4     391234.403   367 783202.807   783223.335   785959.846
239  TVMe+R2       398105.892   367 796945.785   796966.313   799702.824
240  TVMe+R3       394191.057   369 789120.114   789140.869   791892.178
241  TVMe+R4       392270.033   371 785282.065   785303.049   788069.154
242  TVMe+R5       391426.842   373 783599.684   783620.898   786401.797
243  TVMe+R6       390973.799   375 782697.598   782719.043   785514.736
244  TVMe+R7       390708.954   377 782171.908   782193.586   785004.071
245  TVMe+R8       390543.599   379 781845.198   781867.109   784692.386
246  TVMe+R9       390439.607   381 781641.214   781663.360   784503.427
247  TVMe+R10      390372.177   383 781510.355   781532.737   784387.592
248  TVM+F         433829.930   368 868395.860   868416.502   871160.412
249  TVM+F+I       428321.489   369 857380.979   857401.734   860153.043
250  TVM+F+G4      389023.611   369 778785.221   778805.977   781557.286
251  TVM+F+I+G4    388960.970   370 778661.941   778682.810   781441.517
252  TVM+F+R2      396216.278   370 793172.556   793193.426   795952.133
253  TVM+F+R3      392257.559   372 785259.119   785280.217   788053.720
254  TVM+F+R4      390203.422   374 781154.843   781176.172   783964.469
255  TVM+F+R5      389285.796   376 779323.592   779345.153   782148.243
256  TVM+F+R6      388788.022   378 778332.045   778353.838   781171.720
257  TVM+F+R7      388493.921   380 777747.843   777769.871   780602.543
258  TVM+F+R8      388307.482   382 777378.965   777401.228   780248.690
259  TVM+F+R9      388187.019   384 777142.038   777164.538   780026.788
260  TVM+F+R10     388105.646   386 776983.293   777006.031   779883.067
261  SYM           431846.831   366 864425.662   864446.077   867175.189
262  SYM+I         426736.976   367 854207.953   854228.481   856964.992
263  SYM+G4        389939.455   367 780612.909   780633.438   783369.949
264  SYM+I+G4      389884.894   368 780505.789   780526.431   783270.341
265  SYM+R2        396540.947   368 793817.894   793838.536   796582.446
266  SYM+R3        392686.158   370 786112.315   786133.185   788891.892
267  SYM+R4        390866.326   372 782476.651   782497.750   785271.253
268  SYM+R5        390068.306   374 780884.612   780905.942   783694.238
269  SYM+R6        389641.794   376 780035.587   780057.148   782860.238
270  SYM+R7        389393.364   378 779542.728   779564.522   782382.404
271  SYM+R8        389237.196   380 779234.392   779256.420   782089.092
272  SYM+R9        389138.604   382 779041.208   779063.472   781910.933
273  SYM+R10       389073.944   384 778915.889   778938.389   781800.638
274  GTR+F         432658.183   369 866054.367   866075.123   868826.431
275  GTR+F+I       427299.829   370 855339.658   855360.527   858119.234
276  GTR+F+G4      388843.055   370 778426.110   778446.980   781205.687
277  GTR+F+I+G4    388782.904   371 778307.808   778328.792   781094.897
278  GTR+F+R2      395970.249   371 792682.497   792703.481   795469.586
279  GTR+F+R3      392039.176   373 784824.351   784845.565   787626.465
280  GTR+F+R4      390021.478   375 780792.955   780814.400   783610.094
281  GTR+F+R5      389120.446   377 778994.892   779016.569   781827.055
282  GTR+F+R6      388630.590   379 778019.179   778041.090   780866.367
283  GTR+F+R7      388341.655   381 777445.310   777467.456   780307.523
284  GTR+F+R8      388157.415   383 777080.830   777103.212   779958.067
285  GTR+F+R9      388038.374   385 776846.748   776869.368   779739.011
286  GTR+F+R10     387957.723   387 776689.446   776712.304   779596.733
Akaike Information Criterion:           GTR+F+R10
Corrected Akaike Information Criterion: GTR+F+R10
Bayesian Information Criterion:         GTR+F+R10
Best-fit model: GTR+F+R10 chosen according to BIC

All model information printed to kobu_align.fasta.model.gz
CPU time for ModelFinder: 13742.651 seconds (3h:49m:2s)
Wall-clock time for ModelFinder: 17773.069 seconds (4h:56m:13s)
Generating 1000 samples for ultrafast bootstrap (seed: 66760)...

NOTE: 567 MB RAM (0 GB) is required!
Estimate model parameters (epsilon = 0.100)
1. Initial log-likelihood: -412783.263
2. Current log-likelihood: -388592.224
3. Current log-likelihood: -388017.771
4. Current log-likelihood: -387973.922
5. Current log-likelihood: -387963.670
6. Current log-likelihood: -387960.441
7. Current log-likelihood: -387959.194
8. Current log-likelihood: -387958.644
9. Current log-likelihood: -387958.322
10. Current log-likelihood: -387958.057
11. Current log-likelihood: -387957.852
12. Current log-likelihood: -387957.680
13. Current log-likelihood: -387957.532
14. Current log-likelihood: -387957.404
15. Current log-likelihood: -387957.288
16. Current log-likelihood: -387957.176
Optimal log-likelihood: -387957.078
Rate parameters:  A-C: 1.32662  A-G: 5.99139  A-T: 1.99285  C-G: 0.76372  C-T: 7.47294  G-T: 1.00000
Base frequencies:  A: 0.204  C: 0.329  G: 0.212  T: 0.256
Site proportion and rates:  (0.327,0.065) (0.153,0.265) (0.078,0.363) (0.065,0.628) (0.047,0.776) (0.037,1.222) (0.042,1.367) (0.045,1.554) (0.111,2.398) (0.095,4.147)
Parameters optimization took 16 rounds (394.440 sec)
Computing ML distances based on estimated model parameters... 2.795 sec
WARNING: Some pairwise ML distances are too long (saturated)
Computing BIONJ tree...
0.015 seconds
Log-likelihood of BIONJ tree: -391393.189
--------------------------------------------------------------------
|             INITIALIZING CANDIDATE TREE SET                      |
--------------------------------------------------------------------
Generating 98 parsimony trees... 15.211 second
Computing log-likelihood of 98 initial trees ... 175.037 seconds
Current best score: -387957.078

Do NNI search on 20 best initial trees
Estimate model parameters (epsilon = 0.100)
BETTER TREE FOUND at iteration 1: -387601.039
Estimate model parameters (epsilon = 0.100)
BETTER TREE FOUND at iteration 2: -387534.841
Iteration 10 / LogL: -387629.480 / Time: 0h:15m:50s
Iteration 20 / LogL: -387638.809 / Time: 0h:17m:59s
Finish initializing candidate tree set (20)
Current best tree score: -387534.841 / CPU time: 650.158
Number of iterations: 20
--------------------------------------------------------------------
|               OPTIMIZING CANDIDATE TREE SET                      |
--------------------------------------------------------------------
Estimate model parameters (epsilon = 0.100)
BETTER TREE FOUND at iteration 23: -387522.452
Estimate model parameters (epsilon = 0.100)
BETTER TREE FOUND at iteration 24: -387510.022
Estimate model parameters (epsilon = 0.100)
BETTER TREE FOUND at iteration 29: -387504.982
Iteration 30 / LogL: -387521.383 / Time: 0h:24m:5s (1h:22m:13s left)
Estimate model parameters (epsilon = 0.100)
BETTER TREE FOUND at iteration 33: -387497.497
Estimate model parameters (epsilon = 0.100)
BETTER TREE FOUND at iteration 38: -387496.489
Iteration 40 / LogL: -387723.949 / Time: 0h:27m:17s (1h:8m:34s left)
Iteration 50 / LogL: -387519.538 / Time: 0h:29m:56s (0h:53m:45s left)
Log-likelihood cutoff on original alignment: -387731.994
Iteration 60 / LogL: -387956.670 / Time: 0h:32m:26s (0h:42m:53s left)
Iteration 70 / LogL: -387510.596 / Time: 0h:34m:58s (0h:34m:27s left)
Iteration 80 / LogL: -387537.577 / Time: 0h:37m:24s (0h:27m:27s left)
Estimate model parameters (epsilon = 0.100)
BETTER TREE FOUND at iteration 83: -387489.747
Estimate model parameters (epsilon = 0.100)
BETTER TREE FOUND at iteration 87: -387486.353
Iteration 90 / LogL: -387513.705 / Time: 0h:40m:44s (0h:44m:24s left)
Iteration 100 / LogL: -387509.008 / Time: 0h:43m:16s (0h:38m:1s left)
Log-likelihood cutoff on original alignment: -387731.994
NOTE: Bootstrap correlation coefficient of split occurrence frequencies: 0.992
Iteration 110 / LogL: -387535.248 / Time: 0h:45m:46s (0h:37m:47s left)
Iteration 120 / LogL: -387514.519 / Time: 0h:48m:14s (0h:32m:26s left)
Iteration 130 / LogL: -387603.963 / Time: 0h:50m:37s (0h:27m:28s left)
Iteration 140 / LogL: -387498.980 / Time: 0h:53m:5s (0h:22m:55s left)
Iteration 150 / LogL: -387524.122 / Time: 0h:55m:33s (0h:18m:38s left)
Log-likelihood cutoff on original alignment: -387706.614
Iteration 160 / LogL: -387508.561 / Time: 0h:57m:55s (0h:14m:34s left)
Iteration 170 / LogL: -387886.201 / Time: 1h:0m:22s (0h:10m:43s left)
Iteration 180 / LogL: -387594.190 / Time: 1h:2m:54s (0h:7m:1s left)
TREE SEARCH COMPLETED AFTER 188 ITERATIONS / Time: 1h:4m:51s

--------------------------------------------------------------------
|                    FINALIZING TREE SEARCH                        |
--------------------------------------------------------------------
Performs final model parameters optimization
Estimate model parameters (epsilon = 0.010)
1. Initial log-likelihood: -387486.353
2. Current log-likelihood: -387486.314
3. Current log-likelihood: -387486.290
4. Current log-likelihood: -387486.260
5. Current log-likelihood: -387486.231
6. Current log-likelihood: -387486.135
7. Current log-likelihood: -387486.088
Optimal log-likelihood: -387486.082
Rate parameters:  A-C: 1.34090  A-G: 6.10734  A-T: 2.02436  C-G: 0.77610  C-T: 7.64036  G-T: 1.00000
Base frequencies:  A: 0.204  C: 0.329  G: 0.212  T: 0.256
Site proportion and rates:  (0.329,0.065) (0.176,0.275) (0.055,0.365) (0.064,0.673) (0.045,0.707) (0.034,1.227) (0.043,1.369) (0.045,1.470) (0.115,2.411) (0.094,4.170)
Parameters optimization took 7 rounds (32.191 sec)
BEST SCORE FOUND : -387486.082
Creating bootstrap support values...
Split supports printed to NEXUS file kobu_align.fasta.splits.nex
Total tree length: 34.147

Total number of iterations: 188
CPU time used for tree search: 3444.275 sec (0h:57m:24s)
Wall-clock time used for tree search: 3462.143 sec (0h:57m:42s)
Total CPU time used: 3901.514 sec (1h:5m:1s)
Total wall-clock time used: 3923.723 sec (1h:5m:23s)

Computing bootstrap consensus tree...
Reading input file kobu_align.fasta.splits.nex...
182 taxa and 757 splits.
Consensus tree written to kobu_align.fasta.contree
Reading input trees file kobu_align.fasta.contree
Log-likelihood of consensus tree: -387485.592

Analysis results written to: 
  IQ-TREE report:                kobu_align.fasta.iqtree
  Maximum-likelihood tree:       kobu_align.fasta.treefile
  Likelihood distances:          kobu_align.fasta.mldist

Ultrafast bootstrap approximation results written to:
  Split support values:          kobu_align.fasta.splits.nex
  Consensus tree:                kobu_align.fasta.contree
  Screen log file:               kobu_align.fasta.log

Date and Time: Sun Jun 15 22:44:10 2025
