
RAxML-NG v. 1.1.0-master released on 22.06.2022 by The Exelixis Lab.
Developed by: Alexey M. Kozlov and Alexandros Stamatakis.
Contributors: Diego Darriba, Tomas Flouri, Benoit Morel, Sarah Lutteropp, Ben Bettisworth.
Latest version: https://github.com/amkozlov/raxml-ng
Questions/problems/suggestions? Please visit: https://groups.google.com/forum/#!forum/raxml

System: Intel(R) Xeon(R) CPU E5-2680 v4 @ 2.40GHz, 28 cores, 62 GB RAM

RAxML-NG was called at 05-Aug-2023 00:31:47 as follows:

raxml-ng-mpi --bootstrap --msa picornaviridae_full_align.fasta --model GTR+G4 --prefix T4 --seed 1 --threads auto{9}

Analysis options:
  run mode: Bootstrapping
  start tree(s): 
  bootstrap replicates: max: 1000 + bootstopping (autoMRE, cutoff: 0.030000)
  random seed: 1
  tip-inner: OFF
  pattern compression: ON
  per-rate scalers: OFF
  site repeats: ON
  branch lengths: proportional (ML estimate, algorithm: NR-FAST)
  SIMD kernels: AVX2
  parallelization: coarse-grained (auto), PTHREADS (auto)

[00:00:00] Reading alignment from file: picornaviridae_full_align.fasta
[00:00:00] Loaded alignment with 179 taxa and 46089 sites

Alignment comprises 1 partitions and 24954 patterns

Partition 0: noname
Model: GTR+FO+G4m
Alignment sites / patterns: 46089 / 24954
Gaps: 82.80 %
Invariant sites: 47.49 %


NOTE: Binary MSA file created: T4.raxml.rba

Parallelization scheme autoconfig: 1 worker(s) x 9 thread(s)

Parallel reduction/worker buffer size: 1 KB  / 0 KB

[00:00:00] Data distribution: max. partitions/sites/weight per thread: 1 / 2773 / 44368
[00:00:04] Data distribution: max. searches per worker: 1000
[00:00:04] Starting bootstrapping analysis with 1000 replicates.


RAxML-NG v. 1.1.0-master released on 22.06.2022 by The Exelixis Lab.
Developed by: Alexey M. Kozlov and Alexandros Stamatakis.
Contributors: Diego Darriba, Tomas Flouri, Benoit Morel, Sarah Lutteropp, Ben Bettisworth.
Latest version: https://github.com/amkozlov/raxml-ng
Questions/problems/suggestions? Please visit: https://groups.google.com/forum/#!forum/raxml

System: Intel(R) Xeon(R) CPU E5-2680 v4 @ 2.40GHz, 28 cores, 62 GB RAM

RAxML-NG was called at 05-Aug-2023 16:07:56 as follows:

raxml-ng-mpi --bootstrap --msa picornaviridae_full_align.fasta --model GTR+G4 --prefix T4 --seed 3 --threads auto{9}

Analysis options:
  run mode: Bootstrapping
  start tree(s): 
  bootstrap replicates: max: 1000 + bootstopping (autoMRE, cutoff: 0.030000)
  random seed: 3
  tip-inner: OFF
  pattern compression: ON
  per-rate scalers: OFF
  site repeats: ON
  branch lengths: proportional (ML estimate, algorithm: NR-FAST)
  SIMD kernels: AVX2
  parallelization: coarse-grained (auto), PTHREADS (auto)

WARNING: The model you specified on the command line (GTR+G4) will be ignored 
         since the binary MSA file already contains a model definition.
         If you want to change the model, please re-run RAxML-NG 
         with the original PHYLIP/FASTA alignment and --redo option.

[00:00:00] Loading binary alignment from file: T4.raxml.rba
[00:00:00] Alignment comprises 179 taxa, 1 partitions and 24954 patterns

Partition 0: noname
Model: GTR+FO+G4m
Alignment sites / patterns: 46089 / 24954
Gaps: 82.80 %
Invariant sites: 47.49 %


Parallelization scheme autoconfig: 1 worker(s) x 9 thread(s)

Parallel reduction/worker buffer size: 1 KB  / 0 KB

[00:00:00] NOTE: Resuming execution from checkpoint (logLH: -1348445.98, ML trees: 0, bootstraps: 0)
[00:00:00] Data distribution: max. partitions/sites/weight per thread: 1 / 2773 / 44368
[00:00:01] Data distribution: max. searches per worker: 1000
[00:00:01] Starting bootstrapping analysis with 1000 replicates.

[00:07:24] Bootstrap tree #1, logLikelihood: -1339920.896633
[00:18:04] Bootstrap tree #2, logLikelihood: -1348657.697976
[00:28:54] Bootstrap tree #3, logLikelihood: -1344340.970765
[00:39:22] Bootstrap tree #4, logLikelihood: -1355047.066326
[00:49:29] Bootstrap tree #5, logLikelihood: -1357994.986581
[01:01:24] Bootstrap tree #6, logLikelihood: -1374979.258355
[01:12:27] Bootstrap tree #7, logLikelihood: -1358815.824479
[01:22:48] Bootstrap tree #8, logLikelihood: -1370431.871998
[01:33:06] Bootstrap tree #9, logLikelihood: -1354828.531113
[01:44:23] Bootstrap tree #10, logLikelihood: -1377229.054576
[01:55:52] Bootstrap tree #11, logLikelihood: -1368046.763120
[02:06:04] Bootstrap tree #12, logLikelihood: -1364435.927158
[02:16:27] Bootstrap tree #13, logLikelihood: -1355343.723359
[02:28:49] Bootstrap tree #14, logLikelihood: -1353185.398805
[02:39:52] Bootstrap tree #15, logLikelihood: -1371933.755167
[02:49:54] Bootstrap tree #16, logLikelihood: -1375140.937743
[03:02:01] Bootstrap tree #17, logLikelihood: -1358430.114106
[03:15:53] Bootstrap tree #18, logLikelihood: -1384905.571677
[03:26:51] Bootstrap tree #19, logLikelihood: -1355965.740854
[03:40:00] Bootstrap tree #20, logLikelihood: -1356337.388739
[03:50:38] Bootstrap tree #21, logLikelihood: -1358968.188505
[04:02:42] Bootstrap tree #22, logLikelihood: -1358762.589284
[04:13:25] Bootstrap tree #23, logLikelihood: -1370059.886541
[04:24:17] Bootstrap tree #24, logLikelihood: -1361697.660569
[04:38:04] Bootstrap tree #25, logLikelihood: -1369814.145133
[04:48:58] Bootstrap tree #26, logLikelihood: -1366469.378005
[05:03:44] Bootstrap tree #27, logLikelihood: -1359846.848643
[05:15:07] Bootstrap tree #28, logLikelihood: -1347269.330479
[05:27:25] Bootstrap tree #29, logLikelihood: -1355568.344261
[05:36:58] Bootstrap tree #30, logLikelihood: -1369188.339391
[05:49:08] Bootstrap tree #31, logLikelihood: -1359536.029116
[06:02:39] Bootstrap tree #32, logLikelihood: -1346651.659058
[06:13:20] Bootstrap tree #33, logLikelihood: -1340463.587009
[06:27:03] Bootstrap tree #34, logLikelihood: -1370904.671428
[06:39:20] Bootstrap tree #35, logLikelihood: -1354013.844900
[06:51:52] Bootstrap tree #36, logLikelihood: -1361311.174506
[07:04:29] Bootstrap tree #37, logLikelihood: -1389076.611995
[07:17:40] Bootstrap tree #38, logLikelihood: -1371042.554580
[07:27:48] Bootstrap tree #39, logLikelihood: -1347987.555790
[07:40:11] Bootstrap tree #40, logLikelihood: -1366147.803908
[07:53:13] Bootstrap tree #41, logLikelihood: -1349696.181303
[08:03:03] Bootstrap tree #42, logLikelihood: -1356966.163882
[08:15:40] Bootstrap tree #43, logLikelihood: -1349215.572818
[08:26:02] Bootstrap tree #44, logLikelihood: -1360194.423900
[08:38:38] Bootstrap tree #45, logLikelihood: -1370143.164160
[08:50:09] Bootstrap tree #46, logLikelihood: -1357308.699172
[09:01:12] Bootstrap tree #47, logLikelihood: -1356720.100968
[09:14:57] Bootstrap tree #48, logLikelihood: -1353774.002683
[09:26:25] Bootstrap tree #49, logLikelihood: -1366681.255549
[09:39:38] Bootstrap tree #50, logLikelihood: -1345449.074918
[09:52:05] Bootstrap tree #51, logLikelihood: -1349909.364247
[10:01:52] Bootstrap tree #52, logLikelihood: -1353271.942241
[10:13:08] Bootstrap tree #53, logLikelihood: -1351067.243968
[10:26:53] Bootstrap tree #54, logLikelihood: -1339269.673192
[10:36:35] Bootstrap tree #55, logLikelihood: -1349620.037920
[10:48:00] Bootstrap tree #56, logLikelihood: -1357521.874572
[11:02:16] Bootstrap tree #57, logLikelihood: -1371653.158596
[11:12:03] Bootstrap tree #58, logLikelihood: -1364106.905581
[11:22:58] Bootstrap tree #59, logLikelihood: -1345966.178674
[11:33:42] Bootstrap tree #60, logLikelihood: -1360996.398946
[11:44:20] Bootstrap tree #61, logLikelihood: -1356770.465840
[11:56:19] Bootstrap tree #62, logLikelihood: -1371604.687600
[12:07:19] Bootstrap tree #63, logLikelihood: -1358511.478650
[12:25:41] Bootstrap tree #64, logLikelihood: -1350095.230202
[12:39:52] Bootstrap tree #65, logLikelihood: -1360050.386828
[12:50:50] Bootstrap tree #66, logLikelihood: -1378181.538896
[13:01:29] Bootstrap tree #67, logLikelihood: -1359388.248708
[13:12:09] Bootstrap tree #68, logLikelihood: -1342685.910055
[13:22:55] Bootstrap tree #69, logLikelihood: -1353562.250140
[13:35:22] Bootstrap tree #70, logLikelihood: -1373326.854370
[13:46:04] Bootstrap tree #71, logLikelihood: -1342577.734138
[13:59:10] Bootstrap tree #72, logLikelihood: -1370396.307980
[14:10:15] Bootstrap tree #73, logLikelihood: -1340942.365770
[14:22:35] Bootstrap tree #74, logLikelihood: -1360973.691330
[14:33:43] Bootstrap tree #75, logLikelihood: -1368075.730787
[14:43:18] Bootstrap tree #76, logLikelihood: -1362957.115008
[14:55:25] Bootstrap tree #77, logLikelihood: -1341851.459484
[15:08:54] Bootstrap tree #78, logLikelihood: -1375877.812175
[15:21:05] Bootstrap tree #79, logLikelihood: -1353357.297559
[15:30:47] Bootstrap tree #80, logLikelihood: -1350220.197780
[15:41:10] Bootstrap tree #81, logLikelihood: -1346456.709828
[15:52:14] Bootstrap tree #82, logLikelihood: -1354892.401906
[16:04:02] Bootstrap tree #83, logLikelihood: -1335823.979409
[16:16:11] Bootstrap tree #84, logLikelihood: -1360168.217566
[16:26:29] Bootstrap tree #85, logLikelihood: -1364546.649380
[16:36:54] Bootstrap tree #86, logLikelihood: -1356260.433793
[16:50:06] Bootstrap tree #87, logLikelihood: -1343514.873762
[17:01:29] Bootstrap tree #88, logLikelihood: -1361555.597596
[17:10:49] Bootstrap tree #89, logLikelihood: -1339448.866730
[17:25:54] Bootstrap tree #90, logLikelihood: -1372298.269414
[17:37:18] Bootstrap tree #91, logLikelihood: -1343834.479156
[17:47:59] Bootstrap tree #92, logLikelihood: -1362688.248641
[18:00:33] Bootstrap tree #93, logLikelihood: -1372575.174203
[18:16:05] Bootstrap tree #94, logLikelihood: -1347984.169559
[18:29:00] Bootstrap tree #95, logLikelihood: -1378453.953200
[18:39:39] Bootstrap tree #96, logLikelihood: -1354851.618145
[18:50:02] Bootstrap tree #97, logLikelihood: -1334998.162424
[19:02:21] Bootstrap tree #98, logLikelihood: -1364749.875629
[19:14:18] Bootstrap tree #99, logLikelihood: -1370560.747194
[19:23:53] Bootstrap tree #100, logLikelihood: -1341072.055973
[19:34:27] Bootstrap tree #101, logLikelihood: -1370809.322902
[19:44:42] Bootstrap tree #102, logLikelihood: -1354593.190140
[19:57:33] Bootstrap tree #103, logLikelihood: -1359039.404615
[20:09:14] Bootstrap tree #104, logLikelihood: -1335380.109895
[20:20:41] Bootstrap tree #105, logLikelihood: -1366605.736677
[20:33:08] Bootstrap tree #106, logLikelihood: -1355180.121724
[20:44:45] Bootstrap tree #107, logLikelihood: -1355490.005239
[20:54:40] Bootstrap tree #108, logLikelihood: -1370762.829449
[21:06:01] Bootstrap tree #109, logLikelihood: -1364714.422759
[21:19:13] Bootstrap tree #110, logLikelihood: -1341581.531485
[21:29:35] Bootstrap tree #111, logLikelihood: -1365027.934076
[21:41:06] Bootstrap tree #112, logLikelihood: -1347259.917440
[21:52:46] Bootstrap tree #113, logLikelihood: -1351031.171041
[22:02:29] Bootstrap tree #114, logLikelihood: -1345534.419361
[22:14:48] Bootstrap tree #115, logLikelihood: -1363442.069843
[22:27:01] Bootstrap tree #116, logLikelihood: -1363159.004755
[22:38:02] Bootstrap tree #117, logLikelihood: -1359376.706006
[22:53:04] Bootstrap tree #118, logLikelihood: -1341445.756675
[23:03:43] Bootstrap tree #119, logLikelihood: -1339617.368770
[23:14:45] Bootstrap tree #120, logLikelihood: -1363163.908538
[23:26:46] Bootstrap tree #121, logLikelihood: -1351989.890332
[23:38:08] Bootstrap tree #122, logLikelihood: -1376347.902117
[23:50:06] Bootstrap tree #123, logLikelihood: -1359449.116195
[24:00:56] Bootstrap tree #124, logLikelihood: -1351779.943928
[24:13:16] Bootstrap tree #125, logLikelihood: -1336152.097771
[24:24:45] Bootstrap tree #126, logLikelihood: -1369664.184818
[24:36:25] Bootstrap tree #127, logLikelihood: -1393623.025475
[24:49:32] Bootstrap tree #128, logLikelihood: -1352653.766155
[25:00:57] Bootstrap tree #129, logLikelihood: -1351096.577123
[25:12:37] Bootstrap tree #130, logLikelihood: -1359823.700914
[25:22:50] Bootstrap tree #131, logLikelihood: -1359239.152585
[25:35:06] Bootstrap tree #132, logLikelihood: -1356178.727231
[25:47:09] Bootstrap tree #133, logLikelihood: -1359584.029566
[25:59:47] Bootstrap tree #134, logLikelihood: -1340794.115617
[26:10:42] Bootstrap tree #135, logLikelihood: -1359545.532654
[26:19:44] Bootstrap tree #136, logLikelihood: -1367901.109609
[26:31:50] Bootstrap tree #137, logLikelihood: -1353531.884236
[26:42:21] Bootstrap tree #138, logLikelihood: -1353646.104762
[26:58:40] Bootstrap tree #139, logLikelihood: -1347706.642212
[27:09:24] Bootstrap tree #140, logLikelihood: -1351212.447939
[27:18:25] Bootstrap tree #141, logLikelihood: -1366872.737668
[27:28:20] Bootstrap tree #142, logLikelihood: -1353479.362702
[27:39:23] Bootstrap tree #143, logLikelihood: -1348189.003509
[27:52:46] Bootstrap tree #144, logLikelihood: -1359458.284597
[28:05:50] Bootstrap tree #145, logLikelihood: -1344746.244771
[28:17:52] Bootstrap tree #146, logLikelihood: -1358556.325763
[28:29:44] Bootstrap tree #147, logLikelihood: -1367042.109728
[28:42:28] Bootstrap tree #148, logLikelihood: -1359636.245577
[28:52:28] Bootstrap tree #149, logLikelihood: -1364136.486486
[29:02:47] Bootstrap tree #150, logLikelihood: -1357394.717161
[29:12:37] Bootstrap tree #151, logLikelihood: -1367290.477567
[29:24:56] Bootstrap tree #152, logLikelihood: -1361846.682617
[29:35:15] Bootstrap tree #153, logLikelihood: -1360805.733031
[29:47:54] Bootstrap tree #154, logLikelihood: -1371874.353326
[29:58:58] Bootstrap tree #155, logLikelihood: -1346224.904622
[30:09:11] Bootstrap tree #156, logLikelihood: -1356689.886532
[30:19:33] Bootstrap tree #157, logLikelihood: -1316203.369410
[30:30:52] Bootstrap tree #158, logLikelihood: -1367778.919483
[30:42:48] Bootstrap tree #159, logLikelihood: -1363931.758907
[30:53:26] Bootstrap tree #160, logLikelihood: -1360404.051750
[31:04:52] Bootstrap tree #161, logLikelihood: -1360924.746351
[31:19:11] Bootstrap tree #162, logLikelihood: -1352472.302728
[31:29:22] Bootstrap tree #163, logLikelihood: -1343170.302706
[31:42:13] Bootstrap tree #164, logLikelihood: -1369294.680130
[31:53:49] Bootstrap tree #165, logLikelihood: -1357188.585722
[32:05:28] Bootstrap tree #166, logLikelihood: -1340535.139095
[32:17:53] Bootstrap tree #167, logLikelihood: -1367674.433915
[32:31:41] Bootstrap tree #168, logLikelihood: -1352793.523638
[32:44:52] Bootstrap tree #169, logLikelihood: -1345251.021284
[32:54:38] Bootstrap tree #170, logLikelihood: -1365491.956205
[33:06:54] Bootstrap tree #171, logLikelihood: -1341014.316912
[33:20:30] Bootstrap tree #172, logLikelihood: -1372661.596121
[33:30:46] Bootstrap tree #173, logLikelihood: -1356182.205878
[33:41:20] Bootstrap tree #174, logLikelihood: -1343798.522761
[33:52:50] Bootstrap tree #175, logLikelihood: -1343326.128887
[34:03:43] Bootstrap tree #176, logLikelihood: -1347972.952635
[34:17:11] Bootstrap tree #177, logLikelihood: -1369152.286706
[34:27:42] Bootstrap tree #178, logLikelihood: -1357230.049286
[34:38:19] Bootstrap tree #179, logLikelihood: -1337295.560741
[34:48:36] Bootstrap tree #180, logLikelihood: -1372131.616045
[35:00:30] Bootstrap tree #181, logLikelihood: -1352642.063677
[35:13:20] Bootstrap tree #182, logLikelihood: -1356129.522553
[35:29:17] Bootstrap tree #183, logLikelihood: -1348794.490287
[35:40:19] Bootstrap tree #184, logLikelihood: -1347359.392650
[35:52:06] Bootstrap tree #185, logLikelihood: -1354137.511433
