
RAxML-NG v. 1.1.0-master released on 22.06.2022 by The Exelixis Lab.
Developed by: Alexey M. Kozlov and Alexandros Stamatakis.
Contributors: Diego Darriba, Tomas Flouri, Benoit Morel, Sarah Lutteropp, Ben Bettisworth.
Latest version: https://github.com/amkozlov/raxml-ng
Questions/problems/suggestions? Please visit: https://groups.google.com/forum/#!forum/raxml

System: Intel(R) Xeon(R) CPU E5-2680 v4 @ 2.40GHz, 28 cores, 62 GB RAM

RAxML-NG was called at 05-Aug-2023 00:31:47 as follows:

raxml-ng-mpi --bootstrap --msa picornaviridae_full_align.fasta --model GTR+G4 --prefix T6 --seed 1 --threads auto{9}

Analysis options:
  run mode: Bootstrapping
  start tree(s): 
  bootstrap replicates: max: 1000 + bootstopping (autoMRE, cutoff: 0.030000)
  random seed: 1
  tip-inner: OFF
  pattern compression: ON
  per-rate scalers: OFF
  site repeats: ON
  branch lengths: proportional (ML estimate, algorithm: NR-FAST)
  SIMD kernels: AVX2
  parallelization: coarse-grained (auto), PTHREADS (auto)

[00:00:00] Reading alignment from file: picornaviridae_full_align.fasta
[00:00:00] Loaded alignment with 179 taxa and 46089 sites

Alignment comprises 1 partitions and 24954 patterns

Partition 0: noname
Model: GTR+FO+G4m
Alignment sites / patterns: 46089 / 24954
Gaps: 82.80 %
Invariant sites: 47.49 %


NOTE: Binary MSA file created: T6.raxml.rba

Parallelization scheme autoconfig: 1 worker(s) x 9 thread(s)

Parallel reduction/worker buffer size: 1 KB  / 0 KB

[00:00:00] Data distribution: max. partitions/sites/weight per thread: 1 / 2773 / 44368
[00:00:01] Data distribution: max. searches per worker: 1000
[00:00:01] Starting bootstrapping analysis with 1000 replicates.

[00:12:15] Bootstrap tree #1, logLikelihood: -1348309.847584
[00:24:08] Bootstrap tree #2, logLikelihood: -1380532.460177
[00:36:07] Bootstrap tree #3, logLikelihood: -1361328.954348
[00:46:09] Bootstrap tree #4, logLikelihood: -1370441.557269
[00:57:22] Bootstrap tree #5, logLikelihood: -1375757.152884
[01:07:45] Bootstrap tree #6, logLikelihood: -1373553.623787
[01:19:24] Bootstrap tree #7, logLikelihood: -1346002.389763
[01:30:50] Bootstrap tree #8, logLikelihood: -1339949.938967
[01:42:32] Bootstrap tree #9, logLikelihood: -1382179.112780
[01:53:02] Bootstrap tree #10, logLikelihood: -1342898.480889
[02:06:09] Bootstrap tree #11, logLikelihood: -1367039.006721
[02:17:54] Bootstrap tree #12, logLikelihood: -1349336.606238
[02:27:26] Bootstrap tree #13, logLikelihood: -1363508.753995
[02:39:30] Bootstrap tree #14, logLikelihood: -1359511.329338
[02:52:34] Bootstrap tree #15, logLikelihood: -1350813.735884
[03:05:38] Bootstrap tree #16, logLikelihood: -1370991.318682
[03:16:24] Bootstrap tree #17, logLikelihood: -1372082.946054
[03:28:46] Bootstrap tree #18, logLikelihood: -1368035.702256
[03:41:27] Bootstrap tree #19, logLikelihood: -1350706.663711
[03:52:09] Bootstrap tree #20, logLikelihood: -1365693.557130
[04:04:21] Bootstrap tree #21, logLikelihood: -1366217.787983
[04:15:10] Bootstrap tree #22, logLikelihood: -1341622.496534
[04:27:11] Bootstrap tree #23, logLikelihood: -1364905.208471
[04:38:11] Bootstrap tree #24, logLikelihood: -1352414.936895
[04:49:34] Bootstrap tree #25, logLikelihood: -1366081.933606
[05:03:08] Bootstrap tree #26, logLikelihood: -1346263.254367
[05:15:13] Bootstrap tree #27, logLikelihood: -1372126.186059
[05:26:47] Bootstrap tree #28, logLikelihood: -1354789.602030
[05:37:02] Bootstrap tree #29, logLikelihood: -1335625.817325
[05:49:24] Bootstrap tree #30, logLikelihood: -1339507.232515
[05:59:13] Bootstrap tree #31, logLikelihood: -1365258.751784
[06:11:10] Bootstrap tree #32, logLikelihood: -1377210.597511
[06:22:03] Bootstrap tree #33, logLikelihood: -1364481.288717
[06:31:55] Bootstrap tree #34, logLikelihood: -1342334.136848
[06:43:01] Bootstrap tree #35, logLikelihood: -1342902.730827
[06:57:22] Bootstrap tree #36, logLikelihood: -1359123.044443
[07:11:37] Bootstrap tree #37, logLikelihood: -1350613.600719
[07:21:26] Bootstrap tree #38, logLikelihood: -1348584.290891
[07:31:57] Bootstrap tree #39, logLikelihood: -1354035.225547
[07:43:46] Bootstrap tree #40, logLikelihood: -1375215.375194
[07:58:37] Bootstrap tree #41, logLikelihood: -1357628.605255
[08:10:35] Bootstrap tree #42, logLikelihood: -1363911.461080
[08:23:08] Bootstrap tree #43, logLikelihood: -1356115.641444
[08:37:48] Bootstrap tree #44, logLikelihood: -1370179.775224
[08:49:18] Bootstrap tree #45, logLikelihood: -1364271.531999
[09:01:09] Bootstrap tree #46, logLikelihood: -1356374.043477
[09:10:42] Bootstrap tree #47, logLikelihood: -1343486.742759
[09:21:07] Bootstrap tree #48, logLikelihood: -1348012.095287
[09:32:42] Bootstrap tree #49, logLikelihood: -1367434.689695
[09:42:29] Bootstrap tree #50, logLikelihood: -1355417.903660
[09:52:34] Bootstrap tree #51, logLikelihood: -1353593.814521
[10:04:25] Bootstrap tree #52, logLikelihood: -1356106.191624
[10:14:23] Bootstrap tree #53, logLikelihood: -1364086.285342
[10:25:15] Bootstrap tree #54, logLikelihood: -1357371.860057
[10:37:10] Bootstrap tree #55, logLikelihood: -1355544.679398
[10:47:15] Bootstrap tree #56, logLikelihood: -1374254.236626
[11:00:50] Bootstrap tree #57, logLikelihood: -1360168.079787
[11:12:03] Bootstrap tree #58, logLikelihood: -1349079.885138
[11:23:25] Bootstrap tree #59, logLikelihood: -1352767.446180
[11:35:12] Bootstrap tree #60, logLikelihood: -1363902.459526
[11:45:42] Bootstrap tree #61, logLikelihood: -1358757.268606
[11:55:47] Bootstrap tree #62, logLikelihood: -1337879.693869
[12:06:33] Bootstrap tree #63, logLikelihood: -1355665.203738
[12:17:40] Bootstrap tree #64, logLikelihood: -1350752.898968
[12:31:10] Bootstrap tree #65, logLikelihood: -1354537.936437
[12:42:42] Bootstrap tree #66, logLikelihood: -1368875.165332
[12:52:50] Bootstrap tree #67, logLikelihood: -1353402.006393
[13:07:28] Bootstrap tree #68, logLikelihood: -1350274.131603
[13:19:52] Bootstrap tree #69, logLikelihood: -1343700.396182
[13:32:24] Bootstrap tree #70, logLikelihood: -1361814.389711
[13:43:37] Bootstrap tree #71, logLikelihood: -1343721.119564
[13:54:51] Bootstrap tree #72, logLikelihood: -1385852.155614
[14:05:10] Bootstrap tree #73, logLikelihood: -1366069.097929
[14:17:30] Bootstrap tree #74, logLikelihood: -1349751.305875
[14:28:44] Bootstrap tree #75, logLikelihood: -1363738.456259
[14:42:38] Bootstrap tree #76, logLikelihood: -1364166.919849
[14:53:44] Bootstrap tree #77, logLikelihood: -1368907.292055
[15:04:59] Bootstrap tree #78, logLikelihood: -1375501.773154
[15:15:27] Bootstrap tree #79, logLikelihood: -1366640.692499

RAxML-NG v. 1.1.0-master released on 22.06.2022 by The Exelixis Lab.
Developed by: Alexey M. Kozlov and Alexandros Stamatakis.
Contributors: Diego Darriba, Tomas Flouri, Benoit Morel, Sarah Lutteropp, Ben Bettisworth.
Latest version: https://github.com/amkozlov/raxml-ng
Questions/problems/suggestions? Please visit: https://groups.google.com/forum/#!forum/raxml

System: Intel(R) Xeon(R) CPU E5-2680 v4 @ 2.40GHz, 28 cores, 62 GB RAM

RAxML-NG was called at 05-Aug-2023 16:07:57 as follows:

raxml-ng-mpi --bootstrap --msa picornaviridae_full_align.fasta --model GTR+G4 --prefix T6 --seed 5 --threads auto{9}

Analysis options:
  run mode: Bootstrapping
  start tree(s): 
  bootstrap replicates: max: 1000 + bootstopping (autoMRE, cutoff: 0.030000)
  random seed: 5
  tip-inner: OFF
  pattern compression: ON
  per-rate scalers: OFF
  site repeats: ON
  branch lengths: proportional (ML estimate, algorithm: NR-FAST)
  SIMD kernels: AVX2
  parallelization: coarse-grained (auto), PTHREADS (auto)

WARNING: The model you specified on the command line (GTR+G4) will be ignored 
         since the binary MSA file already contains a model definition.
         If you want to change the model, please re-run RAxML-NG 
         with the original PHYLIP/FASTA alignment and --redo option.

[00:00:01] Loading binary alignment from file: T6.raxml.rba
[00:00:01] Alignment comprises 179 taxa, 1 partitions and 24954 patterns

Partition 0: noname
Model: GTR+FO+G4m
Alignment sites / patterns: 46089 / 24954
Gaps: 82.80 %
Invariant sites: 47.49 %


Parallelization scheme autoconfig: 1 worker(s) x 9 thread(s)

Parallel reduction/worker buffer size: 1 KB  / 0 KB

[00:00:01] NOTE: Resuming execution from checkpoint (logLH: -1496888.82, ML trees: 0, bootstraps: 79)
[00:00:01] Data distribution: max. partitions/sites/weight per thread: 1 / 2773 / 44368
[00:00:02] Data distribution: max. searches per worker: 921
[00:00:02] Starting bootstrapping analysis with 1000 replicates.

[00:10:42] Bootstrap tree #80, logLikelihood: -1353993.859187
[00:19:45] Bootstrap tree #81, logLikelihood: -1383958.455583
[00:32:55] Bootstrap tree #82, logLikelihood: -1357887.994817
[00:44:58] Bootstrap tree #83, logLikelihood: -1348460.470759
[00:55:06] Bootstrap tree #84, logLikelihood: -1351997.872251
[01:05:00] Bootstrap tree #85, logLikelihood: -1360871.802479
[01:16:10] Bootstrap tree #86, logLikelihood: -1370071.281203
[01:27:46] Bootstrap tree #87, logLikelihood: -1343573.978646
[01:39:38] Bootstrap tree #88, logLikelihood: -1356221.787988
[01:54:55] Bootstrap tree #89, logLikelihood: -1346908.164742
[02:06:00] Bootstrap tree #90, logLikelihood: -1352286.256117
[02:18:20] Bootstrap tree #91, logLikelihood: -1366562.794697
[02:26:50] Bootstrap tree #92, logLikelihood: -1366628.742641
[02:37:35] Bootstrap tree #93, logLikelihood: -1372130.239136
[02:48:25] Bootstrap tree #94, logLikelihood: -1359830.901911
[02:58:58] Bootstrap tree #95, logLikelihood: -1361340.251322
[03:10:40] Bootstrap tree #96, logLikelihood: -1353937.827420
[03:20:34] Bootstrap tree #97, logLikelihood: -1349992.326248
[03:32:53] Bootstrap tree #98, logLikelihood: -1358200.892348
[03:42:27] Bootstrap tree #99, logLikelihood: -1360656.450370
[03:52:28] Bootstrap tree #100, logLikelihood: -1378823.518089
[04:05:04] Bootstrap tree #101, logLikelihood: -1344226.447718
[04:16:22] Bootstrap tree #102, logLikelihood: -1363132.068912
[04:27:41] Bootstrap tree #103, logLikelihood: -1369590.095530
[04:41:53] Bootstrap tree #104, logLikelihood: -1346914.878809
[04:51:47] Bootstrap tree #105, logLikelihood: -1355492.190843
[05:00:48] Bootstrap tree #106, logLikelihood: -1375178.628478
[05:13:11] Bootstrap tree #107, logLikelihood: -1361583.228320
[05:24:34] Bootstrap tree #108, logLikelihood: -1363454.893853
[05:33:31] Bootstrap tree #109, logLikelihood: -1331026.152085
[05:44:29] Bootstrap tree #110, logLikelihood: -1323916.029079
[05:55:40] Bootstrap tree #111, logLikelihood: -1344189.356485
[06:05:03] Bootstrap tree #112, logLikelihood: -1362560.402725
[06:17:27] Bootstrap tree #113, logLikelihood: -1359474.516410
[06:27:29] Bootstrap tree #114, logLikelihood: -1360242.681866
[06:36:25] Bootstrap tree #115, logLikelihood: -1352153.111374
[06:46:06] Bootstrap tree #116, logLikelihood: -1388238.368818
[06:56:18] Bootstrap tree #117, logLikelihood: -1356349.098224
[07:09:11] Bootstrap tree #118, logLikelihood: -1364574.091464
[07:19:36] Bootstrap tree #119, logLikelihood: -1352382.626719
[07:33:03] Bootstrap tree #120, logLikelihood: -1367614.496745
[07:42:56] Bootstrap tree #121, logLikelihood: -1381165.141703
[07:51:40] Bootstrap tree #122, logLikelihood: -1357296.413071
[08:04:27] Bootstrap tree #123, logLikelihood: -1374720.700190
[08:16:10] Bootstrap tree #124, logLikelihood: -1354701.964272
[08:25:22] Bootstrap tree #125, logLikelihood: -1372589.679685
[08:36:06] Bootstrap tree #126, logLikelihood: -1379414.052635
[08:46:13] Bootstrap tree #127, logLikelihood: -1345259.579379
[08:56:48] Bootstrap tree #128, logLikelihood: -1353431.762672
[09:07:34] Bootstrap tree #129, logLikelihood: -1347625.536825
[09:18:13] Bootstrap tree #130, logLikelihood: -1377980.408028
[09:31:44] Bootstrap tree #131, logLikelihood: -1374181.980972
[09:41:26] Bootstrap tree #132, logLikelihood: -1358659.775841
[09:52:19] Bootstrap tree #133, logLikelihood: -1366349.040817
[10:05:06] Bootstrap tree #134, logLikelihood: -1359367.262470
[10:14:25] Bootstrap tree #135, logLikelihood: -1349254.778938
[10:25:01] Bootstrap tree #136, logLikelihood: -1360110.360674
[10:35:24] Bootstrap tree #137, logLikelihood: -1362589.236112
[10:52:51] Bootstrap tree #138, logLikelihood: -1353901.428986
[11:08:19] Bootstrap tree #139, logLikelihood: -1377383.846803
[11:18:56] Bootstrap tree #140, logLikelihood: -1354024.378605
[11:27:34] Bootstrap tree #141, logLikelihood: -1360097.108982
[11:39:46] Bootstrap tree #142, logLikelihood: -1348490.594987
[11:50:31] Bootstrap tree #143, logLikelihood: -1364624.229605
[11:59:18] Bootstrap tree #144, logLikelihood: -1359443.505996
[12:08:36] Bootstrap tree #145, logLikelihood: -1357065.396283
[12:21:50] Bootstrap tree #146, logLikelihood: -1352468.739925
[12:31:56] Bootstrap tree #147, logLikelihood: -1345552.551341
[12:41:18] Bootstrap tree #148, logLikelihood: -1348800.319547
[12:51:06] Bootstrap tree #149, logLikelihood: -1352886.479803
[13:00:51] Bootstrap tree #150, logLikelihood: -1359819.033361
[13:13:48] Bootstrap tree #151, logLikelihood: -1365227.523739
[13:25:47] Bootstrap tree #152, logLikelihood: -1383398.928312
[13:34:38] Bootstrap tree #153, logLikelihood: -1356081.885628
[13:44:52] Bootstrap tree #154, logLikelihood: -1369057.456527
[13:53:44] Bootstrap tree #155, logLikelihood: -1346792.788642
[14:03:12] Bootstrap tree #156, logLikelihood: -1358704.646747
[14:11:39] Bootstrap tree #157, logLikelihood: -1362256.155059
[14:23:53] Bootstrap tree #158, logLikelihood: -1377599.039803
[14:35:41] Bootstrap tree #159, logLikelihood: -1364970.009248
[14:45:51] Bootstrap tree #160, logLikelihood: -1356426.338961
[14:56:35] Bootstrap tree #161, logLikelihood: -1348635.257484
[15:07:16] Bootstrap tree #162, logLikelihood: -1358503.076179
[15:16:07] Bootstrap tree #163, logLikelihood: -1357074.748684
[15:25:48] Bootstrap tree #164, logLikelihood: -1356784.979443
[15:35:45] Bootstrap tree #165, logLikelihood: -1378201.508497
[15:44:50] Bootstrap tree #166, logLikelihood: -1333426.727337
[15:57:34] Bootstrap tree #167, logLikelihood: -1369091.808749
[16:06:51] Bootstrap tree #168, logLikelihood: -1353375.859022
[16:19:11] Bootstrap tree #169, logLikelihood: -1357652.799254
[16:28:16] Bootstrap tree #170, logLikelihood: -1367212.761177
[16:38:00] Bootstrap tree #171, logLikelihood: -1380692.470463
[16:47:33] Bootstrap tree #172, logLikelihood: -1384469.590372
[17:00:04] Bootstrap tree #173, logLikelihood: -1346795.873706
[17:10:08] Bootstrap tree #174, logLikelihood: -1352243.668545
[17:20:55] Bootstrap tree #175, logLikelihood: -1355706.222310
[17:33:00] Bootstrap tree #176, logLikelihood: -1336310.399079
[17:43:19] Bootstrap tree #177, logLikelihood: -1349714.241261
[17:55:03] Bootstrap tree #178, logLikelihood: -1364533.281838
[18:05:51] Bootstrap tree #179, logLikelihood: -1356249.597862
[18:20:01] Bootstrap tree #180, logLikelihood: -1354425.813688
[18:28:23] Bootstrap tree #181, logLikelihood: -1371327.615581
[18:40:47] Bootstrap tree #182, logLikelihood: -1363883.115853
[18:53:13] Bootstrap tree #183, logLikelihood: -1361197.265340
[19:05:23] Bootstrap tree #184, logLikelihood: -1348992.161694
[19:14:50] Bootstrap tree #185, logLikelihood: -1366965.803106
[19:23:53] Bootstrap tree #186, logLikelihood: -1343058.731762
[19:33:32] Bootstrap tree #187, logLikelihood: -1341591.579348
[19:43:40] Bootstrap tree #188, logLikelihood: -1353847.377591
[19:55:44] Bootstrap tree #189, logLikelihood: -1348708.095097
[20:09:29] Bootstrap tree #190, logLikelihood: -1359851.212651
[20:22:41] Bootstrap tree #191, logLikelihood: -1378346.824802
[20:31:21] Bootstrap tree #192, logLikelihood: -1375242.091215
[20:41:01] Bootstrap tree #193, logLikelihood: -1363950.387947
[20:52:37] Bootstrap tree #194, logLikelihood: -1357503.396855
[21:03:57] Bootstrap tree #195, logLikelihood: -1359939.283208
[21:16:35] Bootstrap tree #196, logLikelihood: -1375784.126711
[21:25:40] Bootstrap tree #197, logLikelihood: -1350701.221968
[21:36:25] Bootstrap tree #198, logLikelihood: -1369161.498139
[21:48:57] Bootstrap tree #199, logLikelihood: -1370162.614795
[22:01:26] Bootstrap tree #200, logLikelihood: -1367689.434285
[22:12:32] Bootstrap tree #201, logLikelihood: -1371879.321882
[22:23:19] Bootstrap tree #202, logLikelihood: -1333903.389635
[22:34:49] Bootstrap tree #203, logLikelihood: -1356441.063822
[22:49:25] Bootstrap tree #204, logLikelihood: -1344466.542397
[22:59:37] Bootstrap tree #205, logLikelihood: -1362585.348518
[23:11:37] Bootstrap tree #206, logLikelihood: -1378471.547844
[23:24:44] Bootstrap tree #207, logLikelihood: -1362158.154508
[23:38:50] Bootstrap tree #208, logLikelihood: -1373730.399683
[23:51:07] Bootstrap tree #209, logLikelihood: -1336494.000628
[24:00:44] Bootstrap tree #210, logLikelihood: -1355095.001442
[24:11:50] Bootstrap tree #211, logLikelihood: -1359143.427911
[24:22:52] Bootstrap tree #212, logLikelihood: -1350270.607868
[24:32:57] Bootstrap tree #213, logLikelihood: -1365173.002989
[24:43:30] Bootstrap tree #214, logLikelihood: -1344821.442695
[24:54:00] Bootstrap tree #215, logLikelihood: -1362235.579034
[25:04:51] Bootstrap tree #216, logLikelihood: -1350170.431414
[25:14:32] Bootstrap tree #217, logLikelihood: -1348946.730066
[25:24:00] Bootstrap tree #218, logLikelihood: -1348047.408683
[25:34:18] Bootstrap tree #219, logLikelihood: -1385110.408180
[25:48:59] Bootstrap tree #220, logLikelihood: -1371478.380652
[25:59:47] Bootstrap tree #221, logLikelihood: -1383510.659501
[26:10:59] Bootstrap tree #222, logLikelihood: -1359909.244978
[26:20:59] Bootstrap tree #223, logLikelihood: -1352917.989430
[26:32:47] Bootstrap tree #224, logLikelihood: -1357625.843102
[26:44:52] Bootstrap tree #225, logLikelihood: -1353879.491814
[26:54:59] Bootstrap tree #226, logLikelihood: -1385605.109195
[27:07:19] Bootstrap tree #227, logLikelihood: -1359184.352048
[27:17:50] Bootstrap tree #228, logLikelihood: -1348484.765252
[27:29:11] Bootstrap tree #229, logLikelihood: -1370324.569323
[27:40:48] Bootstrap tree #230, logLikelihood: -1361162.790684
[27:51:11] Bootstrap tree #231, logLikelihood: -1364752.251916
[28:03:05] Bootstrap tree #232, logLikelihood: -1334295.802817
[28:13:53] Bootstrap tree #233, logLikelihood: -1359736.927418
[28:24:04] Bootstrap tree #234, logLikelihood: -1373368.544279
[28:34:08] Bootstrap tree #235, logLikelihood: -1355766.509567
[28:45:47] Bootstrap tree #236, logLikelihood: -1361497.084156
[28:57:22] Bootstrap tree #237, logLikelihood: -1340094.881620
[29:08:27] Bootstrap tree #238, logLikelihood: -1351045.891874
[29:17:45] Bootstrap tree #239, logLikelihood: -1380569.044844
[29:28:23] Bootstrap tree #240, logLikelihood: -1359201.239427
[29:40:48] Bootstrap tree #241, logLikelihood: -1350857.900096
[29:51:27] Bootstrap tree #242, logLikelihood: -1373464.959563
[30:02:27] Bootstrap tree #243, logLikelihood: -1341840.985815
[30:14:46] Bootstrap tree #244, logLikelihood: -1354949.299212
[30:25:42] Bootstrap tree #245, logLikelihood: -1372640.300887
[30:35:23] Bootstrap tree #246, logLikelihood: -1359591.945197
[30:44:43] Bootstrap tree #247, logLikelihood: -1356379.423711
[30:54:53] Bootstrap tree #248, logLikelihood: -1331096.805497
[31:06:39] Bootstrap tree #249, logLikelihood: -1365876.724156
[31:17:59] Bootstrap tree #250, logLikelihood: -1359451.028471
[31:28:55] Bootstrap tree #251, logLikelihood: -1334004.421554
[31:39:23] Bootstrap tree #252, logLikelihood: -1350332.920900
[31:52:26] Bootstrap tree #253, logLikelihood: -1348822.859336
[32:04:13] Bootstrap tree #254, logLikelihood: -1365228.714405
[32:16:52] Bootstrap tree #255, logLikelihood: -1365980.805565
[32:28:34] Bootstrap tree #256, logLikelihood: -1356315.873202
[32:39:49] Bootstrap tree #257, logLikelihood: -1353308.896152
[32:50:38] Bootstrap tree #258, logLikelihood: -1375544.646379
[33:01:12] Bootstrap tree #259, logLikelihood: -1381686.402895
[33:11:20] Bootstrap tree #260, logLikelihood: -1351521.353569
[33:22:12] Bootstrap tree #261, logLikelihood: -1343081.136651
[33:33:27] Bootstrap tree #262, logLikelihood: -1355478.875909
[33:43:11] Bootstrap tree #263, logLikelihood: -1346831.721212
[33:55:44] Bootstrap tree #264, logLikelihood: -1364008.675284
[34:08:42] Bootstrap tree #265, logLikelihood: -1368392.233618
[34:20:28] Bootstrap tree #266, logLikelihood: -1349027.812758
[34:30:24] Bootstrap tree #267, logLikelihood: -1342598.883996
[34:40:42] Bootstrap tree #268, logLikelihood: -1352187.621542
[34:50:33] Bootstrap tree #269, logLikelihood: -1348579.498349
[35:01:40] Bootstrap tree #270, logLikelihood: -1361119.397606
[35:12:50] Bootstrap tree #271, logLikelihood: -1367497.547884
[35:23:01] Bootstrap tree #272, logLikelihood: -1372606.646538
[35:33:54] Bootstrap tree #273, logLikelihood: -1349947.765561
[35:44:57] Bootstrap tree #274, logLikelihood: -1368890.118342
[35:54:30] Bootstrap tree #275, logLikelihood: -1340681.557739
