ERROR: Unable to locate a modulefile for 'emacs/25.1'
ERROR: Unable to locate a modulefile for 'python/3.6'
ERROR: Unable to locate a modulefile for 'java/1.8.0_121'
ERROR: Unable to locate a modulefile for 'cmake/3.15.1'

RAxML-NG v. 1.1.0-master released on 22.06.2022 by The Exelixis Lab.
Developed by: Alexey M. Kozlov and Alexandros Stamatakis.
Contributors: Diego Darriba, Tomas Flouri, Benoit Morel, Sarah Lutteropp, Ben Bettisworth.
Latest version: https://github.com/amkozlov/raxml-ng
Questions/problems/suggestions? Please visit: https://groups.google.com/forum/#!forum/raxml

System: Intel(R) Xeon(R) CPU E5-2680 v4 @ 2.40GHz, 28 cores, 62 GB RAM

RAxML-NG was called at 02-Aug-2024 14:35:56 as follows:

raxml-ng-mpi --all --msa tescho_full_align.fasta --model TIM2+G4 --prefix T1 --seed 1 --threads auto{9} --bs-metric fbp,tbe

Analysis options:
  run mode: ML tree search + bootstrapping (Felsenstein Bootstrap + Transfer Bootstrap)
  start tree(s): random (10) + parsimony (10)
  bootstrap replicates: max: 1000 + bootstopping (autoMRE, cutoff: 0.030000)
  random seed: 1
  tip-inner: OFF
  pattern compression: ON
  per-rate scalers: OFF
  site repeats: ON
  branch lengths: proportional (ML estimate, algorithm: NR-FAST)
  SIMD kernels: AVX2
  parallelization: coarse-grained (auto), PTHREADS (auto)

[00:00:02] Reading alignment from file: tescho_full_align.fasta
[00:00:02] Loaded alignment with 38 taxa and 12393 sites

Alignment comprises 1 partitions and 5639 patterns

Partition 0: noname
Model: TIM2+G4m
Alignment sites / patterns: 12393 / 5639
Gaps: 42.97 %
Invariant sites: 47.10 %


NOTE: Binary MSA file created: T1.raxml.rba

Parallelization scheme autoconfig: 1 worker(s) x 9 thread(s)

Error calling pthread_setaffinity_np: 22
Error calling pthread_setaffinity_np: 22
Error calling pthread_setaffinity_np: 22
Parallel reduction/worker buffer size: 1 KB  / 0 KB

[00:00:02] Generating 10 random starting tree(s) with 38 taxa
[00:00:02] Generating 10 parsimony starting tree(s) with 38 taxa
[00:00:02] Data distribution: max. partitions/sites/weight per thread: 1 / 627 / 10032
[00:00:02] Data distribution: max. searches per worker: 1020

Starting ML tree search with 20 distinct starting trees

[00:00:11] ML tree search #1, logLikelihood: -127844.264562
[00:00:19] ML tree search #2, logLikelihood: -127844.284451
[00:00:26] ML tree search #3, logLikelihood: -127844.269209
[00:00:34] ML tree search #4, logLikelihood: -127844.274834
[00:00:41] ML tree search #5, logLikelihood: -127844.276085
[00:00:48] ML tree search #6, logLikelihood: -127844.291788
[00:00:56] ML tree search #7, logLikelihood: -127844.268322
[00:01:03] ML tree search #8, logLikelihood: -127844.265357
[00:01:10] ML tree search #9, logLikelihood: -127844.278535
[00:01:18] ML tree search #10, logLikelihood: -127844.264399
[00:01:25] ML tree search #11, logLikelihood: -127844.266212
[00:01:30] ML tree search #12, logLikelihood: -127844.275589
[00:01:37] ML tree search #13, logLikelihood: -127844.273331
[00:01:46] ML tree search #14, logLikelihood: -127844.270101
[00:01:51] ML tree search #15, logLikelihood: -127844.277797
[00:01:56] ML tree search #16, logLikelihood: -127844.275105
[00:02:03] ML tree search #17, logLikelihood: -127844.271372
[00:02:08] ML tree search #18, logLikelihood: -127844.270333
[00:02:13] ML tree search #19, logLikelihood: -127844.273839
[00:02:18] ML tree search #20, logLikelihood: -127844.270575

[00:02:18] ML tree search completed, best tree logLH: -127844.264399

[00:02:18] Starting bootstrapping analysis with 1000 replicates.

[00:02:26] Bootstrap tree #1, logLikelihood: -127269.942240
[00:02:31] Bootstrap tree #2, logLikelihood: -127815.503125
[00:02:38] Bootstrap tree #3, logLikelihood: -128218.860808
[00:02:43] Bootstrap tree #4, logLikelihood: -129405.503132
[00:02:49] Bootstrap tree #5, logLikelihood: -129015.735214
[00:02:57] Bootstrap tree #6, logLikelihood: -127254.613646
[00:03:03] Bootstrap tree #7, logLikelihood: -125607.078543
[00:03:11] Bootstrap tree #8, logLikelihood: -127129.718811
[00:03:16] Bootstrap tree #9, logLikelihood: -127323.390985
[00:03:22] Bootstrap tree #10, logLikelihood: -128032.119734
[00:03:27] Bootstrap tree #11, logLikelihood: -127801.685951
[00:03:34] Bootstrap tree #12, logLikelihood: -125560.173138
[00:03:40] Bootstrap tree #13, logLikelihood: -127396.944637
[00:03:45] Bootstrap tree #14, logLikelihood: -129070.753229
[00:03:53] Bootstrap tree #15, logLikelihood: -128049.121421
[00:03:58] Bootstrap tree #16, logLikelihood: -127319.927082
[00:04:03] Bootstrap tree #17, logLikelihood: -127689.734948
[00:04:09] Bootstrap tree #18, logLikelihood: -128128.847883
[00:04:15] Bootstrap tree #19, logLikelihood: -125747.783960
[00:04:20] Bootstrap tree #20, logLikelihood: -127295.103533
[00:04:26] Bootstrap tree #21, logLikelihood: -128286.198242
[00:04:33] Bootstrap tree #22, logLikelihood: -128364.504594
[00:04:41] Bootstrap tree #23, logLikelihood: -127027.419174
[00:04:46] Bootstrap tree #24, logLikelihood: -127002.613212
[00:04:52] Bootstrap tree #25, logLikelihood: -129179.160600
[00:04:58] Bootstrap tree #26, logLikelihood: -129572.092856
[00:05:04] Bootstrap tree #27, logLikelihood: -131326.449205
[00:05:09] Bootstrap tree #28, logLikelihood: -127798.904200
[00:05:15] Bootstrap tree #29, logLikelihood: -127974.096327
[00:05:22] Bootstrap tree #30, logLikelihood: -127478.716001
[00:05:28] Bootstrap tree #31, logLikelihood: -128035.272226
[00:05:34] Bootstrap tree #32, logLikelihood: -127656.276901
[00:05:40] Bootstrap tree #33, logLikelihood: -128683.411693
[00:05:45] Bootstrap tree #34, logLikelihood: -127999.272209
[00:05:51] Bootstrap tree #35, logLikelihood: -128716.841073
[00:05:56] Bootstrap tree #36, logLikelihood: -127232.493854
[00:06:02] Bootstrap tree #37, logLikelihood: -130324.620543
[00:06:07] Bootstrap tree #38, logLikelihood: -129795.074381
[00:06:13] Bootstrap tree #39, logLikelihood: -129627.627096
[00:06:20] Bootstrap tree #40, logLikelihood: -127643.397419
[00:06:25] Bootstrap tree #41, logLikelihood: -128616.382597
[00:06:31] Bootstrap tree #42, logLikelihood: -126697.020666
[00:06:36] Bootstrap tree #43, logLikelihood: -128692.976846
[00:06:43] Bootstrap tree #44, logLikelihood: -128963.058050
[00:06:49] Bootstrap tree #45, logLikelihood: -127471.838756
[00:06:54] Bootstrap tree #46, logLikelihood: -125707.595384
[00:07:00] Bootstrap tree #47, logLikelihood: -126152.575896
[00:07:06] Bootstrap tree #48, logLikelihood: -125420.011991
[00:07:11] Bootstrap tree #49, logLikelihood: -129776.764028
[00:07:19] Bootstrap tree #50, logLikelihood: -125229.223993
[00:07:24] Bootstrap tree #51, logLikelihood: -128832.068926
[00:07:33] Bootstrap tree #52, logLikelihood: -128890.111166
[00:07:38] Bootstrap tree #53, logLikelihood: -124782.297723
[00:07:48] Bootstrap tree #54, logLikelihood: -128445.655827
[00:07:53] Bootstrap tree #55, logLikelihood: -129833.159217
[00:07:58] Bootstrap tree #56, logLikelihood: -128315.568003
[00:08:03] Bootstrap tree #57, logLikelihood: -129311.748338
[00:08:08] Bootstrap tree #58, logLikelihood: -129528.693280
[00:08:14] Bootstrap tree #59, logLikelihood: -126826.523029
[00:08:19] Bootstrap tree #60, logLikelihood: -127579.869025
[00:08:25] Bootstrap tree #61, logLikelihood: -127512.336782
[00:08:31] Bootstrap tree #62, logLikelihood: -128197.749810
[00:08:39] Bootstrap tree #63, logLikelihood: -127488.955623
[00:08:44] Bootstrap tree #64, logLikelihood: -127404.648306
[00:08:50] Bootstrap tree #65, logLikelihood: -126180.590529
[00:08:55] Bootstrap tree #66, logLikelihood: -129604.766033
[00:09:01] Bootstrap tree #67, logLikelihood: -129146.598919
[00:09:06] Bootstrap tree #68, logLikelihood: -128354.987149
[00:09:11] Bootstrap tree #69, logLikelihood: -129089.178618
[00:09:17] Bootstrap tree #70, logLikelihood: -128688.330239
[00:09:23] Bootstrap tree #71, logLikelihood: -129074.570283
[00:09:28] Bootstrap tree #72, logLikelihood: -126850.898787
[00:09:35] Bootstrap tree #73, logLikelihood: -128711.002211
[00:09:43] Bootstrap tree #74, logLikelihood: -128753.330349
[00:09:49] Bootstrap tree #75, logLikelihood: -127859.798549
[00:09:54] Bootstrap tree #76, logLikelihood: -126295.791384
[00:10:00] Bootstrap tree #77, logLikelihood: -128573.071066
[00:10:07] Bootstrap tree #78, logLikelihood: -128070.905331
[00:10:12] Bootstrap tree #79, logLikelihood: -128337.073320
[00:10:17] Bootstrap tree #80, logLikelihood: -125320.550714
[00:10:22] Bootstrap tree #81, logLikelihood: -125656.502173
[00:10:28] Bootstrap tree #82, logLikelihood: -130223.103409
[00:10:35] Bootstrap tree #83, logLikelihood: -126034.030766
[00:10:41] Bootstrap tree #84, logLikelihood: -126667.279419
[00:10:48] Bootstrap tree #85, logLikelihood: -127182.308273
[00:10:54] Bootstrap tree #86, logLikelihood: -128217.501714
[00:11:00] Bootstrap tree #87, logLikelihood: -127306.537886
[00:11:06] Bootstrap tree #88, logLikelihood: -128816.829583
[00:11:11] Bootstrap tree #89, logLikelihood: -128905.744741
[00:11:16] Bootstrap tree #90, logLikelihood: -129072.568017
[00:11:23] Bootstrap tree #91, logLikelihood: -129492.387301
[00:11:32] Bootstrap tree #92, logLikelihood: -129456.896824
[00:11:37] Bootstrap tree #93, logLikelihood: -127530.465786
[00:11:43] Bootstrap tree #94, logLikelihood: -128740.938083
[00:11:50] Bootstrap tree #95, logLikelihood: -125059.699737
[00:11:55] Bootstrap tree #96, logLikelihood: -126631.042509
[00:12:01] Bootstrap tree #97, logLikelihood: -128396.859895
[00:12:06] Bootstrap tree #98, logLikelihood: -131014.557649
[00:12:12] Bootstrap tree #99, logLikelihood: -127495.838688
[00:12:18] Bootstrap tree #100, logLikelihood: -128308.566683
[00:12:18] Bootstrapping converged after 100 replicates.

Optimized model parameters:

   Partition 0: noname
   Rate heterogeneity: GAMMA (4 cats, mean),  alpha: 0.459563 (ML),  weights&rates: (0.250000,0.026161) (0.250000,0.224700) (0.250000,0.788460) (0.250000,2.960679) 
   Base frequencies (model): 0.250000 0.250000 0.250000 0.250000 
   Substitution rates (ML): 2.600846 6.435126 2.600846 1.000000 10.126751 1.000000 


Final LogLikelihood: -127844.264399

AIC score: 255842.528798 / AICc score: 255843.504194 / BIC score: 256414.245103
Free parameters (model + branch lengths): 77

Best ML tree saved to: /home/gkettenburg/RAxML_tree/tescho_tree/T1.raxml.bestTree
All ML trees saved to: /home/gkettenburg/RAxML_tree/tescho_tree/T1.raxml.mlTrees
Best ML tree with Felsenstein bootstrap (FBP) support values saved to: /home/gkettenburg/RAxML_tree/tescho_tree/T1.raxml.supportFBP
Best ML tree with Transfer bootstrap (TBE) support values saved to: /home/gkettenburg/RAxML_tree/tescho_tree/T1.raxml.supportTBE
Optimized model saved to: /home/gkettenburg/RAxML_tree/tescho_tree/T1.raxml.bestModel
Bootstrap trees saved to: /home/gkettenburg/RAxML_tree/tescho_tree/T1.raxml.bootstraps

Execution log saved to: /home/gkettenburg/RAxML_tree/tescho_tree/T1.raxml.log

Analysis started: 02-Aug-2024 14:35:56 / finished: 02-Aug-2024 14:48:15

Elapsed time: 738.876 seconds

Consumed energy: 31.939 Wh

