ERROR: Unable to locate a modulefile for 'emacs/25.1'
ERROR: Unable to locate a modulefile for 'python/3.6'
ERROR: Unable to locate a modulefile for 'java/1.8.0_121'
ERROR: Unable to locate a modulefile for 'cmake/3.15.1'

RAxML-NG v. 1.1.0-master released on 22.06.2022 by The Exelixis Lab.
Developed by: Alexey M. Kozlov and Alexandros Stamatakis.
Contributors: Diego Darriba, Tomas Flouri, Benoit Morel, Sarah Lutteropp, Ben Bettisworth.
Latest version: https://github.com/amkozlov/raxml-ng
Questions/problems/suggestions? Please visit: https://groups.google.com/forum/#!forum/raxml

System: Intel(R) Xeon(R) CPU E5-2680 v4 @ 2.40GHz, 28 cores, 62 GB RAM

RAxML-NG was called at 10-Jun-2024 16:31:28 as follows:

raxml-ng-mpi --bootstrap --msa kobu_all_align.fasta --model GTR+I+G4 --prefix T3 --seed 2 --threads auto{8}

Analysis options:
  run mode: Bootstrapping
  start tree(s): 
  bootstrap replicates: max: 1000 + bootstopping (autoMRE, cutoff: 0.030000)
  random seed: 2
  tip-inner: OFF
  pattern compression: ON
  per-rate scalers: OFF
  site repeats: ON
  branch lengths: proportional (ML estimate, algorithm: NR-FAST)
  SIMD kernels: AVX2
  parallelization: coarse-grained (auto), PTHREADS (auto)

[00:00:00] Reading alignment from file: kobu_all_align.fasta
[00:00:00] Loaded alignment with 182 taxa and 13651 sites

WARNING: Sequences JF755427.1 and NC_015936.1 are exactly identical!
WARNING: Sequences JQ911763.1 and OP093967.1 are exactly identical!
WARNING: Sequences EU787450.2 and NC_011829.1 are exactly identical!
WARNING: Sequences MK962335.1 and MK962336.1 are exactly identical!
WARNING: Sequences MK962335.1 and ON792976.1 are exactly identical!
WARNING: Sequences MK962334.1 and ON792975.1 are exactly identical!
WARNING: Duplicate sequences found: 6

NOTE: Reduced alignment (with duplicates and gap-only sites/taxa removed) 
NOTE: was saved to: /home/gkettenburg/RAxML_tree/kobu_tree/T3.raxml.reduced.phy

Alignment comprises 1 partitions and 9036 patterns

Partition 0: noname
Model: GTR+FO+I+G4m
Alignment sites / patterns: 13651 / 9036
Gaps: 42.15 %
Invariant sites: 31.98 %


NOTE: Binary MSA file created: T3.raxml.rba

Parallelization scheme autoconfig: 1 worker(s) x 8 thread(s)

Parallel reduction/worker buffer size: 1 KB  / 0 KB

[00:00:00] Data distribution: max. partitions/sites/weight per thread: 1 / 1130 / 18080
[00:00:00] Data distribution: max. searches per worker: 1000
[00:00:00] Starting bootstrapping analysis with 1000 replicates.

[00:03:14] Bootstrap tree #1, logLikelihood: -385840.584189
[00:06:44] Bootstrap tree #2, logLikelihood: -393151.402054
[00:09:56] Bootstrap tree #3, logLikelihood: -389774.788354
[00:12:57] Bootstrap tree #4, logLikelihood: -392027.162219
[00:16:20] Bootstrap tree #5, logLikelihood: -393972.400457
[00:19:03] Bootstrap tree #6, logLikelihood: -395035.522445
[00:21:53] Bootstrap tree #7, logLikelihood: -385938.088094
[00:24:22] Bootstrap tree #8, logLikelihood: -386114.106800
[00:27:20] Bootstrap tree #9, logLikelihood: -390556.082953
[00:30:17] Bootstrap tree #10, logLikelihood: -387861.085204
[00:33:13] Bootstrap tree #11, logLikelihood: -397244.828186
[00:36:23] Bootstrap tree #12, logLikelihood: -386062.162999
[00:39:41] Bootstrap tree #13, logLikelihood: -377746.301579
[00:42:20] Bootstrap tree #14, logLikelihood: -387968.016364
[00:45:06] Bootstrap tree #15, logLikelihood: -388002.662020
[00:49:02] Bootstrap tree #16, logLikelihood: -385654.560349
[00:52:34] Bootstrap tree #17, logLikelihood: -392419.506903
[00:55:43] Bootstrap tree #18, logLikelihood: -385715.157201
[00:58:41] Bootstrap tree #19, logLikelihood: -391538.830804
[01:01:37] Bootstrap tree #20, logLikelihood: -389154.957206
[01:04:46] Bootstrap tree #21, logLikelihood: -383342.987414
[01:07:46] Bootstrap tree #22, logLikelihood: -398303.283638
[01:10:39] Bootstrap tree #23, logLikelihood: -391718.802031
[01:14:29] Bootstrap tree #24, logLikelihood: -386917.454718
[01:17:33] Bootstrap tree #25, logLikelihood: -387205.260230
[01:21:53] Bootstrap tree #26, logLikelihood: -386892.626822
[01:24:23] Bootstrap tree #27, logLikelihood: -380742.421010
[01:27:45] Bootstrap tree #28, logLikelihood: -384889.733499
[01:31:00] Bootstrap tree #29, logLikelihood: -385660.857980
[01:34:23] Bootstrap tree #30, logLikelihood: -387899.827776
[01:37:01] Bootstrap tree #31, logLikelihood: -383085.890605
[01:39:45] Bootstrap tree #32, logLikelihood: -386765.945593
[01:42:51] Bootstrap tree #33, logLikelihood: -392633.740619
[01:45:44] Bootstrap tree #34, logLikelihood: -388100.452011
[01:48:53] Bootstrap tree #35, logLikelihood: -385338.988673
[01:51:36] Bootstrap tree #36, logLikelihood: -388590.658900
[01:54:42] Bootstrap tree #37, logLikelihood: -388500.820028
[01:57:40] Bootstrap tree #38, logLikelihood: -386554.494438
[02:00:35] Bootstrap tree #39, logLikelihood: -387687.821465
[02:04:19] Bootstrap tree #40, logLikelihood: -390823.599935
[02:07:46] Bootstrap tree #41, logLikelihood: -384690.451319
[02:10:47] Bootstrap tree #42, logLikelihood: -382397.855552
[02:14:19] Bootstrap tree #43, logLikelihood: -386150.804569
[02:17:15] Bootstrap tree #44, logLikelihood: -391092.411442
[02:19:50] Bootstrap tree #45, logLikelihood: -385634.891986
[02:23:06] Bootstrap tree #46, logLikelihood: -391324.259381
[02:26:08] Bootstrap tree #47, logLikelihood: -385240.275276
[02:29:27] Bootstrap tree #48, logLikelihood: -388148.392566
[02:32:11] Bootstrap tree #49, logLikelihood: -386508.088471
[02:35:18] Bootstrap tree #50, logLikelihood: -390547.334118
[02:38:45] Bootstrap tree #51, logLikelihood: -381246.630703
[02:42:05] Bootstrap tree #52, logLikelihood: -392189.008101
[02:45:22] Bootstrap tree #53, logLikelihood: -387903.464093
[02:48:28] Bootstrap tree #54, logLikelihood: -381994.708917
[02:52:53] Bootstrap tree #55, logLikelihood: -388526.207509
[02:56:07] Bootstrap tree #56, logLikelihood: -385299.331566
[02:59:07] Bootstrap tree #57, logLikelihood: -389496.392925
[03:02:03] Bootstrap tree #58, logLikelihood: -383925.054906
[03:05:47] Bootstrap tree #59, logLikelihood: -388128.896233
[03:08:16] Bootstrap tree #60, logLikelihood: -383682.284837
[03:11:34] Bootstrap tree #61, logLikelihood: -387177.368603
[03:14:43] Bootstrap tree #62, logLikelihood: -388709.064909
[03:18:07] Bootstrap tree #63, logLikelihood: -389320.013204
[03:20:55] Bootstrap tree #64, logLikelihood: -395155.215794
[03:24:18] Bootstrap tree #65, logLikelihood: -384071.644733
[03:27:38] Bootstrap tree #66, logLikelihood: -389855.357831
[03:30:34] Bootstrap tree #67, logLikelihood: -387529.872225
[03:33:43] Bootstrap tree #68, logLikelihood: -387637.922289
[03:36:44] Bootstrap tree #69, logLikelihood: -383052.203505
[03:40:21] Bootstrap tree #70, logLikelihood: -379434.410909
[03:43:53] Bootstrap tree #71, logLikelihood: -387932.611551
[03:47:36] Bootstrap tree #72, logLikelihood: -387406.056383
[03:50:56] Bootstrap tree #73, logLikelihood: -388057.172282
[03:54:09] Bootstrap tree #74, logLikelihood: -385306.262026
[03:57:12] Bootstrap tree #75, logLikelihood: -392976.954179
[04:00:45] Bootstrap tree #76, logLikelihood: -392976.563384
[04:04:58] Bootstrap tree #77, logLikelihood: -390466.524320
[04:08:35] Bootstrap tree #78, logLikelihood: -392699.347582
[04:12:03] Bootstrap tree #79, logLikelihood: -380487.488867
[04:14:55] Bootstrap tree #80, logLikelihood: -390585.476383
[04:18:41] Bootstrap tree #81, logLikelihood: -389170.555449
[04:21:45] Bootstrap tree #82, logLikelihood: -386154.452186
[04:24:57] Bootstrap tree #83, logLikelihood: -389385.170733
[04:28:12] Bootstrap tree #84, logLikelihood: -385516.424569
[04:31:12] Bootstrap tree #85, logLikelihood: -393764.874503
[04:34:29] Bootstrap tree #86, logLikelihood: -392895.000412
[04:37:53] Bootstrap tree #87, logLikelihood: -389907.008436
[04:41:14] Bootstrap tree #88, logLikelihood: -386178.542951
[04:44:11] Bootstrap tree #89, logLikelihood: -387566.262862
[04:48:10] Bootstrap tree #90, logLikelihood: -381738.766208
[04:51:54] Bootstrap tree #91, logLikelihood: -398662.705554
[04:55:06] Bootstrap tree #92, logLikelihood: -383998.500078
[04:58:07] Bootstrap tree #93, logLikelihood: -383066.304485
[05:01:25] Bootstrap tree #94, logLikelihood: -383174.705994
[05:04:37] Bootstrap tree #95, logLikelihood: -390539.168378
[05:07:39] Bootstrap tree #96, logLikelihood: -395975.777808
[05:10:48] Bootstrap tree #97, logLikelihood: -387610.695440
[05:13:53] Bootstrap tree #98, logLikelihood: -384334.867477
[05:16:54] Bootstrap tree #99, logLikelihood: -393271.255683
[05:20:20] Bootstrap tree #100, logLikelihood: -385533.272856
[05:23:21] Bootstrap tree #101, logLikelihood: -390391.085876
[05:26:26] Bootstrap tree #102, logLikelihood: -389003.522027
[05:29:10] Bootstrap tree #103, logLikelihood: -386903.361889
[05:32:34] Bootstrap tree #104, logLikelihood: -381554.912335
[05:35:47] Bootstrap tree #105, logLikelihood: -387710.552832
[05:39:18] Bootstrap tree #106, logLikelihood: -393114.485261
[05:41:56] Bootstrap tree #107, logLikelihood: -389187.524979
[05:44:48] Bootstrap tree #108, logLikelihood: -382872.469613
[05:47:47] Bootstrap tree #109, logLikelihood: -385571.012122
[05:51:25] Bootstrap tree #110, logLikelihood: -389094.375405
[05:54:13] Bootstrap tree #111, logLikelihood: -394227.820519
[05:56:49] Bootstrap tree #112, logLikelihood: -388260.191031
[05:59:37] Bootstrap tree #113, logLikelihood: -384510.311925
[06:03:04] Bootstrap tree #114, logLikelihood: -398552.300530
[06:06:03] Bootstrap tree #115, logLikelihood: -388574.439384
[06:09:36] Bootstrap tree #116, logLikelihood: -391520.070452
[06:12:27] Bootstrap tree #117, logLikelihood: -389171.216761
[06:15:11] Bootstrap tree #118, logLikelihood: -385769.263446
[06:18:15] Bootstrap tree #119, logLikelihood: -392064.446064
[06:21:04] Bootstrap tree #120, logLikelihood: -379052.374371
[06:24:50] Bootstrap tree #121, logLikelihood: -387781.023228
[06:27:23] Bootstrap tree #122, logLikelihood: -391897.678272
[06:30:24] Bootstrap tree #123, logLikelihood: -382170.403187
[06:33:34] Bootstrap tree #124, logLikelihood: -385509.350307
[06:36:18] Bootstrap tree #125, logLikelihood: -386398.034113
[06:39:48] Bootstrap tree #126, logLikelihood: -382631.671819
[06:42:53] Bootstrap tree #127, logLikelihood: -388390.282502
[06:45:52] Bootstrap tree #128, logLikelihood: -385107.369774
[06:48:32] Bootstrap tree #129, logLikelihood: -384276.871118
[06:51:46] Bootstrap tree #130, logLikelihood: -385664.502623
[06:55:18] Bootstrap tree #131, logLikelihood: -392791.194621
[06:58:11] Bootstrap tree #132, logLikelihood: -391215.852161
[07:01:45] Bootstrap tree #133, logLikelihood: -383887.402509
[07:05:15] Bootstrap tree #134, logLikelihood: -389529.653539
[07:08:08] Bootstrap tree #135, logLikelihood: -388444.417955
[07:11:16] Bootstrap tree #136, logLikelihood: -389652.171224
[07:14:07] Bootstrap tree #137, logLikelihood: -384678.947137
[07:17:05] Bootstrap tree #138, logLikelihood: -389417.381181
[07:20:30] Bootstrap tree #139, logLikelihood: -382608.662175
[07:23:36] Bootstrap tree #140, logLikelihood: -385821.458160
[07:26:28] Bootstrap tree #141, logLikelihood: -382380.602637
[07:29:41] Bootstrap tree #142, logLikelihood: -388532.074504
[07:32:40] Bootstrap tree #143, logLikelihood: -391253.501528
[07:37:48] Bootstrap tree #144, logLikelihood: -382837.680822
[07:40:51] Bootstrap tree #145, logLikelihood: -384794.468069
[07:43:52] Bootstrap tree #146, logLikelihood: -393322.037289
[07:46:40] Bootstrap tree #147, logLikelihood: -392295.295605
[07:51:19] Bootstrap tree #148, logLikelihood: -390899.795716
[07:54:14] Bootstrap tree #149, logLikelihood: -391506.342074
[07:57:14] Bootstrap tree #150, logLikelihood: -388827.770896
[07:59:57] Bootstrap tree #151, logLikelihood: -384447.078529
[08:04:08] Bootstrap tree #152, logLikelihood: -393033.662320
[08:06:59] Bootstrap tree #153, logLikelihood: -392997.993706
[08:09:55] Bootstrap tree #154, logLikelihood: -391439.667391
[08:13:20] Bootstrap tree #155, logLikelihood: -393779.529695
[08:16:55] Bootstrap tree #156, logLikelihood: -384425.047441
[08:19:59] Bootstrap tree #157, logLikelihood: -396637.248167
[08:23:06] Bootstrap tree #158, logLikelihood: -386066.947468
[08:25:57] Bootstrap tree #159, logLikelihood: -393164.822704
[08:29:09] Bootstrap tree #160, logLikelihood: -387384.235949
[08:31:54] Bootstrap tree #161, logLikelihood: -386244.798518
[08:36:17] Bootstrap tree #162, logLikelihood: -390401.367240
[08:39:55] Bootstrap tree #163, logLikelihood: -392838.787046
[08:43:18] Bootstrap tree #164, logLikelihood: -387228.207574
[08:45:58] Bootstrap tree #165, logLikelihood: -388158.145824
[08:48:39] Bootstrap tree #166, logLikelihood: -390057.150357
[08:52:13] Bootstrap tree #167, logLikelihood: -384117.889732
[08:55:05] Bootstrap tree #168, logLikelihood: -392405.874607
[08:59:00] Bootstrap tree #169, logLikelihood: -385355.046090
[09:03:40] Bootstrap tree #170, logLikelihood: -389083.766467
[09:06:14] Bootstrap tree #171, logLikelihood: -381951.951365
[09:09:34] Bootstrap tree #172, logLikelihood: -386148.514616
[09:12:50] Bootstrap tree #173, logLikelihood: -386714.146457
[09:16:17] Bootstrap tree #174, logLikelihood: -381608.343070
[09:19:23] Bootstrap tree #175, logLikelihood: -389457.745331
[09:21:55] Bootstrap tree #176, logLikelihood: -391917.838727
[09:24:45] Bootstrap tree #177, logLikelihood: -390682.231071
[09:27:43] Bootstrap tree #178, logLikelihood: -386252.637516
[09:32:39] Bootstrap tree #179, logLikelihood: -395504.177075
[09:35:47] Bootstrap tree #180, logLikelihood: -386220.492768
[09:38:28] Bootstrap tree #181, logLikelihood: -392066.255403
[09:41:00] Bootstrap tree #182, logLikelihood: -385087.604893
[09:44:03] Bootstrap tree #183, logLikelihood: -392016.698844
[09:47:00] Bootstrap tree #184, logLikelihood: -387278.917547
[09:50:14] Bootstrap tree #185, logLikelihood: -391397.445736
[09:53:59] Bootstrap tree #186, logLikelihood: -388515.568346
[09:58:33] Bootstrap tree #187, logLikelihood: -388068.183650
[10:01:38] Bootstrap tree #188, logLikelihood: -397331.996281
[10:05:39] Bootstrap tree #189, logLikelihood: -392412.649210
[10:09:07] Bootstrap tree #190, logLikelihood: -393140.863111
[10:12:07] Bootstrap tree #191, logLikelihood: -393342.128712
[10:14:51] Bootstrap tree #192, logLikelihood: -388947.881367
[10:17:34] Bootstrap tree #193, logLikelihood: -388027.583496
[10:21:28] Bootstrap tree #194, logLikelihood: -381439.794486
[10:25:30] Bootstrap tree #195, logLikelihood: -382431.122015
[10:28:28] Bootstrap tree #196, logLikelihood: -390459.581876
[10:32:37] Bootstrap tree #197, logLikelihood: -387647.648434
[10:36:23] Bootstrap tree #198, logLikelihood: -384056.263720
[10:40:46] Bootstrap tree #199, logLikelihood: -383464.564174
[10:43:42] Bootstrap tree #200, logLikelihood: -394689.455942
[10:46:39] Bootstrap tree #201, logLikelihood: -386471.954223
[10:50:33] Bootstrap tree #202, logLikelihood: -390683.059170
[10:53:20] Bootstrap tree #203, logLikelihood: -389116.385917
[10:56:18] Bootstrap tree #204, logLikelihood: -389458.076163
[10:59:42] Bootstrap tree #205, logLikelihood: -396752.488353
[11:02:28] Bootstrap tree #206, logLikelihood: -388142.672619
[11:05:35] Bootstrap tree #207, logLikelihood: -387030.986044
[11:09:42] Bootstrap tree #208, logLikelihood: -388386.926572
[11:12:41] Bootstrap tree #209, logLikelihood: -390594.304673
[11:16:09] Bootstrap tree #210, logLikelihood: -389610.327918
[11:19:12] Bootstrap tree #211, logLikelihood: -393414.946460
[11:21:48] Bootstrap tree #212, logLikelihood: -383704.115096
[11:24:33] Bootstrap tree #213, logLikelihood: -389221.666042
[11:27:09] Bootstrap tree #214, logLikelihood: -385625.367928
[11:29:45] Bootstrap tree #215, logLikelihood: -388969.719559
[11:32:36] Bootstrap tree #216, logLikelihood: -388646.548671
[11:35:49] Bootstrap tree #217, logLikelihood: -382794.353463
[11:39:13] Bootstrap tree #218, logLikelihood: -384573.972861
[11:42:16] Bootstrap tree #219, logLikelihood: -393251.026937
[11:46:24] Bootstrap tree #220, logLikelihood: -387744.651198
[11:49:26] Bootstrap tree #221, logLikelihood: -381749.695259
[11:52:18] Bootstrap tree #222, logLikelihood: -383676.834724
[11:55:09] Bootstrap tree #223, logLikelihood: -387243.405975
[11:58:32] Bootstrap tree #224, logLikelihood: -387142.528500
[12:02:00] Bootstrap tree #225, logLikelihood: -389952.286700
[12:05:18] Bootstrap tree #226, logLikelihood: -391807.500377
[12:08:19] Bootstrap tree #227, logLikelihood: -384786.776913
[12:11:15] Bootstrap tree #228, logLikelihood: -390082.183842
[12:14:37] Bootstrap tree #229, logLikelihood: -392390.092958
[12:17:49] Bootstrap tree #230, logLikelihood: -384492.919540
[12:20:18] Bootstrap tree #231, logLikelihood: -387037.993588
[12:23:06] Bootstrap tree #232, logLikelihood: -385965.298928
[12:27:38] Bootstrap tree #233, logLikelihood: -386414.335012
[12:30:25] Bootstrap tree #234, logLikelihood: -383390.085992
[12:33:24] Bootstrap tree #235, logLikelihood: -386471.120156
[12:37:02] Bootstrap tree #236, logLikelihood: -391764.385319
[12:40:25] Bootstrap tree #237, logLikelihood: -386315.394290
[12:43:38] Bootstrap tree #238, logLikelihood: -389429.945724
[12:46:46] Bootstrap tree #239, logLikelihood: -384921.335348
[12:49:48] Bootstrap tree #240, logLikelihood: -382326.993735
[12:53:09] Bootstrap tree #241, logLikelihood: -395037.218601
[12:56:01] Bootstrap tree #242, logLikelihood: -387841.383913
[12:59:26] Bootstrap tree #243, logLikelihood: -391620.421766
[13:02:51] Bootstrap tree #244, logLikelihood: -387461.437530
[13:06:06] Bootstrap tree #245, logLikelihood: -392038.553463
[13:08:53] Bootstrap tree #246, logLikelihood: -387322.679386
[13:12:08] Bootstrap tree #247, logLikelihood: -382423.907810
[13:15:09] Bootstrap tree #248, logLikelihood: -383508.612954
[13:18:11] Bootstrap tree #249, logLikelihood: -388343.225910
[13:20:56] Bootstrap tree #250, logLikelihood: -387973.639977
[13:23:52] Bootstrap tree #251, logLikelihood: -382277.580708
[13:27:04] Bootstrap tree #252, logLikelihood: -383701.762878
[13:30:47] Bootstrap tree #253, logLikelihood: -384992.141700
[13:33:36] Bootstrap tree #254, logLikelihood: -385073.754103
[13:36:32] Bootstrap tree #255, logLikelihood: -386529.971749
[13:39:25] Bootstrap tree #256, logLikelihood: -387599.951974
[13:43:10] Bootstrap tree #257, logLikelihood: -387891.271790
[13:46:10] Bootstrap tree #258, logLikelihood: -384585.879753
[13:49:41] Bootstrap tree #259, logLikelihood: -389443.353161
[13:52:41] Bootstrap tree #260, logLikelihood: -393454.258429
[13:55:43] Bootstrap tree #261, logLikelihood: -391644.092854
[13:58:53] Bootstrap tree #262, logLikelihood: -383270.040380
[14:01:48] Bootstrap tree #263, logLikelihood: -386603.161020
[14:04:47] Bootstrap tree #264, logLikelihood: -383582.647847
[14:07:17] Bootstrap tree #265, logLikelihood: -388801.615594
[14:11:11] Bootstrap tree #266, logLikelihood: -386927.690028
[14:14:59] Bootstrap tree #267, logLikelihood: -386870.129160
[14:17:57] Bootstrap tree #268, logLikelihood: -391421.748056
[14:20:54] Bootstrap tree #269, logLikelihood: -388096.601417
[14:23:56] Bootstrap tree #270, logLikelihood: -386526.901646
[14:27:28] Bootstrap tree #271, logLikelihood: -386215.083871
[14:30:31] Bootstrap tree #272, logLikelihood: -387934.233015
[14:34:28] Bootstrap tree #273, logLikelihood: -390135.284235
[14:37:31] Bootstrap tree #274, logLikelihood: -389187.253036
[14:40:37] Bootstrap tree #275, logLikelihood: -393114.466107
[14:43:57] Bootstrap tree #276, logLikelihood: -391222.647303
[14:46:51] Bootstrap tree #277, logLikelihood: -386369.315317
[14:50:01] Bootstrap tree #278, logLikelihood: -379787.118759
[14:53:26] Bootstrap tree #279, logLikelihood: -383058.595056
[14:56:46] Bootstrap tree #280, logLikelihood: -389747.560972
[14:59:44] Bootstrap tree #281, logLikelihood: -391722.542772
[15:03:38] Bootstrap tree #282, logLikelihood: -388596.420939
[15:07:07] Bootstrap tree #283, logLikelihood: -388164.715451
[15:10:02] Bootstrap tree #284, logLikelihood: -385278.630984
[15:13:46] Bootstrap tree #285, logLikelihood: -380919.950284
[15:17:19] Bootstrap tree #286, logLikelihood: -393948.628214
[15:20:13] Bootstrap tree #287, logLikelihood: -389539.601125
[15:23:10] Bootstrap tree #288, logLikelihood: -383635.237036
[15:26:07] Bootstrap tree #289, logLikelihood: -384461.291237
[15:29:05] Bootstrap tree #290, logLikelihood: -383266.933472
[15:33:31] Bootstrap tree #291, logLikelihood: -377963.360261
[15:36:27] Bootstrap tree #292, logLikelihood: -378228.380284
[15:39:15] Bootstrap tree #293, logLikelihood: -380409.178528
[15:42:07] Bootstrap tree #294, logLikelihood: -382862.405384
[15:45:21] Bootstrap tree #295, logLikelihood: -393514.773854
[15:48:29] Bootstrap tree #296, logLikelihood: -389172.238999
[15:51:25] Bootstrap tree #297, logLikelihood: -389692.333349
[15:54:03] Bootstrap tree #298, logLikelihood: -388584.555968
[15:57:59] Bootstrap tree #299, logLikelihood: -383984.557364
[16:00:39] Bootstrap tree #300, logLikelihood: -387149.117505
[16:03:59] Bootstrap tree #301, logLikelihood: -381111.890286
[16:06:52] Bootstrap tree #302, logLikelihood: -393499.396166
[16:09:33] Bootstrap tree #303, logLikelihood: -388361.364520
[16:12:33] Bootstrap tree #304, logLikelihood: -389418.876952
[16:15:42] Bootstrap tree #305, logLikelihood: -386519.819430
[16:19:58] Bootstrap tree #306, logLikelihood: -381554.733819
[16:24:42] Bootstrap tree #307, logLikelihood: -387635.842247
[16:27:35] Bootstrap tree #308, logLikelihood: -385639.496514
[16:31:54] Bootstrap tree #309, logLikelihood: -390416.308493
[16:34:59] Bootstrap tree #310, logLikelihood: -387757.689809
[16:38:18] Bootstrap tree #311, logLikelihood: -393358.505701
[16:41:32] Bootstrap tree #312, logLikelihood: -389022.824481
[16:44:55] Bootstrap tree #313, logLikelihood: -390138.710265
[16:48:52] Bootstrap tree #314, logLikelihood: -393793.018482
[16:52:24] Bootstrap tree #315, logLikelihood: -390833.439153
[16:57:06] Bootstrap tree #316, logLikelihood: -384080.712702
[16:59:52] Bootstrap tree #317, logLikelihood: -392254.035594
[17:02:51] Bootstrap tree #318, logLikelihood: -389024.772928
[17:05:33] Bootstrap tree #319, logLikelihood: -387230.369392
[17:08:37] Bootstrap tree #320, logLikelihood: -380007.994984
[17:11:50] Bootstrap tree #321, logLikelihood: -384898.489767
[17:14:36] Bootstrap tree #322, logLikelihood: -380360.609890
[17:17:52] Bootstrap tree #323, logLikelihood: -388847.105346
[17:20:52] Bootstrap tree #324, logLikelihood: -395721.635141
[17:23:54] Bootstrap tree #325, logLikelihood: -389855.208334
[17:27:04] Bootstrap tree #326, logLikelihood: -391307.673382
[17:30:09] Bootstrap tree #327, logLikelihood: -389147.429404
[17:33:04] Bootstrap tree #328, logLikelihood: -388896.395480
[17:35:59] Bootstrap tree #329, logLikelihood: -385270.351319
[17:40:14] Bootstrap tree #330, logLikelihood: -389019.069016
[17:43:25] Bootstrap tree #331, logLikelihood: -385362.864596
[17:46:28] Bootstrap tree #332, logLikelihood: -381787.656419
[17:49:28] Bootstrap tree #333, logLikelihood: -389602.438314
[17:52:58] Bootstrap tree #334, logLikelihood: -382805.335029
[17:56:16] Bootstrap tree #335, logLikelihood: -383111.166853
[17:59:11] Bootstrap tree #336, logLikelihood: -385269.815158
[18:02:50] Bootstrap tree #337, logLikelihood: -383351.162693
[18:07:05] Bootstrap tree #338, logLikelihood: -390266.270843
[18:10:17] Bootstrap tree #339, logLikelihood: -396100.298025
[18:13:24] Bootstrap tree #340, logLikelihood: -387357.795276
[18:17:27] Bootstrap tree #341, logLikelihood: -382855.375659
[18:20:56] Bootstrap tree #342, logLikelihood: -396332.159328
[18:23:48] Bootstrap tree #343, logLikelihood: -391749.358997
[18:27:21] Bootstrap tree #344, logLikelihood: -384256.717117
[18:31:05] Bootstrap tree #345, logLikelihood: -386077.454252
[18:34:41] Bootstrap tree #346, logLikelihood: -393690.515173
[18:37:37] Bootstrap tree #347, logLikelihood: -386915.929821
[18:40:56] Bootstrap tree #348, logLikelihood: -391801.527437
[18:44:03] Bootstrap tree #349, logLikelihood: -393126.729415
[18:47:13] Bootstrap tree #350, logLikelihood: -389644.774710
[18:50:16] Bootstrap tree #351, logLikelihood: -381554.919205
[18:55:33] Bootstrap tree #352, logLikelihood: -392155.161289
[18:58:16] Bootstrap tree #353, logLikelihood: -387644.251540
[19:01:32] Bootstrap tree #354, logLikelihood: -386848.580359
[19:04:30] Bootstrap tree #355, logLikelihood: -383150.443689
[19:07:53] Bootstrap tree #356, logLikelihood: -386128.359984
[19:10:40] Bootstrap tree #357, logLikelihood: -387786.988842
[19:14:40] Bootstrap tree #358, logLikelihood: -386780.976840
[19:17:16] Bootstrap tree #359, logLikelihood: -383063.586843
[19:20:58] Bootstrap tree #360, logLikelihood: -385353.299964
[19:24:09] Bootstrap tree #361, logLikelihood: -387433.444985
[19:27:17] Bootstrap tree #362, logLikelihood: -386378.227418
[19:31:49] Bootstrap tree #363, logLikelihood: -386343.972556
[19:34:41] Bootstrap tree #364, logLikelihood: -388176.140777
[19:37:39] Bootstrap tree #365, logLikelihood: -387774.230093
[19:40:42] Bootstrap tree #366, logLikelihood: -388116.796550
[19:43:56] Bootstrap tree #367, logLikelihood: -388025.820616
[19:46:56] Bootstrap tree #368, logLikelihood: -383018.294282
[19:49:45] Bootstrap tree #369, logLikelihood: -386318.189379
[19:52:48] Bootstrap tree #370, logLikelihood: -385974.248487
[19:57:42] Bootstrap tree #371, logLikelihood: -378581.164083
[20:02:03] Bootstrap tree #372, logLikelihood: -385416.404543
[20:05:43] Bootstrap tree #373, logLikelihood: -391526.145666
[20:08:48] Bootstrap tree #374, logLikelihood: -395961.251107
[20:11:27] Bootstrap tree #375, logLikelihood: -383929.709456
[20:14:21] Bootstrap tree #376, logLikelihood: -390762.866317
[20:16:58] Bootstrap tree #377, logLikelihood: -389505.926523
[20:20:07] Bootstrap tree #378, logLikelihood: -384303.074358
[20:23:07] Bootstrap tree #379, logLikelihood: -386998.783085
[20:26:00] Bootstrap tree #380, logLikelihood: -380047.705196
[20:28:39] Bootstrap tree #381, logLikelihood: -387570.435488
[20:32:28] Bootstrap tree #382, logLikelihood: -392322.489557
[20:35:15] Bootstrap tree #383, logLikelihood: -390389.816012
[20:38:15] Bootstrap tree #384, logLikelihood: -387218.918040
[20:41:07] Bootstrap tree #385, logLikelihood: -391344.054763
[20:45:29] Bootstrap tree #386, logLikelihood: -390928.206438
[20:48:33] Bootstrap tree #387, logLikelihood: -383848.375608
[20:51:20] Bootstrap tree #388, logLikelihood: -383233.844828
[20:55:23] Bootstrap tree #389, logLikelihood: -385277.818444
[20:59:15] Bootstrap tree #390, logLikelihood: -387963.008461
[21:01:58] Bootstrap tree #391, logLikelihood: -388633.917753
[21:06:37] Bootstrap tree #392, logLikelihood: -394348.673161
[21:09:59] Bootstrap tree #393, logLikelihood: -386886.038978
[21:13:18] Bootstrap tree #394, logLikelihood: -390852.796846
[21:16:18] Bootstrap tree #395, logLikelihood: -380576.354119
[21:19:04] Bootstrap tree #396, logLikelihood: -386883.958925
[21:23:57] Bootstrap tree #397, logLikelihood: -392412.977958
[21:27:04] Bootstrap tree #398, logLikelihood: -382343.105977
[21:30:10] Bootstrap tree #399, logLikelihood: -388199.958541
[21:33:03] Bootstrap tree #400, logLikelihood: -382590.393715
[21:36:45] Bootstrap tree #401, logLikelihood: -389895.234064
[21:39:57] Bootstrap tree #402, logLikelihood: -382598.578076
[21:43:31] Bootstrap tree #403, logLikelihood: -389506.614074
[21:47:10] Bootstrap tree #404, logLikelihood: -393595.926107
[21:50:38] Bootstrap tree #405, logLikelihood: -385036.234724
[21:55:03] Bootstrap tree #406, logLikelihood: -397460.861097
[21:57:54] Bootstrap tree #407, logLikelihood: -393425.293486
[22:02:24] Bootstrap tree #408, logLikelihood: -387780.306941
[22:05:34] Bootstrap tree #409, logLikelihood: -386580.119598
[22:08:54] Bootstrap tree #410, logLikelihood: -384856.505501
[22:12:39] Bootstrap tree #411, logLikelihood: -389374.911739
[22:15:28] Bootstrap tree #412, logLikelihood: -385521.625319
[22:18:22] Bootstrap tree #413, logLikelihood: -394489.321735
[22:21:20] Bootstrap tree #414, logLikelihood: -388577.075019
[22:24:08] Bootstrap tree #415, logLikelihood: -389558.815881
[22:26:55] Bootstrap tree #416, logLikelihood: -384757.943374
[22:30:00] Bootstrap tree #417, logLikelihood: -386588.677042
[22:33:28] Bootstrap tree #418, logLikelihood: -387240.538400
[22:37:37] Bootstrap tree #419, logLikelihood: -388274.525669
[22:41:20] Bootstrap tree #420, logLikelihood: -386823.989507
[22:44:35] Bootstrap tree #421, logLikelihood: -390381.783007
[22:47:24] Bootstrap tree #422, logLikelihood: -387873.462867
[22:50:34] Bootstrap tree #423, logLikelihood: -381607.920471
[22:53:01] Bootstrap tree #424, logLikelihood: -388259.694916
[22:56:10] Bootstrap tree #425, logLikelihood: -387005.633364
[22:59:18] Bootstrap tree #426, logLikelihood: -388382.594323
[23:02:13] Bootstrap tree #427, logLikelihood: -386969.297038
[23:05:20] Bootstrap tree #428, logLikelihood: -377536.749154
[23:09:48] Bootstrap tree #429, logLikelihood: -383564.453161
[23:12:47] Bootstrap tree #430, logLikelihood: -393339.735132
[23:16:43] Bootstrap tree #431, logLikelihood: -388777.554925
[23:19:53] Bootstrap tree #432, logLikelihood: -385658.634769
[23:22:36] Bootstrap tree #433, logLikelihood: -385179.377952
[23:26:39] Bootstrap tree #434, logLikelihood: -393748.787226
[23:29:48] Bootstrap tree #435, logLikelihood: -392192.032798
[23:33:11] Bootstrap tree #436, logLikelihood: -384349.581979
[23:35:58] Bootstrap tree #437, logLikelihood: -392043.201386
[23:38:58] Bootstrap tree #438, logLikelihood: -386922.219762
[23:42:56] Bootstrap tree #439, logLikelihood: -390508.478038
[23:46:42] Bootstrap tree #440, logLikelihood: -393489.839705
[23:49:23] Bootstrap tree #441, logLikelihood: -387147.263464
[23:52:31] Bootstrap tree #442, logLikelihood: -385512.077702
[23:55:15] Bootstrap tree #443, logLikelihood: -389013.796521
[23:58:45] Bootstrap tree #444, logLikelihood: -392625.264686
[24:01:33] Bootstrap tree #445, logLikelihood: -391422.634003
[24:04:40] Bootstrap tree #446, logLikelihood: -383835.944430
[24:07:31] Bootstrap tree #447, logLikelihood: -392779.583108
[24:10:38] Bootstrap tree #448, logLikelihood: -387482.373452
[24:14:37] Bootstrap tree #449, logLikelihood: -389054.863503
[24:17:17] Bootstrap tree #450, logLikelihood: -388998.693269
[24:20:15] Bootstrap tree #451, logLikelihood: -393843.527492
[24:23:26] Bootstrap tree #452, logLikelihood: -383176.410390
[24:26:51] Bootstrap tree #453, logLikelihood: -385962.071486
[24:30:04] Bootstrap tree #454, logLikelihood: -385753.566477
[24:33:01] Bootstrap tree #455, logLikelihood: -393273.921196
[24:35:24] Bootstrap tree #456, logLikelihood: -387258.733230
[24:40:58] Bootstrap tree #457, logLikelihood: -385642.969586
[24:43:51] Bootstrap tree #458, logLikelihood: -384393.591462
[24:47:13] Bootstrap tree #459, logLikelihood: -392595.437209
[24:50:29] Bootstrap tree #460, logLikelihood: -387925.706984
[24:53:18] Bootstrap tree #461, logLikelihood: -383316.908106
[24:56:56] Bootstrap tree #462, logLikelihood: -385669.454811
[24:59:58] Bootstrap tree #463, logLikelihood: -392224.390185
[25:02:42] Bootstrap tree #464, logLikelihood: -386473.978485
[25:05:49] Bootstrap tree #465, logLikelihood: -385031.360439
[25:08:42] Bootstrap tree #466, logLikelihood: -389442.161223
[25:11:45] Bootstrap tree #467, logLikelihood: -388536.138749
[25:15:33] Bootstrap tree #468, logLikelihood: -384252.884741
[25:18:20] Bootstrap tree #469, logLikelihood: -385032.535183
[25:21:11] Bootstrap tree #470, logLikelihood: -387729.344625
[25:23:39] Bootstrap tree #471, logLikelihood: -398223.369427
[25:28:16] Bootstrap tree #472, logLikelihood: -382752.744747
[25:31:38] Bootstrap tree #473, logLikelihood: -387400.995560
[25:35:45] Bootstrap tree #474, logLikelihood: -389418.448067
[25:39:02] Bootstrap tree #475, logLikelihood: -386673.251346
[25:41:59] Bootstrap tree #476, logLikelihood: -384784.647610
[25:44:43] Bootstrap tree #477, logLikelihood: -384613.901676
[25:48:27] Bootstrap tree #478, logLikelihood: -378039.846794
[25:52:18] Bootstrap tree #479, logLikelihood: -389023.909788
[25:54:54] Bootstrap tree #480, logLikelihood: -384540.689142
[25:58:14] Bootstrap tree #481, logLikelihood: -388205.652814
[26:01:04] Bootstrap tree #482, logLikelihood: -385246.153252
[26:04:18] Bootstrap tree #483, logLikelihood: -379675.184069
[26:07:31] Bootstrap tree #484, logLikelihood: -388309.977464
[26:10:39] Bootstrap tree #485, logLikelihood: -387161.840383
[26:13:32] Bootstrap tree #486, logLikelihood: -383383.088187
[26:16:33] Bootstrap tree #487, logLikelihood: -379493.404488
[26:19:33] Bootstrap tree #488, logLikelihood: -386570.459576
[26:22:03] Bootstrap tree #489, logLikelihood: -382705.691741
[26:25:29] Bootstrap tree #490, logLikelihood: -384121.493185
[26:28:32] Bootstrap tree #491, logLikelihood: -381649.342966
[26:32:10] Bootstrap tree #492, logLikelihood: -384734.636205
[26:34:54] Bootstrap tree #493, logLikelihood: -386221.491276
[26:37:46] Bootstrap tree #494, logLikelihood: -391062.567468
[26:41:16] Bootstrap tree #495, logLikelihood: -393389.043091
[26:44:10] Bootstrap tree #496, logLikelihood: -393135.835858
[26:47:32] Bootstrap tree #497, logLikelihood: -385994.068309
[26:50:31] Bootstrap tree #498, logLikelihood: -387128.219804
[26:54:15] Bootstrap tree #499, logLikelihood: -394656.916183
[26:57:37] Bootstrap tree #500, logLikelihood: -384727.631312
[27:00:31] Bootstrap tree #501, logLikelihood: -383644.305308
[27:03:51] Bootstrap tree #502, logLikelihood: -389001.470904
[27:06:38] Bootstrap tree #503, logLikelihood: -385935.925619
[27:09:55] Bootstrap tree #504, logLikelihood: -385656.453727
[27:13:01] Bootstrap tree #505, logLikelihood: -388895.075810
[27:16:14] Bootstrap tree #506, logLikelihood: -387763.461465
[27:19:16] Bootstrap tree #507, logLikelihood: -386449.966337
[27:23:04] Bootstrap tree #508, logLikelihood: -388847.722632
[27:27:54] Bootstrap tree #509, logLikelihood: -383955.901378
[27:30:43] Bootstrap tree #510, logLikelihood: -387021.547136
[27:33:50] Bootstrap tree #511, logLikelihood: -387709.997651
[27:36:45] Bootstrap tree #512, logLikelihood: -382444.922011
[27:39:48] Bootstrap tree #513, logLikelihood: -392908.042210
[27:42:55] Bootstrap tree #514, logLikelihood: -395609.072613
[27:45:41] Bootstrap tree #515, logLikelihood: -394278.633791
[27:48:45] Bootstrap tree #516, logLikelihood: -385333.446674
[27:52:15] Bootstrap tree #517, logLikelihood: -389819.678100
[27:55:04] Bootstrap tree #518, logLikelihood: -380593.995523
[27:57:57] Bootstrap tree #519, logLikelihood: -389037.427011
[28:00:55] Bootstrap tree #520, logLikelihood: -385362.298425
[28:04:25] Bootstrap tree #521, logLikelihood: -392301.680360
[28:07:48] Bootstrap tree #522, logLikelihood: -385698.310205
[28:10:35] Bootstrap tree #523, logLikelihood: -383215.966130
[28:14:15] Bootstrap tree #524, logLikelihood: -384106.477734
[28:18:02] Bootstrap tree #525, logLikelihood: -386593.057233
[28:20:58] Bootstrap tree #526, logLikelihood: -383360.271341
[28:23:53] Bootstrap tree #527, logLikelihood: -393031.332693
[28:27:28] Bootstrap tree #528, logLikelihood: -384607.809015
[28:30:00] Bootstrap tree #529, logLikelihood: -380690.437234
[28:32:53] Bootstrap tree #530, logLikelihood: -388373.985551
[28:35:41] Bootstrap tree #531, logLikelihood: -383498.095202
[28:39:22] Bootstrap tree #532, logLikelihood: -384213.577629
[28:42:44] Bootstrap tree #533, logLikelihood: -387906.715969
[28:46:58] Bootstrap tree #534, logLikelihood: -397171.605579
[28:50:24] Bootstrap tree #535, logLikelihood: -388867.969668
[28:53:55] Bootstrap tree #536, logLikelihood: -394429.477891
[28:58:16] Bootstrap tree #537, logLikelihood: -388172.240861
[29:02:31] Bootstrap tree #538, logLikelihood: -385036.169925
[29:05:30] Bootstrap tree #539, logLikelihood: -386848.556882
[29:08:35] Bootstrap tree #540, logLikelihood: -387682.523839
[29:11:38] Bootstrap tree #541, logLikelihood: -389970.077671
[29:14:53] Bootstrap tree #542, logLikelihood: -387116.321624
[29:17:20] Bootstrap tree #543, logLikelihood: -384390.419185
[29:20:42] Bootstrap tree #544, logLikelihood: -380472.653764
[29:23:37] Bootstrap tree #545, logLikelihood: -390871.114240
[29:26:29] Bootstrap tree #546, logLikelihood: -383717.993279
[29:29:57] Bootstrap tree #547, logLikelihood: -381890.317752
[29:33:47] Bootstrap tree #548, logLikelihood: -384672.694131
[29:36:47] Bootstrap tree #549, logLikelihood: -385322.855766
[29:39:51] Bootstrap tree #550, logLikelihood: -387094.103260
[29:43:06] Bootstrap tree #551, logLikelihood: -385984.002928
[29:46:49] Bootstrap tree #552, logLikelihood: -392331.722241
[29:49:39] Bootstrap tree #553, logLikelihood: -390964.836316
[29:52:47] Bootstrap tree #554, logLikelihood: -389255.522264
[29:56:30] Bootstrap tree #555, logLikelihood: -384861.224454
[30:00:37] Bootstrap tree #556, logLikelihood: -385369.686366
[30:03:32] Bootstrap tree #557, logLikelihood: -387417.122430
[30:06:47] Bootstrap tree #558, logLikelihood: -379838.735277
[30:09:58] Bootstrap tree #559, logLikelihood: -392325.370184
[30:14:03] Bootstrap tree #560, logLikelihood: -387873.450413
[30:17:09] Bootstrap tree #561, logLikelihood: -393177.925804
[30:20:55] Bootstrap tree #562, logLikelihood: -394159.055644
[30:24:10] Bootstrap tree #563, logLikelihood: -389362.528887
[30:27:02] Bootstrap tree #564, logLikelihood: -389475.070476
[30:29:52] Bootstrap tree #565, logLikelihood: -389223.340218
[30:33:26] Bootstrap tree #566, logLikelihood: -385473.474718
[30:36:43] Bootstrap tree #567, logLikelihood: -383664.333504
[30:39:25] Bootstrap tree #568, logLikelihood: -386142.489597
[30:42:21] Bootstrap tree #569, logLikelihood: -389512.134556
[30:45:19] Bootstrap tree #570, logLikelihood: -387636.361601
[30:48:12] Bootstrap tree #571, logLikelihood: -389235.087810
[30:51:22] Bootstrap tree #572, logLikelihood: -383503.600004
[30:54:40] Bootstrap tree #573, logLikelihood: -392425.498009
[30:58:04] Bootstrap tree #574, logLikelihood: -392496.327693
[31:01:40] Bootstrap tree #575, logLikelihood: -389531.144268
[31:05:07] Bootstrap tree #576, logLikelihood: -380778.704858
[31:08:34] Bootstrap tree #577, logLikelihood: -385353.149851
[31:11:36] Bootstrap tree #578, logLikelihood: -386054.550137
[31:14:30] Bootstrap tree #579, logLikelihood: -395522.786618
[31:17:36] Bootstrap tree #580, logLikelihood: -389234.235409
[31:20:25] Bootstrap tree #581, logLikelihood: -393674.639303
[31:24:04] Bootstrap tree #582, logLikelihood: -389339.525501
[31:27:58] Bootstrap tree #583, logLikelihood: -385187.466602
[31:30:55] Bootstrap tree #584, logLikelihood: -386189.686762
[31:33:43] Bootstrap tree #585, logLikelihood: -387519.539035
[31:36:30] Bootstrap tree #586, logLikelihood: -383287.198264
[31:39:14] Bootstrap tree #587, logLikelihood: -391227.136957
[31:42:58] Bootstrap tree #588, logLikelihood: -386507.020819
[31:46:00] Bootstrap tree #589, logLikelihood: -387925.029587
[31:49:38] Bootstrap tree #590, logLikelihood: -386024.386108
[31:53:20] Bootstrap tree #591, logLikelihood: -388195.469942
[31:56:11] Bootstrap tree #592, logLikelihood: -391876.546557
[31:59:50] Bootstrap tree #593, logLikelihood: -381349.143951
[32:03:35] Bootstrap tree #594, logLikelihood: -387556.983534
[32:07:08] Bootstrap tree #595, logLikelihood: -391933.532471
[32:10:34] Bootstrap tree #596, logLikelihood: -388026.555476
[32:14:33] Bootstrap tree #597, logLikelihood: -385226.450729
[32:18:00] Bootstrap tree #598, logLikelihood: -391238.535194
[32:21:18] Bootstrap tree #599, logLikelihood: -388617.328702
[32:24:23] Bootstrap tree #600, logLikelihood: -383966.774778
[32:27:19] Bootstrap tree #601, logLikelihood: -384649.304043
[32:30:59] Bootstrap tree #602, logLikelihood: -391849.306441
[32:34:41] Bootstrap tree #603, logLikelihood: -377551.707088
[32:37:22] Bootstrap tree #604, logLikelihood: -391196.374252
[32:40:21] Bootstrap tree #605, logLikelihood: -385456.928756
[32:43:16] Bootstrap tree #606, logLikelihood: -393906.328485
[32:45:58] Bootstrap tree #607, logLikelihood: -381056.119572
[32:49:11] Bootstrap tree #608, logLikelihood: -385033.584003
[32:53:47] Bootstrap tree #609, logLikelihood: -390091.449438
[32:56:42] Bootstrap tree #610, logLikelihood: -395814.742107
[32:59:47] Bootstrap tree #611, logLikelihood: -386430.105145
[33:02:57] Bootstrap tree #612, logLikelihood: -382566.505268
[33:06:15] Bootstrap tree #613, logLikelihood: -389089.756803
[33:10:31] Bootstrap tree #614, logLikelihood: -387317.541789
[33:13:38] Bootstrap tree #615, logLikelihood: -391162.687040
[33:18:46] Bootstrap tree #616, logLikelihood: -388071.267961
[33:22:23] Bootstrap tree #617, logLikelihood: -382210.138132
[33:25:31] Bootstrap tree #618, logLikelihood: -384433.463518
[33:28:40] Bootstrap tree #619, logLikelihood: -385770.023542
[33:32:15] Bootstrap tree #620, logLikelihood: -385077.438439
[33:35:30] Bootstrap tree #621, logLikelihood: -390526.840882
[33:38:33] Bootstrap tree #622, logLikelihood: -390692.669831
[33:42:18] Bootstrap tree #623, logLikelihood: -379685.288453
[33:46:38] Bootstrap tree #624, logLikelihood: -387342.633323
[33:49:42] Bootstrap tree #625, logLikelihood: -386709.588236
[33:53:10] Bootstrap tree #626, logLikelihood: -391864.868680
[33:55:45] Bootstrap tree #627, logLikelihood: -383709.854622
[33:59:23] Bootstrap tree #628, logLikelihood: -387003.498671
[34:02:14] Bootstrap tree #629, logLikelihood: -388484.292023
[34:05:16] Bootstrap tree #630, logLikelihood: -389640.045357
[34:08:32] Bootstrap tree #631, logLikelihood: -387742.719021
[34:11:59] Bootstrap tree #632, logLikelihood: -393804.543095
[34:14:44] Bootstrap tree #633, logLikelihood: -393711.641811
[34:18:35] Bootstrap tree #634, logLikelihood: -394571.081361
[34:21:23] Bootstrap tree #635, logLikelihood: -390518.279758
[34:24:04] Bootstrap tree #636, logLikelihood: -383170.258880
[34:27:31] Bootstrap tree #637, logLikelihood: -392752.038726
[34:31:01] Bootstrap tree #638, logLikelihood: -389289.494997
[34:34:01] Bootstrap tree #639, logLikelihood: -389333.973247
[34:37:08] Bootstrap tree #640, logLikelihood: -383754.276278
[34:40:16] Bootstrap tree #641, logLikelihood: -391315.165036
[34:42:52] Bootstrap tree #642, logLikelihood: -384012.271046
[34:45:39] Bootstrap tree #643, logLikelihood: -391037.789214
[34:49:07] Bootstrap tree #644, logLikelihood: -387974.550978
[34:52:09] Bootstrap tree #645, logLikelihood: -389072.102569
[34:54:56] Bootstrap tree #646, logLikelihood: -386039.557765
[34:58:24] Bootstrap tree #647, logLikelihood: -390660.623887
[35:01:18] Bootstrap tree #648, logLikelihood: -393472.883504
[35:04:00] Bootstrap tree #649, logLikelihood: -391278.252798
[35:06:44] Bootstrap tree #650, logLikelihood: -384550.588029
[35:09:49] Bootstrap tree #651, logLikelihood: -390289.186004
[35:12:22] Bootstrap tree #652, logLikelihood: -386568.542996
[35:15:12] Bootstrap tree #653, logLikelihood: -385719.398814
[35:18:04] Bootstrap tree #654, logLikelihood: -384612.680823
[35:21:05] Bootstrap tree #655, logLikelihood: -387048.425341
[35:24:05] Bootstrap tree #656, logLikelihood: -392829.768500
[35:27:38] Bootstrap tree #657, logLikelihood: -387212.724125
[35:30:27] Bootstrap tree #658, logLikelihood: -386144.919968
[35:33:34] Bootstrap tree #659, logLikelihood: -385133.191090
[35:37:37] Bootstrap tree #660, logLikelihood: -393633.644733
[35:40:10] Bootstrap tree #661, logLikelihood: -378988.757639
[35:43:12] Bootstrap tree #662, logLikelihood: -381300.310196
[35:46:39] Bootstrap tree #663, logLikelihood: -383327.758550
[35:49:55] Bootstrap tree #664, logLikelihood: -391813.696728
[35:52:57] Bootstrap tree #665, logLikelihood: -387928.904368
[35:55:46] Bootstrap tree #666, logLikelihood: -389006.918967
[35:58:47] Bootstrap tree #667, logLikelihood: -387174.801612
slurmstepd-midway2-0157: error: *** JOB 40191095 ON midway2-0157 CANCELLED AT 2024-06-12T04:31:32 DUE TO TIME LIMIT ***
