
RAxML-NG v. 1.1.0-master released on 22.06.2022 by The Exelixis Lab.
Developed by: Alexey M. Kozlov and Alexandros Stamatakis.
Contributors: Diego Darriba, Tomas Flouri, Benoit Morel, Sarah Lutteropp, Ben Bettisworth.
Latest version: https://github.com/amkozlov/raxml-ng
Questions/problems/suggestions? Please visit: https://groups.google.com/forum/#!forum/raxml

System: Intel(R) Xeon(R) CPU E5-2680 v4 @ 2.40GHz, 28 cores, 62 GB RAM

RAxML-NG was called at 31-May-2024 13:48:15 as follows:

raxml-ng-mpi --all --msa kobu_all_align.fasta --model GTR+I+G4 --prefix T1 --seed 1 --threads auto{8} --bs-metric fbp,tbe

Analysis options:
  run mode: ML tree search + bootstrapping (Felsenstein Bootstrap + Transfer Bootstrap)
  start tree(s): random (10) + parsimony (10)
  bootstrap replicates: max: 1000 + bootstopping (autoMRE, cutoff: 0.030000)
  random seed: 1
  tip-inner: OFF
  pattern compression: ON
  per-rate scalers: OFF
  site repeats: ON
  branch lengths: proportional (ML estimate, algorithm: NR-FAST)
  SIMD kernels: AVX2
  parallelization: coarse-grained (auto), PTHREADS (auto)

[00:00:02] Reading alignment from file: kobu_all_align.fasta
[00:00:02] Loaded alignment with 152 taxa and 13391 sites

WARNING: Sequences JF755427.1 and NC_015936.1 are exactly identical!
WARNING: Sequences OP093967.1 and JQ911763.1 are exactly identical!
WARNING: Sequences EU787450.2 and NC_011829.1 are exactly identical!
WARNING: Sequences ON792976.1 and MK962335.1 are exactly identical!
WARNING: Sequences ON792976.1 and MK962336.1 are exactly identical!
WARNING: Sequences ON792975.1 and MK962334.1 are exactly identical!
WARNING: Sequences NC_016769.1 and JN630514.1 are exactly identical!
WARNING: Sequences KF793927.1 and NC_023422.1 are exactly identical!
WARNING: Duplicate sequences found: 8

NOTE: Reduced alignment (with duplicates and gap-only sites/taxa removed) 
NOTE: was saved to: /home/gkettenburg/RAxML_tree/kobu_tree/T1.raxml.reduced.phy

Alignment comprises 1 partitions and 8250 patterns

Partition 0: noname
Model: GTR+FO+I+G4m
Alignment sites / patterns: 13391 / 8250
Gaps: 39.36 %
Invariant sites: 32.78 %


NOTE: Binary MSA file created: T1.raxml.rba

Parallelization scheme autoconfig: 1 worker(s) x 8 thread(s)

Parallel reduction/worker buffer size: 1 KB  / 0 KB

[00:00:02] Generating 10 random starting tree(s) with 152 taxa
[00:00:02] Generating 10 parsimony starting tree(s) with 152 taxa
[00:00:03] Data distribution: max. partitions/sites/weight per thread: 1 / 1032 / 16512
[00:00:03] Data distribution: max. searches per worker: 1020

Starting ML tree search with 20 distinct starting trees

[00:03:09] ML tree search #1, logLikelihood: -341083.646475
[00:06:12] ML tree search #2, logLikelihood: -341096.601196
[00:09:27] ML tree search #3, logLikelihood: -341113.626707
[00:12:32] ML tree search #4, logLikelihood: -341103.264968
[00:16:06] ML tree search #5, logLikelihood: -341092.624990
[00:20:25] ML tree search #6, logLikelihood: -341075.347111
[00:23:50] ML tree search #7, logLikelihood: -341093.514200
[00:26:45] ML tree search #8, logLikelihood: -341076.282636
[00:29:49] ML tree search #9, logLikelihood: -341095.896348
[00:33:31] ML tree search #10, logLikelihood: -341074.942819
[00:36:17] ML tree search #11, logLikelihood: -341076.702956
[00:38:23] ML tree search #12, logLikelihood: -341151.153410
[00:41:03] ML tree search #13, logLikelihood: -341113.257993
[00:43:52] ML tree search #14, logLikelihood: -341124.292111
[00:46:32] ML tree search #15, logLikelihood: -341100.230529
[00:49:55] ML tree search #16, logLikelihood: -341083.523130
[00:52:44] ML tree search #17, logLikelihood: -341076.737929
[00:56:03] ML tree search #18, logLikelihood: -341092.623040
[00:58:21] ML tree search #19, logLikelihood: -341097.690837
[01:01:10] ML tree search #20, logLikelihood: -341094.217788

[01:01:10] ML tree search completed, best tree logLH: -341074.942819

[01:01:10] Starting bootstrapping analysis with 1000 replicates.

[01:03:06] Bootstrap tree #1, logLikelihood: -340020.568833
[01:05:04] Bootstrap tree #2, logLikelihood: -333150.150617
[01:07:17] Bootstrap tree #3, logLikelihood: -337941.894541
[01:10:08] Bootstrap tree #4, logLikelihood: -347270.703651
[01:12:20] Bootstrap tree #5, logLikelihood: -342256.245104
[01:13:54] Bootstrap tree #6, logLikelihood: -340981.467367
[01:17:36] Bootstrap tree #7, logLikelihood: -342971.925191
[01:19:46] Bootstrap tree #8, logLikelihood: -339359.508021
[01:21:51] Bootstrap tree #9, logLikelihood: -344718.288037
[01:24:07] Bootstrap tree #10, logLikelihood: -334308.067842
[01:26:18] Bootstrap tree #11, logLikelihood: -339933.554886
[01:28:27] Bootstrap tree #12, logLikelihood: -336131.630201
[01:30:33] Bootstrap tree #13, logLikelihood: -337616.462807
[01:32:39] Bootstrap tree #14, logLikelihood: -339737.063767
[01:35:04] Bootstrap tree #15, logLikelihood: -335727.205312
[01:37:50] Bootstrap tree #16, logLikelihood: -337232.948094
[01:40:11] Bootstrap tree #17, logLikelihood: -339886.167875
[01:42:08] Bootstrap tree #18, logLikelihood: -338101.888252
[01:44:14] Bootstrap tree #19, logLikelihood: -341205.533177
[01:46:34] Bootstrap tree #20, logLikelihood: -340873.806026
[01:48:28] Bootstrap tree #21, logLikelihood: -333087.006209
[01:50:40] Bootstrap tree #22, logLikelihood: -336879.619479
[01:52:35] Bootstrap tree #23, logLikelihood: -345437.260504
[01:54:55] Bootstrap tree #24, logLikelihood: -344533.119134
[01:57:16] Bootstrap tree #25, logLikelihood: -340448.920282
[01:59:28] Bootstrap tree #26, logLikelihood: -343456.717678
[02:01:24] Bootstrap tree #27, logLikelihood: -341949.849248
[02:04:09] Bootstrap tree #28, logLikelihood: -339964.863688
[02:05:50] Bootstrap tree #29, logLikelihood: -341123.085113
[02:07:48] Bootstrap tree #30, logLikelihood: -338834.463412
[02:10:27] Bootstrap tree #31, logLikelihood: -341946.210462
[02:12:53] Bootstrap tree #32, logLikelihood: -344780.624278
[02:14:57] Bootstrap tree #33, logLikelihood: -338252.902014
[02:17:07] Bootstrap tree #34, logLikelihood: -342100.546693
[02:19:31] Bootstrap tree #35, logLikelihood: -341844.951418
[02:21:36] Bootstrap tree #36, logLikelihood: -336184.533138
[02:24:05] Bootstrap tree #37, logLikelihood: -342804.041806
[02:26:42] Bootstrap tree #38, logLikelihood: -346632.464250
[02:29:30] Bootstrap tree #39, logLikelihood: -337951.092738
[02:32:12] Bootstrap tree #40, logLikelihood: -343344.712799
[02:34:04] Bootstrap tree #41, logLikelihood: -340334.084195
[02:36:16] Bootstrap tree #42, logLikelihood: -339143.333286
[02:38:17] Bootstrap tree #43, logLikelihood: -338926.177117
[02:41:06] Bootstrap tree #44, logLikelihood: -338552.927131
[02:44:39] Bootstrap tree #45, logLikelihood: -338442.094790
[02:46:46] Bootstrap tree #46, logLikelihood: -341158.441085
[02:48:46] Bootstrap tree #47, logLikelihood: -341320.157102
[02:50:51] Bootstrap tree #48, logLikelihood: -337367.593682
[02:53:23] Bootstrap tree #49, logLikelihood: -339249.375081
[02:56:31] Bootstrap tree #50, logLikelihood: -337168.593246
[02:58:40] Bootstrap tree #51, logLikelihood: -345081.886271
[03:00:59] Bootstrap tree #52, logLikelihood: -338530.022250
[03:03:17] Bootstrap tree #53, logLikelihood: -333910.213628
[03:05:07] Bootstrap tree #54, logLikelihood: -342092.300408
[03:07:09] Bootstrap tree #55, logLikelihood: -342855.584616
[03:09:18] Bootstrap tree #56, logLikelihood: -349623.418857
[03:12:49] Bootstrap tree #57, logLikelihood: -340693.817305
[03:14:49] Bootstrap tree #58, logLikelihood: -344272.035788
[03:17:11] Bootstrap tree #59, logLikelihood: -348531.065454
[03:19:01] Bootstrap tree #60, logLikelihood: -339982.629120
[03:20:50] Bootstrap tree #61, logLikelihood: -336640.253761
[03:23:25] Bootstrap tree #62, logLikelihood: -340865.734873
[03:25:36] Bootstrap tree #63, logLikelihood: -343372.132744
[03:28:13] Bootstrap tree #64, logLikelihood: -341305.031198
[03:31:15] Bootstrap tree #65, logLikelihood: -333242.906930
[03:33:05] Bootstrap tree #66, logLikelihood: -343891.009343
[03:35:03] Bootstrap tree #67, logLikelihood: -342885.403908
[03:36:59] Bootstrap tree #68, logLikelihood: -335337.201656
[03:39:03] Bootstrap tree #69, logLikelihood: -340580.354614
[03:41:00] Bootstrap tree #70, logLikelihood: -339986.361111
[03:43:01] Bootstrap tree #71, logLikelihood: -345778.455606
[03:45:02] Bootstrap tree #72, logLikelihood: -338246.668074
[03:47:14] Bootstrap tree #73, logLikelihood: -347618.405250
[03:49:00] Bootstrap tree #74, logLikelihood: -341731.835654
[03:51:13] Bootstrap tree #75, logLikelihood: -338857.613557
[03:53:29] Bootstrap tree #76, logLikelihood: -345050.054817
[03:57:02] Bootstrap tree #77, logLikelihood: -337230.443466
[03:59:02] Bootstrap tree #78, logLikelihood: -341976.424142
[04:01:19] Bootstrap tree #79, logLikelihood: -336471.061413
[04:03:57] Bootstrap tree #80, logLikelihood: -338902.164719
[04:06:30] Bootstrap tree #81, logLikelihood: -339911.766897
[04:08:42] Bootstrap tree #82, logLikelihood: -339899.567948
[04:10:39] Bootstrap tree #83, logLikelihood: -342169.584283
[04:12:46] Bootstrap tree #84, logLikelihood: -338225.237497
[04:14:51] Bootstrap tree #85, logLikelihood: -338843.199625
[04:17:16] Bootstrap tree #86, logLikelihood: -347452.075550
[04:19:26] Bootstrap tree #87, logLikelihood: -343556.414852
[04:21:22] Bootstrap tree #88, logLikelihood: -340526.716710
[04:24:00] Bootstrap tree #89, logLikelihood: -339926.959772
[04:25:58] Bootstrap tree #90, logLikelihood: -348705.916860
[04:28:12] Bootstrap tree #91, logLikelihood: -342247.814297
[04:30:35] Bootstrap tree #92, logLikelihood: -341476.855784
[04:32:30] Bootstrap tree #93, logLikelihood: -337561.385785
[04:34:37] Bootstrap tree #94, logLikelihood: -336753.774338
[04:36:23] Bootstrap tree #95, logLikelihood: -334096.106393
[04:38:51] Bootstrap tree #96, logLikelihood: -344215.911482
[04:40:40] Bootstrap tree #97, logLikelihood: -339390.292254
[04:42:49] Bootstrap tree #98, logLikelihood: -346943.591855
[04:45:49] Bootstrap tree #99, logLikelihood: -339641.693331
[04:48:06] Bootstrap tree #100, logLikelihood: -342609.852491
[04:51:02] Bootstrap tree #101, logLikelihood: -341333.980241
[04:52:54] Bootstrap tree #102, logLikelihood: -338512.590086
[04:54:38] Bootstrap tree #103, logLikelihood: -335536.458769
[04:56:52] Bootstrap tree #104, logLikelihood: -340220.272064
[04:59:46] Bootstrap tree #105, logLikelihood: -338622.075490
[05:02:06] Bootstrap tree #106, logLikelihood: -343351.083582
[05:04:22] Bootstrap tree #107, logLikelihood: -338776.163919
[05:06:44] Bootstrap tree #108, logLikelihood: -336790.882492
[05:09:05] Bootstrap tree #109, logLikelihood: -347654.651661
[05:11:18] Bootstrap tree #110, logLikelihood: -341310.311414
[05:13:27] Bootstrap tree #111, logLikelihood: -338569.848831
[05:15:14] Bootstrap tree #112, logLikelihood: -334930.757395
[05:17:15] Bootstrap tree #113, logLikelihood: -347130.008985
[05:19:10] Bootstrap tree #114, logLikelihood: -338713.894387
[05:21:38] Bootstrap tree #115, logLikelihood: -339634.243960
[05:23:56] Bootstrap tree #116, logLikelihood: -340678.606972
[05:27:06] Bootstrap tree #117, logLikelihood: -341645.171617
[05:29:26] Bootstrap tree #118, logLikelihood: -337153.271301
[05:31:45] Bootstrap tree #119, logLikelihood: -337607.434976
[05:34:30] Bootstrap tree #120, logLikelihood: -345439.785292
[05:36:39] Bootstrap tree #121, logLikelihood: -341140.761639
[05:39:04] Bootstrap tree #122, logLikelihood: -347551.160812
[05:41:32] Bootstrap tree #123, logLikelihood: -336783.013877
[05:43:32] Bootstrap tree #124, logLikelihood: -339157.370297
[05:45:33] Bootstrap tree #125, logLikelihood: -338001.981051
[05:47:35] Bootstrap tree #126, logLikelihood: -337821.346713
[05:49:50] Bootstrap tree #127, logLikelihood: -348636.483103
[05:52:10] Bootstrap tree #128, logLikelihood: -340650.597748
[05:53:59] Bootstrap tree #129, logLikelihood: -344079.414653
[05:55:59] Bootstrap tree #130, logLikelihood: -337880.687785
[05:58:41] Bootstrap tree #131, logLikelihood: -333076.150128
[06:00:57] Bootstrap tree #132, logLikelihood: -340560.883330
[06:02:54] Bootstrap tree #133, logLikelihood: -340543.204349
[06:05:02] Bootstrap tree #134, logLikelihood: -338632.414248
[06:07:16] Bootstrap tree #135, logLikelihood: -340985.112225
[06:09:24] Bootstrap tree #136, logLikelihood: -342275.773354
[06:11:39] Bootstrap tree #137, logLikelihood: -343811.677545
[06:13:48] Bootstrap tree #138, logLikelihood: -337454.938725
[06:15:55] Bootstrap tree #139, logLikelihood: -344863.456125
[06:17:59] Bootstrap tree #140, logLikelihood: -338255.303165
[06:20:08] Bootstrap tree #141, logLikelihood: -337554.785068
[06:22:05] Bootstrap tree #142, logLikelihood: -335849.753055
[06:24:13] Bootstrap tree #143, logLikelihood: -336881.029588
[06:26:10] Bootstrap tree #144, logLikelihood: -345782.711344
[06:28:57] Bootstrap tree #145, logLikelihood: -339622.382358
[06:30:50] Bootstrap tree #146, logLikelihood: -346697.497778
[06:33:30] Bootstrap tree #147, logLikelihood: -338898.504352
[06:35:50] Bootstrap tree #148, logLikelihood: -342581.046762
[06:37:58] Bootstrap tree #149, logLikelihood: -334106.616263
[06:40:12] Bootstrap tree #150, logLikelihood: -341920.885139
[06:43:08] Bootstrap tree #151, logLikelihood: -337204.281970
[06:45:06] Bootstrap tree #152, logLikelihood: -341247.225469
[06:47:01] Bootstrap tree #153, logLikelihood: -339832.358477
[06:49:09] Bootstrap tree #154, logLikelihood: -339839.315671
[06:51:31] Bootstrap tree #155, logLikelihood: -338062.070020
[06:53:36] Bootstrap tree #156, logLikelihood: -338467.728052
[06:56:00] Bootstrap tree #157, logLikelihood: -343785.997585
[06:58:12] Bootstrap tree #158, logLikelihood: -342288.620457
[07:00:37] Bootstrap tree #159, logLikelihood: -343943.660708
[07:03:48] Bootstrap tree #160, logLikelihood: -342993.195552
[07:05:41] Bootstrap tree #161, logLikelihood: -342213.643791
[07:07:49] Bootstrap tree #162, logLikelihood: -340241.033438
[07:10:10] Bootstrap tree #163, logLikelihood: -338038.471506
[07:12:29] Bootstrap tree #164, logLikelihood: -343068.568974
[07:14:35] Bootstrap tree #165, logLikelihood: -338917.657026
[07:16:57] Bootstrap tree #166, logLikelihood: -339564.051837
[07:18:52] Bootstrap tree #167, logLikelihood: -346312.960634
[07:21:26] Bootstrap tree #168, logLikelihood: -342479.343663
[07:23:50] Bootstrap tree #169, logLikelihood: -339080.470080
[07:26:03] Bootstrap tree #170, logLikelihood: -343143.480489
[07:28:14] Bootstrap tree #171, logLikelihood: -347648.659330
[07:30:20] Bootstrap tree #172, logLikelihood: -337210.700684
[07:32:23] Bootstrap tree #173, logLikelihood: -338895.391344
[07:34:24] Bootstrap tree #174, logLikelihood: -335924.921671
[07:36:28] Bootstrap tree #175, logLikelihood: -337978.119159
[07:38:29] Bootstrap tree #176, logLikelihood: -342840.285547
[07:40:33] Bootstrap tree #177, logLikelihood: -339016.867100
[07:42:53] Bootstrap tree #178, logLikelihood: -351068.747924
[07:44:54] Bootstrap tree #179, logLikelihood: -342042.520581
[07:47:10] Bootstrap tree #180, logLikelihood: -345598.718500
[07:49:52] Bootstrap tree #181, logLikelihood: -343803.987339
[07:51:53] Bootstrap tree #182, logLikelihood: -344401.029580
[07:54:55] Bootstrap tree #183, logLikelihood: -339400.112932
[07:57:08] Bootstrap tree #184, logLikelihood: -340041.963541
[07:59:29] Bootstrap tree #185, logLikelihood: -344334.512570
[08:01:33] Bootstrap tree #186, logLikelihood: -344221.955396
[08:03:49] Bootstrap tree #187, logLikelihood: -339950.759957
[08:06:31] Bootstrap tree #188, logLikelihood: -339200.979199
[08:08:30] Bootstrap tree #189, logLikelihood: -336732.522630
[08:10:51] Bootstrap tree #190, logLikelihood: -344815.696305
[08:12:59] Bootstrap tree #191, logLikelihood: -344953.521474
[08:14:54] Bootstrap tree #192, logLikelihood: -340279.864713
[08:17:22] Bootstrap tree #193, logLikelihood: -345904.314571
[08:19:28] Bootstrap tree #194, logLikelihood: -344242.773279
[08:21:30] Bootstrap tree #195, logLikelihood: -339620.391766
[08:23:33] Bootstrap tree #196, logLikelihood: -337239.768236
[08:25:34] Bootstrap tree #197, logLikelihood: -338990.875282
[08:27:51] Bootstrap tree #198, logLikelihood: -344981.677260
[08:30:04] Bootstrap tree #199, logLikelihood: -343211.397863
[08:32:13] Bootstrap tree #200, logLikelihood: -348879.045196
[08:34:33] Bootstrap tree #201, logLikelihood: -338959.845321
[08:36:50] Bootstrap tree #202, logLikelihood: -340734.081024
[08:39:01] Bootstrap tree #203, logLikelihood: -344264.030342
[08:41:00] Bootstrap tree #204, logLikelihood: -344209.709461
[08:43:04] Bootstrap tree #205, logLikelihood: -338112.961802
[08:45:12] Bootstrap tree #206, logLikelihood: -339264.571251
[08:48:11] Bootstrap tree #207, logLikelihood: -347558.537510
[08:50:12] Bootstrap tree #208, logLikelihood: -345212.830774
[08:52:24] Bootstrap tree #209, logLikelihood: -338696.290943
[08:55:01] Bootstrap tree #210, logLikelihood: -344990.447923
[08:56:50] Bootstrap tree #211, logLikelihood: -336071.854456
[08:58:49] Bootstrap tree #212, logLikelihood: -326577.516824
[09:00:58] Bootstrap tree #213, logLikelihood: -342545.997480
[09:03:00] Bootstrap tree #214, logLikelihood: -347746.759889
[09:05:01] Bootstrap tree #215, logLikelihood: -340362.731239
[09:07:21] Bootstrap tree #216, logLikelihood: -343081.021222
[09:09:26] Bootstrap tree #217, logLikelihood: -344451.293836
[09:12:24] Bootstrap tree #218, logLikelihood: -344415.639848
[09:14:22] Bootstrap tree #219, logLikelihood: -339843.783787
[09:17:11] Bootstrap tree #220, logLikelihood: -336094.351238
[09:19:19] Bootstrap tree #221, logLikelihood: -345748.318161
[09:21:29] Bootstrap tree #222, logLikelihood: -336155.572077
[09:24:02] Bootstrap tree #223, logLikelihood: -337468.424838
[09:26:10] Bootstrap tree #224, logLikelihood: -336953.001743
[09:28:55] Bootstrap tree #225, logLikelihood: -340466.956537
[09:31:00] Bootstrap tree #226, logLikelihood: -343302.952005
[09:33:02] Bootstrap tree #227, logLikelihood: -344984.141918
[09:34:52] Bootstrap tree #228, logLikelihood: -339567.111492
[09:37:17] Bootstrap tree #229, logLikelihood: -338042.572671
[09:39:54] Bootstrap tree #230, logLikelihood: -338075.598693
[09:41:56] Bootstrap tree #231, logLikelihood: -337791.517357
[09:43:53] Bootstrap tree #232, logLikelihood: -338785.182203
[09:47:09] Bootstrap tree #233, logLikelihood: -342738.075617
[09:49:05] Bootstrap tree #234, logLikelihood: -340699.768064
[09:52:26] Bootstrap tree #235, logLikelihood: -338533.122110
[09:54:34] Bootstrap tree #236, logLikelihood: -340832.778064
[09:56:40] Bootstrap tree #237, logLikelihood: -337848.034935
[09:58:50] Bootstrap tree #238, logLikelihood: -342462.002239
[10:00:58] Bootstrap tree #239, logLikelihood: -336401.814873
[10:02:59] Bootstrap tree #240, logLikelihood: -338410.451661
[10:05:16] Bootstrap tree #241, logLikelihood: -335845.007734
[10:07:21] Bootstrap tree #242, logLikelihood: -332720.810014
[10:09:43] Bootstrap tree #243, logLikelihood: -337994.576562
[10:11:40] Bootstrap tree #244, logLikelihood: -344064.712217
[10:14:01] Bootstrap tree #245, logLikelihood: -340688.984507
[10:16:11] Bootstrap tree #246, logLikelihood: -336479.365195
[10:18:28] Bootstrap tree #247, logLikelihood: -336089.620443
[10:20:20] Bootstrap tree #248, logLikelihood: -335827.019864
[10:22:10] Bootstrap tree #249, logLikelihood: -332183.531426
[10:24:19] Bootstrap tree #250, logLikelihood: -339971.770477
[10:26:36] Bootstrap tree #251, logLikelihood: -342915.307728
[10:29:03] Bootstrap tree #252, logLikelihood: -335139.546625
[10:31:07] Bootstrap tree #253, logLikelihood: -340082.882639
[10:33:10] Bootstrap tree #254, logLikelihood: -340985.157571
[10:35:05] Bootstrap tree #255, logLikelihood: -346177.483646
[10:37:28] Bootstrap tree #256, logLikelihood: -341290.441915
[10:41:12] Bootstrap tree #257, logLikelihood: -346233.102721
[10:43:18] Bootstrap tree #258, logLikelihood: -341571.673448
[10:45:27] Bootstrap tree #259, logLikelihood: -337567.445995
[10:47:28] Bootstrap tree #260, logLikelihood: -346478.056767
[10:49:13] Bootstrap tree #261, logLikelihood: -337094.160978
[10:51:22] Bootstrap tree #262, logLikelihood: -348375.894307
[10:53:46] Bootstrap tree #263, logLikelihood: -342090.712881
[10:56:01] Bootstrap tree #264, logLikelihood: -341646.381020
[10:58:00] Bootstrap tree #265, logLikelihood: -337192.858508
[11:00:08] Bootstrap tree #266, logLikelihood: -337729.904980
[11:01:56] Bootstrap tree #267, logLikelihood: -337999.185744
[11:04:33] Bootstrap tree #268, logLikelihood: -340687.687623
[11:06:38] Bootstrap tree #269, logLikelihood: -336170.144671
[11:09:01] Bootstrap tree #270, logLikelihood: -346587.444415
[11:10:58] Bootstrap tree #271, logLikelihood: -339954.711555
[11:14:15] Bootstrap tree #272, logLikelihood: -340995.403415
[11:16:45] Bootstrap tree #273, logLikelihood: -340079.987198
[11:19:03] Bootstrap tree #274, logLikelihood: -347721.673541
[11:21:43] Bootstrap tree #275, logLikelihood: -338858.068040
[11:23:37] Bootstrap tree #276, logLikelihood: -339389.139361
[11:25:41] Bootstrap tree #277, logLikelihood: -340529.303938
[11:27:40] Bootstrap tree #278, logLikelihood: -338019.022202
[11:29:47] Bootstrap tree #279, logLikelihood: -334250.851984
[11:32:35] Bootstrap tree #280, logLikelihood: -344583.219405
[11:34:53] Bootstrap tree #281, logLikelihood: -345209.736689
[11:36:34] Bootstrap tree #282, logLikelihood: -337589.037261
[11:38:55] Bootstrap tree #283, logLikelihood: -346093.686593
[11:41:12] Bootstrap tree #284, logLikelihood: -344363.008635
[11:43:41] Bootstrap tree #285, logLikelihood: -332239.322476
[11:46:03] Bootstrap tree #286, logLikelihood: -334833.651239
[11:48:09] Bootstrap tree #287, logLikelihood: -340736.286715
[11:50:27] Bootstrap tree #288, logLikelihood: -348049.237821
[11:53:04] Bootstrap tree #289, logLikelihood: -340505.147797
[11:55:11] Bootstrap tree #290, logLikelihood: -339722.938503
[11:56:55] Bootstrap tree #291, logLikelihood: -335899.878867
[11:59:14] Bootstrap tree #292, logLikelihood: -345068.739554
[12:01:43] Bootstrap tree #293, logLikelihood: -343553.190195
[12:03:34] Bootstrap tree #294, logLikelihood: -343052.610993
[12:05:42] Bootstrap tree #295, logLikelihood: -336305.587789
[12:08:13] Bootstrap tree #296, logLikelihood: -342736.831550
[12:10:29] Bootstrap tree #297, logLikelihood: -340873.333486
[12:12:59] Bootstrap tree #298, logLikelihood: -344789.957011
[12:15:05] Bootstrap tree #299, logLikelihood: -338064.921073
[12:17:48] Bootstrap tree #300, logLikelihood: -340089.571126
[12:19:50] Bootstrap tree #301, logLikelihood: -341529.009070
[12:21:52] Bootstrap tree #302, logLikelihood: -339308.796869
[12:23:51] Bootstrap tree #303, logLikelihood: -342513.918834
[12:25:58] Bootstrap tree #304, logLikelihood: -337443.463519
[12:28:11] Bootstrap tree #305, logLikelihood: -341846.393006
[12:30:23] Bootstrap tree #306, logLikelihood: -338707.011770
[12:32:32] Bootstrap tree #307, logLikelihood: -339071.217480
[12:34:46] Bootstrap tree #308, logLikelihood: -337778.753236
[12:36:48] Bootstrap tree #309, logLikelihood: -341411.878034
[12:39:19] Bootstrap tree #310, logLikelihood: -342533.028682
[12:41:10] Bootstrap tree #311, logLikelihood: -339411.902952
[12:43:24] Bootstrap tree #312, logLikelihood: -340031.480688
[12:45:12] Bootstrap tree #313, logLikelihood: -342726.441970
[12:47:13] Bootstrap tree #314, logLikelihood: -341388.253463
[12:50:18] Bootstrap tree #315, logLikelihood: -340472.953235
[12:52:26] Bootstrap tree #316, logLikelihood: -339511.590312
[12:55:04] Bootstrap tree #317, logLikelihood: -338127.744374
[12:58:49] Bootstrap tree #318, logLikelihood: -342169.106591
[13:00:48] Bootstrap tree #319, logLikelihood: -342933.449420
[13:02:42] Bootstrap tree #320, logLikelihood: -340100.968728
[13:04:34] Bootstrap tree #321, logLikelihood: -334884.404331
[13:06:25] Bootstrap tree #322, logLikelihood: -338664.825208
[13:09:35] Bootstrap tree #323, logLikelihood: -343668.757668
[13:11:33] Bootstrap tree #324, logLikelihood: -341090.792209
[13:13:40] Bootstrap tree #325, logLikelihood: -342833.823304
[13:15:52] Bootstrap tree #326, logLikelihood: -338190.563280
[13:18:17] Bootstrap tree #327, logLikelihood: -345917.860356
[13:21:11] Bootstrap tree #328, logLikelihood: -338952.804595
[13:23:31] Bootstrap tree #329, logLikelihood: -340482.932917
[13:26:09] Bootstrap tree #330, logLikelihood: -336408.415803
[13:28:36] Bootstrap tree #331, logLikelihood: -343669.303687
[13:31:13] Bootstrap tree #332, logLikelihood: -341246.868676
[13:33:16] Bootstrap tree #333, logLikelihood: -339785.341112
[13:35:27] Bootstrap tree #334, logLikelihood: -344702.880345
[13:37:27] Bootstrap tree #335, logLikelihood: -343324.243193
[13:40:06] Bootstrap tree #336, logLikelihood: -336379.403604
[13:41:59] Bootstrap tree #337, logLikelihood: -336500.429455
[13:45:02] Bootstrap tree #338, logLikelihood: -337528.193547
[13:47:08] Bootstrap tree #339, logLikelihood: -340781.835577
[13:49:47] Bootstrap tree #340, logLikelihood: -345316.665366
[13:52:48] Bootstrap tree #341, logLikelihood: -337503.346321
[13:54:46] Bootstrap tree #342, logLikelihood: -343465.700610
[13:57:27] Bootstrap tree #343, logLikelihood: -342997.552409
[13:59:32] Bootstrap tree #344, logLikelihood: -342886.307763
[14:01:52] Bootstrap tree #345, logLikelihood: -335390.328728
[14:04:39] Bootstrap tree #346, logLikelihood: -341609.770056
[14:07:14] Bootstrap tree #347, logLikelihood: -337837.415716
[14:09:33] Bootstrap tree #348, logLikelihood: -337386.904227
[14:11:41] Bootstrap tree #349, logLikelihood: -347722.708137
[14:13:43] Bootstrap tree #350, logLikelihood: -340910.249849
[14:15:48] Bootstrap tree #351, logLikelihood: -333746.334328
[14:17:55] Bootstrap tree #352, logLikelihood: -342033.461160
[14:20:11] Bootstrap tree #353, logLikelihood: -339232.767646
[14:22:31] Bootstrap tree #354, logLikelihood: -347909.165361
[14:25:04] Bootstrap tree #355, logLikelihood: -343023.584505
[14:27:10] Bootstrap tree #356, logLikelihood: -348919.330540
[14:29:15] Bootstrap tree #357, logLikelihood: -340587.119993
[14:31:16] Bootstrap tree #358, logLikelihood: -340206.910779
[14:33:24] Bootstrap tree #359, logLikelihood: -337565.031972
[14:35:47] Bootstrap tree #360, logLikelihood: -342880.391261
[14:38:02] Bootstrap tree #361, logLikelihood: -342195.539486
[14:40:52] Bootstrap tree #362, logLikelihood: -335906.056496
[14:42:46] Bootstrap tree #363, logLikelihood: -337317.836899
[14:44:51] Bootstrap tree #364, logLikelihood: -349601.199004
[14:46:50] Bootstrap tree #365, logLikelihood: -335328.041146
[14:48:59] Bootstrap tree #366, logLikelihood: -348855.533941
[14:51:12] Bootstrap tree #367, logLikelihood: -345884.919392
[14:53:16] Bootstrap tree #368, logLikelihood: -343650.425898
[14:55:29] Bootstrap tree #369, logLikelihood: -338447.953103
[14:57:39] Bootstrap tree #370, logLikelihood: -345441.720052
[15:00:20] Bootstrap tree #371, logLikelihood: -343854.872283
[15:02:53] Bootstrap tree #372, logLikelihood: -340937.986213
[15:05:10] Bootstrap tree #373, logLikelihood: -346501.403045
[15:07:22] Bootstrap tree #374, logLikelihood: -343857.215365
[15:09:59] Bootstrap tree #375, logLikelihood: -337285.112400
[15:11:40] Bootstrap tree #376, logLikelihood: -338272.400161
[15:14:35] Bootstrap tree #377, logLikelihood: -342636.295555
[15:18:09] Bootstrap tree #378, logLikelihood: -337222.878192
[15:20:06] Bootstrap tree #379, logLikelihood: -340362.810986
[15:24:14] Bootstrap tree #380, logLikelihood: -341729.782075
[15:26:51] Bootstrap tree #381, logLikelihood: -339223.972876
[15:29:03] Bootstrap tree #382, logLikelihood: -345938.360611
[15:32:17] Bootstrap tree #383, logLikelihood: -343899.608078
[15:34:15] Bootstrap tree #384, logLikelihood: -337104.222576
[15:36:16] Bootstrap tree #385, logLikelihood: -337319.915471
[15:38:15] Bootstrap tree #386, logLikelihood: -339407.212851
[15:40:23] Bootstrap tree #387, logLikelihood: -341666.027170
[15:42:47] Bootstrap tree #388, logLikelihood: -343777.721184
[15:45:16] Bootstrap tree #389, logLikelihood: -342097.636749
[15:47:39] Bootstrap tree #390, logLikelihood: -334958.975177
[15:49:40] Bootstrap tree #391, logLikelihood: -342437.142598
[15:51:32] Bootstrap tree #392, logLikelihood: -341764.578424
[15:53:31] Bootstrap tree #393, logLikelihood: -342379.517078
[15:55:44] Bootstrap tree #394, logLikelihood: -344266.742881
[15:57:46] Bootstrap tree #395, logLikelihood: -346335.939620
[15:59:48] Bootstrap tree #396, logLikelihood: -339083.906914
[16:01:38] Bootstrap tree #397, logLikelihood: -333284.252658
[16:04:14] Bootstrap tree #398, logLikelihood: -340165.252251
[16:06:14] Bootstrap tree #399, logLikelihood: -338600.615547
[16:08:19] Bootstrap tree #400, logLikelihood: -338453.899810
[16:10:30] Bootstrap tree #401, logLikelihood: -343405.546196
[16:12:33] Bootstrap tree #402, logLikelihood: -339886.900448
[16:14:44] Bootstrap tree #403, logLikelihood: -336606.177229
[16:17:02] Bootstrap tree #404, logLikelihood: -339196.006611
[16:19:00] Bootstrap tree #405, logLikelihood: -337666.369906
[16:21:53] Bootstrap tree #406, logLikelihood: -339247.322717
[16:23:59] Bootstrap tree #407, logLikelihood: -340301.403599
[16:26:10] Bootstrap tree #408, logLikelihood: -345823.143761
[16:29:03] Bootstrap tree #409, logLikelihood: -336435.315542
[16:31:11] Bootstrap tree #410, logLikelihood: -336209.961714
[16:33:09] Bootstrap tree #411, logLikelihood: -345974.893706
[16:35:13] Bootstrap tree #412, logLikelihood: -338708.907577
[16:37:30] Bootstrap tree #413, logLikelihood: -340825.356383
[16:40:01] Bootstrap tree #414, logLikelihood: -338702.112432
[16:43:33] Bootstrap tree #415, logLikelihood: -336521.967296
[16:45:23] Bootstrap tree #416, logLikelihood: -341411.795271
[16:47:37] Bootstrap tree #417, logLikelihood: -335774.790023
[16:49:34] Bootstrap tree #418, logLikelihood: -343135.536236
[16:51:44] Bootstrap tree #419, logLikelihood: -340782.118610
[16:54:30] Bootstrap tree #420, logLikelihood: -334334.255054
[16:56:28] Bootstrap tree #421, logLikelihood: -340523.920092
[16:58:28] Bootstrap tree #422, logLikelihood: -338826.171279
[17:01:04] Bootstrap tree #423, logLikelihood: -339157.875080
[17:02:59] Bootstrap tree #424, logLikelihood: -344103.855939
[17:04:53] Bootstrap tree #425, logLikelihood: -340621.149999
[17:06:49] Bootstrap tree #426, logLikelihood: -340025.168310
[17:09:10] Bootstrap tree #427, logLikelihood: -336667.116025
[17:11:16] Bootstrap tree #428, logLikelihood: -342068.053121
[17:13:08] Bootstrap tree #429, logLikelihood: -340132.481367
[17:15:16] Bootstrap tree #430, logLikelihood: -337500.367198
[17:17:18] Bootstrap tree #431, logLikelihood: -339322.107163
[17:19:09] Bootstrap tree #432, logLikelihood: -341135.653367
[17:20:54] Bootstrap tree #433, logLikelihood: -342822.874727
[17:23:03] Bootstrap tree #434, logLikelihood: -337080.045173
[17:25:14] Bootstrap tree #435, logLikelihood: -341319.644113
[17:27:06] Bootstrap tree #436, logLikelihood: -340463.989130
[17:29:12] Bootstrap tree #437, logLikelihood: -335102.953899
[17:31:59] Bootstrap tree #438, logLikelihood: -339583.838367
[17:34:13] Bootstrap tree #439, logLikelihood: -341400.918775
[17:36:40] Bootstrap tree #440, logLikelihood: -341131.932710
[17:38:48] Bootstrap tree #441, logLikelihood: -343495.899802
[17:41:09] Bootstrap tree #442, logLikelihood: -340594.553598
[17:43:50] Bootstrap tree #443, logLikelihood: -337997.323928
[17:46:36] Bootstrap tree #444, logLikelihood: -342721.687094
[17:49:22] Bootstrap tree #445, logLikelihood: -335776.476719
[17:51:30] Bootstrap tree #446, logLikelihood: -340855.236842
[17:53:23] Bootstrap tree #447, logLikelihood: -346941.412928
[17:56:07] Bootstrap tree #448, logLikelihood: -346203.553721
[17:58:22] Bootstrap tree #449, logLikelihood: -340932.721175
[18:00:53] Bootstrap tree #450, logLikelihood: -337283.936092
[18:03:13] Bootstrap tree #451, logLikelihood: -338847.175493
[18:05:13] Bootstrap tree #452, logLikelihood: -342606.979505
[18:07:30] Bootstrap tree #453, logLikelihood: -343899.196534
[18:09:46] Bootstrap tree #454, logLikelihood: -343525.354091
[18:11:53] Bootstrap tree #455, logLikelihood: -339246.252209
[18:14:15] Bootstrap tree #456, logLikelihood: -340867.079263
[18:16:50] Bootstrap tree #457, logLikelihood: -335319.712084
[18:18:54] Bootstrap tree #458, logLikelihood: -341207.715619
[18:21:30] Bootstrap tree #459, logLikelihood: -338201.904357
[18:24:47] Bootstrap tree #460, logLikelihood: -342564.345908
[18:26:46] Bootstrap tree #461, logLikelihood: -338379.393860
[18:30:02] Bootstrap tree #462, logLikelihood: -345088.071401
[18:32:06] Bootstrap tree #463, logLikelihood: -342043.450683
[18:34:25] Bootstrap tree #464, logLikelihood: -339584.759567
[18:36:39] Bootstrap tree #465, logLikelihood: -340113.758180
[18:38:33] Bootstrap tree #466, logLikelihood: -345346.258329
[18:40:28] Bootstrap tree #467, logLikelihood: -343337.917581
[18:42:31] Bootstrap tree #468, logLikelihood: -339383.249433
[18:44:17] Bootstrap tree #469, logLikelihood: -344538.541993
[18:47:16] Bootstrap tree #470, logLikelihood: -346552.531528
[18:49:14] Bootstrap tree #471, logLikelihood: -333538.371121
[18:51:14] Bootstrap tree #472, logLikelihood: -339468.747178
[18:53:18] Bootstrap tree #473, logLikelihood: -342055.249044
[18:55:28] Bootstrap tree #474, logLikelihood: -341646.098180
[18:57:28] Bootstrap tree #475, logLikelihood: -340994.294754
[18:59:40] Bootstrap tree #476, logLikelihood: -344447.987550
[19:01:55] Bootstrap tree #477, logLikelihood: -342366.323836
[19:03:55] Bootstrap tree #478, logLikelihood: -343412.220746
[19:06:02] Bootstrap tree #479, logLikelihood: -341949.060617
[19:08:09] Bootstrap tree #480, logLikelihood: -340492.764276
[19:10:06] Bootstrap tree #481, logLikelihood: -341220.865563
[19:12:09] Bootstrap tree #482, logLikelihood: -345362.085798
[19:14:06] Bootstrap tree #483, logLikelihood: -341733.004553
[19:16:07] Bootstrap tree #484, logLikelihood: -341325.437438
[19:18:02] Bootstrap tree #485, logLikelihood: -337389.020814
[19:20:49] Bootstrap tree #486, logLikelihood: -347960.083197
[19:22:47] Bootstrap tree #487, logLikelihood: -342908.978512
[19:24:53] Bootstrap tree #488, logLikelihood: -340622.057381
[19:26:56] Bootstrap tree #489, logLikelihood: -342433.613538
[19:29:10] Bootstrap tree #490, logLikelihood: -340886.873897
[19:31:20] Bootstrap tree #491, logLikelihood: -338689.690799
[19:33:28] Bootstrap tree #492, logLikelihood: -342526.046391
[19:35:29] Bootstrap tree #493, logLikelihood: -339875.988321
[19:38:25] Bootstrap tree #494, logLikelihood: -345338.034805
[19:40:52] Bootstrap tree #495, logLikelihood: -343226.093556
[19:43:07] Bootstrap tree #496, logLikelihood: -345784.449523
[19:45:29] Bootstrap tree #497, logLikelihood: -339780.889776
[19:47:33] Bootstrap tree #498, logLikelihood: -341247.462528
[19:49:39] Bootstrap tree #499, logLikelihood: -340749.504288
[19:52:21] Bootstrap tree #500, logLikelihood: -344769.872654
[19:54:17] Bootstrap tree #501, logLikelihood: -346612.646161
[19:56:02] Bootstrap tree #502, logLikelihood: -341088.402749
[19:58:26] Bootstrap tree #503, logLikelihood: -331115.567035
[20:00:24] Bootstrap tree #504, logLikelihood: -344398.878743
[20:02:36] Bootstrap tree #505, logLikelihood: -338034.879346
[20:04:43] Bootstrap tree #506, logLikelihood: -341443.894934
[20:07:30] Bootstrap tree #507, logLikelihood: -340697.139209
[20:09:38] Bootstrap tree #508, logLikelihood: -338891.232296
[20:11:34] Bootstrap tree #509, logLikelihood: -344840.242963
[20:13:48] Bootstrap tree #510, logLikelihood: -341027.104897
[20:15:28] Bootstrap tree #511, logLikelihood: -337483.663344
[20:17:29] Bootstrap tree #512, logLikelihood: -342715.379016
[20:19:22] Bootstrap tree #513, logLikelihood: -341257.647650
[20:21:21] Bootstrap tree #514, logLikelihood: -341606.275387
[20:24:19] Bootstrap tree #515, logLikelihood: -340758.291690
[20:27:36] Bootstrap tree #516, logLikelihood: -341492.205387
[20:29:39] Bootstrap tree #517, logLikelihood: -347836.354933
[20:32:35] Bootstrap tree #518, logLikelihood: -336407.836395
[20:35:18] Bootstrap tree #519, logLikelihood: -340274.710674
[20:37:43] Bootstrap tree #520, logLikelihood: -341535.111227
[20:39:35] Bootstrap tree #521, logLikelihood: -344557.395666
[20:41:28] Bootstrap tree #522, logLikelihood: -341990.169724
[20:43:34] Bootstrap tree #523, logLikelihood: -338783.927463
[20:45:50] Bootstrap tree #524, logLikelihood: -347464.279151
[20:48:13] Bootstrap tree #525, logLikelihood: -344809.530181
[20:50:27] Bootstrap tree #526, logLikelihood: -342295.250324
[20:52:57] Bootstrap tree #527, logLikelihood: -344743.834966
[20:55:17] Bootstrap tree #528, logLikelihood: -342375.676738
[20:58:00] Bootstrap tree #529, logLikelihood: -342831.422324
[21:00:01] Bootstrap tree #530, logLikelihood: -337054.437034
[21:02:00] Bootstrap tree #531, logLikelihood: -341442.972508
[21:03:56] Bootstrap tree #532, logLikelihood: -343832.555846
[21:06:32] Bootstrap tree #533, logLikelihood: -336581.042431
[21:08:47] Bootstrap tree #534, logLikelihood: -338427.826345
[21:10:59] Bootstrap tree #535, logLikelihood: -339425.806264
[21:13:05] Bootstrap tree #536, logLikelihood: -344177.820982
[21:15:46] Bootstrap tree #537, logLikelihood: -344641.025708
[21:18:00] Bootstrap tree #538, logLikelihood: -338818.940809
[21:20:45] Bootstrap tree #539, logLikelihood: -337655.808393
[21:23:05] Bootstrap tree #540, logLikelihood: -339077.692961
[21:25:13] Bootstrap tree #541, logLikelihood: -333565.913434
[21:27:14] Bootstrap tree #542, logLikelihood: -334882.869784
[21:29:16] Bootstrap tree #543, logLikelihood: -338870.128454
[21:31:48] Bootstrap tree #544, logLikelihood: -337282.259542
[21:33:51] Bootstrap tree #545, logLikelihood: -335207.055484
[21:36:22] Bootstrap tree #546, logLikelihood: -343000.622034
[21:38:30] Bootstrap tree #547, logLikelihood: -340397.544643
[21:40:31] Bootstrap tree #548, logLikelihood: -337569.861510
[21:42:53] Bootstrap tree #549, logLikelihood: -341806.171336
[21:44:56] Bootstrap tree #550, logLikelihood: -340415.769264
[21:47:04] Bootstrap tree #551, logLikelihood: -339218.894965
[21:49:31] Bootstrap tree #552, logLikelihood: -351740.126169
[21:51:50] Bootstrap tree #553, logLikelihood: -349035.052999
[21:53:51] Bootstrap tree #554, logLikelihood: -339671.260487
[21:55:50] Bootstrap tree #555, logLikelihood: -337879.029792
[21:57:49] Bootstrap tree #556, logLikelihood: -337614.800666
[21:59:37] Bootstrap tree #557, logLikelihood: -347359.768362
[22:01:32] Bootstrap tree #558, logLikelihood: -339167.715926
[22:03:33] Bootstrap tree #559, logLikelihood: -334738.095961
[22:06:08] Bootstrap tree #560, logLikelihood: -343630.607129
[22:08:13] Bootstrap tree #561, logLikelihood: -344820.991183
[22:10:31] Bootstrap tree #562, logLikelihood: -339323.468231
[22:13:30] Bootstrap tree #563, logLikelihood: -341143.685221
[22:15:44] Bootstrap tree #564, logLikelihood: -338643.924466
[22:17:48] Bootstrap tree #565, logLikelihood: -335684.195827
[22:20:12] Bootstrap tree #566, logLikelihood: -336141.430764
[22:22:10] Bootstrap tree #567, logLikelihood: -345321.068130
[22:24:29] Bootstrap tree #568, logLikelihood: -342415.359334
[22:26:28] Bootstrap tree #569, logLikelihood: -347160.329584
[22:28:56] Bootstrap tree #570, logLikelihood: -339971.860843
[22:30:48] Bootstrap tree #571, logLikelihood: -338880.398684
[22:33:54] Bootstrap tree #572, logLikelihood: -348073.626366
[22:36:55] Bootstrap tree #573, logLikelihood: -337504.407253
[22:38:50] Bootstrap tree #574, logLikelihood: -339882.096884
[22:41:41] Bootstrap tree #575, logLikelihood: -338978.392210
[22:43:34] Bootstrap tree #576, logLikelihood: -335998.441016
[22:45:44] Bootstrap tree #577, logLikelihood: -340637.965672
[22:47:54] Bootstrap tree #578, logLikelihood: -339297.850517
[22:50:04] Bootstrap tree #579, logLikelihood: -350134.302236
[22:53:55] Bootstrap tree #580, logLikelihood: -344111.835494
[22:56:15] Bootstrap tree #581, logLikelihood: -339948.739736
[22:58:24] Bootstrap tree #582, logLikelihood: -336466.115424
[23:01:10] Bootstrap tree #583, logLikelihood: -338209.474564
[23:03:34] Bootstrap tree #584, logLikelihood: -340530.389352
[23:05:31] Bootstrap tree #585, logLikelihood: -347088.348403
[23:08:30] Bootstrap tree #586, logLikelihood: -338799.806805
[23:10:24] Bootstrap tree #587, logLikelihood: -350141.269159
[23:12:43] Bootstrap tree #588, logLikelihood: -333388.234198
[23:15:01] Bootstrap tree #589, logLikelihood: -341042.205669
[23:17:02] Bootstrap tree #590, logLikelihood: -340277.675760
[23:19:43] Bootstrap tree #591, logLikelihood: -338368.459863
[23:21:42] Bootstrap tree #592, logLikelihood: -339824.463813
[23:23:42] Bootstrap tree #593, logLikelihood: -341518.592408
[23:25:47] Bootstrap tree #594, logLikelihood: -343372.192485
[23:27:50] Bootstrap tree #595, logLikelihood: -334126.155552
[23:29:52] Bootstrap tree #596, logLikelihood: -342004.248995
[23:32:01] Bootstrap tree #597, logLikelihood: -330661.080536
[23:33:58] Bootstrap tree #598, logLikelihood: -340476.787358
[23:36:11] Bootstrap tree #599, logLikelihood: -338517.058687
[23:38:18] Bootstrap tree #600, logLikelihood: -345967.740487
[23:41:12] Bootstrap tree #601, logLikelihood: -343452.122176
[23:43:22] Bootstrap tree #602, logLikelihood: -347284.254860
[23:46:11] Bootstrap tree #603, logLikelihood: -335406.316632
[23:48:24] Bootstrap tree #604, logLikelihood: -341022.896205
[23:51:14] Bootstrap tree #605, logLikelihood: -345528.739251
[23:54:06] Bootstrap tree #606, logLikelihood: -343334.103928
[23:57:05] Bootstrap tree #607, logLikelihood: -342260.245063
[23:59:23] Bootstrap tree #608, logLikelihood: -339510.391919
[24:01:31] Bootstrap tree #609, logLikelihood: -340576.458141
[24:03:54] Bootstrap tree #610, logLikelihood: -345790.503547
[24:05:52] Bootstrap tree #611, logLikelihood: -344015.032234
[24:08:05] Bootstrap tree #612, logLikelihood: -335960.496822
[24:10:09] Bootstrap tree #613, logLikelihood: -338980.156606
[24:13:02] Bootstrap tree #614, logLikelihood: -343022.201061
[24:16:19] Bootstrap tree #615, logLikelihood: -341937.097527
[24:18:49] Bootstrap tree #616, logLikelihood: -347598.853506
[24:20:49] Bootstrap tree #617, logLikelihood: -338570.012211
[24:24:07] Bootstrap tree #618, logLikelihood: -334291.613928
[24:26:02] Bootstrap tree #619, logLikelihood: -343812.997784
[24:28:11] Bootstrap tree #620, logLikelihood: -336644.082515
[24:30:15] Bootstrap tree #621, logLikelihood: -348427.223411
[24:32:15] Bootstrap tree #622, logLikelihood: -336681.649144
[24:34:20] Bootstrap tree #623, logLikelihood: -340458.266037
[24:36:34] Bootstrap tree #624, logLikelihood: -349720.421865
[24:39:30] Bootstrap tree #625, logLikelihood: -335790.712052
[24:41:34] Bootstrap tree #626, logLikelihood: -340464.824861
[24:43:42] Bootstrap tree #627, logLikelihood: -340280.612656
[24:45:42] Bootstrap tree #628, logLikelihood: -344317.469029
[24:47:55] Bootstrap tree #629, logLikelihood: -344163.510967
[24:50:01] Bootstrap tree #630, logLikelihood: -346220.800491
[24:52:18] Bootstrap tree #631, logLikelihood: -330485.512022
[24:54:21] Bootstrap tree #632, logLikelihood: -341763.966793
[24:56:26] Bootstrap tree #633, logLikelihood: -340410.540563
[24:58:38] Bootstrap tree #634, logLikelihood: -344245.318102
[25:00:53] Bootstrap tree #635, logLikelihood: -334708.553459
[25:03:50] Bootstrap tree #636, logLikelihood: -341358.705006
[25:05:53] Bootstrap tree #637, logLikelihood: -337633.376055
[25:07:54] Bootstrap tree #638, logLikelihood: -342545.018978
[25:10:04] Bootstrap tree #639, logLikelihood: -334770.630120
[25:12:11] Bootstrap tree #640, logLikelihood: -340211.207438
[25:14:13] Bootstrap tree #641, logLikelihood: -336113.761875
[25:16:21] Bootstrap tree #642, logLikelihood: -341751.432395
[25:18:38] Bootstrap tree #643, logLikelihood: -342295.964892
[25:20:56] Bootstrap tree #644, logLikelihood: -337539.119040
[25:22:53] Bootstrap tree #645, logLikelihood: -341135.607973
[25:24:54] Bootstrap tree #646, logLikelihood: -343170.729517
[25:27:42] Bootstrap tree #647, logLikelihood: -331716.989860
[25:29:55] Bootstrap tree #648, logLikelihood: -342163.737255
[25:33:08] Bootstrap tree #649, logLikelihood: -344841.178585
[25:35:00] Bootstrap tree #650, logLikelihood: -335618.446343
[25:37:13] Bootstrap tree #651, logLikelihood: -339609.120753
[25:39:25] Bootstrap tree #652, logLikelihood: -339762.465457
[25:41:35] Bootstrap tree #653, logLikelihood: -343680.038298
[25:43:45] Bootstrap tree #654, logLikelihood: -335937.200816
[25:46:13] Bootstrap tree #655, logLikelihood: -338804.668939
[25:48:29] Bootstrap tree #656, logLikelihood: -335807.612631
[25:50:40] Bootstrap tree #657, logLikelihood: -341954.836845
[25:52:49] Bootstrap tree #658, logLikelihood: -340537.450201
[25:55:11] Bootstrap tree #659, logLikelihood: -342651.576887
[25:57:13] Bootstrap tree #660, logLikelihood: -344214.639369
[25:59:23] Bootstrap tree #661, logLikelihood: -334894.674134
[26:02:16] Bootstrap tree #662, logLikelihood: -344813.667678
[26:04:42] Bootstrap tree #663, logLikelihood: -341772.191369
[26:06:36] Bootstrap tree #664, logLikelihood: -341526.623394
[26:09:20] Bootstrap tree #665, logLikelihood: -336496.146798
[26:11:29] Bootstrap tree #666, logLikelihood: -343301.111807
[26:14:07] Bootstrap tree #667, logLikelihood: -340114.599764
[26:16:09] Bootstrap tree #668, logLikelihood: -338896.269083
[26:18:26] Bootstrap tree #669, logLikelihood: -341794.475781
[26:21:19] Bootstrap tree #670, logLikelihood: -342134.550001
[26:24:04] Bootstrap tree #671, logLikelihood: -338656.025804
[26:26:06] Bootstrap tree #672, logLikelihood: -344300.327822
[26:28:22] Bootstrap tree #673, logLikelihood: -342837.567708
[26:30:40] Bootstrap tree #674, logLikelihood: -345860.205535
[26:32:48] Bootstrap tree #675, logLikelihood: -339809.178299
[26:35:07] Bootstrap tree #676, logLikelihood: -341310.609118
[26:37:21] Bootstrap tree #677, logLikelihood: -337770.273889
[26:39:14] Bootstrap tree #678, logLikelihood: -343323.841018
[26:41:45] Bootstrap tree #679, logLikelihood: -339713.727075
[26:44:35] Bootstrap tree #680, logLikelihood: -340741.636840
[26:47:59] Bootstrap tree #681, logLikelihood: -343014.596238
[26:50:07] Bootstrap tree #682, logLikelihood: -338828.824922
[26:53:31] Bootstrap tree #683, logLikelihood: -347784.943929
[26:55:43] Bootstrap tree #684, logLikelihood: -340636.713517
[26:58:13] Bootstrap tree #685, logLikelihood: -342059.592696
[27:00:28] Bootstrap tree #686, logLikelihood: -338609.248406
[27:02:21] Bootstrap tree #687, logLikelihood: -343162.080038
[27:04:40] Bootstrap tree #688, logLikelihood: -334460.139814
[27:06:49] Bootstrap tree #689, logLikelihood: -338705.372738
[27:08:56] Bootstrap tree #690, logLikelihood: -339606.366081
[27:11:02] Bootstrap tree #691, logLikelihood: -345948.088716
[27:13:31] Bootstrap tree #692, logLikelihood: -343007.871678
[27:15:53] Bootstrap tree #693, logLikelihood: -339912.225705
[27:18:05] Bootstrap tree #694, logLikelihood: -334264.639532
[27:19:49] Bootstrap tree #695, logLikelihood: -340273.883612
[27:21:42] Bootstrap tree #696, logLikelihood: -336854.961528
[27:23:45] Bootstrap tree #697, logLikelihood: -341495.806687
[27:25:52] Bootstrap tree #698, logLikelihood: -341187.841485
[27:28:23] Bootstrap tree #699, logLikelihood: -345384.482304
[27:31:27] Bootstrap tree #700, logLikelihood: -338662.147604
[27:33:44] Bootstrap tree #701, logLikelihood: -343383.855577
[27:36:06] Bootstrap tree #702, logLikelihood: -341322.525581
[27:38:12] Bootstrap tree #703, logLikelihood: -341784.902889
[27:40:27] Bootstrap tree #704, logLikelihood: -338057.477100
[27:42:37] Bootstrap tree #705, logLikelihood: -340109.405731
[27:44:38] Bootstrap tree #706, logLikelihood: -343946.382954
[27:46:44] Bootstrap tree #707, logLikelihood: -343380.371484
[27:48:53] Bootstrap tree #708, logLikelihood: -344253.194224
[27:52:03] Bootstrap tree #709, logLikelihood: -342048.817961
[27:54:40] Bootstrap tree #710, logLikelihood: -336209.608547
[27:56:42] Bootstrap tree #711, logLikelihood: -337791.134465
[27:59:41] Bootstrap tree #712, logLikelihood: -343330.791399
[28:01:58] Bootstrap tree #713, logLikelihood: -343023.099063
[28:04:12] Bootstrap tree #714, logLikelihood: -338662.274206
[28:05:55] Bootstrap tree #715, logLikelihood: -343910.070155
[28:08:59] Bootstrap tree #716, logLikelihood: -347857.464525
[28:11:41] Bootstrap tree #717, logLikelihood: -343476.519784
[28:15:03] Bootstrap tree #718, logLikelihood: -335056.111904
[28:17:31] Bootstrap tree #719, logLikelihood: -341320.493406
[28:20:36] Bootstrap tree #720, logLikelihood: -343822.661442
[28:22:54] Bootstrap tree #721, logLikelihood: -341805.609674
[28:25:35] Bootstrap tree #722, logLikelihood: -338404.676248
[28:28:06] Bootstrap tree #723, logLikelihood: -339635.075868
[28:30:26] Bootstrap tree #724, logLikelihood: -341048.506059
[28:32:33] Bootstrap tree #725, logLikelihood: -337383.921519
[28:35:02] Bootstrap tree #726, logLikelihood: -338730.515473
[28:38:00] Bootstrap tree #727, logLikelihood: -338741.479883
[28:40:03] Bootstrap tree #728, logLikelihood: -348947.025576
[28:42:14] Bootstrap tree #729, logLikelihood: -342748.868151
[28:44:58] Bootstrap tree #730, logLikelihood: -339966.779414
[28:48:08] Bootstrap tree #731, logLikelihood: -342566.223970
[28:50:32] Bootstrap tree #732, logLikelihood: -333283.713674
[28:52:35] Bootstrap tree #733, logLikelihood: -337164.225524
[28:54:52] Bootstrap tree #734, logLikelihood: -337934.706343
[28:57:15] Bootstrap tree #735, logLikelihood: -340943.015581
[28:59:38] Bootstrap tree #736, logLikelihood: -339262.735395
[29:02:16] Bootstrap tree #737, logLikelihood: -343043.121680
[29:04:38] Bootstrap tree #738, logLikelihood: -339919.209369
[29:07:19] Bootstrap tree #739, logLikelihood: -338146.420506
[29:09:27] Bootstrap tree #740, logLikelihood: -338114.820010
[29:11:43] Bootstrap tree #741, logLikelihood: -341843.042439
[29:14:21] Bootstrap tree #742, logLikelihood: -343585.053804
[29:16:20] Bootstrap tree #743, logLikelihood: -345955.665076
[29:19:13] Bootstrap tree #744, logLikelihood: -340078.167260
[29:21:11] Bootstrap tree #745, logLikelihood: -340800.685141
[29:23:13] Bootstrap tree #746, logLikelihood: -345853.268547
[29:25:49] Bootstrap tree #747, logLikelihood: -340024.202810
[29:28:22] Bootstrap tree #748, logLikelihood: -347698.003432
[29:30:49] Bootstrap tree #749, logLikelihood: -340770.427133
[29:33:05] Bootstrap tree #750, logLikelihood: -337809.365821
[29:35:34] Bootstrap tree #751, logLikelihood: -342186.746506
[29:38:02] Bootstrap tree #752, logLikelihood: -342608.675690
[29:40:04] Bootstrap tree #753, logLikelihood: -343509.966074
[29:42:16] Bootstrap tree #754, logLikelihood: -334732.889190
[29:45:21] Bootstrap tree #755, logLikelihood: -338325.419921
[29:47:35] Bootstrap tree #756, logLikelihood: -342763.241160
[29:49:38] Bootstrap tree #757, logLikelihood: -338445.586084
[29:52:18] Bootstrap tree #758, logLikelihood: -340854.912730
[29:54:24] Bootstrap tree #759, logLikelihood: -337076.349117
[29:56:43] Bootstrap tree #760, logLikelihood: -345806.316740
[29:59:42] Bootstrap tree #761, logLikelihood: -340632.640730
[30:03:02] Bootstrap tree #762, logLikelihood: -341739.162389
[30:05:12] Bootstrap tree #763, logLikelihood: -332550.776210
[30:07:21] Bootstrap tree #764, logLikelihood: -339711.542797
[30:09:43] Bootstrap tree #765, logLikelihood: -343260.629980
[30:12:01] Bootstrap tree #766, logLikelihood: -349472.122792
[30:14:42] Bootstrap tree #767, logLikelihood: -336773.348025
[30:16:56] Bootstrap tree #768, logLikelihood: -343718.431322
[30:19:23] Bootstrap tree #769, logLikelihood: -339101.613606
[30:21:26] Bootstrap tree #770, logLikelihood: -341199.861688
[30:24:11] Bootstrap tree #771, logLikelihood: -334210.255775
[30:26:29] Bootstrap tree #772, logLikelihood: -342491.666009
[30:28:41] Bootstrap tree #773, logLikelihood: -343236.516351
[30:30:46] Bootstrap tree #774, logLikelihood: -336517.113236
[30:32:57] Bootstrap tree #775, logLikelihood: -340704.339124
[30:35:26] Bootstrap tree #776, logLikelihood: -339497.675740
[30:37:55] Bootstrap tree #777, logLikelihood: -344673.230768
[30:40:15] Bootstrap tree #778, logLikelihood: -338527.748097
[30:42:43] Bootstrap tree #779, logLikelihood: -339787.859638
[30:44:49] Bootstrap tree #780, logLikelihood: -341970.128505
[30:47:40] Bootstrap tree #781, logLikelihood: -337583.919101
[30:49:29] Bootstrap tree #782, logLikelihood: -332363.782382
[30:51:37] Bootstrap tree #783, logLikelihood: -342349.969228
[30:53:46] Bootstrap tree #784, logLikelihood: -344077.378169
[30:56:25] Bootstrap tree #785, logLikelihood: -338412.403306
[30:59:09] Bootstrap tree #786, logLikelihood: -339176.913400
[31:01:30] Bootstrap tree #787, logLikelihood: -342696.219186
[31:03:52] Bootstrap tree #788, logLikelihood: -347034.193034
[31:06:19] Bootstrap tree #789, logLikelihood: -336893.258904
[31:09:23] Bootstrap tree #790, logLikelihood: -340692.718575
[31:11:24] Bootstrap tree #791, logLikelihood: -338901.323974
[31:13:45] Bootstrap tree #792, logLikelihood: -333990.729448
[31:15:52] Bootstrap tree #793, logLikelihood: -336379.882159
[31:18:31] Bootstrap tree #794, logLikelihood: -337731.447403
[31:20:35] Bootstrap tree #795, logLikelihood: -343170.435849
[31:22:37] Bootstrap tree #796, logLikelihood: -342874.495704
[31:25:08] Bootstrap tree #797, logLikelihood: -338111.110463
[31:27:15] Bootstrap tree #798, logLikelihood: -342716.205137
[31:29:37] Bootstrap tree #799, logLikelihood: -335976.844206
[31:32:29] Bootstrap tree #800, logLikelihood: -341849.419350
[31:35:24] Bootstrap tree #801, logLikelihood: -332731.766359
[31:37:33] Bootstrap tree #802, logLikelihood: -341020.278988
[31:41:24] Bootstrap tree #803, logLikelihood: -348217.434460
[31:43:55] Bootstrap tree #804, logLikelihood: -340844.402774
[31:45:43] Bootstrap tree #805, logLikelihood: -343636.037172
[31:47:55] Bootstrap tree #806, logLikelihood: -340596.174419
[31:50:16] Bootstrap tree #807, logLikelihood: -341536.842006
[31:52:25] Bootstrap tree #808, logLikelihood: -347037.929304
[31:54:54] Bootstrap tree #809, logLikelihood: -332265.099599
[31:57:12] Bootstrap tree #810, logLikelihood: -342378.410294
[31:59:36] Bootstrap tree #811, logLikelihood: -347719.419225
[32:02:19] Bootstrap tree #812, logLikelihood: -341665.968275
[32:04:20] Bootstrap tree #813, logLikelihood: -346923.788582
[32:06:14] Bootstrap tree #814, logLikelihood: -343352.599480
[32:08:15] Bootstrap tree #815, logLikelihood: -336679.706737
[32:10:21] Bootstrap tree #816, logLikelihood: -343520.616506
[32:13:18] Bootstrap tree #817, logLikelihood: -342601.761634
[32:15:18] Bootstrap tree #818, logLikelihood: -342918.602601
[32:17:48] Bootstrap tree #819, logLikelihood: -335427.499645
[32:19:46] Bootstrap tree #820, logLikelihood: -336723.400135
[32:21:54] Bootstrap tree #821, logLikelihood: -344779.170656
[32:24:35] Bootstrap tree #822, logLikelihood: -344678.161663
[32:26:37] Bootstrap tree #823, logLikelihood: -338916.582835
[32:29:12] Bootstrap tree #824, logLikelihood: -348070.330993
[32:31:28] Bootstrap tree #825, logLikelihood: -346911.509328
[32:34:11] Bootstrap tree #826, logLikelihood: -343745.938624
[32:36:22] Bootstrap tree #827, logLikelihood: -340769.466862
[32:38:30] Bootstrap tree #828, logLikelihood: -338849.836015
[32:41:34] Bootstrap tree #829, logLikelihood: -337651.930581
[32:43:32] Bootstrap tree #830, logLikelihood: -337260.914044
[32:45:36] Bootstrap tree #831, logLikelihood: -335080.682775
[32:48:31] Bootstrap tree #832, logLikelihood: -336182.777278
[32:50:44] Bootstrap tree #833, logLikelihood: -339544.754058
[32:52:42] Bootstrap tree #834, logLikelihood: -345747.946622
[32:55:55] Bootstrap tree #835, logLikelihood: -344370.838821
[32:58:19] Bootstrap tree #836, logLikelihood: -340834.422733
[33:00:23] Bootstrap tree #837, logLikelihood: -335985.933647
[33:02:36] Bootstrap tree #838, logLikelihood: -336011.560835
[33:05:09] Bootstrap tree #839, logLikelihood: -338040.027743
[33:07:05] Bootstrap tree #840, logLikelihood: -338309.809578
[33:09:35] Bootstrap tree #841, logLikelihood: -349433.047437
[33:11:29] Bootstrap tree #842, logLikelihood: -340511.704197
[33:13:51] Bootstrap tree #843, logLikelihood: -345195.243120
[33:15:49] Bootstrap tree #844, logLikelihood: -344689.674350
[33:18:41] Bootstrap tree #845, logLikelihood: -340373.403722
[33:20:34] Bootstrap tree #846, logLikelihood: -340801.664869
[33:22:40] Bootstrap tree #847, logLikelihood: -335185.860362
[33:24:44] Bootstrap tree #848, logLikelihood: -340662.115947
[33:26:49] Bootstrap tree #849, logLikelihood: -341229.695451
[33:29:12] Bootstrap tree #850, logLikelihood: -334114.519598
[33:31:29] Bootstrap tree #851, logLikelihood: -341765.534179
[33:33:36] Bootstrap tree #852, logLikelihood: -342519.271866
[33:35:55] Bootstrap tree #853, logLikelihood: -338987.926499
[33:38:09] Bootstrap tree #854, logLikelihood: -340265.892389
[33:41:13] Bootstrap tree #855, logLikelihood: -336874.657688
[33:43:15] Bootstrap tree #856, logLikelihood: -349238.349115
[33:45:25] Bootstrap tree #857, logLikelihood: -336722.885588
[33:47:48] Bootstrap tree #858, logLikelihood: -342079.589535
[33:50:26] Bootstrap tree #859, logLikelihood: -335657.046417
[33:52:49] Bootstrap tree #860, logLikelihood: -344980.338631
[33:55:02] Bootstrap tree #861, logLikelihood: -343555.768025
[33:57:03] Bootstrap tree #862, logLikelihood: -339406.771793
[33:59:42] Bootstrap tree #863, logLikelihood: -342258.498822
[34:02:27] Bootstrap tree #864, logLikelihood: -342329.316617
[34:04:54] Bootstrap tree #865, logLikelihood: -344600.669682
[34:07:11] Bootstrap tree #866, logLikelihood: -341214.116456
[34:10:41] Bootstrap tree #867, logLikelihood: -348535.704062
[34:13:10] Bootstrap tree #868, logLikelihood: -337960.210520
[34:15:28] Bootstrap tree #869, logLikelihood: -335780.527273
[34:17:32] Bootstrap tree #870, logLikelihood: -341522.119384
[34:19:48] Bootstrap tree #871, logLikelihood: -341874.313948
[34:22:00] Bootstrap tree #872, logLikelihood: -335621.695942
[34:24:57] Bootstrap tree #873, logLikelihood: -346262.837049
[34:26:53] Bootstrap tree #874, logLikelihood: -339622.203801
[34:29:20] Bootstrap tree #875, logLikelihood: -338425.467562
[34:32:16] Bootstrap tree #876, logLikelihood: -343754.363154
[34:34:36] Bootstrap tree #877, logLikelihood: -338485.851188
[34:38:13] Bootstrap tree #878, logLikelihood: -343990.876930
[34:40:36] Bootstrap tree #879, logLikelihood: -341716.670699
[34:42:38] Bootstrap tree #880, logLikelihood: -343880.567940
[34:45:12] Bootstrap tree #881, logLikelihood: -346389.906542
[34:47:19] Bootstrap tree #882, logLikelihood: -340315.232775
[34:49:15] Bootstrap tree #883, logLikelihood: -342289.154106
[34:52:04] Bootstrap tree #884, logLikelihood: -334907.442212
[34:54:05] Bootstrap tree #885, logLikelihood: -341763.734148
[34:56:51] Bootstrap tree #886, logLikelihood: -339246.263888
[34:59:14] Bootstrap tree #887, logLikelihood: -346061.981232
[35:01:29] Bootstrap tree #888, logLikelihood: -335636.978220
[35:03:49] Bootstrap tree #889, logLikelihood: -331985.522699
[35:05:52] Bootstrap tree #890, logLikelihood: -336890.510263
[35:08:16] Bootstrap tree #891, logLikelihood: -339656.942467
[35:10:28] Bootstrap tree #892, logLikelihood: -343577.623971
[35:13:29] Bootstrap tree #893, logLikelihood: -338481.697249
[35:15:58] Bootstrap tree #894, logLikelihood: -337656.836381
[35:18:32] Bootstrap tree #895, logLikelihood: -340118.713682
[35:20:33] Bootstrap tree #896, logLikelihood: -340493.433039
[35:22:31] Bootstrap tree #897, logLikelihood: -350463.231195
[35:24:55] Bootstrap tree #898, logLikelihood: -334617.136799
[35:26:57] Bootstrap tree #899, logLikelihood: -342790.486960
[35:29:11] Bootstrap tree #900, logLikelihood: -340339.566156
[35:31:09] Bootstrap tree #901, logLikelihood: -339719.068339
[35:33:27] Bootstrap tree #902, logLikelihood: -337741.907645
[35:35:34] Bootstrap tree #903, logLikelihood: -340724.186877
[35:37:49] Bootstrap tree #904, logLikelihood: -340572.396526
[35:39:54] Bootstrap tree #905, logLikelihood: -337473.611589
[35:41:54] Bootstrap tree #906, logLikelihood: -339710.712337
[35:44:30] Bootstrap tree #907, logLikelihood: -333930.162814
[35:46:31] Bootstrap tree #908, logLikelihood: -341415.079968
[35:48:43] Bootstrap tree #909, logLikelihood: -343344.884547
[35:51:09] Bootstrap tree #910, logLikelihood: -341100.092657
[35:53:26] Bootstrap tree #911, logLikelihood: -335708.318644
[35:55:36] Bootstrap tree #912, logLikelihood: -340230.789796
[35:57:33] Bootstrap tree #913, logLikelihood: -341364.634088
[35:59:28] Bootstrap tree #914, logLikelihood: -342072.406211
