ERROR: Unable to locate a modulefile for 'emacs/25.1'
ERROR: Unable to locate a modulefile for 'python/3.6'
ERROR: Unable to locate a modulefile for 'java/1.8.0_121'
ERROR: Unable to locate a modulefile for 'cmake/3.15.1'

RAxML-NG v. 1.1.0-master released on 22.06.2022 by The Exelixis Lab.
Developed by: Alexey M. Kozlov and Alexandros Stamatakis.
Contributors: Diego Darriba, Tomas Flouri, Benoit Morel, Sarah Lutteropp, Ben Bettisworth.
Latest version: https://github.com/amkozlov/raxml-ng
Questions/problems/suggestions? Please visit: https://groups.google.com/forum/#!forum/raxml

System: Intel(R) Xeon(R) CPU E5-2680 v4 @ 2.40GHz, 28 cores, 62 GB RAM

RAxML-NG was called at 13-Jun-2024 13:32:17 as follows:

raxml-ng-mpi --msa polymerase_summary_align_trim.fasta --model GTR+G4 --prefix T2 --seed 1 --threads auto{7}

Analysis options:
  run mode: ML tree search
  start tree(s): random (10) + parsimony (10)
  random seed: 1
  tip-inner: OFF
  pattern compression: ON
  per-rate scalers: OFF
  site repeats: ON
  fast spr radius: AUTO
  spr subtree cutoff: 1.000000
  branch lengths: proportional (ML estimate, algorithm: NR-FAST)
  SIMD kernels: AVX2
  parallelization: coarse-grained (auto), PTHREADS (auto)

[00:00:00] Reading alignment from file: polymerase_summary_align_trim.fasta
[00:00:00] Loaded alignment with 287 taxa and 2937 sites

WARNING: Sequences AB084788.1 and NC_004421.1 are exactly identical!
WARNING: Sequences EU787450.2 and NC_011829.1 are exactly identical!
WARNING: Sequences KF793927.1 and NC_023422.1 are exactly identical!
WARNING: Sequences JF755427.1 and NC_015936.1 are exactly identical!
WARNING: Sequences OP094599.1 and OQ363763.1 are exactly identical!
WARNING: Sequences EF165067.2 and NC_009448.2 are exactly identical!
WARNING: Sequences KT877158.1 and NC_028981.1 are exactly identical!
WARNING: Sequences ON024079.1 and ON024080.1 are exactly identical!
WARNING: Sequences HM002617.1 and NC_075724.1 are exactly identical!
WARNING: Sequences MN102407.1 and MN102408.1 are exactly identical!
WARNING: Sequences KX759620.1 and NC_033776.1 are exactly identical!
WARNING: Sequences LC215892.1 and LC215894.1 are exactly identical!
WARNING: Duplicate sequences found: 12

NOTE: Reduced alignment (with duplicates and gap-only sites/taxa removed) 
NOTE: was saved to: /home/gkettenburg/RAxML_tree/polymerase_region_summary_tree/T2.raxml.reduced.phy

Alignment comprises 1 partitions and 2194 patterns

Partition 0: noname
Model: GTR+FO+G4m
Alignment sites / patterns: 2937 / 2194
Gaps: 53.44 %
Invariant sites: 29.96 %


NOTE: Binary MSA file created: T2.raxml.rba

Parallelization scheme autoconfig: 3 worker(s) x 2 thread(s)

Error calling pthread_setaffinity_np: 22
Error calling pthread_setaffinity_np: 22
Error calling pthread_setaffinity_np: 22
Error calling pthread_setaffinity_np: 22
Error calling pthread_setaffinity_np: 22
Error calling pthread_setaffinity_np: 22
Parallel reduction/worker buffer size: 1 KB  / 0 KB

[00:00:00] Generating 10 random starting tree(s) with 287 taxa
[00:00:00] Generating 10 parsimony starting tree(s) with 287 taxa
[00:00:01] Data distribution: max. partitions/sites/weight per thread: 1 / 1097 / 17552
[00:00:01] Data distribution: max. searches per worker: 7

Starting ML tree search with 20 distinct starting trees

[00:00:01 -502050.239155] Initial branch length optimization
[00:00:01 -431897.567983] Model parameter optimization (eps = 10.000000)
[00:00:12 -426010.455602] AUTODETECT spr round 1 (radius: 5)
[00:00:20 -324458.872835] AUTODETECT spr round 2 (radius: 10)
[00:00:31 -280742.400182] AUTODETECT spr round 3 (radius: 15)
[00:00:47 -243880.300334] AUTODETECT spr round 4 (radius: 20)
[00:01:04 -232857.277261] AUTODETECT spr round 5 (radius: 25)
[00:01:22 -232652.496282] SPR radius for FAST iterations: 25 (autodetect)
[00:01:22 -232652.496282] Model parameter optimization (eps = 3.000000)
[00:01:27 -231767.333442] FAST spr round 1 (radius: 25)
[00:01:43 -203695.141871] FAST spr round 2 (radius: 25)
[00:01:54 -202007.992686] FAST spr round 3 (radius: 25)
[00:02:02 -201959.645790] FAST spr round 4 (radius: 25)
[00:02:08 -201952.702560] FAST spr round 5 (radius: 25)
[00:02:15 -201945.915980] FAST spr round 6 (radius: 25)
[00:02:22 -201939.839009] FAST spr round 7 (radius: 25)
[00:02:29 -201938.065363] FAST spr round 8 (radius: 25)
[00:02:35 -201936.683807] FAST spr round 9 (radius: 25)
[00:02:42 -201935.399853] FAST spr round 10 (radius: 25)
[00:02:48 -201934.541615] FAST spr round 11 (radius: 25)
[00:02:54 -201933.880360] FAST spr round 12 (radius: 25)
[00:03:00 -201933.421395] FAST spr round 13 (radius: 25)
[00:03:06 -201933.375135] Model parameter optimization (eps = 1.000000)
[00:03:09 -201872.070374] SLOW spr round 1 (radius: 5)
[00:03:30 -201851.026220] SLOW spr round 2 (radius: 5)
[00:03:48 -201844.953500] SLOW spr round 3 (radius: 5)
[00:04:07 -201844.378147] SLOW spr round 4 (radius: 5)
[00:04:24 -201844.111593] SLOW spr round 5 (radius: 5)
[00:04:42 -201844.111426] SLOW spr round 6 (radius: 10)
[00:05:04 -201844.111409] SLOW spr round 7 (radius: 15)
[00:06:03 -201844.111405] SLOW spr round 8 (radius: 20)
[00:07:06 -201844.111404] SLOW spr round 9 (radius: 25)
[00:07:08] [worker #1] ML tree search #2, logLikelihood: -201845.944352
[00:07:21] [worker #2] ML tree search #3, logLikelihood: -201847.875276
[00:07:42 -201844.111404] Model parameter optimization (eps = 0.100000)

[00:07:44] [worker #0] ML tree search #1, logLikelihood: -201843.831021

[00:07:44 -501815.744707] Initial branch length optimization
[00:07:45 -430012.833081] Model parameter optimization (eps = 10.000000)
[00:07:56 -423558.139162] AUTODETECT spr round 1 (radius: 5)
[00:08:05 -337558.358669] AUTODETECT spr round 2 (radius: 10)
[00:08:17 -275232.690047] AUTODETECT spr round 3 (radius: 15)
[00:08:33 -239511.772346] AUTODETECT spr round 4 (radius: 20)
[00:08:48 -236707.901310] AUTODETECT spr round 5 (radius: 25)
[00:09:08 -223874.652653] SPR radius for FAST iterations: 25 (autodetect)
[00:09:08 -223874.652653] Model parameter optimization (eps = 3.000000)
[00:09:12 -222849.756410] FAST spr round 1 (radius: 25)
[00:09:26 -203506.868912] FAST spr round 2 (radius: 25)
[00:09:36 -201979.963323] FAST spr round 3 (radius: 25)
[00:09:43 -201937.895326] FAST spr round 4 (radius: 25)
[00:09:50 -201915.349591] FAST spr round 5 (radius: 25)
[00:09:56 -201912.312481] FAST spr round 6 (radius: 25)
[00:10:02 -201910.520467] FAST spr round 7 (radius: 25)
[00:10:08 -201908.900923] FAST spr round 8 (radius: 25)
[00:10:14 -201907.450432] FAST spr round 9 (radius: 25)
[00:10:19 -201906.222384] FAST spr round 10 (radius: 25)
[00:10:25 -201906.147511] Model parameter optimization (eps = 1.000000)
[00:10:27 -201874.150204] SLOW spr round 1 (radius: 5)
[00:10:47 -201854.776469] SLOW spr round 2 (radius: 5)
[00:11:05 -201848.647365] SLOW spr round 3 (radius: 5)
[00:11:21 -201847.678056] SLOW spr round 4 (radius: 5)
[00:11:38 -201847.677283] SLOW spr round 5 (radius: 10)
[00:11:59 -201847.677125] SLOW spr round 6 (radius: 15)
[00:12:54 -201847.677080] SLOW spr round 7 (radius: 20)
[00:13:54 -201847.677068] SLOW spr round 8 (radius: 25)
[00:14:30 -201847.677064] Model parameter optimization (eps = 0.100000)

[00:14:31] [worker #0] ML tree search #4, logLikelihood: -201847.276979

[00:14:31 -495428.015119] Initial branch length optimization
[00:14:32 -427010.516625] Model parameter optimization (eps = 10.000000)
[00:14:41 -420957.319582] AUTODETECT spr round 1 (radius: 5)
[00:14:49 -326215.177158] AUTODETECT spr round 2 (radius: 10)
[00:14:54] [worker #2] ML tree search #6, logLikelihood: -201845.304134
[00:15:02 -256522.328482] AUTODETECT spr round 3 (radius: 15)
[00:15:19 -235006.823780] AUTODETECT spr round 4 (radius: 20)
[00:15:37] [worker #1] ML tree search #5, logLikelihood: -201847.958960
[00:15:39 -225832.573694] AUTODETECT spr round 5 (radius: 25)
[00:15:57 -225293.922667] SPR radius for FAST iterations: 25 (autodetect)
[00:15:57 -225293.922667] Model parameter optimization (eps = 3.000000)
[00:16:02 -224604.030573] FAST spr round 1 (radius: 25)
[00:16:18 -202836.462249] FAST spr round 2 (radius: 25)
[00:16:28 -201989.861584] FAST spr round 3 (radius: 25)
[00:16:36 -201964.529541] FAST spr round 4 (radius: 25)
[00:16:43 -201961.153166] FAST spr round 5 (radius: 25)
[00:16:49 -201958.200242] FAST spr round 6 (radius: 25)
[00:16:56 -201957.496110] FAST spr round 7 (radius: 25)
[00:17:02 -201956.991988] FAST spr round 8 (radius: 25)
[00:17:09 -201956.967571] Model parameter optimization (eps = 1.000000)
[00:17:11 -201890.809886] SLOW spr round 1 (radius: 5)
[00:17:32 -201857.477829] SLOW spr round 2 (radius: 5)
[00:17:51 -201855.673152] SLOW spr round 3 (radius: 5)
[00:18:09 -201851.132254] SLOW spr round 4 (radius: 5)
[00:18:27 -201851.131766] SLOW spr round 5 (radius: 10)
[00:18:49 -201851.131661] SLOW spr round 6 (radius: 15)
[00:19:52 -201851.131633] SLOW spr round 7 (radius: 20)
[00:20:53 -201851.131624] SLOW spr round 8 (radius: 25)
[00:21:23 -201851.131622] Model parameter optimization (eps = 0.100000)

[00:21:24] [worker #0] ML tree search #7, logLikelihood: -201850.958587

[00:21:24 -501221.058557] Initial branch length optimization
[00:21:24 -431150.240756] Model parameter optimization (eps = 10.000000)
[00:21:33 -424903.582328] AUTODETECT spr round 1 (radius: 5)
[00:21:41 -337012.048003] AUTODETECT spr round 2 (radius: 10)
[00:21:53 -250717.235306] AUTODETECT spr round 3 (radius: 15)
[00:22:09 -229767.771962] AUTODETECT spr round 4 (radius: 20)
[00:22:10] [worker #1] ML tree search #8, logLikelihood: -201847.986662
[00:22:25 -226717.007533] AUTODETECT spr round 5 (radius: 25)
[00:22:27] [worker #2] ML tree search #9, logLikelihood: -201846.627587
[00:22:43 -226503.728423] SPR radius for FAST iterations: 25 (autodetect)
[00:22:43 -226503.728423] Model parameter optimization (eps = 3.000000)
[00:22:48 -225474.849262] FAST spr round 1 (radius: 25)
[00:23:02 -202853.272493] FAST spr round 2 (radius: 25)
[00:23:13 -202017.844209] FAST spr round 3 (radius: 25)
[00:23:22 -201890.036711] FAST spr round 4 (radius: 25)
[00:23:28 -201878.914483] FAST spr round 5 (radius: 25)
[00:23:35 -201878.198315] FAST spr round 6 (radius: 25)
[00:23:41 -201877.674020] FAST spr round 7 (radius: 25)
[00:23:48 -201876.114574] FAST spr round 8 (radius: 25)
[00:23:54 -201876.114241] Model parameter optimization (eps = 1.000000)
[00:23:56 -201858.125499] SLOW spr round 1 (radius: 5)
[00:24:17 -201845.792939] SLOW spr round 2 (radius: 5)
[00:24:35 -201844.900290] SLOW spr round 3 (radius: 5)
[00:24:53 -201844.848355] SLOW spr round 4 (radius: 10)
[00:25:14 -201844.846555] SLOW spr round 5 (radius: 15)
[00:26:11 -201844.846080] SLOW spr round 6 (radius: 20)
[00:27:05] [worker #1] ML tree search #11, logLikelihood: -201844.002556
[00:27:12 -201844.845944] SLOW spr round 7 (radius: 25)
[00:27:48 -201844.845905] Model parameter optimization (eps = 0.100000)

[00:27:49] [worker #0] ML tree search #10, logLikelihood: -201844.674950

[00:27:49 -234780.980016] Initial branch length optimization
[00:27:50 -207345.337483] Model parameter optimization (eps = 10.000000)
[00:27:54 -202264.022363] AUTODETECT spr round 1 (radius: 5)
[00:28:00] [worker #2] ML tree search #12, logLikelihood: -201844.434231
[00:28:00 -201895.379891] AUTODETECT spr round 2 (radius: 10)
[00:28:14 -201895.362306] SPR radius for FAST iterations: 5 (autodetect)
[00:28:14 -201895.362306] Model parameter optimization (eps = 3.000000)
[00:28:15 -201894.082827] FAST spr round 1 (radius: 5)
[00:28:21 -201884.659544] FAST spr round 2 (radius: 5)
[00:28:28 -201878.818075] FAST spr round 3 (radius: 5)
[00:28:34 -201875.833843] FAST spr round 4 (radius: 5)
[00:28:40 -201874.817478] FAST spr round 5 (radius: 5)
[00:28:46 -201874.229079] FAST spr round 6 (radius: 5)
[00:28:52 -201873.936396] FAST spr round 7 (radius: 5)
[00:28:58 -201868.595953] FAST spr round 8 (radius: 5)
[00:29:05 -201864.932513] FAST spr round 9 (radius: 5)
[00:29:11 -201864.660858] FAST spr round 10 (radius: 5)
[00:29:17 -201864.621108] Model parameter optimization (eps = 1.000000)
[00:29:17 -201864.151054] SLOW spr round 1 (radius: 5)
[00:29:38 -201848.946262] SLOW spr round 2 (radius: 5)
[00:29:58 -201846.118379] SLOW spr round 3 (radius: 5)
[00:30:15 -201846.118230] SLOW spr round 4 (radius: 10)
[00:30:37 -201846.118216] SLOW spr round 5 (radius: 15)
[00:31:34 -201846.118213] SLOW spr round 6 (radius: 20)
[00:32:20] [worker #1] ML tree search #14, logLikelihood: -201849.991563
[00:32:34 -201846.118213] SLOW spr round 7 (radius: 25)
[00:33:11 -201846.118213] Model parameter optimization (eps = 0.100000)

[00:33:11] [worker #0] ML tree search #13, logLikelihood: -201845.947677

[00:33:11 -234930.741955] Initial branch length optimization
[00:33:12 -207447.470839] Model parameter optimization (eps = 10.000000)
[00:33:15 -202406.198351] AUTODETECT spr round 1 (radius: 5)
[00:33:21 -201956.225463] AUTODETECT spr round 2 (radius: 10)
[00:33:34 -201956.222403] SPR radius for FAST iterations: 5 (autodetect)
[00:33:34 -201956.222403] Model parameter optimization (eps = 3.000000)
[00:33:35 -201953.461934] FAST spr round 1 (radius: 5)
[00:33:42 -201923.106611] FAST spr round 2 (radius: 5)
[00:33:48 -201917.789899] FAST spr round 3 (radius: 5)
[00:33:55 -201912.670763] FAST spr round 4 (radius: 5)
[00:34:01 -201903.105688] FAST spr round 5 (radius: 5)
[00:34:07 -201893.794516] FAST spr round 6 (radius: 5)
[00:34:13 -201889.804942] FAST spr round 7 (radius: 5)
[00:34:19 -201886.069056] FAST spr round 8 (radius: 5)
[00:34:24 -201877.617472] FAST spr round 9 (radius: 5)
[00:34:30 -201875.302178] FAST spr round 10 (radius: 5)
[00:34:36 -201873.703382] FAST spr round 11 (radius: 5)
[00:34:38] [worker #2] ML tree search #15, logLikelihood: -201849.160658
[00:34:42 -201872.999513] FAST spr round 12 (radius: 5)
[00:34:48 -201872.801650] FAST spr round 13 (radius: 5)
[00:34:53 -201872.672384] FAST spr round 14 (radius: 5)
[00:34:59 -201872.672236] Model parameter optimization (eps = 1.000000)
[00:35:00 -201870.893585] SLOW spr round 1 (radius: 5)
[00:35:22 -201861.246315] SLOW spr round 2 (radius: 5)
[00:35:41 -201854.451453] SLOW spr round 3 (radius: 5)
[00:35:59 -201850.209933] SLOW spr round 4 (radius: 5)
[00:36:16 -201850.160012] SLOW spr round 5 (radius: 10)
[00:36:34] [worker #1] ML tree search #17, logLikelihood: -201843.812660
[00:36:39 -201850.158374] SLOW spr round 6 (radius: 15)
[00:37:38 -201850.157927] SLOW spr round 7 (radius: 20)
[00:38:39 -201850.157800] SLOW spr round 8 (radius: 25)
[00:39:12 -201850.157763] Model parameter optimization (eps = 0.100000)

[00:39:14] [worker #0] ML tree search #16, logLikelihood: -201849.739410

[00:39:14 -234670.986984] Initial branch length optimization
[00:39:15 -207444.825584] Model parameter optimization (eps = 10.000000)
[00:39:18 -202363.858180] AUTODETECT spr round 1 (radius: 5)
[00:39:24 -201931.045088] AUTODETECT spr round 2 (radius: 10)
[00:39:37 -201931.028542] SPR radius for FAST iterations: 5 (autodetect)
[00:39:37 -201931.028542] Model parameter optimization (eps = 3.000000)
[00:39:38 -201929.205485] FAST spr round 1 (radius: 5)
[00:39:45 -201899.369218] FAST spr round 2 (radius: 5)
[00:39:52 -201885.526459] FAST spr round 3 (radius: 5)
[00:39:58 -201881.593353] FAST spr round 4 (radius: 5)
[00:40:04 -201878.328276] FAST spr round 5 (radius: 5)
[00:40:09 -201877.068062] FAST spr round 6 (radius: 5)
[00:40:15 -201876.692224] FAST spr round 7 (radius: 5)
[00:40:21 -201874.672240] FAST spr round 8 (radius: 5)
[00:40:26 -201874.614513] Model parameter optimization (eps = 1.000000)
[00:40:27 -201873.881169] SLOW spr round 1 (radius: 5)
[00:40:36] [worker #2] ML tree search #18, logLikelihood: -201846.003853
[00:40:48 -201849.808159] SLOW spr round 2 (radius: 5)
[00:41:06 -201849.768624] SLOW spr round 3 (radius: 10)
[00:41:12] [worker #1] ML tree search #20, logLikelihood: -201846.639144
[00:41:27 -201849.766770] SLOW spr round 4 (radius: 15)
[00:42:22 -201849.766274] SLOW spr round 5 (radius: 20)
[00:43:22 -201849.766129] SLOW spr round 6 (radius: 25)
[00:43:56 -201849.766086] Model parameter optimization (eps = 0.100000)

[00:43:57] [worker #0] ML tree search #19, logLikelihood: -201849.505875


Optimized model parameters:

   Partition 0: noname
   Rate heterogeneity: GAMMA (4 cats, mean),  alpha: 1.256843 (ML),  weights&rates: (0.250000,0.185203) (0.250000,0.542352) (0.250000,1.032260) (0.250000,2.240184) 
   Base frequencies (ML): 0.231948 0.236119 0.227186 0.304747 
   Substitution rates (ML): 2.358648 4.571411 1.943679 1.500066 4.947867 1.000000 


Final LogLikelihood: -201843.812660

AIC score: 404847.625320 / AICc score: 405133.686441 / BIC score: 408319.008800
Free parameters (model + branch lengths): 580

WARNING: Best ML tree contains 2 near-zero branches!

Best ML tree with collapsed near-zero branches saved to: /home/gkettenburg/RAxML_tree/polymerase_region_summary_tree/T2.raxml.bestTreeCollapsed
Best ML tree saved to: /home/gkettenburg/RAxML_tree/polymerase_region_summary_tree/T2.raxml.bestTree
All ML trees saved to: /home/gkettenburg/RAxML_tree/polymerase_region_summary_tree/T2.raxml.mlTrees
Optimized model saved to: /home/gkettenburg/RAxML_tree/polymerase_region_summary_tree/T2.raxml.bestModel

Execution log saved to: /home/gkettenburg/RAxML_tree/polymerase_region_summary_tree/T2.raxml.log

Analysis started: 13-Jun-2024 13:32:17 / finished: 13-Jun-2024 14:16:14

Elapsed time: 2637.446 seconds

Consumed energy: 112.919 Wh

