ERROR: Unable to locate a modulefile for 'emacs/25.1'
ERROR: Unable to locate a modulefile for 'python/3.6'
ERROR: Unable to locate a modulefile for 'java/1.8.0_121'
ERROR: Unable to locate a modulefile for 'cmake/3.15.1'

RAxML-NG v. 1.1.0-master released on 22.06.2022 by The Exelixis Lab.
Developed by: Alexey M. Kozlov and Alexandros Stamatakis.
Contributors: Diego Darriba, Tomas Flouri, Benoit Morel, Sarah Lutteropp, Ben Bettisworth.
Latest version: https://github.com/amkozlov/raxml-ng
Questions/problems/suggestions? Please visit: https://groups.google.com/forum/#!forum/raxml

System: Intel(R) Xeon(R) CPU E5-2680 v4 @ 2.40GHz, 28 cores, 54 GB RAM

RAxML-NG was called at 03-Aug-2024 20:19:48 as follows:

raxml-ng-mpi --bootstrap --msa polymerase_summary_align_trim.fasta --model GTR+I+G4 --prefix T3 --seed 2 --threads auto{6}

Analysis options:
  run mode: Bootstrapping
  start tree(s): 
  bootstrap replicates: max: 1000 + bootstopping (autoMRE, cutoff: 0.030000)
  random seed: 2
  tip-inner: OFF
  pattern compression: ON
  per-rate scalers: OFF
  site repeats: ON
  branch lengths: proportional (ML estimate, algorithm: NR-FAST)
  SIMD kernels: AVX2
  parallelization: coarse-grained (auto), PTHREADS (auto)

[00:00:00] Reading alignment from file: polymerase_summary_align_trim.fasta
[00:00:00] Loaded alignment with 293 taxa and 1991 sites

WARNING: Sequences OP094599.1 and OQ363763.1 are exactly identical!
WARNING: Sequences JF755427.1 and NC_015936.1 are exactly identical!
WARNING: Sequences AB084788.1 and NC_004421.1 are exactly identical!
WARNING: Sequences EU787450.2 and NC_011829.1 are exactly identical!
WARNING: Sequences KF793927.1 and NC_023422.1 are exactly identical!
WARNING: Sequences KT877158.1 and NC_028981.1 are exactly identical!
WARNING: Sequences EF165067.2 and NC_009448.2 are exactly identical!
WARNING: Sequences HM002617.1 and NC_075724.1 are exactly identical!
WARNING: Sequences KX759620.1 and NC_033776.1 are exactly identical!
WARNING: Duplicate sequences found: 9

NOTE: Reduced alignment (with duplicates and gap-only sites/taxa removed) 
NOTE: was saved to: /home/gkettenburg/RAxML_tree/polymerase_region_summary_tree/T3.raxml.reduced.phy

Alignment comprises 1 partitions and 1906 patterns

Partition 0: noname
Model: GTR+FO+I+G4m
Alignment sites / patterns: 1991 / 1906
Gaps: 45.38 %
Invariant sites: 6.18 %


NOTE: Binary MSA file created: T3.raxml.rba

Parallelization scheme autoconfig: 3 worker(s) x 2 thread(s)

Error calling pthread_setaffinity_np: 22
Error calling pthread_setaffinity_np: 22
Error calling pthread_setaffinity_np: 22
Error calling pthread_setaffinity_np: 22
Error calling pthread_setaffinity_np: 22
Error calling pthread_setaffinity_np: 22
Parallel reduction/worker buffer size: 1 KB  / 0 KB

[00:00:00] Data distribution: max. partitions/sites/weight per thread: 1 / 953 / 15248
[00:00:00] Data distribution: max. searches per worker: 334
[00:00:00] Starting bootstrapping analysis with 1000 replicates.

[00:03:56] [worker #0] Bootstrap tree #1, logLikelihood: -162279.275623
[00:05:02] [worker #2] Bootstrap tree #3, logLikelihood: -166591.030941
[00:08:21] [worker #1] Bootstrap tree #2, logLikelihood: -169330.530823
[00:08:36] [worker #2] Bootstrap tree #6, logLikelihood: -165622.244628
[00:10:20] [worker #0] Bootstrap tree #4, logLikelihood: -167670.755736
[00:12:35] [worker #2] Bootstrap tree #9, logLikelihood: -164900.923591
[00:13:35] [worker #1] Bootstrap tree #5, logLikelihood: -162071.915855
[00:14:23] [worker #0] Bootstrap tree #7, logLikelihood: -169806.785955
[00:16:49] [worker #2] Bootstrap tree #12, logLikelihood: -159839.709406
[00:17:35] [worker #1] Bootstrap tree #8, logLikelihood: -167259.362795
[00:18:25] [worker #0] Bootstrap tree #10, logLikelihood: -169668.312409
[00:20:15] [worker #2] Bootstrap tree #15, logLikelihood: -163106.169664
[00:21:44] [worker #1] Bootstrap tree #11, logLikelihood: -163366.368498
[00:22:34] [worker #0] Bootstrap tree #13, logLikelihood: -166324.955631
[00:24:05] [worker #2] Bootstrap tree #18, logLikelihood: -167137.716459
[00:26:15] [worker #0] Bootstrap tree #16, logLikelihood: -164065.526722
[00:27:21] [worker #1] Bootstrap tree #14, logLikelihood: -162045.792900
[00:30:19] [worker #0] Bootstrap tree #19, logLikelihood: -164051.498178
[00:30:29] [worker #2] Bootstrap tree #21, logLikelihood: -164162.289268
[00:31:42] [worker #1] Bootstrap tree #17, logLikelihood: -167409.596174
[00:34:37] [worker #2] Bootstrap tree #24, logLikelihood: -166346.666471
[00:35:02] [worker #0] Bootstrap tree #22, logLikelihood: -171390.958293
[00:36:07] [worker #1] Bootstrap tree #20, logLikelihood: -162530.492689
[00:39:17] [worker #0] Bootstrap tree #25, logLikelihood: -161974.177342
[00:39:42] [worker #2] Bootstrap tree #27, logLikelihood: -167918.198551
[00:40:27] [worker #1] Bootstrap tree #23, logLikelihood: -165364.731248
[00:44:57] [worker #1] Bootstrap tree #26, logLikelihood: -162154.297006
[00:45:32] [worker #2] Bootstrap tree #30, logLikelihood: -169869.496556
[00:45:33] [worker #0] Bootstrap tree #28, logLikelihood: -169323.564489
[00:48:43] [worker #2] Bootstrap tree #33, logLikelihood: -162307.447264
[00:48:54] [worker #0] Bootstrap tree #31, logLikelihood: -166844.317765
[00:50:46] [worker #1] Bootstrap tree #29, logLikelihood: -165865.264393
[00:51:58] [worker #2] Bootstrap tree #36, logLikelihood: -160810.025160
[00:52:53] [worker #0] Bootstrap tree #34, logLikelihood: -166436.273878
[00:54:49] [worker #1] Bootstrap tree #32, logLikelihood: -170595.241949
[00:56:20] [worker #2] Bootstrap tree #39, logLikelihood: -165850.187498
[00:57:51] [worker #0] Bootstrap tree #37, logLikelihood: -167130.202473
[01:01:20] [worker #2] Bootstrap tree #42, logLikelihood: -167792.698433
[01:02:06] [worker #0] Bootstrap tree #40, logLikelihood: -169168.290579
[01:03:04] [worker #1] Bootstrap tree #35, logLikelihood: -168715.947763
[01:06:42] [worker #1] Bootstrap tree #38, logLikelihood: -171363.649064
[01:07:36] [worker #2] Bootstrap tree #45, logLikelihood: -164494.186319
[01:07:47] [worker #0] Bootstrap tree #43, logLikelihood: -165160.233869
[01:12:05] [worker #0] Bootstrap tree #46, logLikelihood: -162182.186057
[01:12:53] [worker #1] Bootstrap tree #41, logLikelihood: -162943.922542
[01:14:28] [worker #2] Bootstrap tree #48, logLikelihood: -163887.975634
[01:17:51] [worker #0] Bootstrap tree #49, logLikelihood: -161011.475536
[01:18:12] [worker #1] Bootstrap tree #44, logLikelihood: -163876.907871
[01:23:20] [worker #1] Bootstrap tree #47, logLikelihood: -166585.874939
[01:26:59] [worker #1] Bootstrap tree #50, logLikelihood: -161902.893128
[01:31:25] [worker #2] Bootstrap tree #51, logLikelihood: -166349.040166
[01:31:34] [worker #0] Bootstrap tree #52, logLikelihood: -164600.012480
[01:31:49] [worker #1] Bootstrap tree #53, logLikelihood: -163641.905579
[01:35:10] [worker #0] Bootstrap tree #55, logLikelihood: -163979.723561
[01:35:43] [worker #1] Bootstrap tree #56, logLikelihood: -169862.815468
[01:35:54] [worker #2] Bootstrap tree #54, logLikelihood: -167953.614650
[01:39:55] [worker #2] Bootstrap tree #57, logLikelihood: -166577.325030
[01:39:58] [worker #1] Bootstrap tree #59, logLikelihood: -169447.670064
[01:42:18] [worker #0] Bootstrap tree #58, logLikelihood: -169003.755509
[01:44:32] [worker #1] Bootstrap tree #62, logLikelihood: -167061.188989
[01:44:42] [worker #2] Bootstrap tree #60, logLikelihood: -168511.383785
[01:46:31] [worker #0] Bootstrap tree #61, logLikelihood: -165543.591478
[01:48:19] [worker #1] Bootstrap tree #65, logLikelihood: -160363.334667
[01:50:09] [worker #0] Bootstrap tree #64, logLikelihood: -166201.124015
[01:51:37] [worker #2] Bootstrap tree #63, logLikelihood: -165899.623539
[01:52:20] [worker #1] Bootstrap tree #68, logLikelihood: -168151.368756
[01:55:05] [worker #0] Bootstrap tree #67, logLikelihood: -165197.524054
[01:56:28] [worker #2] Bootstrap tree #66, logLikelihood: -167098.756522
[01:57:32] [worker #1] Bootstrap tree #71, logLikelihood: -165094.066076
[02:00:32] [worker #2] Bootstrap tree #69, logLikelihood: -168754.549618
[02:01:46] [worker #0] Bootstrap tree #70, logLikelihood: -162701.470670
[02:03:18] [worker #1] Bootstrap tree #74, logLikelihood: -173187.650413
[02:05:34] [worker #2] Bootstrap tree #72, logLikelihood: -167145.680599
[02:06:00] [worker #0] Bootstrap tree #73, logLikelihood: -165666.059822
[02:07:47] [worker #1] Bootstrap tree #77, logLikelihood: -164001.228627
[02:10:37] [worker #2] Bootstrap tree #75, logLikelihood: -167937.871299
[02:10:58] [worker #0] Bootstrap tree #76, logLikelihood: -166287.185107
[02:12:52] [worker #1] Bootstrap tree #80, logLikelihood: -166294.395557
[02:14:13] [worker #2] Bootstrap tree #78, logLikelihood: -165875.201704
[02:15:24] [worker #0] Bootstrap tree #79, logLikelihood: -167489.331344
[02:17:36] [worker #1] Bootstrap tree #83, logLikelihood: -163878.849428
[02:18:29] [worker #2] Bootstrap tree #81, logLikelihood: -165851.567202
[02:20:51] [worker #0] Bootstrap tree #82, logLikelihood: -166183.841917
[02:22:01] [worker #1] Bootstrap tree #86, logLikelihood: -161825.860643
[02:22:54] [worker #2] Bootstrap tree #84, logLikelihood: -164576.400855
[02:26:46] [worker #1] Bootstrap tree #89, logLikelihood: -166147.667015
[02:27:02] [worker #0] Bootstrap tree #85, logLikelihood: -166086.040988
[02:27:42] [worker #2] Bootstrap tree #87, logLikelihood: -164316.772460
[02:30:59] [worker #0] Bootstrap tree #88, logLikelihood: -164297.146344
[02:31:22] [worker #1] Bootstrap tree #92, logLikelihood: -164656.555262
[02:31:48] [worker #2] Bootstrap tree #90, logLikelihood: -169857.083412
[02:34:35] [worker #0] Bootstrap tree #91, logLikelihood: -168959.529712
[02:35:20] [worker #1] Bootstrap tree #95, logLikelihood: -166504.658932
[02:38:00] [worker #2] Bootstrap tree #93, logLikelihood: -171171.635474
[02:38:34] [worker #0] Bootstrap tree #94, logLikelihood: -166164.836344
[02:39:10] [worker #1] Bootstrap tree #98, logLikelihood: -165836.932484
[02:42:07] [worker #0] Bootstrap tree #97, logLikelihood: -169414.919781
[02:42:08] [worker #2] Bootstrap tree #96, logLikelihood: -164218.654120
[02:47:24] [worker #2] Bootstrap tree #99, logLikelihood: -172241.171336
[02:47:51] [worker #0] Bootstrap tree #100, logLikelihood: -162702.203576
[02:51:27] [worker #2] Bootstrap tree #102, logLikelihood: -168588.856878
[02:51:54] [worker #1] Bootstrap tree #101, logLikelihood: -165230.781802
[02:53:52] [worker #0] Bootstrap tree #103, logLikelihood: -163846.127805
[02:54:57] [worker #2] Bootstrap tree #105, logLikelihood: -165001.573737
[02:55:41] [worker #1] Bootstrap tree #104, logLikelihood: -168545.827282
[02:57:32] [worker #0] Bootstrap tree #106, logLikelihood: -171668.582110
[02:59:19] [worker #2] Bootstrap tree #108, logLikelihood: -167039.918176
[02:59:44] [worker #1] Bootstrap tree #107, logLikelihood: -167872.507715
[03:01:48] [worker #0] Bootstrap tree #109, logLikelihood: -163750.495891
[03:03:54] [worker #1] Bootstrap tree #110, logLikelihood: -168558.056873
[03:05:03] [worker #2] Bootstrap tree #111, logLikelihood: -167283.023814
[03:06:44] [worker #0] Bootstrap tree #112, logLikelihood: -167960.197354
[03:08:50] [worker #2] Bootstrap tree #114, logLikelihood: -172184.412557
[03:10:43] [worker #0] Bootstrap tree #115, logLikelihood: -167790.178381
[03:11:53] [worker #1] Bootstrap tree #113, logLikelihood: -164334.067084
[03:13:26] [worker #2] Bootstrap tree #117, logLikelihood: -162838.990602
[03:16:57] [worker #0] Bootstrap tree #118, logLikelihood: -164868.206762
[03:17:38] [worker #1] Bootstrap tree #116, logLikelihood: -165575.734574
[03:18:28] [worker #2] Bootstrap tree #120, logLikelihood: -164391.960719
[03:21:21] [worker #1] Bootstrap tree #119, logLikelihood: -164599.090074
[03:21:37] [worker #0] Bootstrap tree #121, logLikelihood: -161524.457183
[03:22:10] [worker #2] Bootstrap tree #123, logLikelihood: -169005.571630
[03:25:02] [worker #1] Bootstrap tree #122, logLikelihood: -166386.610704
[03:26:16] [worker #2] Bootstrap tree #126, logLikelihood: -169062.072204
[03:28:50] [worker #1] Bootstrap tree #125, logLikelihood: -169485.765868
[03:29:23] [worker #0] Bootstrap tree #124, logLikelihood: -168440.965810
[03:30:16] [worker #2] Bootstrap tree #129, logLikelihood: -162547.007217
[03:32:44] [worker #0] Bootstrap tree #127, logLikelihood: -169461.894410
[03:32:54] [worker #1] Bootstrap tree #128, logLikelihood: -170308.717347
[03:35:32] [worker #2] Bootstrap tree #132, logLikelihood: -164929.318074
[03:37:07] [worker #0] Bootstrap tree #130, logLikelihood: -167824.639541
[03:39:16] [worker #1] Bootstrap tree #131, logLikelihood: -164506.607079
[03:39:42] [worker #2] Bootstrap tree #135, logLikelihood: -161331.449300
[03:41:12] [worker #0] Bootstrap tree #133, logLikelihood: -167818.142198
[03:44:10] [worker #2] Bootstrap tree #138, logLikelihood: -165245.416684
[03:45:27] [worker #0] Bootstrap tree #136, logLikelihood: -168813.138101
[03:48:17] [worker #1] Bootstrap tree #134, logLikelihood: -164226.273616
[03:49:21] [worker #2] Bootstrap tree #141, logLikelihood: -164884.564466
[03:50:38] [worker #0] Bootstrap tree #139, logLikelihood: -166780.365033
[03:52:05] [worker #1] Bootstrap tree #137, logLikelihood: -166651.441584
[03:53:12] [worker #2] Bootstrap tree #144, logLikelihood: -165068.697710
[03:54:29] [worker #0] Bootstrap tree #142, logLikelihood: -166164.290151
[03:56:45] [worker #2] Bootstrap tree #147, logLikelihood: -167152.272498
[03:56:48] [worker #1] Bootstrap tree #140, logLikelihood: -166344.871418
[03:59:19] [worker #0] Bootstrap tree #145, logLikelihood: -164758.151530
[04:01:10] [worker #2] Bootstrap tree #150, logLikelihood: -163356.984908
[04:01:28] [worker #1] Bootstrap tree #143, logLikelihood: -167490.486788
[04:03:31] [worker #0] Bootstrap tree #148, logLikelihood: -164329.477243
[04:05:19] [worker #1] Bootstrap tree #146, logLikelihood: -170364.787442
[04:09:46] [worker #1] Bootstrap tree #149, logLikelihood: -162675.862470
[04:13:38] [worker #0] Bootstrap tree #151, logLikelihood: -167259.454596
[04:14:02] [worker #2] Bootstrap tree #153, logLikelihood: -171430.942391
[04:16:52] [worker #1] Bootstrap tree #152, logLikelihood: -163717.516232
[04:17:32] [worker #2] Bootstrap tree #156, logLikelihood: -167237.335906
[04:18:43] [worker #0] Bootstrap tree #154, logLikelihood: -169637.681508
[04:20:40] [worker #1] Bootstrap tree #155, logLikelihood: -165591.598152
[04:21:56] [worker #2] Bootstrap tree #159, logLikelihood: -164407.223492
[04:24:00] [worker #1] Bootstrap tree #158, logLikelihood: -165721.950848
[04:24:01] [worker #0] Bootstrap tree #157, logLikelihood: -165958.741719
[04:26:49] [worker #2] Bootstrap tree #162, logLikelihood: -166506.904377
[04:28:04] [worker #1] Bootstrap tree #161, logLikelihood: -171296.454611
[04:29:15] [worker #0] Bootstrap tree #160, logLikelihood: -167336.372091
[04:31:23] [worker #2] Bootstrap tree #165, logLikelihood: -165715.966220
[04:31:42] [worker #1] Bootstrap tree #164, logLikelihood: -166981.810843
[04:33:31] [worker #0] Bootstrap tree #163, logLikelihood: -166289.658037
[04:36:24] [worker #1] Bootstrap tree #167, logLikelihood: -168552.555811
[04:36:47] [worker #2] Bootstrap tree #168, logLikelihood: -165952.206779
[04:39:21] [worker #0] Bootstrap tree #166, logLikelihood: -166405.831796
[04:40:43] [worker #2] Bootstrap tree #171, logLikelihood: -167058.823465
[04:41:17] [worker #1] Bootstrap tree #170, logLikelihood: -168859.057289
[04:42:53] [worker #0] Bootstrap tree #169, logLikelihood: -165219.815365
[04:44:53] [worker #2] Bootstrap tree #174, logLikelihood: -166469.868751
[04:44:59] [worker #1] Bootstrap tree #173, logLikelihood: -165031.395024
[04:46:25] [worker #0] Bootstrap tree #172, logLikelihood: -165290.214541
[04:48:56] [worker #2] Bootstrap tree #177, logLikelihood: -166451.933037
[04:49:29] [worker #1] Bootstrap tree #176, logLikelihood: -169035.008503
[04:50:16] [worker #0] Bootstrap tree #175, logLikelihood: -165210.639828
[04:53:41] [worker #1] Bootstrap tree #179, logLikelihood: -165214.378586
[04:55:22] [worker #0] Bootstrap tree #178, logLikelihood: -166065.367301
[04:55:48] [worker #2] Bootstrap tree #180, logLikelihood: -165199.590527
[04:56:54] [worker #1] Bootstrap tree #182, logLikelihood: -171847.586273
[05:00:00] [worker #2] Bootstrap tree #183, logLikelihood: -170623.695935
[05:00:30] [worker #0] Bootstrap tree #181, logLikelihood: -170758.329381
[05:01:02] [worker #1] Bootstrap tree #185, logLikelihood: -162449.566727
[05:04:11] [worker #0] Bootstrap tree #184, logLikelihood: -168375.491449
[05:06:01] [worker #2] Bootstrap tree #186, logLikelihood: -166948.858092
[05:08:03] [worker #0] Bootstrap tree #187, logLikelihood: -169173.106630
[05:08:29] [worker #1] Bootstrap tree #188, logLikelihood: -166559.980940
[05:12:03] [worker #0] Bootstrap tree #190, logLikelihood: -168996.141118
[05:13:21] [worker #1] Bootstrap tree #191, logLikelihood: -163575.803640
[05:14:50] [worker #2] Bootstrap tree #189, logLikelihood: -167782.832688
[05:16:26] [worker #0] Bootstrap tree #193, logLikelihood: -168206.135413
[05:17:40] [worker #1] Bootstrap tree #194, logLikelihood: -167191.290286
[05:18:11] [worker #2] Bootstrap tree #192, logLikelihood: -166034.643133
[05:21:35] [worker #1] Bootstrap tree #197, logLikelihood: -160995.212544
[05:22:47] [worker #2] Bootstrap tree #195, logLikelihood: -162797.014120
[05:24:07] [worker #0] Bootstrap tree #196, logLikelihood: -170331.695568
[05:27:21] [worker #0] Bootstrap tree #199, logLikelihood: -169765.237886
[05:28:57] [worker #1] Bootstrap tree #200, logLikelihood: -164325.356578
[05:30:52] [worker #2] Bootstrap tree #198, logLikelihood: -166313.580469
[05:34:29] [worker #1] Bootstrap tree #203, logLikelihood: -165671.534497
[05:34:37] [worker #2] Bootstrap tree #201, logLikelihood: -163386.679360
[05:36:49] [worker #0] Bootstrap tree #202, logLikelihood: -163304.792896
[05:38:22] [worker #2] Bootstrap tree #204, logLikelihood: -165378.343828
[05:41:44] [worker #0] Bootstrap tree #205, logLikelihood: -165375.530342
[05:41:55] [worker #1] Bootstrap tree #206, logLikelihood: -168742.298210
[05:42:22] [worker #2] Bootstrap tree #207, logLikelihood: -164578.240744
[05:45:43] [worker #2] Bootstrap tree #210, logLikelihood: -164900.412321
[05:46:10] [worker #1] Bootstrap tree #209, logLikelihood: -164290.983379
[05:47:26] [worker #0] Bootstrap tree #208, logLikelihood: -165622.480142
[05:50:16] [worker #2] Bootstrap tree #213, logLikelihood: -168612.982635
[05:52:56] [worker #0] Bootstrap tree #211, logLikelihood: -169753.448363
[05:53:31] [worker #1] Bootstrap tree #212, logLikelihood: -175143.852445
[05:54:07] [worker #2] Bootstrap tree #216, logLikelihood: -166157.968925
[05:57:23] [worker #1] Bootstrap tree #215, logLikelihood: -166570.246194
[05:57:54] [worker #2] Bootstrap tree #219, logLikelihood: -169326.152766
[05:58:34] [worker #0] Bootstrap tree #214, logLikelihood: -163852.281969
[06:01:06] [worker #1] Bootstrap tree #218, logLikelihood: -166947.834654
[06:01:58] [worker #2] Bootstrap tree #222, logLikelihood: -168543.333553
[06:03:27] [worker #0] Bootstrap tree #217, logLikelihood: -171035.194040
[06:05:13] [worker #1] Bootstrap tree #221, logLikelihood: -165453.301090
[06:06:36] [worker #2] Bootstrap tree #225, logLikelihood: -165435.631351
[06:08:21] [worker #0] Bootstrap tree #220, logLikelihood: -164115.393877
[06:09:51] [worker #1] Bootstrap tree #224, logLikelihood: -166196.342783
[06:11:01] [worker #2] Bootstrap tree #228, logLikelihood: -169987.837843
[06:12:47] [worker #0] Bootstrap tree #223, logLikelihood: -167369.023751
[06:13:08] [worker #1] Bootstrap tree #227, logLikelihood: -163511.564333
[06:15:06] [worker #2] Bootstrap tree #231, logLikelihood: -164859.346577
[06:17:04] [worker #1] Bootstrap tree #230, logLikelihood: -166577.996433
[06:18:48] [worker #0] Bootstrap tree #226, logLikelihood: -162855.576851
[06:20:39] [worker #2] Bootstrap tree #234, logLikelihood: -168803.144187
[06:20:41] [worker #1] Bootstrap tree #233, logLikelihood: -169224.856793
[06:22:26] [worker #0] Bootstrap tree #229, logLikelihood: -164109.311776
[06:24:36] [worker #1] Bootstrap tree #236, logLikelihood: -173293.276103
[06:25:21] [worker #2] Bootstrap tree #237, logLikelihood: -170531.256332
[06:26:54] [worker #0] Bootstrap tree #232, logLikelihood: -164778.818227
[06:30:18] [worker #0] Bootstrap tree #235, logLikelihood: -168800.070996
[06:31:47] [worker #2] Bootstrap tree #240, logLikelihood: -165495.649943
[06:34:05] [worker #1] Bootstrap tree #239, logLikelihood: -162673.321599
[06:35:16] [worker #0] Bootstrap tree #238, logLikelihood: -166076.404673
[06:36:10] [worker #2] Bootstrap tree #243, logLikelihood: -165901.354437
[06:38:59] [worker #1] Bootstrap tree #242, logLikelihood: -163812.313380
[06:39:23] [worker #0] Bootstrap tree #241, logLikelihood: -164150.440170
[06:40:16] [worker #2] Bootstrap tree #246, logLikelihood: -166377.238708
[06:42:18] [worker #1] Bootstrap tree #245, logLikelihood: -169683.227058
[06:42:50] [worker #0] Bootstrap tree #244, logLikelihood: -167764.524057
[06:45:47] [worker #2] Bootstrap tree #249, logLikelihood: -168619.790488
[06:45:58] [worker #1] Bootstrap tree #248, logLikelihood: -163852.060753
[06:47:23] [worker #0] Bootstrap tree #247, logLikelihood: -163871.071857
[06:52:21] [worker #0] Bootstrap tree #250, logLikelihood: -165588.980838
[06:55:44] [worker #0] Bootstrap tree #253, logLikelihood: -164610.996804
[06:56:43] [worker #2] Bootstrap tree #252, logLikelihood: -166040.586096
[06:57:04] [worker #1] Bootstrap tree #251, logLikelihood: -162713.149502
[06:59:55] [worker #0] Bootstrap tree #256, logLikelihood: -168529.404061
[07:00:58] [worker #2] Bootstrap tree #255, logLikelihood: -167517.081674
[07:04:29] [worker #0] Bootstrap tree #259, logLikelihood: -164669.538354
[07:04:33] [worker #2] Bootstrap tree #258, logLikelihood: -165014.633192
[07:04:41] [worker #1] Bootstrap tree #254, logLikelihood: -165589.886066
[07:07:49] [worker #0] Bootstrap tree #262, logLikelihood: -164906.665358
[07:08:40] [worker #2] Bootstrap tree #261, logLikelihood: -168442.713911
[07:09:29] [worker #1] Bootstrap tree #257, logLikelihood: -161910.604368
[07:12:01] [worker #0] Bootstrap tree #265, logLikelihood: -169468.867686
[07:12:31] [worker #2] Bootstrap tree #264, logLikelihood: -162371.363057
[07:13:38] [worker #1] Bootstrap tree #260, logLikelihood: -172200.982184
[07:16:27] [worker #0] Bootstrap tree #268, logLikelihood: -170563.776226
[07:17:15] [worker #2] Bootstrap tree #267, logLikelihood: -166899.750723
[07:18:01] [worker #1] Bootstrap tree #263, logLikelihood: -165644.740666
[07:21:28] [worker #0] Bootstrap tree #271, logLikelihood: -165028.152274
[07:22:13] [worker #1] Bootstrap tree #266, logLikelihood: -169549.436153
[07:22:38] [worker #2] Bootstrap tree #270, logLikelihood: -167323.300386
[07:26:12] [worker #0] Bootstrap tree #274, logLikelihood: -166250.166433
[07:26:34] [worker #1] Bootstrap tree #269, logLikelihood: -163762.972409
[07:26:48] [worker #2] Bootstrap tree #273, logLikelihood: -166338.658403
[07:30:30] [worker #0] Bootstrap tree #277, logLikelihood: -169933.227150
[07:30:32] [worker #2] Bootstrap tree #276, logLikelihood: -161444.359500
[07:31:25] [worker #1] Bootstrap tree #272, logLikelihood: -164359.484548
[07:34:24] [worker #2] Bootstrap tree #279, logLikelihood: -168928.905555
[07:35:04] [worker #1] Bootstrap tree #275, logLikelihood: -164870.404171
[07:35:25] [worker #0] Bootstrap tree #280, logLikelihood: -168178.196563
[07:39:21] [worker #2] Bootstrap tree #282, logLikelihood: -168113.915797
[07:39:34] [worker #1] Bootstrap tree #278, logLikelihood: -163949.140912
[07:40:35] [worker #0] Bootstrap tree #283, logLikelihood: -165895.884469
[07:43:05] [worker #1] Bootstrap tree #281, logLikelihood: -168302.802359
[07:44:08] [worker #0] Bootstrap tree #286, logLikelihood: -166924.482754
[07:45:05] [worker #2] Bootstrap tree #285, logLikelihood: -168620.231414
[07:46:38] [worker #1] Bootstrap tree #284, logLikelihood: -167254.334830
[07:47:47] [worker #0] Bootstrap tree #289, logLikelihood: -169647.784000
[07:49:43] [worker #2] Bootstrap tree #288, logLikelihood: -173364.216149
[07:51:20] [worker #0] Bootstrap tree #292, logLikelihood: -165360.248564
[07:51:41] [worker #1] Bootstrap tree #287, logLikelihood: -160517.167683
[07:54:04] [worker #2] Bootstrap tree #291, logLikelihood: -168546.218099
[07:55:21] [worker #0] Bootstrap tree #295, logLikelihood: -164308.032330
[07:58:09] [worker #2] Bootstrap tree #294, logLikelihood: -162404.030617
[07:58:25] [worker #1] Bootstrap tree #290, logLikelihood: -166750.064188
[07:59:19] [worker #0] Bootstrap tree #298, logLikelihood: -164213.210144
[08:01:20] [worker #1] Bootstrap tree #293, logLikelihood: -166442.353597
[08:02:39] [worker #2] Bootstrap tree #297, logLikelihood: -163146.994520
[08:05:48] [worker #1] Bootstrap tree #296, logLikelihood: -167158.495672
[08:07:49] [worker #2] Bootstrap tree #300, logLikelihood: -167411.002220
[08:09:45] [worker #1] Bootstrap tree #299, logLikelihood: -163396.078297
[08:13:40] [worker #0] Bootstrap tree #301, logLikelihood: -162287.269744
[08:14:45] [worker #2] Bootstrap tree #303, logLikelihood: -168022.999726
[08:14:56] [worker #1] Bootstrap tree #302, logLikelihood: -165858.872881
[08:18:43] [worker #2] Bootstrap tree #306, logLikelihood: -163451.802995
[08:19:30] [worker #1] Bootstrap tree #305, logLikelihood: -162158.467544
[08:19:52] [worker #0] Bootstrap tree #304, logLikelihood: -166142.050815
[08:23:08] [worker #2] Bootstrap tree #309, logLikelihood: -165115.542513
[08:23:32] [worker #0] Bootstrap tree #307, logLikelihood: -163551.037986
[08:24:03] [worker #1] Bootstrap tree #308, logLikelihood: -163782.244700
[08:27:58] [worker #2] Bootstrap tree #312, logLikelihood: -171552.768371
[08:28:29] [worker #0] Bootstrap tree #310, logLikelihood: -167954.241672
[08:31:12] [worker #1] Bootstrap tree #311, logLikelihood: -164950.168792
[08:32:19] [worker #2] Bootstrap tree #315, logLikelihood: -169151.538045
[08:32:35] [worker #0] Bootstrap tree #313, logLikelihood: -169982.637553
[08:36:01] [worker #1] Bootstrap tree #314, logLikelihood: -172103.154394
[08:36:38] [worker #0] Bootstrap tree #316, logLikelihood: -168527.908775
[08:38:16] [worker #2] Bootstrap tree #318, logLikelihood: -170114.348410
[08:39:30] [worker #1] Bootstrap tree #317, logLikelihood: -165743.045125
[08:39:55] [worker #0] Bootstrap tree #319, logLikelihood: -168763.663138
[08:41:46] [worker #2] Bootstrap tree #321, logLikelihood: -161863.059955
[08:44:12] [worker #1] Bootstrap tree #320, logLikelihood: -163763.503065
[08:45:08] [worker #2] Bootstrap tree #324, logLikelihood: -168106.318925
[08:46:31] [worker #0] Bootstrap tree #322, logLikelihood: -163477.631797
[08:48:36] [worker #1] Bootstrap tree #323, logLikelihood: -161761.273896
[08:49:46] [worker #2] Bootstrap tree #327, logLikelihood: -166722.767384
[08:50:06] [worker #0] Bootstrap tree #325, logLikelihood: -164793.942716
[08:52:24] [worker #1] Bootstrap tree #326, logLikelihood: -163533.293256
[08:53:20] [worker #0] Bootstrap tree #328, logLikelihood: -164496.841901
[08:53:39] [worker #2] Bootstrap tree #330, logLikelihood: -167730.073097
[08:57:38] [worker #1] Bootstrap tree #329, logLikelihood: -164711.016728
[08:58:21] [worker #2] Bootstrap tree #333, logLikelihood: -164599.300927
[08:58:49] [worker #0] Bootstrap tree #331, logLikelihood: -169466.463448
[09:01:32] [worker #1] Bootstrap tree #332, logLikelihood: -166427.646520
[09:02:33] [worker #2] Bootstrap tree #336, logLikelihood: -167509.991550
[09:03:32] [worker #0] Bootstrap tree #334, logLikelihood: -165758.222019
[09:05:12] [worker #1] Bootstrap tree #335, logLikelihood: -162087.754870
[09:07:00] [worker #2] Bootstrap tree #339, logLikelihood: -166239.811031
[09:09:19] [worker #1] Bootstrap tree #338, logLikelihood: -164101.005405
[09:10:41] [worker #0] Bootstrap tree #337, logLikelihood: -164851.345896
[09:11:58] [worker #2] Bootstrap tree #342, logLikelihood: -168591.201486
[09:13:23] [worker #1] Bootstrap tree #341, logLikelihood: -166563.291425
[09:15:10] [worker #0] Bootstrap tree #340, logLikelihood: -167135.188619
[09:15:44] [worker #2] Bootstrap tree #345, logLikelihood: -168542.215842
[09:16:52] [worker #1] Bootstrap tree #344, logLikelihood: -169030.442986
[09:19:46] [worker #2] Bootstrap tree #348, logLikelihood: -171798.206979
[09:20:35] [worker #0] Bootstrap tree #343, logLikelihood: -167884.305766
[09:21:04] [worker #1] Bootstrap tree #347, logLikelihood: -164506.138563
[09:24:47] [worker #1] Bootstrap tree #350, logLikelihood: -168436.667368
[09:24:49] [worker #0] Bootstrap tree #346, logLikelihood: -165189.632662
[09:29:08] [worker #0] Bootstrap tree #349, logLikelihood: -167297.305034
[09:33:19] [worker #2] Bootstrap tree #351, logLikelihood: -164363.756777
[09:33:42] [worker #0] Bootstrap tree #352, logLikelihood: -164069.703462
[09:33:55] [worker #1] Bootstrap tree #353, logLikelihood: -169323.751290
[09:37:07] [worker #0] Bootstrap tree #355, logLikelihood: -166759.141029
[09:37:20] [worker #2] Bootstrap tree #354, logLikelihood: -165890.064867
[09:40:02] [worker #1] Bootstrap tree #356, logLikelihood: -165981.440860
[09:41:32] [worker #0] Bootstrap tree #358, logLikelihood: -164405.684026
[09:42:17] [worker #2] Bootstrap tree #357, logLikelihood: -164984.744114
[09:44:16] [worker #1] Bootstrap tree #359, logLikelihood: -165280.142245
[09:46:37] [worker #0] Bootstrap tree #361, logLikelihood: -168239.850037
[09:47:05] [worker #2] Bootstrap tree #360, logLikelihood: -164784.616061
[09:48:40] [worker #1] Bootstrap tree #362, logLikelihood: -166113.977968
[09:49:59] [worker #0] Bootstrap tree #364, logLikelihood: -167575.915426
[09:50:43] [worker #2] Bootstrap tree #363, logLikelihood: -165209.875677
[09:51:50] [worker #1] Bootstrap tree #365, logLikelihood: -164058.467277
[09:54:31] [worker #2] Bootstrap tree #366, logLikelihood: -161047.861496
[09:55:17] [worker #0] Bootstrap tree #367, logLikelihood: -167965.581019
[09:55:43] [worker #1] Bootstrap tree #368, logLikelihood: -167876.502446
[09:59:12] [worker #0] Bootstrap tree #370, logLikelihood: -166831.636569
[10:01:01] [worker #2] Bootstrap tree #369, logLikelihood: -165811.350765
[10:03:28] [worker #1] Bootstrap tree #371, logLikelihood: -164846.396383
[10:05:03] [worker #0] Bootstrap tree #373, logLikelihood: -164026.394091
[10:05:04] [worker #2] Bootstrap tree #372, logLikelihood: -166902.676132
[10:07:28] [worker #1] Bootstrap tree #374, logLikelihood: -168415.958594
[10:08:24] [worker #2] Bootstrap tree #375, logLikelihood: -166438.445985
[10:08:59] [worker #0] Bootstrap tree #376, logLikelihood: -165337.462447
[10:12:20] [worker #1] Bootstrap tree #377, logLikelihood: -164784.038375
[10:13:21] [worker #0] Bootstrap tree #379, logLikelihood: -161690.123586
[10:17:22] [worker #2] Bootstrap tree #378, logLikelihood: -163966.201970
[10:18:05] [worker #1] Bootstrap tree #380, logLikelihood: -166157.024200
[10:18:40] [worker #0] Bootstrap tree #382, logLikelihood: -169240.791586
[10:21:40] [worker #1] Bootstrap tree #383, logLikelihood: -164513.274783
[10:23:09] [worker #0] Bootstrap tree #385, logLikelihood: -165290.713263
[10:24:13] [worker #2] Bootstrap tree #381, logLikelihood: -168983.357539
[10:25:33] [worker #1] Bootstrap tree #386, logLikelihood: -164196.227815
[10:27:23] [worker #0] Bootstrap tree #388, logLikelihood: -163383.766886
[10:28:43] [worker #2] Bootstrap tree #384, logLikelihood: -167969.381213
[10:29:03] [worker #1] Bootstrap tree #389, logLikelihood: -161287.572770
[10:31:27] [worker #0] Bootstrap tree #391, logLikelihood: -166378.305868
[10:32:49] [worker #1] Bootstrap tree #392, logLikelihood: -169484.844148
[10:33:40] [worker #2] Bootstrap tree #387, logLikelihood: -167274.755498
[10:35:51] [worker #0] Bootstrap tree #394, logLikelihood: -167071.598200
[10:36:44] [worker #1] Bootstrap tree #395, logLikelihood: -165217.605579
[10:36:54] [worker #2] Bootstrap tree #390, logLikelihood: -165235.253742
[10:40:08] [worker #0] Bootstrap tree #397, logLikelihood: -166601.773374
[10:40:53] [worker #1] Bootstrap tree #398, logLikelihood: -164215.564679
[10:43:37] [worker #0] Bootstrap tree #400, logLikelihood: -162800.089379
[10:44:25] [worker #2] Bootstrap tree #393, logLikelihood: -167452.338561
[10:48:51] [worker #2] Bootstrap tree #396, logLikelihood: -167549.153999
[10:53:33] [worker #2] Bootstrap tree #399, logLikelihood: -167158.946270
[10:57:47] [worker #1] Bootstrap tree #401, logLikelihood: -168252.961700
[10:58:59] [worker #0] Bootstrap tree #403, logLikelihood: -164298.368637
[10:59:49] [worker #2] Bootstrap tree #402, logLikelihood: -166350.309731
[11:02:49] [worker #1] Bootstrap tree #404, logLikelihood: -166559.175738
[11:03:01] [worker #0] Bootstrap tree #406, logLikelihood: -169937.596831
[11:03:31] [worker #2] Bootstrap tree #405, logLikelihood: -162415.930308
[11:08:02] [worker #2] Bootstrap tree #408, logLikelihood: -166172.073903
[11:08:21] [worker #1] Bootstrap tree #407, logLikelihood: -161916.836359
[11:08:28] [worker #0] Bootstrap tree #409, logLikelihood: -170768.973283
[11:12:22] [worker #0] Bootstrap tree #412, logLikelihood: -168294.216594
[11:12:51] [worker #1] Bootstrap tree #410, logLikelihood: -163134.380238
[11:13:58] [worker #2] Bootstrap tree #411, logLikelihood: -169939.501640
[11:16:03] [worker #0] Bootstrap tree #415, logLikelihood: -168153.163833
[11:16:43] [worker #1] Bootstrap tree #413, logLikelihood: -168372.263774
[11:20:38] [worker #2] Bootstrap tree #414, logLikelihood: -165664.588034
[11:21:31] [worker #0] Bootstrap tree #418, logLikelihood: -166483.249282
[11:21:59] [worker #1] Bootstrap tree #416, logLikelihood: -167311.157079
[11:24:25] [worker #2] Bootstrap tree #417, logLikelihood: -167002.241877
[11:27:01] [worker #1] Bootstrap tree #419, logLikelihood: -163499.998127
[11:29:25] [worker #2] Bootstrap tree #420, logLikelihood: -168004.813846
[11:31:12] [worker #0] Bootstrap tree #421, logLikelihood: -163046.891619
[11:31:25] [worker #1] Bootstrap tree #422, logLikelihood: -168492.539399
[11:34:02] [worker #2] Bootstrap tree #423, logLikelihood: -168490.668564
[11:36:10] [worker #1] Bootstrap tree #425, logLikelihood: -168487.954904
[11:37:33] [worker #0] Bootstrap tree #424, logLikelihood: -169752.153686
[11:39:43] [worker #2] Bootstrap tree #426, logLikelihood: -166901.850196
[11:41:20] [worker #1] Bootstrap tree #428, logLikelihood: -163905.117572
[11:41:53] [worker #0] Bootstrap tree #427, logLikelihood: -167180.132076
[11:45:12] [worker #2] Bootstrap tree #429, logLikelihood: -166344.966114
[11:45:46] [worker #1] Bootstrap tree #431, logLikelihood: -168434.929236
[11:46:48] [worker #0] Bootstrap tree #430, logLikelihood: -169098.534960
[11:49:56] [worker #1] Bootstrap tree #434, logLikelihood: -168069.328809
[11:50:11] [worker #2] Bootstrap tree #432, logLikelihood: -166786.414296
[11:51:22] [worker #0] Bootstrap tree #433, logLikelihood: -160448.439109
[11:53:25] [worker #1] Bootstrap tree #437, logLikelihood: -160823.933817
[11:55:06] [worker #2] Bootstrap tree #435, logLikelihood: -164197.887775
[11:58:11] [worker #1] Bootstrap tree #440, logLikelihood: -173681.132650
[11:59:21] [worker #0] Bootstrap tree #436, logLikelihood: -166176.726917
[11:59:29] [worker #2] Bootstrap tree #438, logLikelihood: -168801.033018
[12:01:39] [worker #1] Bootstrap tree #443, logLikelihood: -169362.293836
[12:02:55] [worker #0] Bootstrap tree #439, logLikelihood: -165876.479645
[12:03:08] [worker #2] Bootstrap tree #441, logLikelihood: -157667.318338
[12:05:36] [worker #1] Bootstrap tree #446, logLikelihood: -164722.022568
[12:06:47] [worker #0] Bootstrap tree #442, logLikelihood: -166638.239456
[12:08:01] [worker #2] Bootstrap tree #444, logLikelihood: -162027.984534
[12:10:32] [worker #1] Bootstrap tree #449, logLikelihood: -165107.148649
[12:10:34] [worker #0] Bootstrap tree #445, logLikelihood: -165009.203309
[12:11:38] [worker #2] Bootstrap tree #447, logLikelihood: -165964.057398
[12:14:25] [worker #0] Bootstrap tree #448, logLikelihood: -165684.544505
[12:15:49] [worker #2] Bootstrap tree #450, logLikelihood: -169509.124143
[12:19:27] [worker #0] Bootstrap tree #451, logLikelihood: -166140.293572
[12:19:31] [worker #1] Bootstrap tree #452, logLikelihood: -167831.198846
[12:20:50] [worker #2] Bootstrap tree #453, logLikelihood: -162532.088511
[12:23:54] [worker #1] Bootstrap tree #455, logLikelihood: -163795.199762
[12:24:12] [worker #0] Bootstrap tree #454, logLikelihood: -167868.158044
[12:28:29] [worker #2] Bootstrap tree #456, logLikelihood: -167443.477883
[12:28:39] [worker #0] Bootstrap tree #457, logLikelihood: -167670.958335
[12:29:14] [worker #1] Bootstrap tree #458, logLikelihood: -158019.505571
[12:33:01] [worker #2] Bootstrap tree #459, logLikelihood: -166682.408358
[12:33:06] [worker #0] Bootstrap tree #460, logLikelihood: -162224.285752
[12:33:12] [worker #1] Bootstrap tree #461, logLikelihood: -162195.359698
[12:37:10] [worker #2] Bootstrap tree #462, logLikelihood: -171313.378702
[12:37:18] [worker #1] Bootstrap tree #464, logLikelihood: -165675.381037
[12:37:25] [worker #0] Bootstrap tree #463, logLikelihood: -169393.733287
[12:41:00] [worker #1] Bootstrap tree #467, logLikelihood: -166219.892056
[12:42:09] [worker #2] Bootstrap tree #465, logLikelihood: -163251.811303
[12:42:33] [worker #0] Bootstrap tree #466, logLikelihood: -163058.903279
[12:46:11] [worker #0] Bootstrap tree #469, logLikelihood: -169938.482752
[12:48:37] [worker #2] Bootstrap tree #468, logLikelihood: -163283.476390
[12:48:55] [worker #1] Bootstrap tree #470, logLikelihood: -170515.328134
[12:50:31] [worker #0] Bootstrap tree #472, logLikelihood: -167184.202723
[12:52:02] [worker #2] Bootstrap tree #471, logLikelihood: -163212.609614
[12:53:00] [worker #1] Bootstrap tree #473, logLikelihood: -168825.258089
[12:54:06] [worker #0] Bootstrap tree #475, logLikelihood: -162883.437722
[12:55:31] [worker #2] Bootstrap tree #474, logLikelihood: -162745.778694
[12:58:28] [worker #1] Bootstrap tree #476, logLikelihood: -166802.497323
[12:58:54] [worker #0] Bootstrap tree #478, logLikelihood: -165038.387395
[12:59:43] [worker #2] Bootstrap tree #477, logLikelihood: -166218.934793
[13:02:45] [worker #1] Bootstrap tree #479, logLikelihood: -166633.573048
[13:02:52] [worker #0] Bootstrap tree #481, logLikelihood: -167490.932679
[13:06:54] [worker #1] Bootstrap tree #482, logLikelihood: -170036.114028
[13:07:03] [worker #0] Bootstrap tree #484, logLikelihood: -166148.125895
[13:07:34] [worker #2] Bootstrap tree #480, logLikelihood: -167736.910251
[13:11:03] [worker #1] Bootstrap tree #485, logLikelihood: -168423.706165
[13:12:22] [worker #2] Bootstrap tree #483, logLikelihood: -168522.547834
[13:12:31] [worker #0] Bootstrap tree #487, logLikelihood: -165799.294267
[13:15:05] [worker #1] Bootstrap tree #488, logLikelihood: -165646.169167
[13:15:58] [worker #0] Bootstrap tree #490, logLikelihood: -164917.925592
[13:16:39] [worker #2] Bootstrap tree #486, logLikelihood: -161683.074651
[13:19:06] [worker #1] Bootstrap tree #491, logLikelihood: -162709.187505
[13:20:09] [worker #2] Bootstrap tree #489, logLikelihood: -168202.759190
[13:20:29] [worker #0] Bootstrap tree #493, logLikelihood: -163510.395214
[13:24:12] [worker #1] Bootstrap tree #494, logLikelihood: -170031.809458
[13:25:33] [worker #2] Bootstrap tree #492, logLikelihood: -161104.186973
[13:26:56] [worker #0] Bootstrap tree #496, logLikelihood: -166448.132082
[13:29:37] [worker #2] Bootstrap tree #495, logLikelihood: -170662.952310
[13:30:04] [worker #1] Bootstrap tree #497, logLikelihood: -167989.296370
[13:31:12] [worker #0] Bootstrap tree #499, logLikelihood: -166839.295949
[13:34:16] [worker #1] Bootstrap tree #500, logLikelihood: -164369.576875
[13:37:00] [worker #2] Bootstrap tree #498, logLikelihood: -169457.779417
[13:37:07] Bootstrapping converged after 500 replicates.

Bootstrap trees saved to: /home/gkettenburg/RAxML_tree/polymerase_region_summary_tree/T3.raxml.bootstraps

Execution log saved to: /home/gkettenburg/RAxML_tree/polymerase_region_summary_tree/T3.raxml.log

Analysis started: 03-Aug-2024 20:19:48 / finished: 04-Aug-2024 09:56:56

Elapsed time: 49027.617 seconds

Consumed energy: 1697.373 Wh (= 8 km in an electric car, or 42 km with an e-scooter!)

