
RAxML-NG v. 1.2.0 released on 09.05.2023 by The Exelixis Lab.
Developed by: Alexey M. Kozlov and Alexandros Stamatakis.
Contributors: Diego Darriba, Tomas Flouri, Benoit Morel, Sarah Lutteropp, Ben Bettisworth, Julia Haag, Anastasis Togkousidis.
Latest version: https://github.com/amkozlov/raxml-ng
Questions/problems/suggestions? Please visit: https://groups.google.com/forum/#!forum/raxml

System: Apple M2, 8 cores, 8 GB RAM

RAxML-NG was called at 06-Aug-2024 09:56:16 as follows:

raxml-ng --support --tree T2.raxml.bestTree --bs-trees allbootstraps --prefix T1 --threads 2 --bs-metric fbp,tbe

Analysis options:
  run mode: Compute bipartition support (Felsenstein Bootstrap + Transfer Bootstrap)
  start tree(s): user
  random seed: 1722956176
  SIMD kernels: SSE3
  parallelization: coarse-grained (auto), PTHREADS (2 threads), thread pinning: OFF

Reading reference tree from file: T2.raxml.bestTree
Reference tree size: 293

Reading bootstrap trees from file: allbootstraps
Loaded 1000 trees with 293 taxa.

Best ML tree with Felsenstein bootstrap (FBP) support values saved to: /Users/gwenddolenkettenburg/Desktop/developer/mada-bat-picornavirus/raxml_trees/polymerase_region_summary_tree/T1.raxml.supportFBP
Best ML tree with Transfer bootstrap (TBE) support values saved to: /Users/gwenddolenkettenburg/Desktop/developer/mada-bat-picornavirus/raxml_trees/polymerase_region_summary_tree/T1.raxml.supportTBE

Execution log saved to: /Users/gwenddolenkettenburg/Desktop/developer/mada-bat-picornavirus/raxml_trees/polymerase_region_summary_tree/T1.raxml.log

Analysis started: 06-Aug-2024 09:56:16 / finished: 06-Aug-2024 09:56:17

Elapsed time: 0.672 seconds

