
RAxML-NG v. 1.1.0-master released on 22.06.2022 by The Exelixis Lab.
Developed by: Alexey M. Kozlov and Alexandros Stamatakis.
Contributors: Diego Darriba, Tomas Flouri, Benoit Morel, Sarah Lutteropp, Ben Bettisworth.
Latest version: https://github.com/amkozlov/raxml-ng
Questions/problems/suggestions? Please visit: https://groups.google.com/forum/#!forum/raxml

System: Intel(R) Xeon(R) CPU E5-2680 v4 @ 2.40GHz, 28 cores, 251 GB RAM

RAxML-NG was called at 13-Jun-2024 15:05:24 as follows:

raxml-ng-mpi --bsconverge --bs-trees T1.raxml.bootstraps.TMP --prefix T11 --seed 2 --threads 2 --bs-cutoff 0.03

Analysis options:
  run mode: A posteriori bootstrap convergence test
  start tree(s): 
  random seed: 2
  SIMD kernels: AVX2
  parallelization: coarse-grained (auto), PTHREADS (2 threads), thread pinning: ON

Reading bootstrap trees from file: T1.raxml.bootstraps.TMP
Loaded 230 trees with 287 taxa.

Performing bootstrap convergence assessment using autoMRE criterion

 # trees        avg WRF       avg WRF in %       # perms: wrf <= 3.00 %     converged?  
      50        713.203              5.023                            0        NO
     100        951.108              3.349                          246        NO
     150       1201.480              2.820                          707        NO
     200       1239.712              2.183                          984        NO
     230       1293.106              1.980                          999        YES
Bootstopping test converged after 230 trees


Execution log saved to: /home/gkettenburg/RAxML_tree/polymerase_region_summary_tree/T11.raxml.log

Analysis started: 13-Jun-2024 15:05:24 / finished: 13-Jun-2024 15:05:32

Elapsed time: 7.807 seconds

Consumed energy: 0.205 Wh

