ERROR: Unable to locate a modulefile for 'emacs/25.1'
ERROR: Unable to locate a modulefile for 'python/3.6'
ERROR: Unable to locate a modulefile for 'java/1.8.0_121'
ERROR: Unable to locate a modulefile for 'cmake/3.15.1'

RAxML-NG v. 1.1.0-master released on 22.06.2022 by The Exelixis Lab.
Developed by: Alexey M. Kozlov and Alexandros Stamatakis.
Contributors: Diego Darriba, Tomas Flouri, Benoit Morel, Sarah Lutteropp, Ben Bettisworth.
Latest version: https://github.com/amkozlov/raxml-ng
Questions/problems/suggestions? Please visit: https://groups.google.com/forum/#!forum/raxml

System: Intel(R) Xeon(R) CPU E5-2680 v4 @ 2.40GHz, 28 cores, 62 GB RAM

RAxML-NG was called at 30-Jul-2023 17:06:28 as follows:

raxml-ng-mpi --all --msa picornavirales_all_align.fasta --model GTR+G4 --prefix T1 --seed 1 --threads auto{12} --bs-metric fbp,tbe

Analysis options:
  run mode: ML tree search + bootstrapping (Felsenstein Bootstrap + Transfer Bootstrap)
  start tree(s): random (10) + parsimony (10)
  bootstrap replicates: max: 1000 + bootstopping (autoMRE, cutoff: 0.030000)
  random seed: 1
  tip-inner: OFF
  pattern compression: ON
  per-rate scalers: OFF
  site repeats: ON
  branch lengths: proportional (ML estimate, algorithm: NR-FAST)
  SIMD kernels: AVX2
  parallelization: coarse-grained (auto), PTHREADS (auto)

[00:00:01] Reading alignment from file: picornavirales_all_align.fasta
[00:00:02] Loaded alignment with 416 taxa and 64887 sites

Alignment comprises 1 partitions and 42385 patterns

Partition 0: noname
Model: GTR+FO+G4m
Alignment sites / patterns: 64887 / 42385
Gaps: 87.67 %
Invariant sites: 37.51 %


NOTE: Binary MSA file created: T1.raxml.rba

Parallelization scheme autoconfig: 1 worker(s) x 12 thread(s)

Error calling pthread_setaffinity_np: 22
Parallel reduction/worker buffer size: 1 KB  / 0 KB

[00:00:02] Generating 10 random starting tree(s) with 416 taxa
[00:00:03] Generating 10 parsimony starting tree(s) with 416 taxa
[00:00:18] Data distribution: max. partitions/sites/weight per thread: 1 / 3533 / 56528
[00:00:20] Data distribution: max. searches per worker: 1020

Starting ML tree search with 20 distinct starting trees

[01:59:20] ML tree search #1, logLikelihood: -3410505.958731
[03:57:02] ML tree search #2, logLikelihood: -3410512.221551
[05:42:06] ML tree search #3, logLikelihood: -3410523.482882
[07:45:18] ML tree search #4, logLikelihood: -3410505.531734
[09:44:12] ML tree search #5, logLikelihood: -3410506.093754
[11:42:23] ML tree search #6, logLikelihood: -3410513.101400
[13:36:42] ML tree search #7, logLikelihood: -3410506.025676
[15:28:42] ML tree search #8, logLikelihood: -3410506.802731
[17:28:44] ML tree search #9, logLikelihood: -3410519.044916
[19:26:15] ML tree search #10, logLikelihood: -3410503.809370
[21:05:43] ML tree search #11, logLikelihood: -3410505.391662
[22:46:50] ML tree search #12, logLikelihood: -3410530.513385
[24:04:34] ML tree search #13, logLikelihood: -3410506.528131
[25:43:58] ML tree search #14, logLikelihood: -3410532.904972
[27:04:07] ML tree search #15, logLikelihood: -3410521.733179
[28:33:06] ML tree search #16, logLikelihood: -3410512.052219
[30:00:58] ML tree search #17, logLikelihood: -3410517.469921
[31:33:14] ML tree search #18, logLikelihood: -3410521.315491
[33:00:04] ML tree search #19, logLikelihood: -3410519.136123
[34:36:02] ML tree search #20, logLikelihood: -3410512.954887

[34:36:02] ML tree search completed, best tree logLH: -3410503.809370

[34:36:02] Starting bootstrapping analysis with 1000 replicates.

[36:00:01] Bootstrap tree #1, logLikelihood: -3350099.048256
slurmstepd-midway2-0037: error: *** JOB 29350726 ON midway2-0037 CANCELLED AT 2023-08-01T05:06:40 DUE TO TIME LIMIT ***
