ERROR: Unable to locate a modulefile for 'emacs/25.1'
ERROR: Unable to locate a modulefile for 'python/3.6'
ERROR: Unable to locate a modulefile for 'java/1.8.0_121'
ERROR: Unable to locate a modulefile for 'cmake/3.15.1'

RAxML-NG v. 1.1.0-master released on 22.06.2022 by The Exelixis Lab.
Developed by: Alexey M. Kozlov and Alexandros Stamatakis.
Contributors: Diego Darriba, Tomas Flouri, Benoit Morel, Sarah Lutteropp, Ben Bettisworth.
Latest version: https://github.com/amkozlov/raxml-ng
Questions/problems/suggestions? Please visit: https://groups.google.com/forum/#!forum/raxml

System: Intel(R) Xeon(R) CPU E5-2680 v4 @ 2.40GHz, 28 cores, 62 GB RAM

RAxML-NG was called at 05-Aug-2023 16:01:56 as follows:

raxml-ng-mpi --bootstrap --msa picornavirales_all_align.fasta --model GTR+G4 --prefix T4 --seed 3 --threads auto{12}

Analysis options:
  run mode: Bootstrapping
  start tree(s): 
  bootstrap replicates: max: 1000 + bootstopping (autoMRE, cutoff: 0.030000)
  random seed: 3
  tip-inner: OFF
  pattern compression: ON
  per-rate scalers: OFF
  site repeats: ON
  branch lengths: proportional (ML estimate, algorithm: NR-FAST)
  SIMD kernels: AVX2
  parallelization: coarse-grained (auto), PTHREADS (auto)

WARNING: The model you specified on the command line (GTR+G4) will be ignored 
         since the binary MSA file already contains a model definition.
         If you want to change the model, please re-run RAxML-NG 
         with the original PHYLIP/FASTA alignment and --redo option.

[00:00:00] Loading binary alignment from file: T4.raxml.rba
[00:00:00] Alignment comprises 416 taxa, 1 partitions and 42385 patterns

Partition 0: noname
Model: GTR+FO+G4m
Alignment sites / patterns: 64887 / 42385
Gaps: 87.67 %
Invariant sites: 37.51 %


Parallelization scheme autoconfig: 1 worker(s) x 12 thread(s)

Error calling pthread_setaffinity_np: 22
Error calling pthread_setaffinity_np: 22
Error calling pthread_setaffinity_np: 22
Error calling pthread_setaffinity_np: 22
Error calling pthread_setaffinity_np: 22
Error calling pthread_setaffinity_np: 22
Error calling pthread_setaffinity_np: 22
Error calling pthread_setaffinity_np: 22
Error calling pthread_setaffinity_np: 22
Error calling pthread_setaffinity_np: 22
Error calling pthread_setaffinity_np: 22
Error calling pthread_setaffinity_np: 22
Parallel reduction/worker buffer size: 1 KB  / 0 KB

[00:00:00] NOTE: Resuming execution from checkpoint (logLH: -3626920.13, ML trees: 0, bootstraps: 11)
[00:00:00] Data distribution: max. partitions/sites/weight per thread: 1 / 3533 / 56528
[00:00:02] Data distribution: max. searches per worker: 989
[00:00:02] Starting bootstrapping analysis with 1000 replicates.

[01:20:39] Bootstrap tree #12, logLikelihood: -3392973.085864
[02:43:52] Bootstrap tree #13, logLikelihood: -3392135.461636
[04:03:50] Bootstrap tree #14, logLikelihood: -3427292.907980
[05:20:36] Bootstrap tree #15, logLikelihood: -3441876.172133
[06:43:57] Bootstrap tree #16, logLikelihood: -3434475.473872
[08:06:22] Bootstrap tree #17, logLikelihood: -3410090.343078
[09:22:05] Bootstrap tree #18, logLikelihood: -3460574.587711
[10:44:08] Bootstrap tree #19, logLikelihood: -3381468.862154
[11:54:14] Bootstrap tree #20, logLikelihood: -3426342.592826
[13:26:30] Bootstrap tree #21, logLikelihood: -3401300.207174
[14:43:57] Bootstrap tree #22, logLikelihood: -3428914.843780
[16:04:37] Bootstrap tree #23, logLikelihood: -3420457.526197
[17:34:24] Bootstrap tree #24, logLikelihood: -3426546.543295
[19:06:15] Bootstrap tree #25, logLikelihood: -3423034.039822
[20:26:04] Bootstrap tree #26, logLikelihood: -3404070.242264
[21:47:37] Bootstrap tree #27, logLikelihood: -3429567.439982
[23:11:04] Bootstrap tree #28, logLikelihood: -3383249.434103
[24:30:56] Bootstrap tree #29, logLikelihood: -3391402.413588
[25:43:32] Bootstrap tree #30, logLikelihood: -3415580.988938
[27:02:57] Bootstrap tree #31, logLikelihood: -3396417.318460
[28:24:32] Bootstrap tree #32, logLikelihood: -3432980.383189
[29:26:27] Bootstrap tree #33, logLikelihood: -3359267.217457
[30:40:36] Bootstrap tree #34, logLikelihood: -3406236.491791
[31:45:36] Bootstrap tree #35, logLikelihood: -3435629.836852
[33:06:36] Bootstrap tree #36, logLikelihood: -3413088.808503
[34:28:46] Bootstrap tree #37, logLikelihood: -3429527.107619
[35:55:19] Bootstrap tree #38, logLikelihood: -3401508.852394
slurmstepd-midway2-0173: error: *** JOB 29446178 ON midway2-0173 CANCELLED AT 2023-08-07T04:02:08 DUE TO TIME LIMIT ***
