
RAxML-NG v. 1.1.0-master released on 22.06.2022 by The Exelixis Lab.
Developed by: Alexey M. Kozlov and Alexandros Stamatakis.
Contributors: Diego Darriba, Tomas Flouri, Benoit Morel, Sarah Lutteropp, Ben Bettisworth.
Latest version: https://github.com/amkozlov/raxml-ng
Questions/problems/suggestions? Please visit: https://groups.google.com/forum/#!forum/raxml

System: Intel(R) Xeon(R) CPU E5-2680 v4 @ 2.40GHz, 28 cores, 251 GB RAM

RAxML-NG was called at 09-Aug-2023 11:07:58 as follows:

raxml-ng-mpi --bsconverge --bs-trees allbootstraps1 --prefix T100 --seed 2 --threads 1 --bs-cutoff 0.01

Analysis options:
  run mode: A posteriori bootstrap convergence test
  start tree(s): 
  random seed: 2
  SIMD kernels: AVX2
  parallelization: coarse-grained (auto), NONE/sequential

Reading bootstrap trees from file: allbootstraps1
Loaded 232 trees with 416 taxa.

Performing bootstrap convergence assessment using autoMRE criterion

 # trees        avg WRF       avg WRF in %       # perms: wrf <= 1.00 %     converged?  
      50        741.362              3.590                            0        NO
     100       1113.609              2.696                            0        NO
     150       1333.331              2.152                            0        NO
     200       1577.083              1.909                            0        NO
     232       1635.796              1.707                            4        NO
Bootstopping test did not converge after 232 trees


Execution log saved to: /home/gkettenburg/RAxML_tree/raxml_trees/picornavirales_all/T100.raxml.log

Analysis started: 09-Aug-2023 11:07:58 / finished: 09-Aug-2023 11:08:11

Elapsed time: 12.963 seconds

Consumed energy: 0.382 Wh

