ERROR: Unable to locate a modulefile for 'emacs/25.1'
ERROR: Unable to locate a modulefile for 'python/3.6'
ERROR: Unable to locate a modulefile for 'java/1.8.0_121'
ERROR: Unable to locate a modulefile for 'cmake/3.15.1'

RAxML-NG v. 1.1.0-master released on 22.06.2022 by The Exelixis Lab.
Developed by: Alexey M. Kozlov and Alexandros Stamatakis.
Contributors: Diego Darriba, Tomas Flouri, Benoit Morel, Sarah Lutteropp, Ben Bettisworth.
Latest version: https://github.com/amkozlov/raxml-ng
Questions/problems/suggestions? Please visit: https://groups.google.com/forum/#!forum/raxml

System: Intel(R) Xeon(R) CPU E5-2680 v4 @ 2.40GHz, 28 cores, 62 GB RAM

RAxML-NG was called at 30-Jul-2023 17:07:27 as follows:

raxml-ng-mpi --all --msa picornavirales_full_align.fasta --model GTR+G4 --prefix T1 --seed 1 --threads auto{12} --bs-metric fbp,tbe

Analysis options:
  run mode: ML tree search + bootstrapping (Felsenstein Bootstrap + Transfer Bootstrap)
  start tree(s): random (10) + parsimony (10)
  bootstrap replicates: max: 1000 + bootstopping (autoMRE, cutoff: 0.030000)
  random seed: 1
  tip-inner: OFF
  pattern compression: ON
  per-rate scalers: OFF
  site repeats: ON
  branch lengths: proportional (ML estimate, algorithm: NR-FAST)
  SIMD kernels: AVX2
  parallelization: coarse-grained (auto), PTHREADS (auto)

[00:00:00] Reading alignment from file: picornavirales_full_align.fasta
[00:00:00] Loaded alignment with 408 taxa and 63252 sites

Alignment comprises 1 partitions and 41000 patterns

Partition 0: noname
Model: GTR+FO+G4m
Alignment sites / patterns: 63252 / 41000
Gaps: 87.24 %
Invariant sites: 37.99 %


NOTE: Binary MSA file created: T1.raxml.rba

Parallelization scheme autoconfig: 1 worker(s) x 12 thread(s)

Error calling pthread_setaffinity_np: 22
Parallel reduction/worker buffer size: 1 KB  / 0 KB

[00:00:01] Generating 10 random starting tree(s) with 408 taxa
[00:00:01] Generating 10 parsimony starting tree(s) with 408 taxa
[00:00:14] Data distribution: max. partitions/sites/weight per thread: 1 / 3417 / 54672
[00:00:16] Data distribution: max. searches per worker: 1020

Starting ML tree search with 20 distinct starting trees

[01:46:21] ML tree search #1, logLikelihood: -3376351.357485
[03:49:39] ML tree search #2, logLikelihood: -3376342.300196
[06:01:31] ML tree search #3, logLikelihood: -3376349.215704
[08:01:44] ML tree search #4, logLikelihood: -3376349.405010
[09:56:22] ML tree search #5, logLikelihood: -3376340.438179
[12:00:40] ML tree search #6, logLikelihood: -3376339.012016
[13:56:59] ML tree search #7, logLikelihood: -3376347.641704
[15:48:55] ML tree search #8, logLikelihood: -3376352.284810
[17:42:15] ML tree search #9, logLikelihood: -3376361.593082
[19:47:15] ML tree search #10, logLikelihood: -3376346.283614
[21:17:17] ML tree search #11, logLikelihood: -3376350.744714
[23:04:50] ML tree search #12, logLikelihood: -3376350.712412
[24:33:31] ML tree search #13, logLikelihood: -3376351.645079
[26:14:37] ML tree search #14, logLikelihood: -3376391.652135
[27:46:55] ML tree search #15, logLikelihood: -3376358.069736
[29:04:15] ML tree search #16, logLikelihood: -3376354.958426
[30:37:48] ML tree search #17, logLikelihood: -3376351.837881
[32:09:22] ML tree search #18, logLikelihood: -3376355.764236
[33:53:40] ML tree search #19, logLikelihood: -3376355.786958
[35:26:55] ML tree search #20, logLikelihood: -3376340.446130

[35:26:55] ML tree search completed, best tree logLH: -3376339.012016

[35:26:55] Starting bootstrapping analysis with 1000 replicates.

slurmstepd-midway2-0108: error: *** JOB 29350743 ON midway2-0108 CANCELLED AT 2023-08-01T05:07:40 DUE TO TIME LIMIT ***
