ERROR: Unable to locate a modulefile for 'emacs/25.1'
ERROR: Unable to locate a modulefile for 'python/3.6'
ERROR: Unable to locate a modulefile for 'java/1.8.0_121'
ERROR: Unable to locate a modulefile for 'cmake/3.15.1'

RAxML-NG v. 1.1.0-master released on 22.06.2022 by The Exelixis Lab.
Developed by: Alexey M. Kozlov and Alexandros Stamatakis.
Contributors: Diego Darriba, Tomas Flouri, Benoit Morel, Sarah Lutteropp, Ben Bettisworth.
Latest version: https://github.com/amkozlov/raxml-ng
Questions/problems/suggestions? Please visit: https://groups.google.com/forum/#!forum/raxml

System: Intel(R) Xeon(R) CPU E5-2680 v4 @ 2.40GHz, 28 cores, 62 GB RAM

RAxML-NG was called at 05-Aug-2023 16:03:56 as follows:

raxml-ng-mpi --bootstrap --msa picornavirales_full_align.fasta --model GTR+G4 --prefix T7 --seed 6 --threads auto{12}

Analysis options:
  run mode: Bootstrapping
  start tree(s): 
  bootstrap replicates: max: 1000 + bootstopping (autoMRE, cutoff: 0.030000)
  random seed: 6
  tip-inner: OFF
  pattern compression: ON
  per-rate scalers: OFF
  site repeats: ON
  branch lengths: proportional (ML estimate, algorithm: NR-FAST)
  SIMD kernels: AVX2
  parallelization: coarse-grained (auto), PTHREADS (auto)

WARNING: The model you specified on the command line (GTR+G4) will be ignored 
         since the binary MSA file already contains a model definition.
         If you want to change the model, please re-run RAxML-NG 
         with the original PHYLIP/FASTA alignment and --redo option.

[00:00:00] Loading binary alignment from file: T7.raxml.rba
[00:00:00] Alignment comprises 408 taxa, 1 partitions and 41000 patterns

Partition 0: noname
Model: GTR+FO+G4m
Alignment sites / patterns: 63252 / 41000
Gaps: 87.24 %
Invariant sites: 37.99 %


Parallelization scheme autoconfig: 1 worker(s) x 12 thread(s)

Error calling pthread_setaffinity_np: 22
Error calling pthread_setaffinity_np: 22
Error calling pthread_setaffinity_np: 22
Error calling pthread_setaffinity_np: 22
Error calling pthread_setaffinity_np: 22
Error calling pthread_setaffinity_np: 22
Error calling pthread_setaffinity_np: 22
Error calling pthread_setaffinity_np: 22
Error calling pthread_setaffinity_np: 22
Error calling pthread_setaffinity_np: 22
Error calling pthread_setaffinity_np: 22
Error calling pthread_setaffinity_np: 22
Parallel reduction/worker buffer size: 1 KB  / 0 KB

[00:00:00] NOTE: Resuming execution from checkpoint (logLH: -3476496.67, ML trees: 0, bootstraps: 12)
[00:00:00] Data distribution: max. partitions/sites/weight per thread: 1 / 3417 / 54672
[00:00:02] Data distribution: max. searches per worker: 988
[00:00:02] Starting bootstrapping analysis with 1000 replicates.

[01:11:55] Bootstrap tree #13, logLikelihood: -3373773.573291
[02:29:01] Bootstrap tree #14, logLikelihood: -3379780.105492
[03:44:35] Bootstrap tree #15, logLikelihood: -3400420.291465
[04:54:41] Bootstrap tree #16, logLikelihood: -3336211.133324
[06:14:25] Bootstrap tree #17, logLikelihood: -3347383.323684
[07:20:26] Bootstrap tree #18, logLikelihood: -3355951.882376
[08:39:57] Bootstrap tree #19, logLikelihood: -3393716.533005
[09:52:00] Bootstrap tree #20, logLikelihood: -3416068.204426
[10:55:00] Bootstrap tree #21, logLikelihood: -3375398.778925
[12:23:17] Bootstrap tree #22, logLikelihood: -3374296.523708
[13:40:54] Bootstrap tree #23, logLikelihood: -3334971.677358
[14:58:15] Bootstrap tree #24, logLikelihood: -3379772.582868
[16:17:48] Bootstrap tree #25, logLikelihood: -3357143.877045
[17:29:13] Bootstrap tree #26, logLikelihood: -3377698.421277
[18:45:18] Bootstrap tree #27, logLikelihood: -3405330.211706
[20:02:58] Bootstrap tree #28, logLikelihood: -3384087.488053
[21:30:28] Bootstrap tree #29, logLikelihood: -3362994.753650
[22:50:58] Bootstrap tree #30, logLikelihood: -3407195.560669
[24:05:15] Bootstrap tree #31, logLikelihood: -3351577.625762
[25:21:58] Bootstrap tree #32, logLikelihood: -3359351.454225
[26:29:46] Bootstrap tree #33, logLikelihood: -3371096.138916
[27:50:28] Bootstrap tree #34, logLikelihood: -3354506.090186
[29:22:55] Bootstrap tree #35, logLikelihood: -3391355.132488
[30:26:46] Bootstrap tree #36, logLikelihood: -3348404.503047
[31:42:50] Bootstrap tree #37, logLikelihood: -3354787.816212
[32:57:51] Bootstrap tree #38, logLikelihood: -3340971.805219
[34:10:23] Bootstrap tree #39, logLikelihood: -3373780.550102
[35:23:39] Bootstrap tree #40, logLikelihood: -3426133.226448
slurmstepd-midway2-0175: error: *** JOB 29446186 ON midway2-0175 CANCELLED AT 2023-08-07T04:04:07 DUE TO TIME LIMIT ***
