ERROR: Unable to locate a modulefile for 'emacs/25.1'
ERROR: Unable to locate a modulefile for 'python/3.6'
ERROR: Unable to locate a modulefile for 'java/1.8.0_121'
ERROR: Unable to locate a modulefile for 'cmake/3.15.1'

RAxML-NG v. 1.1.0-master released on 22.06.2022 by The Exelixis Lab.
Developed by: Alexey M. Kozlov and Alexandros Stamatakis.
Contributors: Diego Darriba, Tomas Flouri, Benoit Morel, Sarah Lutteropp, Ben Bettisworth.
Latest version: https://github.com/amkozlov/raxml-ng
Questions/problems/suggestions? Please visit: https://groups.google.com/forum/#!forum/raxml

System: Intel(R) Xeon(R) CPU E5-2680 v4 @ 2.40GHz, 28 cores, 62 GB RAM

RAxML-NG was called at 05-Aug-2023 16:02:57 as follows:

raxml-ng-mpi --bootstrap --msa picornavirales_full_align.fasta --model GTR+G4 --prefix T4 --seed 3 --threads auto{12}

Analysis options:
  run mode: Bootstrapping
  start tree(s): 
  bootstrap replicates: max: 1000 + bootstopping (autoMRE, cutoff: 0.030000)
  random seed: 3
  tip-inner: OFF
  pattern compression: ON
  per-rate scalers: OFF
  site repeats: ON
  branch lengths: proportional (ML estimate, algorithm: NR-FAST)
  SIMD kernels: AVX2
  parallelization: coarse-grained (auto), PTHREADS (auto)

WARNING: The model you specified on the command line (GTR+G4) will be ignored 
         since the binary MSA file already contains a model definition.
         If you want to change the model, please re-run RAxML-NG 
         with the original PHYLIP/FASTA alignment and --redo option.

[00:00:00] Loading binary alignment from file: T4.raxml.rba
[00:00:00] Alignment comprises 408 taxa, 1 partitions and 41000 patterns

Partition 0: noname
Model: GTR+FO+G4m
Alignment sites / patterns: 63252 / 41000
Gaps: 87.24 %
Invariant sites: 37.99 %


Parallelization scheme autoconfig: 1 worker(s) x 12 thread(s)

Parallel reduction/worker buffer size: 1 KB  / 0 KB

[00:00:00] NOTE: Resuming execution from checkpoint (logLH: -3377654.44, ML trees: 0, bootstraps: 11)
[00:00:00] Data distribution: max. partitions/sites/weight per thread: 1 / 3417 / 54672
[00:00:02] Data distribution: max. searches per worker: 989
[00:00:02] Starting bootstrapping analysis with 1000 replicates.

[00:55:26] Bootstrap tree #12, logLikelihood: -3360817.349659
[02:06:31] Bootstrap tree #13, logLikelihood: -3347309.951942
[03:20:21] Bootstrap tree #14, logLikelihood: -3382171.523078
[04:40:46] Bootstrap tree #15, logLikelihood: -3399961.219298
[05:49:27] Bootstrap tree #16, logLikelihood: -3373972.854731
[07:07:25] Bootstrap tree #17, logLikelihood: -3361124.345272
[08:32:27] Bootstrap tree #18, logLikelihood: -3419047.836092
[09:44:14] Bootstrap tree #19, logLikelihood: -3377168.983795
[10:53:30] Bootstrap tree #20, logLikelihood: -3387069.322874
[12:02:59] Bootstrap tree #21, logLikelihood: -3335898.553598
[13:13:16] Bootstrap tree #22, logLikelihood: -3380640.481869
[14:34:01] Bootstrap tree #23, logLikelihood: -3365646.008071
[15:44:10] Bootstrap tree #24, logLikelihood: -3392396.930177
[16:56:30] Bootstrap tree #25, logLikelihood: -3411600.864354
[18:01:37] Bootstrap tree #26, logLikelihood: -3375976.922832
[19:10:41] Bootstrap tree #27, logLikelihood: -3404398.933919
[20:21:22] Bootstrap tree #28, logLikelihood: -3356876.523727
[21:40:44] Bootstrap tree #29, logLikelihood: -3340502.266809
[22:53:42] Bootstrap tree #30, logLikelihood: -3350457.362795
[24:10:40] Bootstrap tree #31, logLikelihood: -3363554.400145
[25:22:09] Bootstrap tree #32, logLikelihood: -3365445.581258
[26:34:38] Bootstrap tree #33, logLikelihood: -3330790.761438
[27:47:32] Bootstrap tree #34, logLikelihood: -3373312.827769
[28:57:38] Bootstrap tree #35, logLikelihood: -3384829.556350
[30:07:14] Bootstrap tree #36, logLikelihood: -3379923.109827
[31:17:50] Bootstrap tree #37, logLikelihood: -3403435.216879
[32:32:24] Bootstrap tree #38, logLikelihood: -3366563.127200
[33:53:21] Bootstrap tree #39, logLikelihood: -3383676.071085
[35:05:59] Bootstrap tree #40, logLikelihood: -3416667.370862
slurmstepd-midway2-0004: error: *** JOB 29446183 ON midway2-0004 CANCELLED AT 2023-08-07T04:03:07 DUE TO TIME LIMIT ***
