ERROR: Unable to locate a modulefile for 'emacs/25.1'
ERROR: Unable to locate a modulefile for 'python/3.6'
ERROR: Unable to locate a modulefile for 'java/1.8.0_121'
ERROR: Unable to locate a modulefile for 'cmake/3.15.1'

RAxML-NG v. 1.1.0-master released on 22.06.2022 by The Exelixis Lab.
Developed by: Alexey M. Kozlov and Alexandros Stamatakis.
Contributors: Diego Darriba, Tomas Flouri, Benoit Morel, Sarah Lutteropp, Ben Bettisworth.
Latest version: https://github.com/amkozlov/raxml-ng
Questions/problems/suggestions? Please visit: https://groups.google.com/forum/#!forum/raxml

System: Intel(R) Xeon(R) CPU E5-2680 v4 @ 2.40GHz, 28 cores, 62 GB RAM

RAxML-NG was called at 05-Aug-2023 16:02:57 as follows:

raxml-ng-mpi --bootstrap --msa picornavirales_full_align.fasta --model GTR+G4 --prefix T5 --seed 4 --threads auto{12}

Analysis options:
  run mode: Bootstrapping
  start tree(s): 
  bootstrap replicates: max: 1000 + bootstopping (autoMRE, cutoff: 0.030000)
  random seed: 4
  tip-inner: OFF
  pattern compression: ON
  per-rate scalers: OFF
  site repeats: ON
  branch lengths: proportional (ML estimate, algorithm: NR-FAST)
  SIMD kernels: AVX2
  parallelization: coarse-grained (auto), PTHREADS (auto)

WARNING: The model you specified on the command line (GTR+G4) will be ignored 
         since the binary MSA file already contains a model definition.
         If you want to change the model, please re-run RAxML-NG 
         with the original PHYLIP/FASTA alignment and --redo option.

[00:00:00] Loading binary alignment from file: T5.raxml.rba
[00:00:00] Alignment comprises 408 taxa, 1 partitions and 41000 patterns

Partition 0: noname
Model: GTR+FO+G4m
Alignment sites / patterns: 63252 / 41000
Gaps: 87.24 %
Invariant sites: 37.99 %


Parallelization scheme autoconfig: 1 worker(s) x 12 thread(s)

Error calling pthread_setaffinity_np: 22
Error calling pthread_setaffinity_np: 22
Error calling pthread_setaffinity_np: 22
Error calling pthread_setaffinity_np: 22
Error calling pthread_setaffinity_np: 22
Error calling pthread_setaffinity_np: 22
Error calling pthread_setaffinity_np: 22
Error calling pthread_setaffinity_np: 22
Error calling pthread_setaffinity_np: 22
Error calling pthread_setaffinity_np: 22
Error calling pthread_setaffinity_np: 22
Error calling pthread_setaffinity_np: 22
Parallel reduction/worker buffer size: 1 KB  / 0 KB

[00:00:00] NOTE: Resuming execution from checkpoint (logLH: -3377654.44, ML trees: 0, bootstraps: 11)
[00:00:00] Data distribution: max. partitions/sites/weight per thread: 1 / 3417 / 54672
[00:00:02] Data distribution: max. searches per worker: 989
[00:00:02] Starting bootstrapping analysis with 1000 replicates.

[00:59:32] Bootstrap tree #12, logLikelihood: -3356466.978538
[02:08:07] Bootstrap tree #13, logLikelihood: -3353591.233536
[03:33:26] Bootstrap tree #14, logLikelihood: -3380702.362380
[04:52:43] Bootstrap tree #15, logLikelihood: -3385295.198373
[06:10:14] Bootstrap tree #16, logLikelihood: -3376926.209698
[07:25:02] Bootstrap tree #17, logLikelihood: -3375094.661135
[08:37:18] Bootstrap tree #18, logLikelihood: -3396988.982801
[09:53:22] Bootstrap tree #19, logLikelihood: -3382901.612929
[11:13:40] Bootstrap tree #20, logLikelihood: -3373940.075377
[12:21:41] Bootstrap tree #21, logLikelihood: -3415964.309581
[13:52:44] Bootstrap tree #22, logLikelihood: -3358861.567433
[15:06:56] Bootstrap tree #23, logLikelihood: -3385453.475269
[16:16:00] Bootstrap tree #24, logLikelihood: -3397807.350756
[17:41:35] Bootstrap tree #25, logLikelihood: -3354216.920310
[18:50:23] Bootstrap tree #26, logLikelihood: -3376071.245394
[19:57:52] Bootstrap tree #27, logLikelihood: -3376901.169364
[21:19:57] Bootstrap tree #28, logLikelihood: -3400353.642229
[22:43:53] Bootstrap tree #29, logLikelihood: -3410622.834278
[24:00:45] Bootstrap tree #30, logLikelihood: -3316751.576015
[25:13:05] Bootstrap tree #31, logLikelihood: -3367891.000123
[26:24:17] Bootstrap tree #32, logLikelihood: -3379526.842419
[27:38:50] Bootstrap tree #33, logLikelihood: -3426894.452443
[29:00:12] Bootstrap tree #34, logLikelihood: -3370068.745744
[30:37:27] Bootstrap tree #35, logLikelihood: -3385130.415280
[31:52:51] Bootstrap tree #36, logLikelihood: -3358112.864606
[33:08:43] Bootstrap tree #37, logLikelihood: -3369014.072199
[34:23:46] Bootstrap tree #38, logLikelihood: -3333706.919314
[35:53:50] Bootstrap tree #39, logLikelihood: -3392372.013442
slurmstepd-midway2-0004: error: *** JOB 29446184 ON midway2-0004 CANCELLED AT 2023-08-07T04:03:07 DUE TO TIME LIMIT ***
