
RAxML-NG v. 1.1.0-master released on 22.06.2022 by The Exelixis Lab.
Developed by: Alexey M. Kozlov and Alexandros Stamatakis.
Contributors: Diego Darriba, Tomas Flouri, Benoit Morel, Sarah Lutteropp, Ben Bettisworth.
Latest version: https://github.com/amkozlov/raxml-ng
Questions/problems/suggestions? Please visit: https://groups.google.com/forum/#!forum/raxml

System: Intel(R) Xeon(R) CPU E5-2680 v4 @ 2.40GHz, 28 cores, 62 GB RAM

RAxML-NG was called at 31-Jul-2023 22:44:23 as follows:

raxml-ng-mpi --msa picornavirales_full_align.fasta --model GTR+G4 --prefix T2 --seed 1 --threads auto{12}

Analysis options:
  run mode: ML tree search
  start tree(s): random (10) + parsimony (10)
  random seed: 1
  tip-inner: OFF
  pattern compression: ON
  per-rate scalers: OFF
  site repeats: ON
  fast spr radius: AUTO
  spr subtree cutoff: 1.000000
  branch lengths: proportional (ML estimate, algorithm: NR-FAST)
  SIMD kernels: AVX2
  parallelization: coarse-grained (auto), PTHREADS (auto)

[00:00:00] Reading alignment from file: picornavirales_full_align.fasta
[00:00:00] Loaded alignment with 408 taxa and 63252 sites

Alignment comprises 1 partitions and 41000 patterns

Partition 0: noname
Model: GTR+FO+G4m
Alignment sites / patterns: 63252 / 41000
Gaps: 87.24 %
Invariant sites: 37.99 %


NOTE: Binary MSA file created: T2.raxml.rba

Parallelization scheme autoconfig: 1 worker(s) x 12 thread(s)

Parallel reduction/worker buffer size: 1 KB  / 0 KB

[00:00:01] Generating 10 random starting tree(s) with 408 taxa
[00:00:01] Generating 10 parsimony starting tree(s) with 408 taxa
[00:00:13] Data distribution: max. partitions/sites/weight per thread: 1 / 3417 / 54672
[00:00:13] Data distribution: max. searches per worker: 20

Starting ML tree search with 20 distinct starting trees

[00:00:14 -4604694.644087] Initial branch length optimization
[00:00:19 -4225012.169529] Model parameter optimization (eps = 10.000000)
[00:01:46 -4135748.115665] AUTODETECT spr round 1 (radius: 5)
[00:02:38 -3938885.155982] AUTODETECT spr round 2 (radius: 10)
[00:04:02 -3610760.712693] AUTODETECT spr round 3 (radius: 15)
[00:06:02 -3471487.674452] AUTODETECT spr round 4 (radius: 20)
[00:08:26 -3463363.079133] AUTODETECT spr round 5 (radius: 25)
[00:11:25 -3458943.987828] SPR radius for FAST iterations: 25 (autodetect)
[00:11:25 -3458943.987828] Model parameter optimization (eps = 3.000000)
[00:11:58 -3443903.511655] FAST spr round 1 (radius: 25)
[00:17:27 -3380137.578455] FAST spr round 2 (radius: 25)
[00:20:43 -3377454.182179] FAST spr round 3 (radius: 25)
[00:22:56 -3377010.700307] FAST spr round 4 (radius: 25)
[00:24:29 -3376981.173652] FAST spr round 5 (radius: 25)
[00:25:49 -3376931.050237] FAST spr round 6 (radius: 25)
[00:27:03 -3376891.427529] FAST spr round 7 (radius: 25)
[00:28:10 -3376881.571795] FAST spr round 8 (radius: 25)
[00:29:15 -3376870.484693] FAST spr round 9 (radius: 25)
[00:30:18 -3376861.942502] FAST spr round 10 (radius: 25)
[00:31:22 -3376855.242129] FAST spr round 11 (radius: 25)
[00:32:24 -3376849.373638] FAST spr round 12 (radius: 25)
[00:33:26 -3376845.195835] FAST spr round 13 (radius: 25)
[00:34:30 -3376831.633760] FAST spr round 14 (radius: 25)
[00:35:31 -3376831.096104] FAST spr round 15 (radius: 25)
[00:36:32 -3376831.092570] Model parameter optimization (eps = 1.000000)
[00:36:44 -3376780.414425] SLOW spr round 1 (radius: 5)
[00:39:29 -3376389.855800] SLOW spr round 2 (radius: 5)
[00:41:46 -3376374.696777] SLOW spr round 3 (radius: 5)
[00:43:55 -3376369.472955] SLOW spr round 4 (radius: 5)
[00:46:04 -3376362.384234] SLOW spr round 5 (radius: 5)
[00:48:10 -3376354.597546] SLOW spr round 6 (radius: 5)
[00:50:15 -3376353.714367] SLOW spr round 7 (radius: 5)
[00:52:19 -3376352.865717] SLOW spr round 8 (radius: 5)
[00:54:25 -3376352.118197] SLOW spr round 9 (radius: 5)
[00:56:30 -3376351.630990] SLOW spr round 10 (radius: 5)
[00:58:35 -3376351.629191] SLOW spr round 11 (radius: 10)
[01:01:15 -3376351.629073] SLOW spr round 12 (radius: 15)
[01:11:24 -3376351.629069] SLOW spr round 13 (radius: 20)
[01:28:21 -3376351.629069] SLOW spr round 14 (radius: 25)
[01:43:04 -3376351.629069] Model parameter optimization (eps = 0.100000)

[01:43:10] ML tree search #1, logLikelihood: -3376351.357485

[01:43:10 -4610567.450383] Initial branch length optimization
[01:43:15 -4229846.340344] Model parameter optimization (eps = 10.000000)
[01:44:31 -4140971.226276] AUTODETECT spr round 1 (radius: 5)
[01:45:24 -3954149.739138] AUTODETECT spr round 2 (radius: 10)
[01:46:43 -3610530.864195] AUTODETECT spr round 3 (radius: 15)
[01:48:28 -3488715.438428] AUTODETECT spr round 4 (radius: 20)
[01:51:21 -3469794.086352] AUTODETECT spr round 5 (radius: 25)
[01:54:27 -3469793.472016] SPR radius for FAST iterations: 25 (autodetect)
[01:54:27 -3469793.472016] Model parameter optimization (eps = 3.000000)
[01:54:59 -3455138.547643] FAST spr round 1 (radius: 25)
[02:00:24 -3378627.261940] FAST spr round 2 (radius: 25)
[02:03:32 -3377307.973959] FAST spr round 3 (radius: 25)
[02:05:36 -3377221.828358] FAST spr round 4 (radius: 25)
[02:07:09 -3377204.405553] FAST spr round 5 (radius: 25)
[02:08:28 -3377192.094553] FAST spr round 6 (radius: 25)
[02:09:41 -3377182.253905] FAST spr round 7 (radius: 25)
[02:10:54 -3377164.784606] FAST spr round 8 (radius: 25)
[02:12:02 -3377123.852194] FAST spr round 9 (radius: 25)
[02:13:09 -3377109.192833] FAST spr round 10 (radius: 25)
[02:14:16 -3377081.344365] FAST spr round 11 (radius: 25)
[02:15:21 -3377075.264866] FAST spr round 12 (radius: 25)
[02:16:26 -3377069.429339] FAST spr round 13 (radius: 25)
[02:17:31 -3377063.794855] FAST spr round 14 (radius: 25)
[02:18:35 -3377058.216824] FAST spr round 15 (radius: 25)
[02:19:40 -3377053.260565] FAST spr round 16 (radius: 25)
[02:20:46 -3377013.796683] FAST spr round 17 (radius: 25)
[02:21:50 -3377005.333706] FAST spr round 18 (radius: 25)
[02:22:55 -3376994.104297] FAST spr round 19 (radius: 25)
[02:24:00 -3376988.005991] FAST spr round 20 (radius: 25)
[02:25:04 -3376979.944757] FAST spr round 21 (radius: 25)
[02:26:09 -3376957.750548] FAST spr round 22 (radius: 25)
[02:27:13 -3376952.459572] FAST spr round 23 (radius: 25)
[02:28:17 -3376949.707916] FAST spr round 24 (radius: 25)
[02:29:20 -3376935.739125] FAST spr round 25 (radius: 25)
[02:30:23 -3376933.514872] FAST spr round 26 (radius: 25)
[02:31:26 -3376931.664735] FAST spr round 27 (radius: 25)
[02:32:28 -3376930.468787] FAST spr round 28 (radius: 25)
[02:33:36 -3376897.034980] FAST spr round 29 (radius: 25)
[02:34:41 -3376876.786238] FAST spr round 30 (radius: 25)
[02:35:43 -3376875.082480] FAST spr round 31 (radius: 25)
[02:36:46 -3376873.733741] FAST spr round 32 (radius: 25)
[02:37:48 -3376870.080214] FAST spr round 33 (radius: 25)
[02:38:51 -3376868.589084] FAST spr round 34 (radius: 25)
[02:39:52 -3376868.443911] FAST spr round 35 (radius: 25)
[02:40:55 -3376868.443286] Model parameter optimization (eps = 1.000000)
[02:41:07 -3376821.029609] SLOW spr round 1 (radius: 5)
[02:43:58 -3376356.444360] SLOW spr round 2 (radius: 5)
[02:46:15 -3376350.138627] SLOW spr round 3 (radius: 5)
[02:48:26 -3376344.200361] SLOW spr round 4 (radius: 5)
[02:50:35 -3376343.438003] SLOW spr round 5 (radius: 5)
[02:52:42 -3376342.840588] SLOW spr round 6 (radius: 5)
[02:54:49 -3376342.694180] SLOW spr round 7 (radius: 5)
[02:56:56 -3376342.691988] SLOW spr round 8 (radius: 10)
[02:59:34 -3376342.691877] SLOW spr round 9 (radius: 15)
[03:09:39 -3376342.691869] SLOW spr round 10 (radius: 20)
[03:26:58 -3376342.691869] SLOW spr round 11 (radius: 25)
[03:42:16 -3376342.691869] Model parameter optimization (eps = 0.100000)

[03:42:22] ML tree search #2, logLikelihood: -3376342.300196

[03:42:22 -4599077.180405] Initial branch length optimization
[03:42:28 -4224986.777838] Model parameter optimization (eps = 10.000000)
[03:43:41 -4136534.461759] AUTODETECT spr round 1 (radius: 5)
[03:44:33 -3926756.161795] AUTODETECT spr round 2 (radius: 10)
[03:45:55 -3625935.040627] AUTODETECT spr round 3 (radius: 15)
[03:47:51 -3540061.570490] AUTODETECT spr round 4 (radius: 20)
[03:50:12 -3513046.167849] AUTODETECT spr round 5 (radius: 25)
[03:52:54 -3509348.373015] SPR radius for FAST iterations: 25 (autodetect)
[03:52:54 -3509348.373015] Model parameter optimization (eps = 3.000000)
[03:53:28 -3495283.755319] FAST spr round 1 (radius: 25)
[03:58:56 -3381384.935352] FAST spr round 2 (radius: 25)
[04:02:12 -3377857.212485] FAST spr round 3 (radius: 25)
[04:04:24 -3377438.409355] FAST spr round 4 (radius: 25)
[04:05:57 -3377383.803124] FAST spr round 5 (radius: 25)
[04:07:17 -3377340.443568] FAST spr round 6 (radius: 25)
[04:08:32 -3377197.761451] FAST spr round 7 (radius: 25)
[04:09:43 -3377172.718708] FAST spr round 8 (radius: 25)
[04:10:52 -3377149.389130] FAST spr round 9 (radius: 25)
[04:12:01 -3377136.653825] FAST spr round 10 (radius: 25)
[04:13:11 -3377092.547949] FAST spr round 11 (radius: 25)
[04:14:18 -3377082.603836] FAST spr round 12 (radius: 25)
[04:15:26 -3377045.377617] FAST spr round 13 (radius: 25)
[04:16:33 -3377034.188693] FAST spr round 14 (radius: 25)
[04:17:38 -3377025.675319] FAST spr round 15 (radius: 25)
[04:18:45 -3377002.199980] FAST spr round 16 (radius: 25)
[04:19:50 -3376994.152757] FAST spr round 17 (radius: 25)
[04:20:56 -3376988.350559] FAST spr round 18 (radius: 25)
[04:22:02 -3376982.787482] FAST spr round 19 (radius: 25)
[04:23:07 -3376977.509470] FAST spr round 20 (radius: 25)
[04:24:11 -3376973.173677] FAST spr round 21 (radius: 25)
[04:25:14 -3376969.834119] FAST spr round 22 (radius: 25)
[04:26:18 -3376966.905631] FAST spr round 23 (radius: 25)
[04:27:22 -3376964.027921] FAST spr round 24 (radius: 25)
[04:28:25 -3376961.880520] FAST spr round 25 (radius: 25)
[04:29:28 -3376952.288158] FAST spr round 26 (radius: 25)
[04:30:30 -3376950.223252] FAST spr round 27 (radius: 25)
[04:31:33 -3376947.180182] FAST spr round 28 (radius: 25)
[04:32:35 -3376943.168801] FAST spr round 29 (radius: 25)
[04:33:38 -3376937.382282] FAST spr round 30 (radius: 25)
[04:34:40 -3376934.998413] FAST spr round 31 (radius: 25)
[04:35:41 -3376934.445948] FAST spr round 32 (radius: 25)
[04:36:42 -3376934.036706] FAST spr round 33 (radius: 25)
[04:37:44 -3376927.166152] FAST spr round 34 (radius: 25)
[04:38:46 -3376922.542046] FAST spr round 35 (radius: 25)
[04:39:47 -3376921.499035] FAST spr round 36 (radius: 25)
[04:40:48 -3376921.113748] FAST spr round 37 (radius: 25)
[04:41:49 -3376921.110952] Model parameter optimization (eps = 1.000000)
[04:42:05 -3376791.837233] SLOW spr round 1 (radius: 5)
[04:44:55 -3376411.556122] SLOW spr round 2 (radius: 5)
[04:47:17 -3376378.292069] SLOW spr round 3 (radius: 5)
[04:49:32 -3376370.267766] SLOW spr round 4 (radius: 5)
[04:51:44 -3376363.500224] SLOW spr round 5 (radius: 5)
[04:53:55 -3376356.975940] SLOW spr round 6 (radius: 5)
[04:56:05 -3376351.949900] SLOW spr round 7 (radius: 5)
[04:58:14 -3376350.883989] SLOW spr round 8 (radius: 5)
[05:00:21 -3376350.078144] SLOW spr round 9 (radius: 5)
[05:02:30 -3376349.632730] SLOW spr round 10 (radius: 5)
[05:04:38 -3376349.629256] SLOW spr round 11 (radius: 10)
[05:07:21 -3376349.629154] SLOW spr round 12 (radius: 15)
[05:18:21 -3376349.629152] SLOW spr round 13 (radius: 20)
[05:36:14 -3376349.629152] SLOW spr round 14 (radius: 25)
[05:50:40 -3376349.629152] Model parameter optimization (eps = 0.100000)

[05:50:51] ML tree search #3, logLikelihood: -3376349.215704

[05:50:51 -4612517.955786] Initial branch length optimization
[05:50:57 -4226532.298875] Model parameter optimization (eps = 10.000000)
[05:52:21 -4137947.757266] AUTODETECT spr round 1 (radius: 5)
[05:53:14 -3904187.134500] AUTODETECT spr round 2 (radius: 10)
[05:54:36 -3600905.812871] AUTODETECT spr round 3 (radius: 15)
[05:56:27 -3483644.535432] AUTODETECT spr round 4 (radius: 20)
[05:58:43 -3465529.940954] AUTODETECT spr round 5 (radius: 25)
[06:01:46 -3463260.395525] SPR radius for FAST iterations: 25 (autodetect)
[06:01:46 -3463260.395525] Model parameter optimization (eps = 3.000000)
[06:02:14 -3448383.714068] FAST spr round 1 (radius: 25)
[06:07:26 -3380735.114456] FAST spr round 2 (radius: 25)
[06:10:38 -3377883.611106] FAST spr round 3 (radius: 25)
[06:13:00 -3377489.700577] FAST spr round 4 (radius: 25)
[06:14:39 -3377390.244336] FAST spr round 5 (radius: 25)
[06:16:04 -3377346.898410] FAST spr round 6 (radius: 25)
[06:17:22 -3377291.527755] FAST spr round 7 (radius: 25)
[06:18:37 -3377247.957272] FAST spr round 8 (radius: 25)
[06:19:49 -3377191.434568] FAST spr round 9 (radius: 25)
[06:20:56 -3377152.575039] FAST spr round 10 (radius: 25)
[06:22:04 -3377115.278164] FAST spr round 11 (radius: 25)
[06:23:12 -3377084.981656] FAST spr round 12 (radius: 25)
[06:24:18 -3377068.892044] FAST spr round 13 (radius: 25)
[06:25:23 -3377053.954178] FAST spr round 14 (radius: 25)
[06:26:28 -3377044.393568] FAST spr round 15 (radius: 25)
[06:27:33 -3377035.738855] FAST spr round 16 (radius: 25)
[06:28:38 -3377027.730550] FAST spr round 17 (radius: 25)
[06:29:42 -3377020.569798] FAST spr round 18 (radius: 25)
[06:30:46 -3376993.405271] FAST spr round 19 (radius: 25)
[06:31:51 -3376987.049541] FAST spr round 20 (radius: 25)
[06:32:56 -3376981.419839] FAST spr round 21 (radius: 25)
[06:34:00 -3376976.688573] FAST spr round 22 (radius: 25)
[06:35:05 -3376972.710824] FAST spr round 23 (radius: 25)
[06:36:09 -3376970.399324] FAST spr round 24 (radius: 25)
[06:37:13 -3376968.224650] FAST spr round 25 (radius: 25)
[06:38:15 -3376966.961108] FAST spr round 26 (radius: 25)
[06:39:18 -3376966.246371] FAST spr round 27 (radius: 25)
[06:40:21 -3376965.956911] FAST spr round 28 (radius: 25)
[06:41:24 -3376965.694525] FAST spr round 29 (radius: 25)
[06:42:27 -3376965.509170] FAST spr round 30 (radius: 25)
[06:43:29 -3376965.322562] FAST spr round 31 (radius: 25)
[06:44:32 -3376965.320087] Model parameter optimization (eps = 1.000000)
[06:44:46 -3376872.445484] SLOW spr round 1 (radius: 5)
[06:47:36 -3376391.984227] SLOW spr round 2 (radius: 5)
[06:49:54 -3376355.425957] SLOW spr round 3 (radius: 5)
[06:52:06 -3376351.944282] SLOW spr round 4 (radius: 5)
[06:54:15 -3376351.140292] SLOW spr round 5 (radius: 5)
[06:56:23 -3376350.356845] SLOW spr round 6 (radius: 5)
[06:58:31 -3376349.949609] SLOW spr round 7 (radius: 5)
[07:00:40 -3376349.782491] SLOW spr round 8 (radius: 5)
[07:02:48 -3376349.780957] SLOW spr round 9 (radius: 10)
[07:05:30 -3376349.780856] SLOW spr round 10 (radius: 15)
[07:15:45 -3376349.780849] SLOW spr round 11 (radius: 20)
[07:33:09 -3376349.780848] SLOW spr round 12 (radius: 25)
[07:48:10 -3376349.780848] Model parameter optimization (eps = 0.100000)

[07:48:16] ML tree search #4, logLikelihood: -3376349.405010

[07:48:16 -4607243.671037] Initial branch length optimization
[07:48:22 -4221764.745122] Model parameter optimization (eps = 10.000000)
[07:49:41 -4132163.747142] AUTODETECT spr round 1 (radius: 5)
[07:50:36 -3911920.522262] AUTODETECT spr round 2 (radius: 10)
[07:52:02 -3601561.059311] AUTODETECT spr round 3 (radius: 15)
[07:54:06 -3498483.801951] AUTODETECT spr round 4 (radius: 20)
[07:56:34 -3481714.718682] AUTODETECT spr round 5 (radius: 25)
[07:59:01 -3476255.198899] SPR radius for FAST iterations: 25 (autodetect)
[07:59:01 -3476255.198899] Model parameter optimization (eps = 3.000000)
[07:59:31 -3461028.982559] FAST spr round 1 (radius: 25)
[08:04:40 -3382246.348002] FAST spr round 2 (radius: 25)
[08:07:50 -3377371.997873] FAST spr round 3 (radius: 25)
[08:09:58 -3377219.140987] FAST spr round 4 (radius: 25)
[08:11:37 -3377088.133328] FAST spr round 5 (radius: 25)
[08:12:58 -3377065.018591] FAST spr round 6 (radius: 25)
[08:14:13 -3377046.274470] FAST spr round 7 (radius: 25)
[08:15:24 -3377028.588804] FAST spr round 8 (radius: 25)
[08:16:36 -3377000.587968] FAST spr round 9 (radius: 25)
[08:17:43 -3376990.785976] FAST spr round 10 (radius: 25)
[08:18:50 -3376982.550036] FAST spr round 11 (radius: 25)
[08:19:56 -3376976.221671] FAST spr round 12 (radius: 25)
[08:21:01 -3376970.788549] FAST spr round 13 (radius: 25)
[08:22:06 -3376966.251196] FAST spr round 14 (radius: 25)
[08:23:12 -3376951.016996] FAST spr round 15 (radius: 25)
[08:24:19 -3376936.970697] FAST spr round 16 (radius: 25)
[08:25:27 -3376919.681120] FAST spr round 17 (radius: 25)
[08:26:34 -3376906.169014] FAST spr round 18 (radius: 25)
[08:27:43 -3376894.125306] FAST spr round 19 (radius: 25)
[08:28:48 -3376890.704407] FAST spr round 20 (radius: 25)
[08:29:54 -3376887.593660] FAST spr round 21 (radius: 25)
[08:30:58 -3376884.920762] FAST spr round 22 (radius: 25)
[08:32:01 -3376882.980594] FAST spr round 23 (radius: 25)
[08:33:06 -3376881.241496] FAST spr round 24 (radius: 25)
[08:34:10 -3376880.090358] FAST spr round 25 (radius: 25)
[08:35:14 -3376878.834852] FAST spr round 26 (radius: 25)
[08:36:18 -3376878.110443] FAST spr round 27 (radius: 25)
[08:37:23 -3376878.105765] Model parameter optimization (eps = 1.000000)
[08:37:39 -3376802.040397] SLOW spr round 1 (radius: 5)
[08:40:34 -3376356.269413] SLOW spr round 2 (radius: 5)
[08:42:56 -3376346.578996] SLOW spr round 3 (radius: 5)
[08:45:11 -3376343.965162] SLOW spr round 4 (radius: 5)
[08:47:24 -3376342.811589] SLOW spr round 5 (radius: 5)
[08:49:35 -3376341.854949] SLOW spr round 6 (radius: 5)
[08:51:46 -3376341.105652] SLOW spr round 7 (radius: 5)
[08:53:57 -3376340.642628] SLOW spr round 8 (radius: 5)
[08:56:09 -3376340.638872] SLOW spr round 9 (radius: 10)
[08:58:55 -3376340.638662] SLOW spr round 10 (radius: 15)
[09:09:35 -3376340.638647] SLOW spr round 11 (radius: 20)
[09:27:26 -3376340.638646] SLOW spr round 12 (radius: 25)
[09:42:45 -3376340.638646] Model parameter optimization (eps = 0.100000)

[09:42:50] ML tree search #5, logLikelihood: -3376340.438179

[09:42:51 -4599798.777902] Initial branch length optimization
[09:42:56 -4220499.557631] Model parameter optimization (eps = 10.000000)
[09:44:12 -4132588.129665] AUTODETECT spr round 1 (radius: 5)
[09:45:06 -3959162.486501] AUTODETECT spr round 2 (radius: 10)
[09:46:27 -3637786.025198] AUTODETECT spr round 3 (radius: 15)
[09:48:28 -3528673.853442] AUTODETECT spr round 4 (radius: 20)
[09:50:53 -3493951.296148] AUTODETECT spr round 5 (radius: 25)
[09:53:56 -3492533.373469] SPR radius for FAST iterations: 25 (autodetect)
[09:53:56 -3492533.373469] Model parameter optimization (eps = 3.000000)
[09:54:37 -3477384.538884] FAST spr round 1 (radius: 25)
[09:59:42 -3379568.372040] FAST spr round 2 (radius: 25)
[10:02:58 -3377299.364997] FAST spr round 3 (radius: 25)
[10:05:13 -3377118.757472] FAST spr round 4 (radius: 25)
[10:06:47 -3377067.417675] FAST spr round 5 (radius: 25)
[10:08:10 -3377049.707439] FAST spr round 6 (radius: 25)
[10:09:26 -3377009.432534] FAST spr round 7 (radius: 25)
[10:10:39 -3376992.992312] FAST spr round 8 (radius: 25)
[10:11:48 -3376979.158771] FAST spr round 9 (radius: 25)
[10:12:57 -3376967.419288] FAST spr round 10 (radius: 25)
[10:14:03 -3376960.416840] FAST spr round 11 (radius: 25)
[10:15:11 -3376955.554410] FAST spr round 12 (radius: 25)
[10:16:18 -3376934.422601] FAST spr round 13 (radius: 25)
[10:17:26 -3376931.009075] FAST spr round 14 (radius: 25)
[10:18:33 -3376927.585773] FAST spr round 15 (radius: 25)
[10:19:40 -3376924.295998] FAST spr round 16 (radius: 25)
[10:20:47 -3376919.821897] FAST spr round 17 (radius: 25)
[10:21:53 -3376916.547946] FAST spr round 18 (radius: 25)
[10:22:59 -3376913.769562] FAST spr round 19 (radius: 25)
[10:24:05 -3376911.295592] FAST spr round 20 (radius: 25)
[10:25:12 -3376909.356396] FAST spr round 21 (radius: 25)
[10:26:18 -3376905.525621] FAST spr round 22 (radius: 25)
[10:27:26 -3376897.806169] FAST spr round 23 (radius: 25)
[10:28:33 -3376887.389515] FAST spr round 24 (radius: 25)
[10:29:37 -3376880.670495] FAST spr round 25 (radius: 25)
[10:30:42 -3376879.624766] FAST spr round 26 (radius: 25)
[10:31:47 -3376878.839467] FAST spr round 27 (radius: 25)
[10:32:52 -3376868.904591] FAST spr round 28 (radius: 25)
[10:33:56 -3376868.544094] FAST spr round 29 (radius: 25)
[10:35:02 -3376849.105941] FAST spr round 30 (radius: 25)
[10:36:06 -3376845.915792] FAST spr round 31 (radius: 25)
[10:37:10 -3376844.963171] FAST spr round 32 (radius: 25)
[10:38:13 -3376844.662676] FAST spr round 33 (radius: 25)
[10:39:17 -3376844.661821] Model parameter optimization (eps = 1.000000)
[10:39:30 -3376734.538575] SLOW spr round 1 (radius: 5)
[10:42:21 -3376362.127446] SLOW spr round 2 (radius: 5)
[10:44:39 -3376353.018036] SLOW spr round 3 (radius: 5)
[10:46:53 -3376348.263128] SLOW spr round 4 (radius: 5)
[10:49:05 -3376344.429304] SLOW spr round 5 (radius: 5)
[10:51:16 -3376342.030299] SLOW spr round 6 (radius: 5)
[10:53:26 -3376340.567534] SLOW spr round 7 (radius: 5)
[10:55:37 -3376339.792570] SLOW spr round 8 (radius: 5)
[10:57:47 -3376339.626434] SLOW spr round 9 (radius: 5)
[10:59:57 -3376339.624714] SLOW spr round 10 (radius: 10)
[11:02:41 -3376339.624611] SLOW spr round 11 (radius: 15)
[11:13:09 -3376339.624604] SLOW spr round 12 (radius: 20)
[11:30:46 -3376339.624603] SLOW spr round 13 (radius: 25)
[11:46:05 -3376339.624603] Model parameter optimization (eps = 0.100000)

[11:46:13] ML tree search #6, logLikelihood: -3376339.012016

[11:46:13 -4601202.135217] Initial branch length optimization
[11:46:19 -4225875.359282] Model parameter optimization (eps = 10.000000)
[11:47:42 -4136973.317543] AUTODETECT spr round 1 (radius: 5)
[11:48:39 -3930991.206896] AUTODETECT spr round 2 (radius: 10)
[11:50:03 -3589736.411680] AUTODETECT spr round 3 (radius: 15)
[11:52:02 -3483284.188233] AUTODETECT spr round 4 (radius: 20)
[11:54:44 -3465344.060088] AUTODETECT spr round 5 (radius: 25)
[11:57:43 -3462038.638828] SPR radius for FAST iterations: 25 (autodetect)
[11:57:43 -3462038.638828] Model parameter optimization (eps = 3.000000)
[11:58:12 -3447544.224329] FAST spr round 1 (radius: 25)
[12:03:52 -3379751.852094] FAST spr round 2 (radius: 25)
[12:07:08 -3377272.682148] FAST spr round 3 (radius: 25)
[12:09:13 -3377177.010228] FAST spr round 4 (radius: 25)
[12:10:50 -3377133.983830] FAST spr round 5 (radius: 25)
[12:12:14 -3377068.092754] FAST spr round 6 (radius: 25)
[12:13:30 -3377057.628360] FAST spr round 7 (radius: 25)
[12:14:42 -3377048.124077] FAST spr round 8 (radius: 25)
[12:15:53 -3377038.085504] FAST spr round 9 (radius: 25)
[12:17:03 -3377028.624711] FAST spr round 10 (radius: 25)
[12:18:12 -3377020.272441] FAST spr round 11 (radius: 25)
[12:19:21 -3377013.593930] FAST spr round 12 (radius: 25)
[12:20:29 -3377007.272099] FAST spr round 13 (radius: 25)
[12:21:38 -3376992.492468] FAST spr round 14 (radius: 25)
[12:22:43 -3376986.261129] FAST spr round 15 (radius: 25)
[12:23:48 -3376980.223805] FAST spr round 16 (radius: 25)
[12:24:53 -3376974.658030] FAST spr round 17 (radius: 25)
[12:26:00 -3376935.785531] FAST spr round 18 (radius: 25)
[12:27:05 -3376914.238808] FAST spr round 19 (radius: 25)
[12:28:10 -3376909.398636] FAST spr round 20 (radius: 25)
[12:29:15 -3376906.681061] FAST spr round 21 (radius: 25)
[12:30:20 -3376904.248630] FAST spr round 22 (radius: 25)
[12:31:24 -3376901.713351] FAST spr round 23 (radius: 25)
[12:32:27 -3376899.498035] FAST spr round 24 (radius: 25)
[12:33:31 -3376897.683379] FAST spr round 25 (radius: 25)
[12:34:34 -3376896.018511] FAST spr round 26 (radius: 25)
[12:35:38 -3376886.905045] FAST spr round 27 (radius: 25)
[12:36:41 -3376885.803068] FAST spr round 28 (radius: 25)
[12:37:46 -3376852.450154] FAST spr round 29 (radius: 25)
[12:38:49 -3376843.339074] FAST spr round 30 (radius: 25)
[12:39:53 -3376841.124226] FAST spr round 31 (radius: 25)
[12:40:57 -3376840.448634] FAST spr round 32 (radius: 25)
[12:41:59 -3376840.154565] FAST spr round 33 (radius: 25)
[12:43:02 -3376840.119079] Model parameter optimization (eps = 1.000000)
[12:43:20 -3376770.375249] SLOW spr round 1 (radius: 5)
[12:46:13 -3376390.561628] SLOW spr round 2 (radius: 5)
[12:48:34 -3376358.283497] SLOW spr round 3 (radius: 5)
[12:50:50 -3376349.853843] SLOW spr round 4 (radius: 5)
[12:53:02 -3376348.472506] SLOW spr round 5 (radius: 5)
[12:55:12 -3376348.471531] SLOW spr round 6 (radius: 10)
[12:57:57 -3376348.471511] SLOW spr round 7 (radius: 15)
[13:09:02 -3376348.471511] SLOW spr round 8 (radius: 20)
[13:27:06 -3376348.471511] SLOW spr round 9 (radius: 25)
[13:41:45 -3376348.471511] Model parameter optimization (eps = 0.100000)

[13:41:54] ML tree search #7, logLikelihood: -3376347.641704

[13:41:54 -4602902.016554] Initial branch length optimization
[13:42:00 -4222866.348899] Model parameter optimization (eps = 10.000000)
[13:43:15 -4133569.256628] AUTODETECT spr round 1 (radius: 5)
[13:44:08 -3935252.513441] AUTODETECT spr round 2 (radius: 10)
[13:45:30 -3611090.934834] AUTODETECT spr round 3 (radius: 15)
[13:47:29 -3508353.132751] AUTODETECT spr round 4 (radius: 20)
[13:50:25 -3492048.335093] AUTODETECT spr round 5 (radius: 25)
[13:53:41 -3488420.515110] SPR radius for FAST iterations: 25 (autodetect)
[13:53:41 -3488420.515110] Model parameter optimization (eps = 3.000000)
[13:54:16 -3473517.659929] FAST spr round 1 (radius: 25)
[13:59:37 -3379930.370051] FAST spr round 2 (radius: 25)
[14:02:42 -3377419.121135] FAST spr round 3 (radius: 25)
[14:04:55 -3377212.765814] FAST spr round 4 (radius: 25)
[14:06:30 -3377157.459959] FAST spr round 5 (radius: 25)
[14:07:55 -3377085.047213] FAST spr round 6 (radius: 25)
[14:09:11 -3377043.430119] FAST spr round 7 (radius: 25)
[14:10:23 -3377008.569756] FAST spr round 8 (radius: 25)
[14:11:33 -3376983.432770] FAST spr round 9 (radius: 25)
[14:12:43 -3376961.613694] FAST spr round 10 (radius: 25)
[14:13:53 -3376942.383694] FAST spr round 11 (radius: 25)
[14:15:05 -3376917.985030] FAST spr round 12 (radius: 25)
[14:16:14 -3376892.694159] FAST spr round 13 (radius: 25)
[14:17:22 -3376874.188605] FAST spr round 14 (radius: 25)
[14:18:30 -3376860.735194] FAST spr round 15 (radius: 25)
[14:19:35 -3376830.933207] FAST spr round 16 (radius: 25)
[14:20:41 -3376826.322766] FAST spr round 17 (radius: 25)
[14:21:46 -3376819.994083] FAST spr round 18 (radius: 25)
[14:22:51 -3376807.577504] FAST spr round 19 (radius: 25)
[14:23:56 -3376803.870596] FAST spr round 20 (radius: 25)
[14:25:01 -3376800.057792] FAST spr round 21 (radius: 25)
[14:26:06 -3376792.827272] FAST spr round 22 (radius: 25)
[14:27:11 -3376790.229805] FAST spr round 23 (radius: 25)
[14:28:16 -3376788.218324] FAST spr round 24 (radius: 25)
[14:29:21 -3376786.578068] FAST spr round 25 (radius: 25)
[14:30:26 -3376785.803399] FAST spr round 26 (radius: 25)
[14:31:31 -3376785.653337] FAST spr round 27 (radius: 25)
[14:32:36 -3376785.650511] Model parameter optimization (eps = 1.000000)
[14:32:53 -3376697.143807] SLOW spr round 1 (radius: 5)
[14:35:45 -3376375.811923] SLOW spr round 2 (radius: 5)
[14:38:08 -3376365.705717] SLOW spr round 3 (radius: 5)
[14:40:22 -3376358.314160] SLOW spr round 4 (radius: 5)
[14:42:34 -3376353.577204] SLOW spr round 5 (radius: 5)
[14:44:44 -3376352.741410] SLOW spr round 6 (radius: 5)
[14:46:54 -3376352.739856] SLOW spr round 7 (radius: 10)
[14:49:39 -3376352.739834] SLOW spr round 8 (radius: 15)
[15:00:12 -3376352.739833] SLOW spr round 9 (radius: 20)
[15:17:51 -3376352.739833] SLOW spr round 10 (radius: 25)
[15:33:03 -3376352.739833] Model parameter optimization (eps = 0.100000)

[15:33:12] ML tree search #8, logLikelihood: -3376352.284810

[15:33:12 -4599941.367299] Initial branch length optimization
[15:33:18 -4231701.295585] Model parameter optimization (eps = 10.000000)
[15:34:37 -4141784.113143] AUTODETECT spr round 1 (radius: 5)
[15:35:30 -3920137.052863] AUTODETECT spr round 2 (radius: 10)
[15:36:53 -3618898.025989] AUTODETECT spr round 3 (radius: 15)
[15:38:47 -3507179.234682] AUTODETECT spr round 4 (radius: 20)
[15:41:14 -3495144.827397] AUTODETECT spr round 5 (radius: 25)
[15:43:56 -3490952.641661] SPR radius for FAST iterations: 25 (autodetect)
[15:43:56 -3490952.641661] Model parameter optimization (eps = 3.000000)
[15:44:26 -3475177.771761] FAST spr round 1 (radius: 25)
[15:49:21 -3379645.933865] FAST spr round 2 (radius: 25)
[15:52:26 -3377483.804653] FAST spr round 3 (radius: 25)
[15:54:34 -3377283.562323] FAST spr round 4 (radius: 25)
[15:56:05 -3377244.426620] FAST spr round 5 (radius: 25)
[15:57:25 -3377208.930055] FAST spr round 6 (radius: 25)
[15:58:39 -3377195.400703] FAST spr round 7 (radius: 25)
[15:59:51 -3377164.546072] FAST spr round 8 (radius: 25)
[16:01:02 -3377157.972837] FAST spr round 9 (radius: 25)
[16:02:11 -3377151.649170] FAST spr round 10 (radius: 25)
[16:03:19 -3377145.708881] FAST spr round 11 (radius: 25)
[16:04:26 -3377140.280932] FAST spr round 12 (radius: 25)
[16:05:34 -3377135.963447] FAST spr round 13 (radius: 25)
[16:06:43 -3377076.146926] FAST spr round 14 (radius: 25)
[16:07:49 -3377072.114886] FAST spr round 15 (radius: 25)
[16:08:57 -3377058.961884] FAST spr round 16 (radius: 25)
[16:10:04 -3377053.956301] FAST spr round 17 (radius: 25)
[16:11:10 -3377049.478338] FAST spr round 18 (radius: 25)
[16:12:19 -3376998.881296] FAST spr round 19 (radius: 25)
[16:13:27 -3376933.006999] FAST spr round 20 (radius: 25)
[16:14:32 -3376930.287408] FAST spr round 21 (radius: 25)
[16:15:37 -3376926.774561] FAST spr round 22 (radius: 25)
[16:16:42 -3376924.699976] FAST spr round 23 (radius: 25)
[16:17:48 -3376923.085964] FAST spr round 24 (radius: 25)
[16:18:53 -3376921.500359] FAST spr round 25 (radius: 25)
[16:19:58 -3376920.853960] FAST spr round 26 (radius: 25)
[16:21:03 -3376920.354154] FAST spr round 27 (radius: 25)
[16:22:09 -3376907.922120] FAST spr round 28 (radius: 25)
[16:23:15 -3376896.274386] FAST spr round 29 (radius: 25)
[16:24:20 -3376893.927379] FAST spr round 30 (radius: 25)
[16:25:25 -3376893.920718] Model parameter optimization (eps = 1.000000)
[16:25:40 -3376774.689168] SLOW spr round 1 (radius: 5)
[16:28:32 -3376384.355183] SLOW spr round 2 (radius: 5)
[16:30:53 -3376373.251612] SLOW spr round 3 (radius: 5)
[16:33:06 -3376364.268492] SLOW spr round 4 (radius: 5)
[16:35:17 -3376361.836502] SLOW spr round 5 (radius: 5)
[16:37:27 -3376361.665676] SLOW spr round 6 (radius: 5)
[16:39:37 -3376361.664254] SLOW spr round 7 (radius: 10)
[16:42:19 -3376361.664154] SLOW spr round 8 (radius: 15)
[16:53:04 -3376361.664146] SLOW spr round 9 (radius: 20)
[17:10:56 -3376361.664146] SLOW spr round 10 (radius: 25)
[17:25:47 -3376361.664146] Model parameter optimization (eps = 0.100000)

[17:25:49] ML tree search #9, logLikelihood: -3376361.593082

[17:25:50 -4600384.594794] Initial branch length optimization
[17:25:55 -4225065.687863] Model parameter optimization (eps = 10.000000)
[17:27:07 -4134905.075157] AUTODETECT spr round 1 (radius: 5)
[17:28:01 -3934156.677034] AUTODETECT spr round 2 (radius: 10)
[17:29:26 -3593702.470185] AUTODETECT spr round 3 (radius: 15)
[17:31:10 -3509251.120580] AUTODETECT spr round 4 (radius: 20)
[17:33:53 -3492146.403954] AUTODETECT spr round 5 (radius: 25)
[17:36:54 -3490485.373636] SPR radius for FAST iterations: 25 (autodetect)
[17:36:54 -3490485.373636] Model parameter optimization (eps = 3.000000)
[17:37:30 -3475359.532669] FAST spr round 1 (radius: 25)
[17:43:05 -3380046.011191] FAST spr round 2 (radius: 25)
[17:46:14 -3377472.698090] FAST spr round 3 (radius: 25)
[17:48:25 -3377279.067858] FAST spr round 4 (radius: 25)
[17:49:57 -3377255.593096] FAST spr round 5 (radius: 25)
[17:51:17 -3377233.500993] FAST spr round 6 (radius: 25)
[17:52:32 -3377220.553507] FAST spr round 7 (radius: 25)
[17:53:44 -3377169.835059] FAST spr round 8 (radius: 25)
[17:54:54 -3377155.492161] FAST spr round 9 (radius: 25)
[17:56:03 -3377149.128072] FAST spr round 10 (radius: 25)
[17:57:12 -3377137.822319] FAST spr round 11 (radius: 25)
[17:58:21 -3377129.285004] FAST spr round 12 (radius: 25)
[17:59:28 -3377123.655108] FAST spr round 13 (radius: 25)
[18:00:36 -3377118.392210] FAST spr round 14 (radius: 25)
[18:01:41 -3377113.274236] FAST spr round 15 (radius: 25)
[18:02:47 -3377110.166656] FAST spr round 16 (radius: 25)
[18:03:55 -3377097.996301] FAST spr round 17 (radius: 25)
[18:05:02 -3377095.006962] FAST spr round 18 (radius: 25)
[18:06:09 -3377091.963802] FAST spr round 19 (radius: 25)
[18:07:15 -3377089.673996] FAST spr round 20 (radius: 25)
[18:08:25 -3377068.303409] FAST spr round 21 (radius: 25)
[18:09:33 -3377025.513822] FAST spr round 22 (radius: 25)
[18:10:41 -3376996.909543] FAST spr round 23 (radius: 25)
[18:11:50 -3376970.435788] FAST spr round 24 (radius: 25)
[18:12:58 -3376965.354413] FAST spr round 25 (radius: 25)
[18:14:06 -3376953.128969] FAST spr round 26 (radius: 25)
[18:15:14 -3376945.537101] FAST spr round 27 (radius: 25)
[18:16:20 -3376943.205210] FAST spr round 28 (radius: 25)
[18:17:27 -3376939.710778] FAST spr round 29 (radius: 25)
[18:18:33 -3376937.735661] FAST spr round 30 (radius: 25)
[18:19:38 -3376936.112390] FAST spr round 31 (radius: 25)
[18:20:44 -3376935.037011] FAST spr round 32 (radius: 25)
[18:21:49 -3376934.877779] FAST spr round 33 (radius: 25)
[18:22:55 -3376934.876138] Model parameter optimization (eps = 1.000000)
[18:23:08 -3376846.349569] SLOW spr round 1 (radius: 5)
[18:26:02 -3376390.406684] SLOW spr round 2 (radius: 5)
[18:28:23 -3376370.683370] SLOW spr round 3 (radius: 5)
[18:30:37 -3376360.480371] SLOW spr round 4 (radius: 5)
[18:32:48 -3376354.085693] SLOW spr round 5 (radius: 5)
[18:34:59 -3376349.200108] SLOW spr round 6 (radius: 5)
[18:37:09 -3376348.210024] SLOW spr round 7 (radius: 5)
[18:39:19 -3376347.383473] SLOW spr round 8 (radius: 5)
[18:41:29 -3376346.921688] SLOW spr round 9 (radius: 5)
[18:43:39 -3376346.918053] SLOW spr round 10 (radius: 10)
[18:46:25 -3376346.917946] SLOW spr round 11 (radius: 15)
[18:57:03 -3376346.917944] SLOW spr round 12 (radius: 20)
[19:14:46 -3376346.917944] SLOW spr round 13 (radius: 25)
[19:29:49 -3376346.917944] Model parameter optimization (eps = 0.100000)

[19:29:58] ML tree search #10, logLikelihood: -3376346.283614

[19:29:58 -3599779.051517] Initial branch length optimization
[19:30:02 -3463600.595299] Model parameter optimization (eps = 10.000000)
[19:30:32 -3379202.586915] AUTODETECT spr round 1 (radius: 5)
[19:31:17 -3377003.882354] AUTODETECT spr round 2 (radius: 10)
[19:32:53 -3377003.877307] SPR radius for FAST iterations: 5 (autodetect)
[19:32:53 -3377003.877307] Model parameter optimization (eps = 3.000000)
[19:33:00 -3377000.050365] FAST spr round 1 (radius: 5)
[19:34:20 -3376757.563868] FAST spr round 2 (radius: 5)
[19:35:24 -3376738.111354] FAST spr round 3 (radius: 5)
[19:36:26 -3376724.039132] FAST spr round 4 (radius: 5)
[19:37:26 -3376705.876564] FAST spr round 5 (radius: 5)
[19:38:24 -3376691.124281] FAST spr round 6 (radius: 5)
[19:39:21 -3376680.478423] FAST spr round 7 (radius: 5)
[19:40:18 -3376670.675690] FAST spr round 8 (radius: 5)
[19:41:14 -3376661.659166] FAST spr round 9 (radius: 5)
[19:42:11 -3376654.309220] FAST spr round 10 (radius: 5)
[19:43:07 -3376647.185697] FAST spr round 11 (radius: 5)
[19:44:03 -3376638.887431] FAST spr round 12 (radius: 5)
[19:44:58 -3376632.152545] FAST spr round 13 (radius: 5)
[19:45:54 -3376627.394036] FAST spr round 14 (radius: 5)
[19:46:50 -3376613.919723] FAST spr round 15 (radius: 5)
[19:47:45 -3376608.966029] FAST spr round 16 (radius: 5)
[19:48:39 -3376605.526640] FAST spr round 17 (radius: 5)
[19:49:34 -3376602.096229] FAST spr round 18 (radius: 5)
[19:50:28 -3376599.999737] FAST spr round 19 (radius: 5)
[19:51:22 -3376598.110950] FAST spr round 20 (radius: 5)
[19:52:16 -3376596.216519] FAST spr round 21 (radius: 5)
[19:53:10 -3376594.722478] FAST spr round 22 (radius: 5)
[19:54:03 -3376593.814912] FAST spr round 23 (radius: 5)
[19:54:57 -3376593.811318] Model parameter optimization (eps = 1.000000)
[19:55:00 -3376593.454123] SLOW spr round 1 (radius: 5)
[19:57:46 -3376389.057967] SLOW spr round 2 (radius: 5)
[20:00:08 -3376365.486595] SLOW spr round 3 (radius: 5)
[20:02:22 -3376359.476908] SLOW spr round 4 (radius: 5)
[20:04:35 -3376356.691554] SLOW spr round 5 (radius: 5)
[20:06:48 -3376352.366349] SLOW spr round 6 (radius: 5)
[20:08:59 -3376351.361532] SLOW spr round 7 (radius: 5)
[20:11:10 -3376350.968394] SLOW spr round 8 (radius: 5)
[20:13:21 -3376350.965991] SLOW spr round 9 (radius: 10)
[20:16:04 -3376350.965870] SLOW spr round 10 (radius: 15)
[20:26:29 -3376350.965862] SLOW spr round 11 (radius: 20)
[20:44:02 -3376350.965861] SLOW spr round 12 (radius: 25)
[20:59:17 -3376350.965861] Model parameter optimization (eps = 0.100000)

[20:59:22] ML tree search #11, logLikelihood: -3376350.744714

[20:59:22 -3600925.073884] Initial branch length optimization
[20:59:25 -3476121.575538] Model parameter optimization (eps = 10.000000)
[20:59:57 -3379464.206352] AUTODETECT spr round 1 (radius: 5)
[21:00:42 -3377023.700112] AUTODETECT spr round 2 (radius: 10)
[21:02:17 -3376827.568065] AUTODETECT spr round 3 (radius: 15)
[21:05:01 -3376827.542543] SPR radius for FAST iterations: 10 (autodetect)
[21:05:01 -3376827.542543] Model parameter optimization (eps = 3.000000)
[21:05:05 -3376825.020639] FAST spr round 1 (radius: 10)
[21:07:09 -3376707.303327] FAST spr round 2 (radius: 10)
[21:08:40 -3376683.243865] FAST spr round 3 (radius: 10)
[21:09:56 -3376675.665282] FAST spr round 4 (radius: 10)
[21:11:05 -3376669.050932] FAST spr round 5 (radius: 10)
[21:12:10 -3376650.831131] FAST spr round 6 (radius: 10)
[21:13:13 -3376645.148637] FAST spr round 7 (radius: 10)
[21:14:15 -3376641.511148] FAST spr round 8 (radius: 10)
[21:15:16 -3376638.359688] FAST spr round 9 (radius: 10)
[21:16:17 -3376634.531345] FAST spr round 10 (radius: 10)
[21:17:20 -3376587.880181] FAST spr round 11 (radius: 10)
[21:18:21 -3376578.573453] FAST spr round 12 (radius: 10)
[21:19:21 -3376569.715617] FAST spr round 13 (radius: 10)
[21:20:20 -3376563.010277] FAST spr round 14 (radius: 10)
[21:21:20 -3376560.360591] FAST spr round 15 (radius: 10)
[21:22:19 -3376557.955742] FAST spr round 16 (radius: 10)
[21:23:18 -3376554.346031] FAST spr round 17 (radius: 10)
[21:24:17 -3376552.177213] FAST spr round 18 (radius: 10)
[21:25:14 -3376550.192282] FAST spr round 19 (radius: 10)
[21:26:13 -3376548.378785] FAST spr round 20 (radius: 10)
[21:27:11 -3376546.817171] FAST spr round 21 (radius: 10)
[21:28:11 -3376543.015635] FAST spr round 22 (radius: 10)
[21:29:12 -3376520.640847] FAST spr round 23 (radius: 10)
[21:30:11 -3376515.997687] FAST spr round 24 (radius: 10)
[21:31:10 -3376513.857198] FAST spr round 25 (radius: 10)
[21:32:10 -3376507.649766] FAST spr round 26 (radius: 10)
[21:33:09 -3376506.421657] FAST spr round 27 (radius: 10)
[21:34:08 -3376506.420332] Model parameter optimization (eps = 1.000000)
[21:34:12 -3376505.995182] SLOW spr round 1 (radius: 5)
[21:36:53 -3376407.336615] SLOW spr round 2 (radius: 5)
[21:39:14 -3376395.642581] SLOW spr round 3 (radius: 5)
[21:41:31 -3376388.394041] SLOW spr round 4 (radius: 5)
[21:43:46 -3376383.744227] SLOW spr round 5 (radius: 5)
[21:45:57 -3376379.879287] SLOW spr round 6 (radius: 5)
[21:48:07 -3376377.061202] SLOW spr round 7 (radius: 5)
[21:50:20 -3376360.108541] SLOW spr round 8 (radius: 5)
[21:52:30 -3376357.166275] SLOW spr round 9 (radius: 5)
[21:54:40 -3376354.521824] SLOW spr round 10 (radius: 5)
[21:56:50 -3376351.022610] SLOW spr round 11 (radius: 5)
[21:58:59 -3376351.019326] SLOW spr round 12 (radius: 10)
[22:01:41 -3376351.019106] SLOW spr round 13 (radius: 15)
[22:12:09 -3376351.019087] SLOW spr round 14 (radius: 20)
[22:29:36 -3376351.019085] SLOW spr round 15 (radius: 25)
[22:44:30 -3376351.019085] Model parameter optimization (eps = 0.100000)

[22:44:35] ML tree search #12, logLikelihood: -3376350.712412

[22:44:35 -3600741.110650] Initial branch length optimization
[22:44:38 -3476189.998541] Model parameter optimization (eps = 10.000000)
[22:45:10 -3379849.132340] AUTODETECT spr round 1 (radius: 5)
[22:45:53 -3377419.122690] AUTODETECT spr round 2 (radius: 10)
[22:47:27 -3377094.314770] AUTODETECT spr round 3 (radius: 15)
[22:50:11 -3377094.300573] SPR radius for FAST iterations: 10 (autodetect)
[22:50:11 -3377094.300573] Model parameter optimization (eps = 3.000000)
[22:50:14 -3377091.379637] FAST spr round 1 (radius: 10)
[22:52:18 -3376768.000246] FAST spr round 2 (radius: 10)
[22:53:47 -3376729.257816] FAST spr round 3 (radius: 10)
[22:55:02 -3376711.836688] FAST spr round 4 (radius: 10)
[22:56:10 -3376694.599475] FAST spr round 5 (radius: 10)
[22:57:14 -3376682.540315] FAST spr round 6 (radius: 10)
[22:58:16 -3376674.667481] FAST spr round 7 (radius: 10)
[22:59:19 -3376668.993643] FAST spr round 8 (radius: 10)
[23:00:21 -3376634.185472] FAST spr round 9 (radius: 10)
[23:01:23 -3376628.770805] FAST spr round 10 (radius: 10)
[23:02:23 -3376593.034874] FAST spr round 11 (radius: 10)
[23:03:22 -3376589.790862] FAST spr round 12 (radius: 10)
[23:04:21 -3376587.515499] FAST spr round 13 (radius: 10)
[23:05:19 -3376586.092607] FAST spr round 14 (radius: 10)
[23:06:16 -3376585.243738] FAST spr round 15 (radius: 10)
[23:07:14 -3376584.871571] FAST spr round 16 (radius: 10)
[23:08:13 -3376572.043398] FAST spr round 17 (radius: 10)
[23:09:10 -3376565.200815] FAST spr round 18 (radius: 10)
[23:10:09 -3376564.517739] FAST spr round 19 (radius: 10)
[23:11:06 -3376564.024878] FAST spr round 20 (radius: 10)
[23:12:04 -3376563.961484] Model parameter optimization (eps = 1.000000)
[23:12:10 -3376563.376397] SLOW spr round 1 (radius: 5)
[23:14:55 -3376398.774379] SLOW spr round 2 (radius: 5)
[23:17:12 -3376390.724142] SLOW spr round 3 (radius: 5)
[23:19:25 -3376356.274695] SLOW spr round 4 (radius: 5)
[23:21:33 -3376352.213244] SLOW spr round 5 (radius: 5)
[23:23:41 -3376352.018503] SLOW spr round 6 (radius: 5)
[23:25:48 -3376352.016308] SLOW spr round 7 (radius: 10)
[23:28:30 -3376352.016198] SLOW spr round 8 (radius: 15)
[23:38:55 -3376352.016190] SLOW spr round 9 (radius: 20)
[23:56:24 -3376352.016189] SLOW spr round 10 (radius: 25)
[24:11:20 -3376352.016189] Model parameter optimization (eps = 0.100000)

[24:11:26] ML tree search #13, logLikelihood: -3376351.645079

[24:11:26 -3600293.212138] Initial branch length optimization
[24:11:29 -3476390.807658] Model parameter optimization (eps = 10.000000)
[24:11:59 -3379664.750892] AUTODETECT spr round 1 (radius: 5)
[24:12:42 -3377065.380714] AUTODETECT spr round 2 (radius: 10)
[24:14:16 -3377034.789186] AUTODETECT spr round 3 (radius: 15)
[24:17:00 -3377034.785894] SPR radius for FAST iterations: 10 (autodetect)
[24:17:00 -3377034.785894] Model parameter optimization (eps = 3.000000)
[24:17:04 -3377033.242828] FAST spr round 1 (radius: 10)
[24:19:20 -3376706.773394] FAST spr round 2 (radius: 10)
[24:20:52 -3376682.721952] FAST spr round 3 (radius: 10)
[24:22:11 -3376663.031500] FAST spr round 4 (radius: 10)
[24:23:21 -3376650.990640] FAST spr round 5 (radius: 10)
[24:24:28 -3376642.382712] FAST spr round 6 (radius: 10)
[24:25:33 -3376632.959939] FAST spr round 7 (radius: 10)
[24:26:36 -3376626.211705] FAST spr round 8 (radius: 10)
[24:27:40 -3376620.495546] FAST spr round 9 (radius: 10)
[24:28:43 -3376615.037690] FAST spr round 10 (radius: 10)
[24:29:45 -3376606.430890] FAST spr round 11 (radius: 10)
[24:30:46 -3376600.307057] FAST spr round 12 (radius: 10)
[24:31:46 -3376596.910532] FAST spr round 13 (radius: 10)
[24:32:46 -3376593.595667] FAST spr round 14 (radius: 10)
[24:33:45 -3376591.974568] FAST spr round 15 (radius: 10)
[24:34:45 -3376590.804615] FAST spr round 16 (radius: 10)
[24:35:44 -3376590.135752] FAST spr round 17 (radius: 10)
[24:36:44 -3376589.628932] FAST spr round 18 (radius: 10)
[24:37:43 -3376589.623611] Model parameter optimization (eps = 1.000000)
[24:37:47 -3376588.767752] SLOW spr round 1 (radius: 5)
[24:40:33 -3376454.502110] SLOW spr round 2 (radius: 5)
[24:42:52 -3376435.621972] SLOW spr round 3 (radius: 5)
[24:45:05 -3376428.568231] SLOW spr round 4 (radius: 5)
[24:47:15 -3376422.453177] SLOW spr round 5 (radius: 5)
[24:49:24 -3376417.553575] SLOW spr round 6 (radius: 5)
[24:51:34 -3376410.470700] SLOW spr round 7 (radius: 5)
[24:53:43 -3376409.694027] SLOW spr round 8 (radius: 5)
[24:55:52 -3376409.057675] SLOW spr round 9 (radius: 5)
[24:58:01 -3376408.204978] SLOW spr round 10 (radius: 5)
[25:00:10 -3376404.707708] SLOW spr round 11 (radius: 5)
[25:02:22 -3376392.223547] SLOW spr round 12 (radius: 5)
[25:04:30 -3376392.223338] SLOW spr round 13 (radius: 10)
[25:07:13 -3376392.223332] SLOW spr round 14 (radius: 15)
[25:17:47 -3376392.223332] SLOW spr round 15 (radius: 20)
[25:35:15 -3376392.223332] SLOW spr round 16 (radius: 25)
[25:50:06 -3376392.223332] Model parameter optimization (eps = 0.100000)

[25:50:14] ML tree search #14, logLikelihood: -3376391.652135

[25:50:14 -3600631.143622] Initial branch length optimization
[25:50:18 -3464624.243662] Model parameter optimization (eps = 10.000000)
[25:50:48 -3379936.784040] AUTODETECT spr round 1 (radius: 5)
[25:51:30 -3377290.337902] AUTODETECT spr round 2 (radius: 10)
[25:53:02 -3376991.516857] AUTODETECT spr round 3 (radius: 15)
[25:55:43 -3376991.494728] SPR radius for FAST iterations: 10 (autodetect)
[25:55:43 -3376991.494728] Model parameter optimization (eps = 3.000000)
[25:55:46 -3376989.818135] FAST spr round 1 (radius: 10)
[25:57:57 -3376773.124619] FAST spr round 2 (radius: 10)
[25:59:30 -3376750.629171] FAST spr round 3 (radius: 10)
[26:00:49 -3376730.401654] FAST spr round 4 (radius: 10)
[26:02:00 -3376721.666889] FAST spr round 5 (radius: 10)
[26:03:07 -3376713.600882] FAST spr round 6 (radius: 10)
[26:04:13 -3376688.896456] FAST spr round 7 (radius: 10)
[26:05:17 -3376671.920522] FAST spr round 8 (radius: 10)
[26:06:18 -3376665.383618] FAST spr round 9 (radius: 10)
[26:07:19 -3376656.369223] FAST spr round 10 (radius: 10)
[26:08:19 -3376649.101490] FAST spr round 11 (radius: 10)
[26:09:20 -3376644.272651] FAST spr round 12 (radius: 10)
[26:10:19 -3376641.177131] FAST spr round 13 (radius: 10)
[26:11:20 -3376633.599988] FAST spr round 14 (radius: 10)
[26:12:19 -3376632.174503] FAST spr round 15 (radius: 10)
[26:13:18 -3376631.092173] FAST spr round 16 (radius: 10)
[26:14:16 -3376613.863667] FAST spr round 17 (radius: 10)
[26:15:15 -3376612.804436] FAST spr round 18 (radius: 10)
[26:16:13 -3376606.168555] FAST spr round 19 (radius: 10)
[26:17:11 -3376605.116952] FAST spr round 20 (radius: 10)
[26:18:10 -3376600.770497] FAST spr round 21 (radius: 10)
[26:19:08 -3376600.769154] Model parameter optimization (eps = 1.000000)
[26:19:11 -3376600.315156] SLOW spr round 1 (radius: 5)
[26:21:53 -3376377.772760] SLOW spr round 2 (radius: 5)
[26:24:10 -3376371.370913] SLOW spr round 3 (radius: 5)
[26:26:20 -3376366.910096] SLOW spr round 4 (radius: 5)
[26:28:30 -3376363.444124] SLOW spr round 5 (radius: 5)
[26:30:39 -3376360.597857] SLOW spr round 6 (radius: 5)
[26:32:50 -3376358.283517] SLOW spr round 7 (radius: 5)
[26:34:57 -3376358.282922] SLOW spr round 8 (radius: 10)
[26:37:38 -3376358.282905] SLOW spr round 9 (radius: 15)
[26:48:03 -3376358.282904] SLOW spr round 10 (radius: 20)
[27:05:16 -3376358.282904] SLOW spr round 11 (radius: 25)
[27:20:05 -3376358.282904] Model parameter optimization (eps = 0.100000)

[27:20:10] ML tree search #15, logLikelihood: -3376358.069736

[27:20:10 -3601490.797647] Initial branch length optimization
[27:20:14 -3464127.112147] Model parameter optimization (eps = 10.000000)
[27:20:43 -3379349.971395] AUTODETECT spr round 1 (radius: 5)
[27:21:25 -3376935.287403] AUTODETECT spr round 2 (radius: 10)
[27:23:00 -3376935.268251] SPR radius for FAST iterations: 5 (autodetect)
[27:23:00 -3376935.268251] Model parameter optimization (eps = 3.000000)
[27:23:03 -3376933.133855] FAST spr round 1 (radius: 5)
[27:24:19 -3376652.035876] FAST spr round 2 (radius: 5)
[27:25:19 -3376629.957804] FAST spr round 3 (radius: 5)
[27:26:15 -3376612.500231] FAST spr round 4 (radius: 5)
[27:27:08 -3376599.439972] FAST spr round 5 (radius: 5)
[27:28:01 -3376595.540696] FAST spr round 6 (radius: 5)
[27:28:54 -3376592.613562] FAST spr round 7 (radius: 5)
[27:29:47 -3376589.984627] FAST spr round 8 (radius: 5)
[27:30:39 -3376583.047904] FAST spr round 9 (radius: 5)
[27:31:31 -3376580.925333] FAST spr round 10 (radius: 5)
[27:32:22 -3376579.571636] FAST spr round 11 (radius: 5)
[27:33:14 -3376578.460830] FAST spr round 12 (radius: 5)
[27:34:06 -3376567.565507] FAST spr round 13 (radius: 5)
[27:34:58 -3376566.885168] FAST spr round 14 (radius: 5)
[27:35:50 -3376566.882228] Model parameter optimization (eps = 1.000000)
[27:35:54 -3376566.694876] SLOW spr round 1 (radius: 5)
[27:38:35 -3376373.633260] SLOW spr round 2 (radius: 5)
[27:40:55 -3376357.573401] SLOW spr round 3 (radius: 5)
[27:43:06 -3376356.979004] SLOW spr round 4 (radius: 5)
[27:45:16 -3376355.470405] SLOW spr round 5 (radius: 5)
[27:47:25 -3376355.280180] SLOW spr round 6 (radius: 5)
[27:49:33 -3376355.278728] SLOW spr round 7 (radius: 10)
[27:52:16 -3376355.278627] SLOW spr round 8 (radius: 15)
[28:03:00 -3376355.278619] SLOW spr round 9 (radius: 20)
[28:20:44 -3376355.278619] SLOW spr round 10 (radius: 25)
[28:35:39 -3376355.278619] Model parameter optimization (eps = 0.100000)

[28:35:47] ML tree search #16, logLikelihood: -3376354.958426

[28:35:47 -3602104.923153] Initial branch length optimization
[28:35:52 -3465187.338581] Model parameter optimization (eps = 10.000000)
[28:36:21 -3381156.165869] AUTODETECT spr round 1 (radius: 5)
[28:37:04 -3377239.058155] AUTODETECT spr round 2 (radius: 10)
[28:38:35 -3377023.258719] AUTODETECT spr round 3 (radius: 15)
[28:41:32 -3377023.223487] SPR radius for FAST iterations: 10 (autodetect)
[28:41:32 -3377023.223487] Model parameter optimization (eps = 3.000000)
[28:41:40 -3377018.644332] FAST spr round 1 (radius: 10)
[28:43:58 -3376663.021500] FAST spr round 2 (radius: 10)
[28:45:32 -3376619.326423] FAST spr round 3 (radius: 10)
[28:46:51 -3376603.297176] FAST spr round 4 (radius: 10)
[28:48:04 -3376575.580809] FAST spr round 5 (radius: 10)
[28:49:09 -3376566.244981] FAST spr round 6 (radius: 10)
[28:50:11 -3376559.675540] FAST spr round 7 (radius: 10)
[28:51:13 -3376554.766452] FAST spr round 8 (radius: 10)
[28:52:15 -3376550.391131] FAST spr round 9 (radius: 10)
[28:53:16 -3376547.308476] FAST spr round 10 (radius: 10)
[28:54:17 -3376545.015995] FAST spr round 11 (radius: 10)
[28:55:17 -3376543.411269] FAST spr round 12 (radius: 10)
[28:56:17 -3376542.522103] FAST spr round 13 (radius: 10)
[28:57:16 -3376541.767266] FAST spr round 14 (radius: 10)
[28:58:15 -3376541.177720] FAST spr round 15 (radius: 10)
[28:59:15 -3376541.175068] Model parameter optimization (eps = 1.000000)
[28:59:19 -3376540.832236] SLOW spr round 1 (radius: 5)
[29:02:05 -3376405.435091] SLOW spr round 2 (radius: 5)
[29:04:23 -3376389.771568] SLOW spr round 3 (radius: 5)
[29:06:34 -3376380.452825] SLOW spr round 4 (radius: 5)
[29:08:45 -3376373.140139] SLOW spr round 5 (radius: 5)
[29:10:53 -3376369.865072] SLOW spr round 6 (radius: 5)
[29:13:03 -3376366.337754] SLOW spr round 7 (radius: 5)
[29:15:13 -3376359.173015] SLOW spr round 8 (radius: 5)
[29:17:22 -3376352.410726] SLOW spr round 9 (radius: 5)
[29:19:30 -3376352.226308] SLOW spr round 10 (radius: 5)
[29:21:38 -3376352.224757] SLOW spr round 11 (radius: 10)
[29:24:20 -3376352.224654] SLOW spr round 12 (radius: 15)
[29:34:40 -3376352.224646] SLOW spr round 13 (radius: 20)
[29:52:03 -3376352.224646] SLOW spr round 14 (radius: 25)
[30:07:09 -3376352.224646] Model parameter optimization (eps = 0.100000)

[30:07:16] ML tree search #17, logLikelihood: -3376351.837881

[30:07:17 -3601699.742531] Initial branch length optimization
[30:07:19 -3476483.141486] Model parameter optimization (eps = 10.000000)
[30:07:48 -3380096.238051] AUTODETECT spr round 1 (radius: 5)
[30:08:31 -3377200.481015] AUTODETECT spr round 2 (radius: 10)
[30:10:04 -3376919.162958] AUTODETECT spr round 3 (radius: 15)
[30:12:48 -3376919.144982] SPR radius for FAST iterations: 10 (autodetect)
[30:12:48 -3376919.144982] Model parameter optimization (eps = 3.000000)
[30:12:55 -3376914.502268] FAST spr round 1 (radius: 10)
[30:15:00 -3376741.956272] FAST spr round 2 (radius: 10)
[30:16:30 -3376718.229882] FAST spr round 3 (radius: 10)
[30:17:47 -3376706.016649] FAST spr round 4 (radius: 10)
[30:18:59 -3376690.389427] FAST spr round 5 (radius: 10)
[30:20:06 -3376682.926936] FAST spr round 6 (radius: 10)
[30:21:09 -3376676.387644] FAST spr round 7 (radius: 10)
[30:22:14 -3376651.739769] FAST spr round 8 (radius: 10)
[30:23:16 -3376644.984033] FAST spr round 9 (radius: 10)
[30:24:17 -3376639.267551] FAST spr round 10 (radius: 10)
[30:25:18 -3376635.712377] FAST spr round 11 (radius: 10)
[30:26:18 -3376632.286877] FAST spr round 12 (radius: 10)
[30:27:19 -3376629.283043] FAST spr round 13 (radius: 10)
[30:28:19 -3376612.332305] FAST spr round 14 (radius: 10)
[30:29:19 -3376610.643097] FAST spr round 15 (radius: 10)
[30:30:19 -3376609.058253] FAST spr round 16 (radius: 10)
[30:31:20 -3376608.153221] FAST spr round 17 (radius: 10)
[30:32:20 -3376601.747021] FAST spr round 18 (radius: 10)
[30:33:20 -3376601.114088] FAST spr round 19 (radius: 10)
[30:34:21 -3376600.946766] FAST spr round 20 (radius: 10)
[30:35:22 -3376600.944142] Model parameter optimization (eps = 1.000000)
[30:35:27 -3376600.686778] SLOW spr round 1 (radius: 5)
[30:38:17 -3376396.821107] SLOW spr round 2 (radius: 5)
[30:40:36 -3376370.991261] SLOW spr round 3 (radius: 5)
[30:42:47 -3376364.226773] SLOW spr round 4 (radius: 5)
[30:44:56 -3376360.315111] SLOW spr round 5 (radius: 5)
[30:47:04 -3376357.344312] SLOW spr round 6 (radius: 5)
[30:49:12 -3376356.083594] SLOW spr round 7 (radius: 5)
[30:51:19 -3376356.081508] SLOW spr round 8 (radius: 10)
[30:53:59 -3376356.081396] SLOW spr round 9 (radius: 15)
[31:04:16 -3376356.081388] SLOW spr round 10 (radius: 20)
[31:21:38 -3376356.081387] SLOW spr round 11 (radius: 25)
[31:36:45 -3376356.081387] Model parameter optimization (eps = 0.100000)

[31:36:51] ML tree search #18, logLikelihood: -3376355.764236

[31:36:51 -3602274.744483] Initial branch length optimization
[31:36:55 -3464741.215627] Model parameter optimization (eps = 10.000000)
[31:37:24 -3380009.062299] AUTODETECT spr round 1 (radius: 5)
[31:38:07 -3377067.797119] AUTODETECT spr round 2 (radius: 10)
[31:39:41 -3377046.518654] AUTODETECT spr round 3 (radius: 15)
[31:42:25 -3377046.509270] SPR radius for FAST iterations: 10 (autodetect)
[31:42:25 -3377046.509270] Model parameter optimization (eps = 3.000000)
[31:42:28 -3377044.571050] FAST spr round 1 (radius: 10)
[31:44:34 -3376723.228550] FAST spr round 2 (radius: 10)
[31:46:07 -3376682.931482] FAST spr round 3 (radius: 10)
[31:47:25 -3376671.749013] FAST spr round 4 (radius: 10)
[31:48:35 -3376661.689875] FAST spr round 5 (radius: 10)
[31:49:42 -3376650.363707] FAST spr round 6 (radius: 10)
[31:50:47 -3376635.177833] FAST spr round 7 (radius: 10)
[31:51:50 -3376621.867100] FAST spr round 8 (radius: 10)
[31:52:53 -3376608.803734] FAST spr round 9 (radius: 10)
[31:53:55 -3376595.225573] FAST spr round 10 (radius: 10)
[31:54:58 -3376582.039494] FAST spr round 11 (radius: 10)
[31:55:59 -3376574.615675] FAST spr round 12 (radius: 10)
[31:57:00 -3376568.584965] FAST spr round 13 (radius: 10)
[31:58:01 -3376553.872167] FAST spr round 14 (radius: 10)
[31:59:02 -3376548.508685] FAST spr round 15 (radius: 10)
[32:00:01 -3376544.048086] FAST spr round 16 (radius: 10)
[32:01:01 -3376540.239690] FAST spr round 17 (radius: 10)
[32:02:01 -3376526.830969] FAST spr round 18 (radius: 10)
[32:03:00 -3376523.356043] FAST spr round 19 (radius: 10)
[32:03:58 -3376520.727121] FAST spr round 20 (radius: 10)
[32:04:56 -3376518.779565] FAST spr round 21 (radius: 10)
[32:05:54 -3376501.874447] FAST spr round 22 (radius: 10)
[32:06:52 -3376499.945910] FAST spr round 23 (radius: 10)
[32:07:50 -3376499.071246] FAST spr round 24 (radius: 10)
[32:08:48 -3376499.069863] Model parameter optimization (eps = 1.000000)
[32:08:51 -3376498.784358] SLOW spr round 1 (radius: 5)
[32:11:33 -3376392.588779] SLOW spr round 2 (radius: 5)
[32:13:50 -3376382.472532] SLOW spr round 3 (radius: 5)
[32:16:03 -3376375.044621] SLOW spr round 4 (radius: 5)
[32:18:13 -3376368.169418] SLOW spr round 5 (radius: 5)
[32:20:22 -3376363.191413] SLOW spr round 6 (radius: 5)
[32:22:30 -3376360.669765] SLOW spr round 7 (radius: 5)
[32:24:38 -3376359.088810] SLOW spr round 8 (radius: 5)
[32:26:46 -3376358.148183] SLOW spr round 9 (radius: 5)
[32:28:53 -3376357.240726] SLOW spr round 10 (radius: 5)
[32:31:02 -3376355.940768] SLOW spr round 11 (radius: 5)
[32:33:09 -3376355.940326] SLOW spr round 12 (radius: 10)
[32:35:49 -3376355.940320] SLOW spr round 13 (radius: 15)
[32:46:35 -3376355.940320] SLOW spr round 14 (radius: 20)
[33:04:12 -3376355.940320] SLOW spr round 15 (radius: 25)
[33:18:39 -3376355.940320] Model parameter optimization (eps = 0.100000)

[33:18:43] ML tree search #19, logLikelihood: -3376355.786958

[33:18:43 -3600904.107389] Initial branch length optimization
[33:18:47 -3463213.440359] Model parameter optimization (eps = 10.000000)
[33:19:16 -3378594.902915] AUTODETECT spr round 1 (radius: 5)
[33:19:59 -3377000.038698] AUTODETECT spr round 2 (radius: 10)
[33:21:34 -3377000.026230] SPR radius for FAST iterations: 5 (autodetect)
[33:21:34 -3377000.026230] Model parameter optimization (eps = 3.000000)
[33:21:38 -3376998.863748] FAST spr round 1 (radius: 5)
[33:22:53 -3376774.628827] FAST spr round 2 (radius: 5)
[33:23:55 -3376729.411182] FAST spr round 3 (radius: 5)
[33:24:51 -3376711.394753] FAST spr round 4 (radius: 5)
[33:25:47 -3376693.574560] FAST spr round 5 (radius: 5)
[33:26:42 -3376683.847375] FAST spr round 6 (radius: 5)
[33:27:37 -3376674.167629] FAST spr round 7 (radius: 5)
[33:28:31 -3376667.763265] FAST spr round 8 (radius: 5)
[33:29:25 -3376662.432887] FAST spr round 9 (radius: 5)
[33:30:20 -3376652.644458] FAST spr round 10 (radius: 5)
[33:31:13 -3376649.376367] FAST spr round 11 (radius: 5)
[33:32:05 -3376645.874756] FAST spr round 12 (radius: 5)
[33:32:58 -3376643.065345] FAST spr round 13 (radius: 5)
[33:33:49 -3376640.497543] FAST spr round 14 (radius: 5)
[33:34:42 -3376638.820376] FAST spr round 15 (radius: 5)
[33:35:34 -3376637.619070] FAST spr round 16 (radius: 5)
[33:36:29 -3376625.908564] FAST spr round 17 (radius: 5)
[33:37:20 -3376624.441911] FAST spr round 18 (radius: 5)
[33:38:11 -3376623.390406] FAST spr round 19 (radius: 5)
[33:39:03 -3376621.946095] FAST spr round 20 (radius: 5)
[33:39:54 -3376616.356339] FAST spr round 21 (radius: 5)
[33:40:46 -3376605.329257] FAST spr round 22 (radius: 5)
[33:41:37 -3376601.687626] FAST spr round 23 (radius: 5)
[33:42:28 -3376601.313684] FAST spr round 24 (radius: 5)
[33:43:18 -3376600.993763] FAST spr round 25 (radius: 5)
[33:44:09 -3376600.990954] Model parameter optimization (eps = 1.000000)
[33:44:12 -3376600.806798] SLOW spr round 1 (radius: 5)
[33:46:55 -3376364.683694] SLOW spr round 2 (radius: 5)
[33:49:12 -3376357.315051] SLOW spr round 3 (radius: 5)
[33:51:24 -3376352.953872] SLOW spr round 4 (radius: 5)
[33:53:35 -3376349.236592] SLOW spr round 5 (radius: 5)
[33:55:43 -3376344.482208] SLOW spr round 6 (radius: 5)
[33:57:50 -3376341.862303] SLOW spr round 7 (radius: 5)
[33:59:57 -3376341.022754] SLOW spr round 8 (radius: 5)
[34:02:04 -3376340.504008] SLOW spr round 9 (radius: 5)
[34:04:12 -3376340.503289] SLOW spr round 10 (radius: 10)
[34:06:53 -3376340.503269] SLOW spr round 11 (radius: 15)
[34:17:18 -3376340.503268] SLOW spr round 12 (radius: 20)
[34:34:46 -3376340.503268] SLOW spr round 13 (radius: 25)
[34:49:44 -3376340.503268] Model parameter optimization (eps = 0.100000)

[34:49:47] ML tree search #20, logLikelihood: -3376340.446130


Optimized model parameters:

   Partition 0: noname
   Rate heterogeneity: GAMMA (4 cats, mean),  alpha: 7.738430 (ML),  weights&rates: (0.250000,0.587067) (0.250000,0.849540) (0.250000,1.077241) (0.250000,1.486151) 
   Base frequencies (ML): 0.270605 0.213890 0.233248 0.282257 
   Substitution rates (ML): 1.561327 3.439209 1.332819 1.342449 3.642618 1.000000 


Final LogLikelihood: -3376339.012016

AIC score: 6754322.024032 / AICc score: 6754343.696844 / BIC score: 6761765.137058
Free parameters (model + branch lengths): 822

Best ML tree saved to: /home/gkettenburg/RAxML_tree/raxml_trees/picornavirales_full/T2.raxml.bestTree
All ML trees saved to: /home/gkettenburg/RAxML_tree/raxml_trees/picornavirales_full/T2.raxml.mlTrees
Optimized model saved to: /home/gkettenburg/RAxML_tree/raxml_trees/picornavirales_full/T2.raxml.bestModel

Execution log saved to: /home/gkettenburg/RAxML_tree/raxml_trees/picornavirales_full/T2.raxml.log

Analysis started: 31-Jul-2023 22:44:23 / finished: 02-Aug-2023 09:34:10

Elapsed time: 125387.232 seconds

Consumed energy: 4789.914 Wh (= 24 km in an electric car, or 120 km with an e-scooter!)

