ERROR: Unable to locate a modulefile for 'emacs/25.1'
ERROR: Unable to locate a modulefile for 'python/3.6'
ERROR: Unable to locate a modulefile for 'java/1.8.0_121'
ERROR: Unable to locate a modulefile for 'cmake/3.15.1'

RAxML-NG v. 1.1.0-master released on 22.06.2022 by The Exelixis Lab.
Developed by: Alexey M. Kozlov and Alexandros Stamatakis.
Contributors: Diego Darriba, Tomas Flouri, Benoit Morel, Sarah Lutteropp, Ben Bettisworth.
Latest version: https://github.com/amkozlov/raxml-ng
Questions/problems/suggestions? Please visit: https://groups.google.com/forum/#!forum/raxml

System: Intel(R) Xeon(R) CPU E5-2680 v4 @ 2.40GHz, 28 cores, 62 GB RAM

RAxML-NG was called at 31-May-2024 13:46:11 as follows:

raxml-ng-mpi --all --msa calici_refseq_all_align.fasta --model TVM+I+G4 --prefix T1 --seed 1 --threads auto{7} --bs-metric fbp,tbe

Analysis options:
  run mode: ML tree search + bootstrapping (Felsenstein Bootstrap + Transfer Bootstrap)
  start tree(s): random (10) + parsimony (10)
  bootstrap replicates: max: 1000 + bootstopping (autoMRE, cutoff: 0.030000)
  random seed: 1
  tip-inner: OFF
  pattern compression: ON
  per-rate scalers: OFF
  site repeats: ON
  branch lengths: proportional (ML estimate, algorithm: NR-FAST)
  SIMD kernels: AVX2
  parallelization: coarse-grained (auto), PTHREADS (auto)

[00:00:00] Reading alignment from file: calici_refseq_all_align.fasta
[00:00:00] Loaded alignment with 64 taxa and 15163 sites

Alignment comprises 1 partitions and 11860 patterns

Partition 0: noname
Model: TVM+FO+I+G4m
Alignment sites / patterns: 15163 / 11860
Gaps: 52.66 %
Invariant sites: 22.83 %


NOTE: Binary MSA file created: T1.raxml.rba

Parallelization scheme autoconfig: 1 worker(s) x 7 thread(s)

Error calling pthread_setaffinity_np: 22
Error calling pthread_setaffinity_np: 22
Error calling pthread_setaffinity_np: 22
Error calling pthread_setaffinity_np: 22
Error calling pthread_setaffinity_np: 22
Parallel reduction/worker buffer size: 1 KB  / 0 KB

[00:00:00] Generating 10 random starting tree(s) with 64 taxa
[00:00:00] Generating 10 parsimony starting tree(s) with 64 taxa
[00:00:00] Data distribution: max. partitions/sites/weight per thread: 1 / 1695 / 27120
[00:00:01] Data distribution: max. searches per worker: 1020

Starting ML tree search with 20 distinct starting trees

[00:01:05] ML tree search #1, logLikelihood: -404128.016237
[00:02:06] ML tree search #2, logLikelihood: -404128.018407
[00:03:24] ML tree search #3, logLikelihood: -404128.009127
[00:04:30] ML tree search #4, logLikelihood: -404128.018409
[00:05:39] ML tree search #5, logLikelihood: -404128.007052
[00:06:54] ML tree search #6, logLikelihood: -404128.018476
[00:08:08] ML tree search #7, logLikelihood: -404128.010977
[00:09:11] ML tree search #8, logLikelihood: -404128.012627
[00:10:24] ML tree search #9, logLikelihood: -404128.020937
[00:11:31] ML tree search #10, logLikelihood: -404128.020522
[00:12:18] ML tree search #11, logLikelihood: -404128.005450
[00:13:08] ML tree search #12, logLikelihood: -404128.005427
[00:13:55] ML tree search #13, logLikelihood: -404128.005935
[00:14:49] ML tree search #14, logLikelihood: -404128.005610
[00:15:41] ML tree search #15, logLikelihood: -404128.006095
[00:16:28] ML tree search #16, logLikelihood: -404128.008143
[00:17:18] ML tree search #17, logLikelihood: -404128.006179
[00:18:09] ML tree search #18, logLikelihood: -404128.006115
[00:18:56] ML tree search #19, logLikelihood: -404128.005709
[00:19:43] ML tree search #20, logLikelihood: -404128.006697

[00:19:43] ML tree search completed, best tree logLH: -404128.005427

[00:19:43] Starting bootstrapping analysis with 1000 replicates.

[00:20:23] Bootstrap tree #1, logLikelihood: -403052.548071
[00:21:02] Bootstrap tree #2, logLikelihood: -400958.338689
[00:21:45] Bootstrap tree #3, logLikelihood: -401914.010284
[00:22:25] Bootstrap tree #4, logLikelihood: -410628.923231
[00:23:14] Bootstrap tree #5, logLikelihood: -402326.296036
[00:23:57] Bootstrap tree #6, logLikelihood: -401226.674346
[00:24:40] Bootstrap tree #7, logLikelihood: -402947.446641
[00:25:25] Bootstrap tree #8, logLikelihood: -401361.227685
[00:26:15] Bootstrap tree #9, logLikelihood: -403856.290823
[00:27:02] Bootstrap tree #10, logLikelihood: -400046.735803
[00:27:39] Bootstrap tree #11, logLikelihood: -409761.855533
[00:28:18] Bootstrap tree #12, logLikelihood: -400949.854803
[00:28:59] Bootstrap tree #13, logLikelihood: -399374.903921
[00:29:37] Bootstrap tree #14, logLikelihood: -404969.700965
[00:30:21] Bootstrap tree #15, logLikelihood: -406100.812541
[00:31:02] Bootstrap tree #16, logLikelihood: -401650.311895
[00:31:46] Bootstrap tree #17, logLikelihood: -401962.710041
[00:32:30] Bootstrap tree #18, logLikelihood: -401296.543136
[00:33:16] Bootstrap tree #19, logLikelihood: -401843.535308
[00:33:56] Bootstrap tree #20, logLikelihood: -400826.317940
[00:34:38] Bootstrap tree #21, logLikelihood: -406278.787312
[00:35:21] Bootstrap tree #22, logLikelihood: -405792.089530
[00:36:08] Bootstrap tree #23, logLikelihood: -402646.604523
[00:36:53] Bootstrap tree #24, logLikelihood: -407590.586619
[00:37:47] Bootstrap tree #25, logLikelihood: -404616.888284
[00:38:40] Bootstrap tree #26, logLikelihood: -407075.647346
[00:39:34] Bootstrap tree #27, logLikelihood: -407465.855282
[00:40:29] Bootstrap tree #28, logLikelihood: -408299.862704
[00:41:20] Bootstrap tree #29, logLikelihood: -406407.211009
[00:42:07] Bootstrap tree #30, logLikelihood: -404413.757892
[00:42:50] Bootstrap tree #31, logLikelihood: -408498.418015
[00:43:36] Bootstrap tree #32, logLikelihood: -401273.644181
[00:44:21] Bootstrap tree #33, logLikelihood: -402841.080449
[00:45:05] Bootstrap tree #34, logLikelihood: -404339.878103
[00:45:46] Bootstrap tree #35, logLikelihood: -408503.982763
[00:46:30] Bootstrap tree #36, logLikelihood: -403504.375679
[00:47:11] Bootstrap tree #37, logLikelihood: -407495.819555
[00:47:59] Bootstrap tree #38, logLikelihood: -405786.520992
[00:48:42] Bootstrap tree #39, logLikelihood: -402457.541084
[00:49:23] Bootstrap tree #40, logLikelihood: -403105.971694
[00:50:08] Bootstrap tree #41, logLikelihood: -406622.251432
[00:50:49] Bootstrap tree #42, logLikelihood: -403710.188503
[00:51:39] Bootstrap tree #43, logLikelihood: -402204.401295
[00:52:28] Bootstrap tree #44, logLikelihood: -404238.428376
[00:53:10] Bootstrap tree #45, logLikelihood: -406993.526831
[00:53:55] Bootstrap tree #46, logLikelihood: -405406.762194
[00:54:35] Bootstrap tree #47, logLikelihood: -403657.388156
[00:55:18] Bootstrap tree #48, logLikelihood: -401867.667568
[00:56:08] Bootstrap tree #49, logLikelihood: -406014.076090
[00:56:56] Bootstrap tree #50, logLikelihood: -398473.411766
[00:56:56] Bootstrapping converged after 50 replicates.

Optimized model parameters:

   Partition 0: noname
   Rate heterogeneity: GAMMA (4 cats, mean),  alpha: 1.505060 (ML),  weights&rates: (0.250000,0.226103) (0.250000,0.589396) (0.250000,1.050717) (0.250000,2.133783) 
   P-inv (ML): 0.007024
   Base frequencies (ML): 0.242030 0.275274 0.242165 0.240531 
   Substitution rates (ML): 1.911196 3.849697 1.583786 1.163970 3.849697 1.000000 


Final LogLikelihood: -404128.005427

AIC score: 808524.010854 / AICc score: 808526.418360 / BIC score: 809545.977067
Free parameters (model + branch lengths): 134

Best ML tree saved to: /home/gkettenburg/RAxML_tree/calici_tree/T1.raxml.bestTree
All ML trees saved to: /home/gkettenburg/RAxML_tree/calici_tree/T1.raxml.mlTrees
Best ML tree with Felsenstein bootstrap (FBP) support values saved to: /home/gkettenburg/RAxML_tree/calici_tree/T1.raxml.supportFBP
Best ML tree with Transfer bootstrap (TBE) support values saved to: /home/gkettenburg/RAxML_tree/calici_tree/T1.raxml.supportTBE
Optimized model saved to: /home/gkettenburg/RAxML_tree/calici_tree/T1.raxml.bestModel
Bootstrap trees saved to: /home/gkettenburg/RAxML_tree/calici_tree/T1.raxml.bootstraps

Execution log saved to: /home/gkettenburg/RAxML_tree/calici_tree/T1.raxml.log

Analysis started: 31-May-2024 13:46:11 / finished: 31-May-2024 14:43:08

Elapsed time: 3416.687 seconds

Consumed energy: 160.090 Wh

