
RAxML-NG v. 1.1.0-master released on 22.06.2022 by The Exelixis Lab.
Developed by: Alexey M. Kozlov and Alexandros Stamatakis.
Contributors: Diego Darriba, Tomas Flouri, Benoit Morel, Sarah Lutteropp, Ben Bettisworth.
Latest version: https://github.com/amkozlov/raxml-ng
Questions/problems/suggestions? Please visit: https://groups.google.com/forum/#!forum/raxml

System: Intel(R) Xeon(R) CPU E5-2680 v4 @ 2.40GHz, 28 cores, 62 GB RAM

RAxML-NG was called at 06-Sep-2023 09:43:00 as follows:

raxml-ng-mpi --bootstrap --msa africa_picornaviridae_over1kb_align.fasta --model GTR+I+G4 --prefix T5 --seed 28 --threads auto{8}

Analysis options:
  run mode: Bootstrapping
  start tree(s): 
  bootstrap replicates: max: 1000 + bootstopping (autoMRE, cutoff: 0.030000)
  random seed: 28
  tip-inner: OFF
  pattern compression: ON
  per-rate scalers: OFF
  site repeats: ON
  branch lengths: proportional (ML estimate, algorithm: NR-FAST)
  SIMD kernels: AVX2
  parallelization: coarse-grained (auto), PTHREADS (auto)

[00:00:00] Reading alignment from file: africa_picornaviridae_over1kb_align.fasta
[00:00:01] Loaded alignment with 456 taxa and 37621 sites

WARNING: Fully undetermined columns found: 348

WARNING: Sequences ON596331.1 and ON596332.1 are exactly identical!
WARNING: Sequences LT719066.1 and LT719065.1 are exactly identical!
WARNING: Duplicate sequences found: 2

NOTE: Reduced alignment (with duplicates and gap-only sites/taxa removed) 
NOTE: was saved to: /home/gkettenburg/africa_picornaviridae_raxml/T5.raxml.reduced.phy

Alignment comprises 1 partitions and 16396 patterns

Partition 0: noname
Model: GTR+FO+I+G4m
Alignment sites / patterns: 37273 / 16396
Gaps: 84.39 %
Invariant sites: 56.60 %


NOTE: Binary MSA file created: T5.raxml.rba

Parallelization scheme autoconfig: 1 worker(s) x 8 thread(s)

Parallel reduction/worker buffer size: 1 KB  / 0 KB

[00:00:01] Data distribution: max. partitions/sites/weight per thread: 1 / 2050 / 32800
[00:00:03] Data distribution: max. searches per worker: 1000
[00:00:03] Starting bootstrapping analysis with 1000 replicates.

[00:46:20] Bootstrap tree #1, logLikelihood: -1161132.382918
[01:11:48] Bootstrap tree #2, logLikelihood: -1156667.263842
[01:38:30] Bootstrap tree #3, logLikelihood: -1177229.962679
[02:12:53] Bootstrap tree #4, logLikelihood: -1167271.219644
[02:36:43] Bootstrap tree #5, logLikelihood: -1167884.189171
[03:15:21] Bootstrap tree #6, logLikelihood: -1173296.584994
[03:42:13] Bootstrap tree #7, logLikelihood: -1166978.938279
[04:11:31] Bootstrap tree #8, logLikelihood: -1189185.970171
[04:36:06] Bootstrap tree #9, logLikelihood: -1170879.749394
[05:19:21] Bootstrap tree #10, logLikelihood: -1164897.738862
[05:47:51] Bootstrap tree #11, logLikelihood: -1157356.682681
[06:32:18] Bootstrap tree #12, logLikelihood: -1182071.727008
[07:01:39] Bootstrap tree #13, logLikelihood: -1186743.402264
[07:26:34] Bootstrap tree #14, logLikelihood: -1187478.938016
[08:03:23] Bootstrap tree #15, logLikelihood: -1180919.919551
[08:40:36] Bootstrap tree #16, logLikelihood: -1163936.636549
[09:17:36] Bootstrap tree #17, logLikelihood: -1174681.859277
[09:40:52] Bootstrap tree #18, logLikelihood: -1181489.863338
[10:19:01] Bootstrap tree #19, logLikelihood: -1195206.481432
[10:53:19] Bootstrap tree #20, logLikelihood: -1162785.041725
[11:20:03] Bootstrap tree #21, logLikelihood: -1179861.953155
[11:52:48] Bootstrap tree #22, logLikelihood: -1157379.377413
[12:24:31] Bootstrap tree #23, logLikelihood: -1168272.712404
[12:53:39] Bootstrap tree #24, logLikelihood: -1172722.536033
[13:18:22] Bootstrap tree #25, logLikelihood: -1185044.319940
[13:47:09] Bootstrap tree #26, logLikelihood: -1181290.180771

RAxML-NG v. 1.1.0-master released on 22.06.2022 by The Exelixis Lab.
Developed by: Alexey M. Kozlov and Alexandros Stamatakis.
Contributors: Diego Darriba, Tomas Flouri, Benoit Morel, Sarah Lutteropp, Ben Bettisworth.
Latest version: https://github.com/amkozlov/raxml-ng
Questions/problems/suggestions? Please visit: https://groups.google.com/forum/#!forum/raxml

System: Intel(R) Xeon(R) CPU E5-2680 v4 @ 2.40GHz, 28 cores, 62 GB RAM

RAxML-NG was called at 06-Sep-2023 23:37:14 as follows:

raxml-ng-mpi --bootstrap --msa africa_picornaviridae_over1kb_align.fasta --model GTR+I+G4 --prefix T5 --seed 289 --threads auto{8}

Analysis options:
  run mode: Bootstrapping
  start tree(s): 
  bootstrap replicates: max: 1000 + bootstopping (autoMRE, cutoff: 0.030000)
  random seed: 289
  tip-inner: OFF
  pattern compression: ON
  per-rate scalers: OFF
  site repeats: ON
  branch lengths: proportional (ML estimate, algorithm: NR-FAST)
  SIMD kernels: AVX2
  parallelization: coarse-grained (auto), PTHREADS (auto)

WARNING: The model you specified on the command line (GTR+I+G4) will be ignored 
         since the binary MSA file already contains a model definition.
         If you want to change the model, please re-run RAxML-NG 
         with the original PHYLIP/FASTA alignment and --redo option.

[00:00:01] Loading binary alignment from file: T5.raxml.rba
[00:00:02] Alignment comprises 456 taxa, 1 partitions and 16396 patterns

Partition 0: noname
Model: GTR+FO+I+G4m
Alignment sites / patterns: 37273 / 16396
Gaps: 84.39 %
Invariant sites: 56.60 %


Parallelization scheme autoconfig: 1 worker(s) x 8 thread(s)

Parallel reduction/worker buffer size: 1 KB  / 0 KB

[00:00:02] NOTE: Resuming execution from checkpoint (logLH: -1542397.48, ML trees: 0, bootstraps: 26)
[00:00:02] Data distribution: max. partitions/sites/weight per thread: 1 / 2050 / 32800
[00:00:03] Data distribution: max. searches per worker: 974
[00:00:03] Starting bootstrapping analysis with 1000 replicates.

