IQ-TREE multicore version 1.6.12 for Mac OS X 64-bit built Aug 15 2019
Developed by Bui Quang Minh, Nguyen Lam Tung, Olga Chernomor,
Heiko Schmidt, Dominik Schrempf, Michael Woodhams.

Host:    Gwenddolens-MacBook-Air.local (SSE4.2, 16 GB RAM)
Command: bin/iqtree -s polymerase_summary_align.fasta -bb 1000
Seed:    135979 (Using SPRNG - Scalable Parallel Random Number Generator)
Time:    Sun Jun 15 16:45:18 2025
Kernel:  SSE2 - 1 threads (10 CPU cores detected)

HINT: Use -nt option to specify number of threads because your CPU has 10 cores!
HINT: -nt AUTO will automatically determine the best number of threads to use.

Reading alignment file polymerase_summary_align.fasta ... Fasta format detected
Alignment most likely contains DNA/RNA sequences
WARNING: 6 sites contain only gaps or ambiguous characters.
Alignment has 296 sequences with 19665 columns, 14218 distinct patterns
12232 parsimony-informative, 1421 singleton sites, 6012 constant sites
             Gap/Ambiguity  Composition  p-value
   1  OQ818316      59.41%    failed      0.00%
   2  DQ294633.1    60.51%    passed     11.30%
   3  MT499387.1    61.21%    failed      1.87%
   4  KX231802.1    60.77%    passed     10.56%
   5  PP766467      81.67%    failed      0.09%
   6  KU955338.1    61.62%    failed      0.29%
   7  KF836387.1    60.67%    failed      2.70%
   8  KM269482.1    59.95%    failed      2.37%
   9  KF836388.1    60.72%    failed      1.35%
  10  NC_001479.1   60.16%    passed      6.99%
  11  MT250508.1    60.22%    passed      7.68%
  12  MT250509.1    60.41%    passed      7.02%
  13  MN547968.1    60.81%    failed      0.00%
  14  EF165067.2    58.73%    failed      0.00%
  15  NC_009448.2   58.73%    failed      0.00%
  16  GU595289.1    59.08%    failed      0.00%
  17  NC_010810.1   59.52%    failed      0.00%
  18  MH778548.1    60.97%    failed      0.00%
  19  HM181996.1    59.40%    failed      0.00%
  20  EU542581.1    58.84%    failed      0.01%
  21  MN116646.1    58.80%    failed      0.06%
  22  EU718732.1    58.81%    failed      0.00%
  23  MF139053.1    58.70%    failed      0.00%
  24  NC_075977.1   59.88%    failed      0.06%
  25  NC_076099.1   58.70%    failed      0.01%
  26  KY855433.1    60.16%    failed      0.00%
  27  NC_038305.1   56.62%    failed      0.20%
  28  MZ382838.1    58.68%    failed      0.00%
  29  MG888045.1    64.60%    failed      0.00%
  30  NC_043072.1   65.14%    failed      0.00%
  31  NC_034381.1   56.94%    failed      0.09%
  32  NC_026470.1   58.83%    failed      0.00%
  33  NC_075428.1   61.26%    failed      0.00%
  34  OQ818318      63.97%    failed      0.00%
  35  PP711948.1    64.64%    failed      0.00%
  36  OR951333.1    66.01%    failed      0.00%
  37  OR951324.1    66.31%    failed      0.00%
  38  OQ818323      62.91%    failed      0.00%
  39  PP711934.1    64.96%    failed      0.00%
  40  OQ818324      63.24%    failed      0.00%
  41  PV788826      64.49%    failed      0.00%
  42  OQ818320      60.92%    failed      0.00%
  43  OQ818344      89.15%    failed      0.00%
  44  NC_033820.1   60.61%    failed      0.00%
  45  PP711943.1    60.31%    failed      0.00%
  46  OQ818321      60.58%    failed      0.00%
  47  PP711921.1    65.05%    failed      0.00%
  48  OQ818329      60.77%    failed      0.00%
  49  OR951325.1    62.59%    failed      0.00%
  50  OR951332.1    62.80%    failed      0.00%
  51  PP711911.1    60.75%    failed      0.00%
  52  LC503602.1    58.33%    failed      0.00%
  53  NC_004451.1   58.68%    failed      0.00%
  54  KJ821019.1    61.65%    failed      0.00%
  55  KX574284.1    61.53%    failed      0.00%
  56  LC326556.1    61.44%    failed      0.00%
  57  PP842133.1    61.72%    failed      0.00%
  58  LT900497.1    61.87%    failed      0.00%
  59  MN836683.1    61.61%    failed      0.00%
  60  NC_003987.1   61.91%    failed      0.00%
  61  MN807752.1    61.69%    failed      0.00%
  62  KU871313.1    59.74%    failed      0.00%
  63  NC_016964.1   59.58%    failed      0.00%
  64  LC386162.1    62.18%    failed      0.00%
  65  OQ818325      62.98%    passed     14.49%
  66  OQ818328      61.28%    failed      3.87%
  67  PP766469      61.80%    passed     12.98%
  68  PV788825      61.01%    passed     34.55%
  69  PP711909.1    61.88%    failed      0.00%
  70  PP711930.1    60.88%    failed      0.00%
  71  PP711928.1    64.72%    failed      0.00%
  72  PP711912.1    61.00%    failed      0.00%
  73  PP711913.1    61.30%    failed      0.00%
  74  PP711945.1    60.38%    failed      0.00%
  75  PP711946.1    60.60%    failed      0.00%
  76  PP745912.1    63.86%    failed      0.00%
  77  NC_026314.1   60.07%    failed      0.00%
  78  NC_040605.1   60.71%    failed      0.00%
  79  MK521918.1    59.24%    failed      0.00%
  80  EU140838.1    62.24%    failed      0.00%
  81  HM769724.1    61.98%    failed      0.00%
  82  LC416594.1    61.89%    failed      0.00%
  83  MG049743.1    62.05%    failed      0.00%
  84  MN062165.1    62.07%    failed      0.00%
  85  KX228694.1    62.76%    failed      0.00%
  86  KX523680.1    62.00%    failed      0.00%
  87  MG546668.1    63.19%    failed      0.00%
  88  LC515199.1    62.47%    failed      0.00%
  89  OR261026.1    62.16%    failed      0.00%
  90  OR452341.1    63.59%    failed      0.00%
  91  OQ559662.1    61.92%    failed      0.00%
  92  KT452641.1    61.21%    failed      0.00%
  93  NC_028363.1   61.07%    failed      0.00%
  94  MG181943.1    62.19%    failed      0.00%
  95  NC_038315.1   61.54%    failed      0.00%
  96  MW391925.1    61.48%    failed      0.00%
  97  KT452695.1    62.29%    failed      0.00%
  98  NC_028365.1   64.76%    failed      0.00%
  99  NC_028366.1   62.71%    failed      0.00%
 100  PP766455      62.95%    failed      0.00%
 101  PP766457      62.69%    failed      0.00%
 102  OR367421.1    62.35%    failed      0.00%
 103  KX420952.1    62.04%    failed      0.00%
 104  OR867083.1    62.29%    failed      0.00%
 105  NC_027818.1   61.99%    failed      0.00%
 106  KT877158.1    62.28%    failed      0.00%
 107  NC_028981.1   62.28%    failed      0.00%
 108  NC_038316.1   62.37%    failed      0.00%
 109  NC_038313.1   61.51%    failed      0.00%
 110  KT452661.1    60.25%    failed      0.00%
 111  NC_028364.1   60.28%    failed      0.00%
 112  NC_038314.1   62.34%    failed      0.00%
 113  JQ975417.1    64.55%    failed      0.00%
 114  KC757344.1    63.75%    failed      0.00%
 115  LC386152.1    63.87%    failed      0.00%
 116  MF967586.1    63.80%    failed      0.00%
 117  LC386154.1    63.70%    failed      0.00%
 118  NC_075980.1   64.75%    failed      0.00%
 119  LC386158.1    65.32%    failed      0.00%
 120  MT457854.1    63.30%    failed      0.00%
 121  PP827030.1    59.97%    failed      0.00%
 122  PP827031.1    60.57%    failed      0.00%
 123  NC_001547.1   40.49%    failed      0.00%
 124  PP746000.1    64.06%    failed      0.00%
 125  AB084788.1    57.42%    failed      0.00%
 126  NC_004421.1   57.42%    failed      0.00%
 127  MN336260.1    57.60%    failed      0.00%
 128  MW605074.1    57.65%    failed      0.00%
 129  KY407744.1    57.70%    failed      0.00%
 130  OK019998.1    57.69%    failed      0.00%
 131  OP920760.1    57.80%    failed      0.00%
 132  GU245693.2    57.40%    failed      0.00%
 133  EU787450.2    58.25%    failed      0.00%
 134  NC_011829.1   58.25%    failed      0.00%
 135  GU292559.1    58.25%    failed      0.00%
 136  KP144318.1    58.23%    failed      0.00%
 137  NC_027054.1   58.70%    failed      0.00%
 138  NC_016769.1   58.25%    failed      0.00%
 139  KF793927.1    57.77%    failed      0.00%
 140  NC_023422.1   57.77%    failed      0.00%
 141  MN604700.1    58.61%    failed      0.00%
 142  OR682616.1    58.55%    failed      0.00%
 143  FJ890523.1    58.08%    failed      0.00%
 144  MT766372.1    58.14%    failed      0.00%
 145  OP255993.1    58.04%    failed      0.00%
 146  NC_001918.1   58.04%    failed      0.00%
 147  OQ121963.1    58.16%    failed      0.00%
 148  JF755427.1    58.31%    failed      0.00%
 149  NC_015936.1   58.31%    failed      0.00%
 150  KY855436.1    57.88%    failed      0.00%
 151  OM140655.1    58.12%    failed      0.00%
 152  JQ898342.1    64.74%    failed      0.00%
 153  MN116647.1    57.96%    failed      0.00%
 154  OP094599.1    57.85%    failed      0.00%
 155  OQ363763.1    58.34%    failed      0.00%
 156  JN088541.1    57.85%    failed      0.00%
 157  JQ911763.1    58.22%    failed      0.00%
 158  NC_034971.1   58.22%    failed      0.00%
 159  KF924623.1    57.72%    failed      0.00%
 160  KC161964.1    58.24%    failed      0.00%
 161  MN337880.1    57.73%    failed      0.00%
 162  KM068048.1    57.73%    failed      0.00%
 163  OP093966.1    58.26%    failed      0.00%
 164  KF831027.1    58.20%    failed      0.00%
 165  KJ958930.1    57.84%    failed      0.00%
 166  LC721036.1    59.65%    failed      0.00%
 167  KM091960.1    58.20%    failed      0.00%
 168  MK671314.1    57.85%    failed      0.00%
 169  ON595848.1    58.41%    failed      0.00%
 170  OP287812.1    57.98%    failed      0.00%
 171  OQ818322.1    57.39%    failed      0.00%
 172  PP766456      58.16%    failed      0.00%
 173  KJ934637.1    58.04%    failed      0.00%
 174  MW296158.1    56.85%    failed      0.00%
 175  NC_027918.1   56.80%    failed      0.00%
 176  ON730709.1    57.17%    failed      0.00%
 177  OP776109.1    56.86%    failed      0.00%
 178  OQ758029.1    57.05%    failed      0.00%
 179  NC_027919.1   58.88%    failed      0.00%
 180  KJ641691.1    62.98%    failed      0.00%
 181  OR951280.1    61.65%    failed      0.00%
 182  NC_038317.1   63.02%    failed      0.00%
 183  OR951211.1    64.85%    failed      0.00%
 184  OQ818317      62.73%    failed      0.00%
 185  NC_033818.1   63.94%    failed      0.00%
 186  NC_034206.1   62.22%    failed      0.00%
 187  OQ818319      67.57%    failed      0.00%
 188  PP766459      62.21%    failed      0.00%
 189  PP766460      89.77%    failed      0.04%
 190  KX759619.1    68.60%    failed      0.00%
 191  OP963623.1    62.40%    failed      0.00%
 192  PP712001.1    62.27%    failed      0.00%
 193  PP712004.1    62.18%    failed      0.00%
 194  PP712015.1    62.26%    failed      0.00%
 195  KX759618.1    65.79%    failed      0.00%
 196  KX759621.1    62.05%    failed      0.00%
 197  KX759620.1    61.99%    failed      0.00%
 198  NC_033776.1   61.99%    failed      0.00%
 199  KX759622.1    61.99%    failed      0.00%
 200  OQ709197.1    65.09%    failed      0.02%
 201  PV788824      63.32%    failed      0.00%
 202  PP712008.1    63.63%    failed      0.00%
 203  AB522390.3    62.11%    failed      0.02%
 204  OP255973.1    62.08%    failed      0.01%
 205  AB623037.2    62.16%    failed      0.02%
 206  LC380411.1    62.15%    failed      0.00%
 207  MN509083.1    62.22%    failed      0.00%
 208  AY237422.3    62.22%    failed      0.00%
 209  KP298674.1    62.22%    failed      0.00%
 210  HM002617.1    62.20%    failed      0.00%
 211  NC_075724.1   62.20%    failed      0.00%
 212  AY646853.2    62.22%    failed      0.00%
 213  AY646854.2    62.22%    failed      0.00%
 214  KT327081.1    62.16%    failed      0.00%
 215  MZ576278.1    61.65%    failed      0.00%
 216  KX980412.1    62.22%    failed      0.00%
 217  LC715151.1    62.02%    failed      0.00%
 218  MK111630.1    62.34%    failed      0.00%
 219  OR672554.1    62.16%    failed      0.00%
 220  LC671561.1    62.22%    failed      0.00%
 221  AB614356.1    61.98%    failed      0.46%
 222  JX993277.1    61.98%    failed      0.56%
 223  OR517473.1    62.07%    failed      0.53%
 224  MK250983.1    62.54%    failed      0.69%
 225  MN102397.1    61.38%    failed      0.00%
 226  AB522397.2    62.06%    failed      0.00%
 227  KX274477.1    62.12%    failed      0.00%
 228  OR837774.1    61.95%    failed      0.00%
 229  KP067444.1    62.06%    failed      0.00%
 230  MZ488272.1    62.09%    failed      0.00%
 231  AB689845.2    61.92%    failed      0.00%
 232  AY237419.2    61.91%    failed      0.00%
 233  LC190463.1    62.13%    failed      0.00%
 234  MN102403.1    61.97%    failed      0.00%
 235  AB630068.3    61.99%    failed      0.00%
 236  LC715150.1    61.80%    failed      0.00%
 237  MF944258.1    61.94%    failed      0.00%
 238  MG515473.1    61.99%    failed      0.00%
 239  NC_006554.1   61.99%    failed      0.00%
 240  AB689846.2    62.07%    failed      0.00%
 241  NC_010624.1   62.07%    failed      0.00%
 242  AY646855.2    62.07%    failed      0.00%
 243  DQ058829.1    62.23%    failed      0.00%
 244  MN102395.1    62.15%    failed      0.00%
 245  MK599471.1    62.20%    failed      0.04%
 246  MN102407.1    61.47%    failed      0.02%
 247  MN102408.1    61.85%    failed      0.06%
 248  LC215895.1    62.12%    failed      0.00%
 249  AY646856.2    61.86%    passed     19.56%
 250  KX431437.1    61.54%    passed      7.46%
 251  KX000383.1    61.88%    failed      0.00%
 252  OK484997.1    61.88%    failed      0.00%
 253  LC215885.1    61.94%    failed      0.00%
 254  FJ387164.1    61.57%    failed      0.00%
 255  NC_000940.1   62.78%    failed      0.00%
 256  MK962337.1    62.78%    failed      0.00%
 257  LC215881.1    62.75%    failed      0.00%
 258  LC215884.1    63.60%    failed      0.00%
 259  LC215883.1    62.85%    failed      0.00%
 260  LC215875.1    63.64%    failed      0.00%
 261  LC215876.1    64.62%    failed      0.00%
 262  KF204570.1    62.52%    failed      0.00%
 263  LC215877.1    64.90%    failed      0.00%
 264  LC215878.1    62.73%    failed      0.00%
 265  LC215879.1    62.71%    failed      0.00%
 266  MW316743.1    62.71%    failed      0.00%
 267  OK484998.1    62.67%    failed      0.00%
 268  PP388958.1    62.68%    failed      0.00%
 269  LC215874.1    65.00%    failed      0.00%
 270  LC215880.1    69.43%    failed      0.00%
 271  LC215882.1    63.06%    failed      0.00%
 272  AY974192.2    63.40%    failed      0.00%
 273  KJ508818.1    63.40%    failed      0.00%
 274  LC215886.1    63.58%    failed      0.00%
 275  LC215887.1    67.74%    failed      0.00%
 276  LC215888.1    64.12%    failed      0.00%
 277  LC483441.1    63.12%    failed      0.00%
 278  KX000384.1    63.64%    failed      0.00%
 279  LC215891.1    65.49%    failed      0.00%
 280  LC215893.1    63.74%    failed      0.00%
 281  LC215889.1    64.10%    failed      0.00%
 282  LC215890.1    64.05%    failed      0.00%
 283  LC215892.1    63.73%    failed      0.08%
 284  LC215894.1    63.70%    failed      0.07%
 285  LC215901.1    77.81%    failed      0.00%
 286  LC215898.1    63.58%    failed      0.00%
 287  LC215899.2    63.38%    failed      0.00%
 288  LC215902.1    77.53%    failed      0.00%
 289  LC469052.1    63.33%    failed      0.00%
 290  MF766258.1    63.36%    failed      0.00%
 291  LC215896.2    63.39%    failed      0.01%
 292  PP105600.1    63.75%    failed      0.00%
 293  LC215897.2    63.62%    failed      0.02%
 294  LC215900.1    87.65%    failed      0.06%
 295  MH003837.1    65.22%    failed      0.00%
 296  NC_017936.1   60.86%    failed      0.00%
WARNING: 295 sequences contain more than 50% gaps/ambiguity
****  TOTAL         61.81%  286 sequences failed composition chi2 test (p-value<5%; df=3)
NOTE: NC_009448.2 is identical to EF165067.2 but kept for subsequent analysis
NOTE: NC_028981.1 is identical to KT877158.1 but kept for subsequent analysis
NOTE: NC_004421.1 is identical to AB084788.1 but kept for subsequent analysis
NOTE: NC_011829.1 is identical to EU787450.2 but kept for subsequent analysis
NOTE: NC_023422.1 is identical to KF793927.1 but kept for subsequent analysis
NOTE: NC_015936.1 is identical to JF755427.1 but kept for subsequent analysis
NOTE: NC_033776.1 is identical to KX759620.1 but kept for subsequent analysis
NOTE: NC_075724.1 is identical to HM002617.1 but kept for subsequent analysis


Create initial parsimony tree by phylogenetic likelihood library (PLL)... 1.368 seconds
NOTE: ModelFinder requires 1419 MB RAM!
ModelFinder will test 286 DNA models (sample size: 19665) ...
 No. Model         -LnL         df  AIC          AICc         BIC
  1  JC            1287647.298  589 2576472.597  2576509.033  2581117.801
  2  JC+I          1286916.560  590 2575013.120  2575049.682  2579666.211
  3  JC+G4         1237315.462  590 2475810.925  2475847.486  2480464.016
  4  JC+I+G4       1237226.546  591 2475635.091  2475671.779  2480296.069
  5  JC+R2         1247690.518  591 2496563.035  2496599.723  2501224.013
  6  JC+R3         1239345.681  593 2479877.363  2479914.303  2484554.114
  7  JC+R4         1236838.102  595 2474866.204  2474903.398  2479558.729
  8  JC+R5         1235915.426  597 2473024.851  2473062.299  2477733.149
  9  JC+R6         1235594.351  599 2472386.703  2472424.405  2477110.774
 10  JC+R7         1235460.651  601 2472123.302  2472161.260  2476863.146
 11  JC+R8         1235413.755  603 2472033.511  2472071.726  2476789.128
 12  JC+R9         1235389.140  605 2471988.280  2472026.753  2476759.670
 13  JC+R10        1235376.003  607 2471966.006  2472004.738  2476753.170
 14  F81+F         1286654.119  592 2574492.237  2574529.051  2579161.102
 15  F81+F+I       1285922.039  593 2573030.077  2573067.017  2577706.828
 16  F81+F+G4      1235948.872  593 2473083.743  2473120.684  2477760.495
 17  F81+F+I+G4    1235860.024  594 2472908.048  2472945.114  2477592.686
 18  F81+F+R2      1246404.193  594 2493996.385  2494033.452  2498681.023
 19  F81+F+R3      1238003.756  596 2477199.512  2477236.832  2481899.923
 20  F81+F+R4      1235472.427  598 2472140.854  2472178.429  2476857.038
 21  F81+F+R5      1234532.315  600 2470264.631  2470302.461  2474996.588
 22  F81+F+R6      1234201.936  602 2469607.872  2469645.959  2474355.603
 23  F81+F+R7      1234064.988  604 2469337.976  2469376.320  2474101.480
 24  F81+F+R8      1234017.458  606 2469246.917  2469285.519  2474026.194
 25  F81+F+R9      1233992.312  608 2469200.623  2469239.485  2473995.673
 26  F81+F+R10     1233978.730  610 2469177.460  2469216.581  2473988.283
 27  K2P           1262814.046  590 2526808.091  2526844.653  2531461.183
 28  K2P+I         1262064.137  591 2525310.274  2525346.962  2529971.252
 29  K2P+G4        1209733.594  591 2420649.189  2420685.877  2425310.167
 30  K2P+I+G4      1209644.958  592 2420473.917  2420510.731  2425142.781
 31  K2P+R2        1220910.205  592 2443004.410  2443041.224  2447673.275
 32  K2P+R3        1211988.825  594 2425165.649  2425202.716  2429850.287
 33  K2P+R4        1209247.925  596 2419687.849  2419725.170  2424388.260
 34  K2P+R5        1208223.989  598 2417643.977  2417681.552  2422360.161
 35  K2P+R6        1207856.744  600 2416913.489  2416951.319  2421645.446
 36  K2P+R7        1207693.383  602 2416590.766  2416628.853  2421338.496
 37  K2P+R8        1207636.233  604 2416480.466  2416518.810  2421243.970
 38  K2P+R9        1207603.555  606 2416419.110  2416457.712  2421198.387
 39  K2P+R10       1207583.168  608 2416382.335  2416421.197  2421177.386
 40  HKY+F         1261843.883  593 2524873.765  2524910.705  2529550.516
 41  HKY+F+I       1261089.887  594 2523367.775  2523404.841  2528052.412
 42  HKY+F+G4      1208477.411  594 2418142.823  2418179.889  2422827.460
 43  HKY+F+I+G4    1208388.503  595 2417967.005  2418004.198  2422659.529
 44  HKY+F+R2      1219767.282  595 2440724.564  2440761.758  2445417.089
 45  HKY+F+R3      1210762.879  597 2422719.759  2422757.207  2427428.057
 46  HKY+F+R4      1207983.851  599 2417165.701  2417203.404  2421889.772
 47  HKY+F+R5      1206949.564  601 2415101.129  2415139.087  2419840.973
 48  HKY+F+R6      1206569.612  603 2414345.225  2414383.440  2419100.842
 49  HKY+F+R7      1206400.220  605 2414010.439  2414048.912  2418781.830
 50  HKY+F+R8      1206340.715  607 2413895.430  2413934.162  2418682.594
 51  HKY+F+R9      1206307.235  609 2413832.470  2413871.461  2418635.406
 52  HKY+F+R10     1206286.557  611 2413795.113  2413834.365  2418613.823
 53  TNe           1261638.285  591 2524458.570  2524495.258  2529119.548
 54  TNe+I         1260879.766  592 2522943.532  2522980.345  2527612.396
 55  TNe+G4        1208911.867  592 2419007.734  2419044.548  2423676.599
 56  TNe+I+G4      1208823.954  593 2418833.909  2418870.849  2423510.660
 57  TNe+R2        1220215.389  593 2441616.778  2441653.718  2446293.529
 58  TNe+R3        1211198.426  595 2423586.852  2423624.046  2428279.377
 59  TNe+R4        1208416.199  597 2418026.399  2418063.846  2422734.696
 60  TNe+R5        1207423.865  599 2416045.730  2416083.433  2420769.801
 61  TNe+R6        1207050.185  601 2415302.371  2415340.330  2420042.215
 62  TNe+R7        1206893.424  603 2414992.848  2415031.064  2419748.465
 63  TNe+R8        1206831.360  605 2414872.719  2414911.192  2419644.109
 64  TNe+R9        1206798.971  607 2414811.942  2414850.674  2419599.106
 65  TNe+R10       1206780.696  609 2414779.392  2414818.384  2419582.329
 66  TN+F          1261222.955  594 2523633.910  2523670.977  2528318.548
 67  TN+F+I        1260462.809  595 2522115.618  2522152.811  2526808.142
 68  TN+F+G4       1208105.110  595 2417400.221  2417437.414  2422092.745
 69  TN+F+I+G4     1208016.611  596 2417225.222  2417262.543  2421925.633
 70  TN+F+R2       1219479.850  596 2440151.701  2440189.021  2444852.112
 71  TN+F+R3       1210407.926  598 2422011.851  2422049.426  2426728.036
 72  TN+F+R4       1207606.904  600 2416413.809  2416451.639  2421145.766
 73  TN+F+R5       1206592.853  602 2414389.705  2414427.792  2419137.436
 74  TN+F+R6       1206210.352  604 2413628.703  2413667.047  2418392.207
 75  TN+F+R7       1206044.700  606 2413301.401  2413340.003  2418080.678
 76  TN+F+R8       1205981.989  608 2413179.978  2413218.840  2417975.029
 77  TN+F+R9       1205948.840  610 2413117.679  2413156.801  2417928.503
 78  TN+F+R10      1205929.621  612 2413083.241  2413122.624  2417909.838
 79  K3P           1262781.662  591 2526745.324  2526782.011  2531406.302
 80  K3P+I         1262031.634  592 2525247.267  2525284.081  2529916.132
 81  K3P+G4        1209715.624  592 2420615.249  2420652.063  2425284.114
 82  K3P+I+G4      1209626.954  593 2420439.908  2420476.848  2425116.659
 83  K3P+R2        1220886.710  593 2442959.419  2442996.359  2447636.170
 84  K3P+R3        1211967.288  595 2425124.576  2425161.770  2429817.101
 85  K3P+R4        1209230.076  597 2419654.152  2419691.600  2424362.450
 86  K3P+R5        1208206.031  599 2417610.062  2417647.765  2422334.133
 87  K3P+R6        1207839.388  601 2416880.776  2416918.734  2421620.620
 88  K3P+R7        1207676.832  603 2416559.665  2416597.880  2421315.282
 89  K3P+R8        1207619.229  605 2416448.458  2416486.931  2421219.848
 90  K3P+R9        1207586.405  607 2416386.810  2416425.542  2421173.974
 91  K3P+R10       1207565.903  609 2416349.806  2416388.797  2421152.743
 92  K3Pu+F        1261819.487  594 2524826.973  2524864.040  2529511.611
 93  K3Pu+F+I      1261065.393  595 2523320.786  2523357.980  2528013.311
 94  K3Pu+F+G4     1208463.982  595 2418117.964  2418155.157  2422810.488
 95  K3Pu+F+I+G4   1208375.047  596 2417942.094  2417979.414  2422642.505
 96  K3Pu+F+R2     1219749.787  596 2440691.573  2440728.894  2445391.984
 97  K3Pu+F+R3     1210746.744  598 2422689.487  2422727.062  2427405.672
 98  K3Pu+F+R4     1207970.931  600 2417141.863  2417179.693  2421873.820
 99  K3Pu+F+R5     1206936.264  602 2415076.529  2415114.616  2419824.259
100  K3Pu+F+R6     1206556.840  604 2414321.681  2414360.025  2419085.185
101  K3Pu+F+R7     1206388.187  606 2413988.374  2414026.977  2418767.651
102  K3Pu+F+R8     1206328.423  608 2413872.847  2413911.708  2418667.897
103  K3Pu+F+R9     1206294.725  610 2413809.449  2413848.570  2418620.272
104  K3Pu+F+R10    1206273.899  612 2413771.797  2413811.180  2418598.394
105  TPM2+F        1260108.475  594 2521404.950  2521442.016  2526089.587
106  TPM2+F+I      1259365.301  595 2519920.601  2519957.794  2524613.125
107  TPM2+F+G4     1206586.904  595 2414363.809  2414401.002  2419056.333
108  TPM2+F+I+G4   1206501.064  596 2414194.129  2414231.449  2418894.540
109  TPM2+F+R2     1217813.714  596 2436819.428  2436856.748  2441519.839
110  TPM2+F+R3     1208838.285  598 2418872.569  2418910.144  2423588.753
111  TPM2+F+R4     1206109.661  600 2413419.321  2413457.152  2418151.278
112  TPM2+F+R5     1205082.214  602 2411368.428  2411406.515  2416116.159
113  TPM2+F+R6     1204725.024  604 2410658.049  2410696.393  2415421.553
114  TPM2+F+R7     1204560.316  606 2410332.633  2410371.235  2415111.910
115  TPM2+F+R8     1204502.618  608 2410221.236  2410260.097  2415016.286
116  TPM2+F+R9     1204470.189  610 2410160.378  2410199.500  2414971.201
117  TPM2+F+R10    1204449.314  612 2410122.628  2410162.010  2414949.225
118  TPM2u+F       1260108.467  594 2521404.934  2521442.001  2526089.572
119  TPM2u+F+I     1259365.306  595 2519920.611  2519957.805  2524613.136
120  TPM2u+F+G4    1206586.912  595 2414363.825  2414401.018  2419056.349
121  TPM2u+F+I+G4  1206501.080  596 2414194.160  2414231.480  2418894.571
122  TPM2u+F+R2    1217813.759  596 2436819.518  2436856.838  2441519.929
123  TPM2u+F+R3    1208838.258  598 2418872.515  2418910.090  2423588.700
124  TPM2u+F+R4    1206109.656  600 2413419.312  2413457.143  2418151.270
125  TPM2u+F+R5    1205082.237  602 2411368.475  2411406.562  2416116.205
126  TPM2u+F+R6    1204725.054  604 2410658.107  2410696.451  2415421.611
127  TPM2u+F+R7    1204560.351  606 2410332.701  2410371.303  2415111.978
128  TPM2u+F+R8    1204502.628  608 2410221.255  2410260.117  2415016.306
129  TPM2u+F+R9    1204470.295  610 2410160.590  2410199.711  2414971.413
130  TPM2u+F+R10   1204449.341  612 2410122.681  2410162.064  2414949.278
131  TPM3+F        1261819.618  594 2524827.237  2524864.303  2529511.874
132  TPM3+F+I      1261064.975  595 2523319.950  2523357.143  2528012.474
133  TPM3+F+G4     1208477.356  595 2418144.713  2418181.906  2422837.237
134  TPM3+F+I+G4   1208388.447  596 2417968.894  2418006.215  2422669.305
135  TPM3+F+R2     1219767.211  596 2440726.422  2440763.742  2445426.833
136  TPM3+F+R3     1210762.598  598 2422721.196  2422758.771  2427437.380
137  TPM3+F+R4     1207983.883  600 2417167.766  2417205.597  2421899.724
138  TPM3+F+R5     1206949.324  602 2415102.649  2415140.736  2419850.379
139  TPM3+F+R6     1206569.359  604 2414346.719  2414385.063  2419110.223
140  TPM3+F+R7     1206399.894  606 2414011.789  2414050.391  2418791.066
141  TPM3+F+R8     1206340.012  608 2413896.024  2413934.886  2418691.075
142  TPM3+F+R9     1206306.270  610 2413832.540  2413871.661  2418643.363
143  TPM3+F+R10    1206285.306  612 2413794.613  2413833.995  2418621.209
144  TPM3u+F       1261819.613  594 2524827.225  2524864.292  2529511.863
145  TPM3u+F+I     1261064.969  595 2523319.939  2523357.132  2528012.463
146  TPM3u+F+G4    1208477.351  595 2418144.703  2418181.896  2422837.227
147  TPM3u+F+I+G4  1208388.438  596 2417968.876  2418006.197  2422669.287
148  TPM3u+F+R2    1219767.257  596 2440726.513  2440763.834  2445426.924
149  TPM3u+F+R3    1210762.603  598 2422721.207  2422758.781  2427437.391
150  TPM3u+F+R4    1207983.883  600 2417167.766  2417205.597  2421899.724
151  TPM3u+F+R5    1206949.300  602 2415102.600  2415140.687  2419850.330
152  TPM3u+F+R6    1206569.303  604 2414346.606  2414384.950  2419110.109
153  TPM3u+F+R7    1206399.808  606 2414011.617  2414050.219  2418790.894
154  TPM3u+F+R8    1206339.962  608 2413895.924  2413934.785  2418690.974
155  TPM3u+F+R9    1206306.285  610 2413832.570  2413871.691  2418643.393
156  TPM3u+F+R10   1206285.321  612 2413794.643  2413834.025  2418621.239
157  TIMe          1261606.671  592 2524397.343  2524434.157  2529066.208
158  TIMe+I        1260848.054  593 2522882.108  2522919.048  2527558.859
159  TIMe+G4       1208894.419  593 2418974.839  2419011.779  2423651.590
160  TIMe+I+G4     1208806.487  594 2418800.974  2418838.041  2423485.612
161  TIMe+R2       1220192.482  594 2441572.965  2441610.031  2446257.603
162  TIMe+R3       1211178.156  596 2423548.312  2423585.632  2428248.723
163  TIMe+R4       1208399.329  598 2417994.658  2418032.233  2422710.843
164  TIMe+R5       1207406.296  600 2416012.592  2416050.423  2420744.550
165  TIMe+R6       1207033.663  602 2415271.326  2415309.413  2420019.056
166  TIMe+R7       1206877.570  604 2414963.141  2415001.485  2419726.644
167  TIMe+R8       1206815.194  606 2414842.388  2414880.990  2419621.665
168  TIMe+R9       1206782.713  608 2414781.426  2414820.287  2419576.476
169  TIMe+R10      1206764.249  610 2414748.497  2414787.619  2419559.321
170  TIM+F         1261199.029  595 2523588.059  2523625.252  2528280.583
171  TIM+F+I       1260438.801  596 2522069.601  2522106.921  2526770.012
172  TIM+F+G4      1208091.961  596 2417375.922  2417413.242  2422076.333
173  TIM+F+I+G4    1208003.438  597 2417200.875  2417238.323  2421909.173
174  TIM+F+R2      1219462.668  597 2440119.336  2440156.784  2444827.634
175  TIM+F+R3      1210392.487  599 2421982.974  2422020.677  2426707.045
176  TIM+F+R4      1207594.388  601 2416390.775  2416428.734  2421130.619
177  TIM+F+R5      1206579.540  603 2414365.079  2414403.295  2419120.697
178  TIM+F+R6      1206197.829  605 2413605.657  2413644.130  2418377.048
179  TIM+F+R7      1206032.895  607 2413279.789  2413318.521  2418066.953
180  TIM+F+R8      1205970.001  609 2413158.002  2413196.993  2417960.939
181  TIM+F+R9      1205936.698  611 2413095.396  2413134.648  2417914.106
182  TIM+F+R10     1205917.221  613 2413060.442  2413099.955  2417894.926
183  TIM2e         1259383.420  592 2519950.840  2519987.654  2524619.705
184  TIM2e+I       1258637.119  593 2518460.238  2518497.178  2523136.989
185  TIM2e+G4      1206433.954  593 2414053.909  2414090.849  2418730.660
186  TIM2e+I+G4    1206349.907  594 2413887.815  2413924.881  2418572.452
187  TIM2e+R2      1217672.354  594 2436532.708  2436569.775  2441217.346
188  TIM2e+R3      1208704.405  596 2418600.811  2418638.131  2423301.222
189  TIM2e+R4      1205952.617  598 2413101.234  2413138.809  2417817.419
190  TIM2e+R5      1204973.127  600 2411146.255  2411184.085  2415878.212
191  TIM2e+R6      1204623.315  602 2410450.630  2410488.717  2415198.361
192  TIM2e+R7      1204465.325  604 2410138.650  2410176.994  2414902.153
193  TIM2e+R8      1204407.555  606 2410027.109  2410065.712  2414806.386
194  TIM2e+R9      1204376.005  608 2409968.011  2410006.872  2414763.061
195  TIM2e+R10     1204357.180  610 2409934.360  2409973.481  2414745.183
196  TIM2+F        1259539.187  595 2520268.375  2520305.568  2524960.899
197  TIM2+F+I      1258789.695  596 2518771.391  2518808.711  2523471.802
198  TIM2+F+G4     1206241.526  596 2413675.052  2413712.373  2418375.463
199  TIM2+F+I+G4   1206156.415  597 2413506.830  2413544.277  2418215.127
200  TIM2+F+R2     1217554.105  597 2436302.211  2436339.658  2441010.508
201  TIM2+F+R3     1208517.305  599 2418232.610  2418270.312  2422956.680
202  TIM2+F+R4     1205756.492  601 2412714.984  2412752.943  2417454.828
203  TIM2+F+R5     1204753.129  603 2410712.258  2410750.473  2415467.875
204  TIM2+F+R6     1204390.443  605 2409990.886  2410029.359  2414762.276
205  TIM2+F+R7     1204227.827  607 2409669.653  2409708.385  2414456.817
206  TIM2+F+R8     1204168.246  609 2409554.491  2409593.483  2414357.428
207  TIM2+F+R9     1204135.628  611 2409493.257  2409532.509  2414311.967
208  TIM2+F+R10    1204115.846  613 2409457.692  2409497.206  2414292.176
209  TIM3e         1261596.990  592 2524377.981  2524414.794  2529046.845
210  TIM3e+I       1260837.622  593 2522861.244  2522898.184  2527537.995
211  TIM3e+G4      1208911.072  593 2419008.143  2419045.083  2423684.894
212  TIM3e+I+G4    1208823.170  594 2418834.341  2418871.408  2423518.979
213  TIM3e+R2      1220213.778  594 2441615.555  2441652.622  2446300.193
214  TIM3e+R3      1211197.686  596 2423587.372  2423624.692  2428287.783
215  TIM3e+R4      1208415.306  598 2418026.613  2418064.188  2422742.797
216  TIM3e+R5      1207423.263  600 2416046.527  2416084.357  2420778.484
217  TIM3e+R6      1207049.599  602 2415303.198  2415341.284  2420050.928
218  TIM3e+R7      1206893.387  604 2414994.773  2415033.117  2419758.277
219  TIM3e+R8      1206830.820  606 2414873.641  2414912.243  2419652.918
220  TIM3e+R9      1206798.120  608 2414812.240  2414851.102  2419607.290
221  TIM3e+R10     1206779.541  610 2414779.082  2414818.204  2419589.906
222  TIM3+F        1261199.931  595 2523589.862  2523627.055  2528282.387
223  TIM3+F+I      1260439.155  596 2522070.310  2522107.631  2526770.721
224  TIM3+F+G4     1208105.000  596 2417402.000  2417439.320  2422102.411
225  TIM3+F+I+G4   1208016.477  597 2417226.955  2417264.402  2421935.252
226  TIM3+F+R2     1219479.875  597 2440153.750  2440191.197  2444862.047
227  TIM3+F+R3     1210407.613  599 2422013.226  2422050.928  2426737.297
228  TIM3+F+R4     1207606.921  601 2416415.842  2416453.800  2421155.686
229  TIM3+F+R5     1206592.473  603 2414390.945  2414429.161  2419146.562
230  TIM3+F+R6     1206210.176  605 2413630.352  2413668.825  2418401.742
231  TIM3+F+R7     1206044.511  607 2413303.022  2413341.754  2418090.186
232  TIM3+F+R8     1205981.442  609 2413180.883  2413219.875  2417983.820
233  TIM3+F+R9     1205947.913  611 2413117.825  2413157.077  2417936.535
234  TIM3+F+R10    1205928.420  613 2413082.841  2413122.354  2417917.324
235  TVMe          1260429.276  593 2522044.552  2522081.492  2526721.303
236  TVMe+I        1259690.988  594 2520569.975  2520607.042  2525254.613
237  TVMe+G4       1207187.949  594 2415563.898  2415600.965  2420248.536
238  TVMe+I+G4     1207102.860  595 2415395.719  2415432.912  2420088.243
239  TVMe+R2       1218289.741  595 2437769.482  2437806.676  2442462.007
240  TVMe+R3       1209412.510  597 2420019.019  2420056.467  2424727.317
241  TVMe+R4       1206720.550  599 2414639.100  2414676.802  2419363.171
242  TVMe+R5       1205703.502  601 2412609.005  2412646.963  2417348.849
243  TVMe+R6       1205363.548  603 2411933.096  2411971.312  2416688.714
244  TVMe+R7       1205204.050  605 2411618.099  2411656.572  2416389.489
245  TVMe+R8       1205147.252  607 2411508.504  2411547.235  2416295.667
246  TVMe+R9       1205115.728  609 2411449.457  2411488.448  2416252.393
247  TVMe+R10      1205095.018  611 2411412.036  2411451.288  2416230.746
248  TVM+F         1260077.189  596 2521346.378  2521383.698  2526046.789
249  TVM+F+I       1259333.299  597 2519860.597  2519898.045  2524568.895
250  TVM+F+G4      1206577.129  597 2414348.258  2414385.705  2419056.555
251  TVM+F+I+G4    1206491.324  598 2414178.647  2414216.222  2418894.831
252  TVM+F+R2      1217803.909  598 2436803.819  2436841.393  2441520.003
253  TVM+F+R3      1208826.910  600 2418853.821  2418891.651  2423585.778
254  TVM+F+R4      1206100.081  602 2413404.161  2413442.248  2418151.892
255  TVM+F+R5      1205072.108  604 2411352.217  2411390.561  2416115.721
256  TVM+F+R6      1204715.306  606 2410642.611  2410681.214  2415421.888
257  TVM+F+R7      1204551.116  608 2410318.232  2410357.094  2415113.283
258  TVM+F+R8      1204492.902  610 2410205.805  2410244.926  2415016.628
259  TVM+F+R9      1204460.390  612 2410144.780  2410184.163  2414971.377
260  TVM+F+R10     1204439.341  614 2410106.682  2410146.326  2414949.051
261  SYM           1259331.818  594 2519851.637  2519888.703  2524536.275
262  SYM+I         1258584.525  595 2518359.049  2518396.243  2523051.574
263  SYM+G4        1206420.795  595 2414031.589  2414068.783  2418724.114
264  SYM+I+G4      1206336.783  596 2413865.565  2413902.885  2418565.976
265  SYM+R2        1217657.850  596 2436507.699  2436545.019  2441208.110
266  SYM+R3        1208690.374  598 2418576.748  2418614.323  2423292.933
267  SYM+R4        1205939.768  600 2413079.537  2413117.367  2417811.494
268  SYM+R5        1204960.536  602 2411125.072  2411163.158  2415872.802
269  SYM+R6        1204610.641  604 2410429.282  2410467.626  2415192.786
270  SYM+R7        1204453.281  606 2410118.562  2410157.165  2414897.839
271  SYM+R8        1204395.451  608 2410006.903  2410045.764  2414801.953
272  SYM+R9        1204363.854  610 2409947.707  2409986.829  2414758.531
273  SYM+R10       1204344.780  612 2409913.561  2409952.943  2414740.157
274  GTR+F         1259509.147  597 2520212.295  2520249.742  2524920.592
275  GTR+F+I       1258758.938  598 2518713.877  2518751.452  2523430.061
276  GTR+F+G4      1206231.976  598 2413659.953  2413697.528  2418376.137
277  GTR+F+I+G4    1206146.914  599 2413491.828  2413529.530  2418215.899
278  GTR+F+R2      1217544.568  599 2436287.137  2436324.839  2441011.207
279  GTR+F+R3      1208506.538  601 2418215.076  2418253.034  2422954.920
280  GTR+F+R4      1205747.578  603 2412701.157  2412739.372  2417456.774
281  GTR+F+R5      1204743.604  605 2410697.208  2410735.681  2415468.599
282  GTR+F+R6      1204380.873  607 2409975.745  2410014.477  2414762.909
283  GTR+F+R7      1204218.322  609 2409654.644  2409693.636  2414457.581
284  GTR+F+R8      1204158.764  611 2409539.528  2409578.780  2414358.238
285  GTR+F+R9      1204126.119  613 2409478.237  2409517.750  2414312.720
286  GTR+F+R10     1204106.268  615 2409442.536  2409482.312  2414292.793
Akaike Information Criterion:           GTR+F+R10
Corrected Akaike Information Criterion: GTR+F+R10
Bayesian Information Criterion:         TIM2+F+R10
Best-fit model: TIM2+F+R10 chosen according to BIC

All model information printed to polymerase_summary_align.fasta.model.gz
CPU time for ModelFinder: 17228.748 seconds (4h:47m:8s)
Wall-clock time for ModelFinder: 22675.789 seconds (6h:17m:55s)
Generating 1000 samples for ultrafast bootstrap (seed: 135979)...

NOTE: 1419 MB RAM (1 GB) is required!
Estimate model parameters (epsilon = 0.100)
1. Initial log-likelihood: -1235195.061
2. Current log-likelihood: -1204307.487
3. Current log-likelihood: -1204120.565
4. Current log-likelihood: -1204118.717
5. Current log-likelihood: -1204117.563
6. Current log-likelihood: -1204116.642
7. Current log-likelihood: -1204115.941
8. Current log-likelihood: -1204115.374
9. Current log-likelihood: -1204115.024
10. Current log-likelihood: -1204114.695
11. Current log-likelihood: -1204114.433
12. Current log-likelihood: -1204114.285
13. Current log-likelihood: -1204114.161
14. Current log-likelihood: -1204114.042
15. Current log-likelihood: -1204113.938
Optimal log-likelihood: -1204113.779
Rate parameters:  A-C: 1.60485  A-G: 3.51612  A-T: 1.60485  C-G: 1.00000  C-T: 4.18987  G-T: 1.00000
Base frequencies:  A: 0.251  C: 0.255  G: 0.232  T: 0.262
Site proportion and rates:  (0.035,0.066) (0.070,0.191) (0.116,0.331) (0.125,0.474) (0.140,0.623) (0.126,0.823) (0.102,1.061) (0.107,1.439) (0.116,2.078) (0.064,3.037)
Parameters optimization took 15 rounds (346.358 sec)
Computing ML distances based on estimated model parameters... 8.680 sec
Computing BIONJ tree...
0.024 seconds
Log-likelihood of BIONJ tree: -1206087.816
--------------------------------------------------------------------
|             INITIALIZING CANDIDATE TREE SET                      |
--------------------------------------------------------------------
Generating 98 parsimony trees... 25.410 second
Computing log-likelihood of 98 initial trees ... 293.107 seconds
Current best score: -1204113.779

Do NNI search on 20 best initial trees
Estimate model parameters (epsilon = 0.100)
BETTER TREE FOUND at iteration 1: -1203973.527
Estimate model parameters (epsilon = 0.100)
BETTER TREE FOUND at iteration 2: -1203801.730
Iteration 10 / LogL: -1203828.307 / Time: 0h:17m:21s
Estimate model parameters (epsilon = 0.100)
BETTER TREE FOUND at iteration 20: -1203758.510
Iteration 20 / LogL: -1203758.510 / Time: 0h:22m:56s
Finish initializing candidate tree set (8)
Current best tree score: -1203758.510 / CPU time: 1000.636
Number of iterations: 20
--------------------------------------------------------------------
|               OPTIMIZING CANDIDATE TREE SET                      |
--------------------------------------------------------------------
Iteration 30 / LogL: -1203760.214 / Time: 0h:28m:15s (1h:27m:40s left)
Iteration 40 / LogL: -1203758.963 / Time: 0h:33m:29s (1h:8m:41s left)
Iteration 50 / LogL: -1203788.764 / Time: 0h:38m:38s (0h:55m:12s left)
Log-likelihood cutoff on original alignment: -1203822.064
Iteration 60 / LogL: -1203781.097 / Time: 0h:44m:4s (0h:44m:48s left)
Iteration 70 / LogL: -1203759.134 / Time: 0h:49m:14s (0h:35m:40s left)
Iteration 80 / LogL: -1203841.248 / Time: 0h:56m:19s (0h:28m:30s left)
Iteration 90 / LogL: -1203762.047 / Time: 7h:15m:3s (2h:26m:38s left)
Iteration 100 / LogL: -1203766.027 / Time: 7h:24m:45s (1h:29m:50s left)
Log-likelihood cutoff on original alignment: -1203821.703
NOTE: Bootstrap correlation coefficient of split occurrence frequencies: 0.998
Iteration 110 / LogL: -1203761.329 / Time: 7h:34m:31s (6h:15m:17s left)
Estimate model parameters (epsilon = 0.100)
UPDATE BEST LOG-LIKELIHOOD: -1203754.522
Iteration 120 / LogL: -1203770.308 / Time: 7h:46m:20s (5h:13m:30s left)
TREE SEARCH COMPLETED AFTER 121 ITERATIONS / Time: 7h:47m:21s

--------------------------------------------------------------------
|                    FINALIZING TREE SEARCH                        |
--------------------------------------------------------------------
Performs final model parameters optimization
Estimate model parameters (epsilon = 0.010)
1. Initial log-likelihood: -1203754.522
2. Current log-likelihood: -1203754.470
3. Current log-likelihood: -1203754.406
4. Current log-likelihood: -1203754.356
5. Current log-likelihood: -1203754.324
6. Current log-likelihood: -1203754.282
7. Current log-likelihood: -1203754.267
8. Current log-likelihood: -1203754.253
9. Current log-likelihood: -1203754.239
10. Current log-likelihood: -1203754.228
11. Current log-likelihood: -1203754.216
12. Current log-likelihood: -1203754.206
13. Current log-likelihood: -1203754.196
Optimal log-likelihood: -1203754.182
Rate parameters:  A-C: 1.60812  A-G: 3.53342  A-T: 1.60812  C-G: 1.00000  C-T: 4.21052  G-T: 1.00000
Base frequencies:  A: 0.251  C: 0.255  G: 0.232  T: 0.262
Site proportion and rates:  (0.035,0.067) (0.073,0.194) (0.122,0.337) (0.127,0.486) (0.136,0.632) (0.126,0.834) (0.100,1.075) (0.106,1.458) (0.116,2.103) (0.060,3.076)
Parameters optimization took 13 rounds (236.854 sec)
BEST SCORE FOUND : -1203754.182
Creating bootstrap support values...
Split supports printed to NEXUS file polymerase_summary_align.fasta.splits.nex
Total tree length: 71.924

Total number of iterations: 121
CPU time used for tree search: 5531.552 sec (1h:32m:11s)
Wall-clock time used for tree search: 27665.585 sec (7h:41m:5s)
Total CPU time used: 6143.736 sec (1h:42m:23s)
Total wall-clock time used: 28279.522 sec (7h:51m:19s)

Computing bootstrap consensus tree...
Reading input file polymerase_summary_align.fasta.splits.nex...
296 taxa and 705 splits.
Consensus tree written to polymerase_summary_align.fasta.contree
Reading input trees file polymerase_summary_align.fasta.contree
Log-likelihood of consensus tree: -1203754.343

Analysis results written to: 
  IQ-TREE report:                polymerase_summary_align.fasta.iqtree
  Maximum-likelihood tree:       polymerase_summary_align.fasta.treefile
  Likelihood distances:          polymerase_summary_align.fasta.mldist

Ultrafast bootstrap approximation results written to:
  Split support values:          polymerase_summary_align.fasta.splits.nex
  Consensus tree:                polymerase_summary_align.fasta.contree
  Screen log file:               polymerase_summary_align.fasta.log

Date and Time: Mon Jun 16 06:55:25 2025
