ERROR: Unable to locate a modulefile for 'emacs/25.1'
ERROR: Unable to locate a modulefile for 'python/3.6'
ERROR: Unable to locate a modulefile for 'java/1.8.0_121'
ERROR: Unable to locate a modulefile for 'cmake/3.15.1'

RAxML-NG v. 1.1.0-master released on 22.06.2022 by The Exelixis Lab.
Developed by: Alexey M. Kozlov and Alexandros Stamatakis.
Contributors: Diego Darriba, Tomas Flouri, Benoit Morel, Sarah Lutteropp, Ben Bettisworth.
Latest version: https://github.com/amkozlov/raxml-ng
Questions/problems/suggestions? Please visit: https://groups.google.com/forum/#!forum/raxml

System: Intel(R) Xeon(R) CPU E5-2680 v4 @ 2.40GHz, 28 cores, 62 GB RAM

RAxML-NG was called at 10-Sep-2023 11:07:16 as follows:

raxml-ng-mpi --bootstrap --msa africa_caliciviridae_over1kb_align.fasta --model GTR+G4 --prefix T3 --seed 2 --threads auto{8}

Analysis options:
  run mode: Bootstrapping
  start tree(s): 
  bootstrap replicates: max: 1000 + bootstopping (autoMRE, cutoff: 0.030000)
  random seed: 2
  tip-inner: OFF
  pattern compression: ON
  per-rate scalers: OFF
  site repeats: ON
  branch lengths: proportional (ML estimate, algorithm: NR-FAST)
  SIMD kernels: AVX2
  parallelization: coarse-grained (auto), PTHREADS (auto)

[00:00:00] Reading alignment from file: africa_caliciviridae_over1kb_align.fasta
[00:00:00] Loaded alignment with 42 taxa and 31962 sites

WARNING: Sequences MW856467.1 and MZ291972.1 are exactly identical!
WARNING: Duplicate sequences found: 1

NOTE: Reduced alignment (with duplicates and gap-only sites/taxa removed) 
NOTE: was saved to: /home/gkettenburg/RAxML_tree/africa_caliciviridae_raxml/T3.raxml.reduced.phy

Alignment comprises 1 partitions and 8400 patterns

Partition 0: noname
Model: GTR+FO+G4m
Alignment sites / patterns: 31962 / 8400
Gaps: 84.53 %
Invariant sites: 73.61 %


NOTE: Binary MSA file created: T3.raxml.rba

Parallelization scheme autoconfig: 1 worker(s) x 8 thread(s)

Error calling pthread_setaffinity_np: 22
Parallel reduction/worker buffer size: 1 KB  / 0 KB

[00:00:00] Data distribution: max. partitions/sites/weight per thread: 1 / 1050 / 16800
[00:00:01] Data distribution: max. searches per worker: 1000
[00:00:01] Starting bootstrapping analysis with 1000 replicates.

[00:00:19] Bootstrap tree #1, logLikelihood: -155264.655606
[00:00:34] Bootstrap tree #2, logLikelihood: -155113.704673
[00:00:46] Bootstrap tree #3, logLikelihood: -154988.113945
[00:00:59] Bootstrap tree #4, logLikelihood: -156706.257736
[00:01:10] Bootstrap tree #5, logLikelihood: -152142.498737
[00:01:22] Bootstrap tree #6, logLikelihood: -154467.934300
[00:01:35] Bootstrap tree #7, logLikelihood: -153123.926606
[00:01:49] Bootstrap tree #8, logLikelihood: -156333.119457
[00:02:05] Bootstrap tree #9, logLikelihood: -152690.799169
[00:02:17] Bootstrap tree #10, logLikelihood: -153618.260516
[00:02:28] Bootstrap tree #11, logLikelihood: -154158.915677
[00:02:39] Bootstrap tree #12, logLikelihood: -155325.076533
[00:02:51] Bootstrap tree #13, logLikelihood: -154398.140030
[00:03:06] Bootstrap tree #14, logLikelihood: -154252.575737
[00:03:19] Bootstrap tree #15, logLikelihood: -155082.982815
[00:03:30] Bootstrap tree #16, logLikelihood: -153644.675716
[00:03:45] Bootstrap tree #17, logLikelihood: -154243.881907
[00:04:01] Bootstrap tree #18, logLikelihood: -153967.032110
[00:04:15] Bootstrap tree #19, logLikelihood: -154678.614993
[00:04:31] Bootstrap tree #20, logLikelihood: -153895.201380
[00:04:42] Bootstrap tree #21, logLikelihood: -154017.980277
[00:04:53] Bootstrap tree #22, logLikelihood: -154768.896978
[00:05:04] Bootstrap tree #23, logLikelihood: -152773.772471
[00:05:16] Bootstrap tree #24, logLikelihood: -154792.097964
[00:05:28] Bootstrap tree #25, logLikelihood: -154177.662491
[00:05:40] Bootstrap tree #26, logLikelihood: -152551.877336
[00:05:54] Bootstrap tree #27, logLikelihood: -152297.106926
[00:06:09] Bootstrap tree #28, logLikelihood: -153209.873137
[00:06:21] Bootstrap tree #29, logLikelihood: -152986.260102
[00:06:33] Bootstrap tree #30, logLikelihood: -157550.160585
[00:06:46] Bootstrap tree #31, logLikelihood: -155758.084276
[00:06:58] Bootstrap tree #32, logLikelihood: -155484.202180
[00:07:10] Bootstrap tree #33, logLikelihood: -153186.432632
[00:07:23] Bootstrap tree #34, logLikelihood: -152979.484452
[00:07:38] Bootstrap tree #35, logLikelihood: -154514.778447
[00:07:49] Bootstrap tree #36, logLikelihood: -153369.128251
[00:08:00] Bootstrap tree #37, logLikelihood: -155081.653481
[00:08:17] Bootstrap tree #38, logLikelihood: -155712.801665
[00:08:29] Bootstrap tree #39, logLikelihood: -152799.461429
[00:08:42] Bootstrap tree #40, logLikelihood: -152217.867859
[00:08:54] Bootstrap tree #41, logLikelihood: -154647.189366
[00:09:07] Bootstrap tree #42, logLikelihood: -153584.564509
[00:09:19] Bootstrap tree #43, logLikelihood: -154914.809959
[00:09:30] Bootstrap tree #44, logLikelihood: -154293.938481
[00:09:44] Bootstrap tree #45, logLikelihood: -153191.672209
[00:09:56] Bootstrap tree #46, logLikelihood: -153204.460413
[00:10:07] Bootstrap tree #47, logLikelihood: -154196.301759
[00:10:21] Bootstrap tree #48, logLikelihood: -154195.877379
[00:10:32] Bootstrap tree #49, logLikelihood: -154818.051923
[00:10:44] Bootstrap tree #50, logLikelihood: -154892.074124
[00:10:57] Bootstrap tree #51, logLikelihood: -154565.518878
[00:11:09] Bootstrap tree #52, logLikelihood: -155822.319254
[00:11:28] Bootstrap tree #53, logLikelihood: -155596.845307
[00:11:41] Bootstrap tree #54, logLikelihood: -154605.928235
[00:11:56] Bootstrap tree #55, logLikelihood: -154018.748069
[00:12:09] Bootstrap tree #56, logLikelihood: -153330.954944
[00:12:23] Bootstrap tree #57, logLikelihood: -155204.811241
[00:12:35] Bootstrap tree #58, logLikelihood: -152359.342183
[00:12:48] Bootstrap tree #59, logLikelihood: -156227.611852
[00:13:00] Bootstrap tree #60, logLikelihood: -154774.765263
[00:13:14] Bootstrap tree #61, logLikelihood: -153927.491681
[00:13:25] Bootstrap tree #62, logLikelihood: -156199.046213
[00:13:40] Bootstrap tree #63, logLikelihood: -152612.367463
[00:13:54] Bootstrap tree #64, logLikelihood: -155729.294340
[00:14:08] Bootstrap tree #65, logLikelihood: -154739.490229
[00:14:20] Bootstrap tree #66, logLikelihood: -155798.806701
[00:14:36] Bootstrap tree #67, logLikelihood: -156813.732487
[00:14:48] Bootstrap tree #68, logLikelihood: -153672.678801
[00:15:03] Bootstrap tree #69, logLikelihood: -155806.727204
[00:15:17] Bootstrap tree #70, logLikelihood: -154207.849733
[00:15:28] Bootstrap tree #71, logLikelihood: -154913.389558
[00:15:40] Bootstrap tree #72, logLikelihood: -154882.792017
[00:15:53] Bootstrap tree #73, logLikelihood: -155345.428272
[00:16:05] Bootstrap tree #74, logLikelihood: -153793.724825
[00:16:17] Bootstrap tree #75, logLikelihood: -156386.214603
[00:16:32] Bootstrap tree #76, logLikelihood: -155845.939696
[00:16:45] Bootstrap tree #77, logLikelihood: -153408.175651
[00:17:00] Bootstrap tree #78, logLikelihood: -157395.085107
[00:17:12] Bootstrap tree #79, logLikelihood: -154675.187299
[00:17:26] Bootstrap tree #80, logLikelihood: -153789.786647
[00:17:39] Bootstrap tree #81, logLikelihood: -152938.480307
[00:17:53] Bootstrap tree #82, logLikelihood: -157119.056189
[00:18:05] Bootstrap tree #83, logLikelihood: -154136.136366
[00:18:18] Bootstrap tree #84, logLikelihood: -155106.882354
[00:18:31] Bootstrap tree #85, logLikelihood: -153671.409045
[00:18:44] Bootstrap tree #86, logLikelihood: -155931.489838
[00:18:56] Bootstrap tree #87, logLikelihood: -155357.707438
[00:19:12] Bootstrap tree #88, logLikelihood: -155275.403909
[00:19:27] Bootstrap tree #89, logLikelihood: -151895.879123
[00:19:42] Bootstrap tree #90, logLikelihood: -153736.811229
[00:19:56] Bootstrap tree #91, logLikelihood: -154712.043164
[00:20:09] Bootstrap tree #92, logLikelihood: -154571.434494
[00:20:26] Bootstrap tree #93, logLikelihood: -154887.995518
[00:20:39] Bootstrap tree #94, logLikelihood: -154055.804800
[00:20:53] Bootstrap tree #95, logLikelihood: -154232.134695
[00:21:09] Bootstrap tree #96, logLikelihood: -153877.912219
[00:21:23] Bootstrap tree #97, logLikelihood: -155452.732132
[00:21:34] Bootstrap tree #98, logLikelihood: -155016.891913
[00:21:48] Bootstrap tree #99, logLikelihood: -154696.394297
[00:22:02] Bootstrap tree #100, logLikelihood: -153321.731210
[00:22:13] Bootstrap tree #101, logLikelihood: -154488.784360
[00:22:24] Bootstrap tree #102, logLikelihood: -155446.314388
[00:22:36] Bootstrap tree #103, logLikelihood: -153774.156711
[00:22:49] Bootstrap tree #104, logLikelihood: -156087.409198
[00:23:03] Bootstrap tree #105, logLikelihood: -154614.603010
[00:23:15] Bootstrap tree #106, logLikelihood: -154985.715809
[00:23:29] Bootstrap tree #107, logLikelihood: -154678.694662
[00:23:48] Bootstrap tree #108, logLikelihood: -154986.866898
[00:24:00] Bootstrap tree #109, logLikelihood: -155132.204839
[00:24:11] Bootstrap tree #110, logLikelihood: -155694.887224
[00:24:23] Bootstrap tree #111, logLikelihood: -158227.859315
[00:24:35] Bootstrap tree #112, logLikelihood: -154435.681823
[00:24:48] Bootstrap tree #113, logLikelihood: -155223.777170
[00:25:00] Bootstrap tree #114, logLikelihood: -154521.554556
[00:25:12] Bootstrap tree #115, logLikelihood: -152932.824890
[00:25:24] Bootstrap tree #116, logLikelihood: -153503.768500
[00:25:35] Bootstrap tree #117, logLikelihood: -152516.307133
[00:25:51] Bootstrap tree #118, logLikelihood: -154393.058842
[00:26:05] Bootstrap tree #119, logLikelihood: -154964.763535
[00:26:21] Bootstrap tree #120, logLikelihood: -153966.611511
[00:26:34] Bootstrap tree #121, logLikelihood: -151461.331646
[00:26:48] Bootstrap tree #122, logLikelihood: -153428.182759
[00:27:01] Bootstrap tree #123, logLikelihood: -154189.253345
[00:27:14] Bootstrap tree #124, logLikelihood: -152382.175845
[00:27:29] Bootstrap tree #125, logLikelihood: -154475.215509
[00:27:41] Bootstrap tree #126, logLikelihood: -155160.788574
[00:27:57] Bootstrap tree #127, logLikelihood: -153091.088102
[00:28:10] Bootstrap tree #128, logLikelihood: -154946.321789
[00:28:22] Bootstrap tree #129, logLikelihood: -156430.029794
[00:28:35] Bootstrap tree #130, logLikelihood: -154415.773267
[00:28:51] Bootstrap tree #131, logLikelihood: -154506.964251
[00:29:01] Bootstrap tree #132, logLikelihood: -153278.860139
[00:29:14] Bootstrap tree #133, logLikelihood: -153832.995607
[00:29:28] Bootstrap tree #134, logLikelihood: -154630.906290
[00:29:40] Bootstrap tree #135, logLikelihood: -154935.921214
[00:29:52] Bootstrap tree #136, logLikelihood: -153239.115764
[00:30:04] Bootstrap tree #137, logLikelihood: -150627.948169
[00:30:18] Bootstrap tree #138, logLikelihood: -157082.296917
[00:30:33] Bootstrap tree #139, logLikelihood: -153122.124397
[00:30:43] Bootstrap tree #140, logLikelihood: -154000.323640
[00:30:57] Bootstrap tree #141, logLikelihood: -154807.634452
[00:31:11] Bootstrap tree #142, logLikelihood: -156230.922453
[00:31:23] Bootstrap tree #143, logLikelihood: -157083.439578
[00:31:34] Bootstrap tree #144, logLikelihood: -153224.031015
[00:31:47] Bootstrap tree #145, logLikelihood: -153950.751011
[00:32:02] Bootstrap tree #146, logLikelihood: -153832.555374
[00:32:14] Bootstrap tree #147, logLikelihood: -154613.598429
[00:32:25] Bootstrap tree #148, logLikelihood: -154770.835050
[00:32:39] Bootstrap tree #149, logLikelihood: -152234.903403
[00:32:54] Bootstrap tree #150, logLikelihood: -156492.468992
[00:33:08] Bootstrap tree #151, logLikelihood: -154966.084643
[00:33:21] Bootstrap tree #152, logLikelihood: -156308.636299
[00:33:33] Bootstrap tree #153, logLikelihood: -152177.872423
[00:33:46] Bootstrap tree #154, logLikelihood: -153876.968270
[00:33:59] Bootstrap tree #155, logLikelihood: -154338.531284
[00:34:10] Bootstrap tree #156, logLikelihood: -152798.649031
[00:34:24] Bootstrap tree #157, logLikelihood: -154683.802875
[00:34:36] Bootstrap tree #158, logLikelihood: -153864.463683
[00:34:51] Bootstrap tree #159, logLikelihood: -153955.986935
[00:35:03] Bootstrap tree #160, logLikelihood: -153217.632070
[00:35:15] Bootstrap tree #161, logLikelihood: -155467.300458
[00:35:27] Bootstrap tree #162, logLikelihood: -152451.258199
[00:35:42] Bootstrap tree #163, logLikelihood: -152861.230955
[00:35:54] Bootstrap tree #164, logLikelihood: -154473.259702
[00:36:10] Bootstrap tree #165, logLikelihood: -152937.146430
[00:36:24] Bootstrap tree #166, logLikelihood: -153600.963604
[00:36:37] Bootstrap tree #167, logLikelihood: -154029.177813
[00:36:48] Bootstrap tree #168, logLikelihood: -152898.516463
[00:37:02] Bootstrap tree #169, logLikelihood: -154437.284095
[00:37:14] Bootstrap tree #170, logLikelihood: -153090.550922
[00:37:28] Bootstrap tree #171, logLikelihood: -155691.288193
[00:37:41] Bootstrap tree #172, logLikelihood: -153767.528078
[00:37:52] Bootstrap tree #173, logLikelihood: -154154.984946
[00:38:06] Bootstrap tree #174, logLikelihood: -155106.323539
[00:38:21] Bootstrap tree #175, logLikelihood: -154102.267785
[00:38:34] Bootstrap tree #176, logLikelihood: -154181.095438
[00:38:48] Bootstrap tree #177, logLikelihood: -153720.078052
[00:38:59] Bootstrap tree #178, logLikelihood: -153662.192977
[00:39:15] Bootstrap tree #179, logLikelihood: -155831.499055
[00:39:31] Bootstrap tree #180, logLikelihood: -154995.371559
[00:39:46] Bootstrap tree #181, logLikelihood: -156010.700624
[00:39:58] Bootstrap tree #182, logLikelihood: -154812.234201
[00:40:14] Bootstrap tree #183, logLikelihood: -154246.885412
[00:40:27] Bootstrap tree #184, logLikelihood: -154022.218879
[00:40:41] Bootstrap tree #185, logLikelihood: -151714.257922
[00:40:57] Bootstrap tree #186, logLikelihood: -155041.630695
[00:41:11] Bootstrap tree #187, logLikelihood: -154094.446809
[00:41:24] Bootstrap tree #188, logLikelihood: -153824.836977
[00:41:37] Bootstrap tree #189, logLikelihood: -155690.985777
[00:41:50] Bootstrap tree #190, logLikelihood: -154813.775387
[00:42:06] Bootstrap tree #191, logLikelihood: -154458.151840
[00:42:22] Bootstrap tree #192, logLikelihood: -153701.810306
[00:42:34] Bootstrap tree #193, logLikelihood: -152173.994437
[00:42:45] Bootstrap tree #194, logLikelihood: -155068.647856
[00:42:58] Bootstrap tree #195, logLikelihood: -152195.844102
[00:43:11] Bootstrap tree #196, logLikelihood: -153885.034141
[00:43:24] Bootstrap tree #197, logLikelihood: -156197.400029
[00:43:38] Bootstrap tree #198, logLikelihood: -154085.005106
[00:43:49] Bootstrap tree #199, logLikelihood: -154085.355509
[00:44:03] Bootstrap tree #200, logLikelihood: -155810.189988
[00:44:17] Bootstrap tree #201, logLikelihood: -151271.773601
[00:44:30] Bootstrap tree #202, logLikelihood: -155507.920327
[00:44:46] Bootstrap tree #203, logLikelihood: -154233.448431
[00:45:00] Bootstrap tree #204, logLikelihood: -153829.359080
[00:45:12] Bootstrap tree #205, logLikelihood: -153779.554911
[00:45:25] Bootstrap tree #206, logLikelihood: -153894.422969
[00:45:37] Bootstrap tree #207, logLikelihood: -154263.057769
[00:45:53] Bootstrap tree #208, logLikelihood: -155161.626366
[00:46:08] Bootstrap tree #209, logLikelihood: -153835.506706
[00:46:20] Bootstrap tree #210, logLikelihood: -153699.708752
[00:46:31] Bootstrap tree #211, logLikelihood: -156391.928397
[00:46:43] Bootstrap tree #212, logLikelihood: -155769.012761
[00:46:56] Bootstrap tree #213, logLikelihood: -155379.909478
[00:47:12] Bootstrap tree #214, logLikelihood: -154233.773447
[00:47:25] Bootstrap tree #215, logLikelihood: -154084.266450
[00:47:37] Bootstrap tree #216, logLikelihood: -154431.114970
[00:47:51] Bootstrap tree #217, logLikelihood: -154894.124223
[00:48:07] Bootstrap tree #218, logLikelihood: -155317.928552
[00:48:20] Bootstrap tree #219, logLikelihood: -153895.312388
[00:48:32] Bootstrap tree #220, logLikelihood: -155339.918035
[00:48:43] Bootstrap tree #221, logLikelihood: -153285.780035
[00:48:58] Bootstrap tree #222, logLikelihood: -152901.426499
[00:49:10] Bootstrap tree #223, logLikelihood: -152501.918199
[00:49:21] Bootstrap tree #224, logLikelihood: -153436.816545
[00:49:31] Bootstrap tree #225, logLikelihood: -157001.850290
[00:49:44] Bootstrap tree #226, logLikelihood: -153424.543504
[00:49:56] Bootstrap tree #227, logLikelihood: -154652.246561
[00:50:07] Bootstrap tree #228, logLikelihood: -154908.058101
[00:50:19] Bootstrap tree #229, logLikelihood: -154515.876866
[00:50:32] Bootstrap tree #230, logLikelihood: -155760.579310
[00:50:45] Bootstrap tree #231, logLikelihood: -154919.843006
[00:50:59] Bootstrap tree #232, logLikelihood: -154008.484587
[00:51:13] Bootstrap tree #233, logLikelihood: -155448.376432
[00:51:25] Bootstrap tree #234, logLikelihood: -153162.737848
[00:51:37] Bootstrap tree #235, logLikelihood: -152695.902295
[00:51:51] Bootstrap tree #236, logLikelihood: -154102.200333
[00:52:03] Bootstrap tree #237, logLikelihood: -154330.738487
[00:52:16] Bootstrap tree #238, logLikelihood: -152803.434296
[00:52:28] Bootstrap tree #239, logLikelihood: -156894.943802
[00:52:41] Bootstrap tree #240, logLikelihood: -153412.203866
[00:52:55] Bootstrap tree #241, logLikelihood: -153254.372061
[00:53:08] Bootstrap tree #242, logLikelihood: -154919.338302
[00:53:19] Bootstrap tree #243, logLikelihood: -153663.479678
[00:53:32] Bootstrap tree #244, logLikelihood: -154935.045713
[00:53:48] Bootstrap tree #245, logLikelihood: -156903.542018
[00:54:01] Bootstrap tree #246, logLikelihood: -153448.948009
[00:54:15] Bootstrap tree #247, logLikelihood: -157416.073342
[00:54:31] Bootstrap tree #248, logLikelihood: -156280.362986
[00:54:42] Bootstrap tree #249, logLikelihood: -153016.057820
[00:54:57] Bootstrap tree #250, logLikelihood: -154681.201269
[00:55:10] Bootstrap tree #251, logLikelihood: -155729.445259
[00:55:24] Bootstrap tree #252, logLikelihood: -155678.801526
[00:55:38] Bootstrap tree #253, logLikelihood: -155014.696557
[00:55:51] Bootstrap tree #254, logLikelihood: -153677.151592
[00:56:02] Bootstrap tree #255, logLikelihood: -155188.588495
[00:56:17] Bootstrap tree #256, logLikelihood: -153814.192823
[00:56:30] Bootstrap tree #257, logLikelihood: -153321.385879
[00:56:47] Bootstrap tree #258, logLikelihood: -155494.520324
[00:56:58] Bootstrap tree #259, logLikelihood: -155757.056034
[00:57:11] Bootstrap tree #260, logLikelihood: -152938.803216
[00:57:24] Bootstrap tree #261, logLikelihood: -154168.991293
[00:57:35] Bootstrap tree #262, logLikelihood: -155085.944720
[00:57:48] Bootstrap tree #263, logLikelihood: -154909.981909
[00:58:03] Bootstrap tree #264, logLikelihood: -154838.007911
[00:58:14] Bootstrap tree #265, logLikelihood: -155423.790143
[00:58:26] Bootstrap tree #266, logLikelihood: -155778.525184
[00:58:43] Bootstrap tree #267, logLikelihood: -154757.816962
[00:58:56] Bootstrap tree #268, logLikelihood: -154681.242863
[00:59:08] Bootstrap tree #269, logLikelihood: -155277.751468
[00:59:19] Bootstrap tree #270, logLikelihood: -153253.608241
[00:59:32] Bootstrap tree #271, logLikelihood: -153781.818044
[00:59:44] Bootstrap tree #272, logLikelihood: -154678.328335
[00:59:56] Bootstrap tree #273, logLikelihood: -152483.773192
[01:00:10] Bootstrap tree #274, logLikelihood: -155458.850992
[01:00:23] Bootstrap tree #275, logLikelihood: -154256.136771
[01:00:39] Bootstrap tree #276, logLikelihood: -154620.162819
[01:00:52] Bootstrap tree #277, logLikelihood: -155066.430902
[01:01:06] Bootstrap tree #278, logLikelihood: -153147.592894
[01:01:18] Bootstrap tree #279, logLikelihood: -153400.683593
[01:01:29] Bootstrap tree #280, logLikelihood: -154927.592592
[01:01:41] Bootstrap tree #281, logLikelihood: -154759.692152
[01:01:53] Bootstrap tree #282, logLikelihood: -154806.461439
[01:02:05] Bootstrap tree #283, logLikelihood: -153102.842791
[01:02:18] Bootstrap tree #284, logLikelihood: -152813.344629
[01:02:31] Bootstrap tree #285, logLikelihood: -155567.397481
[01:02:44] Bootstrap tree #286, logLikelihood: -152695.470146
[01:02:56] Bootstrap tree #287, logLikelihood: -153733.002192
[01:03:07] Bootstrap tree #288, logLikelihood: -155509.271343
[01:03:20] Bootstrap tree #289, logLikelihood: -153790.970532
[01:03:34] Bootstrap tree #290, logLikelihood: -153133.268878
[01:03:50] Bootstrap tree #291, logLikelihood: -152719.998583
[01:04:02] Bootstrap tree #292, logLikelihood: -153291.230948
[01:04:13] Bootstrap tree #293, logLikelihood: -156479.979091
[01:04:25] Bootstrap tree #294, logLikelihood: -153511.461129
[01:04:36] Bootstrap tree #295, logLikelihood: -156116.635491
[01:04:51] Bootstrap tree #296, logLikelihood: -154822.662847
[01:05:03] Bootstrap tree #297, logLikelihood: -153439.973300
[01:05:15] Bootstrap tree #298, logLikelihood: -152444.584049
[01:05:29] Bootstrap tree #299, logLikelihood: -155502.930221
[01:05:41] Bootstrap tree #300, logLikelihood: -156163.129686
[01:05:52] Bootstrap tree #301, logLikelihood: -154123.816803
[01:06:07] Bootstrap tree #302, logLikelihood: -152571.101825
[01:06:21] Bootstrap tree #303, logLikelihood: -154429.159841
[01:06:39] Bootstrap tree #304, logLikelihood: -154333.652396
[01:06:53] Bootstrap tree #305, logLikelihood: -155226.294499
[01:07:06] Bootstrap tree #306, logLikelihood: -155530.286324
[01:07:18] Bootstrap tree #307, logLikelihood: -153041.854536
[01:07:31] Bootstrap tree #308, logLikelihood: -153440.652009
[01:07:44] Bootstrap tree #309, logLikelihood: -156344.762126
[01:07:56] Bootstrap tree #310, logLikelihood: -154086.448433
[01:08:09] Bootstrap tree #311, logLikelihood: -155895.519483
[01:08:24] Bootstrap tree #312, logLikelihood: -153633.602484
[01:08:37] Bootstrap tree #313, logLikelihood: -153706.665742
[01:08:49] Bootstrap tree #314, logLikelihood: -152164.635224
[01:09:03] Bootstrap tree #315, logLikelihood: -155923.935634
[01:09:16] Bootstrap tree #316, logLikelihood: -152822.357201
[01:09:28] Bootstrap tree #317, logLikelihood: -153163.563748
[01:09:42] Bootstrap tree #318, logLikelihood: -152656.142104
[01:09:53] Bootstrap tree #319, logLikelihood: -154911.707049
[01:10:06] Bootstrap tree #320, logLikelihood: -151893.935014
[01:10:19] Bootstrap tree #321, logLikelihood: -153934.831945
[01:10:31] Bootstrap tree #322, logLikelihood: -154063.240253
[01:10:44] Bootstrap tree #323, logLikelihood: -154593.017789
[01:10:59] Bootstrap tree #324, logLikelihood: -154019.829879
[01:11:11] Bootstrap tree #325, logLikelihood: -153996.680877
[01:11:23] Bootstrap tree #326, logLikelihood: -156275.042416
[01:11:35] Bootstrap tree #327, logLikelihood: -153792.682843
[01:11:51] Bootstrap tree #328, logLikelihood: -156909.142588
[01:12:03] Bootstrap tree #329, logLikelihood: -154935.716412
[01:12:17] Bootstrap tree #330, logLikelihood: -153388.601898
[01:12:30] Bootstrap tree #331, logLikelihood: -154115.004151
[01:12:41] Bootstrap tree #332, logLikelihood: -155337.038284
[01:12:53] Bootstrap tree #333, logLikelihood: -154738.055556
[01:13:08] Bootstrap tree #334, logLikelihood: -155212.815190
[01:13:20] Bootstrap tree #335, logLikelihood: -154158.245509
[01:13:35] Bootstrap tree #336, logLikelihood: -155799.823085
[01:13:52] Bootstrap tree #337, logLikelihood: -153703.351072
[01:14:07] Bootstrap tree #338, logLikelihood: -154880.439201
[01:14:22] Bootstrap tree #339, logLikelihood: -152176.160667
[01:14:33] Bootstrap tree #340, logLikelihood: -154894.287261
[01:14:45] Bootstrap tree #341, logLikelihood: -154568.121784
[01:14:56] Bootstrap tree #342, logLikelihood: -156380.346403
[01:15:08] Bootstrap tree #343, logLikelihood: -152758.743120
[01:15:19] Bootstrap tree #344, logLikelihood: -154772.116743
[01:15:32] Bootstrap tree #345, logLikelihood: -155220.505837
[01:15:46] Bootstrap tree #346, logLikelihood: -154637.207969
[01:15:57] Bootstrap tree #347, logLikelihood: -156035.752829
[01:16:09] Bootstrap tree #348, logLikelihood: -153145.233693
[01:16:25] Bootstrap tree #349, logLikelihood: -152854.945467
[01:16:36] Bootstrap tree #350, logLikelihood: -154865.409659
[01:16:48] Bootstrap tree #351, logLikelihood: -153237.792106
[01:17:00] Bootstrap tree #352, logLikelihood: -155404.552424
[01:17:14] Bootstrap tree #353, logLikelihood: -153476.150261
[01:17:28] Bootstrap tree #354, logLikelihood: -153973.719983
[01:17:44] Bootstrap tree #355, logLikelihood: -156019.250124
[01:17:54] Bootstrap tree #356, logLikelihood: -154317.656844
[01:18:09] Bootstrap tree #357, logLikelihood: -154044.353936
[01:18:22] Bootstrap tree #358, logLikelihood: -152490.327604
[01:18:34] Bootstrap tree #359, logLikelihood: -155433.704779
[01:18:48] Bootstrap tree #360, logLikelihood: -154622.179855
[01:18:58] Bootstrap tree #361, logLikelihood: -153933.920073
[01:19:12] Bootstrap tree #362, logLikelihood: -155551.053073
[01:19:29] Bootstrap tree #363, logLikelihood: -154378.382761
[01:19:42] Bootstrap tree #364, logLikelihood: -154694.480470
[01:19:54] Bootstrap tree #365, logLikelihood: -153657.586314
[01:20:08] Bootstrap tree #366, logLikelihood: -154717.662227
[01:20:22] Bootstrap tree #367, logLikelihood: -152435.918215
[01:20:38] Bootstrap tree #368, logLikelihood: -155339.288514
[01:20:52] Bootstrap tree #369, logLikelihood: -156501.512637
[01:21:06] Bootstrap tree #370, logLikelihood: -154034.580149
[01:21:23] Bootstrap tree #371, logLikelihood: -152911.960841
[01:21:34] Bootstrap tree #372, logLikelihood: -155569.356420
[01:21:46] Bootstrap tree #373, logLikelihood: -153122.333172
[01:21:59] Bootstrap tree #374, logLikelihood: -155372.405531
[01:22:10] Bootstrap tree #375, logLikelihood: -151937.062845
[01:22:23] Bootstrap tree #376, logLikelihood: -154466.113881
[01:22:37] Bootstrap tree #377, logLikelihood: -155311.448332
[01:22:51] Bootstrap tree #378, logLikelihood: -154282.790297
[01:23:03] Bootstrap tree #379, logLikelihood: -154749.300545
[01:23:14] Bootstrap tree #380, logLikelihood: -155490.387835
[01:23:26] Bootstrap tree #381, logLikelihood: -156845.441986
[01:23:41] Bootstrap tree #382, logLikelihood: -155082.473318
[01:23:53] Bootstrap tree #383, logLikelihood: -154759.435656
[01:24:09] Bootstrap tree #384, logLikelihood: -155007.943381
[01:24:21] Bootstrap tree #385, logLikelihood: -153232.489768
[01:24:36] Bootstrap tree #386, logLikelihood: -155743.520582
[01:24:47] Bootstrap tree #387, logLikelihood: -152923.529337
[01:24:58] Bootstrap tree #388, logLikelihood: -153791.689351
[01:25:11] Bootstrap tree #389, logLikelihood: -155078.665252
[01:25:26] Bootstrap tree #390, logLikelihood: -152780.094575
[01:25:39] Bootstrap tree #391, logLikelihood: -154837.158511
[01:25:55] Bootstrap tree #392, logLikelihood: -154341.193315
[01:26:06] Bootstrap tree #393, logLikelihood: -153110.755243
[01:26:18] Bootstrap tree #394, logLikelihood: -153878.619527
[01:26:31] Bootstrap tree #395, logLikelihood: -154601.772265
[01:26:44] Bootstrap tree #396, logLikelihood: -153698.187985
[01:26:57] Bootstrap tree #397, logLikelihood: -155195.244739
[01:27:11] Bootstrap tree #398, logLikelihood: -151591.353216
[01:27:23] Bootstrap tree #399, logLikelihood: -153273.112701
[01:27:36] Bootstrap tree #400, logLikelihood: -154411.808025
[01:27:46] Bootstrap tree #401, logLikelihood: -155615.966143
[01:27:57] Bootstrap tree #402, logLikelihood: -153366.384132
[01:28:10] Bootstrap tree #403, logLikelihood: -155803.166203
[01:28:23] Bootstrap tree #404, logLikelihood: -154098.850142
[01:28:39] Bootstrap tree #405, logLikelihood: -153490.786955
[01:28:52] Bootstrap tree #406, logLikelihood: -154002.994668
[01:29:05] Bootstrap tree #407, logLikelihood: -154615.479887
[01:29:16] Bootstrap tree #408, logLikelihood: -152749.590326
[01:29:30] Bootstrap tree #409, logLikelihood: -151521.947848
[01:29:40] Bootstrap tree #410, logLikelihood: -155165.161902
[01:29:54] Bootstrap tree #411, logLikelihood: -154318.123998
[01:30:10] Bootstrap tree #412, logLikelihood: -154445.982346
[01:30:23] Bootstrap tree #413, logLikelihood: -154966.561500
[01:30:37] Bootstrap tree #414, logLikelihood: -155123.357546
[01:30:52] Bootstrap tree #415, logLikelihood: -152869.954363
[01:31:07] Bootstrap tree #416, logLikelihood: -154074.818008
[01:31:20] Bootstrap tree #417, logLikelihood: -153498.650961
[01:31:32] Bootstrap tree #418, logLikelihood: -155346.400560
[01:31:45] Bootstrap tree #419, logLikelihood: -157059.932394
[01:31:55] Bootstrap tree #420, logLikelihood: -153773.955665
[01:32:09] Bootstrap tree #421, logLikelihood: -156638.067773
[01:32:21] Bootstrap tree #422, logLikelihood: -153660.903892
[01:32:32] Bootstrap tree #423, logLikelihood: -152690.359909
[01:32:47] Bootstrap tree #424, logLikelihood: -156297.964862
[01:33:00] Bootstrap tree #425, logLikelihood: -152649.354019
[01:33:12] Bootstrap tree #426, logLikelihood: -154304.825496
[01:33:28] Bootstrap tree #427, logLikelihood: -155342.542194
[01:33:41] Bootstrap tree #428, logLikelihood: -152879.600388
[01:33:55] Bootstrap tree #429, logLikelihood: -153745.895099
[01:34:09] Bootstrap tree #430, logLikelihood: -155909.725966
[01:34:20] Bootstrap tree #431, logLikelihood: -153733.820404
[01:34:31] Bootstrap tree #432, logLikelihood: -153958.530737
[01:34:42] Bootstrap tree #433, logLikelihood: -153059.671143
[01:34:55] Bootstrap tree #434, logLikelihood: -153891.859044
[01:35:12] Bootstrap tree #435, logLikelihood: -154579.723982
[01:35:23] Bootstrap tree #436, logLikelihood: -156013.264916
[01:35:35] Bootstrap tree #437, logLikelihood: -154651.767219
[01:35:47] Bootstrap tree #438, logLikelihood: -155076.272958
[01:35:58] Bootstrap tree #439, logLikelihood: -154607.061587
[01:36:10] Bootstrap tree #440, logLikelihood: -153400.369741
[01:36:23] Bootstrap tree #441, logLikelihood: -153022.125701
[01:36:35] Bootstrap tree #442, logLikelihood: -154603.885621
[01:36:48] Bootstrap tree #443, logLikelihood: -153876.701185
[01:37:02] Bootstrap tree #444, logLikelihood: -156089.085342
[01:37:19] Bootstrap tree #445, logLikelihood: -154832.242764
[01:37:31] Bootstrap tree #446, logLikelihood: -155602.991634
[01:37:45] Bootstrap tree #447, logLikelihood: -155069.567123
[01:37:58] Bootstrap tree #448, logLikelihood: -153990.251976
[01:38:11] Bootstrap tree #449, logLikelihood: -155168.916976
[01:38:25] Bootstrap tree #450, logLikelihood: -154505.106279
[01:38:40] Bootstrap tree #451, logLikelihood: -156284.692539
[01:38:55] Bootstrap tree #452, logLikelihood: -153621.241531
[01:39:10] Bootstrap tree #453, logLikelihood: -154329.643446
[01:39:21] Bootstrap tree #454, logLikelihood: -153717.900252
[01:39:34] Bootstrap tree #455, logLikelihood: -153358.018756
[01:39:48] Bootstrap tree #456, logLikelihood: -153206.561353
[01:40:01] Bootstrap tree #457, logLikelihood: -150981.457312
[01:40:16] Bootstrap tree #458, logLikelihood: -154531.553465
[01:40:30] Bootstrap tree #459, logLikelihood: -154929.736053
[01:40:46] Bootstrap tree #460, logLikelihood: -154289.306484
[01:40:59] Bootstrap tree #461, logLikelihood: -156305.615146
[01:41:10] Bootstrap tree #462, logLikelihood: -153545.763951
[01:41:25] Bootstrap tree #463, logLikelihood: -155061.002991
[01:41:38] Bootstrap tree #464, logLikelihood: -153164.149314
[01:41:50] Bootstrap tree #465, logLikelihood: -154446.838132
[01:42:04] Bootstrap tree #466, logLikelihood: -152960.304879
[01:42:16] Bootstrap tree #467, logLikelihood: -154951.018073
[01:42:31] Bootstrap tree #468, logLikelihood: -156782.118660
[01:42:41] Bootstrap tree #469, logLikelihood: -152609.215082
[01:42:56] Bootstrap tree #470, logLikelihood: -156438.031452
[01:43:10] Bootstrap tree #471, logLikelihood: -156624.054246
[01:43:25] Bootstrap tree #472, logLikelihood: -155191.769468
[01:43:36] Bootstrap tree #473, logLikelihood: -152177.487681
[01:43:49] Bootstrap tree #474, logLikelihood: -155133.430616
[01:44:03] Bootstrap tree #475, logLikelihood: -154037.914637
[01:44:25] Bootstrap tree #476, logLikelihood: -155864.773276
[01:44:38] Bootstrap tree #477, logLikelihood: -153069.776526
[01:44:50] Bootstrap tree #478, logLikelihood: -156096.879617
[01:45:02] Bootstrap tree #479, logLikelihood: -153526.209595
[01:45:13] Bootstrap tree #480, logLikelihood: -153367.526457
[01:45:27] Bootstrap tree #481, logLikelihood: -154158.868950
[01:45:42] Bootstrap tree #482, logLikelihood: -153876.904500
[01:45:53] Bootstrap tree #483, logLikelihood: -153465.640906
[01:46:07] Bootstrap tree #484, logLikelihood: -152261.134010
[01:46:20] Bootstrap tree #485, logLikelihood: -152794.887165
[01:46:32] Bootstrap tree #486, logLikelihood: -154793.443515
[01:46:45] Bootstrap tree #487, logLikelihood: -153429.320239
[01:46:59] Bootstrap tree #488, logLikelihood: -154524.680269
[01:47:09] Bootstrap tree #489, logLikelihood: -152885.779014
[01:47:22] Bootstrap tree #490, logLikelihood: -153783.118076
[01:47:34] Bootstrap tree #491, logLikelihood: -155327.098505
[01:47:48] Bootstrap tree #492, logLikelihood: -152506.093138
[01:48:00] Bootstrap tree #493, logLikelihood: -154051.767898
[01:48:13] Bootstrap tree #494, logLikelihood: -151545.652999
[01:48:26] Bootstrap tree #495, logLikelihood: -154843.844655
[01:48:42] Bootstrap tree #496, logLikelihood: -154650.881877
[01:48:57] Bootstrap tree #497, logLikelihood: -155038.192442
[01:49:10] Bootstrap tree #498, logLikelihood: -156397.102270
[01:49:27] Bootstrap tree #499, logLikelihood: -154251.820878
[01:49:41] Bootstrap tree #500, logLikelihood: -153343.173351
[01:49:57] Bootstrap tree #501, logLikelihood: -153223.714410
[01:50:11] Bootstrap tree #502, logLikelihood: -155327.613075
[01:50:24] Bootstrap tree #503, logLikelihood: -155268.818677
[01:50:39] Bootstrap tree #504, logLikelihood: -153841.424847
[01:50:50] Bootstrap tree #505, logLikelihood: -152897.399112
[01:51:03] Bootstrap tree #506, logLikelihood: -155562.324487
[01:51:15] Bootstrap tree #507, logLikelihood: -153940.366944
[01:51:29] Bootstrap tree #508, logLikelihood: -153582.803920
[01:51:41] Bootstrap tree #509, logLikelihood: -155061.335670
[01:51:56] Bootstrap tree #510, logLikelihood: -155227.506571
[01:52:06] Bootstrap tree #511, logLikelihood: -154178.846146
[01:52:22] Bootstrap tree #512, logLikelihood: -151600.743606
[01:52:35] Bootstrap tree #513, logLikelihood: -154108.711164
[01:52:51] Bootstrap tree #514, logLikelihood: -153452.458169
[01:53:03] Bootstrap tree #515, logLikelihood: -154512.951136
[01:53:17] Bootstrap tree #516, logLikelihood: -155402.562776
[01:53:28] Bootstrap tree #517, logLikelihood: -154714.198278
[01:53:42] Bootstrap tree #518, logLikelihood: -155584.558400
[01:53:56] Bootstrap tree #519, logLikelihood: -154915.011055
[01:54:10] Bootstrap tree #520, logLikelihood: -154074.095698
[01:54:24] Bootstrap tree #521, logLikelihood: -155002.895911
[01:54:40] Bootstrap tree #522, logLikelihood: -154131.312759
[01:54:53] Bootstrap tree #523, logLikelihood: -153898.789783
[01:55:05] Bootstrap tree #524, logLikelihood: -152148.322871
[01:55:16] Bootstrap tree #525, logLikelihood: -154052.340842
[01:55:30] Bootstrap tree #526, logLikelihood: -154636.851353
[01:55:41] Bootstrap tree #527, logLikelihood: -155517.729884
[01:55:57] Bootstrap tree #528, logLikelihood: -154543.120284
[01:56:12] Bootstrap tree #529, logLikelihood: -155920.880535
[01:56:28] Bootstrap tree #530, logLikelihood: -154550.832097
[01:56:41] Bootstrap tree #531, logLikelihood: -155014.203445
[01:56:55] Bootstrap tree #532, logLikelihood: -154464.312331
[01:57:09] Bootstrap tree #533, logLikelihood: -152998.920849
[01:57:23] Bootstrap tree #534, logLikelihood: -153999.420728
[01:57:36] Bootstrap tree #535, logLikelihood: -151888.615640
[01:57:49] Bootstrap tree #536, logLikelihood: -154967.780470
[01:58:07] Bootstrap tree #537, logLikelihood: -154058.176041
[01:58:21] Bootstrap tree #538, logLikelihood: -155078.290837
[01:58:36] Bootstrap tree #539, logLikelihood: -154665.376434
[01:58:50] Bootstrap tree #540, logLikelihood: -156318.584228
[01:59:06] Bootstrap tree #541, logLikelihood: -157342.202817
[01:59:20] Bootstrap tree #542, logLikelihood: -154066.645764
[01:59:36] Bootstrap tree #543, logLikelihood: -152627.024059
[01:59:55] Bootstrap tree #544, logLikelihood: -154179.465764
[02:00:08] Bootstrap tree #545, logLikelihood: -154486.251216
[02:00:23] Bootstrap tree #546, logLikelihood: -155816.160567
[02:00:37] Bootstrap tree #547, logLikelihood: -152226.176792
[02:00:49] Bootstrap tree #548, logLikelihood: -155167.903187
[02:01:02] Bootstrap tree #549, logLikelihood: -152536.665197
[02:01:15] Bootstrap tree #550, logLikelihood: -153429.990219
[02:01:28] Bootstrap tree #551, logLikelihood: -154650.096543
[02:01:43] Bootstrap tree #552, logLikelihood: -154304.413320
[02:01:58] Bootstrap tree #553, logLikelihood: -153570.815366
[02:02:14] Bootstrap tree #554, logLikelihood: -154014.933461
[02:02:26] Bootstrap tree #555, logLikelihood: -156433.316374
[02:02:40] Bootstrap tree #556, logLikelihood: -151588.369035
[02:02:58] Bootstrap tree #557, logLikelihood: -153563.490647
[02:03:14] Bootstrap tree #558, logLikelihood: -154458.092230
[02:03:27] Bootstrap tree #559, logLikelihood: -154999.219652
[02:03:39] Bootstrap tree #560, logLikelihood: -154078.919910
[02:03:53] Bootstrap tree #561, logLikelihood: -154083.288905
[02:04:07] Bootstrap tree #562, logLikelihood: -154085.460675
[02:04:23] Bootstrap tree #563, logLikelihood: -153658.741697
[02:04:42] Bootstrap tree #564, logLikelihood: -153736.755139
[02:04:58] Bootstrap tree #565, logLikelihood: -154202.943388
[02:05:14] Bootstrap tree #566, logLikelihood: -156418.157166
[02:05:26] Bootstrap tree #567, logLikelihood: -155360.140130
[02:05:40] Bootstrap tree #568, logLikelihood: -153290.117191
[02:05:53] Bootstrap tree #569, logLikelihood: -155486.160911
[02:06:07] Bootstrap tree #570, logLikelihood: -153640.050161
[02:06:20] Bootstrap tree #571, logLikelihood: -153973.980726
[02:06:35] Bootstrap tree #572, logLikelihood: -155759.662664
[02:06:52] Bootstrap tree #573, logLikelihood: -155937.634049
[02:07:11] Bootstrap tree #574, logLikelihood: -153506.918676
[02:07:27] Bootstrap tree #575, logLikelihood: -151544.266644
[02:07:42] Bootstrap tree #576, logLikelihood: -155282.992102
[02:07:55] Bootstrap tree #577, logLikelihood: -155595.674609
[02:08:07] Bootstrap tree #578, logLikelihood: -154497.364475
[02:08:23] Bootstrap tree #579, logLikelihood: -153848.532715
[02:08:37] Bootstrap tree #580, logLikelihood: -153751.326447
[02:08:51] Bootstrap tree #581, logLikelihood: -155198.263580
[02:09:06] Bootstrap tree #582, logLikelihood: -155703.313755
[02:09:26] Bootstrap tree #583, logLikelihood: -155057.704659
[02:09:40] Bootstrap tree #584, logLikelihood: -155134.784075
[02:09:55] Bootstrap tree #585, logLikelihood: -154821.721969
[02:10:10] Bootstrap tree #586, logLikelihood: -155143.127411
[02:10:23] Bootstrap tree #587, logLikelihood: -155322.466946
[02:10:38] Bootstrap tree #588, logLikelihood: -154127.891829
[02:10:52] Bootstrap tree #589, logLikelihood: -154584.947320
[02:11:07] Bootstrap tree #590, logLikelihood: -156659.326296
[02:11:23] Bootstrap tree #591, logLikelihood: -154262.581517
[02:11:37] Bootstrap tree #592, logLikelihood: -155984.878338
[02:11:49] Bootstrap tree #593, logLikelihood: -155825.268909
[02:12:02] Bootstrap tree #594, logLikelihood: -153867.714646
[02:12:16] Bootstrap tree #595, logLikelihood: -156321.531078
[02:12:32] Bootstrap tree #596, logLikelihood: -153389.266401
[02:12:47] Bootstrap tree #597, logLikelihood: -155014.713108
[02:13:03] Bootstrap tree #598, logLikelihood: -156558.196400
[02:13:16] Bootstrap tree #599, logLikelihood: -153469.602901
[02:13:31] Bootstrap tree #600, logLikelihood: -155512.685268
[02:13:45] Bootstrap tree #601, logLikelihood: -154197.900461
[02:13:58] Bootstrap tree #602, logLikelihood: -154827.513699
[02:14:10] Bootstrap tree #603, logLikelihood: -154487.488695
[02:14:26] Bootstrap tree #604, logLikelihood: -153496.436096
[02:14:41] Bootstrap tree #605, logLikelihood: -152462.689541
[02:14:56] Bootstrap tree #606, logLikelihood: -155682.653986
[02:15:11] Bootstrap tree #607, logLikelihood: -153808.302989
[02:15:30] Bootstrap tree #608, logLikelihood: -155689.551924
[02:15:45] Bootstrap tree #609, logLikelihood: -155817.788638
[02:16:00] Bootstrap tree #610, logLikelihood: -155674.279621
[02:16:15] Bootstrap tree #611, logLikelihood: -154590.639409
[02:16:28] Bootstrap tree #612, logLikelihood: -154317.552451
[02:16:40] Bootstrap tree #613, logLikelihood: -152948.441981
[02:16:58] Bootstrap tree #614, logLikelihood: -157328.419892
[02:17:11] Bootstrap tree #615, logLikelihood: -155239.973652
[02:17:24] Bootstrap tree #616, logLikelihood: -153144.151816
[02:17:39] Bootstrap tree #617, logLikelihood: -154567.969324
[02:17:55] Bootstrap tree #618, logLikelihood: -152633.667290
[02:18:10] Bootstrap tree #619, logLikelihood: -154538.966136
[02:18:24] Bootstrap tree #620, logLikelihood: -155478.320949
[02:18:37] Bootstrap tree #621, logLikelihood: -153655.539032
[02:18:52] Bootstrap tree #622, logLikelihood: -155387.047327
[02:19:07] Bootstrap tree #623, logLikelihood: -153436.800417
[02:19:21] Bootstrap tree #624, logLikelihood: -155863.275713
[02:19:34] Bootstrap tree #625, logLikelihood: -152217.683304
[02:19:52] Bootstrap tree #626, logLikelihood: -155670.676848
[02:20:05] Bootstrap tree #627, logLikelihood: -156045.071981
[02:20:18] Bootstrap tree #628, logLikelihood: -153725.220333
[02:20:34] Bootstrap tree #629, logLikelihood: -153764.904506
[02:20:48] Bootstrap tree #630, logLikelihood: -153037.507053
[02:21:02] Bootstrap tree #631, logLikelihood: -156351.878420
[02:21:19] Bootstrap tree #632, logLikelihood: -155753.941380
[02:21:34] Bootstrap tree #633, logLikelihood: -154313.955259
[02:21:48] Bootstrap tree #634, logLikelihood: -157303.982976
[02:22:01] Bootstrap tree #635, logLikelihood: -155044.336513
[02:22:19] Bootstrap tree #636, logLikelihood: -154771.724443
[02:22:37] Bootstrap tree #637, logLikelihood: -157303.131149
[02:22:54] Bootstrap tree #638, logLikelihood: -154272.270301
[02:23:07] Bootstrap tree #639, logLikelihood: -154823.533502
[02:23:21] Bootstrap tree #640, logLikelihood: -155330.882597
[02:23:33] Bootstrap tree #641, logLikelihood: -154614.805667
[02:23:52] Bootstrap tree #642, logLikelihood: -153963.649166
[02:24:07] Bootstrap tree #643, logLikelihood: -152412.771749
[02:24:23] Bootstrap tree #644, logLikelihood: -154787.776826
[02:24:39] Bootstrap tree #645, logLikelihood: -154431.849485
[02:24:52] Bootstrap tree #646, logLikelihood: -155100.343386
[02:25:08] Bootstrap tree #647, logLikelihood: -152317.121945
[02:25:22] Bootstrap tree #648, logLikelihood: -155444.635064
[02:25:36] Bootstrap tree #649, logLikelihood: -155376.006602
[02:25:52] Bootstrap tree #650, logLikelihood: -153565.264641
[02:26:05] Bootstrap tree #651, logLikelihood: -153968.407856
[02:26:22] Bootstrap tree #652, logLikelihood: -154927.388451
[02:26:36] Bootstrap tree #653, logLikelihood: -153749.758162
[02:26:54] Bootstrap tree #654, logLikelihood: -153084.726134
[02:27:08] Bootstrap tree #655, logLikelihood: -154983.174179
[02:27:23] Bootstrap tree #656, logLikelihood: -153693.135636
[02:27:35] Bootstrap tree #657, logLikelihood: -154671.931601
[02:27:50] Bootstrap tree #658, logLikelihood: -154566.440200
[02:28:05] Bootstrap tree #659, logLikelihood: -156973.198979
[02:28:21] Bootstrap tree #660, logLikelihood: -155508.852985
[02:28:36] Bootstrap tree #661, logLikelihood: -153442.630406
[02:28:48] Bootstrap tree #662, logLikelihood: -156339.276020
[02:29:03] Bootstrap tree #663, logLikelihood: -155332.109691
[02:29:18] Bootstrap tree #664, logLikelihood: -156444.317606
[02:29:31] Bootstrap tree #665, logLikelihood: -153999.788004
[02:29:44] Bootstrap tree #666, logLikelihood: -154079.520518
[02:29:58] Bootstrap tree #667, logLikelihood: -154617.607479
[02:30:14] Bootstrap tree #668, logLikelihood: -155069.980316
[02:30:29] Bootstrap tree #669, logLikelihood: -154598.576616
[02:30:42] Bootstrap tree #670, logLikelihood: -154078.814510
[02:30:59] Bootstrap tree #671, logLikelihood: -154660.085492
[02:31:15] Bootstrap tree #672, logLikelihood: -154496.946673
[02:31:29] Bootstrap tree #673, logLikelihood: -156010.080066
[02:31:42] Bootstrap tree #674, logLikelihood: -155175.167655
[02:31:56] Bootstrap tree #675, logLikelihood: -154728.582670
[02:32:10] Bootstrap tree #676, logLikelihood: -153781.117871
[02:32:27] Bootstrap tree #677, logLikelihood: -152214.339685
[02:32:43] Bootstrap tree #678, logLikelihood: -154465.445920
[02:32:58] Bootstrap tree #679, logLikelihood: -154762.787314
[02:33:11] Bootstrap tree #680, logLikelihood: -151817.416530
[02:33:29] Bootstrap tree #681, logLikelihood: -154411.628512
[02:33:46] Bootstrap tree #682, logLikelihood: -152668.745312
[02:34:01] Bootstrap tree #683, logLikelihood: -155746.218879
[02:34:17] Bootstrap tree #684, logLikelihood: -155921.991986
[02:34:33] Bootstrap tree #685, logLikelihood: -155905.070264
[02:34:54] Bootstrap tree #686, logLikelihood: -153967.162212
[02:35:12] Bootstrap tree #687, logLikelihood: -155713.449949
[02:35:25] Bootstrap tree #688, logLikelihood: -156977.836814
[02:35:39] Bootstrap tree #689, logLikelihood: -152504.531164
[02:35:54] Bootstrap tree #690, logLikelihood: -155906.317610
[02:36:11] Bootstrap tree #691, logLikelihood: -155236.965672
[02:36:25] Bootstrap tree #692, logLikelihood: -154542.240153
[02:36:43] Bootstrap tree #693, logLikelihood: -152393.236669
[02:37:00] Bootstrap tree #694, logLikelihood: -154524.753365
[02:37:13] Bootstrap tree #695, logLikelihood: -154371.821271
[02:37:28] Bootstrap tree #696, logLikelihood: -155085.166410
[02:37:42] Bootstrap tree #697, logLikelihood: -154784.491584
[02:38:00] Bootstrap tree #698, logLikelihood: -155156.959699
[02:38:14] Bootstrap tree #699, logLikelihood: -154141.321903
[02:38:30] Bootstrap tree #700, logLikelihood: -155362.932677
[02:38:48] Bootstrap tree #701, logLikelihood: -154893.760106
[02:39:04] Bootstrap tree #702, logLikelihood: -154082.334126
[02:39:16] Bootstrap tree #703, logLikelihood: -153926.397691
[02:39:30] Bootstrap tree #704, logLikelihood: -155229.935159
[02:39:44] Bootstrap tree #705, logLikelihood: -153314.043561
[02:39:59] Bootstrap tree #706, logLikelihood: -155869.961811
[02:40:15] Bootstrap tree #707, logLikelihood: -153463.245216
[02:40:33] Bootstrap tree #708, logLikelihood: -155113.626128
[02:40:49] Bootstrap tree #709, logLikelihood: -154556.921732
[02:41:04] Bootstrap tree #710, logLikelihood: -153440.003064
[02:41:22] Bootstrap tree #711, logLikelihood: -154490.472252
[02:41:35] Bootstrap tree #712, logLikelihood: -157865.393180
[02:41:49] Bootstrap tree #713, logLikelihood: -154417.104840
[02:42:04] Bootstrap tree #714, logLikelihood: -153123.722470
[02:42:23] Bootstrap tree #715, logLikelihood: -153545.594445
[02:42:39] Bootstrap tree #716, logLikelihood: -154173.811313
[02:42:56] Bootstrap tree #717, logLikelihood: -152779.882581
[02:43:10] Bootstrap tree #718, logLikelihood: -154548.376502
[02:43:24] Bootstrap tree #719, logLikelihood: -154666.948843
[02:43:38] Bootstrap tree #720, logLikelihood: -154446.971715
[02:43:54] Bootstrap tree #721, logLikelihood: -151616.177794
[02:44:09] Bootstrap tree #722, logLikelihood: -153697.080526
[02:44:25] Bootstrap tree #723, logLikelihood: -152985.162665
[02:44:40] Bootstrap tree #724, logLikelihood: -153513.827885
[02:44:56] Bootstrap tree #725, logLikelihood: -153972.064460
[02:45:09] Bootstrap tree #726, logLikelihood: -155968.388605
[02:45:24] Bootstrap tree #727, logLikelihood: -153666.340255
[02:45:38] Bootstrap tree #728, logLikelihood: -153071.088026
[02:45:59] Bootstrap tree #729, logLikelihood: -151064.866425
[02:46:14] Bootstrap tree #730, logLikelihood: -155671.289345
[02:46:30] Bootstrap tree #731, logLikelihood: -152575.969312
[02:46:48] Bootstrap tree #732, logLikelihood: -157036.750425
[02:47:03] Bootstrap tree #733, logLikelihood: -157464.177494
[02:47:18] Bootstrap tree #734, logLikelihood: -153659.892933
[02:47:35] Bootstrap tree #735, logLikelihood: -151957.765089
[02:47:52] Bootstrap tree #736, logLikelihood: -150909.192757
[02:48:12] Bootstrap tree #737, logLikelihood: -156136.496594
[02:48:29] Bootstrap tree #738, logLikelihood: -153938.885988
[02:48:42] Bootstrap tree #739, logLikelihood: -153792.497475
[02:48:58] Bootstrap tree #740, logLikelihood: -156440.773887
[02:49:16] Bootstrap tree #741, logLikelihood: -153445.527506
[02:49:32] Bootstrap tree #742, logLikelihood: -156047.106698
[02:49:48] Bootstrap tree #743, logLikelihood: -155672.896084
[02:50:03] Bootstrap tree #744, logLikelihood: -154271.977174
[02:50:17] Bootstrap tree #745, logLikelihood: -154401.481406
[02:50:35] Bootstrap tree #746, logLikelihood: -154376.615103
[02:50:48] Bootstrap tree #747, logLikelihood: -154840.193208
[02:51:04] Bootstrap tree #748, logLikelihood: -154743.735241
[02:51:20] Bootstrap tree #749, logLikelihood: -154502.066216
[02:51:33] Bootstrap tree #750, logLikelihood: -154395.909548
[02:51:49] Bootstrap tree #751, logLikelihood: -154188.745931
[02:52:03] Bootstrap tree #752, logLikelihood: -154082.127569
[02:52:15] Bootstrap tree #753, logLikelihood: -154258.645734
[02:52:32] Bootstrap tree #754, logLikelihood: -153659.511835
[02:52:48] Bootstrap tree #755, logLikelihood: -154721.037593
[02:53:04] Bootstrap tree #756, logLikelihood: -155802.292650
[02:53:19] Bootstrap tree #757, logLikelihood: -154906.057069
[02:53:37] Bootstrap tree #758, logLikelihood: -154526.342516
[02:53:52] Bootstrap tree #759, logLikelihood: -152652.354795
[02:54:08] Bootstrap tree #760, logLikelihood: -151753.400869
[02:54:21] Bootstrap tree #761, logLikelihood: -154366.200529
[02:54:38] Bootstrap tree #762, logLikelihood: -154591.727815
[02:54:51] Bootstrap tree #763, logLikelihood: -152712.000667
[02:55:06] Bootstrap tree #764, logLikelihood: -156685.029471
[02:55:19] Bootstrap tree #765, logLikelihood: -153868.004681
[02:55:33] Bootstrap tree #766, logLikelihood: -155014.024586
[02:55:47] Bootstrap tree #767, logLikelihood: -157110.490229
[02:56:02] Bootstrap tree #768, logLikelihood: -155995.683004
[02:56:16] Bootstrap tree #769, logLikelihood: -155742.804892
[02:56:31] Bootstrap tree #770, logLikelihood: -155138.571715
[02:56:44] Bootstrap tree #771, logLikelihood: -155608.955147
[02:57:03] Bootstrap tree #772, logLikelihood: -153194.388376
[02:57:15] Bootstrap tree #773, logLikelihood: -153299.254301
[02:57:32] Bootstrap tree #774, logLikelihood: -155716.361019
[02:57:47] Bootstrap tree #775, logLikelihood: -154742.639917
[02:58:03] Bootstrap tree #776, logLikelihood: -154347.268818
[02:58:19] Bootstrap tree #777, logLikelihood: -153633.092671
[02:58:34] Bootstrap tree #778, logLikelihood: -154492.971816
[02:58:48] Bootstrap tree #779, logLikelihood: -154577.584320
[02:59:04] Bootstrap tree #780, logLikelihood: -154910.432426
[02:59:21] Bootstrap tree #781, logLikelihood: -153925.183982
[02:59:37] Bootstrap tree #782, logLikelihood: -153452.912131
[02:59:52] Bootstrap tree #783, logLikelihood: -154075.693719
[03:00:05] Bootstrap tree #784, logLikelihood: -153927.627163
[03:00:22] Bootstrap tree #785, logLikelihood: -155451.280834
[03:00:37] Bootstrap tree #786, logLikelihood: -153151.005806
[03:00:52] Bootstrap tree #787, logLikelihood: -155729.944523
[03:01:07] Bootstrap tree #788, logLikelihood: -156289.637892
[03:01:22] Bootstrap tree #789, logLikelihood: -152970.421576
[03:01:36] Bootstrap tree #790, logLikelihood: -153464.210543
[03:01:55] Bootstrap tree #791, logLikelihood: -154260.400535
[03:02:10] Bootstrap tree #792, logLikelihood: -154435.754741
[03:02:23] Bootstrap tree #793, logLikelihood: -153271.460737
[03:02:38] Bootstrap tree #794, logLikelihood: -156177.174202
[03:02:56] Bootstrap tree #795, logLikelihood: -153468.632727
[03:03:10] Bootstrap tree #796, logLikelihood: -153741.622026
[03:03:28] Bootstrap tree #797, logLikelihood: -156544.907955
[03:03:44] Bootstrap tree #798, logLikelihood: -154268.562908
[03:04:02] Bootstrap tree #799, logLikelihood: -154017.064838
[03:04:16] Bootstrap tree #800, logLikelihood: -153662.169048
[03:04:31] Bootstrap tree #801, logLikelihood: -154042.271605
[03:04:47] Bootstrap tree #802, logLikelihood: -158505.288278
[03:05:02] Bootstrap tree #803, logLikelihood: -153356.791083
[03:05:18] Bootstrap tree #804, logLikelihood: -154009.932443
[03:05:35] Bootstrap tree #805, logLikelihood: -154115.960036
[03:05:52] Bootstrap tree #806, logLikelihood: -154071.431766
[03:06:08] Bootstrap tree #807, logLikelihood: -155123.982188
[03:06:23] Bootstrap tree #808, logLikelihood: -152848.501543
[03:06:40] Bootstrap tree #809, logLikelihood: -153252.288974
[03:06:54] Bootstrap tree #810, logLikelihood: -153876.090812
[03:07:08] Bootstrap tree #811, logLikelihood: -152917.811616
[03:07:24] Bootstrap tree #812, logLikelihood: -153063.816976
[03:07:42] Bootstrap tree #813, logLikelihood: -152628.160579
[03:07:56] Bootstrap tree #814, logLikelihood: -154180.892437
[03:08:13] Bootstrap tree #815, logLikelihood: -154244.516939
[03:08:28] Bootstrap tree #816, logLikelihood: -155324.187347
[03:08:45] Bootstrap tree #817, logLikelihood: -154341.426240
[03:09:02] Bootstrap tree #818, logLikelihood: -155959.239308
[03:09:18] Bootstrap tree #819, logLikelihood: -153388.752772
[03:09:33] Bootstrap tree #820, logLikelihood: -154437.352350
[03:09:45] Bootstrap tree #821, logLikelihood: -154168.592700
[03:10:01] Bootstrap tree #822, logLikelihood: -154316.902014
[03:10:15] Bootstrap tree #823, logLikelihood: -153527.786020
[03:10:30] Bootstrap tree #824, logLikelihood: -156578.384868
[03:10:45] Bootstrap tree #825, logLikelihood: -154166.777564
[03:11:03] Bootstrap tree #826, logLikelihood: -153488.506119
[03:11:18] Bootstrap tree #827, logLikelihood: -153533.738589
[03:11:33] Bootstrap tree #828, logLikelihood: -152296.600014
[03:11:47] Bootstrap tree #829, logLikelihood: -154595.585323
[03:12:01] Bootstrap tree #830, logLikelihood: -155497.091710
[03:12:17] Bootstrap tree #831, logLikelihood: -153928.330174
[03:12:32] Bootstrap tree #832, logLikelihood: -153825.086244
[03:12:51] Bootstrap tree #833, logLikelihood: -154461.275024
[03:13:05] Bootstrap tree #834, logLikelihood: -153496.803437
[03:13:21] Bootstrap tree #835, logLikelihood: -155857.416000
[03:13:35] Bootstrap tree #836, logLikelihood: -153843.852061
[03:13:51] Bootstrap tree #837, logLikelihood: -155059.537397
[03:14:08] Bootstrap tree #838, logLikelihood: -154534.986880
[03:14:23] Bootstrap tree #839, logLikelihood: -157036.369330
[03:14:36] Bootstrap tree #840, logLikelihood: -152625.241563
[03:14:50] Bootstrap tree #841, logLikelihood: -154668.147885
[03:15:07] Bootstrap tree #842, logLikelihood: -155164.898971
[03:15:20] Bootstrap tree #843, logLikelihood: -155203.582246
[03:15:33] Bootstrap tree #844, logLikelihood: -153861.291246
[03:15:46] Bootstrap tree #845, logLikelihood: -153371.704890
[03:16:01] Bootstrap tree #846, logLikelihood: -154336.005294
[03:16:15] Bootstrap tree #847, logLikelihood: -154978.913455
[03:16:30] Bootstrap tree #848, logLikelihood: -155937.224296
[03:16:44] Bootstrap tree #849, logLikelihood: -154268.835556
[03:17:00] Bootstrap tree #850, logLikelihood: -156079.124428
[03:17:17] Bootstrap tree #851, logLikelihood: -154200.524483
[03:17:35] Bootstrap tree #852, logLikelihood: -155349.544773
[03:17:49] Bootstrap tree #853, logLikelihood: -154832.466500
[03:18:03] Bootstrap tree #854, logLikelihood: -152311.490351
[03:18:19] Bootstrap tree #855, logLikelihood: -153128.983225
[03:18:36] Bootstrap tree #856, logLikelihood: -154943.627793
[03:18:52] Bootstrap tree #857, logLikelihood: -153592.130362
[03:19:11] Bootstrap tree #858, logLikelihood: -154633.091884
[03:19:27] Bootstrap tree #859, logLikelihood: -155253.672770
[03:19:40] Bootstrap tree #860, logLikelihood: -153746.918311
[03:19:56] Bootstrap tree #861, logLikelihood: -153112.047462
[03:20:09] Bootstrap tree #862, logLikelihood: -155064.131485
[03:20:27] Bootstrap tree #863, logLikelihood: -154891.784726
[03:20:41] Bootstrap tree #864, logLikelihood: -155716.443436
[03:20:56] Bootstrap tree #865, logLikelihood: -152600.193543
[03:21:11] Bootstrap tree #866, logLikelihood: -152181.377531
[03:21:27] Bootstrap tree #867, logLikelihood: -152516.618485
[03:21:41] Bootstrap tree #868, logLikelihood: -155358.107916
[03:21:55] Bootstrap tree #869, logLikelihood: -153573.296951
[03:22:12] Bootstrap tree #870, logLikelihood: -153299.877328
[03:22:26] Bootstrap tree #871, logLikelihood: -154058.933399
[03:22:43] Bootstrap tree #872, logLikelihood: -155077.776021
[03:22:59] Bootstrap tree #873, logLikelihood: -155700.412727
[03:23:17] Bootstrap tree #874, logLikelihood: -154963.339087
[03:23:31] Bootstrap tree #875, logLikelihood: -154500.106990
[03:23:47] Bootstrap tree #876, logLikelihood: -155359.439154
[03:24:01] Bootstrap tree #877, logLikelihood: -155807.032134
[03:24:15] Bootstrap tree #878, logLikelihood: -152943.986589
[03:24:28] Bootstrap tree #879, logLikelihood: -154339.818766
[03:24:49] Bootstrap tree #880, logLikelihood: -155212.988787
[03:25:04] Bootstrap tree #881, logLikelihood: -155267.082477
[03:25:19] Bootstrap tree #882, logLikelihood: -152064.288944
[03:25:33] Bootstrap tree #883, logLikelihood: -154149.259484
[03:25:48] Bootstrap tree #884, logLikelihood: -156690.386582
[03:26:02] Bootstrap tree #885, logLikelihood: -154397.932841
[03:26:19] Bootstrap tree #886, logLikelihood: -154196.466879
[03:26:34] Bootstrap tree #887, logLikelihood: -154736.115317
[03:26:47] Bootstrap tree #888, logLikelihood: -154267.930765
[03:27:04] Bootstrap tree #889, logLikelihood: -153388.521653
[03:27:20] Bootstrap tree #890, logLikelihood: -154596.702914
[03:27:35] Bootstrap tree #891, logLikelihood: -152866.500572
[03:27:56] Bootstrap tree #892, logLikelihood: -151721.313575
[03:28:12] Bootstrap tree #893, logLikelihood: -154523.398031
[03:28:27] Bootstrap tree #894, logLikelihood: -155159.143419
[03:28:41] Bootstrap tree #895, logLikelihood: -153477.363919
[03:29:00] Bootstrap tree #896, logLikelihood: -155300.795984
[03:29:17] Bootstrap tree #897, logLikelihood: -155164.681341
[03:29:33] Bootstrap tree #898, logLikelihood: -154739.593604
[03:29:49] Bootstrap tree #899, logLikelihood: -154261.961681
[03:30:02] Bootstrap tree #900, logLikelihood: -155060.961546
[03:30:03] Bootstrapping converged after 900 replicates.

Bootstrap trees saved to: /home/gkettenburg/RAxML_tree/africa_caliciviridae_raxml/T3.raxml.bootstraps

Execution log saved to: /home/gkettenburg/RAxML_tree/africa_caliciviridae_raxml/T3.raxml.log

Analysis started: 10-Sep-2023 11:07:16 / finished: 10-Sep-2023 14:37:19

Elapsed time: 12603.212 seconds

Consumed energy: 348.496 Wh (= 2 km in an electric car, or 9 km with an e-scooter!)

