
RAxML-NG v. 1.1.0-master released on 22.06.2022 by The Exelixis Lab.
Developed by: Alexey M. Kozlov and Alexandros Stamatakis.
Contributors: Diego Darriba, Tomas Flouri, Benoit Morel, Sarah Lutteropp, Ben Bettisworth.
Latest version: https://github.com/amkozlov/raxml-ng
Questions/problems/suggestions? Please visit: https://groups.google.com/forum/#!forum/raxml

System: Intel(R) Xeon(R) CPU E5-2680 v4 @ 2.40GHz, 28 cores, 62 GB RAM

RAxML-NG was called at 05-Sep-2023 01:11:14 as follows:

raxml-ng-mpi --msa bat_picornavirales_full_over1kb_align.fasta --model GTR+G4 --prefix T12 --seed 1 --threads auto{8}

Analysis options:
  run mode: ML tree search
  start tree(s): random (10) + parsimony (10)
  random seed: 1
  tip-inner: OFF
  pattern compression: ON
  per-rate scalers: OFF
  site repeats: ON
  fast spr radius: AUTO
  spr subtree cutoff: 1.000000
  branch lengths: proportional (ML estimate, algorithm: NR-FAST)
  SIMD kernels: AVX2
  parallelization: coarse-grained (auto), PTHREADS (auto)

[00:00:01] Reading alignment from file: bat_picornavirales_full_over1kb_align.fasta
[00:00:01] Loaded alignment with 73 taxa and 33854 sites

Alignment comprises 1 partitions and 14249 patterns

Partition 0: noname
Model: GTR+FO+G4m
Alignment sites / patterns: 33854 / 14249
Gaps: 77.75 %
Invariant sites: 57.43 %


NOTE: Binary MSA file created: T12.raxml.rba

Parallelization scheme autoconfig: 1 worker(s) x 8 thread(s)

Parallel reduction/worker buffer size: 1 KB  / 0 KB

[00:00:02] Generating 10 random starting tree(s) with 73 taxa
[00:00:02] Generating 10 parsimony starting tree(s) with 73 taxa
[00:00:04] Data distribution: max. partitions/sites/weight per thread: 1 / 1782 / 28512
[00:00:04] Data distribution: max. searches per worker: 20

Starting ML tree search with 20 distinct starting trees

[00:00:04 -673988.374346] Initial branch length optimization
[00:05:44 -579860.197685] Model parameter optimization (eps = 10.000000)
[00:14:13 -567515.663108] AUTODETECT spr round 1 (radius: 5)
[00:23:04 -477687.192850] AUTODETECT spr round 2 (radius: 10)
[00:33:16 -440971.369519] AUTODETECT spr round 3 (radius: 15)
[00:43:31 -427183.599007] AUTODETECT spr round 4 (radius: 20)
[00:49:35 -427086.566374] AUTODETECT spr round 5 (radius: 25)
[00:51:27 -427086.490217] SPR radius for FAST iterations: 20 (autodetect)
[00:51:27 -427086.490217] Model parameter optimization (eps = 3.000000)
[00:59:24 -425010.159787] FAST spr round 1 (radius: 20)
[01:56:26 -409532.326240] FAST spr round 2 (radius: 20)
[02:39:31 -409144.836746] FAST spr round 3 (radius: 20)
[03:09:52 -409127.871340] FAST spr round 4 (radius: 20)
[03:35:48 -409119.437705] FAST spr round 5 (radius: 20)
[04:02:13 -409116.973193] FAST spr round 6 (radius: 20)
[04:27:52 -409114.608179] FAST spr round 7 (radius: 20)
[04:53:51 -409114.606144] Model parameter optimization (eps = 1.000000)
[04:57:13 -409064.842105] SLOW spr round 1 (radius: 5)
[07:24:24 -409032.864170] SLOW spr round 2 (radius: 5)
[09:40:59 -409032.862629] SLOW spr round 3 (radius: 10)
[12:26:40 -409032.862504] SLOW spr round 4 (radius: 15)
[15:28:34 -409032.862486] SLOW spr round 5 (radius: 20)
[16:43:15 -409032.862483] SLOW spr round 6 (radius: 25)
[16:43:48 -409032.862482] Model parameter optimization (eps = 0.100000)

[16:45:03] ML tree search #1, logLikelihood: -409032.695408

[16:45:03 -671331.541152] Initial branch length optimization
[16:50:45 -580348.792630] Model parameter optimization (eps = 10.000000)
[16:59:45 -567849.311654] AUTODETECT spr round 1 (radius: 5)
[17:08:14 -493637.185959] AUTODETECT spr round 2 (radius: 10)
[17:18:35 -440565.763303] AUTODETECT spr round 3 (radius: 15)
[17:26:58 -425142.140648] AUTODETECT spr round 4 (radius: 20)
[17:31:31 -425141.778512] AUTODETECT spr round 5 (radius: 25)
[17:32:44 -425141.753190] SPR radius for FAST iterations: 20 (autodetect)
[17:32:44 -425141.753190] Model parameter optimization (eps = 3.000000)
[17:41:22 -422654.686044] FAST spr round 1 (radius: 20)
[18:42:59 -409495.789184] FAST spr round 2 (radius: 20)
[19:20:53 -409185.474330] FAST spr round 3 (radius: 20)
[19:53:53 -409112.268847] FAST spr round 4 (radius: 20)
[20:20:52 -409111.807423] FAST spr round 5 (radius: 20)
[20:46:47 -409111.805217] Model parameter optimization (eps = 1.000000)
[20:50:43 -409032.961569] SLOW spr round 1 (radius: 5)
[23:11:00 -409032.863265] SLOW spr round 2 (radius: 10)
[25:58:23 -409032.860135] SLOW spr round 3 (radius: 15)
[29:00:26 -409032.859624] SLOW spr round 4 (radius: 20)
[30:15:40 -409032.859537] SLOW spr round 5 (radius: 25)
[30:16:22 -409032.859521] Model parameter optimization (eps = 0.100000)

[30:17:34] ML tree search #2, logLikelihood: -409032.695534

[30:17:35 -669898.660648] Initial branch length optimization
[30:23:41 -580841.561279] Model parameter optimization (eps = 10.000000)
[30:32:46 -567849.221418] AUTODETECT spr round 1 (radius: 5)
[30:41:19 -482830.301063] AUTODETECT spr round 2 (radius: 10)
[30:52:51 -429115.482396] AUTODETECT spr round 3 (radius: 15)
[31:01:35 -427617.823935] AUTODETECT spr round 4 (radius: 20)
[31:05:01 -427617.796410] SPR radius for FAST iterations: 15 (autodetect)
[31:05:01 -427617.796410] Model parameter optimization (eps = 3.000000)
[31:14:02 -425499.899626] FAST spr round 1 (radius: 15)
[32:18:33 -409521.780377] FAST spr round 2 (radius: 15)
[32:53:27 -409220.484536] FAST spr round 3 (radius: 15)
[33:24:11 -409155.455567] FAST spr round 4 (radius: 15)
[33:51:41 -409146.575096] FAST spr round 5 (radius: 15)
[34:20:15 -409140.696421] FAST spr round 6 (radius: 15)
[34:49:36 -409117.983887] FAST spr round 7 (radius: 15)
[35:15:33 -409116.824646] FAST spr round 8 (radius: 15)
[35:41:46 -409116.821898] Model parameter optimization (eps = 1.000000)
[35:45:09 -409035.024017] SLOW spr round 1 (radius: 5)
