
RAxML-NG v. 1.1.0-master released on 22.06.2022 by The Exelixis Lab.
Developed by: Alexey M. Kozlov and Alexandros Stamatakis.
Contributors: Diego Darriba, Tomas Flouri, Benoit Morel, Sarah Lutteropp, Ben Bettisworth.
Latest version: https://github.com/amkozlov/raxml-ng
Questions/problems/suggestions? Please visit: https://groups.google.com/forum/#!forum/raxml

System: Intel(R) Xeon(R) CPU E5-2680 v4 @ 2.40GHz, 28 cores, 251 GB RAM

RAxML-NG was called at 06-Sep-2023 23:14:32 as follows:

raxml-ng-mpi --bsconverge --bs-trees allbootstraps --prefix T100 --seed 2 --threads 2 --bs-cutoff 0.03

Analysis options:
  run mode: A posteriori bootstrap convergence test
  start tree(s): 
  random seed: 2
  SIMD kernels: AVX2
  parallelization: coarse-grained (auto), PTHREADS (2 threads), thread pinning: ON

Reading bootstrap trees from file: allbootstraps
Loaded 250 trees with 69 taxa.

Performing bootstrap convergence assessment using autoMRE criterion

 # trees        avg WRF       avg WRF in %       # perms: wrf <= 3.00 %     converged?  
      50         75.280              2.281                          925        NO
     100        124.922              1.893                          961        NO
     150        189.157              1.911                          990        YES
Bootstopping test converged after 150 trees


Execution log saved to: /home/gkettenburg/bat_picorna_full_raxml/over2kb/T100.raxml.log

Analysis started: 06-Sep-2023 23:14:32 / finished: 06-Sep-2023 23:14:33

Elapsed time: 0.474 seconds

