
RAxML-NG v. 1.1.0-master released on 22.06.2022 by The Exelixis Lab.
Developed by: Alexey M. Kozlov and Alexandros Stamatakis.
Contributors: Diego Darriba, Tomas Flouri, Benoit Morel, Sarah Lutteropp, Ben Bettisworth.
Latest version: https://github.com/amkozlov/raxml-ng
Questions/problems/suggestions? Please visit: https://groups.google.com/forum/#!forum/raxml

System: Intel(R) Xeon(R) CPU E5-2680 v4 @ 2.40GHz, 28 cores, 62 GB RAM

RAxML-NG was called at 05-Sep-2023 01:11:14 as follows:

raxml-ng-mpi --all --msa bat_picornavirales_full_over2kb_align.fasta --model GTR+G4 --prefix T11 --seed 1 --threads auto{8} --bs-metric fbp,tbe

Analysis options:
  run mode: ML tree search + bootstrapping (Felsenstein Bootstrap + Transfer Bootstrap)
  start tree(s): random (10) + parsimony (10)
  bootstrap replicates: max: 1000 + bootstopping (autoMRE, cutoff: 0.030000)
  random seed: 1
  tip-inner: OFF
  pattern compression: ON
  per-rate scalers: OFF
  site repeats: ON
  branch lengths: proportional (ML estimate, algorithm: NR-FAST)
  SIMD kernels: AVX2
  parallelization: coarse-grained (auto), PTHREADS (auto)

[00:00:01] Reading alignment from file: bat_picornavirales_full_over2kb_align.fasta
[00:00:01] Loaded alignment with 69 taxa and 33924 sites

Alignment comprises 1 partitions and 14047 patterns

Partition 0: noname
Model: GTR+FO+G4m
Alignment sites / patterns: 33924 / 14047
Gaps: 76.69 %
Invariant sites: 58.34 %


NOTE: Binary MSA file created: T11.raxml.rba

Parallelization scheme autoconfig: 1 worker(s) x 8 thread(s)

Parallel reduction/worker buffer size: 1 KB  / 0 KB

[00:00:01] Generating 10 random starting tree(s) with 69 taxa
[00:00:01] Generating 10 parsimony starting tree(s) with 69 taxa
[00:00:03] Data distribution: max. partitions/sites/weight per thread: 1 / 1756 / 28096
[00:00:08] Data distribution: max. searches per worker: 1020

Starting ML tree search with 20 distinct starting trees

[12:09:45] ML tree search #1, logLikelihood: -406845.113778
[26:32:03] ML tree search #2, logLikelihood: -406845.130838
