
RAxML-NG v. 1.1.0-master released on 22.06.2022 by The Exelixis Lab.
Developed by: Alexey M. Kozlov and Alexandros Stamatakis.
Contributors: Diego Darriba, Tomas Flouri, Benoit Morel, Sarah Lutteropp, Ben Bettisworth.
Latest version: https://github.com/amkozlov/raxml-ng
Questions/problems/suggestions? Please visit: https://groups.google.com/forum/#!forum/raxml

System: Intel(R) Xeon(R) CPU E5-2680 v4 @ 2.40GHz, 28 cores, 62 GB RAM

RAxML-NG was called at 05-Sep-2023 01:11:14 as follows:

raxml-ng-mpi --bootstrap --msa bat_picornavirales_full_over2kb_align.fasta --model GTR+G4 --prefix T13 --seed 2 --threads auto{8}

Analysis options:
  run mode: Bootstrapping
  start tree(s): 
  bootstrap replicates: max: 1000 + bootstopping (autoMRE, cutoff: 0.030000)
  random seed: 2
  tip-inner: OFF
  pattern compression: ON
  per-rate scalers: OFF
  site repeats: ON
  branch lengths: proportional (ML estimate, algorithm: NR-FAST)
  SIMD kernels: AVX2
  parallelization: coarse-grained (auto), PTHREADS (auto)

[00:00:01] Reading alignment from file: bat_picornavirales_full_over2kb_align.fasta
[00:00:01] Loaded alignment with 69 taxa and 33924 sites

Alignment comprises 1 partitions and 14047 patterns

Partition 0: noname
Model: GTR+FO+G4m
Alignment sites / patterns: 33924 / 14047
Gaps: 76.69 %
Invariant sites: 58.34 %


NOTE: Binary MSA file created: T13.raxml.rba

Parallelization scheme autoconfig: 1 worker(s) x 8 thread(s)

Parallel reduction/worker buffer size: 1 KB  / 0 KB

[00:00:02] Data distribution: max. partitions/sites/weight per thread: 1 / 1756 / 28096
[00:00:07] Data distribution: max. searches per worker: 1000
[00:00:07] Starting bootstrapping analysis with 1000 replicates.

[17:20:36] Bootstrap tree #1, logLikelihood: -409691.347932
[33:49:48] Bootstrap tree #2, logLikelihood: -409368.856419
ixis Lab.
Developed by: Alexey M. Kozlov and Alexandros Stamatakis.
Contributors: Diego Darriba, Tomas Flouri, Benoit Morel, Sarah Lutteropp, Ben Bettisworth.
Latest version: https://github.com/amkozlov/raxml-ng
Questions/problems/suggestions? Please visit: https://groups.google.com/forum/#!forum/raxml

System: Intel(R) Xeon(R) CPU E5-2680 v4 @ 2.40GHz, 28 cores, 62 GB RAM

RAxML-NG was called at 06-Sep-2023 10:34:07 as follows:

raxml-ng-mpi --bootstrap --msa bat_picornavirales_full_over2kb_align.fasta --model GTR+G4 --prefix T13 --seed 2 --threads auto{8}

Analysis options:
  run mode: Bootstrapping
  start tree(s): 
  bootstrap replicates: max: 1000 + bootstopping (autoMRE, cutoff: 0.030000)
  random seed: 2
  tip-inner: OFF
  pattern compression: ON
  per-rate scalers: OFF
  site repeats: ON
  branch lengths: proportional (ML estimate, algorithm: NR-FAST)
  SIMD kernels: AVX2
  parallelization: coarse-grained (auto), PTHREADS (auto)

WARNING: The model you specified on the command line (GTR+G4) will be ignored 
         since the binary MSA file already contains a model definition.
         If you want to change the model, please re-run RAxML-NG 
         with the original PHYLIP/FASTA alignment and --redo option.

[00:00:01] Loading binary alignment from file: T13.raxml.rba
[00:00:01] Alignment comprises 69 taxa, 1 partitions and 14047 patterns

Partition 0: noname
Model: GTR+FO+G4m
Alignment sites / patterns: 33924 / 14047
Gaps: 76.69 %
Invariant sites: 58.34 %


Parallelization scheme autoconfig: 1 worker(s) x 8 thread(s)

Parallel reduction/worker buffer size: 1 KB  / 0 KB

[00:00:01] NOTE: Resuming execution from checkpoint (logLH: -409368.94, ML trees: 0, bootstraps: 1)
[00:00:01] Data distribution: max. partitions/sites/weight per thread: 1 / 1756 / 28096
[00:00:02] Data distribution: max. searches per worker: 999
[00:00:02] Starting bootstrapping analysis with 1000 replicates.

[00:00:04] Bootstrap tree #2, logLikelihood: -409368.856419
[00:00:56] Bootstrap tree #3, logLikelihood: -405924.013069
[00:01:39] Bootstrap tree #4, logLikelihood: -406288.909470
[00:02:32] Bootstrap tree #5, logLikelihood: -409980.978259
[00:03:16] Bootstrap tree #6, logLikelihood: -404156.238552
[00:04:01] Bootstrap tree #7, logLikelihood: -408464.797442
[00:04:48] Bootstrap tree #8, logLikelihood: -409064.751972
[00:05:31] Bootstrap tree #9, logLikelihood: -403922.317838
[00:06:20] Bootstrap tree #10, logLikelihood: -405732.254151
[00:07:06] Bootstrap tree #11, logLikelihood: -410575.423914
[00:07:52] Bootstrap tree #12, logLikelihood: -400818.479072
[00:08:40] Bootstrap tree #13, logLikelihood: -410680.899695
[00:09:27] Bootstrap tree #14, logLikelihood: -410165.489265
[00:10:25] Bootstrap tree #15, logLikelihood: -411334.342896
[00:11:17] Bootstrap tree #16, logLikelihood: -405300.547701
[00:12:04] Bootstrap tree #17, logLikelihood: -410589.023578
[00:12:58] Bootstrap tree #18, logLikelihood: -410833.866971
[00:13:55] Bootstrap tree #19, logLikelihood: -408170.244885
[00:14:43] Bootstrap tree #20, logLikelihood: -409251.601180
[00:15:40] Bootstrap tree #21, logLikelihood: -406321.938130
[00:16:28] Bootstrap tree #22, logLikelihood: -404539.495759
[00:17:19] Bootstrap tree #23, logLikelihood: -408908.312881
[00:18:09] Bootstrap tree #24, logLikelihood: -403902.759600
[00:18:59] Bootstrap tree #25, logLikelihood: -404927.849858
[00:19:59] Bootstrap tree #26, logLikelihood: -410028.777750
[00:20:50] Bootstrap tree #27, logLikelihood: -399845.216991
[00:21:34] Bootstrap tree #28, logLikelihood: -405815.414180
[00:22:23] Bootstrap tree #29, logLikelihood: -401331.747250
[00:23:21] Bootstrap tree #30, logLikelihood: -411913.383884
[00:24:17] Bootstrap tree #31, logLikelihood: -405580.647256
[00:25:18] Bootstrap tree #32, logLikelihood: -402058.340855
[00:26:23] Bootstrap tree #33, logLikelihood: -404750.630072
[00:27:10] Bootstrap tree #34, logLikelihood: -404789.329580
[00:28:03] Bootstrap tree #35, logLikelihood: -415547.750521
[00:28:56] Bootstrap tree #36, logLikelihood: -411429.050728
[00:29:59] Bootstrap tree #37, logLikelihood: -407525.198178
[00:30:53] Bootstrap tree #38, logLikelihood: -408826.304170
[00:31:39] Bootstrap tree #39, logLikelihood: -407304.572607
[00:32:41] Bootstrap tree #40, logLikelihood: -407040.284059
[00:33:40] Bootstrap tree #41, logLikelihood: -407522.478431
[00:34:36] Bootstrap tree #42, logLikelihood: -410434.966338
[00:35:31] Bootstrap tree #43, logLikelihood: -405760.349742
[00:36:22] Bootstrap tree #44, logLikelihood: -411035.498961
[00:37:26] Bootstrap tree #45, logLikelihood: -406370.975402
[00:38:23] Bootstrap tree #46, logLikelihood: -404012.566647
[00:39:15] Bootstrap tree #47, logLikelihood: -404534.816674
[00:40:11] Bootstrap tree #48, logLikelihood: -408684.417192
[00:41:06] Bootstrap tree #49, logLikelihood: -403522.592332
[00:41:57] Bootstrap tree #50, logLikelihood: -406416.409699
[00:42:48] Bootstrap tree #51, logLikelihood: -402545.497203
[00:43:46] Bootstrap tree #52, logLikelihood: -409172.920606
[00:44:39] Bootstrap tree #53, logLikelihood: -404196.175259
[00:45:31] Bootstrap tree #54, logLikelihood: -409038.101098
[00:46:33] Bootstrap tree #55, logLikelihood: -407924.064065
[00:47:26] Bootstrap tree #56, logLikelihood: -410337.616672
[00:48:22] Bootstrap tree #57, logLikelihood: -409026.818092
[00:49:20] Bootstrap tree #58, logLikelihood: -404001.373093
[00:50:16] Bootstrap tree #59, logLikelihood: -402654.206904
[00:51:05] Bootstrap tree #60, logLikelihood: -401706.489844
[00:51:57] Bootstrap tree #61, logLikelihood: -405581.984124
[00:52:52] Bootstrap tree #62, logLikelihood: -413123.594867
[00:53:41] Bootstrap tree #63, logLikelihood: -400164.246244
[00:54:34] Bootstrap tree #64, logLikelihood: -402402.094095
[00:55:26] Bootstrap tree #65, logLikelihood: -409277.237473
[00:56:20] Bootstrap tree #66, logLikelihood: -406521.798144
[00:57:11] Bootstrap tree #67, logLikelihood: -409712.072799
[00:58:11] Bootstrap tree #68, logLikelihood: -403793.290025
[00:59:06] Bootstrap tree #69, logLikelihood: -409696.730770
[00:59:57] Bootstrap tree #70, logLikelihood: -410491.828713
[01:00:54] Bootstrap tree #71, logLikelihood: -404516.790816
[01:01:45] Bootstrap tree #72, logLikelihood: -405147.469046
[01:02:51] Bootstrap tree #73, logLikelihood: -410056.799855
[01:03:52] Bootstrap tree #74, logLikelihood: -408833.599563
[01:04:51] Bootstrap tree #75, logLikelihood: -409022.469371
[01:05:48] Bootstrap tree #76, logLikelihood: -406338.060216
[01:06:35] Bootstrap tree #77, logLikelihood: -407871.184558
[01:07:30] Bootstrap tree #78, logLikelihood: -408176.160337
[01:08:19] Bootstrap tree #79, logLikelihood: -408231.000644
[01:09:17] Bootstrap tree #80, logLikelihood: -413477.647702
[01:10:04] Bootstrap tree #81, logLikelihood: -403077.363522
[01:10:55] Bootstrap tree #82, logLikelihood: -412460.715025
[01:11:48] Bootstrap tree #83, logLikelihood: -401878.783097
[01:12:42] Bootstrap tree #84, logLikelihood: -409823.819166
[01:13:50] Bootstrap tree #85, logLikelihood: -403185.284655
[01:14:39] Bootstrap tree #86, logLikelihood: -408657.003955
[01:15:34] Bootstrap tree #87, logLikelihood: -412321.643734
[01:16:17] Bootstrap tree #88, logLikelihood: -412091.458218
[01:17:08] Bootstrap tree #89, logLikelihood: -402308.511720
[01:18:00] Bootstrap tree #90, logLikelihood: -403983.330094
[01:18:56] Bootstrap tree #91, logLikelihood: -415001.694098
[01:19:48] Bootstrap tree #92, logLikelihood: -409318.844748
[01:20:43] Bootstrap tree #93, logLikelihood: -405550.935113
[01:21:34] Bootstrap tree #94, logLikelihood: -412065.877946
[01:22:25] Bootstrap tree #95, logLikelihood: -402319.534273
[01:23:23] Bootstrap tree #96, logLikelihood: -409010.819925
[01:24:19] Bootstrap tree #97, logLikelihood: -412277.599290
[01:25:22] Bootstrap tree #98, logLikelihood: -415201.368398
[01:26:16] Bootstrap tree #99, logLikelihood: -404585.823703
[01:27:10] Bootstrap tree #100, logLikelihood: -409177.522083
[01:28:03] Bootstrap tree #101, logLikelihood: -412201.777426
[01:28:57] Bootstrap tree #102, logLikelihood: -413272.353171
[01:29:56] Bootstrap tree #103, logLikelihood: -407677.858662
[01:30:49] Bootstrap tree #104, logLikelihood: -403195.765254
[01:31:40] Bootstrap tree #105, logLikelihood: -407336.474267
[01:32:38] Bootstrap tree #106, logLikelihood: -404425.439331
[01:33:28] Bootstrap tree #107, logLikelihood: -407312.870796
[01:34:16] Bootstrap tree #108, logLikelihood: -410165.430024
[01:35:24] Bootstrap tree #109, logLikelihood: -406607.028229
[01:36:18] Bootstrap tree #110, logLikelihood: -405939.429846
[01:37:17] Bootstrap tree #111, logLikelihood: -412060.238989
[01:38:13] Bootstrap tree #112, logLikelihood: -403818.809837
[01:39:06] Bootstrap tree #113, logLikelihood: -400408.194229
[01:40:00] Bootstrap tree #114, logLikelihood: -408833.464052
[01:40:56] Bootstrap tree #115, logLikelihood: -406811.831015
[01:41:46] Bootstrap tree #116, logLikelihood: -408610.213447
[01:42:41] Bootstrap tree #117, logLikelihood: -404352.499991
[01:43:36] Bootstrap tree #118, logLikelihood: -404438.430728
[01:44:27] Bootstrap tree #119, logLikelihood: -404324.949446
[01:45:19] Bootstrap tree #120, logLikelihood: -407212.634452
[01:46:13] Bootstrap tree #121, logLikelihood: -408027.474313
[01:47:07] Bootstrap tree #122, logLikelihood: -406124.534886
[01:48:06] Bootstrap tree #123, logLikelihood: -407314.869347
[01:49:01] Bootstrap tree #124, logLikelihood: -406547.832042
[01:49:48] Bootstrap tree #125, logLikelihood: -408858.424770
[01:50:49] Bootstrap tree #126, logLikelihood: -411359.521197
[01:51:46] Bootstrap tree #127, logLikelihood: -407043.038340
[01:52:35] Bootstrap tree #128, logLikelihood: -406940.165786
[01:53:29] Bootstrap tree #129, logLikelihood: -407087.298731
[01:54:21] Bootstrap tree #130, logLikelihood: -397836.022954
[01:55:15] Bootstrap tree #131, logLikelihood: -407224.207261
[01:56:04] Bootstrap tree #132, logLikelihood: -403401.796435
[01:56:58] Bootstrap tree #133, logLikelihood: -403662.077298
[01:57:47] Bootstrap tree #134, logLikelihood: -408378.086888
[01:58:39] Bootstrap tree #135, logLikelihood: -408467.383355
[01:59:27] Bootstrap tree #136, logLikelihood: -401195.089341
[02:00:28] Bootstrap tree #137, logLikelihood: -400485.494260
[02:01:30] Bootstrap tree #138, logLikelihood: -404981.815988
[02:02:23] Bootstrap tree #139, logLikelihood: -409109.716962
[02:03:28] Bootstrap tree #140, logLikelihood: -408147.260985
[02:04:14] Bootstrap tree #141, logLikelihood: -404718.551979
[02:05:10] Bootstrap tree #142, logLikelihood: -405448.640388
[02:06:08] Bootstrap tree #143, logLikelihood: -410353.506587
[02:07:01] Bootstrap tree #144, logLikelihood: -407334.454300
[02:07:44] Bootstrap tree #145, logLikelihood: -405353.566853
[02:08:41] Bootstrap tree #146, logLikelihood: -407640.670217
[02:09:42] Bootstrap tree #147, logLikelihood: -407130.402280
[02:10:44] Bootstrap tree #148, logLikelihood: -409574.280350
[02:11:26] Bootstrap tree #149, logLikelihood: -401017.543150
[02:12:21] Bootstrap tree #150, logLikelihood: -412608.745988
[02:12:21] Bootstrapping converged after 150 replicates.

Bootstrap trees saved to: /home/gkettenburg/bat_picorna_full_raxml/over2kb/T13.raxml.bootstraps

Execution log saved to: /home/gkettenburg/bat_picorna_full_raxml/over2kb/T13.raxml.log

Analysis started: 06-Sep-2023 10:34:07 / finished: 06-Sep-2023 12:46:29

Elapsed time: 7942.031 seconds (this run) / 126789.354 seconds (total with restarts)

Consumed energy: 2903.234 Wh (= 15 km in an electric car, or 73 km with an e-scooter!)

