ERROR: Unable to locate a modulefile for 'emacs/25.1'
ERROR: Unable to locate a modulefile for 'python/3.6'
ERROR: Unable to locate a modulefile for 'java/1.8.0_121'
ERROR: Unable to locate a modulefile for 'cmake/3.15.1'

RAxML-NG v. 1.1.0-master released on 22.06.2022 by The Exelixis Lab.
Developed by: Alexey M. Kozlov and Alexandros Stamatakis.
Contributors: Diego Darriba, Tomas Flouri, Benoit Morel, Sarah Lutteropp, Ben Bettisworth.
Latest version: https://github.com/amkozlov/raxml-ng
Questions/problems/suggestions? Please visit: https://groups.google.com/forum/#!forum/raxml

System: Intel(R) Xeon(R) CPU E5-2680 v4 @ 2.40GHz, 28 cores, 62 GB RAM

RAxML-NG was called at 10-Jun-2024 14:07:07 as follows:

raxml-ng-mpi --all --msa mischi_full_align.fasta --model GTR+G4 --prefix T1 --seed 1 --threads auto{8} --bs-metric fbp,tbe

Analysis options:
  run mode: ML tree search + bootstrapping (Felsenstein Bootstrap + Transfer Bootstrap)
  start tree(s): random (10) + parsimony (10)
  bootstrap replicates: max: 1000 + bootstopping (autoMRE, cutoff: 0.030000)
  random seed: 1
  tip-inner: OFF
  pattern compression: ON
  per-rate scalers: OFF
  site repeats: ON
  branch lengths: proportional (ML estimate, algorithm: NR-FAST)
  SIMD kernels: AVX2
  parallelization: coarse-grained (auto), PTHREADS (auto)

[00:00:00] Reading alignment from file: mischi_full_align.fasta
[00:00:00] Loaded alignment with 17 taxa and 12835 sites

Alignment comprises 1 partitions and 6777 patterns

Partition 0: noname
Model: GTR+FO+G4m
Alignment sites / patterns: 12835 / 6777
Gaps: 41.45 %
Invariant sites: 37.09 %


NOTE: Binary MSA file created: T1.raxml.rba

Parallelization scheme autoconfig: 1 worker(s) x 8 thread(s)

Parallel reduction/worker buffer size: 1 KB  / 0 KB

[00:00:00] Generating 10 random starting tree(s) with 17 taxa
[00:00:00] Generating 10 parsimony starting tree(s) with 17 taxa
[00:00:00] Data distribution: max. partitions/sites/weight per thread: 1 / 848 / 13568
[00:00:00] Data distribution: max. searches per worker: 1020

Starting ML tree search with 20 distinct starting trees

[00:00:05] ML tree search #1, logLikelihood: -98943.839000
[00:00:10] ML tree search #2, logLikelihood: -98943.834120
[00:00:15] ML tree search #3, logLikelihood: -98943.859374
[00:00:20] ML tree search #4, logLikelihood: -98943.833513
[00:00:25] ML tree search #5, logLikelihood: -98943.834973
[00:00:30] ML tree search #6, logLikelihood: -98943.842005
[00:00:35] ML tree search #7, logLikelihood: -98943.834051
[00:00:39] ML tree search #8, logLikelihood: -98943.817815
[00:00:42] ML tree search #9, logLikelihood: -98943.851717
[00:00:47] ML tree search #10, logLikelihood: -98943.827639
[00:00:49] ML tree search #11, logLikelihood: -98943.811860
[00:00:52] ML tree search #12, logLikelihood: -98943.804625
[00:00:54] ML tree search #13, logLikelihood: -98943.808113
[00:00:57] ML tree search #14, logLikelihood: -98943.806282
[00:00:59] ML tree search #15, logLikelihood: -98943.810499
[00:01:02] ML tree search #16, logLikelihood: -98943.804126
[00:01:04] ML tree search #17, logLikelihood: -98943.823642
[00:01:07] ML tree search #18, logLikelihood: -98943.801753
[00:01:09] ML tree search #19, logLikelihood: -98943.804103
[00:01:12] ML tree search #20, logLikelihood: -98943.804784

[00:01:12] ML tree search completed, best tree logLH: -98943.801753

[00:01:12] Starting bootstrapping analysis with 1000 replicates.

[00:01:15] Bootstrap tree #1, logLikelihood: -97614.728342
[00:01:18] Bootstrap tree #2, logLikelihood: -97654.614825
[00:01:20] Bootstrap tree #3, logLikelihood: -98738.898222
[00:01:22] Bootstrap tree #4, logLikelihood: -100858.383287
[00:01:26] Bootstrap tree #5, logLikelihood: -98691.002158
[00:01:28] Bootstrap tree #6, logLikelihood: -98905.049953
[00:01:30] Bootstrap tree #7, logLikelihood: -98681.668450
[00:01:34] Bootstrap tree #8, logLikelihood: -98663.967561
[00:01:37] Bootstrap tree #9, logLikelihood: -98707.061095
[00:01:40] Bootstrap tree #10, logLikelihood: -98763.182888
[00:01:43] Bootstrap tree #11, logLikelihood: -100283.546386
[00:01:46] Bootstrap tree #12, logLikelihood: -99484.805510
[00:01:49] Bootstrap tree #13, logLikelihood: -97458.087265
[00:01:52] Bootstrap tree #14, logLikelihood: -100039.247723
[00:01:55] Bootstrap tree #15, logLikelihood: -98256.347516
[00:01:58] Bootstrap tree #16, logLikelihood: -99414.717406
[00:02:01] Bootstrap tree #17, logLikelihood: -98400.804047
[00:02:04] Bootstrap tree #18, logLikelihood: -98077.087906
[00:02:07] Bootstrap tree #19, logLikelihood: -98440.030920
[00:02:09] Bootstrap tree #20, logLikelihood: -98818.090435
[00:02:12] Bootstrap tree #21, logLikelihood: -98621.477181
[00:02:14] Bootstrap tree #22, logLikelihood: -100310.408354
[00:02:17] Bootstrap tree #23, logLikelihood: -97831.094157
[00:02:20] Bootstrap tree #24, logLikelihood: -98667.899321
[00:02:22] Bootstrap tree #25, logLikelihood: -99288.113834
[00:02:24] Bootstrap tree #26, logLikelihood: -99105.352488
[00:02:28] Bootstrap tree #27, logLikelihood: -98839.102359
[00:02:31] Bootstrap tree #28, logLikelihood: -98985.749352
[00:02:35] Bootstrap tree #29, logLikelihood: -98201.414783
[00:02:37] Bootstrap tree #30, logLikelihood: -99265.894621
[00:02:39] Bootstrap tree #31, logLikelihood: -99689.681904
[00:02:42] Bootstrap tree #32, logLikelihood: -98641.734125
[00:02:45] Bootstrap tree #33, logLikelihood: -98678.301184
[00:02:47] Bootstrap tree #34, logLikelihood: -98830.424138
[00:02:50] Bootstrap tree #35, logLikelihood: -98908.936742
[00:02:53] Bootstrap tree #36, logLikelihood: -99004.550991
[00:02:56] Bootstrap tree #37, logLikelihood: -100449.301983
[00:03:00] Bootstrap tree #38, logLikelihood: -99438.837303
[00:03:02] Bootstrap tree #39, logLikelihood: -97695.043766
[00:03:04] Bootstrap tree #40, logLikelihood: -99605.258171
[00:03:08] Bootstrap tree #41, logLikelihood: -98571.089917
[00:03:11] Bootstrap tree #42, logLikelihood: -99574.026577
[00:03:13] Bootstrap tree #43, logLikelihood: -98001.342419
[00:03:17] Bootstrap tree #44, logLikelihood: -97669.379822
[00:03:20] Bootstrap tree #45, logLikelihood: -99153.105995
[00:03:22] Bootstrap tree #46, logLikelihood: -98558.193193
[00:03:25] Bootstrap tree #47, logLikelihood: -98017.886449
[00:03:28] Bootstrap tree #48, logLikelihood: -98682.419068
[00:03:30] Bootstrap tree #49, logLikelihood: -98906.326674
[00:03:33] Bootstrap tree #50, logLikelihood: -98358.614333
[00:03:35] Bootstrap tree #51, logLikelihood: -99428.240049
[00:03:38] Bootstrap tree #52, logLikelihood: -99212.573752
[00:03:41] Bootstrap tree #53, logLikelihood: -97754.011015
[00:03:44] Bootstrap tree #54, logLikelihood: -99597.462758
[00:03:48] Bootstrap tree #55, logLikelihood: -99539.231604
[00:03:50] Bootstrap tree #56, logLikelihood: -100087.801514
[00:03:53] Bootstrap tree #57, logLikelihood: -98471.846892
[00:03:56] Bootstrap tree #58, logLikelihood: -98632.857216
[00:03:59] Bootstrap tree #59, logLikelihood: -100250.947735
[00:04:02] Bootstrap tree #60, logLikelihood: -97963.611181
[00:04:05] Bootstrap tree #61, logLikelihood: -98817.593964
[00:04:07] Bootstrap tree #62, logLikelihood: -99859.799604
[00:04:09] Bootstrap tree #63, logLikelihood: -98876.088748
[00:04:12] Bootstrap tree #64, logLikelihood: -100498.362652
[00:04:15] Bootstrap tree #65, logLikelihood: -98691.545173
[00:04:17] Bootstrap tree #66, logLikelihood: -99594.053424
[00:04:21] Bootstrap tree #67, logLikelihood: -98700.014391
[00:04:24] Bootstrap tree #68, logLikelihood: -99535.239910
[00:04:27] Bootstrap tree #69, logLikelihood: -97956.483898
[00:04:30] Bootstrap tree #70, logLikelihood: -98891.136764
[00:04:33] Bootstrap tree #71, logLikelihood: -98269.589655
[00:04:37] Bootstrap tree #72, logLikelihood: -97525.281306
[00:04:39] Bootstrap tree #73, logLikelihood: -98989.702972
[00:04:41] Bootstrap tree #74, logLikelihood: -98310.799485
[00:04:44] Bootstrap tree #75, logLikelihood: -99045.258195
[00:04:48] Bootstrap tree #76, logLikelihood: -98767.544768
[00:04:51] Bootstrap tree #77, logLikelihood: -99213.317320
[00:04:54] Bootstrap tree #78, logLikelihood: -97996.770630
[00:04:57] Bootstrap tree #79, logLikelihood: -99252.912209
[00:05:00] Bootstrap tree #80, logLikelihood: -98740.664724
[00:05:02] Bootstrap tree #81, logLikelihood: -98198.217921
[00:05:05] Bootstrap tree #82, logLikelihood: -99717.125489
[00:05:08] Bootstrap tree #83, logLikelihood: -98761.656833
[00:05:11] Bootstrap tree #84, logLikelihood: -98751.167566
[00:05:13] Bootstrap tree #85, logLikelihood: -97026.669298
[00:05:16] Bootstrap tree #86, logLikelihood: -99981.293530
[00:05:19] Bootstrap tree #87, logLikelihood: -98586.827915
[00:05:21] Bootstrap tree #88, logLikelihood: -99268.390950
[00:05:24] Bootstrap tree #89, logLikelihood: -98455.355344
[00:05:28] Bootstrap tree #90, logLikelihood: -99475.532699
[00:05:30] Bootstrap tree #91, logLikelihood: -99138.306128
[00:05:34] Bootstrap tree #92, logLikelihood: -98716.044386
[00:05:36] Bootstrap tree #93, logLikelihood: -99486.963983
[00:05:39] Bootstrap tree #94, logLikelihood: -99149.590426
[00:05:41] Bootstrap tree #95, logLikelihood: -99256.403534
[00:05:44] Bootstrap tree #96, logLikelihood: -98462.528068
[00:05:47] Bootstrap tree #97, logLikelihood: -99356.372150
[00:05:49] Bootstrap tree #98, logLikelihood: -100003.694260
[00:05:52] Bootstrap tree #99, logLikelihood: -99954.687333
[00:05:55] Bootstrap tree #100, logLikelihood: -99259.767828
[00:05:58] Bootstrap tree #101, logLikelihood: -99500.679050
[00:06:01] Bootstrap tree #102, logLikelihood: -97084.591295
[00:06:03] Bootstrap tree #103, logLikelihood: -97728.436961
[00:06:07] Bootstrap tree #104, logLikelihood: -99478.953788
[00:06:09] Bootstrap tree #105, logLikelihood: -98616.282849
[00:06:11] Bootstrap tree #106, logLikelihood: -98558.131523
[00:06:14] Bootstrap tree #107, logLikelihood: -99087.542653
[00:06:18] Bootstrap tree #108, logLikelihood: -98866.785866
[00:06:21] Bootstrap tree #109, logLikelihood: -99371.011945
[00:06:23] Bootstrap tree #110, logLikelihood: -99261.094449
[00:06:26] Bootstrap tree #111, logLikelihood: -99288.306518
[00:06:29] Bootstrap tree #112, logLikelihood: -98647.739522
[00:06:31] Bootstrap tree #113, logLikelihood: -99057.782105
[00:06:34] Bootstrap tree #114, logLikelihood: -98357.301661
[00:06:37] Bootstrap tree #115, logLikelihood: -98754.605556
[00:06:40] Bootstrap tree #116, logLikelihood: -97718.288901
[00:06:43] Bootstrap tree #117, logLikelihood: -99550.476234
[00:06:46] Bootstrap tree #118, logLikelihood: -98006.253845
[00:06:49] Bootstrap tree #119, logLikelihood: -98895.340216
[00:06:52] Bootstrap tree #120, logLikelihood: -99717.109219
[00:06:55] Bootstrap tree #121, logLikelihood: -98759.123605
[00:06:57] Bootstrap tree #122, logLikelihood: -100661.285981
[00:06:59] Bootstrap tree #123, logLikelihood: -98237.850186
[00:07:02] Bootstrap tree #124, logLikelihood: -98755.259905
[00:07:04] Bootstrap tree #125, logLikelihood: -96941.553084
[00:07:07] Bootstrap tree #126, logLikelihood: -99072.146640
[00:07:10] Bootstrap tree #127, logLikelihood: -99303.904667
[00:07:14] Bootstrap tree #128, logLikelihood: -99564.781846
[00:07:17] Bootstrap tree #129, logLikelihood: -98407.876256
[00:07:21] Bootstrap tree #130, logLikelihood: -97868.970116
[00:07:24] Bootstrap tree #131, logLikelihood: -96761.640614
[00:07:26] Bootstrap tree #132, logLikelihood: -99378.772769
[00:07:30] Bootstrap tree #133, logLikelihood: -98861.196424
[00:07:33] Bootstrap tree #134, logLikelihood: -99675.490117
[00:07:36] Bootstrap tree #135, logLikelihood: -97814.107609
[00:07:38] Bootstrap tree #136, logLikelihood: -98743.835442
[00:07:42] Bootstrap tree #137, logLikelihood: -98401.708174
[00:07:45] Bootstrap tree #138, logLikelihood: -99228.079398
[00:07:48] Bootstrap tree #139, logLikelihood: -99463.178329
[00:07:51] Bootstrap tree #140, logLikelihood: -99196.450173
[00:07:53] Bootstrap tree #141, logLikelihood: -98235.791649
[00:07:56] Bootstrap tree #142, logLikelihood: -99646.502769
[00:07:59] Bootstrap tree #143, logLikelihood: -98584.152782
[00:08:02] Bootstrap tree #144, logLikelihood: -99441.916993
[00:08:06] Bootstrap tree #145, logLikelihood: -98958.183901
[00:08:08] Bootstrap tree #146, logLikelihood: -99171.823136
[00:08:12] Bootstrap tree #147, logLikelihood: -99003.036115
[00:08:15] Bootstrap tree #148, logLikelihood: -99976.409980
[00:08:18] Bootstrap tree #149, logLikelihood: -98563.668634
[00:08:21] Bootstrap tree #150, logLikelihood: -98155.697371
[00:08:24] Bootstrap tree #151, logLikelihood: -99605.265255
[00:08:27] Bootstrap tree #152, logLikelihood: -99423.363578
[00:08:29] Bootstrap tree #153, logLikelihood: -97672.140153
[00:08:32] Bootstrap tree #154, logLikelihood: -98204.522992
[00:08:34] Bootstrap tree #155, logLikelihood: -99749.027249
[00:08:37] Bootstrap tree #156, logLikelihood: -98752.677924
[00:08:40] Bootstrap tree #157, logLikelihood: -99380.931640
[00:08:42] Bootstrap tree #158, logLikelihood: -99271.533254
[00:08:45] Bootstrap tree #159, logLikelihood: -100274.661061
[00:08:49] Bootstrap tree #160, logLikelihood: -97506.524126
[00:08:51] Bootstrap tree #161, logLikelihood: -99079.416758
[00:08:53] Bootstrap tree #162, logLikelihood: -98792.903815
[00:08:57] Bootstrap tree #163, logLikelihood: -99074.603408
[00:09:00] Bootstrap tree #164, logLikelihood: -99227.308904
[00:09:03] Bootstrap tree #165, logLikelihood: -99115.262662
[00:09:06] Bootstrap tree #166, logLikelihood: -98528.509217
[00:09:09] Bootstrap tree #167, logLikelihood: -98990.702542
[00:09:11] Bootstrap tree #168, logLikelihood: -98047.478807
[00:09:14] Bootstrap tree #169, logLikelihood: -99404.511658
[00:09:17] Bootstrap tree #170, logLikelihood: -100416.800842
[00:09:20] Bootstrap tree #171, logLikelihood: -99441.361783
[00:09:23] Bootstrap tree #172, logLikelihood: -98753.755417
[00:09:26] Bootstrap tree #173, logLikelihood: -98996.318893
[00:09:29] Bootstrap tree #174, logLikelihood: -99751.228893
[00:09:32] Bootstrap tree #175, logLikelihood: -97857.803390
[00:09:34] Bootstrap tree #176, logLikelihood: -98690.316260
[00:09:37] Bootstrap tree #177, logLikelihood: -98902.644386
[00:09:39] Bootstrap tree #178, logLikelihood: -99566.573037
[00:09:42] Bootstrap tree #179, logLikelihood: -99791.659696
[00:09:45] Bootstrap tree #180, logLikelihood: -98123.179623
[00:09:48] Bootstrap tree #181, logLikelihood: -98997.614311
[00:09:51] Bootstrap tree #182, logLikelihood: -99967.345083
[00:09:54] Bootstrap tree #183, logLikelihood: -99463.107618
[00:09:57] Bootstrap tree #184, logLikelihood: -98959.454648
[00:09:59] Bootstrap tree #185, logLikelihood: -98637.775312
[00:10:02] Bootstrap tree #186, logLikelihood: -99614.330519
[00:10:05] Bootstrap tree #187, logLikelihood: -99245.087755
[00:10:08] Bootstrap tree #188, logLikelihood: -98237.148841
[00:10:11] Bootstrap tree #189, logLikelihood: -98596.859980
[00:10:15] Bootstrap tree #190, logLikelihood: -99315.297951
[00:10:17] Bootstrap tree #191, logLikelihood: -98939.495445
[00:10:21] Bootstrap tree #192, logLikelihood: -99258.624338
[00:10:23] Bootstrap tree #193, logLikelihood: -98642.601912
[00:10:26] Bootstrap tree #194, logLikelihood: -100185.296193
[00:10:29] Bootstrap tree #195, logLikelihood: -97877.680326
[00:10:32] Bootstrap tree #196, logLikelihood: -98058.177057
[00:10:35] Bootstrap tree #197, logLikelihood: -99653.478287
[00:10:37] Bootstrap tree #198, logLikelihood: -98882.311922
[00:10:39] Bootstrap tree #199, logLikelihood: -99334.478979
[00:10:42] Bootstrap tree #200, logLikelihood: -99815.957434
[00:10:44] Bootstrap tree #201, logLikelihood: -99481.966479
[00:10:48] Bootstrap tree #202, logLikelihood: -97970.823562
[00:10:51] Bootstrap tree #203, logLikelihood: -100096.901908
[00:10:54] Bootstrap tree #204, logLikelihood: -99900.446502
[00:10:57] Bootstrap tree #205, logLikelihood: -98706.780173
[00:11:00] Bootstrap tree #206, logLikelihood: -99949.948713
[00:11:03] Bootstrap tree #207, logLikelihood: -99966.525664
[00:11:07] Bootstrap tree #208, logLikelihood: -98604.870002
[00:11:10] Bootstrap tree #209, logLikelihood: -99872.523229
[00:11:13] Bootstrap tree #210, logLikelihood: -99502.222812
[00:11:15] Bootstrap tree #211, logLikelihood: -98390.675689
[00:11:19] Bootstrap tree #212, logLikelihood: -97548.182519
[00:11:21] Bootstrap tree #213, logLikelihood: -98832.182154
[00:11:24] Bootstrap tree #214, logLikelihood: -97335.656782
[00:11:27] Bootstrap tree #215, logLikelihood: -98246.674572
[00:11:30] Bootstrap tree #216, logLikelihood: -99180.198628
[00:11:32] Bootstrap tree #217, logLikelihood: -97925.216790
[00:11:35] Bootstrap tree #218, logLikelihood: -98782.745264
[00:11:38] Bootstrap tree #219, logLikelihood: -98689.656493
[00:11:40] Bootstrap tree #220, logLikelihood: -98303.717861
[00:11:43] Bootstrap tree #221, logLikelihood: -99218.796118
[00:11:45] Bootstrap tree #222, logLikelihood: -98510.359652
[00:11:48] Bootstrap tree #223, logLikelihood: -98703.105725
[00:11:52] Bootstrap tree #224, logLikelihood: -98633.829865
[00:11:55] Bootstrap tree #225, logLikelihood: -98247.408297
[00:11:58] Bootstrap tree #226, logLikelihood: -98660.957724
[00:12:02] Bootstrap tree #227, logLikelihood: -99834.013310
[00:12:05] Bootstrap tree #228, logLikelihood: -98120.616335
[00:12:08] Bootstrap tree #229, logLikelihood: -98298.001923
[00:12:10] Bootstrap tree #230, logLikelihood: -98793.420097
[00:12:13] Bootstrap tree #231, logLikelihood: -98214.878999
[00:12:15] Bootstrap tree #232, logLikelihood: -98911.426644
[00:12:18] Bootstrap tree #233, logLikelihood: -98756.219375
[00:12:21] Bootstrap tree #234, logLikelihood: -98557.960816
[00:12:23] Bootstrap tree #235, logLikelihood: -97304.458548
[00:12:27] Bootstrap tree #236, logLikelihood: -98296.613435
[00:12:30] Bootstrap tree #237, logLikelihood: -97677.867072
[00:12:33] Bootstrap tree #238, logLikelihood: -98998.122305
[00:12:36] Bootstrap tree #239, logLikelihood: -98768.446421
[00:12:39] Bootstrap tree #240, logLikelihood: -98284.815213
[00:12:41] Bootstrap tree #241, logLikelihood: -97620.505039
[00:12:44] Bootstrap tree #242, logLikelihood: -98030.537011
[00:12:47] Bootstrap tree #243, logLikelihood: -98157.974647
[00:12:50] Bootstrap tree #244, logLikelihood: -100254.188271
[00:12:53] Bootstrap tree #245, logLikelihood: -98340.766250
[00:12:56] Bootstrap tree #246, logLikelihood: -100001.542928
[00:12:59] Bootstrap tree #247, logLikelihood: -98367.035979
[00:13:02] Bootstrap tree #248, logLikelihood: -98662.293707
[00:13:05] Bootstrap tree #249, logLikelihood: -97984.119885
[00:13:07] Bootstrap tree #250, logLikelihood: -97524.049583
[00:13:10] Bootstrap tree #251, logLikelihood: -98783.011036
[00:13:14] Bootstrap tree #252, logLikelihood: -97849.046053
[00:13:17] Bootstrap tree #253, logLikelihood: -98855.680335
[00:13:19] Bootstrap tree #254, logLikelihood: -99369.137143
[00:13:22] Bootstrap tree #255, logLikelihood: -99198.965630
[00:13:25] Bootstrap tree #256, logLikelihood: -99973.462463
[00:13:28] Bootstrap tree #257, logLikelihood: -99055.466362
[00:13:31] Bootstrap tree #258, logLikelihood: -98990.170391
[00:13:34] Bootstrap tree #259, logLikelihood: -98981.831319
[00:13:36] Bootstrap tree #260, logLikelihood: -99543.246984
[00:13:39] Bootstrap tree #261, logLikelihood: -98518.410826
[00:13:42] Bootstrap tree #262, logLikelihood: -98603.772940
[00:13:45] Bootstrap tree #263, logLikelihood: -99251.538606
[00:13:49] Bootstrap tree #264, logLikelihood: -99131.188572
[00:13:52] Bootstrap tree #265, logLikelihood: -98446.183510
[00:13:55] Bootstrap tree #266, logLikelihood: -99387.921294
[00:13:58] Bootstrap tree #267, logLikelihood: -98274.478597
[00:14:00] Bootstrap tree #268, logLikelihood: -97961.550101
[00:14:04] Bootstrap tree #269, logLikelihood: -97438.285327
[00:14:07] Bootstrap tree #270, logLikelihood: -100216.363497
[00:14:09] Bootstrap tree #271, logLikelihood: -98154.565255
[00:14:11] Bootstrap tree #272, logLikelihood: -98676.048920
[00:14:15] Bootstrap tree #273, logLikelihood: -99521.380255
[00:14:17] Bootstrap tree #274, logLikelihood: -98792.629944
[00:14:20] Bootstrap tree #275, logLikelihood: -98649.979095
[00:14:22] Bootstrap tree #276, logLikelihood: -99476.601921
[00:14:25] Bootstrap tree #277, logLikelihood: -99661.954224
[00:14:28] Bootstrap tree #278, logLikelihood: -99082.921771
[00:14:31] Bootstrap tree #279, logLikelihood: -98231.830865
[00:14:33] Bootstrap tree #280, logLikelihood: -99826.202417
[00:14:36] Bootstrap tree #281, logLikelihood: -98587.654925
[00:14:38] Bootstrap tree #282, logLikelihood: -98850.431324
[00:14:41] Bootstrap tree #283, logLikelihood: -99708.585502
[00:14:44] Bootstrap tree #284, logLikelihood: -98866.794285
[00:14:47] Bootstrap tree #285, logLikelihood: -98411.478563
[00:14:49] Bootstrap tree #286, logLikelihood: -97841.903066
[00:14:52] Bootstrap tree #287, logLikelihood: -98587.198949
[00:14:54] Bootstrap tree #288, logLikelihood: -99694.643841
[00:14:58] Bootstrap tree #289, logLikelihood: -98572.738521
[00:15:00] Bootstrap tree #290, logLikelihood: -98578.169899
[00:15:03] Bootstrap tree #291, logLikelihood: -97629.305330
[00:15:05] Bootstrap tree #292, logLikelihood: -98935.294130
[00:15:08] Bootstrap tree #293, logLikelihood: -99672.131876
[00:15:11] Bootstrap tree #294, logLikelihood: -97844.905520
[00:15:14] Bootstrap tree #295, logLikelihood: -99151.683915
[00:15:17] Bootstrap tree #296, logLikelihood: -100137.863034
[00:15:20] Bootstrap tree #297, logLikelihood: -99668.577413
[00:15:23] Bootstrap tree #298, logLikelihood: -98736.318971
[00:15:26] Bootstrap tree #299, logLikelihood: -99321.360794
[00:15:29] Bootstrap tree #300, logLikelihood: -99805.240792
[00:15:29] Bootstrapping converged after 300 replicates.

Optimized model parameters:

   Partition 0: noname
   Rate heterogeneity: GAMMA (4 cats, mean),  alpha: 0.815913 (ML),  weights&rates: (0.250000,0.098940) (0.250000,0.413463) (0.250000,0.961269) (0.250000,2.526329) 
   Base frequencies (ML): 0.273796 0.231246 0.223686 0.271272 
   Substitution rates (ML): 2.136564 4.503204 1.856077 1.368337 5.853649 1.000000 


Final LogLikelihood: -98943.801753

AIC score: 197967.603506 / AICc score: 197967.859877 / BIC score: 198266.000750
Free parameters (model + branch lengths): 40

Best ML tree saved to: /home/gkettenburg/RAxML_tree/mischi_tree/T1.raxml.bestTree
All ML trees saved to: /home/gkettenburg/RAxML_tree/mischi_tree/T1.raxml.mlTrees
Best ML tree with Felsenstein bootstrap (FBP) support values saved to: /home/gkettenburg/RAxML_tree/mischi_tree/T1.raxml.supportFBP
Best ML tree with Transfer bootstrap (TBE) support values saved to: /home/gkettenburg/RAxML_tree/mischi_tree/T1.raxml.supportTBE
Optimized model saved to: /home/gkettenburg/RAxML_tree/mischi_tree/T1.raxml.bestModel
Bootstrap trees saved to: /home/gkettenburg/RAxML_tree/mischi_tree/T1.raxml.bootstraps

Execution log saved to: /home/gkettenburg/RAxML_tree/mischi_tree/T1.raxml.log

Analysis started: 10-Jun-2024 14:07:07 / finished: 10-Jun-2024 14:22:37

Elapsed time: 929.844 seconds

Consumed energy: 51.114 Wh

