
RAxML-NG v. 1.1.0-master released on 22.06.2022 by The Exelixis Lab.
Developed by: Alexey M. Kozlov and Alexandros Stamatakis.
Contributors: Diego Darriba, Tomas Flouri, Benoit Morel, Sarah Lutteropp, Ben Bettisworth.
Latest version: https://github.com/amkozlov/raxml-ng
Questions/problems/suggestions? Please visit: https://groups.google.com/forum/#!forum/raxml

System: Intel(R) Xeon(R) CPU E5-2680 v4 @ 2.40GHz, 28 cores, 62 GB RAM

RAxML-NG was called at 10-Sep-2023 11:08:54 as follows:

raxml-ng-mpi --msa bat_picornavirales_all_P1_align.fasta --model GTR+G4 --prefix T2 --seed 1 --threads auto{8}

Analysis options:
  run mode: ML tree search
  start tree(s): random (10) + parsimony (10)
  random seed: 1
  tip-inner: OFF
  pattern compression: ON
  per-rate scalers: OFF
  site repeats: ON
  fast spr radius: AUTO
  spr subtree cutoff: 1.000000
  branch lengths: proportional (ML estimate, algorithm: NR-FAST)
  SIMD kernels: AVX2
  parallelization: coarse-grained (auto), PTHREADS (auto)

[00:00:00] Reading alignment from file: bat_picornavirales_all_P1_align.fasta
[00:00:00] Loaded alignment with 228 taxa and 38361 sites

WARNING: Fully undetermined columns found: 36

NOTE: Reduced alignment (with duplicates and gap-only sites/taxa removed) 
NOTE: was saved to: /home/gkettenburg/RAxML_tree/bat_picorna_all_raxml/P1/T2.raxml.reduced.phy

Alignment comprises 1 partitions and 17571 patterns

Partition 0: noname
Model: GTR+FO+G4m
Alignment sites / patterns: 38325 / 17571
Gaps: 82.70 %
Invariant sites: 52.88 %


NOTE: Binary MSA file created: T2.raxml.rba

Parallelization scheme autoconfig: 1 worker(s) x 8 thread(s)

Parallel reduction/worker buffer size: 1 KB  / 0 KB

[00:00:01] Generating 10 random starting tree(s) with 228 taxa
[00:00:01] Generating 10 parsimony starting tree(s) with 228 taxa
[00:00:03] Data distribution: max. partitions/sites/weight per thread: 1 / 2197 / 35152
[00:00:03] Data distribution: max. searches per worker: 20

Starting ML tree search with 20 distinct starting trees

[00:00:03 -1853509.014707] Initial branch length optimization
[00:00:05 -1531485.110417] Model parameter optimization (eps = 10.000000)
[00:00:20 -1497618.204952] AUTODETECT spr round 1 (radius: 5)
[00:00:31 -1273025.525891] AUTODETECT spr round 2 (radius: 10)
[00:00:51 -1008061.877495] AUTODETECT spr round 3 (radius: 15)
[00:01:18 -912538.861162] AUTODETECT spr round 4 (radius: 20)
[00:01:45 -908568.692411] AUTODETECT spr round 5 (radius: 25)
[00:02:15 -908510.114559] SPR radius for FAST iterations: 25 (autodetect)
[00:02:15 -908510.114559] Model parameter optimization (eps = 3.000000)
[00:02:22 -901634.020921] FAST spr round 1 (radius: 25)
[00:02:52 -827705.306788] FAST spr round 2 (radius: 25)
[00:03:13 -825721.144998] FAST spr round 3 (radius: 25)
[00:03:24 -825667.022186] FAST spr round 4 (radius: 25)
[00:03:34 -825666.066919] FAST spr round 5 (radius: 25)
[00:03:44 -825665.180361] FAST spr round 6 (radius: 25)
[00:03:54 -825664.538909] FAST spr round 7 (radius: 25)
[00:04:04 -825664.150324] FAST spr round 8 (radius: 25)
[00:04:14 -825649.614053] FAST spr round 9 (radius: 25)
[00:04:24 -825636.617856] FAST spr round 10 (radius: 25)
[00:04:34 -825636.612966] Model parameter optimization (eps = 1.000000)
[00:04:39 -825330.244212] SLOW spr round 1 (radius: 5)
[00:05:14 -825211.643675] SLOW spr round 2 (radius: 5)
[00:05:44 -825209.469726] SLOW spr round 3 (radius: 5)
[00:06:13 -825209.468243] SLOW spr round 4 (radius: 10)
[00:06:48 -825209.468030] SLOW spr round 5 (radius: 15)
[00:08:42 -825209.468000] SLOW spr round 6 (radius: 20)
[00:10:20 -825209.467995] SLOW spr round 7 (radius: 25)
[00:11:21 -825209.467994] Model parameter optimization (eps = 0.100000)

[00:11:21] ML tree search #1, logLikelihood: -825209.412035

[00:11:21 -1842456.022513] Initial branch length optimization
[00:11:23 -1529460.977842] Model parameter optimization (eps = 10.000000)
[00:11:39 -1496873.043616] AUTODETECT spr round 1 (radius: 5)
[00:11:51 -1236953.276977] AUTODETECT spr round 2 (radius: 10)
[00:12:09 -985111.734902] AUTODETECT spr round 3 (radius: 15)
[00:12:31 -909176.868034] AUTODETECT spr round 4 (radius: 20)
[00:13:06 -896762.630163] AUTODETECT spr round 5 (radius: 25)
[00:13:36 -896690.260676] SPR radius for FAST iterations: 25 (autodetect)
[00:13:36 -896690.260676] Model parameter optimization (eps = 3.000000)
[00:13:44 -890061.604996] FAST spr round 1 (radius: 25)
[00:14:05 -828713.503109] FAST spr round 2 (radius: 25)
[00:14:23 -825849.787252] FAST spr round 3 (radius: 25)
[00:14:35 -825767.982989] FAST spr round 4 (radius: 25)
[00:14:47 -825519.255611] FAST spr round 5 (radius: 25)
[00:14:57 -825518.285799] FAST spr round 6 (radius: 25)
[00:15:07 -825517.962955] FAST spr round 7 (radius: 25)
[00:15:17 -825517.962942] Model parameter optimization (eps = 1.000000)
[00:15:22 -825273.286229] SLOW spr round 1 (radius: 5)
[00:15:54 -825207.168261] SLOW spr round 2 (radius: 5)
[00:16:24 -825206.788205] SLOW spr round 3 (radius: 5)
[00:16:54 -825206.776570] SLOW spr round 4 (radius: 10)
[00:17:31 -825206.775114] SLOW spr round 5 (radius: 15)
[00:19:26 -825206.774928] SLOW spr round 6 (radius: 20)
[00:21:06 -825206.774906] SLOW spr round 7 (radius: 25)
[00:22:07 -825206.774904] Model parameter optimization (eps = 0.100000)

[00:22:08] ML tree search #2, logLikelihood: -825206.682582

[00:22:08 -1807970.419065] Initial branch length optimization
[00:22:10 -1497332.036860] Model parameter optimization (eps = 10.000000)
[00:22:27 -1465679.167224] AUTODETECT spr round 1 (radius: 5)
[00:22:38 -1233608.043214] AUTODETECT spr round 2 (radius: 10)
[00:22:57 -977747.873736] AUTODETECT spr round 3 (radius: 15)
[00:23:20 -914307.029401] AUTODETECT spr round 4 (radius: 20)
[00:23:52 -897860.787796] AUTODETECT spr round 5 (radius: 25)
[00:24:21 -896312.460658] SPR radius for FAST iterations: 25 (autodetect)
[00:24:21 -896312.460658] Model parameter optimization (eps = 3.000000)
[00:24:28 -890664.613845] FAST spr round 1 (radius: 25)
[00:24:58 -827834.286509] FAST spr round 2 (radius: 25)
[00:25:21 -825906.294142] FAST spr round 3 (radius: 25)
[00:25:36 -825571.653767] FAST spr round 4 (radius: 25)
[00:25:46 -825569.569691] FAST spr round 5 (radius: 25)
[00:25:56 -825564.867310] FAST spr round 6 (radius: 25)
[00:26:06 -825564.029730] FAST spr round 7 (radius: 25)
[00:26:16 -825563.222798] FAST spr round 8 (radius: 25)
[00:26:26 -825562.599778] FAST spr round 9 (radius: 25)
[00:26:35 -825562.016922] FAST spr round 10 (radius: 25)
[00:26:45 -825561.701540] FAST spr round 11 (radius: 25)
[00:26:55 -825561.698816] Model parameter optimization (eps = 1.000000)
[00:27:00 -825307.780411] SLOW spr round 1 (radius: 5)
[00:27:34 -825233.396893] SLOW spr round 2 (radius: 5)
[00:28:04 -825223.982696] SLOW spr round 3 (radius: 5)
[00:28:34 -825211.148880] SLOW spr round 4 (radius: 5)
[00:29:04 -825209.642469] SLOW spr round 5 (radius: 5)
[00:29:34 -825209.642390] SLOW spr round 6 (radius: 10)
[00:30:09 -825209.642384] SLOW spr round 7 (radius: 15)
[00:32:07 -825209.642384] SLOW spr round 8 (radius: 20)
[00:33:47 -825209.642384] SLOW spr round 9 (radius: 25)
[00:34:48 -825209.642384] Model parameter optimization (eps = 0.100000)

[00:34:48] ML tree search #3, logLikelihood: -825209.567827

[00:34:48 -1851198.553112] Initial branch length optimization
[00:34:50 -1528119.628669] Model parameter optimization (eps = 10.000000)
[00:35:07 -1494210.433814] AUTODETECT spr round 1 (radius: 5)
[00:35:18 -1209188.665850] AUTODETECT spr round 2 (radius: 10)
[00:35:39 -976525.257584] AUTODETECT spr round 3 (radius: 15)
[00:36:04 -902496.365680] AUTODETECT spr round 4 (radius: 20)
[00:36:34 -897260.882929] AUTODETECT spr round 5 (radius: 25)
[00:37:02 -889423.965277] SPR radius for FAST iterations: 25 (autodetect)
[00:37:02 -889423.965277] Model parameter optimization (eps = 3.000000)
[00:37:10 -881892.528534] FAST spr round 1 (radius: 25)
[00:37:37 -827992.141586] FAST spr round 2 (radius: 25)
[00:38:00 -825605.845578] FAST spr round 3 (radius: 25)
[00:38:12 -825547.325577] FAST spr round 4 (radius: 25)
[00:38:23 -825546.449699] FAST spr round 5 (radius: 25)
[00:38:33 -825545.739356] FAST spr round 6 (radius: 25)
[00:38:43 -825543.405550] FAST spr round 7 (radius: 25)
[00:38:53 -825543.405260] Model parameter optimization (eps = 1.000000)
[00:38:56 -825430.653386] SLOW spr round 1 (radius: 5)
[00:39:31 -825240.370260] SLOW spr round 2 (radius: 5)
[00:40:02 -825207.761308] SLOW spr round 3 (radius: 5)
[00:40:32 -825207.760915] SLOW spr round 4 (radius: 10)
[00:41:07 -825207.760900] SLOW spr round 5 (radius: 15)
[00:43:05 -825207.760899] SLOW spr round 6 (radius: 20)
[00:44:44 -825207.760899] SLOW spr round 7 (radius: 25)
[00:45:45 -825207.760899] Model parameter optimization (eps = 0.100000)

[00:45:46] ML tree search #4, logLikelihood: -825207.628316

[00:45:46 -1839659.311026] Initial branch length optimization
[00:45:48 -1531589.433367] Model parameter optimization (eps = 10.000000)
[00:46:03 -1498956.671391] AUTODETECT spr round 1 (radius: 5)
[00:46:15 -1270324.294363] AUTODETECT spr round 2 (radius: 10)
[00:46:33 -1065186.459320] AUTODETECT spr round 3 (radius: 15)
[00:46:58 -914735.574615] AUTODETECT spr round 4 (radius: 20)
[00:47:25 -907885.742525] AUTODETECT spr round 5 (radius: 25)
[00:47:54 -907621.090889] SPR radius for FAST iterations: 25 (autodetect)
[00:47:54 -907621.090889] Model parameter optimization (eps = 3.000000)
[00:48:03 -901248.454285] FAST spr round 1 (radius: 25)
[00:48:25 -826442.067568] FAST spr round 2 (radius: 25)
[00:48:43 -825646.635593] FAST spr round 3 (radius: 25)
[00:48:56 -825597.761590] FAST spr round 4 (radius: 25)
[00:49:07 -825587.116169] FAST spr round 5 (radius: 25)
[00:49:17 -825584.792946] FAST spr round 6 (radius: 25)
[00:49:27 -825583.728813] FAST spr round 7 (radius: 25)
[00:49:37 -825582.886935] FAST spr round 8 (radius: 25)
[00:49:46 -825581.983585] FAST spr round 9 (radius: 25)
[00:49:56 -825581.450679] FAST spr round 10 (radius: 25)
[00:50:06 -825581.448796] Model parameter optimization (eps = 1.000000)
[00:50:11 -825405.694944] SLOW spr round 1 (radius: 5)
[00:50:48 -825221.248422] SLOW spr round 2 (radius: 5)
[00:51:22 -825209.652178] SLOW spr round 3 (radius: 5)
[00:51:53 -825209.644588] SLOW spr round 4 (radius: 10)
[00:52:30 -825209.642484] SLOW spr round 5 (radius: 15)
[00:54:35 -825209.642077] SLOW spr round 6 (radius: 20)
[00:56:20 -825209.642012] SLOW spr round 7 (radius: 25)
[00:57:25 -825209.642003] Model parameter optimization (eps = 0.100000)

[00:57:26] ML tree search #5, logLikelihood: -825209.535427

[00:57:26 -1829264.801324] Initial branch length optimization
[00:57:28 -1518489.528851] Model parameter optimization (eps = 10.000000)
[00:57:44 -1486772.342141] AUTODETECT spr round 1 (radius: 5)
[00:57:55 -1255553.060117] AUTODETECT spr round 2 (radius: 10)
[00:58:13 -1003106.741443] AUTODETECT spr round 3 (radius: 15)
[00:58:35 -900803.347876] AUTODETECT spr round 4 (radius: 20)
[00:59:04 -899724.751116] AUTODETECT spr round 5 (radius: 25)
[00:59:30 -899720.101855] SPR radius for FAST iterations: 25 (autodetect)
[00:59:30 -899720.101855] Model parameter optimization (eps = 3.000000)
[00:59:38 -894614.333379] FAST spr round 1 (radius: 25)
[01:00:04 -827820.691123] FAST spr round 2 (radius: 25)
[01:00:22 -825841.793915] FAST spr round 3 (radius: 25)
[01:00:36 -825728.741307] FAST spr round 4 (radius: 25)
[01:00:47 -825710.103971] FAST spr round 5 (radius: 25)
[01:00:57 -825708.341620] FAST spr round 6 (radius: 25)
[01:01:07 -825707.140871] FAST spr round 7 (radius: 25)
[01:01:17 -825706.456422] FAST spr round 8 (radius: 25)
[01:01:27 -825706.081377] FAST spr round 9 (radius: 25)
[01:01:37 -825706.081367] Model parameter optimization (eps = 1.000000)
[01:01:41 -825322.460930] SLOW spr round 1 (radius: 5)
[01:02:14 -825209.435339] SLOW spr round 2 (radius: 5)
[01:02:44 -825208.967024] SLOW spr round 3 (radius: 5)
[01:03:14 -825208.962501] SLOW spr round 4 (radius: 10)
[01:03:50 -825208.962484] SLOW spr round 5 (radius: 15)
[01:05:47 -825208.962483] SLOW spr round 6 (radius: 20)
[01:07:26 -825208.962483] SLOW spr round 7 (radius: 25)
[01:08:27 -825208.962483] Model parameter optimization (eps = 0.100000)

[01:08:29] ML tree search #6, logLikelihood: -825208.771726

[01:08:29 -1828682.158768] Initial branch length optimization
[01:08:31 -1513836.865566] Model parameter optimization (eps = 10.000000)
[01:08:47 -1480286.614618] AUTODETECT spr round 1 (radius: 5)
[01:08:59 -1233803.599962] AUTODETECT spr round 2 (radius: 10)
[01:09:19 -990492.120301] AUTODETECT spr round 3 (radius: 15)
[01:09:42 -892969.400988] AUTODETECT spr round 4 (radius: 20)
[01:10:08 -878405.455604] AUTODETECT spr round 5 (radius: 25)
[01:10:33 -878396.225009] SPR radius for FAST iterations: 25 (autodetect)
[01:10:33 -878396.225009] Model parameter optimization (eps = 3.000000)
[01:10:41 -871756.558149] FAST spr round 1 (radius: 25)
[01:11:09 -827342.397577] FAST spr round 2 (radius: 25)
[01:11:30 -825579.697669] FAST spr round 3 (radius: 25)
[01:11:42 -825550.031060] FAST spr round 4 (radius: 25)
[01:11:52 -825548.972474] FAST spr round 5 (radius: 25)
[01:12:02 -825548.567286] FAST spr round 6 (radius: 25)
[01:12:12 -825548.567263] Model parameter optimization (eps = 1.000000)
[01:12:16 -825369.643337] SLOW spr round 1 (radius: 5)
[01:12:52 -825212.058792] SLOW spr round 2 (radius: 5)
[01:13:22 -825211.854573] SLOW spr round 3 (radius: 5)
[01:13:51 -825211.851153] SLOW spr round 4 (radius: 10)
[01:14:27 -825211.850417] SLOW spr round 5 (radius: 15)
[01:16:26 -825211.850293] SLOW spr round 6 (radius: 20)
[01:18:03 -825211.850274] SLOW spr round 7 (radius: 25)
[01:19:04 -825211.850271] Model parameter optimization (eps = 0.100000)

[01:19:05] ML tree search #7, logLikelihood: -825211.657009

[01:19:05 -1835809.051313] Initial branch length optimization
[01:19:07 -1520516.653935] Model parameter optimization (eps = 10.000000)
[01:19:21 -1487397.149824] AUTODETECT spr round 1 (radius: 5)
[01:19:33 -1250351.237529] AUTODETECT spr round 2 (radius: 10)
[01:19:51 -1038428.421061] AUTODETECT spr round 3 (radius: 15)
[01:20:17 -901203.922803] AUTODETECT spr round 4 (radius: 20)
[01:20:45 -895724.259729] AUTODETECT spr round 5 (radius: 25)
[01:21:16 -895721.421999] SPR radius for FAST iterations: 25 (autodetect)
[01:21:16 -895721.421999] Model parameter optimization (eps = 3.000000)
[01:21:24 -889491.222975] FAST spr round 1 (radius: 25)
[01:21:55 -827233.572398] FAST spr round 2 (radius: 25)
[01:22:14 -825689.260448] FAST spr round 3 (radius: 25)
[01:22:27 -825638.772792] FAST spr round 4 (radius: 25)
[01:22:38 -825634.225041] FAST spr round 5 (radius: 25)
[01:22:48 -825593.230618] FAST spr round 6 (radius: 25)
[01:22:58 -825592.371904] FAST spr round 7 (radius: 25)
[01:23:08 -825591.629571] FAST spr round 8 (radius: 25)
[01:23:17 -825591.270123] FAST spr round 9 (radius: 25)
[01:23:27 -825591.270111] Model parameter optimization (eps = 1.000000)
[01:23:31 -825344.925848] SLOW spr round 1 (radius: 5)
[01:24:05 -825218.549995] SLOW spr round 2 (radius: 5)
[01:24:35 -825210.029641] SLOW spr round 3 (radius: 5)
[01:25:04 -825210.029546] SLOW spr round 4 (radius: 10)
[01:25:39 -825210.029536] SLOW spr round 5 (radius: 15)
[01:27:37 -825210.029535] SLOW spr round 6 (radius: 20)
[01:29:16 -825210.029534] SLOW spr round 7 (radius: 25)
[01:30:17 -825210.029533] Model parameter optimization (eps = 0.100000)

[01:30:18] ML tree search #8, logLikelihood: -825209.703461

[01:30:18 -1841109.463639] Initial branch length optimization
[01:30:20 -1522832.605788] Model parameter optimization (eps = 10.000000)
[01:30:38 -1488746.809821] AUTODETECT spr round 1 (radius: 5)
[01:30:50 -1232456.390278] AUTODETECT spr round 2 (radius: 10)
[01:31:08 -985660.770590] AUTODETECT spr round 3 (radius: 15)
[01:31:33 -912162.622482] AUTODETECT spr round 4 (radius: 20)
[01:32:00 -909760.665864] AUTODETECT spr round 5 (radius: 25)
[01:32:27 -904356.764070] SPR radius for FAST iterations: 25 (autodetect)
[01:32:27 -904356.764070] Model parameter optimization (eps = 3.000000)
[01:32:34 -898539.844177] FAST spr round 1 (radius: 25)
[01:33:00 -827883.510878] FAST spr round 2 (radius: 25)
[01:33:19 -825975.650604] FAST spr round 3 (radius: 25)
[01:33:32 -825819.798857] FAST spr round 4 (radius: 25)
[01:33:44 -825809.082829] FAST spr round 5 (radius: 25)
[01:33:55 -825799.502843] FAST spr round 6 (radius: 25)
[01:34:05 -825794.342107] FAST spr round 7 (radius: 25)
[01:34:15 -825792.582235] FAST spr round 8 (radius: 25)
[01:34:25 -825791.513259] FAST spr round 9 (radius: 25)
[01:34:35 -825791.289325] FAST spr round 10 (radius: 25)
[01:34:45 -825791.217256] Model parameter optimization (eps = 1.000000)
[01:34:49 -825403.760180] SLOW spr round 1 (radius: 5)
[01:35:25 -825233.598552] SLOW spr round 2 (radius: 5)
[01:35:57 -825209.204034] SLOW spr round 3 (radius: 5)
[01:36:27 -825208.842717] SLOW spr round 4 (radius: 5)
[01:36:56 -825208.810508] SLOW spr round 5 (radius: 10)
[01:37:32 -825208.810495] SLOW spr round 6 (radius: 15)
[01:39:29 -825208.810494] SLOW spr round 7 (radius: 20)
[01:41:08 -825208.810494] SLOW spr round 8 (radius: 25)
[01:42:09 -825208.810494] Model parameter optimization (eps = 0.100000)

[01:42:11] ML tree search #9, logLikelihood: -825208.624139

[01:42:11 -1842666.394043] Initial branch length optimization
[01:42:13 -1522551.338448] Model parameter optimization (eps = 10.000000)
[01:42:28 -1489771.260726] AUTODETECT spr round 1 (radius: 5)
[01:42:40 -1260993.796486] AUTODETECT spr round 2 (radius: 10)
[01:42:57 -992661.554419] AUTODETECT spr round 3 (radius: 15)
[01:43:20 -888618.661806] AUTODETECT spr round 4 (radius: 20)
[01:43:48 -875298.793203] AUTODETECT spr round 5 (radius: 25)
[01:44:17 -874137.906993] SPR radius for FAST iterations: 25 (autodetect)
[01:44:17 -874137.906993] Model parameter optimization (eps = 3.000000)
[01:44:25 -867505.182892] FAST spr round 1 (radius: 25)
[01:44:46 -826703.361138] FAST spr round 2 (radius: 25)
[01:45:04 -825700.000706] FAST spr round 3 (radius: 25)
[01:45:18 -825531.388422] FAST spr round 4 (radius: 25)
[01:45:29 -825523.044451] FAST spr round 5 (radius: 25)
[01:45:39 -825507.177070] FAST spr round 6 (radius: 25)
[01:45:49 -825504.886417] FAST spr round 7 (radius: 25)
[01:45:59 -825503.800841] FAST spr round 8 (radius: 25)
[01:46:09 -825503.603909] FAST spr round 9 (radius: 25)
[01:46:18 -825503.603908] Model parameter optimization (eps = 1.000000)
[01:46:24 -825338.753483] SLOW spr round 1 (radius: 5)
[01:46:57 -825208.713282] SLOW spr round 2 (radius: 5)
[01:47:27 -825208.711767] SLOW spr round 3 (radius: 10)
[01:48:03 -825208.711689] SLOW spr round 4 (radius: 15)
[01:49:59 -825208.711684] SLOW spr round 5 (radius: 20)
[01:51:38 -825208.711683] SLOW spr round 6 (radius: 25)
[01:52:40 -825208.711683] Model parameter optimization (eps = 0.100000)

[01:52:41] ML tree search #10, logLikelihood: -825208.629605

[01:52:41 -997959.810564] Initial branch length optimization
[01:52:42 -846790.686979] Model parameter optimization (eps = 10.000000)
[01:52:48 -825728.422204] AUTODETECT spr round 1 (radius: 5)
[01:52:56 -825288.088866] AUTODETECT spr round 2 (radius: 10)
[01:53:15 -825288.065016] SPR radius for FAST iterations: 5 (autodetect)
[01:53:15 -825288.065016] Model parameter optimization (eps = 3.000000)
[01:53:16 -825287.958904] FAST spr round 1 (radius: 5)
[01:53:26 -825256.796299] FAST spr round 2 (radius: 5)
[01:53:36 -825246.107470] FAST spr round 3 (radius: 5)
[01:53:45 -825245.232354] FAST spr round 4 (radius: 5)
[01:53:53 -825245.232330] Model parameter optimization (eps = 1.000000)
[01:53:54 -825245.179963] SLOW spr round 1 (radius: 5)
[01:54:28 -825209.675376] SLOW spr round 2 (radius: 5)
[01:54:58 -825209.673041] SLOW spr round 3 (radius: 10)
[01:55:34 -825208.822955] SLOW spr round 4 (radius: 5)
[01:56:26 -825208.822911] SLOW spr round 5 (radius: 10)
[01:57:18 -825208.822910] SLOW spr round 6 (radius: 15)
[01:59:00 -825208.822909] SLOW spr round 7 (radius: 20)
[02:00:39 -825208.822909] SLOW spr round 8 (radius: 25)
[02:01:40 -825208.822909] Model parameter optimization (eps = 0.100000)

[02:01:41] ML tree search #11, logLikelihood: -825208.803677

[02:01:41 -998797.197091] Initial branch length optimization
[02:01:42 -847238.243317] Model parameter optimization (eps = 10.000000)
[02:01:47 -826101.001478] AUTODETECT spr round 1 (radius: 5)
[02:01:56 -825304.059227] AUTODETECT spr round 2 (radius: 10)
[02:02:14 -825300.141742] AUTODETECT spr round 3 (radius: 15)
[02:02:44 -825300.091961] SPR radius for FAST iterations: 10 (autodetect)
[02:02:44 -825300.091961] Model parameter optimization (eps = 3.000000)
[02:02:45 -825299.830510] FAST spr round 1 (radius: 10)
[02:02:59 -825251.022983] FAST spr round 2 (radius: 10)
[02:03:10 -825245.118861] FAST spr round 3 (radius: 10)
[02:03:20 -825244.252938] FAST spr round 4 (radius: 10)
[02:03:30 -825244.100275] FAST spr round 5 (radius: 10)
[02:03:40 -825243.976302] FAST spr round 6 (radius: 10)
[02:03:49 -825243.973167] Model parameter optimization (eps = 1.000000)
[02:03:50 -825243.948457] SLOW spr round 1 (radius: 5)
[02:04:22 -825207.698655] SLOW spr round 2 (radius: 5)
[02:04:52 -825207.175734] SLOW spr round 3 (radius: 5)
[02:05:22 -825207.148072] SLOW spr round 4 (radius: 10)
[02:05:58 -825207.148057] SLOW spr round 5 (radius: 15)
[02:07:55 -825207.148056] SLOW spr round 6 (radius: 20)
[02:09:34 -825207.148056] SLOW spr round 7 (radius: 25)
[02:10:35 -825207.148055] Model parameter optimization (eps = 0.100000)

[02:10:35] ML tree search #12, logLikelihood: -825207.123593

[02:10:35 -998443.642845] Initial branch length optimization
[02:10:36 -847200.857934] Model parameter optimization (eps = 10.000000)
[02:10:43 -826011.456195] AUTODETECT spr round 1 (radius: 5)
[02:10:52 -825268.368163] AUTODETECT spr round 2 (radius: 10)
[02:11:09 -825268.353707] SPR radius for FAST iterations: 5 (autodetect)
[02:11:09 -825268.353707] Model parameter optimization (eps = 3.000000)
[02:11:11 -825267.652595] FAST spr round 1 (radius: 5)
[02:11:23 -825236.576969] FAST spr round 2 (radius: 5)
[02:11:32 -825235.402253] FAST spr round 3 (radius: 5)
[02:11:41 -825234.517364] FAST spr round 4 (radius: 5)
[02:11:50 -825232.517499] FAST spr round 5 (radius: 5)
[02:11:59 -825232.517181] Model parameter optimization (eps = 1.000000)
[02:12:00 -825232.270722] SLOW spr round 1 (radius: 5)
[02:12:32 -825208.628916] SLOW spr round 2 (radius: 5)
[02:13:01 -825208.169692] SLOW spr round 3 (radius: 5)
[02:13:30 -825208.169482] SLOW spr round 4 (radius: 10)
[02:14:07 -825207.305096] SLOW spr round 5 (radius: 5)
[02:14:57 -825207.305067] SLOW spr round 6 (radius: 10)
[02:15:49 -825207.305067] SLOW spr round 7 (radius: 15)
[02:17:32 -825207.305067] SLOW spr round 8 (radius: 20)
[02:19:12 -825207.305067] SLOW spr round 9 (radius: 25)
[02:20:13 -825207.305067] Model parameter optimization (eps = 0.100000)

[02:20:14] ML tree search #13, logLikelihood: -825207.265505

[02:20:14 -998854.278712] Initial branch length optimization
[02:20:15 -847190.441206] Model parameter optimization (eps = 10.000000)
[02:20:20 -826009.452986] AUTODETECT spr round 1 (radius: 5)
[02:20:29 -825345.298429] AUTODETECT spr round 2 (radius: 10)
[02:20:47 -825345.276569] SPR radius for FAST iterations: 5 (autodetect)
[02:20:47 -825345.276569] Model parameter optimization (eps = 3.000000)
[02:20:49 -825344.970697] FAST spr round 1 (radius: 5)
[02:21:01 -825265.886901] FAST spr round 2 (radius: 5)
[02:21:10 -825261.379205] FAST spr round 3 (radius: 5)
[02:21:20 -825258.545775] FAST spr round 4 (radius: 5)
[02:21:29 -825257.245713] FAST spr round 5 (radius: 5)
[02:21:39 -825242.808091] FAST spr round 6 (radius: 5)
[02:21:48 -825242.640465] FAST spr round 7 (radius: 5)
[02:21:57 -825242.640464] Model parameter optimization (eps = 1.000000)
[02:21:58 -825242.530039] SLOW spr round 1 (radius: 5)
[02:22:31 -825212.573884] SLOW spr round 2 (radius: 5)
[02:23:01 -825212.225759] SLOW spr round 3 (radius: 5)
[02:23:31 -825212.215400] SLOW spr round 4 (radius: 10)
[02:24:07 -825211.261840] SLOW spr round 5 (radius: 5)
[02:24:58 -825211.261793] SLOW spr round 6 (radius: 10)
[02:25:49 -825211.261790] SLOW spr round 7 (radius: 15)
[02:27:32 -825211.261789] SLOW spr round 8 (radius: 20)
[02:29:12 -825211.261789] SLOW spr round 9 (radius: 25)
[02:30:13 -825211.261788] Model parameter optimization (eps = 0.100000)

[02:30:13] ML tree search #14, logLikelihood: -825211.229450

[02:30:13 -998448.530613] Initial branch length optimization
[02:30:15 -847251.255942] Model parameter optimization (eps = 10.000000)
[02:30:20 -826084.014826] AUTODETECT spr round 1 (radius: 5)
[02:30:29 -825341.546973] AUTODETECT spr round 2 (radius: 10)
[02:30:48 -825341.535929] SPR radius for FAST iterations: 5 (autodetect)
[02:30:48 -825341.535929] Model parameter optimization (eps = 3.000000)
[02:30:50 -825340.935509] FAST spr round 1 (radius: 5)
[02:31:02 -825281.050970] FAST spr round 2 (radius: 5)
[02:31:11 -825280.176304] FAST spr round 3 (radius: 5)
[02:31:20 -825280.176284] Model parameter optimization (eps = 1.000000)
[02:31:21 -825280.009944] SLOW spr round 1 (radius: 5)
[02:31:56 -825227.808321] SLOW spr round 2 (radius: 5)
[02:32:27 -825227.611214] SLOW spr round 3 (radius: 5)
[02:32:56 -825227.611190] SLOW spr round 4 (radius: 10)
[02:33:33 -825226.800057] SLOW spr round 5 (radius: 5)
[02:34:24 -825226.800028] SLOW spr round 6 (radius: 10)
[02:35:17 -825226.800027] SLOW spr round 7 (radius: 15)
[02:37:00 -825226.800026] SLOW spr round 8 (radius: 20)
[02:38:41 -825226.800025] SLOW spr round 9 (radius: 25)
[02:39:43 -825226.800025] Model parameter optimization (eps = 0.100000)

[02:39:43] ML tree search #15, logLikelihood: -825226.732034

[02:39:43 -998674.790976] Initial branch length optimization
[02:39:44 -847466.862387] Model parameter optimization (eps = 10.000000)
[02:39:50 -826358.473711] AUTODETECT spr round 1 (radius: 5)
[02:39:59 -825483.314238] AUTODETECT spr round 2 (radius: 10)
[02:40:17 -825483.293889] SPR radius for FAST iterations: 5 (autodetect)
[02:40:17 -825483.293889] Model parameter optimization (eps = 3.000000)
[02:40:18 -825483.002900] FAST spr round 1 (radius: 5)
[02:40:32 -825358.524246] FAST spr round 2 (radius: 5)
[02:40:42 -825328.943815] FAST spr round 3 (radius: 5)
[02:40:51 -825327.690930] FAST spr round 4 (radius: 5)
[02:41:00 -825327.686764] Model parameter optimization (eps = 1.000000)
[02:41:01 -825327.555514] SLOW spr round 1 (radius: 5)
[02:41:37 -825208.262817] SLOW spr round 2 (radius: 5)
[02:42:07 -825208.067195] SLOW spr round 3 (radius: 5)
[02:42:37 -825208.067029] SLOW spr round 4 (radius: 10)
[02:43:13 -825207.198670] SLOW spr round 5 (radius: 5)
[02:44:04 -825207.198626] SLOW spr round 6 (radius: 10)
[02:44:55 -825207.198625] SLOW spr round 7 (radius: 15)
[02:46:38 -825207.198625] SLOW spr round 8 (radius: 20)
[02:48:18 -825207.198625] SLOW spr round 9 (radius: 25)
[02:49:19 -825207.198624] Model parameter optimization (eps = 0.100000)

[02:49:20] ML tree search #16, logLikelihood: -825207.123156

[02:49:20 -999124.622426] Initial branch length optimization
[02:49:21 -847287.084894] Model parameter optimization (eps = 10.000000)
[02:49:28 -826213.835944] AUTODETECT spr round 1 (radius: 5)
[02:49:37 -825332.933689] AUTODETECT spr round 2 (radius: 10)
[02:49:54 -825332.914110] SPR radius for FAST iterations: 5 (autodetect)
[02:49:54 -825332.914110] Model parameter optimization (eps = 3.000000)
[02:49:55 -825332.782913] FAST spr round 1 (radius: 5)
[02:50:06 -825300.182826] FAST spr round 2 (radius: 5)
[02:50:16 -825293.870514] FAST spr round 3 (radius: 5)
[02:50:25 -825289.405339] FAST spr round 4 (radius: 5)
[02:50:34 -825287.915944] FAST spr round 5 (radius: 5)
[02:50:43 -825273.209906] FAST spr round 6 (radius: 5)
[02:50:52 -825273.207686] Model parameter optimization (eps = 1.000000)
[02:50:53 -825273.156942] SLOW spr round 1 (radius: 5)
[02:51:27 -825227.732551] SLOW spr round 2 (radius: 5)
[02:51:56 -825227.732073] SLOW spr round 3 (radius: 10)
[02:52:33 -825226.917717] SLOW spr round 4 (radius: 5)
[02:53:24 -825226.917690] SLOW spr round 5 (radius: 10)
[02:54:16 -825226.917689] SLOW spr round 6 (radius: 15)
[02:55:58 -825226.917689] SLOW spr round 7 (radius: 20)
[02:57:38 -825226.917688] SLOW spr round 8 (radius: 25)
[02:58:39 -825226.917688] Model parameter optimization (eps = 0.100000)

[02:58:39] ML tree search #17, logLikelihood: -825226.888717

[02:58:40 -997672.199516] Initial branch length optimization
[02:58:40 -846819.113545] Model parameter optimization (eps = 10.000000)
[02:58:46 -825731.343427] AUTODETECT spr round 1 (radius: 5)
[02:58:55 -825299.356395] AUTODETECT spr round 2 (radius: 10)
[02:59:12 -825299.346929] SPR radius for FAST iterations: 5 (autodetect)
[02:59:12 -825299.346929] Model parameter optimization (eps = 3.000000)
[02:59:13 -825299.107731] FAST spr round 1 (radius: 5)
[02:59:24 -825251.478421] FAST spr round 2 (radius: 5)
[02:59:33 -825247.903662] FAST spr round 3 (radius: 5)
[02:59:42 -825242.371267] FAST spr round 4 (radius: 5)
[02:59:51 -825239.929560] FAST spr round 5 (radius: 5)
[02:59:59 -825239.061884] FAST spr round 6 (radius: 5)
[03:00:08 -825236.966102] FAST spr round 7 (radius: 5)
[03:00:16 -825236.966068] Model parameter optimization (eps = 1.000000)
[03:00:17 -825236.915703] SLOW spr round 1 (radius: 5)
[03:00:50 -825211.104870] SLOW spr round 2 (radius: 5)
[03:01:20 -825210.661454] SLOW spr round 3 (radius: 5)
[03:01:49 -825210.661198] SLOW spr round 4 (radius: 10)
[03:02:25 -825209.707209] SLOW spr round 5 (radius: 5)
[03:03:15 -825209.707182] SLOW spr round 6 (radius: 10)
[03:04:07 -825209.707182] SLOW spr round 7 (radius: 15)
[03:05:49 -825209.707182] SLOW spr round 8 (radius: 20)
[03:07:28 -825209.707182] SLOW spr round 9 (radius: 25)
[03:08:29 -825209.707182] Model parameter optimization (eps = 0.100000)

[03:08:29] ML tree search #18, logLikelihood: -825209.692375

[03:08:29 -998870.845457] Initial branch length optimization
[03:08:31 -846952.689099] Model parameter optimization (eps = 10.000000)
[03:08:36 -825906.146732] AUTODETECT spr round 1 (radius: 5)
[03:08:45 -825338.822700] AUTODETECT spr round 2 (radius: 10)
[03:09:03 -825338.789893] SPR radius for FAST iterations: 5 (autodetect)
[03:09:03 -825338.789893] Model parameter optimization (eps = 3.000000)
[03:09:04 -825338.612938] FAST spr round 1 (radius: 5)
[03:09:16 -825276.159635] FAST spr round 2 (radius: 5)
[03:09:26 -825273.722895] FAST spr round 3 (radius: 5)
[03:09:34 -825272.249894] FAST spr round 4 (radius: 5)
[03:09:43 -825271.037354] FAST spr round 5 (radius: 5)
[03:09:52 -825267.137882] FAST spr round 6 (radius: 5)
[03:10:00 -825265.854924] FAST spr round 7 (radius: 5)
[03:10:09 -825265.853041] Model parameter optimization (eps = 1.000000)
[03:10:10 -825265.778861] SLOW spr round 1 (radius: 5)
[03:10:43 -825213.244833] SLOW spr round 2 (radius: 5)
[03:11:13 -825213.237305] SLOW spr round 3 (radius: 10)
[03:11:48 -825213.236184] SLOW spr round 4 (radius: 15)
[03:13:46 -825213.236016] SLOW spr round 5 (radius: 20)
[03:15:23 -825213.235990] SLOW spr round 6 (radius: 25)
[03:16:23 -825213.235987] Model parameter optimization (eps = 0.100000)

[03:16:23] ML tree search #19, logLikelihood: -825213.178535

[03:16:23 -998638.129987] Initial branch length optimization
[03:16:24 -847014.104738] Model parameter optimization (eps = 10.000000)
[03:16:31 -825903.735238] AUTODETECT spr round 1 (radius: 5)
[03:16:39 -825346.326981] AUTODETECT spr round 2 (radius: 10)
[03:16:57 -825346.301309] SPR radius for FAST iterations: 5 (autodetect)
[03:16:57 -825346.301309] Model parameter optimization (eps = 3.000000)
[03:16:58 -825346.123935] FAST spr round 1 (radius: 5)
[03:17:08 -825328.714733] FAST spr round 2 (radius: 5)
[03:17:18 -825321.738478] FAST spr round 3 (radius: 5)
[03:17:28 -825316.019433] FAST spr round 4 (radius: 5)
[03:17:37 -825308.121156] FAST spr round 5 (radius: 5)
[03:17:46 -825279.097316] FAST spr round 6 (radius: 5)
[03:17:55 -825274.230957] FAST spr round 7 (radius: 5)
[03:18:04 -825269.589330] FAST spr round 8 (radius: 5)
[03:18:13 -825264.828422] FAST spr round 9 (radius: 5)
[03:18:21 -825264.798391] Model parameter optimization (eps = 1.000000)
[03:18:22 -825264.769035] SLOW spr round 1 (radius: 5)
[03:18:57 -825213.840209] SLOW spr round 2 (radius: 5)
[03:19:28 -825209.954445] SLOW spr round 3 (radius: 5)
[03:19:58 -825209.608547] SLOW spr round 4 (radius: 5)
[03:20:27 -825209.598214] SLOW spr round 5 (radius: 10)
[03:21:02 -825209.596910] SLOW spr round 6 (radius: 15)
[03:22:59 -825209.596748] SLOW spr round 7 (radius: 20)
[03:24:37 -825209.596729] SLOW spr round 8 (radius: 25)
[03:25:37 -825209.596726] Model parameter optimization (eps = 0.100000)

[03:25:38] ML tree search #20, logLikelihood: -825209.535446


Optimized model parameters:

   Partition 0: noname
   Rate heterogeneity: GAMMA (4 cats, mean),  alpha: 2.269381 (ML),  weights&rates: (0.250000,0.323441) (0.250000,0.680909) (0.250000,1.075470) (0.250000,1.920180) 
   Base frequencies (ML): 0.260898 0.227608 0.231319 0.280175 
   Substitution rates (ML): 1.804535 3.774453 1.547962 1.196676 4.400850 1.000000 


Final LogLikelihood: -825206.682582

AIC score: 1651337.365164 / AICc score: 1651348.664408 / BIC score: 1655289.247423
Free parameters (model + branch lengths): 462

WARNING: Best ML tree contains 2 near-zero branches!

Best ML tree with collapsed near-zero branches saved to: /home/gkettenburg/RAxML_tree/bat_picorna_all_raxml/P1/T2.raxml.bestTreeCollapsed
Best ML tree saved to: /home/gkettenburg/RAxML_tree/bat_picorna_all_raxml/P1/T2.raxml.bestTree
All ML trees saved to: /home/gkettenburg/RAxML_tree/bat_picorna_all_raxml/P1/T2.raxml.mlTrees
Optimized model saved to: /home/gkettenburg/RAxML_tree/bat_picorna_all_raxml/P1/T2.raxml.bestModel

Execution log saved to: /home/gkettenburg/RAxML_tree/bat_picorna_all_raxml/P1/T2.raxml.log

Analysis started: 10-Sep-2023 11:08:54 / finished: 10-Sep-2023 14:34:33

Elapsed time: 12338.695 seconds

Consumed energy: 363.002 Wh (= 2 km in an electric car, or 9 km with an e-scooter!)

