ERROR: Unable to locate a modulefile for 'emacs/25.1'
ERROR: Unable to locate a modulefile for 'python/3.6'
ERROR: Unable to locate a modulefile for 'java/1.8.0_121'
ERROR: Unable to locate a modulefile for 'cmake/3.15.1'

RAxML-NG v. 1.1.0-master released on 22.06.2022 by The Exelixis Lab.
Developed by: Alexey M. Kozlov and Alexandros Stamatakis.
Contributors: Diego Darriba, Tomas Flouri, Benoit Morel, Sarah Lutteropp, Ben Bettisworth.
Latest version: https://github.com/amkozlov/raxml-ng
Questions/problems/suggestions? Please visit: https://groups.google.com/forum/#!forum/raxml

System: Intel(R) Xeon(R) CPU E5-2680 v4 @ 2.40GHz, 28 cores, 62 GB RAM

RAxML-NG was called at 10-Sep-2023 11:09:18 as follows:

raxml-ng-mpi --msa bat_picornavirales_all_P2P3_align.fasta --model GTR+G4 --prefix T2 --seed 1 --threads auto{8}

Analysis options:
  run mode: ML tree search
  start tree(s): random (10) + parsimony (10)
  random seed: 1
  tip-inner: OFF
  pattern compression: ON
  per-rate scalers: OFF
  site repeats: ON
  fast spr radius: AUTO
  spr subtree cutoff: 1.000000
  branch lengths: proportional (ML estimate, algorithm: NR-FAST)
  SIMD kernels: AVX2
  parallelization: coarse-grained (auto), PTHREADS (auto)

[00:00:00] Reading alignment from file: bat_picornavirales_all_P2P3_align.fasta
[00:00:00] Loaded alignment with 210 taxa and 37397 sites

WARNING: Fully undetermined columns found: 39

NOTE: Reduced alignment (with duplicates and gap-only sites/taxa removed) 
NOTE: was saved to: /home/gkettenburg/RAxML_tree/bat_picorna_all_raxml/P2P3/T2.raxml.reduced.phy

Alignment comprises 1 partitions and 16291 patterns

Partition 0: noname
Model: GTR+FO+G4m
Alignment sites / patterns: 37358 / 16291
Gaps: 81.34 %
Invariant sites: 55.26 %


NOTE: Binary MSA file created: T2.raxml.rba

Parallelization scheme autoconfig: 1 worker(s) x 8 thread(s)

Error calling pthread_setaffinity_np: 22
Parallel reduction/worker buffer size: 1 KB  / 0 KB

[00:00:01] Generating 10 random starting tree(s) with 210 taxa
[00:00:01] Generating 10 parsimony starting tree(s) with 210 taxa
[00:00:03] Data distribution: max. partitions/sites/weight per thread: 1 / 2037 / 32592
[00:00:03] Data distribution: max. searches per worker: 20

Starting ML tree search with 20 distinct starting trees

[00:00:03 -1864414.941488] Initial branch length optimization
[00:00:04 -1585244.804964] Model parameter optimization (eps = 10.000000)
[00:00:18 -1561044.752754] AUTODETECT spr round 1 (radius: 5)
[00:00:28 -1239388.209802] AUTODETECT spr round 2 (radius: 10)
[00:00:42 -1007820.073091] AUTODETECT spr round 3 (radius: 15)
[00:01:02 -922590.952440] AUTODETECT spr round 4 (radius: 20)
[00:01:28 -910906.770479] AUTODETECT spr round 5 (radius: 25)
[00:01:48 -910890.614771] SPR radius for FAST iterations: 25 (autodetect)
[00:01:48 -910890.614771] Model parameter optimization (eps = 3.000000)
[00:01:54 -906083.652315] FAST spr round 1 (radius: 25)
[00:02:15 -852339.066663] FAST spr round 2 (radius: 25)
[00:02:28 -850318.330824] FAST spr round 3 (radius: 25)
[00:02:39 -850258.499494] FAST spr round 4 (radius: 25)
[00:02:48 -850246.567974] FAST spr round 5 (radius: 25)
[00:02:57 -850238.260300] FAST spr round 6 (radius: 25)
[00:03:05 -850235.245509] FAST spr round 7 (radius: 25)
[00:03:14 -850234.988490] FAST spr round 8 (radius: 25)
[00:03:22 -850234.988453] Model parameter optimization (eps = 1.000000)
[00:03:26 -850039.497737] SLOW spr round 1 (radius: 5)
[00:03:57 -849978.944354] SLOW spr round 2 (radius: 5)
[00:04:23 -849977.606260] SLOW spr round 3 (radius: 5)
[00:04:49 -849976.063268] SLOW spr round 4 (radius: 5)
[00:05:14 -849976.063267] SLOW spr round 5 (radius: 10)
[00:05:48 -849976.063267] SLOW spr round 6 (radius: 15)
[00:07:53 -849976.063267] SLOW spr round 7 (radius: 20)
[00:09:23 -849976.063267] SLOW spr round 8 (radius: 25)
[00:10:00 -849976.063267] Model parameter optimization (eps = 0.100000)

[00:10:01] ML tree search #1, logLikelihood: -849975.834978

[00:10:01 -1856407.675497] Initial branch length optimization
[00:10:03 -1571840.509977] Model parameter optimization (eps = 10.000000)
[00:10:15 -1547189.597156] AUTODETECT spr round 1 (radius: 5)
[00:10:25 -1304407.137297] AUTODETECT spr round 2 (radius: 10)
[00:10:42 -1007155.920304] AUTODETECT spr round 3 (radius: 15)
[00:11:05 -920516.289677] AUTODETECT spr round 4 (radius: 20)
[00:11:29 -913897.562245] AUTODETECT spr round 5 (radius: 25)
[00:11:53 -913201.536717] SPR radius for FAST iterations: 25 (autodetect)
[00:11:53 -913201.536717] Model parameter optimization (eps = 3.000000)
[00:11:59 -908202.224240] FAST spr round 1 (radius: 25)
[00:12:21 -851320.108603] FAST spr round 2 (radius: 25)
[00:12:38 -850248.868135] FAST spr round 3 (radius: 25)
[00:12:49 -850225.543195] FAST spr round 4 (radius: 25)
[00:12:58 -850224.169795] FAST spr round 5 (radius: 25)
[00:13:07 -850223.643836] FAST spr round 6 (radius: 25)
[00:13:16 -850223.584382] Model parameter optimization (eps = 1.000000)
[00:13:18 -850067.499092] SLOW spr round 1 (radius: 5)
[00:13:50 -850018.363169] SLOW spr round 2 (radius: 5)
[00:14:17 -850010.496816] SLOW spr round 3 (radius: 5)
[00:14:43 -850010.496083] SLOW spr round 4 (radius: 10)
[00:15:20 -850010.496073] SLOW spr round 5 (radius: 15)
[00:17:22 -850010.496073] SLOW spr round 6 (radius: 20)
[00:18:55 -850010.496073] SLOW spr round 7 (radius: 25)
[00:19:31 -850010.496073] Model parameter optimization (eps = 0.100000)

[00:19:33] ML tree search #2, logLikelihood: -850010.325036

[00:19:33 -1846409.877345] Initial branch length optimization
[00:19:34 -1571565.139343] Model parameter optimization (eps = 10.000000)
[00:19:47 -1548063.704603] AUTODETECT spr round 1 (radius: 5)
[00:19:57 -1290612.590933] AUTODETECT spr round 2 (radius: 10)
[00:20:12 -1027612.127653] AUTODETECT spr round 3 (radius: 15)
[00:20:32 -941085.204043] AUTODETECT spr round 4 (radius: 20)
[00:21:00 -940164.027424] AUTODETECT spr round 5 (radius: 25)
[00:21:19 -940107.833964] SPR radius for FAST iterations: 25 (autodetect)
[00:21:19 -940107.833964] Model parameter optimization (eps = 3.000000)
[00:21:25 -935987.039493] FAST spr round 1 (radius: 25)
[00:21:50 -853400.483415] FAST spr round 2 (radius: 25)
[00:22:07 -850391.281931] FAST spr round 3 (radius: 25)
[00:22:18 -850348.612013] FAST spr round 4 (radius: 25)
[00:22:27 -850346.595985] FAST spr round 5 (radius: 25)
[00:22:36 -850343.692216] FAST spr round 6 (radius: 25)
[00:22:45 -850342.413561] FAST spr round 7 (radius: 25)
[00:22:53 -850341.778531] FAST spr round 8 (radius: 25)
[00:23:02 -850341.407349] FAST spr round 9 (radius: 25)
[00:23:11 -850341.145418] FAST spr round 10 (radius: 25)
[00:23:20 -850341.143895] Model parameter optimization (eps = 1.000000)
[00:23:24 -850026.276824] SLOW spr round 1 (radius: 5)
[00:23:55 -849975.902034] SLOW spr round 2 (radius: 5)
[00:24:21 -849975.901671] SLOW spr round 3 (radius: 10)
[00:24:56 -849975.901651] SLOW spr round 4 (radius: 15)
[00:27:01 -849975.901647] SLOW spr round 5 (radius: 20)
[00:28:31 -849975.901647] SLOW spr round 6 (radius: 25)
[00:29:09 -849975.901647] Model parameter optimization (eps = 0.100000)

[00:29:09] ML tree search #3, logLikelihood: -849975.838071

[00:29:09 -1871186.123395] Initial branch length optimization
[00:29:11 -1579300.260337] Model parameter optimization (eps = 10.000000)
[00:29:24 -1554844.154835] AUTODETECT spr round 1 (radius: 5)
[00:29:34 -1287584.296408] AUTODETECT spr round 2 (radius: 10)
[00:29:51 -973384.968930] AUTODETECT spr round 3 (radius: 15)
[00:30:10 -922881.153836] AUTODETECT spr round 4 (radius: 20)
[00:30:35 -919281.028298] AUTODETECT spr round 5 (radius: 25)
[00:30:55 -918267.597237] SPR radius for FAST iterations: 25 (autodetect)
[00:30:55 -918267.597237] Model parameter optimization (eps = 3.000000)
[00:31:00 -913106.424295] FAST spr round 1 (radius: 25)
[00:31:20 -851803.106790] FAST spr round 2 (radius: 25)
[00:31:35 -850357.131847] FAST spr round 3 (radius: 25)
[00:31:46 -850257.329618] FAST spr round 4 (radius: 25)
[00:31:55 -850217.642943] FAST spr round 5 (radius: 25)
[00:32:05 -850199.454172] FAST spr round 6 (radius: 25)
[00:32:14 -850197.040237] FAST spr round 7 (radius: 25)
[00:32:23 -850195.531560] FAST spr round 8 (radius: 25)
[00:32:32 -850194.858350] FAST spr round 9 (radius: 25)
[00:32:41 -850194.858222] Model parameter optimization (eps = 1.000000)
[00:32:44 -850023.543862] SLOW spr round 1 (radius: 5)
[00:33:15 -849976.102534] SLOW spr round 2 (radius: 5)
[00:33:41 -849976.102200] SLOW spr round 3 (radius: 10)
[00:34:17 -849976.102186] SLOW spr round 4 (radius: 15)
[00:36:20 -849976.102185] SLOW spr round 5 (radius: 20)
[00:37:51 -849976.102185] SLOW spr round 6 (radius: 25)
[00:38:29 -849976.102185] Model parameter optimization (eps = 0.100000)

[00:38:30] ML tree search #4, logLikelihood: -849975.838408

[00:38:30 -1851339.714337] Initial branch length optimization
[00:38:32 -1557487.564434] Model parameter optimization (eps = 10.000000)
[00:38:45 -1533043.761464] AUTODETECT spr round 1 (radius: 5)
[00:38:55 -1256475.400702] AUTODETECT spr round 2 (radius: 10)
[00:39:11 -983540.695479] AUTODETECT spr round 3 (radius: 15)
[00:39:33 -940120.729587] AUTODETECT spr round 4 (radius: 20)
[00:39:58 -937786.323560] AUTODETECT spr round 5 (radius: 25)
[00:40:24 -937769.858593] SPR radius for FAST iterations: 25 (autodetect)
[00:40:24 -937769.858593] Model parameter optimization (eps = 3.000000)
[00:40:30 -932885.433640] FAST spr round 1 (radius: 25)
[00:40:54 -852082.648794] FAST spr round 2 (radius: 25)
[00:41:12 -850191.044992] FAST spr round 3 (radius: 25)
[00:41:21 -850181.559438] FAST spr round 4 (radius: 25)
[00:41:31 -850178.208482] FAST spr round 5 (radius: 25)
[00:41:40 -850177.829396] FAST spr round 6 (radius: 25)
[00:41:49 -850177.827836] Model parameter optimization (eps = 1.000000)
[00:41:53 -849983.045117] SLOW spr round 1 (radius: 5)
[00:42:23 -849975.895902] SLOW spr round 2 (radius: 5)
[00:42:50 -849975.895148] SLOW spr round 3 (radius: 10)
[00:43:26 -849975.895131] SLOW spr round 4 (radius: 15)
[00:45:30 -849975.895130] SLOW spr round 5 (radius: 20)
[00:47:00 -849975.895130] SLOW spr round 6 (radius: 25)
[00:47:37 -849975.895130] Model parameter optimization (eps = 0.100000)

[00:47:38] ML tree search #5, logLikelihood: -849975.842352

[00:47:38 -1870151.790042] Initial branch length optimization
[00:47:40 -1578588.827154] Model parameter optimization (eps = 10.000000)
[00:47:56 -1554049.434254] AUTODETECT spr round 1 (radius: 5)
[00:48:05 -1235946.423158] AUTODETECT spr round 2 (radius: 10)
[00:48:21 -967591.619510] AUTODETECT spr round 3 (radius: 15)
[00:48:43 -908853.207153] AUTODETECT spr round 4 (radius: 20)
[00:49:10 -907874.875556] AUTODETECT spr round 5 (radius: 25)
[00:49:30 -907768.926160] SPR radius for FAST iterations: 25 (autodetect)
[00:49:30 -907768.926160] Model parameter optimization (eps = 3.000000)
[00:49:36 -903508.389169] FAST spr round 1 (radius: 25)
[00:49:56 -851498.906571] FAST spr round 2 (radius: 25)
[00:50:10 -850388.753589] FAST spr round 3 (radius: 25)
[00:50:21 -850275.628456] FAST spr round 4 (radius: 25)
[00:50:31 -850257.389385] FAST spr round 5 (radius: 25)
[00:50:39 -850257.389269] Model parameter optimization (eps = 1.000000)
[00:50:44 -850010.545791] SLOW spr round 1 (radius: 5)
[00:51:15 -849975.825546] SLOW spr round 2 (radius: 5)
[00:51:41 -849975.428181] SLOW spr round 3 (radius: 5)
[00:52:07 -849975.426769] SLOW spr round 4 (radius: 10)
[00:52:41 -849975.426742] SLOW spr round 5 (radius: 15)
[00:54:45 -849975.426740] SLOW spr round 6 (radius: 20)
[00:56:15 -849975.426740] SLOW spr round 7 (radius: 25)
[00:56:53 -849975.426739] Model parameter optimization (eps = 0.100000)

[00:56:53] ML tree search #6, logLikelihood: -849975.369452

[00:56:53 -1845892.735534] Initial branch length optimization
[00:56:55 -1570073.717615] Model parameter optimization (eps = 10.000000)
[00:57:09 -1546177.627369] AUTODETECT spr round 1 (radius: 5)
[00:57:19 -1274131.407708] AUTODETECT spr round 2 (radius: 10)
[00:57:35 -1000877.769599] AUTODETECT spr round 3 (radius: 15)
[00:57:53 -922389.317784] AUTODETECT spr round 4 (radius: 20)
[00:58:17 -917739.802806] AUTODETECT spr round 5 (radius: 25)
[00:58:37 -917722.453027] SPR radius for FAST iterations: 25 (autodetect)
[00:58:37 -917722.453027] Model parameter optimization (eps = 3.000000)
[00:58:43 -913418.676192] FAST spr round 1 (radius: 25)
[00:59:06 -856286.693476] FAST spr round 2 (radius: 25)
[00:59:22 -850535.465369] FAST spr round 3 (radius: 25)
[00:59:34 -850255.738791] FAST spr round 4 (radius: 25)
[00:59:44 -850226.572242] FAST spr round 5 (radius: 25)
[00:59:53 -850224.681767] FAST spr round 6 (radius: 25)
[01:00:02 -850224.670725] Model parameter optimization (eps = 1.000000)
[01:00:06 -850051.437872] SLOW spr round 1 (radius: 5)
[01:00:37 -850018.379932] SLOW spr round 2 (radius: 5)
[01:01:04 -850010.514478] SLOW spr round 3 (radius: 5)
[01:01:30 -850010.513806] SLOW spr round 4 (radius: 10)
[01:02:05 -850010.513796] SLOW spr round 5 (radius: 15)
[01:04:07 -850010.513796] SLOW spr round 6 (radius: 20)
[01:05:39 -850010.513796] SLOW spr round 7 (radius: 25)
[01:06:15 -850010.513796] Model parameter optimization (eps = 0.100000)

[01:06:17] ML tree search #7, logLikelihood: -850010.322621

[01:06:17 -1859045.066619] Initial branch length optimization
[01:06:18 -1573680.084871] Model parameter optimization (eps = 10.000000)
[01:06:31 -1549313.602697] AUTODETECT spr round 1 (radius: 5)
[01:06:41 -1249722.354095] AUTODETECT spr round 2 (radius: 10)
[01:06:57 -972948.671413] AUTODETECT spr round 3 (radius: 15)
[01:07:21 -918507.500765] AUTODETECT spr round 4 (radius: 20)
[01:07:46 -918113.173856] AUTODETECT spr round 5 (radius: 25)
[01:08:06 -918108.535520] SPR radius for FAST iterations: 25 (autodetect)
[01:08:06 -918108.535520] Model parameter optimization (eps = 3.000000)
[01:08:12 -913619.126663] FAST spr round 1 (radius: 25)
[01:08:35 -855426.196733] FAST spr round 2 (radius: 25)
[01:08:51 -850219.956781] FAST spr round 3 (radius: 25)
[01:09:01 -850204.594768] FAST spr round 4 (radius: 25)
[01:09:11 -850190.097148] FAST spr round 5 (radius: 25)
[01:09:20 -850179.517699] FAST spr round 6 (radius: 25)
[01:09:28 -850179.224939] FAST spr round 7 (radius: 25)
[01:09:37 -850179.008495] FAST spr round 8 (radius: 25)
[01:09:46 -850179.008164] Model parameter optimization (eps = 1.000000)
[01:09:49 -849983.080388] SLOW spr round 1 (radius: 5)
[01:10:18 -849975.934543] SLOW spr round 2 (radius: 5)
[01:10:45 -849975.933876] SLOW spr round 3 (radius: 10)
[01:11:20 -849975.933866] SLOW spr round 4 (radius: 15)
[01:13:23 -849975.933866] SLOW spr round 5 (radius: 20)
[01:14:54 -849975.933866] SLOW spr round 6 (radius: 25)
[01:15:31 -849975.933866] Model parameter optimization (eps = 0.100000)

[01:15:31] ML tree search #8, logLikelihood: -849975.842728

[01:15:31 -1862029.825506] Initial branch length optimization
[01:15:33 -1586107.964158] Model parameter optimization (eps = 10.000000)
[01:15:50 -1561750.042037] AUTODETECT spr round 1 (radius: 5)
[01:16:00 -1259911.159455] AUTODETECT spr round 2 (radius: 10)
[01:16:16 -983007.994984] AUTODETECT spr round 3 (radius: 15)
[01:16:38 -926002.339807] AUTODETECT spr round 4 (radius: 20)
[01:17:06 -924728.123177] AUTODETECT spr round 5 (radius: 25)
[01:17:27 -924644.680334] SPR radius for FAST iterations: 25 (autodetect)
[01:17:27 -924644.680334] Model parameter optimization (eps = 3.000000)
[01:17:34 -920103.140977] FAST spr round 1 (radius: 25)
[01:17:57 -852902.414198] FAST spr round 2 (radius: 25)
[01:18:15 -850512.208105] FAST spr round 3 (radius: 25)
[01:18:26 -850360.010758] FAST spr round 4 (radius: 25)
[01:18:36 -850313.059598] FAST spr round 5 (radius: 25)
[01:18:45 -850280.439360] FAST spr round 6 (radius: 25)
[01:18:54 -850275.579887] FAST spr round 7 (radius: 25)
[01:19:03 -850274.770636] FAST spr round 8 (radius: 25)
[01:19:11 -850274.724704] Model parameter optimization (eps = 1.000000)
[01:19:14 -850035.548511] SLOW spr round 1 (radius: 5)
[01:19:44 -850021.189146] SLOW spr round 2 (radius: 5)
[01:20:11 -850013.331237] SLOW spr round 3 (radius: 5)
[01:20:37 -850011.989641] SLOW spr round 4 (radius: 5)
[01:21:03 -850010.440813] SLOW spr round 5 (radius: 5)
[01:21:28 -850010.440813] SLOW spr round 6 (radius: 10)
[01:22:04 -850010.440813] SLOW spr round 7 (radius: 15)
[01:24:06 -850010.440813] SLOW spr round 8 (radius: 20)
[01:25:39 -850010.440813] SLOW spr round 9 (radius: 25)
[01:26:15 -850010.440813] Model parameter optimization (eps = 0.100000)

[01:26:16] ML tree search #9, logLikelihood: -850010.353383

[01:26:16 -1864606.967206] Initial branch length optimization
[01:26:17 -1588936.998609] Model parameter optimization (eps = 10.000000)
[01:26:31 -1564423.041206] AUTODETECT spr round 1 (radius: 5)
[01:26:40 -1232876.330435] AUTODETECT spr round 2 (radius: 10)
[01:26:57 -944926.871171] AUTODETECT spr round 3 (radius: 15)
[01:27:18 -908852.023269] AUTODETECT spr round 4 (radius: 20)
[01:27:43 -908732.047544] AUTODETECT spr round 5 (radius: 25)
[01:28:02 -908722.612907] SPR radius for FAST iterations: 25 (autodetect)
[01:28:02 -908722.612907] Model parameter optimization (eps = 3.000000)
[01:28:08 -904008.338337] FAST spr round 1 (radius: 25)
[01:28:29 -851948.482757] FAST spr round 2 (radius: 25)
[01:28:47 -850146.230887] FAST spr round 3 (radius: 25)
[01:28:57 -850105.559304] FAST spr round 4 (radius: 25)
[01:29:06 -850100.341987] FAST spr round 5 (radius: 25)
[01:29:15 -850095.910122] FAST spr round 6 (radius: 25)
[01:29:24 -850094.268247] FAST spr round 7 (radius: 25)
[01:29:33 -850094.266169] Model parameter optimization (eps = 1.000000)
[01:29:37 -849991.098831] SLOW spr round 1 (radius: 5)
[01:30:07 -849975.992388] SLOW spr round 2 (radius: 5)
[01:30:34 -849975.991647] SLOW spr round 3 (radius: 10)
[01:31:08 -849975.991637] SLOW spr round 4 (radius: 15)
[01:33:10 -849975.991637] SLOW spr round 5 (radius: 20)
[01:34:40 -849975.991637] SLOW spr round 6 (radius: 25)
[01:35:17 -849975.991637] Model parameter optimization (eps = 0.100000)

[01:35:18] ML tree search #10, logLikelihood: -849975.834548

[01:35:18 -1003811.412073] Initial branch length optimization
[01:35:19 -870824.413492] Model parameter optimization (eps = 10.000000)
[01:35:25 -850730.174701] AUTODETECT spr round 1 (radius: 5)
[01:35:32 -850098.493691] AUTODETECT spr round 2 (radius: 10)
[01:35:49 -850098.481043] SPR radius for FAST iterations: 5 (autodetect)
[01:35:49 -850098.481043] Model parameter optimization (eps = 3.000000)
[01:35:50 -850098.286388] FAST spr round 1 (radius: 5)
[01:35:59 -850087.272888] FAST spr round 2 (radius: 5)
[01:36:08 -850072.685395] FAST spr round 3 (radius: 5)
[01:36:17 -850055.036977] FAST spr round 4 (radius: 5)
[01:36:26 -850050.554313] FAST spr round 5 (radius: 5)
[01:36:34 -850046.223795] FAST spr round 6 (radius: 5)
[01:36:42 -850043.344556] FAST spr round 7 (radius: 5)
[01:36:50 -850043.344259] Model parameter optimization (eps = 1.000000)
[01:36:51 -850043.230998] SLOW spr round 1 (radius: 5)
[01:37:21 -850023.953689] SLOW spr round 2 (radius: 5)
[01:37:48 -850016.122542] SLOW spr round 3 (radius: 5)
[01:38:14 -850011.442561] SLOW spr round 4 (radius: 5)
[01:38:39 -850011.442341] SLOW spr round 5 (radius: 10)
[01:39:14 -850011.442337] SLOW spr round 6 (radius: 15)
[01:41:18 -850011.442336] SLOW spr round 7 (radius: 20)
[01:42:46 -850011.442336] SLOW spr round 8 (radius: 25)
[01:43:18 -850011.442336] Model parameter optimization (eps = 0.100000)

[01:43:18] ML tree search #11, logLikelihood: -850011.407098

[01:43:18 -1004161.004694] Initial branch length optimization
[01:43:19 -870899.868305] Model parameter optimization (eps = 10.000000)
[01:43:24 -850791.142280] AUTODETECT spr round 1 (radius: 5)
[01:43:32 -850130.516703] AUTODETECT spr round 2 (radius: 10)
[01:43:48 -850130.497233] SPR radius for FAST iterations: 5 (autodetect)
[01:43:48 -850130.497233] Model parameter optimization (eps = 3.000000)
[01:43:49 -850130.137172] FAST spr round 1 (radius: 5)
[01:43:59 -850082.972577] FAST spr round 2 (radius: 5)
[01:44:08 -850057.830056] FAST spr round 3 (radius: 5)
[01:44:16 -850046.946597] FAST spr round 4 (radius: 5)
[01:44:25 -850037.365883] FAST spr round 5 (radius: 5)
[01:44:34 -850030.207732] FAST spr round 6 (radius: 5)
[01:44:42 -850022.786467] FAST spr round 7 (radius: 5)
[01:44:50 -850018.121982] FAST spr round 8 (radius: 5)
[01:44:59 -850001.996671] FAST spr round 9 (radius: 5)
[01:45:07 -849997.583660] FAST spr round 10 (radius: 5)
[01:45:15 -849994.791052] FAST spr round 11 (radius: 5)
[01:45:23 -849992.073697] FAST spr round 12 (radius: 5)
[01:45:31 -849991.404630] FAST spr round 13 (radius: 5)
[01:45:39 -849991.196785] FAST spr round 14 (radius: 5)
[01:45:47 -849991.196770] Model parameter optimization (eps = 1.000000)
[01:45:47 -849990.957415] SLOW spr round 1 (radius: 5)
[01:46:16 -849983.669827] SLOW spr round 2 (radius: 5)
[01:46:42 -849975.919762] SLOW spr round 3 (radius: 5)
[01:47:08 -849975.919330] SLOW spr round 4 (radius: 10)
[01:47:41 -849975.919321] SLOW spr round 5 (radius: 15)
[01:49:45 -849975.919321] SLOW spr round 6 (radius: 20)
[01:51:14 -849975.919320] SLOW spr round 7 (radius: 25)
[01:51:51 -849975.919320] Model parameter optimization (eps = 0.100000)

[01:51:52] ML tree search #12, logLikelihood: -849975.838655

[01:51:52 -1004574.124168] Initial branch length optimization
[01:51:52 -870895.265385] Model parameter optimization (eps = 10.000000)
[01:51:57 -850843.394284] AUTODETECT spr round 1 (radius: 5)
[01:52:04 -850312.846769] AUTODETECT spr round 2 (radius: 10)
[01:52:21 -850154.206703] AUTODETECT spr round 3 (radius: 15)
[01:52:49 -850154.204897] SPR radius for FAST iterations: 10 (autodetect)
[01:52:49 -850154.204897] Model parameter optimization (eps = 3.000000)
[01:52:50 -850153.870084] FAST spr round 1 (radius: 10)
[01:53:02 -850031.967315] FAST spr round 2 (radius: 10)
[01:53:12 -850023.346076] FAST spr round 3 (radius: 10)
[01:53:21 -850011.219924] FAST spr round 4 (radius: 10)
[01:53:30 -850003.503258] FAST spr round 5 (radius: 10)
[01:53:39 -850000.706882] FAST spr round 6 (radius: 10)
[01:53:47 -850000.475727] FAST spr round 7 (radius: 10)
[01:53:56 -850000.352602] FAST spr round 8 (radius: 10)
[01:54:04 -850000.247926] FAST spr round 9 (radius: 10)
[01:54:12 -850000.247897] Model parameter optimization (eps = 1.000000)
[01:54:14 -849999.973552] SLOW spr round 1 (radius: 5)
[01:54:43 -849975.880010] SLOW spr round 2 (radius: 5)
[01:55:10 -849975.879813] SLOW spr round 3 (radius: 10)
[01:55:44 -849975.879806] SLOW spr round 4 (radius: 15)
[01:57:45 -849975.879806] SLOW spr round 5 (radius: 20)
[01:59:14 -849975.879805] SLOW spr round 6 (radius: 25)
[01:59:51 -849975.879805] Model parameter optimization (eps = 0.100000)

[01:59:52] ML tree search #13, logLikelihood: -849975.823939

[01:59:52 -1003148.079151] Initial branch length optimization
[01:59:53 -870966.892600] Model parameter optimization (eps = 10.000000)
[01:59:58 -850843.069310] AUTODETECT spr round 1 (radius: 5)
[02:00:05 -850103.860971] AUTODETECT spr round 2 (radius: 10)
[02:00:21 -850103.858435] SPR radius for FAST iterations: 5 (autodetect)
[02:00:21 -850103.858435] Model parameter optimization (eps = 3.000000)
[02:00:22 -850103.577851] FAST spr round 1 (radius: 5)
[02:00:31 -850028.968902] FAST spr round 2 (radius: 5)
[02:00:40 -850002.716067] FAST spr round 3 (radius: 5)
[02:00:49 -849997.901423] FAST spr round 4 (radius: 5)
[02:00:57 -849994.364692] FAST spr round 5 (radius: 5)
[02:01:05 -849989.615523] FAST spr round 6 (radius: 5)
[02:01:14 -849987.637166] FAST spr round 7 (radius: 5)
[02:01:21 -849985.868594] FAST spr round 8 (radius: 5)
[02:01:29 -849985.658099] FAST spr round 9 (radius: 5)
[02:01:37 -849985.658082] Model parameter optimization (eps = 1.000000)
[02:01:38 -849985.235355] SLOW spr round 1 (radius: 5)
[02:02:07 -849977.484294] SLOW spr round 2 (radius: 5)
[02:02:33 -849975.942188] SLOW spr round 3 (radius: 5)
[02:02:59 -849975.942185] SLOW spr round 4 (radius: 10)
[02:03:32 -849975.942185] SLOW spr round 5 (radius: 15)
[02:05:35 -849975.942185] SLOW spr round 6 (radius: 20)
[02:07:05 -849975.942185] SLOW spr round 7 (radius: 25)
[02:07:41 -849975.942185] Model parameter optimization (eps = 0.100000)

[02:07:43] ML tree search #14, logLikelihood: -849975.824789

[02:07:43 -1003044.945762] Initial branch length optimization
[02:07:44 -870485.572652] Model parameter optimization (eps = 10.000000)
[02:07:49 -850332.141063] AUTODETECT spr round 1 (radius: 5)
[02:07:56 -850046.973542] AUTODETECT spr round 2 (radius: 10)
[02:08:13 -850046.972519] SPR radius for FAST iterations: 5 (autodetect)
[02:08:13 -850046.972519] Model parameter optimization (eps = 3.000000)
[02:08:14 -850046.772929] FAST spr round 1 (radius: 5)
[02:08:22 -850032.977934] FAST spr round 2 (radius: 5)
[02:08:30 -850028.188801] FAST spr round 3 (radius: 5)
[02:08:38 -850025.394930] FAST spr round 4 (radius: 5)
[02:08:46 -850025.393333] Model parameter optimization (eps = 1.000000)
[02:08:47 -850025.368228] SLOW spr round 1 (radius: 5)
[02:09:17 -850010.336468] SLOW spr round 2 (radius: 5)
[02:09:44 -850010.336026] SLOW spr round 3 (radius: 10)
[02:10:19 -850010.336016] SLOW spr round 4 (radius: 15)
[02:12:18 -850010.336015] SLOW spr round 5 (radius: 20)
[02:13:48 -850010.336014] SLOW spr round 6 (radius: 25)
[02:14:24 -850010.336014] Model parameter optimization (eps = 0.100000)

[02:14:25] ML tree search #15, logLikelihood: -850010.314480

[02:14:25 -1002834.034853] Initial branch length optimization
[02:14:26 -870570.903719] Model parameter optimization (eps = 10.000000)
[02:14:31 -850457.147603] AUTODETECT spr round 1 (radius: 5)
[02:14:38 -850015.163160] AUTODETECT spr round 2 (radius: 10)
[02:14:54 -850015.159981] SPR radius for FAST iterations: 5 (autodetect)
[02:14:54 -850015.159981] Model parameter optimization (eps = 3.000000)
[02:14:55 -850014.721299] FAST spr round 1 (radius: 5)
[02:15:04 -850005.443390] FAST spr round 2 (radius: 5)
[02:15:13 -849997.203753] FAST spr round 3 (radius: 5)
[02:15:22 -849992.089048] FAST spr round 4 (radius: 5)
[02:15:30 -849989.258671] FAST spr round 5 (radius: 5)
[02:15:38 -849987.273438] FAST spr round 6 (radius: 5)
[02:15:47 -849985.605670] FAST spr round 7 (radius: 5)
[02:15:55 -849983.946226] FAST spr round 8 (radius: 5)
[02:16:03 -849983.783396] FAST spr round 9 (radius: 5)
[02:16:10 -849983.629016] FAST spr round 10 (radius: 5)
[02:16:18 -849983.625255] Model parameter optimization (eps = 1.000000)
[02:16:19 -849983.593640] SLOW spr round 1 (radius: 5)
[02:16:47 -849975.850342] SLOW spr round 2 (radius: 5)
[02:17:14 -849975.849577] SLOW spr round 3 (radius: 10)
[02:17:48 -849975.849545] SLOW spr round 4 (radius: 15)
[02:19:50 -849975.849542] SLOW spr round 5 (radius: 20)
[02:21:19 -849975.849542] SLOW spr round 6 (radius: 25)
[02:21:56 -849975.849542] Model parameter optimization (eps = 0.100000)

[02:21:56] ML tree search #16, logLikelihood: -849975.832640

[02:21:56 -1002752.580587] Initial branch length optimization
[02:21:57 -870588.476350] Model parameter optimization (eps = 10.000000)
[02:22:03 -850525.398626] AUTODETECT spr round 1 (radius: 5)
[02:22:10 -850054.285290] AUTODETECT spr round 2 (radius: 10)
[02:22:27 -850054.273971] SPR radius for FAST iterations: 5 (autodetect)
[02:22:27 -850054.273971] Model parameter optimization (eps = 3.000000)
[02:22:28 -850053.915685] FAST spr round 1 (radius: 5)
[02:22:37 -850031.904314] FAST spr round 2 (radius: 5)
[02:22:45 -850029.976675] FAST spr round 3 (radius: 5)
[02:22:53 -850029.444748] FAST spr round 4 (radius: 5)
[02:23:01 -850029.233640] FAST spr round 5 (radius: 5)
[02:23:09 -850029.069415] FAST spr round 6 (radius: 5)
[02:23:17 -850028.942736] FAST spr round 7 (radius: 5)
[02:23:25 -850028.942700] Model parameter optimization (eps = 1.000000)
[02:23:25 -850028.870170] SLOW spr round 1 (radius: 5)
[02:23:55 -850020.750934] SLOW spr round 2 (radius: 5)
[02:24:22 -850013.708750] SLOW spr round 3 (radius: 5)
[02:24:48 -850013.707660] SLOW spr round 4 (radius: 10)
[02:25:23 -850013.707605] SLOW spr round 5 (radius: 15)
[02:27:23 -850013.707602] SLOW spr round 6 (radius: 20)
[02:28:54 -850013.707602] SLOW spr round 7 (radius: 25)
[02:29:30 -850013.707602] Model parameter optimization (eps = 0.100000)

[02:29:30] ML tree search #17, logLikelihood: -850013.692829

[02:29:30 -1004033.231308] Initial branch length optimization
[02:29:31 -870696.578115] Model parameter optimization (eps = 10.000000)
[02:29:36 -850656.556916] AUTODETECT spr round 1 (radius: 5)
[02:29:44 -850040.331606] AUTODETECT spr round 2 (radius: 10)
[02:30:00 -850040.316664] SPR radius for FAST iterations: 5 (autodetect)
[02:30:00 -850040.316664] Model parameter optimization (eps = 3.000000)
[02:30:01 -850039.632233] FAST spr round 1 (radius: 5)
[02:30:10 -850004.927504] FAST spr round 2 (radius: 5)
[02:30:19 -849995.022724] FAST spr round 3 (radius: 5)
[02:30:27 -849988.532926] FAST spr round 4 (radius: 5)
[02:30:35 -849983.615929] FAST spr round 5 (radius: 5)
[02:30:43 -849981.547470] FAST spr round 6 (radius: 5)
[02:30:51 -849981.332831] FAST spr round 7 (radius: 5)
[02:30:58 -849981.332818] Model parameter optimization (eps = 1.000000)
[02:30:59 -849981.256955] SLOW spr round 1 (radius: 5)
[02:31:28 -849975.834888] SLOW spr round 2 (radius: 5)
[02:31:54 -849975.833500] SLOW spr round 3 (radius: 10)
[02:32:29 -849975.833437] SLOW spr round 4 (radius: 15)
[02:34:30 -849975.833434] SLOW spr round 5 (radius: 20)
[02:36:00 -849975.833434] SLOW spr round 6 (radius: 25)
[02:36:36 -849975.833434] Model parameter optimization (eps = 0.100000)

[02:36:37] ML tree search #18, logLikelihood: -849975.825983

[02:36:37 -1003917.387555] Initial branch length optimization
[02:36:38 -870688.013308] Model parameter optimization (eps = 10.000000)
[02:36:43 -850663.402062] AUTODETECT spr round 1 (radius: 5)
[02:36:50 -850066.358852] AUTODETECT spr round 2 (radius: 10)
[02:37:07 -850066.349770] SPR radius for FAST iterations: 5 (autodetect)
[02:37:07 -850066.349770] Model parameter optimization (eps = 3.000000)
[02:37:08 -850065.987833] FAST spr round 1 (radius: 5)
[02:37:17 -850005.182534] FAST spr round 2 (radius: 5)
[02:37:25 -850000.056647] FAST spr round 3 (radius: 5)
[02:37:34 -849995.445758] FAST spr round 4 (radius: 5)
[02:37:42 -849993.767238] FAST spr round 5 (radius: 5)
[02:37:49 -849992.649689] FAST spr round 6 (radius: 5)
[02:37:57 -849992.370904] FAST spr round 7 (radius: 5)
[02:38:05 -849992.370880] Model parameter optimization (eps = 1.000000)
[02:38:05 -849992.308115] SLOW spr round 1 (radius: 5)
[02:38:34 -849975.371676] SLOW spr round 2 (radius: 5)
[02:39:00 -849975.371510] SLOW spr round 3 (radius: 10)
[02:39:34 -849975.371506] SLOW spr round 4 (radius: 15)
[02:41:36 -849975.371506] SLOW spr round 5 (radius: 20)
[02:43:06 -849975.371506] SLOW spr round 6 (radius: 25)
[02:43:43 -849975.371506] Model parameter optimization (eps = 0.100000)

[02:43:44] ML tree search #19, logLikelihood: -849975.359980

[02:43:44 -1003787.002450] Initial branch length optimization
[02:43:44 -870885.040771] Model parameter optimization (eps = 10.000000)
[02:43:50 -850832.038330] AUTODETECT spr round 1 (radius: 5)
[02:43:57 -850114.175922] AUTODETECT spr round 2 (radius: 10)
[02:44:12 -850114.167908] SPR radius for FAST iterations: 5 (autodetect)
[02:44:12 -850114.167908] Model parameter optimization (eps = 3.000000)
[02:44:13 -850113.822274] FAST spr round 1 (radius: 5)
[02:44:23 -850046.133946] FAST spr round 2 (radius: 5)
[02:44:32 -850034.405185] FAST spr round 3 (radius: 5)
[02:44:40 -850024.614293] FAST spr round 4 (radius: 5)
[02:44:49 -850009.475972] FAST spr round 5 (radius: 5)
[02:44:57 -850005.259166] FAST spr round 6 (radius: 5)
[02:45:05 -850002.409896] FAST spr round 7 (radius: 5)
[02:45:13 -850001.961430] FAST spr round 8 (radius: 5)
[02:45:21 -850001.750345] FAST spr round 9 (radius: 5)
[02:45:29 -850001.596795] FAST spr round 10 (radius: 5)
[02:45:37 -850001.596776] Model parameter optimization (eps = 1.000000)
[02:45:37 -850001.488186] SLOW spr round 1 (radius: 5)
[02:46:07 -849983.603229] SLOW spr round 2 (radius: 5)
[02:46:34 -849975.852362] SLOW spr round 3 (radius: 5)
[02:46:59 -849975.851712] SLOW spr round 4 (radius: 10)
[02:47:33 -849975.851702] SLOW spr round 5 (radius: 15)
[02:49:37 -849975.851701] SLOW spr round 6 (radius: 20)
[02:51:06 -849975.851701] SLOW spr round 7 (radius: 25)
[02:51:43 -849975.851701] Model parameter optimization (eps = 0.100000)

[02:51:43] ML tree search #20, logLikelihood: -849975.828252


Optimized model parameters:

   Partition 0: noname
   Rate heterogeneity: GAMMA (4 cats, mean),  alpha: 2.073475 (ML),  weights&rates: (0.250000,0.301890) (0.250000,0.662606) (0.250000,1.071724) (0.250000,1.963779) 
   Base frequencies (ML): 0.258525 0.229244 0.230281 0.281950 
   Substitution rates (ML): 1.897553 3.807008 1.616201 1.278071 4.351708 1.000000 


Final LogLikelihood: -849975.359980

AIC score: 1700802.719960 / AICc score: 1700812.570871 / BIC score: 1704435.776764
Free parameters (model + branch lengths): 426

Best ML tree saved to: /home/gkettenburg/RAxML_tree/bat_picorna_all_raxml/P2P3/T2.raxml.bestTree
All ML trees saved to: /home/gkettenburg/RAxML_tree/bat_picorna_all_raxml/P2P3/T2.raxml.mlTrees
Optimized model saved to: /home/gkettenburg/RAxML_tree/bat_picorna_all_raxml/P2P3/T2.raxml.bestModel

Execution log saved to: /home/gkettenburg/RAxML_tree/bat_picorna_all_raxml/P2P3/T2.raxml.log

Analysis started: 10-Sep-2023 11:09:18 / finished: 10-Sep-2023 14:01:02

Elapsed time: 10303.960 seconds

Consumed energy: 303.570 Wh (= 2 km in an electric car, or 8 km with an e-scooter!)

