IQ-TREE multicore version 1.6.12 for Mac OS X 64-bit built Aug 15 2019
Developed by Bui Quang Minh, Nguyen Lam Tung, Olga Chernomor,
Heiko Schmidt, Dominik Schrempf, Michael Woodhams.

Host:    Gwenddolens-MacBook-Air.local (SSE4.2, 16 GB RAM)
Command: bin/iqtree -s cardio_align.fasta -bb 1000
Seed:    67354 (Using SPRNG - Scalable Parallel Random Number Generator)
Time:    Sun Jun 15 16:41:06 2025
Kernel:  SSE2 - 1 threads (10 CPU cores detected)

HINT: Use -nt option to specify number of threads because your CPU has 10 cores!
HINT: -nt AUTO will automatically determine the best number of threads to use.

Reading alignment file cardio_align.fasta ... Fasta format detected
Alignment most likely contains DNA/RNA sequences
Alignment has 76 sequences with 12973 columns, 6610 distinct patterns
5689 parsimony-informative, 1822 singleton sites, 5462 constant sites
             Gap/Ambiguity  Composition  p-value
   1  AB090161.1    38.17%    passed      8.46%
   2  EU542581.1    37.61%    passed     17.71%
   3  EU815052.1    38.36%    passed     19.50%
   4  MN116646.1    37.55%    failed      3.41%
   5  MH976711.1    36.90%    passed     48.97%
   6  DQ401688.1    37.56%    failed      0.00%
   7  M16020.1      37.58%    failed      0.00%
   8  EU718732.1    37.56%    failed      0.00%
   9  EU723238.1    37.60%    failed      0.00%
  10  M20562.1      37.52%    failed      0.00%
  11  NC_001366.1   37.55%    failed      0.00%
  12  X56019.1      37.55%    failed      0.00%
  13  JX443418.1    37.41%    failed      0.00%
  14  KF680264.1    37.61%    failed      0.00%
  15  M20301.1      37.62%    failed      0.00%
  16  HQ652539.1    37.55%    failed      0.00%
  17  EU718733.1    37.59%    failed      0.00%
  18  MF139053.1    37.39%    failed      0.00%
  19  MF172923.1    37.39%    failed      0.00%
  20  AB983594.1    37.68%    failed      0.00%
  21  AB983595.1    37.70%    failed      0.00%
  22  HQ902242.1    37.70%    failed      0.00%
  23  KP972594.1    37.84%    failed      0.00%
  24  FM207487.1    37.94%    failed      0.00%
  25  GU943513.1    37.92%    failed      0.00%
  26  HQ162476.1    37.77%    failed      0.00%
  27  HM181997.1    38.42%    failed      0.00%
  28  HM181998.1    38.40%    failed      0.00%
  29  HM181999.1    38.40%    failed      0.00%
  30  HM181996.1    38.46%    failed      0.00%
  31  EF165067.2    37.45%    failed      0.00%
  32  NC_009448.2   37.45%    failed      0.00%
  33  GU595289.1    37.97%    failed      0.00%
  34  JF813004.1    37.83%    failed      0.00%
  35  NC_010810.1   38.63%    failed      0.00%
  36  MH778548.1    40.83%    failed      0.00%
  37  OL519583.1    38.52%    failed      0.00%
  38  MZ382838.1    37.37%    failed      0.00%
  39  NC_075977.1   39.18%    failed      2.03%
  40  NC_076099.1   37.39%    passed      8.18%
  41  AF356822.1    40.41%    failed      0.23%
  42  KM269482.1    39.30%    failed      0.08%
  43  DQ464062.1    40.29%    failed      0.24%
  44  KF709977.1    40.33%    failed      0.32%
  45  DQ464063.1    40.38%    failed      0.29%
  46  KF836386.1    40.38%    failed      0.18%
  47  KF836387.1    40.38%    failed      0.24%
  48  LC508268.1    44.01%    failed      0.72%
  49  KJ524643.1    40.51%    failed      0.25%
  50  FJ897755.1    40.45%    failed      0.12%
  51  KF771002.1    40.45%    failed      0.17%
  52  DQ288856.1    40.48%    failed      0.25%
  53  MH191297.1    40.38%    failed      0.29%
  54  KF836388.1    40.45%    failed      0.19%
  55  EU780149.1    40.31%    failed      0.20%
  56  NC_001479.1   39.61%    failed      0.08%
  57  KF836389.1    40.42%    failed      0.22%
  58  EU780148.1    40.41%    failed      0.28%
  59  KF836390.1    40.46%    failed      0.13%
  60  KF293299.1    40.35%    failed      0.17%
  61  MT250508.1    39.70%    failed      3.33%
  62  MT250509.1    39.98%    failed      3.43%
  63  MT250510.1    39.77%    failed      1.93%
  64  MT250511.1    40.19%    failed      2.32%
  65  M22457.1      39.68%    failed      1.31%
  66  M22458.1      39.65%    failed      1.15%
  67  X87335.1      39.72%    failed      1.87%
  68  DQ294633.1    40.14%    failed      2.15%
  69  L22089.1      40.18%    failed      1.90%
  70  MT499387.1    41.19%    passed     26.84%
  71  KX231802.1    40.54%    passed      5.24%
  72  PP766467      72.21%    failed      0.06%
  73  KU955338.1    41.82%    failed      0.00%
  74  MN547968.1    40.60%    failed      0.03%
  75  NC_038305.1   34.25%    failed      0.68%
  76  NC_001547.1    9.79%    failed      0.00%
WARNING: 1 sequences contain more than 50% gaps/ambiguity
****  TOTAL         39.00%  69 sequences failed composition chi2 test (p-value<5%; df=3)
NOTE: X56019.1 is identical to NC_001366.1 but kept for subsequent analysis
NOTE: MF172923.1 is identical to MF139053.1 but kept for subsequent analysis
NOTE: NC_009448.2 is identical to EF165067.2 but kept for subsequent analysis


Create initial parsimony tree by phylogenetic likelihood library (PLL)... 0.030 seconds
NOTE: ModelFinder requires 188 MB RAM!
ModelFinder will test 286 DNA models (sample size: 12973) ...
 No. Model         -LnL         df  AIC          AICc         BIC
  1  JC            183325.850   149 366949.700   366953.186   368062.823
  2  JC+I          179596.307   150 359492.613   359496.146   360613.207
  3  JC+G4         171111.157   150 342522.313   342525.846   343642.907
  4  JC+I+G4       171105.353   151 342512.706   342516.286   343640.771
  5  JC+R2         172534.431   151 345370.861   345374.442   346498.926
  6  JC+R3         171787.512   153 343881.024   343884.700   345024.030
  7  JC+R4         171345.877   155 343001.754   343005.527   344159.701
  8  JC+R5         171173.448   157 342660.895   342664.767   343833.784
  9  JC+R6         171094.413   159 342506.827   342510.798   343694.656
 10  JC+R7         171055.287   161 342432.573   342436.645   343635.344
 11  JC+R8         171038.939   163 342403.878   342408.052   343621.590
 12  JC+R9         171033.334   165 342396.668   342400.945   343629.321
 14  F81+F         183120.543   152 366545.085   366548.713   367680.620
 15  F81+F+I       179373.487   153 359052.974   359056.650   360195.979
 16  F81+F+G4      170771.375   153 341848.750   341852.426   342991.756
 17  F81+F+I+G4    170767.490   154 341842.980   341846.705   342993.456
 18  F81+F+R2      172224.066   154 344756.132   344759.856   345906.608
 19  F81+F+R3      171478.052   156 343268.105   343271.927   344433.522
 20  F81+F+R4      171022.403   158 342360.805   342364.726   343541.164
 21  F81+F+R5      170842.340   160 342004.680   342008.701   343199.980
 22  F81+F+R6      170758.772   162 341841.543   341845.666   343051.785
 23  F81+F+R7      170717.060   164 341762.119   341766.345   342987.302
 24  F81+F+R8      170698.884   166 341729.769   341734.098   342969.893
 25  F81+F+R9      170692.512   168 341721.024   341725.459   342976.089
 27  K2P           177534.912   150 355369.824   355373.357   356490.418
 28  K2P+I         173629.054   151 347560.108   347563.688   348688.172
 29  K2P+G4        164307.900   151 328917.799   328921.380   330045.864
 30  K2P+I+G4      164302.471   152 328908.943   328912.571   330044.478
 31  K2P+R2        166030.336   152 332364.672   332368.301   333500.208
 32  K2P+R3        165203.343   154 330714.686   330718.411   331865.162
 33  K2P+R4        164655.071   156 329622.142   329625.964   330787.560
 34  K2P+R5        164427.385   158 329170.771   329174.692   330351.129
 35  K2P+R6        164309.146   160 328938.291   328942.312   330133.591
 36  K2P+R7        164240.640   162 328805.279   328809.402   330015.520
 37  K2P+R8        164203.851   164 328735.702   328739.928   329960.885
 38  K2P+R9        164188.101   166 328708.202   328712.531   329948.326
 39  K2P+R10       164177.409   168 328690.818   328695.253   329945.883
 40  HKY+F         177284.296   153 354874.591   354878.267   356017.597
 41  HKY+F+I       173353.014   154 347014.028   347017.753   348164.505
 42  HKY+F+G4      163934.497   154 328176.995   328180.719   329327.471
 43  HKY+F+I+G4    163928.175   155 328166.351   328170.124   329324.298
 44  HKY+F+R2      165702.752   155 331715.505   331719.278   332873.452
 45  HKY+F+R3      164865.559   157 330045.118   330048.990   331218.006
 46  HKY+F+R4      164304.515   159 328927.031   328931.001   330114.860
 47  HKY+F+R5      164068.036   161 328458.073   328462.145   329660.844
 48  HKY+F+R6      163943.584   163 328213.169   328217.343   329430.881
 49  HKY+F+R7      163870.567   165 328071.134   328075.412   329303.788
 50  HKY+F+R8      163830.561   167 327995.121   327999.504   329242.716
 51  HKY+F+R9      163813.077   169 327964.154   327968.642   329226.690
 52  HKY+F+R10     163800.558   171 327943.115   327947.710   329220.592
 53  TNe           177017.353   151 354336.705   354340.286   355464.770
 54  TNe+I         173106.185   152 346516.369   346519.997   347651.904
 55  TNe+G4        163919.882   152 328143.763   328147.391   329279.298
 56  TNe+I+G4      163912.932   153 328131.864   328135.540   329274.869
 57  TNe+R2        165688.591   153 331683.182   331686.858   332826.188
 58  TNe+R3        164862.112   155 330034.224   330037.997   331192.171
 59  TNe+R4        164309.300   157 328932.600   328936.472   330105.489
 60  TNe+R5        164076.360   159 328470.720   328474.691   329658.550
 61  TNe+R6        163953.966   161 328229.932   328234.004   329432.703
 62  TNe+R7        163881.995   163 328089.991   328094.165   329307.703
 63  TNe+R8        163842.118   165 328014.235   328018.513   329246.889
 64  TNe+R9        163824.375   167 327982.750   327987.132   329230.344
 65  TNe+R10       163810.878   169 327959.755   327964.243   329222.291
 66  TN+F          176896.764   154 354101.529   354105.253   355252.005
 67  TN+F+I        172962.502   155 346235.003   346238.776   347392.950
 68  TN+F+G4       163667.070   155 327644.139   327647.912   328802.086
 69  TN+F+I+G4     163660.240   156 327632.480   327636.302   328797.898
 70  TN+F+R2       165467.753   156 331247.506   331251.328   332412.924
 71  TN+F+R3       164631.936   158 329579.871   329583.792   330760.230
 72  TN+F+R4       164068.094   160 328456.188   328460.209   329651.488
 73  TN+F+R5       163828.482   162 327980.964   327985.087   329191.206
 74  TN+F+R6       163701.595   164 327731.191   327735.416   328956.373
 75  TN+F+R7       163626.513   166 327585.026   327589.356   328825.150
 76  TN+F+R8       163584.495   168 327504.990   327509.425   328760.055
 77  TN+F+R9       163565.509   170 327471.017   327475.559   328741.024
 78  TN+F+R10      163551.074   172 327446.147   327450.797   328731.095
 79  K3P           177534.280   151 355370.559   355374.140   356498.624
 80  K3P+I         173628.627   152 347561.253   347564.881   348696.788
 81  K3P+G4        164306.695   152 328917.390   328921.018   330052.925
 82  K3P+I+G4      164300.946   153 328907.893   328911.569   330050.898
 83  K3P+R2        166029.503   153 332365.007   332368.683   333508.012
 84  K3P+R3        165202.170   155 330714.341   330718.114   331872.288
 85  K3P+R4        164654.150   157 329622.301   329626.172   330795.189
 86  K3P+R5        164426.028   159 329170.057   329174.028   330357.886
 87  K3P+R6        164307.146   161 328936.292   328940.364   330139.062
 88  K3P+R7        164238.768   163 328803.535   328807.709   330021.247
 89  K3P+R8        164201.906   165 328733.812   328738.089   329966.465
 90  K3P+R9        164186.359   167 328706.717   328711.099   329954.312
 91  K3P+R10       164175.776   169 328689.552   328694.040   329952.088
 92  K3Pu+F        177283.058   154 354874.115   354877.840   356024.592
 93  K3Pu+F+I      173352.150   155 347014.300   347018.074   348172.247
 94  K3Pu+F+G4     163932.924   155 328175.848   328179.621   329333.795
 95  K3Pu+F+I+G4   163926.411   156 328164.822   328168.644   329330.239
 96  K3Pu+F+R2     165701.406   156 331714.812   331718.634   332880.230
 97  K3Pu+F+R3     164863.881   158 330043.763   330047.684   331224.122
 98  K3Pu+F+R4     164303.205   160 328926.410   328930.431   330121.710
 99  K3Pu+F+R5     164066.366   162 328456.732   328460.855   329666.974
100  K3Pu+F+R6     163941.222   164 328210.444   328214.669   329435.627
101  K3Pu+F+R7     163868.327   166 328068.653   328072.983   329308.777
102  K3Pu+F+R8     163828.232   168 327992.465   327996.899   329247.530
103  K3Pu+F+R9     163810.723   170 327961.447   327965.988   329231.453
104  K3Pu+F+R10    163798.502   172 327941.004   327945.653   329225.951
105  TPM2+F        177090.203   154 354488.405   354492.130   355638.882
106  TPM2+F+I      173178.939   155 346667.879   346671.652   347825.826
107  TPM2+F+G4     163803.045   155 327916.091   327919.864   329074.038
108  TPM2+F+I+G4   163797.914   156 327907.828   327911.650   329073.246
109  TPM2+F+R2     165548.052   156 331408.103   331411.925   332573.521
110  TPM2+F+R3     164716.278   158 329748.557   329752.478   330928.916
111  TPM2+F+R4     164162.362   160 328644.725   328648.746   329840.025
112  TPM2+F+R5     163930.501   162 328185.001   328189.124   329395.242
113  TPM2+F+R6     163809.161   164 327946.322   327950.547   329171.504
114  TPM2+F+R7     163739.326   166 327810.651   327814.981   329050.775
115  TPM2+F+R8     163701.355   168 327738.709   327743.144   328993.774
116  TPM2+F+R9     163685.174   170 327710.347   327714.889   328980.354
117  TPM2+F+R10    163673.939   172 327691.878   327696.528   328976.826
118  TPM2u+F       177090.204   154 354488.407   354492.132   355638.883
119  TPM2u+F+I     173178.940   155 346667.880   346671.653   347825.827
120  TPM2u+F+G4    163803.046   155 327916.091   327919.864   329074.038
121  TPM2u+F+I+G4  163797.896   156 327907.793   327911.615   329073.210
122  TPM2u+F+R2    165548.053   156 331408.106   331411.928   332573.524
123  TPM2u+F+R3    164716.278   158 329748.556   329752.477   330928.915
124  TPM2u+F+R4    164162.361   160 328644.723   328648.744   329840.023
125  TPM2u+F+R5    163930.461   162 328184.922   328189.045   329395.163
126  TPM2u+F+R6    163808.981   164 327945.962   327950.188   329171.145
127  TPM2u+F+R7    163739.171   166 327810.342   327814.672   329050.466
128  TPM2u+F+R8    163701.263   168 327738.526   327742.961   328993.591
129  TPM2u+F+R9    163685.070   170 327710.140   327714.681   328980.146
130  TPM2u+F+R10   163673.896   172 327691.792   327696.441   328976.740
131  TPM3+F        177283.924   154 354875.848   354879.573   356026.325
132  TPM3+F+I      173352.907   155 347015.813   347019.587   348173.760
133  TPM3+F+G4     163933.793   155 328177.586   328181.359   329335.533
134  TPM3+F+I+G4   163927.355   156 328166.710   328170.533   329332.128
135  TPM3+F+R2     165702.166   156 331716.332   331720.154   332881.750
136  TPM3+F+R3     164864.683   158 330045.366   330049.287   331225.725
137  TPM3+F+R4     164304.020   160 328928.041   328932.062   330123.341
138  TPM3+F+R5     164067.086   162 328458.171   328462.294   329668.413
139  TPM3+F+R6     163941.520   164 328211.040   328215.266   329436.223
140  TPM3+F+R7     163868.809   166 328069.617   328073.947   329309.741
141  TPM3+F+R8     163828.850   168 327993.700   327998.135   329248.765
142  TPM3+F+R9     163811.426   170 327962.851   327967.392   329232.857
143  TPM3+F+R10    163799.244   172 327942.488   327947.137   329227.435
144  TPM3u+F       177283.922   154 354875.844   354879.569   356026.321
145  TPM3u+F+I     173352.906   155 347015.813   347019.586   348173.760
146  TPM3u+F+G4    163933.792   155 328177.585   328181.358   329335.532
147  TPM3u+F+I+G4  163927.353   156 328166.707   328170.529   329332.124
148  TPM3u+F+R2    165702.165   156 331716.331   331720.153   332881.748
149  TPM3u+F+R3    164864.682   158 330045.365   330049.286   331225.723
150  TPM3u+F+R4    164304.018   160 328928.035   328932.057   330123.335
151  TPM3u+F+R5    164067.072   162 328458.144   328462.267   329668.385
152  TPM3u+F+R6    163941.374   164 328210.748   328214.973   329435.930
153  TPM3u+F+R7    163868.687   166 328069.375   328073.704   329309.499
154  TPM3u+F+R8    163828.809   168 327993.619   327998.054   329248.684
155  TPM3u+F+R9    163811.403   170 327962.807   327967.348   329232.813
156  TPM3u+F+R10   163799.215   172 327942.431   327947.080   329227.378
157  TIMe          177016.804   152 354337.608   354341.236   355473.143
158  TIMe+I        173105.871   153 346517.741   346521.417   347660.747
159  TIMe+G4       163918.816   153 328143.631   328147.308   329286.637
160  TIMe+I+G4     163911.726   154 328131.453   328135.177   329281.929
161  TIMe+R2       165687.911   154 331683.821   331687.546   332834.298
162  TIMe+R3       164861.081   156 330034.163   330037.985   331199.580
163  TIMe+R4       164308.218   158 328932.436   328936.357   330112.795
164  TIMe+R5       164075.364   160 328470.728   328474.749   329666.028
165  TIMe+R6       163952.027   162 328228.055   328232.178   329438.296
166  TIMe+R7       163880.301   164 328088.603   328092.828   329313.786
167  TIMe+R8       163840.509   166 328013.019   328017.349   329253.143
168  TIMe+R9       163822.839   168 327981.678   327986.112   329236.743
169  TIMe+R10      163809.496   170 327958.993   327963.534   329228.999
170  TIM+F         176895.646   155 354101.292   354105.065   355259.239
171  TIM+F+I       172961.784   156 346235.567   346239.389   347400.985
172  TIM+F+G4      163665.640   156 327643.281   327647.103   328808.698
173  TIM+F+I+G4    163658.713   157 327631.426   327635.297   328804.314
174  TIM+F+R2      165466.555   157 331247.110   331250.982   332419.998
175  TIM+F+R3      164630.398   159 329578.797   329582.768   330766.626
176  TIM+F+R4      164066.638   161 328455.275   328459.347   329658.046
177  TIM+F+R5      163827.022   163 327980.044   327984.218   329197.756
178  TIM+F+R6      163699.268   165 327728.535   327732.812   328961.188
179  TIM+F+R7      163624.405   167 327582.811   327587.193   328830.405
180  TIM+F+R8      163582.456   169 327502.913   327507.401   328765.448
181  TIM+F+R9      163563.620   171 327469.240   327473.835   328746.717
182  TIM+F+R10     163549.216   173 327444.432   327449.136   328736.851
183  TIM2e         176696.615   152 353697.230   353700.858   354832.765
184  TIM2e+I       172813.879   153 345933.758   345937.434   347076.763
185  TIM2e+G4      163644.073   153 327594.147   327597.823   328737.152
186  TIM2e+I+G4    163637.956   154 327583.912   327587.637   328734.389
187  TIM2e+R2      165394.858   154 331097.716   331101.440   332248.192
188  TIM2e+R3      164573.755   156 329459.511   329463.333   330624.928
189  TIM2e+R4      164027.478   158 328370.956   328374.877   329551.315
190  TIM2e+R5      163799.208   160 327918.416   327922.437   329113.716
191  TIM2e+R6      163679.199   162 327682.399   327686.522   328892.640
192  TIM2e+R7      163609.981   164 327547.963   327552.188   328773.146
193  TIM2e+R8      163571.791   166 327475.582   327479.912   328715.706
194  TIM2e+R9      163555.036   168 327446.073   327450.508   328701.138
195  TIM2e+R10     163542.215   170 327424.431   327428.972   328694.437
196  TIM2+F        176711.853   155 353733.706   353737.479   354891.653
197  TIM2+F+I      172796.773   156 345905.547   345909.369   347070.965
198  TIM2+F+G4     163530.120   156 327372.240   327376.062   328537.657
199  TIM2+F+I+G4   163524.341   157 327362.683   327366.554   328535.571
200  TIM2+F+R2     165315.263   157 330944.526   330948.397   332117.414
201  TIM2+F+R3     164484.499   159 329286.999   329290.970   330474.828
202  TIM2+F+R4     163926.017   161 328174.035   328178.107   329376.806
203  TIM2+F+R5     163690.158   163 327706.315   327710.489   328924.027
204  TIM2+F+R6     163565.156   165 327460.312   327464.589   328692.965
205  TIM2+F+R7     163492.461   167 327318.922   327323.304   328566.516
206  TIM2+F+R8     163452.123   169 327242.245   327246.733   328504.781
207  TIM2+F+R9     163433.918   171 327209.836   327214.431   328487.313
208  TIM2+F+R10    163420.169   173 327186.338   327191.042   328478.757
209  TIM3e         177017.000   152 354338.001   354341.629   355473.536
210  TIM3e+I       173103.972   153 346513.945   346517.621   347656.951
211  TIM3e+G4      163919.974   153 328145.949   328149.625   329288.954
212  TIM3e+I+G4    163912.832   154 328133.663   328137.388   329284.140
213  TIM3e+R2      165688.599   154 331685.198   331688.923   332835.675
214  TIM3e+R3      164862.121   156 330036.243   330040.065   331201.660
215  TIM3e+R4      164309.330   158 328934.661   328938.582   330115.019
216  TIM3e+R5      164076.476   160 328472.953   328476.974   329668.253
217  TIM3e+R6      163953.032   162 328230.064   328234.187   329440.306
218  TIM3e+R7      163881.405   164 328090.809   328095.035   329315.992
219  TIM3e+R8      163841.621   166 328015.241   328019.571   329255.365
220  TIM3e+R9      163823.954   168 327983.908   327988.343   329238.973
221  TIM3e+R10     163810.625   170 327961.251   327965.792   329231.257
222  TIM3+F        176896.514   155 354103.028   354106.801   355260.975
223  TIM3+F+I      172962.292   156 346236.585   346240.407   347402.002
224  TIM3+F+G4     163666.439   156 327644.879   327648.701   328810.296
225  TIM3+F+I+G4   163659.527   157 327633.054   327636.925   328805.942
226  TIM3+F+R2     165467.075   157 331248.149   331252.021   332421.037
227  TIM3+F+R3     164631.002   159 329580.005   329583.976   330767.834
228  TIM3+F+R4     164067.288   161 328456.575   328460.647   329659.346
229  TIM3+F+R5     163827.675   163 327981.351   327985.525   329199.063
230  TIM3+F+R6     163699.761   165 327729.522   327733.799   328962.175
231  TIM3+F+R7     163624.977   167 327583.954   327588.336   328831.548
232  TIM3+F+R8     163583.042   169 327504.084   327508.572   328766.620
233  TIM3+F+R9     163564.184   171 327470.368   327474.963   328747.845
234  TIM3+F+R10    163549.934   173 327445.868   327450.572   328738.286
235  TVMe          177201.174   153 354708.348   354712.024   355851.354
236  TVMe+I        173325.345   154 346958.690   346962.415   348109.167
237  TVMe+G4       164029.233   154 328366.466   328370.191   329516.943
238  TVMe+I+G4     164024.756   155 328359.512   328363.285   329517.459
239  TVMe+R2       165728.494   155 331766.989   331770.762   332924.936
240  TVMe+R3       164905.506   157 330125.013   330128.884   331297.901
241  TVMe+R4       164365.764   159 329049.529   329053.500   330237.358
242  TVMe+R5       164144.147   161 328610.294   328614.366   329813.065
243  TVMe+R6       164029.289   163 328384.578   328388.752   329602.290
244  TVMe+R7       163964.993   165 328259.985   328264.263   329492.639
245  TVMe+R8       163931.048   167 328196.096   328200.478   329443.690
246  TVMe+R9       163917.114   169 328172.227   328176.715   329434.763
247  TVMe+R10      163907.034   171 328156.068   328160.664   329433.545
248  TVM+F         177087.696   156 354487.391   354491.213   355652.809
249  TVM+F+I       173176.700   157 346667.400   346671.271   347840.288
250  TVM+F+G4      163800.803   157 327915.606   327919.477   329088.494
251  TVM+F+I+G4    163795.528   158 327907.057   327910.978   329087.416
252  TVM+F+R2      165545.934   158 331407.868   331411.789   332588.227
253  TVM+F+R3      164713.749   160 329747.498   329751.519   330942.798
254  TVM+F+R4      164160.086   162 328644.173   328648.296   329854.414
255  TVM+F+R5      163928.289   164 328184.579   328188.804   329409.761
256  TVM+F+R6      163806.041   166 327944.082   327948.411   329184.206
257  TVM+F+R7      163736.622   168 327809.244   327813.679   329064.309
258  TVM+F+R8      163698.682   170 327737.363   327741.905   329007.370
259  TVM+F+R9      163682.729   172 327709.459   327714.108   328994.406
260  TVM+F+R10     163671.048   174 327690.095   327694.854   328989.984
261  SYM           176694.301   154 353696.601   353700.326   354847.077
262  SYM+I         172809.636   155 345929.273   345933.046   347087.220
263  SYM+G4        163642.916   155 327595.832   327599.605   328753.778
264  SYM+I+G4      163636.741   156 327585.483   327589.305   328750.900
265  SYM+R2        165393.984   156 331099.968   331103.790   332265.386
266  SYM+R3        164572.506   158 329461.012   329464.933   330641.371
267  SYM+R4        164026.212   160 328372.423   328376.444   329567.723
268  SYM+R5        163798.082   162 327920.165   327924.287   329130.406
269  SYM+R6        163677.780   164 327683.560   327687.785   328908.742
270  SYM+R7        163608.708   166 327549.416   327553.745   328789.540
271  SYM+R8        163570.587   168 327477.174   327481.609   328732.239
272  SYM+R9        163553.711   170 327447.422   327451.964   328717.429
273  SYM+R10       163540.965   172 327425.930   327430.579   328710.878
274  GTR+F         176709.563   157 353733.126   353736.997   354906.014
275  GTR+F+I       172794.454   158 345904.908   345908.829   347085.267
276  GTR+F+G4      163527.932   158 327371.865   327375.786   328552.223
277  GTR+F+I+G4    163522.144   159 327362.288   327366.259   328550.118
278  GTR+F+R2      165313.269   159 330944.537   330948.508   332132.367
279  GTR+F+R3      164481.958   161 329285.915   329289.987   330488.686
280  GTR+F+R4      163923.566   163 328173.133   328177.307   329390.845
281  GTR+F+R5      163687.779   165 327705.559   327709.836   328938.212
282  GTR+F+R6      163562.703   167 327459.406   327463.788   328707.001
283  GTR+F+R7      163489.855   169 327317.711   327322.199   328580.246
284  GTR+F+R8      163449.392   171 327240.785   327245.380   328518.262
285  GTR+F+R9      163431.509   173 327209.018   327213.722   328501.436
286  GTR+F+R10     163417.751   175 327185.502   327190.315   328492.861
Akaike Information Criterion:           GTR+F+R10
Corrected Akaike Information Criterion: GTR+F+R10
Bayesian Information Criterion:         TIM2+F+R10
Best-fit model: TIM2+F+R10 chosen according to BIC

All model information printed to cardio_align.fasta.model.gz
CPU time for ModelFinder: 5721.195 seconds (1h:35m:21s)
Wall-clock time for ModelFinder: 8093.246 seconds (2h:14m:53s)
Generating 1000 samples for ultrafast bootstrap (seed: 67354)...

NOTE: 188 MB RAM (0 GB) is required!
Estimate model parameters (epsilon = 0.100)
1. Initial log-likelihood: -171915.364
2. Current log-likelihood: -165483.389
3. Current log-likelihood: -163459.773
4. Current log-likelihood: -163435.039
5. Current log-likelihood: -163430.095
6. Current log-likelihood: -163426.571
7. Current log-likelihood: -163423.978
8. Current log-likelihood: -163422.046
9. Current log-likelihood: -163420.685
10. Current log-likelihood: -163419.746
11. Current log-likelihood: -163419.148
12. Current log-likelihood: -163418.686
13. Current log-likelihood: -163418.313
14. Current log-likelihood: -163418.022
15. Current log-likelihood: -163417.793
16. Current log-likelihood: -163417.647
Optimal log-likelihood: -163417.541
Rate parameters:  A-C: 1.59380  A-G: 5.27478  A-T: 1.59380  C-G: 1.00000  C-T: 8.55261  G-T: 1.00000
Base frequencies:  A: 0.265  C: 0.250  G: 0.222  T: 0.262
Site proportion and rates:  (0.366,0.057) (0.088,0.345) (0.081,0.404) (0.061,0.512) (0.039,0.687) (0.034,1.106) (0.044,1.202) (0.063,1.525) (0.073,1.732) (0.152,3.598)
Parameters optimization took 16 rounds (337.501 sec)
Computing ML distances based on estimated model parameters... 0.608 sec
WARNING: Some pairwise ML distances are too long (saturated)
Computing BIONJ tree...
0.033 seconds
Log-likelihood of BIONJ tree: -163940.880
--------------------------------------------------------------------
|             INITIALIZING CANDIDATE TREE SET                      |
--------------------------------------------------------------------
Generating 98 parsimony trees... 6.312 second
Computing log-likelihood of 98 initial trees ... 104.581 seconds
Current best score: -163417.541

Do NNI search on 20 best initial trees
Estimate model parameters (epsilon = 0.100)
BETTER TREE FOUND at iteration 1: -163335.055
Estimate model parameters (epsilon = 0.100)
BETTER TREE FOUND at iteration 2: -163329.975
Iteration 10 / LogL: -163335.792 / Time: 0h:9m:32s
Iteration 20 / LogL: -163344.679 / Time: 0h:10m:31s
Finish initializing candidate tree set (7)
Current best tree score: -163329.975 / CPU time: 285.437
Number of iterations: 20
--------------------------------------------------------------------
|               OPTIMIZING CANDIDATE TREE SET                      |
--------------------------------------------------------------------
Iteration 30 / LogL: -163347.523 / Time: 0h:12m:1s (0h:29m:51s left)
Iteration 40 / LogL: -163331.171 / Time: 0h:13m:33s (0h:21m:33s left)
Iteration 50 / LogL: -163334.763 / Time: 0h:15m:13s (0h:16m:9s left)
Log-likelihood cutoff on original alignment: -163419.133
Estimate model parameters (epsilon = 0.100)
BETTER TREE FOUND at iteration 59: -163328.542
Iteration 60 / LogL: -163332.770 / Time: 0h:17m:5s (0h:28m:40s left)
Estimate model parameters (epsilon = 0.100)
BETTER TREE FOUND at iteration 63: -163325.833
Iteration 70 / LogL: -164310.552 / Time: 0h:18m:51s (0h:25m:24s left)
Iteration 80 / LogL: -163331.512 / Time: 0h:20m:24s (0h:21m:26s left)
Iteration 90 / LogL: -163333.460 / Time: 0h:22m:8s (0h:18m:9s left)
Iteration 100 / LogL: -163502.041 / Time: 0h:23m:49s (0h:15m:9s left)
Log-likelihood cutoff on original alignment: -163419.133
NOTE: Bootstrap correlation coefficient of split occurrence frequencies: 0.996
Iteration 110 / LogL: -163326.077 / Time: 0h:25m:30s (0h:21m:4s left)
Iteration 120 / LogL: -163327.552 / Time: 0h:27m:10s (0h:18m:16s left)
Iteration 130 / LogL: -163326.942 / Time: 0h:28m:51s (0h:15m:39s left)
Iteration 140 / LogL: -163333.314 / Time: 0h:30m:33s (0h:13m:11s left)
Iteration 150 / LogL: -163326.093 / Time: 0h:32m:15s (0h:10m:49s left)
Log-likelihood cutoff on original alignment: -163419.133
Iteration 160 / LogL: -163331.748 / Time: 0h:34m:24s (0h:8m:39s left)
TREE SEARCH COMPLETED AFTER 164 ITERATIONS / Time: 0h:35m:36s

--------------------------------------------------------------------
|                    FINALIZING TREE SEARCH                        |
--------------------------------------------------------------------
Performs final model parameters optimization
Estimate model parameters (epsilon = 0.010)
1. Initial log-likelihood: -163325.833
2. Current log-likelihood: -163325.822
3. Current log-likelihood: -163325.812
Optimal log-likelihood: -163325.806
Rate parameters:  A-C: 1.58529  A-G: 5.29666  A-T: 1.58529  C-G: 1.00000  C-T: 8.56391  G-T: 1.00000
Base frequencies:  A: 0.265  C: 0.250  G: 0.222  T: 0.262
Site proportion and rates:  (0.370,0.058) (0.096,0.350) (0.083,0.411) (0.055,0.521) (0.031,0.678) (0.031,1.125) (0.042,1.222) (0.067,1.549) (0.078,1.704) (0.148,3.658)
Parameters optimization took 3 rounds (13.745 sec)
BEST SCORE FOUND : -163325.806
Creating bootstrap support values...
Split supports printed to NEXUS file cardio_align.fasta.splits.nex
Total tree length: 19.579

Total number of iterations: 164
CPU time used for tree search: 1690.726 sec (0h:28m:10s)
Wall-clock time used for tree search: 1790.380 sec (0h:29m:50s)
Total CPU time used: 1972.150 sec (0h:32m:52s)
Total wall-clock time used: 2150.994 sec (0h:35m:50s)

Computing bootstrap consensus tree...
Reading input file cardio_align.fasta.splits.nex...
76 taxa and 289 splits.
Consensus tree written to cardio_align.fasta.contree
Reading input trees file cardio_align.fasta.contree
Log-likelihood of consensus tree: -163328.467

Analysis results written to: 
  IQ-TREE report:                cardio_align.fasta.iqtree
  Maximum-likelihood tree:       cardio_align.fasta.treefile
  Likelihood distances:          cardio_align.fasta.mldist

Ultrafast bootstrap approximation results written to:
  Split support values:          cardio_align.fasta.splits.nex
  Consensus tree:                cardio_align.fasta.contree
  Screen log file:               cardio_align.fasta.log

Date and Time: Sun Jun 15 19:31:57 2025
