
RAxML-NG v. 1.1.0-master released on 22.06.2022 by The Exelixis Lab.
Developed by: Alexey M. Kozlov and Alexandros Stamatakis.
Contributors: Diego Darriba, Tomas Flouri, Benoit Morel, Sarah Lutteropp, Ben Bettisworth.
Latest version: https://github.com/amkozlov/raxml-ng
Questions/problems/suggestions? Please visit: https://groups.google.com/forum/#!forum/raxml

System: Intel(R) Xeon(R) CPU E5-2680 v4 @ 2.40GHz, 28 cores, 251 GB RAM

RAxML-NG was called at 12-Jun-2024 17:40:24 as follows:

raxml-ng-mpi --bsconverge --bs-trees allbootstraps --prefix T11 --seed 2 --threads 2 --bs-cutoff 0.03

Analysis options:
  run mode: A posteriori bootstrap convergence test
  start tree(s): 
  random seed: 2
  SIMD kernels: AVX2
  parallelization: coarse-grained (auto), PTHREADS (2 threads), thread pinning: ON

Reading bootstrap trees from file: allbootstraps
Loaded 1247 trees with 182 taxa.

Performing bootstrap convergence assessment using autoMRE criterion

 # trees        avg WRF       avg WRF in %       # perms: wrf <= 3.00 %     converged?  
      50        572.012              6.393                            0        NO
     100        951.011              5.314                            1        NO
     150       1104.751              4.115                           47        NO
     200       1281.166              3.579                          160        NO
     250       1450.288              3.241                          349        NO
     300       1717.513              3.198                          394        NO
     350       2045.965              3.266                          326        NO
     400       2194.488              3.065                          462        NO
     450       2481.923              3.081                          454        NO
     500       2434.044              2.720                          686        NO
     550       2341.308              2.378                          866        NO
     600       2827.314              2.633                          749        NO
     650       2725.798              2.343                          844        NO
     700       2636.876              2.104                          930        NO
     750       2684.597              2.000                          958        NO
     800       2713.017              1.895                          970        NO
     850       2975.400              1.956                          964        NO
     900       2957.652              1.836                          978        NO
     950       2977.509              1.751                          983        NO
    1000       3154.203              1.762                          976        NO
    1050       3261.235              1.735                          985        NO
    1100       3297.513              1.675                          995        YES
Bootstopping test converged after 1100 trees


Execution log saved to: /home/gkettenburg/RAxML_tree/kobu_tree/T11.raxml.log

Analysis started: 12-Jun-2024 17:40:24 / finished: 12-Jun-2024 17:41:25

Elapsed time: 60.585 seconds

Consumed energy: 1.796 Wh

