ERROR: Unable to locate a modulefile for 'emacs/25.1'
ERROR: Unable to locate a modulefile for 'python/3.6'
ERROR: Unable to locate a modulefile for 'java/1.8.0_121'
ERROR: Unable to locate a modulefile for 'cmake/3.15.1'

RAxML-NG v. 1.1.0-master released on 22.06.2022 by The Exelixis Lab.
Developed by: Alexey M. Kozlov and Alexandros Stamatakis.
Contributors: Diego Darriba, Tomas Flouri, Benoit Morel, Sarah Lutteropp, Ben Bettisworth.
Latest version: https://github.com/amkozlov/raxml-ng
Questions/problems/suggestions? Please visit: https://groups.google.com/forum/#!forum/raxml

System: Intel(R) Xeon(R) CPU E5-2680 v4 @ 2.40GHz, 28 cores, 62 GB RAM

RAxML-NG was called at 31-May-2024 13:48:15 as follows:

raxml-ng-mpi --all --msa kunsagi_all_align.fasta --model TIM2+G4 --prefix T1 --seed 1 --threads auto{5} --bs-metric fbp,tbe

Analysis options:
  run mode: ML tree search + bootstrapping (Felsenstein Bootstrap + Transfer Bootstrap)
  start tree(s): random (10) + parsimony (10)
  bootstrap replicates: max: 1000 + bootstopping (autoMRE, cutoff: 0.030000)
  random seed: 1
  tip-inner: OFF
  pattern compression: ON
  per-rate scalers: OFF
  site repeats: ON
  branch lengths: proportional (ML estimate, algorithm: NR-FAST)
  SIMD kernels: AVX2
  parallelization: coarse-grained (auto), PTHREADS (auto)

[00:00:02] Reading alignment from file: kunsagi_all_align.fasta
[00:00:02] Loaded alignment with 8 taxa and 12121 sites

WARNING: Sequences NC_033818.1 and KX644936.1 are exactly identical!
WARNING: Sequences NC_034206.1 and KY670597.1 are exactly identical!
WARNING: Sequences NC_038317.1 and KC935379.1 are exactly identical!
WARNING: Duplicate sequences found: 3

NOTE: Reduced alignment (with duplicates and gap-only sites/taxa removed) 
NOTE: was saved to: /home/gkettenburg/RAxML_tree/kunsagi_tree/T1.raxml.reduced.phy

Alignment comprises 1 partitions and 1242 patterns

Partition 0: noname
Model: TIM2+G4m
Alignment sites / patterns: 12121 / 1242
Gaps: 35.42 %
Invariant sites: 50.70 %


NOTE: Binary MSA file created: T1.raxml.rba

Parallelization scheme autoconfig: 5 worker(s) x 1 thread(s)

Parallel reduction/worker buffer size: 1 KB  / 0 KB

[00:00:02] Generating 10 random starting tree(s) with 8 taxa
[00:00:02] Generating 10 parsimony starting tree(s) with 8 taxa
[00:00:02] Data distribution: max. partitions/sites/weight per thread: 1 / 1242 / 19872
[00:00:02] Data distribution: max. searches per worker: 204

Starting ML tree search with 20 distinct starting trees

[00:00:04] [worker #0] ML tree search #1, logLikelihood: -45872.862792
[00:00:04] [worker #4] ML tree search #5, logLikelihood: -45872.875569
[00:00:04] [worker #1] ML tree search #2, logLikelihood: -45872.855231
[00:00:04] [worker #2] ML tree search #3, logLikelihood: -45872.865078
[00:00:04] [worker #3] ML tree search #4, logLikelihood: -45872.867263
[00:00:05] [worker #1] ML tree search #7, logLikelihood: -45872.878593
[00:00:05] [worker #4] ML tree search #10, logLikelihood: -45872.864971
[00:00:05] [worker #1] ML tree search #12, logLikelihood: -45872.865076
[00:00:05] [worker #4] ML tree search #15, logLikelihood: -45872.881807
[00:00:06] [worker #0] ML tree search #6, logLikelihood: -45872.888629
[00:00:06] [worker #2] ML tree search #8, logLikelihood: -45872.857466
[00:00:06] [worker #3] ML tree search #9, logLikelihood: -45872.838435
[00:00:06] [worker #1] ML tree search #17, logLikelihood: -45872.880880
[00:00:06] [worker #4] ML tree search #20, logLikelihood: -45872.879297
[00:00:06] [worker #2] ML tree search #13, logLikelihood: -45872.874729
[00:00:06] [worker #0] ML tree search #11, logLikelihood: -45872.833015
[00:00:06] [worker #3] ML tree search #14, logLikelihood: -45872.876476
[00:00:07] [worker #2] ML tree search #18, logLikelihood: -45872.874668
[00:00:07] [worker #3] ML tree search #19, logLikelihood: -45872.877814
[00:00:07] [worker #0] ML tree search #16, logLikelihood: -45872.836808

[00:00:07] ML tree search completed, best tree logLH: -45872.833015

[00:00:07] Starting bootstrapping analysis with 1000 replicates.

[00:00:08] [worker #2] Bootstrap tree #3, logLikelihood: -46187.631918
[00:00:08] [worker #1] Bootstrap tree #2, logLikelihood: -45508.089865
[00:00:08] [worker #3] Bootstrap tree #4, logLikelihood: -46107.211892
[00:00:08] [worker #0] Bootstrap tree #1, logLikelihood: -45512.017147
[00:00:08] [worker #4] Bootstrap tree #5, logLikelihood: -46130.445973
[00:00:09] [worker #3] Bootstrap tree #9, logLikelihood: -45760.608691
[00:00:09] [worker #2] Bootstrap tree #8, logLikelihood: -45376.570574
[00:00:09] [worker #1] Bootstrap tree #7, logLikelihood: -45619.054511
[00:00:10] [worker #0] Bootstrap tree #6, logLikelihood: -45517.173538
[00:00:10] [worker #4] Bootstrap tree #10, logLikelihood: -45504.370523
[00:00:10] [worker #3] Bootstrap tree #14, logLikelihood: -45725.709724
[00:00:11] [worker #1] Bootstrap tree #12, logLikelihood: -45658.306933
[00:00:11] [worker #2] Bootstrap tree #13, logLikelihood: -45221.182135
[00:00:11] [worker #0] Bootstrap tree #11, logLikelihood: -46641.751785
[00:00:11] [worker #4] Bootstrap tree #15, logLikelihood: -46569.861719
[00:00:12] [worker #3] Bootstrap tree #19, logLikelihood: -46287.072522
[00:00:12] [worker #2] Bootstrap tree #18, logLikelihood: -46109.399400
[00:00:13] [worker #0] Bootstrap tree #16, logLikelihood: -45722.409939
[00:00:13] [worker #1] Bootstrap tree #17, logLikelihood: -46057.608507
[00:00:13] [worker #4] Bootstrap tree #20, logLikelihood: -45729.596391
[00:00:13] [worker #3] Bootstrap tree #24, logLikelihood: -45726.413335
[00:00:14] [worker #0] Bootstrap tree #21, logLikelihood: -45960.382528
[00:00:14] [worker #2] Bootstrap tree #23, logLikelihood: -46376.650921
[00:00:14] [worker #1] Bootstrap tree #22, logLikelihood: -45935.877530
[00:00:14] [worker #4] Bootstrap tree #25, logLikelihood: -46419.030284
[00:00:14] [worker #3] Bootstrap tree #29, logLikelihood: -45529.820831
[00:00:15] [worker #1] Bootstrap tree #27, logLikelihood: -45946.076502
[00:00:15] [worker #2] Bootstrap tree #28, logLikelihood: -45938.889983
[00:00:15] [worker #0] Bootstrap tree #26, logLikelihood: -45866.722516
[00:00:16] [worker #4] Bootstrap tree #30, logLikelihood: -45447.241861
[00:00:16] [worker #3] Bootstrap tree #34, logLikelihood: -46055.310076
[00:00:16] [worker #1] Bootstrap tree #32, logLikelihood: -45836.996725
[00:00:16] [worker #3] Bootstrap tree #39, logLikelihood: -45912.782426
[00:00:17] [worker #0] Bootstrap tree #31, logLikelihood: -45465.368789
[00:00:17] [worker #2] Bootstrap tree #33, logLikelihood: -46025.682811
[00:00:17] [worker #4] Bootstrap tree #35, logLikelihood: -45946.081686
[00:00:17] [worker #3] Bootstrap tree #44, logLikelihood: -45970.679728
[00:00:17] [worker #1] Bootstrap tree #37, logLikelihood: -46070.540648
[00:00:18] [worker #0] Bootstrap tree #36, logLikelihood: -46224.971862
[00:00:18] [worker #1] Bootstrap tree #42, logLikelihood: -46165.936374
[00:00:18] [worker #4] Bootstrap tree #40, logLikelihood: -45784.558575
[00:00:18] [worker #2] Bootstrap tree #38, logLikelihood: -46075.566725
[00:00:19] [worker #0] Bootstrap tree #41, logLikelihood: -45845.656951
[00:00:19] [worker #3] Bootstrap tree #49, logLikelihood: -45632.022934
[00:00:19] [worker #1] Bootstrap tree #47, logLikelihood: -45645.182845
[00:00:19] [worker #4] Bootstrap tree #45, logLikelihood: -46089.464816
[00:00:20] [worker #2] Bootstrap tree #43, logLikelihood: -45785.811023
[00:00:20] [worker #0] Bootstrap tree #46, logLikelihood: -45722.126990
[00:00:21] [worker #4] Bootstrap tree #50, logLikelihood: -45594.030533
[00:00:21] [worker #2] Bootstrap tree #48, logLikelihood: -45769.472287
[00:00:22] [worker #1] Bootstrap tree #52, logLikelihood: -46015.979262
[00:00:23] [worker #4] Bootstrap tree #55, logLikelihood: -45768.109747
[00:00:23] [worker #2] Bootstrap tree #53, logLikelihood: -46167.311974
[00:00:23] [worker #3] Bootstrap tree #54, logLikelihood: -46081.292923
[00:00:23] [worker #0] Bootstrap tree #51, logLikelihood: -45699.604056
[00:00:24] [worker #1] Bootstrap tree #57, logLikelihood: -45532.374971
[00:00:24] [worker #3] Bootstrap tree #59, logLikelihood: -45814.418580
[00:00:24] [worker #2] Bootstrap tree #58, logLikelihood: -46110.507168
[00:00:24] [worker #4] Bootstrap tree #60, logLikelihood: -45657.811055
[00:00:24] [worker #0] Bootstrap tree #56, logLikelihood: -45969.415547
[00:00:25] [worker #3] Bootstrap tree #64, logLikelihood: -46075.559381
[00:00:25] [worker #2] Bootstrap tree #63, logLikelihood: -46206.190899
[00:00:25] [worker #1] Bootstrap tree #62, logLikelihood: -45526.330040
[00:00:25] [worker #0] Bootstrap tree #61, logLikelihood: -45914.226997
[00:00:25] [worker #4] Bootstrap tree #65, logLikelihood: -46523.128250
[00:00:26] [worker #0] Bootstrap tree #66, logLikelihood: -46198.070430
[00:00:26] [worker #1] Bootstrap tree #67, logLikelihood: -46207.317575
[00:00:26] [worker #2] Bootstrap tree #68, logLikelihood: -45936.272661
[00:00:26] [worker #3] Bootstrap tree #69, logLikelihood: -45380.206195
[00:00:27] [worker #4] Bootstrap tree #70, logLikelihood: -45797.361301
[00:00:27] [worker #1] Bootstrap tree #72, logLikelihood: -46036.307778
[00:00:27] [worker #0] Bootstrap tree #71, logLikelihood: -45714.563203
[00:00:28] [worker #4] Bootstrap tree #75, logLikelihood: -46562.300772
[00:00:28] [worker #2] Bootstrap tree #73, logLikelihood: -46062.895738
[00:00:28] [worker #3] Bootstrap tree #74, logLikelihood: -45656.102018
[00:00:29] [worker #4] Bootstrap tree #80, logLikelihood: -45786.063332
[00:00:29] [worker #3] Bootstrap tree #79, logLikelihood: -46224.458288
[00:00:29] [worker #1] Bootstrap tree #77, logLikelihood: -45704.933766
[00:00:29] [worker #0] Bootstrap tree #76, logLikelihood: -45723.367434
[00:00:29] [worker #2] Bootstrap tree #78, logLikelihood: -46032.488880
[00:00:30] [worker #3] Bootstrap tree #84, logLikelihood: -45679.934062
[00:00:30] [worker #1] Bootstrap tree #82, logLikelihood: -45690.846542
[00:00:30] [worker #4] Bootstrap tree #85, logLikelihood: -45528.783288
[00:00:30] [worker #0] Bootstrap tree #81, logLikelihood: -45880.425594
[00:00:31] [worker #2] Bootstrap tree #83, logLikelihood: -46109.448781
[00:00:31] [worker #3] Bootstrap tree #89, logLikelihood: -45506.244014
[00:00:31] [worker #1] Bootstrap tree #87, logLikelihood: -45912.598523
[00:00:32] [worker #4] Bootstrap tree #90, logLikelihood: -45853.257319
[00:00:32] [worker #0] Bootstrap tree #86, logLikelihood: -45772.313605
[00:00:32] [worker #2] Bootstrap tree #88, logLikelihood: -46079.337219
[00:00:33] [worker #1] Bootstrap tree #92, logLikelihood: -45198.404641
[00:00:33] [worker #3] Bootstrap tree #94, logLikelihood: -45324.831233
[00:00:33] [worker #4] Bootstrap tree #95, logLikelihood: -46097.174079
[00:00:33] [worker #2] Bootstrap tree #93, logLikelihood: -45593.694038
[00:00:33] [worker #0] Bootstrap tree #91, logLikelihood: -46130.047237
[00:00:34] [worker #1] Bootstrap tree #97, logLikelihood: -45498.199043
[00:00:34] [worker #0] Bootstrap tree #96, logLikelihood: -45649.520266
[00:00:34] [worker #3] Bootstrap tree #99, logLikelihood: -45826.343184
[00:00:34] [worker #4] Bootstrap tree #100, logLikelihood: -46107.262763
[00:00:34] [worker #2] Bootstrap tree #98, logLikelihood: -45836.229397
[00:00:34] Bootstrapping converged after 100 replicates.

Optimized model parameters:

   Partition 0: noname
   Rate heterogeneity: GAMMA (4 cats, mean),  alpha: 1.785581 (ML),  weights&rates: (0.250000,0.266263) (0.250000,0.630087) (0.250000,1.063566) (0.250000,2.040084) 
   Base frequencies (model): 0.250000 0.250000 0.250000 0.250000 
   Substitution rates (ML): 1.454272 3.570201 1.454272 1.000000 4.180953 1.000000 


Final LogLikelihood: -45872.833015

AIC score: 91779.666029 / AICc score: 91779.716595 / BIC score: 91905.511840
Free parameters (model + branch lengths): 17

Best ML tree saved to: /home/gkettenburg/RAxML_tree/kunsagi_tree/T1.raxml.bestTree
All ML trees saved to: /home/gkettenburg/RAxML_tree/kunsagi_tree/T1.raxml.mlTrees
Best ML tree with Felsenstein bootstrap (FBP) support values saved to: /home/gkettenburg/RAxML_tree/kunsagi_tree/T1.raxml.supportFBP
Best ML tree with Transfer bootstrap (TBE) support values saved to: /home/gkettenburg/RAxML_tree/kunsagi_tree/T1.raxml.supportTBE
Optimized model saved to: /home/gkettenburg/RAxML_tree/kunsagi_tree/T1.raxml.bestModel
Bootstrap trees saved to: /home/gkettenburg/RAxML_tree/kunsagi_tree/T1.raxml.bootstraps

Execution log saved to: /home/gkettenburg/RAxML_tree/kunsagi_tree/T1.raxml.log

Analysis started: 31-May-2024 13:48:15 / finished: 31-May-2024 13:48:50

Elapsed time: 34.665 seconds

Consumed energy: 1.362 Wh

