IQ-TREE multicore version 1.6.12 for Mac OS X 64-bit built Aug 15 2019
Developed by Bui Quang Minh, Nguyen Lam Tung, Olga Chernomor,
Heiko Schmidt, Dominik Schrempf, Michael Woodhams.

Host:    Gwenddolens-MacBook-Air.local (SSE4.2, 16 GB RAM)
Command: bin/iqtree -s bat_viruses_align.fasta -bb 1000
Seed:    786298 (Using SPRNG - Scalable Parallel Random Number Generator)
Time:    Sun Jun 22 12:56:18 2025
Kernel:  SSE2 - 1 threads (10 CPU cores detected)

HINT: Use -nt option to specify number of threads because your CPU has 10 cores!
HINT: -nt AUTO will automatically determine the best number of threads to use.

Reading alignment file bat_viruses_align.fasta ... Fasta format detected
Alignment most likely contains DNA/RNA sequences
WARNING: 3 sites contain only gaps or ambiguous characters.
Alignment has 70 sequences with 15650 columns, 11359 distinct patterns
9967 parsimony-informative, 1183 singleton sites, 4500 constant sites
             Gap/Ambiguity  Composition  p-value
   1  NC_001547.1   25.22%    failed      0.00%
   2  PP766467      76.96%    failed      0.25%
   3  KJ641691.1    53.49%    failed      0.00%
   4  OR951280.1    51.81%    failed      0.00%
   5  OP287812.1    47.20%    failed      0.00%
   6  OQ818322.1    46.46%    failed      0.00%
   7  PP766456      47.42%    failed      0.00%
   8  OR951211.1    55.83%    failed      0.00%
   9  MG888045.1    55.52%    failed      0.00%
  10  NC_043072.1   56.20%    failed      0.00%
  11  NC_034381.1   45.89%    failed      0.00%
  12  OQ818316      49.00%    failed      0.00%
  13  NC_026470.1   48.27%    failed      0.00%
  14  NC_033820.1   50.50%    failed      0.00%
  15  OQ818320      50.89%    failed      0.00%
  16  OQ818344      86.36%    failed      0.00%
  17  PP711943.1    50.12%    failed      0.00%
  18  PP711921.1    56.08%    failed      0.00%
  19  OQ818321      50.47%    failed      0.00%
  20  OR951325.1    53.00%    failed      0.01%
  21  OR951332.1    53.26%    failed      0.00%
  22  PP711911.1    50.68%    failed      0.00%
  23  OQ818329      50.71%    failed      0.00%
  24  PP711909.1    52.10%    passed      8.25%
  25  PP711930.1    50.84%    passed     11.85%
  26  PP711928.1    55.67%    failed      0.05%
  27  PP711912.1    50.99%    failed      3.38%
  28  PP711913.1    51.37%    passed     23.15%
  29  PP711945.1    50.22%    failed      2.62%
  30  OQ818325      53.48%    failed      1.00%
  31  OQ818328      51.35%    passed      6.29%
  32  PP766469      51.99%    failed      0.01%
  33  PV788825      51.01%    failed      0.01%
  34  PP711946.1    50.49%    failed      0.00%
  35  PP745912.1    54.59%    failed      0.00%
  36  PP746000.1    54.84%    failed      0.00%
  37  OR951324.1    57.66%    failed      0.00%
  38  OR951333.1    57.29%    failed      0.00%
  39  PP711948.1    55.57%    failed      0.00%
  40  OQ818318      54.73%    failed      0.00%
  41  PP711934.1    55.97%    failed      0.00%
  42  OQ818323      53.39%    failed      0.00%
  43  OQ818324      53.81%    failed      0.00%
  44  PV788826      55.37%    failed      0.00%
  45  KX420952.1    52.30%    failed      0.00%
  46  OR867083.1    52.61%    failed      0.00%
  47  NC_028366.1   53.14%    failed      0.00%
  48  OQ818337      63.04%    failed      0.00%
  49  PP766457      53.12%    failed      0.00%
  50  PP766455      53.45%    failed      0.00%
  51  NC_038313.1   51.63%    failed      0.00%
  52  NC_033818.1   54.69%    failed      0.00%
  53  OQ818317      53.17%    failed      0.00%
  54  KX759618.1    57.02%    failed      0.00%
  55  KX759621.1    52.31%    failed      0.00%
  56  KX759620.1    52.24%    failed      0.32%
  57  NC_033776.1   52.24%    failed      0.32%
  58  KX759622.1    52.24%    failed      0.34%
  59  KX759619.1    60.55%    failed      0.11%
  60  OQ818319      59.25%    failed      0.00%
  61  PP766459      52.51%    failed      0.00%
  62  PP766460      87.14%    failed      0.09%
  63  OP963623.1    52.75%    failed      0.00%
  64  PP712001.1    52.59%    failed      0.00%
  65  PP712004.1    52.47%    failed      0.00%
  66  PP712015.1    52.58%    failed      0.00%
  67  OQ709197.1    56.13%    failed      0.02%
  68  PV788824      53.90%    failed      0.00%
  69  PP712008.1    54.29%    failed      0.00%
  70  NC_017936.1   50.82%    failed      0.00%
WARNING: 63 sequences contain more than 50% gaps/ambiguity
****  TOTAL         53.89%  66 sequences failed composition chi2 test (p-value<5%; df=3)
NOTE: NC_033776.1 is identical to KX759620.1 but kept for subsequent analysis


Create initial parsimony tree by phylogenetic likelihood library (PLL)... 0.033 seconds
NOTE: ModelFinder requires 301 MB RAM!
ModelFinder will test 286 DNA models (sample size: 15650) ...
 No. Model         -LnL         df  AIC          AICc         BIC
  1  JC            385898.454   137 772070.907   772073.345   773120.084
  2  JC+I          385615.344   138 771506.688   771509.161   772563.523
  3  JC+G4         376690.374   138 753656.747   753659.221   754713.582
  4  JC+I+G4       376668.619   139 753615.238   753617.747   754679.731
  5  JC+R2         377804.698   139 755887.395   755889.904   756951.888
  6  JC+R3         376730.125   141 753742.251   753744.833   754822.061
  7  JC+R4         376522.245   143 753330.490   753333.146   754425.616
  8  JC+R5         376492.733   145 753275.466   753278.196   754385.908
  9  JC+R6         376487.743   147 753269.486   753272.293   754395.245
 14  F81+F         385664.475   140 771608.949   771611.495   772681.101
 15  F81+F+I       385387.535   141 771057.071   771059.653   772136.881
 16  F81+F+G4      376267.119   141 752816.239   752818.821   753896.049
 17  F81+F+I+G4    376247.836   142 752779.671   752782.290   753867.139
 18  F81+F+R2      377407.030   142 755098.059   755100.678   756185.527
 19  F81+F+R3      376304.673   144 752897.346   752900.040   754000.131
 20  F81+F+R4      376093.299   146 752478.598   752481.367   753596.699
 21  F81+F+R5      376062.871   148 752421.741   752424.586   753555.159
 22  F81+F+R6      376057.857   150 752415.714   752418.637   753564.448
 27  K2P           381631.805   138 763539.610   763542.084   764596.446
 28  K2P+I         381341.933   139 762961.866   762964.375   764026.359
 29  K2P+G4        371971.666   139 744221.332   744223.842   745285.826
 30  K2P+I+G4      371949.748   140 744179.497   744182.043   745251.649
 31  K2P+R2        373196.171   140 746672.342   746674.888   747744.494
 32  K2P+R3        372024.396   142 744332.791   744335.410   745420.259
 33  K2P+R4        371775.933   144 743839.865   743842.559   744942.650
 34  K2P+R5        371743.939   146 743779.878   743782.647   744897.979
 35  K2P+R6        371735.119   148 743766.237   743769.082   744899.655
 40  HKY+F         381285.722   141 762853.445   762856.027   763933.255
 41  HKY+F+I       381003.822   142 762291.643   762294.262   763379.111
 42  HKY+F+G4      371420.684   142 743125.369   743127.988   744212.837
 43  HKY+F+I+G4    371401.961   143 743089.921   743092.577   744185.048
 44  HKY+F+R2      372683.475   143 745652.949   745655.605   746748.076
 45  HKY+F+R3      371470.856   145 743231.713   743234.443   744342.155
 46  HKY+F+R4      371216.531   147 742727.063   742729.870   743852.822
 47  HKY+F+R5      371183.310   149 742664.621   742667.505   743805.696
 48  HKY+F+R6      371173.442   151 742648.885   742651.846   743805.277
 49  HKY+F+R7      371165.077   153 742636.154   742639.195   743807.863
 53  TNe           381486.808   139 763251.616   763254.125   764316.110
 54  TNe+I         381189.925   140 762659.850   762662.396   763732.002
 55  TNe+G4        371847.986   140 743975.972   743978.517   745048.123
 56  TNe+I+G4      371824.081   141 743930.163   743932.745   745009.973
 57  TNe+R2        373108.818   141 746499.635   746502.217   747579.445
 58  TNe+R3        371897.155   143 744080.311   744082.967   745175.437
 59  TNe+R4        371654.999   145 743599.999   743602.730   744710.441
 60  TNe+R5        371621.879   147 743537.758   743540.565   744663.517
 61  TNe+R6        371612.502   149 743523.004   743525.888   744664.080
 66  TN+F          381188.301   142 762660.601   762663.220   763748.069
 67  TN+F+I        380900.811   143 762087.623   762090.279   763182.749
 68  TN+F+G4       371346.352   143 742978.703   742981.359   744073.830
 69  TN+F+I+G4     371326.112   144 742940.223   742942.916   744043.008
 70  TN+F+R2       372634.383   144 745556.765   745559.458   746659.550
 71  TN+F+R3       371393.937   146 743079.874   743082.643   744197.975
 72  TN+F+R4       371145.639   148 742587.278   742590.123   743720.695
 73  TN+F+R5       371111.846   150 742523.691   742526.614   743672.425
 74  TN+F+R6       371101.907   152 742507.813   742510.815   743671.864
 75  TN+F+R7       371093.536   154 742495.073   742498.154   743674.440
 79  K3P           381630.947   139 763539.893   763542.403   764604.387
 80  K3P+I         381341.061   140 762962.123   762964.668   764034.274
 81  K3P+G4        371971.677   140 744223.354   744225.900   745295.506
 82  K3P+I+G4      371949.732   141 744181.463   744184.045   745261.273
 83  K3P+R2        373196.004   141 746674.008   746676.590   747753.817
 84  K3P+R3        372024.379   143 744334.758   744337.414   745429.885
 85  K3P+R4        371774.117   145 743838.234   743840.965   744948.677
 86  K3P+R5        371743.074   147 743780.149   743782.956   744905.908
 87  K3P+R6        371733.838   149 743765.677   743768.561   744906.753
 92  K3Pu+F        381285.380   142 762854.760   762857.379   763942.229
 93  K3Pu+F+I      381003.532   143 762293.064   762295.720   763388.191
 94  K3Pu+F+G4     371419.095   143 743124.190   743126.846   744219.316
 95  K3Pu+F+I+G4   371400.338   144 743088.676   743091.369   744191.460
 96  K3Pu+F+R2     372682.482   144 745652.963   745655.657   746755.748
 97  K3Pu+F+R3     371469.122   146 743230.243   743233.012   744348.344
 98  K3Pu+F+R4     371212.891   148 742721.783   742724.628   743855.200
 99  K3Pu+F+R5     371180.550   150 742661.100   742664.022   743809.833
100  K3Pu+F+R6     371170.520   152 742645.039   742648.041   743809.090
101  K3Pu+F+R7     371162.246   154 742632.491   742635.572   743811.858
105  TPM2+F        380710.312   142 761704.624   761707.243   762792.093
106  TPM2+F+I      380419.451   143 761124.902   761127.558   762220.028
107  TPM2+F+G4     370859.155   143 742004.311   742006.967   743099.437
108  TPM2+F+I+G4   370836.694   144 741961.388   741964.082   743064.173
109  TPM2+F+R2     372086.581   144 744461.162   744463.855   745563.947
110  TPM2+F+R3     370910.865   146 742113.731   742116.499   743231.832
111  TPM2+F+R4     370666.198   148 741628.396   741631.241   742761.814
112  TPM2+F+R5     370633.922   150 741567.844   741570.767   742716.578
113  TPM2+F+R6     370624.441   152 741552.883   741555.884   742716.933
118  TPM2u+F       380710.314   142 761704.627   761707.246   762792.096
119  TPM2u+F+I     380419.453   143 761124.905   761127.561   762220.031
120  TPM2u+F+G4    370859.157   143 742004.313   742006.969   743099.440
121  TPM2u+F+I+G4  370836.714   144 741961.429   741964.122   743064.214
122  TPM2u+F+R2    372086.564   144 744461.127   744463.821   745563.912
123  TPM2u+F+R3    370910.854   146 742113.708   742116.477   743231.809
124  TPM2u+F+R4    370666.080   148 741628.160   741631.005   742761.578
125  TPM2u+F+R5    370633.871   150 741567.743   741570.665   742716.476
126  TPM2u+F+R6    370624.387   152 741552.774   741555.776   742716.825
131  TPM3+F        381268.812   142 762821.624   762824.243   763909.092
132  TPM3+F+I      380988.948   143 762263.896   762266.552   763359.022
133  TPM3+F+G4     371371.421   143 743028.842   743031.498   744123.968
134  TPM3+F+I+G4   371353.813   144 742995.626   742998.320   744098.411
135  TPM3+F+R2     372638.440   144 745564.880   745567.573   746667.664
136  TPM3+F+R3     371419.130   146 743130.260   743133.029   744248.361
137  TPM3+F+R4     371162.715   148 742621.430   742624.275   743754.847
138  TPM3+F+R5     371130.501   150 742561.002   742563.925   743709.736
139  TPM3+F+R6     371120.417   152 742544.834   742547.835   743708.884
140  TPM3+F+R7     371112.085   154 742532.169   742535.250   743711.536
144  TPM3u+F       381268.812   142 762821.623   762824.242   763909.092
145  TPM3u+F+I     380988.948   143 762263.895   762266.551   763359.021
146  TPM3u+F+G4    371371.420   143 743028.841   743031.497   744123.967
147  TPM3u+F+I+G4  371353.811   144 742995.621   742998.315   744098.406
148  TPM3u+F+R2    372638.443   144 745564.886   745567.579   746667.671
149  TPM3u+F+R3    371419.142   146 743130.284   743133.053   744248.385
150  TPM3u+F+R4    371162.537   148 742621.074   742623.919   743754.492
151  TPM3u+F+R5    371130.441   150 742560.882   742563.805   743709.616
152  TPM3u+F+R6    371120.342   152 742544.684   742547.685   743708.734
153  TPM3u+F+R7    371111.934   154 742531.867   742534.948   743711.234
157  TIMe          381486.037   140 763252.073   763254.619   764324.225
158  TIMe+I        381189.121   141 762660.243   762662.825   763740.053
159  TIMe+G4       371848.087   141 743978.174   743980.756   745057.983
160  TIMe+I+G4     371824.103   142 743932.205   743934.824   745019.673
161  TIMe+R2       373108.672   142 746501.344   746503.963   747588.813
162  TIMe+R3       371897.093   144 744082.186   744084.879   745184.971
163  TIMe+R4       371653.076   146 743598.152   743600.921   744716.253
164  TIMe+R5       371621.650   148 743539.300   743542.146   744672.718
165  TIMe+R6       371612.055   150 743524.110   743527.032   744672.844
170  TIM+F         381187.973   143 762661.946   762664.602   763757.072
171  TIM+F+I       380900.522   144 762089.045   762091.738   763191.829
172  TIM+F+G4      371344.933   144 742977.866   742980.559   744080.650
173  TIM+F+I+G4    371324.581   145 742939.162   742941.893   744049.605
174  TIM+F+R2      372633.451   145 745556.902   745559.633   746667.345
175  TIM+F+R3      371392.288   147 743078.577   743081.384   744204.336
176  TIM+F+R4      371142.233   149 742582.465   742585.349   743723.541
177  TIM+F+R5      371109.450   151 742520.900   742523.862   743677.292
178  TIM+F+R6      371099.115   153 742504.231   742507.272   743675.939
179  TIM+F+R7      371090.730   155 742491.460   742494.581   743678.485
183  TIM2e         380585.386   140 761450.773   761453.318   762522.924
184  TIM2e+I       380279.147   141 760840.294   760842.876   761920.104
185  TIM2e+G4      370937.713   141 742157.426   742160.008   743237.236
186  TIM2e+I+G4    370909.662   142 742103.325   742105.944   743190.793
187  TIM2e+R2      372153.586   142 744591.172   744593.791   745678.640
188  TIM2e+R3      370993.994   144 742275.989   742278.682   743378.774
189  TIM2e+R4      370751.503   146 741795.006   741797.775   742913.107
190  TIM2e+R5      370722.358   148 741740.715   741743.561   742874.133
191  TIM2e+R6      370713.116   150 741726.232   741729.155   742874.966
196  TIM2+F        380628.845   143 761543.690   761546.346   762638.817
197  TIM2+F+I      380333.098   144 760954.197   760956.890   762056.981
198  TIM2+F+G4     370793.189   144 741874.377   741877.071   742977.162
199  TIM2+F+I+G4   370769.511   145 741829.023   741831.754   742939.466
200  TIM2+F+R2     372045.175   145 744380.350   744383.081   745490.793
201  TIM2+F+R3     370843.279   147 741980.559   741983.365   743106.318
202  TIM2+F+R4     370600.976   149 741499.952   741502.836   742641.028
203  TIM2+F+R5     370569.359   151 741440.718   741443.680   742597.111
204  TIM2+F+R6     370559.454   153 741424.908   741427.949   742596.617
205  TIM2+F+R7     370551.285   155 741412.570   741415.691   742599.595
209  TIM3e         381479.713   140 763239.426   763241.972   764311.578
210  TIM3e+I       381181.348   141 762644.696   762647.278   763724.506
211  TIM3e+G4      371847.962   141 743977.923   743980.505   745057.733
212  TIM3e+I+G4    371824.031   142 743932.062   743934.681   745019.530
213  TIM3e+R2      373108.806   142 746501.611   746504.230   747589.080
214  TIM3e+R3      371896.852   144 744081.704   744084.398   745184.489
215  TIM3e+R4      371652.544   146 743597.087   743599.856   744715.188
216  TIM3e+R5      371621.408   148 743538.817   743541.662   744672.234
217  TIM3e+R6      371611.789   150 743523.578   743526.501   744672.312
222  TIM3+F        381171.681   143 762629.363   762632.019   763724.489
223  TIM3+F+I      380886.253   144 762060.507   762063.200   763163.291
224  TIM3+F+G4     371295.819   144 742879.638   742882.331   743982.422
225  TIM3+F+I+G4   371276.760   145 742843.521   742846.252   743953.964
226  TIM3+F+R2     372588.624   145 745467.248   745469.979   746577.691
227  TIM3+F+R3     371341.103   147 742976.206   742979.012   744101.965
228  TIM3+F+R4     371091.187   149 742480.373   742483.257   743621.449
229  TIM3+F+R5     371058.726   151 742419.451   742422.413   743575.843
230  TIM3+F+R6     371048.064   153 742402.128   742405.169   743573.836
231  TIM3+F+R7     371039.548   155 742389.096   742392.217   743576.121
235  TVMe          380697.262   141 761676.524   761679.106   762756.333
236  TVMe+I        380395.464   142 761074.928   761077.547   762162.396
237  TVMe+G4       371040.796   142 742365.592   742368.211   743453.061
238  TVMe+I+G4     371014.354   143 742314.708   742317.364   743409.834
239  TVMe+R2       372224.054   143 744734.108   744736.764   745829.234
240  TVMe+R3       371098.925   145 742487.850   742490.581   743598.292
241  TVMe+R4       370853.808   147 742001.616   742004.423   743127.375
242  TVMe+R5       370824.901   149 741947.801   741950.685   743088.877
243  TVMe+R6       370816.032   151 741934.064   741937.026   743090.456
248  TVM+F         380688.579   144 761665.157   761667.850   762767.942
249  TVM+F+I       380399.680   145 761089.360   761092.091   762199.803
250  TVM+F+G4      370806.258   145 741902.516   741905.247   743012.959
251  TVM+F+I+G4    370784.860   146 741861.720   741864.489   742979.821
252  TVM+F+R2      372037.797   146 744367.594   744370.363   745485.695
253  TVM+F+R3      370855.132   148 742006.265   742009.110   743139.682
254  TVM+F+R4      370609.131   150 741518.262   741521.185   742666.996
255  TVM+F+R5      370577.490   152 741458.980   741461.982   742623.031
256  TVM+F+R6      370567.568   154 741443.136   741446.217   742622.503
257  TVM+F+R7      370559.421   156 741430.842   741434.004   742625.525
261  SYM           380572.196   142 761428.392   761431.011   762515.860
262  SYM+I         380264.159   143 760814.317   760816.973   761909.444
263  SYM+G4        370934.897   143 742155.794   742158.450   743250.920
264  SYM+I+G4      370906.800   144 742101.600   742104.294   743204.385
265  SYM+R2        372150.628   144 744589.256   744591.950   745692.041
266  SYM+R3        370990.932   146 742273.864   742276.633   743391.966
267  SYM+R4        370747.467   148 741790.934   741793.779   742924.351
268  SYM+R5        370718.964   150 741737.928   741740.851   742886.662
269  SYM+R6        370709.645   152 741723.290   741726.292   742887.341
274  GTR+F         380607.452   145 761504.903   761507.634   762615.346
275  GTR+F+I       380313.639   146 760919.277   760922.046   762037.378
276  GTR+F+G4      370738.953   146 741769.907   741772.675   742888.008
277  GTR+F+I+G4    370716.481   147 741726.962   741729.769   742852.721
278  GTR+F+R2      371995.799   147 744285.598   744288.404   745411.357
279  GTR+F+R3      370786.460   149 741870.921   741873.805   743011.996
280  GTR+F+R4      370543.887   151 741389.775   741392.737   742546.167
281  GTR+F+R5      370512.114   153 741330.228   741333.269   742501.936
282  GTR+F+R6      370501.781   155 741313.562   741316.683   742500.587
283  GTR+F+R7      370493.449   157 741300.897   741304.100   742503.239
Akaike Information Criterion:           GTR+F+R7
Corrected Akaike Information Criterion: GTR+F+R7
Bayesian Information Criterion:         GTR+F+R6
Best-fit model: GTR+F+R6 chosen according to BIC

All model information printed to bat_viruses_align.fasta.model.gz
CPU time for ModelFinder: 739.955 seconds (0h:12m:19s)
Wall-clock time for ModelFinder: 745.040 seconds (0h:12m:25s)
Generating 1000 samples for ultrafast bootstrap (seed: 786298)...

NOTE: 198 MB RAM (0 GB) is required!
Estimate model parameters (epsilon = 0.100)
1. Initial log-likelihood: -376901.643
2. Current log-likelihood: -370555.602
3. Current log-likelihood: -370506.236
4. Current log-likelihood: -370505.003
5. Current log-likelihood: -370504.510
6. Current log-likelihood: -370504.018
7. Current log-likelihood: -370503.631
8. Current log-likelihood: -370503.193
9. Current log-likelihood: -370502.883
10. Current log-likelihood: -370502.706
11. Current log-likelihood: -370502.439
12. Current log-likelihood: -370502.299
13. Current log-likelihood: -370502.146
14. Current log-likelihood: -370502.005
15. Current log-likelihood: -370501.864
16. Current log-likelihood: -370501.744
17. Current log-likelihood: -370501.621
18. Current log-likelihood: -370501.518
19. Current log-likelihood: -370501.415
Optimal log-likelihood: -370501.262
Rate parameters:  A-C: 1.84684  A-G: 3.06849  A-T: 1.53028  C-G: 1.09023  C-T: 3.58684  G-T: 1.00000
Base frequencies:  A: 0.263  C: 0.233  G: 0.227  T: 0.276
Site proportion and rates:  (0.078,0.151) (0.204,0.378) (0.199,0.586) (0.208,0.896) (0.197,1.514) (0.113,2.747)
Parameters optimization took 19 rounds (49.645 sec)
Computing ML distances based on estimated model parameters... 0.287 sec
Computing BIONJ tree...
0.002 seconds
Log-likelihood of BIONJ tree: -370821.365
--------------------------------------------------------------------
|             INITIALIZING CANDIDATE TREE SET                      |
--------------------------------------------------------------------
Generating 98 parsimony trees... 3.361 second
Computing log-likelihood of 98 initial trees ... 32.522 seconds
Current best score: -370501.262

Do NNI search on 20 best initial trees
Estimate model parameters (epsilon = 0.100)
BETTER TREE FOUND at iteration 1: -370467.613
Estimate model parameters (epsilon = 0.100)
BETTER TREE FOUND at iteration 4: -370462.564
Iteration 10 / LogL: -370472.573 / Time: 0h:1m:57s
Iteration 20 / LogL: -370466.289 / Time: 0h:2m:34s
Finish initializing candidate tree set (5)
Current best tree score: -370462.564 / CPU time: 103.037
Number of iterations: 20
--------------------------------------------------------------------
|               OPTIMIZING CANDIDATE TREE SET                      |
--------------------------------------------------------------------
Iteration 30 / LogL: -370462.950 / Time: 0h:3m:13s (0h:8m:14s left)
Iteration 40 / LogL: -370463.587 / Time: 0h:3m:53s (0h:6m:23s left)
Iteration 50 / LogL: -370464.407 / Time: 0h:4m:33s (0h:5m:1s left)
Log-likelihood cutoff on original alignment: -370509.581
Iteration 60 / LogL: -370476.058 / Time: 0h:5m:12s (0h:3m:53s left)
Iteration 70 / LogL: -370468.811 / Time: 0h:5m:51s (0h:2m:52s left)
Iteration 80 / LogL: -370465.698 / Time: 0h:6m:28s (0h:1m:57s left)
Iteration 90 / LogL: -370463.694 / Time: 0h:7m:8s (0h:1m:7s left)
Iteration 100 / LogL: -370463.008 / Time: 0h:7m:48s (0h:0m:18s left)
Log-likelihood cutoff on original alignment: -370511.485
NOTE: Bootstrap correlation coefficient of split occurrence frequencies: 1.000
TREE SEARCH COMPLETED AFTER 105 ITERATIONS / Time: 0h:8m:7s

--------------------------------------------------------------------
|                    FINALIZING TREE SEARCH                        |
--------------------------------------------------------------------
Performs final model parameters optimization
Estimate model parameters (epsilon = 0.010)
1. Initial log-likelihood: -370462.564
2. Current log-likelihood: -370462.490
3. Current log-likelihood: -370462.387
4. Current log-likelihood: -370462.304
5. Current log-likelihood: -370462.227
6. Current log-likelihood: -370462.163
7. Current log-likelihood: -370462.112
8. Current log-likelihood: -370462.064
9. Current log-likelihood: -370462.021
10. Current log-likelihood: -370461.973
11. Current log-likelihood: -370461.938
12. Current log-likelihood: -370461.906
13. Current log-likelihood: -370461.877
14. Current log-likelihood: -370461.860
15. Current log-likelihood: -370461.825
16. Current log-likelihood: -370461.812
17. Current log-likelihood: -370461.798
18. Current log-likelihood: -370461.783
19. Current log-likelihood: -370461.771
20. Current log-likelihood: -370461.757
21. Current log-likelihood: -370461.746
22. Current log-likelihood: -370461.735
23. Current log-likelihood: -370461.725
Optimal log-likelihood: -370461.711
Rate parameters:  A-C: 1.84223  A-G: 3.06614  A-T: 1.52800  C-G: 1.08599  C-T: 3.58122  G-T: 1.00000
Base frequencies:  A: 0.263  C: 0.233  G: 0.227  T: 0.276
Site proportion and rates:  (0.084,0.156) (0.221,0.391) (0.191,0.606) (0.211,0.927) (0.193,1.576) (0.100,2.841)
Parameters optimization took 23 rounds (40.652 sec)
BEST SCORE FOUND : -370461.711
Creating bootstrap support values...
Split supports printed to NEXUS file bat_viruses_align.fasta.splits.nex
Total tree length: 25.113

Total number of iterations: 105
CPU time used for tree search: 435.173 sec (0h:7m:15s)
Wall-clock time used for tree search: 435.873 sec (0h:7m:15s)
Total CPU time used: 526.895 sec (0h:8m:46s)
Total wall-clock time used: 527.987 sec (0h:8m:47s)

Computing bootstrap consensus tree...
Reading input file bat_viruses_align.fasta.splits.nex...
70 taxa and 173 splits.
Consensus tree written to bat_viruses_align.fasta.contree
Reading input trees file bat_viruses_align.fasta.contree
Log-likelihood of consensus tree: -370461.740

Analysis results written to: 
  IQ-TREE report:                bat_viruses_align.fasta.iqtree
  Maximum-likelihood tree:       bat_viruses_align.fasta.treefile
  Likelihood distances:          bat_viruses_align.fasta.mldist

Ultrafast bootstrap approximation results written to:
  Split support values:          bat_viruses_align.fasta.splits.nex
  Consensus tree:                bat_viruses_align.fasta.contree
  Screen log file:               bat_viruses_align.fasta.log

Date and Time: Sun Jun 22 13:17:34 2025
