
RAxML-NG v. 1.1.0-master released on 22.06.2022 by The Exelixis Lab.
Developed by: Alexey M. Kozlov and Alexandros Stamatakis.
Contributors: Diego Darriba, Tomas Flouri, Benoit Morel, Sarah Lutteropp, Ben Bettisworth.
Latest version: https://github.com/amkozlov/raxml-ng
Questions/problems/suggestions? Please visit: https://groups.google.com/forum/#!forum/raxml

System: Intel(R) Xeon(R) CPU E5-2680 v4 @ 2.40GHz, 28 cores, 251 GB RAM

RAxML-NG was called at 09-Aug-2023 11:35:29 as follows:

raxml-ng-mpi --bsconverge --bs-trees allbootstraps1 --prefix T100 --seed 2 --threads 1 --bs-cutoff 0.01

Analysis options:
  run mode: A posteriori bootstrap convergence test
  start tree(s): 
  random seed: 2
  SIMD kernels: AVX2
  parallelization: coarse-grained (auto), NONE/sequential

Reading bootstrap trees from file: allbootstraps1
Loaded 233 trees with 408 taxa.

Performing bootstrap convergence assessment using autoMRE criterion

 # trees        avg WRF       avg WRF in %       # perms: wrf <= 1.00 %     converged?  
      50        637.444              3.160                            0        NO
     100        853.851              2.111                            0        NO
     150        990.965              1.631                           18        NO
     200       1210.728              1.495                           22        NO
     233       1400.498              1.484                           16        NO
Bootstopping test did not converge after 233 trees


Execution log saved to: /home/gkettenburg/RAxML_tree/raxml_trees/picornavirales_full/T100.raxml.log

Analysis started: 09-Aug-2023 11:35:29 / finished: 09-Aug-2023 11:35:42

Elapsed time: 13.207 seconds

Consumed energy: 0.341 Wh

