
RAxML-NG v. 1.1.0-master released on 22.06.2022 by The Exelixis Lab.
Developed by: Alexey M. Kozlov and Alexandros Stamatakis.
Contributors: Diego Darriba, Tomas Flouri, Benoit Morel, Sarah Lutteropp, Ben Bettisworth.
Latest version: https://github.com/amkozlov/raxml-ng
Questions/problems/suggestions? Please visit: https://groups.google.com/forum/#!forum/raxml

System: Intel(R) Xeon(R) CPU E5-2680 v4 @ 2.40GHz, 28 cores, 62 GB RAM

RAxML-NG was called at 02-Aug-2023 14:30:19 as follows:

raxml-ng-mpi --bootstrap --msa picornavirales_full_align.fasta --model GTR+G4 --prefix T3 --seed 1 --threads auto{12}

Analysis options:
  run mode: Bootstrapping
  start tree(s): 
  bootstrap replicates: max: 1000 + bootstopping (autoMRE, cutoff: 0.030000)
  random seed: 1
  tip-inner: OFF
  pattern compression: ON
  per-rate scalers: OFF
  site repeats: ON
  branch lengths: proportional (ML estimate, algorithm: NR-FAST)
  SIMD kernels: AVX2
  parallelization: coarse-grained (auto), PTHREADS (auto)

[00:00:00] Reading alignment from file: picornavirales_full_align.fasta
[00:00:01] Loaded alignment with 408 taxa and 63252 sites

Alignment comprises 1 partitions and 41000 patterns

Partition 0: noname
Model: GTR+FO+G4m
Alignment sites / patterns: 63252 / 41000
Gaps: 87.24 %
Invariant sites: 37.99 %


NOTE: Binary MSA file created: T3.raxml.rba

Parallelization scheme autoconfig: 1 worker(s) x 12 thread(s)

Parallel reduction/worker buffer size: 1 KB  / 0 KB

[00:00:01] Data distribution: max. partitions/sites/weight per thread: 1 / 3417 / 54672
[00:00:03] Data distribution: max. searches per worker: 1000
[00:00:03] Starting bootstrapping analysis with 1000 replicates.

[01:03:58] Bootstrap tree #1, logLikelihood: -3325116.703314
[02:26:23] Bootstrap tree #2, logLikelihood: -3418731.228646
[03:48:42] Bootstrap tree #3, logLikelihood: -3400680.254814
[04:58:44] Bootstrap tree #4, logLikelihood: -3381477.110757
[06:13:32] Bootstrap tree #5, logLikelihood: -3371166.672648
[07:30:31] Bootstrap tree #6, logLikelihood: -3389572.937333
[08:50:45] Bootstrap tree #7, logLikelihood: -3371446.625677
[10:00:08] Bootstrap tree #8, logLikelihood: -3391547.715542
[11:21:12] Bootstrap tree #9, logLikelihood: -3377511.621070
[12:41:52] Bootstrap tree #10, logLikelihood: -3364657.169008
[14:03:58] Bootstrap tree #11, logLikelihood: -3413368.341457
[15:24:18] Bootstrap tree #12, logLikelihood: -3377654.274794
[16:37:26] Bootstrap tree #13, logLikelihood: -3395364.702316
[17:47:57] Bootstrap tree #14, logLikelihood: -3359350.765151

RAxML-NG v. 1.1.0-master released on 22.06.2022 by The Exelixis Lab.
Developed by: Alexey M. Kozlov and Alexandros Stamatakis.
Contributors: Diego Darriba, Tomas Flouri, Benoit Morel, Sarah Lutteropp, Ben Bettisworth.
Latest version: https://github.com/amkozlov/raxml-ng
Questions/problems/suggestions? Please visit: https://groups.google.com/forum/#!forum/raxml

System: Intel(R) Xeon(R) CPU E5-2690 v4 @ 2.60GHz, 28 cores, 62 GB RAM

RAxML-NG was called at 05-Aug-2023 16:02:57 as follows:

raxml-ng-mpi --bootstrap --msa picornavirales_full_align.fasta --model GTR+G4 --prefix T3 --seed 2 --threads auto{12}

Analysis options:
  run mode: Bootstrapping
  start tree(s): 
  bootstrap replicates: max: 1000 + bootstopping (autoMRE, cutoff: 0.030000)
  random seed: 2
  tip-inner: OFF
  pattern compression: ON
  per-rate scalers: OFF
  site repeats: ON
  branch lengths: proportional (ML estimate, algorithm: NR-FAST)
  SIMD kernels: AVX2
  parallelization: coarse-grained (auto), PTHREADS (auto)

WARNING: The model you specified on the command line (GTR+G4) will be ignored 
         since the binary MSA file already contains a model definition.
         If you want to change the model, please re-run RAxML-NG 
         with the original PHYLIP/FASTA alignment and --redo option.

[00:00:00] Loading binary alignment from file: T3.raxml.rba
[00:00:00] Alignment comprises 408 taxa, 1 partitions and 41000 patterns

Partition 0: noname
Model: GTR+FO+G4m
Alignment sites / patterns: 63252 / 41000
Gaps: 87.24 %
Invariant sites: 37.99 %


Parallelization scheme autoconfig: 1 worker(s) x 12 thread(s)

Parallel reduction/worker buffer size: 1 KB  / 0 KB

[00:00:00] NOTE: Resuming execution from checkpoint (logLH: -3376177.59, ML trees: 0, bootstraps: 14)
[00:00:00] Data distribution: max. partitions/sites/weight per thread: 1 / 3417 / 54672
[00:00:05] Data distribution: max. searches per worker: 986
[00:00:05] Starting bootstrapping analysis with 1000 replicates.

