ERROR: Unable to locate a modulefile for 'emacs/25.1'
ERROR: Unable to locate a modulefile for 'python/3.6'
ERROR: Unable to locate a modulefile for 'java/1.8.0_121'
ERROR: Unable to locate a modulefile for 'cmake/3.15.1'

RAxML-NG v. 1.1.0-master released on 22.06.2022 by The Exelixis Lab.
Developed by: Alexey M. Kozlov and Alexandros Stamatakis.
Contributors: Diego Darriba, Tomas Flouri, Benoit Morel, Sarah Lutteropp, Ben Bettisworth.
Latest version: https://github.com/amkozlov/raxml-ng
Questions/problems/suggestions? Please visit: https://groups.google.com/forum/#!forum/raxml

System: Intel(R) Xeon(R) CPU E5-2680 v4 @ 2.40GHz, 28 cores, 62 GB RAM

RAxML-NG was called at 31-May-2024 13:50:11 as follows:

raxml-ng-mpi --all --msa sapo_all_align.fasta --model TIM2+I+G4 --prefix T1 --seed 1 --threads auto{8} --bs-metric fbp,tbe

Analysis options:
  run mode: ML tree search + bootstrapping (Felsenstein Bootstrap + Transfer Bootstrap)
  start tree(s): random (10) + parsimony (10)
  bootstrap replicates: max: 1000 + bootstopping (autoMRE, cutoff: 0.030000)
  random seed: 1
  tip-inner: OFF
  pattern compression: ON
  per-rate scalers: OFF
  site repeats: ON
  branch lengths: proportional (ML estimate, algorithm: NR-FAST)
  SIMD kernels: AVX2
  parallelization: coarse-grained (auto), PTHREADS (auto)

[00:00:00] Reading alignment from file: sapo_all_align.fasta
[00:00:00] Loaded alignment with 170 taxa and 12551 sites

WARNING: Sequences OK484997.1 and MW285639.1 are exactly identical!
WARNING: Sequences OK485000.1 and MW285642.1 are exactly identical!
WARNING: Sequences OK484998.1 and MW285640.1 are exactly identical!
WARNING: Sequences OK484999.1 and MW285641.1 are exactly identical!
WARNING: Sequences MW316743.1 and MK965904.1 are exactly identical!
WARNING: Sequences NC_017936.1 and JN899075.1 are exactly identical!
WARNING: Duplicate sequences found: 6

NOTE: Reduced alignment (with duplicates and gap-only sites/taxa removed) 
NOTE: was saved to: /home/gkettenburg/RAxML_tree/sapo_tree/T1.raxml.reduced.phy

Alignment comprises 1 partitions and 7659 patterns

Partition 0: noname
Model: TIM2+I+G4m
Alignment sites / patterns: 12551 / 7659
Gaps: 41.32 %
Invariant sites: 37.70 %


NOTE: Binary MSA file created: T1.raxml.rba

Parallelization scheme autoconfig: 1 worker(s) x 8 thread(s)

Parallel reduction/worker buffer size: 1 KB  / 0 KB

[00:00:00] Generating 10 random starting tree(s) with 170 taxa
[00:00:00] Generating 10 parsimony starting tree(s) with 170 taxa
[00:00:01] Data distribution: max. partitions/sites/weight per thread: 1 / 958 / 15328
[00:00:01] Data distribution: max. searches per worker: 1020

Starting ML tree search with 20 distinct starting trees

[00:02:31] ML tree search #1, logLikelihood: -372984.674977
[00:05:06] ML tree search #2, logLikelihood: -372984.491435
[00:07:41] ML tree search #3, logLikelihood: -372984.687958
[00:10:09] ML tree search #4, logLikelihood: -372984.489255
[00:12:35] ML tree search #5, logLikelihood: -372984.678349
[00:15:08] ML tree search #6, logLikelihood: -372984.493136
[00:18:14] ML tree search #7, logLikelihood: -372984.494152
[00:20:37] ML tree search #8, logLikelihood: -372984.672553
[00:23:24] ML tree search #9, logLikelihood: -372986.451824
[00:25:56] ML tree search #10, logLikelihood: -372984.494401
[00:27:44] ML tree search #11, logLikelihood: -372984.675776
[00:29:40] ML tree search #12, logLikelihood: -372984.699402
[00:31:23] ML tree search #13, logLikelihood: -373058.394690
[00:33:05] ML tree search #14, logLikelihood: -372984.683915
[00:35:26] ML tree search #15, logLikelihood: -372984.686325
[00:37:14] ML tree search #16, logLikelihood: -373058.880312
[00:38:59] ML tree search #17, logLikelihood: -372984.679563
[00:41:05] ML tree search #18, logLikelihood: -372984.673377
[00:42:50] ML tree search #19, logLikelihood: -373018.241921
[00:44:36] ML tree search #20, logLikelihood: -372986.641513

[00:44:36] ML tree search completed, best tree logLH: -372984.489255

[00:44:36] Starting bootstrapping analysis with 1000 replicates.

[00:46:11] Bootstrap tree #1, logLikelihood: -376781.901660
[00:47:47] Bootstrap tree #2, logLikelihood: -370385.139581
[00:49:24] Bootstrap tree #3, logLikelihood: -368524.110868
[00:51:14] Bootstrap tree #4, logLikelihood: -377374.611881
[00:53:23] Bootstrap tree #5, logLikelihood: -373876.814042
[00:54:58] Bootstrap tree #6, logLikelihood: -366222.100252
[00:56:29] Bootstrap tree #7, logLikelihood: -371663.121558
[00:58:06] Bootstrap tree #8, logLikelihood: -369620.604728
[00:59:41] Bootstrap tree #9, logLikelihood: -380515.892542
[01:01:15] Bootstrap tree #10, logLikelihood: -370066.159739
[01:03:20] Bootstrap tree #11, logLikelihood: -374406.535661
[01:04:59] Bootstrap tree #12, logLikelihood: -374505.449352
[01:07:03] Bootstrap tree #13, logLikelihood: -366482.464849
[01:08:44] Bootstrap tree #14, logLikelihood: -373775.640950
[01:10:22] Bootstrap tree #15, logLikelihood: -377828.505638
[01:11:56] Bootstrap tree #16, logLikelihood: -368352.767695
[01:13:34] Bootstrap tree #17, logLikelihood: -378144.041719
[01:15:23] Bootstrap tree #18, logLikelihood: -369858.257794
[01:17:26] Bootstrap tree #19, logLikelihood: -373306.992168
[01:19:03] Bootstrap tree #20, logLikelihood: -369391.667518
[01:20:38] Bootstrap tree #21, logLikelihood: -371301.757044
[01:22:15] Bootstrap tree #22, logLikelihood: -368013.362012
[01:24:14] Bootstrap tree #23, logLikelihood: -372888.472864
[01:25:59] Bootstrap tree #24, logLikelihood: -374071.424337
[01:27:33] Bootstrap tree #25, logLikelihood: -367345.040496
[01:29:08] Bootstrap tree #26, logLikelihood: -370880.243050
[01:30:43] Bootstrap tree #27, logLikelihood: -374549.955113
[01:32:23] Bootstrap tree #28, logLikelihood: -373484.067518
[01:34:04] Bootstrap tree #29, logLikelihood: -365417.449776
[01:35:39] Bootstrap tree #30, logLikelihood: -373297.521115
[01:37:22] Bootstrap tree #31, logLikelihood: -370888.273682
[01:39:00] Bootstrap tree #32, logLikelihood: -374101.649295
[01:41:00] Bootstrap tree #33, logLikelihood: -374151.801887
[01:42:39] Bootstrap tree #34, logLikelihood: -374178.093896
[01:44:18] Bootstrap tree #35, logLikelihood: -375250.769816
[01:45:58] Bootstrap tree #36, logLikelihood: -371514.108203
[01:47:33] Bootstrap tree #37, logLikelihood: -378713.917832
[01:49:22] Bootstrap tree #38, logLikelihood: -378503.676443
[01:50:59] Bootstrap tree #39, logLikelihood: -372655.361393
[01:52:43] Bootstrap tree #40, logLikelihood: -374470.878311
[01:54:20] Bootstrap tree #41, logLikelihood: -371928.218694
[01:55:54] Bootstrap tree #42, logLikelihood: -370413.638112
[01:57:44] Bootstrap tree #43, logLikelihood: -376178.331344
[01:59:27] Bootstrap tree #44, logLikelihood: -375905.084089
[02:01:12] Bootstrap tree #45, logLikelihood: -374094.537964
[02:02:45] Bootstrap tree #46, logLikelihood: -371640.665500
[02:04:18] Bootstrap tree #47, logLikelihood: -368758.806815
[02:05:45] Bootstrap tree #48, logLikelihood: -374368.302216
[02:07:21] Bootstrap tree #49, logLikelihood: -374115.846645
[02:08:56] Bootstrap tree #50, logLikelihood: -369958.315608
[02:10:32] Bootstrap tree #51, logLikelihood: -372879.223624
[02:12:07] Bootstrap tree #52, logLikelihood: -377373.760864
[02:13:57] Bootstrap tree #53, logLikelihood: -368953.892312
[02:15:30] Bootstrap tree #54, logLikelihood: -377214.790963
[02:17:07] Bootstrap tree #55, logLikelihood: -370313.510368
[02:18:43] Bootstrap tree #56, logLikelihood: -379679.878960
[02:20:16] Bootstrap tree #57, logLikelihood: -372495.540503
[02:22:01] Bootstrap tree #58, logLikelihood: -372302.064557
[02:23:34] Bootstrap tree #59, logLikelihood: -370305.041073
[02:25:26] Bootstrap tree #60, logLikelihood: -369512.505521
[02:27:09] Bootstrap tree #61, logLikelihood: -370491.407117
[02:28:45] Bootstrap tree #62, logLikelihood: -367998.311454
[02:30:34] Bootstrap tree #63, logLikelihood: -376683.887392
[02:32:05] Bootstrap tree #64, logLikelihood: -369344.394291
[02:33:54] Bootstrap tree #65, logLikelihood: -376909.914601
[02:35:31] Bootstrap tree #66, logLikelihood: -375765.289639
[02:37:17] Bootstrap tree #67, logLikelihood: -370350.138644
[02:39:18] Bootstrap tree #68, logLikelihood: -374641.838765
[02:41:19] Bootstrap tree #69, logLikelihood: -373778.564477
[02:42:52] Bootstrap tree #70, logLikelihood: -371783.950803
[02:44:34] Bootstrap tree #71, logLikelihood: -378359.994613
[02:46:12] Bootstrap tree #72, logLikelihood: -373551.131253
[02:47:43] Bootstrap tree #73, logLikelihood: -372640.808261
[02:49:44] Bootstrap tree #74, logLikelihood: -370835.828184
[02:51:25] Bootstrap tree #75, logLikelihood: -376133.389442
[02:53:24] Bootstrap tree #76, logLikelihood: -370167.906559
[02:55:13] Bootstrap tree #77, logLikelihood: -365880.104748
[02:57:19] Bootstrap tree #78, logLikelihood: -372449.091688
[02:58:55] Bootstrap tree #79, logLikelihood: -366705.984185
[03:00:39] Bootstrap tree #80, logLikelihood: -370153.167405
[03:02:21] Bootstrap tree #81, logLikelihood: -373366.342002
[03:03:56] Bootstrap tree #82, logLikelihood: -375937.979573
[03:05:37] Bootstrap tree #83, logLikelihood: -378074.200226
[03:07:16] Bootstrap tree #84, logLikelihood: -368858.819075
[03:08:58] Bootstrap tree #85, logLikelihood: -374514.146749
[03:10:34] Bootstrap tree #86, logLikelihood: -374177.202402
[03:12:10] Bootstrap tree #87, logLikelihood: -369869.589589
[03:13:49] Bootstrap tree #88, logLikelihood: -374256.394404
[03:15:24] Bootstrap tree #89, logLikelihood: -371530.817689
[03:17:02] Bootstrap tree #90, logLikelihood: -370607.279751
[03:19:10] Bootstrap tree #91, logLikelihood: -375887.590780
[03:20:48] Bootstrap tree #92, logLikelihood: -366939.750102
[03:22:27] Bootstrap tree #93, logLikelihood: -368533.328302
[03:23:59] Bootstrap tree #94, logLikelihood: -364112.661307
[03:25:28] Bootstrap tree #95, logLikelihood: -367427.558679
[03:27:03] Bootstrap tree #96, logLikelihood: -367995.955513
[03:28:37] Bootstrap tree #97, logLikelihood: -372956.377372
[03:30:15] Bootstrap tree #98, logLikelihood: -369169.564813
[03:32:13] Bootstrap tree #99, logLikelihood: -367731.231323
[03:33:58] Bootstrap tree #100, logLikelihood: -373280.012779
[03:35:34] Bootstrap tree #101, logLikelihood: -364877.724205
[03:37:14] Bootstrap tree #102, logLikelihood: -374901.737305
[03:39:02] Bootstrap tree #103, logLikelihood: -368760.895752
[03:40:56] Bootstrap tree #104, logLikelihood: -370471.153961
[03:42:33] Bootstrap tree #105, logLikelihood: -370468.587468
[03:44:32] Bootstrap tree #106, logLikelihood: -372447.773554
[03:46:31] Bootstrap tree #107, logLikelihood: -375078.062388
[03:48:11] Bootstrap tree #108, logLikelihood: -365552.681983
[03:49:47] Bootstrap tree #109, logLikelihood: -376086.571071
[03:51:41] Bootstrap tree #110, logLikelihood: -375371.599255
[03:53:15] Bootstrap tree #111, logLikelihood: -372097.837655
[03:54:51] Bootstrap tree #112, logLikelihood: -368723.484689
[03:56:35] Bootstrap tree #113, logLikelihood: -372534.871690
[03:58:22] Bootstrap tree #114, logLikelihood: -376528.347024
[04:00:10] Bootstrap tree #115, logLikelihood: -373493.183596
[04:02:05] Bootstrap tree #116, logLikelihood: -370818.239603
[04:03:48] Bootstrap tree #117, logLikelihood: -375211.232972
[04:05:33] Bootstrap tree #118, logLikelihood: -379138.950792
[04:07:34] Bootstrap tree #119, logLikelihood: -367121.111744
[04:09:13] Bootstrap tree #120, logLikelihood: -369440.796349
[04:10:49] Bootstrap tree #121, logLikelihood: -371357.653244
[04:12:25] Bootstrap tree #122, logLikelihood: -373011.430213
[04:14:35] Bootstrap tree #123, logLikelihood: -369618.254084
[04:16:23] Bootstrap tree #124, logLikelihood: -370755.786491
[04:18:03] Bootstrap tree #125, logLikelihood: -367043.176517
[04:19:43] Bootstrap tree #126, logLikelihood: -376997.664048
[04:21:43] Bootstrap tree #127, logLikelihood: -375392.778723
[04:23:21] Bootstrap tree #128, logLikelihood: -367091.478387
[04:24:55] Bootstrap tree #129, logLikelihood: -372713.678893
[04:26:29] Bootstrap tree #130, logLikelihood: -376204.511670
[04:28:06] Bootstrap tree #131, logLikelihood: -362539.735580
[04:30:51] Bootstrap tree #132, logLikelihood: -379035.745619
[04:32:27] Bootstrap tree #133, logLikelihood: -372998.886103
[04:34:02] Bootstrap tree #134, logLikelihood: -372365.878263
[04:35:43] Bootstrap tree #135, logLikelihood: -378375.212068
[04:37:28] Bootstrap tree #136, logLikelihood: -375742.967472
[04:39:04] Bootstrap tree #137, logLikelihood: -366876.196839
[04:40:41] Bootstrap tree #138, logLikelihood: -379332.585701
[04:42:13] Bootstrap tree #139, logLikelihood: -373356.112398
[04:43:48] Bootstrap tree #140, logLikelihood: -368328.599420
[04:45:30] Bootstrap tree #141, logLikelihood: -374392.374860
[04:47:03] Bootstrap tree #142, logLikelihood: -376531.276454
[04:48:41] Bootstrap tree #143, logLikelihood: -376640.999586
[04:50:18] Bootstrap tree #144, logLikelihood: -369421.578553
[04:51:57] Bootstrap tree #145, logLikelihood: -375194.758739
[04:53:32] Bootstrap tree #146, logLikelihood: -374080.562939
[04:55:10] Bootstrap tree #147, logLikelihood: -375903.857183
[04:56:55] Bootstrap tree #148, logLikelihood: -374087.568501
[04:58:41] Bootstrap tree #149, logLikelihood: -367775.244434
[05:00:29] Bootstrap tree #150, logLikelihood: -371705.579170
[05:02:04] Bootstrap tree #151, logLikelihood: -372610.439936
[05:03:51] Bootstrap tree #152, logLikelihood: -377746.049455
[05:05:32] Bootstrap tree #153, logLikelihood: -381756.885494
[05:07:24] Bootstrap tree #154, logLikelihood: -377933.644906
[05:08:59] Bootstrap tree #155, logLikelihood: -378250.569662
[05:10:36] Bootstrap tree #156, logLikelihood: -373444.892239
[05:12:14] Bootstrap tree #157, logLikelihood: -375248.108435
[05:13:50] Bootstrap tree #158, logLikelihood: -375729.186554
[05:15:28] Bootstrap tree #159, logLikelihood: -370849.503530
[05:16:58] Bootstrap tree #160, logLikelihood: -371052.746399
[05:18:49] Bootstrap tree #161, logLikelihood: -379714.672543
[05:20:20] Bootstrap tree #162, logLikelihood: -367205.906563
[05:21:53] Bootstrap tree #163, logLikelihood: -366484.498809
[05:23:31] Bootstrap tree #164, logLikelihood: -386180.862693
[05:25:16] Bootstrap tree #165, logLikelihood: -370021.764290
[05:26:58] Bootstrap tree #166, logLikelihood: -373827.498761
[05:28:46] Bootstrap tree #167, logLikelihood: -370029.315900
[05:30:25] Bootstrap tree #168, logLikelihood: -373715.766269
[05:32:02] Bootstrap tree #169, logLikelihood: -375137.249324
[05:33:36] Bootstrap tree #170, logLikelihood: -381014.167107
[05:35:17] Bootstrap tree #171, logLikelihood: -373054.456979
[05:36:52] Bootstrap tree #172, logLikelihood: -369732.205414
[05:38:31] Bootstrap tree #173, logLikelihood: -375283.248082
[05:40:19] Bootstrap tree #174, logLikelihood: -368883.413223
[05:41:49] Bootstrap tree #175, logLikelihood: -379077.612579
[05:43:22] Bootstrap tree #176, logLikelihood: -371896.747938
[05:44:59] Bootstrap tree #177, logLikelihood: -367997.518244
[05:46:39] Bootstrap tree #178, logLikelihood: -380112.203247
[05:48:48] Bootstrap tree #179, logLikelihood: -376120.960128
[05:50:49] Bootstrap tree #180, logLikelihood: -377828.559083
[05:52:24] Bootstrap tree #181, logLikelihood: -368598.926288
[05:54:29] Bootstrap tree #182, logLikelihood: -369708.984325
[05:56:09] Bootstrap tree #183, logLikelihood: -374172.506400
[05:57:46] Bootstrap tree #184, logLikelihood: -370241.880499
[05:59:26] Bootstrap tree #185, logLikelihood: -376614.655215
[06:01:09] Bootstrap tree #186, logLikelihood: -371275.727125
[06:02:55] Bootstrap tree #187, logLikelihood: -374230.312344
[06:04:32] Bootstrap tree #188, logLikelihood: -363239.298809
[06:06:06] Bootstrap tree #189, logLikelihood: -377143.545801
[06:07:51] Bootstrap tree #190, logLikelihood: -375127.480254
[06:09:27] Bootstrap tree #191, logLikelihood: -379035.787606
[06:11:04] Bootstrap tree #192, logLikelihood: -375583.759602
[06:12:46] Bootstrap tree #193, logLikelihood: -376579.177408
[06:14:18] Bootstrap tree #194, logLikelihood: -377930.171504
[06:16:03] Bootstrap tree #195, logLikelihood: -380823.590107
[06:17:46] Bootstrap tree #196, logLikelihood: -371581.554119
[06:19:27] Bootstrap tree #197, logLikelihood: -371478.879148
[06:21:11] Bootstrap tree #198, logLikelihood: -368037.711902
[06:22:52] Bootstrap tree #199, logLikelihood: -374294.341774
[06:24:28] Bootstrap tree #200, logLikelihood: -372105.495895
[06:24:29] Bootstrapping converged after 200 replicates.

Optimized model parameters:

   Partition 0: noname
   Rate heterogeneity: GAMMA (4 cats, mean),  alpha: 0.614306 (ML),  weights&rates: (0.250000,0.056072) (0.250000,0.320131) (0.250000,0.888446) (0.250000,2.735351) 
   P-inv (ML): 0.039735
   Base frequencies (model): 0.250000 0.250000 0.250000 0.250000 
   Substitution rates (ML): 1.691744 5.486834 1.691744 1.000000 8.133903 1.000000 


Final LogLikelihood: -372984.489255

AIC score: 746652.978510 / AICc score: 746672.196400 / BIC score: 749196.622533
Free parameters (model + branch lengths): 342

WARNING: Best ML tree contains 3 near-zero branches!

Best ML tree with collapsed near-zero branches saved to: /home/gkettenburg/RAxML_tree/sapo_tree/T1.raxml.bestTreeCollapsed
Best ML tree saved to: /home/gkettenburg/RAxML_tree/sapo_tree/T1.raxml.bestTree
All ML trees saved to: /home/gkettenburg/RAxML_tree/sapo_tree/T1.raxml.mlTrees
Best ML tree with Felsenstein bootstrap (FBP) support values saved to: /home/gkettenburg/RAxML_tree/sapo_tree/T1.raxml.supportFBP
Best ML tree with Transfer bootstrap (TBE) support values saved to: /home/gkettenburg/RAxML_tree/sapo_tree/T1.raxml.supportTBE
Optimized model saved to: /home/gkettenburg/RAxML_tree/sapo_tree/T1.raxml.bestModel
Bootstrap trees saved to: /home/gkettenburg/RAxML_tree/sapo_tree/T1.raxml.bootstraps

Execution log saved to: /home/gkettenburg/RAxML_tree/sapo_tree/T1.raxml.log

Analysis started: 31-May-2024 13:50:11 / finished: 31-May-2024 20:14:41

Elapsed time: 23069.306 seconds

Consumed energy: 683.418 Wh (= 3 km in an electric car, or 17 km with an e-scooter!)

