ERROR: Unable to locate a modulefile for 'emacs/25.1'
ERROR: Unable to locate a modulefile for 'python/3.6'
ERROR: Unable to locate a modulefile for 'java/1.8.0_121'
ERROR: Unable to locate a modulefile for 'cmake/3.15.1'

RAxML-NG v. 1.1.0-master released on 22.06.2022 by The Exelixis Lab.
Developed by: Alexey M. Kozlov and Alexandros Stamatakis.
Contributors: Diego Darriba, Tomas Flouri, Benoit Morel, Sarah Lutteropp, Ben Bettisworth.
Latest version: https://github.com/amkozlov/raxml-ng
Questions/problems/suggestions? Please visit: https://groups.google.com/forum/#!forum/raxml

System: Intel(R) Xeon(R) CPU E5-2680 v4 @ 2.40GHz, 28 cores, 62 GB RAM

RAxML-NG was called at 10-Jun-2024 16:27:26 as follows:

raxml-ng-mpi --bootstrap --msa sapo_all_align.fasta --model GTR+I+G4 --prefix T3 --seed 2 --threads auto{8}

Analysis options:
  run mode: Bootstrapping
  start tree(s): 
  bootstrap replicates: max: 1000 + bootstopping (autoMRE, cutoff: 0.030000)
  random seed: 2
  tip-inner: OFF
  pattern compression: ON
  per-rate scalers: OFF
  site repeats: ON
  branch lengths: proportional (ML estimate, algorithm: NR-FAST)
  SIMD kernels: AVX2
  parallelization: coarse-grained (auto), PTHREADS (auto)

[00:00:00] Reading alignment from file: sapo_all_align.fasta
[00:00:00] Loaded alignment with 218 taxa and 13479 sites

WARNING: Sequences MW285639.1 and OK484997.1 are exactly identical!
WARNING: Sequences MK965904.1 and MW316743.1 are exactly identical!
WARNING: Sequences MW285642.1 and OK485000.1 are exactly identical!
WARNING: Sequences MW285640.1 and OK484998.1 are exactly identical!
WARNING: Sequences MW285641.1 and OK484999.1 are exactly identical!
WARNING: Duplicate sequences found: 5

NOTE: Reduced alignment (with duplicates and gap-only sites/taxa removed) 
NOTE: was saved to: /home/gkettenburg/RAxML_tree/sapo_tree/T3.raxml.reduced.phy

Alignment comprises 1 partitions and 9209 patterns

Partition 0: noname
Model: GTR+FO+I+G4m
Alignment sites / patterns: 13479 / 9209
Gaps: 48.19 %
Invariant sites: 33.70 %


NOTE: Binary MSA file created: T3.raxml.rba

Parallelization scheme autoconfig: 1 worker(s) x 8 thread(s)

Error calling pthread_setaffinity_np: 22
Error calling pthread_setaffinity_np: 22
Error calling pthread_setaffinity_np: 22
Error calling pthread_setaffinity_np: 22
Error calling pthread_setaffinity_np: 22
Error calling pthread_setaffinity_np: 22
Error calling pthread_setaffinity_np: 22
Error calling pthread_setaffinity_np: 22
Parallel reduction/worker buffer size: 1 KB  / 0 KB

[00:00:00] Data distribution: max. partitions/sites/weight per thread: 1 / 1152 / 18432
[00:00:00] Data distribution: max. searches per worker: 1000
[00:00:00] Starting bootstrapping analysis with 1000 replicates.

[00:03:32] Bootstrap tree #1, logLikelihood: -558414.575598
[00:06:53] Bootstrap tree #2, logLikelihood: -562753.198010
[00:10:12] Bootstrap tree #3, logLikelihood: -563489.930096
[00:13:45] Bootstrap tree #4, logLikelihood: -565710.700940
[00:17:32] Bootstrap tree #5, logLikelihood: -565532.042845
[00:21:08] Bootstrap tree #6, logLikelihood: -569633.041800
[00:26:51] Bootstrap tree #7, logLikelihood: -564385.100608
[00:30:35] Bootstrap tree #8, logLikelihood: -563578.884129
[00:34:06] Bootstrap tree #9, logLikelihood: -571746.761770
[00:37:58] Bootstrap tree #10, logLikelihood: -562407.430616
[00:41:25] Bootstrap tree #11, logLikelihood: -560466.737302
[00:44:48] Bootstrap tree #12, logLikelihood: -563479.397207
[00:48:29] Bootstrap tree #13, logLikelihood: -549992.317113
[00:52:02] Bootstrap tree #14, logLikelihood: -563611.660381
[00:55:41] Bootstrap tree #15, logLikelihood: -569959.019568
[00:59:47] Bootstrap tree #16, logLikelihood: -561412.960408
[01:03:27] Bootstrap tree #17, logLikelihood: -566967.695160
[01:07:23] Bootstrap tree #18, logLikelihood: -557693.043715
[01:10:44] Bootstrap tree #19, logLikelihood: -564652.802103
[01:14:07] Bootstrap tree #20, logLikelihood: -566120.314449
[01:17:30] Bootstrap tree #21, logLikelihood: -558061.930727
[01:21:36] Bootstrap tree #22, logLikelihood: -578351.567021
[01:25:04] Bootstrap tree #23, logLikelihood: -574838.185572
[01:28:30] Bootstrap tree #24, logLikelihood: -567454.736298
[01:31:56] Bootstrap tree #25, logLikelihood: -567543.777209
[01:36:02] Bootstrap tree #26, logLikelihood: -560634.664515
[01:39:13] Bootstrap tree #27, logLikelihood: -545646.468517
[01:42:50] Bootstrap tree #28, logLikelihood: -563066.919099
[01:46:12] Bootstrap tree #29, logLikelihood: -555731.258658
[01:49:30] Bootstrap tree #30, logLikelihood: -562688.809154
[01:52:52] Bootstrap tree #31, logLikelihood: -563207.649462
[01:56:30] Bootstrap tree #32, logLikelihood: -549904.839915
[01:59:38] Bootstrap tree #33, logLikelihood: -567307.948340
[02:03:11] Bootstrap tree #34, logLikelihood: -563835.114545
[02:06:22] Bootstrap tree #35, logLikelihood: -562626.886140
[02:09:46] Bootstrap tree #36, logLikelihood: -560469.203179
[02:13:08] Bootstrap tree #37, logLikelihood: -567778.230935
[02:16:37] Bootstrap tree #38, logLikelihood: -559085.916800
[02:20:44] Bootstrap tree #39, logLikelihood: -560601.452383
[02:24:17] Bootstrap tree #40, logLikelihood: -558651.673163
[02:27:38] Bootstrap tree #41, logLikelihood: -555627.540337
[02:31:12] Bootstrap tree #42, logLikelihood: -556344.042958
[02:34:28] Bootstrap tree #43, logLikelihood: -563545.192998
[02:37:50] Bootstrap tree #44, logLikelihood: -564219.134136
[02:41:20] Bootstrap tree #45, logLikelihood: -561306.969554
[02:44:59] Bootstrap tree #46, logLikelihood: -567545.742030
[02:48:26] Bootstrap tree #47, logLikelihood: -557265.776610
[02:52:18] Bootstrap tree #48, logLikelihood: -564118.506651
[02:55:57] Bootstrap tree #49, logLikelihood: -565193.489657
[02:59:27] Bootstrap tree #50, logLikelihood: -558762.633494
[03:03:04] Bootstrap tree #51, logLikelihood: -559177.032805
[03:06:34] Bootstrap tree #52, logLikelihood: -567045.841577
[03:09:42] Bootstrap tree #53, logLikelihood: -557431.303891
[03:12:57] Bootstrap tree #54, logLikelihood: -553848.494182
[03:16:24] Bootstrap tree #55, logLikelihood: -568452.948016
[03:19:44] Bootstrap tree #56, logLikelihood: -561479.518849
[03:23:18] Bootstrap tree #57, logLikelihood: -558870.629432
[03:26:43] Bootstrap tree #58, logLikelihood: -551931.820541
[03:30:20] Bootstrap tree #59, logLikelihood: -554094.647698
[03:33:31] Bootstrap tree #60, logLikelihood: -555132.749422
[03:37:25] Bootstrap tree #61, logLikelihood: -563376.811436
[03:40:36] Bootstrap tree #62, logLikelihood: -558276.208814
[03:43:44] Bootstrap tree #63, logLikelihood: -557759.863264
[03:47:01] Bootstrap tree #64, logLikelihood: -567861.276537
[03:50:16] Bootstrap tree #65, logLikelihood: -569700.637600
[03:53:42] Bootstrap tree #66, logLikelihood: -562971.384068
[03:57:26] Bootstrap tree #67, logLikelihood: -566842.100804
[04:00:39] Bootstrap tree #68, logLikelihood: -562247.302112
[04:04:10] Bootstrap tree #69, logLikelihood: -564597.379240
[04:07:39] Bootstrap tree #70, logLikelihood: -550454.683069
[04:11:00] Bootstrap tree #71, logLikelihood: -562879.843760
[04:14:24] Bootstrap tree #72, logLikelihood: -567283.814547
[04:17:34] Bootstrap tree #73, logLikelihood: -558382.152010
[04:21:12] Bootstrap tree #74, logLikelihood: -568508.942694
[04:24:35] Bootstrap tree #75, logLikelihood: -559857.649462
[04:28:03] Bootstrap tree #76, logLikelihood: -566809.754114
[04:31:35] Bootstrap tree #77, logLikelihood: -566122.407959
[04:34:53] Bootstrap tree #78, logLikelihood: -561442.806280
[04:38:08] Bootstrap tree #79, logLikelihood: -569271.967642
[04:41:22] Bootstrap tree #80, logLikelihood: -566326.272862
[04:44:35] Bootstrap tree #81, logLikelihood: -564243.472585
[04:48:02] Bootstrap tree #82, logLikelihood: -561006.247391
[04:51:13] Bootstrap tree #83, logLikelihood: -559563.578209
[04:54:44] Bootstrap tree #84, logLikelihood: -561593.208577
[04:58:11] Bootstrap tree #85, logLikelihood: -561905.719984
[05:01:43] Bootstrap tree #86, logLikelihood: -567114.753944
[05:05:38] Bootstrap tree #87, logLikelihood: -562603.429131
[05:09:07] Bootstrap tree #88, logLikelihood: -561390.909440
[05:13:12] Bootstrap tree #89, logLikelihood: -556669.292953
[05:16:41] Bootstrap tree #90, logLikelihood: -557340.778089
[05:20:00] Bootstrap tree #91, logLikelihood: -568692.778050
[05:23:01] Bootstrap tree #92, logLikelihood: -561724.020246
[05:26:20] Bootstrap tree #93, logLikelihood: -555984.425356
[05:29:35] Bootstrap tree #94, logLikelihood: -569241.919394
[05:33:03] Bootstrap tree #95, logLikelihood: -565556.687995
[05:36:21] Bootstrap tree #96, logLikelihood: -565495.884656
[05:39:46] Bootstrap tree #97, logLikelihood: -569194.619796
[05:43:13] Bootstrap tree #98, logLikelihood: -560020.798962
[05:46:54] Bootstrap tree #99, logLikelihood: -562416.793209
[05:50:20] Bootstrap tree #100, logLikelihood: -558747.383664
[05:50:21] Bootstrapping converged after 100 replicates.

Bootstrap trees saved to: /home/gkettenburg/RAxML_tree/sapo_tree/T3.raxml.bootstraps

Execution log saved to: /home/gkettenburg/RAxML_tree/sapo_tree/T3.raxml.log

Analysis started: 10-Jun-2024 16:27:26 / finished: 10-Jun-2024 22:17:47

Elapsed time: 21021.408 seconds

Consumed energy: 797.868 Wh (= 4 km in an electric car, or 20 km with an e-scooter!)

