
RAxML-NG v. 1.1.0-master released on 22.06.2022 by The Exelixis Lab.
Developed by: Alexey M. Kozlov and Alexandros Stamatakis.
Contributors: Diego Darriba, Tomas Flouri, Benoit Morel, Sarah Lutteropp, Ben Bettisworth.
Latest version: https://github.com/amkozlov/raxml-ng
Questions/problems/suggestions? Please visit: https://groups.google.com/forum/#!forum/raxml

System: Intel(R) Xeon(R) CPU E5-2680 v4 @ 2.40GHz, 28 cores, 251 GB RAM

RAxML-NG was called at 11-Jun-2024 10:07:17 as follows:

raxml-ng-mpi --bsconverge --bs-trees T3.raxml.bootstraps --prefix T11 --seed 2 --threads 2 --bs-cutoff 0.03

Analysis options:
  run mode: A posteriori bootstrap convergence test
  start tree(s): 
  random seed: 2
  SIMD kernels: AVX2
  parallelization: coarse-grained (auto), PTHREADS (2 threads), thread pinning: ON

Reading bootstrap trees from file: T3.raxml.bootstraps
Loaded 100 trees with 218 taxa.

Performing bootstrap convergence assessment using autoMRE criterion

 # trees        avg WRF       avg WRF in %       # perms: wrf <= 3.00 %     converged?  
      50        391.671              3.643                          135        NO
     100        416.656              1.938                          994        YES
Bootstopping test converged after 100 trees


Execution log saved to: /home/gkettenburg/RAxML_tree/sapo_tree/T11.raxml.log

Analysis started: 11-Jun-2024 10:07:17 / finished: 11-Jun-2024 10:07:19

Elapsed time: 2.332 seconds

