
RAxML-NG v. 1.1.0-master released on 22.06.2022 by The Exelixis Lab.
Developed by: Alexey M. Kozlov and Alexandros Stamatakis.
Contributors: Diego Darriba, Tomas Flouri, Benoit Morel, Sarah Lutteropp, Ben Bettisworth.
Latest version: https://github.com/amkozlov/raxml-ng
Questions/problems/suggestions? Please visit: https://groups.google.com/forum/#!forum/raxml

System: Intel(R) Xeon(R) CPU E5-2680 v4 @ 2.40GHz, 28 cores, 62 GB RAM

RAxML-NG was called at 10-Jun-2024 16:26:27 as follows:

raxml-ng-mpi --msa sapo_all_align.fasta --model GTR+I+G4 --prefix T2 --seed 1 --threads auto{8}

Analysis options:
  run mode: ML tree search
  start tree(s): random (10) + parsimony (10)
  random seed: 1
  tip-inner: OFF
  pattern compression: ON
  per-rate scalers: OFF
  site repeats: ON
  fast spr radius: AUTO
  spr subtree cutoff: 1.000000
  branch lengths: proportional (ML estimate, algorithm: NR-FAST)
  SIMD kernels: AVX2
  parallelization: coarse-grained (auto), PTHREADS (auto)

[00:00:00] Reading alignment from file: sapo_all_align.fasta
[00:00:00] Loaded alignment with 218 taxa and 13479 sites

WARNING: Sequences MW285639.1 and OK484997.1 are exactly identical!
WARNING: Sequences MK965904.1 and MW316743.1 are exactly identical!
WARNING: Sequences MW285642.1 and OK485000.1 are exactly identical!
WARNING: Sequences MW285640.1 and OK484998.1 are exactly identical!
WARNING: Sequences MW285641.1 and OK484999.1 are exactly identical!
WARNING: Duplicate sequences found: 5

NOTE: Reduced alignment (with duplicates and gap-only sites/taxa removed) 
NOTE: was saved to: /home/gkettenburg/RAxML_tree/sapo_tree/T2.raxml.reduced.phy

Alignment comprises 1 partitions and 9209 patterns

Partition 0: noname
Model: GTR+FO+I+G4m
Alignment sites / patterns: 13479 / 9209
Gaps: 48.19 %
Invariant sites: 33.70 %


NOTE: Binary MSA file created: T2.raxml.rba

Parallelization scheme autoconfig: 1 worker(s) x 8 thread(s)

Parallel reduction/worker buffer size: 1 KB  / 0 KB

[00:00:00] Generating 10 random starting tree(s) with 218 taxa
[00:00:00] Generating 10 parsimony starting tree(s) with 218 taxa
[00:00:01] Data distribution: max. partitions/sites/weight per thread: 1 / 1152 / 18432
[00:00:01] Data distribution: max. searches per worker: 20

Starting ML tree search with 20 distinct starting trees

[00:00:01 -1567520.773560] Initial branch length optimization
[00:00:02 -1300898.566227] Model parameter optimization (eps = 10.000000)
[00:00:14 -1268487.150055] AUTODETECT spr round 1 (radius: 5)
[00:00:20 -933592.199766] AUTODETECT spr round 2 (radius: 10)
[00:00:30 -659471.946940] AUTODETECT spr round 3 (radius: 15)
[00:00:40 -621182.246282] AUTODETECT spr round 4 (radius: 20)
[00:00:53 -618014.776416] AUTODETECT spr round 5 (radius: 25)
[00:01:06 -618014.580394] SPR radius for FAST iterations: 25 (autodetect)
[00:01:06 -618014.580394] Model parameter optimization (eps = 3.000000)
[00:01:12 -615792.892211] FAST spr round 1 (radius: 25)
[00:01:22 -564769.375003] FAST spr round 2 (radius: 25)
[00:01:31 -562872.310706] FAST spr round 3 (radius: 25)
[00:01:37 -562740.930621] FAST spr round 4 (radius: 25)
[00:01:41 -562739.223390] FAST spr round 5 (radius: 25)
[00:01:46 -562739.215196] Model parameter optimization (eps = 1.000000)
[00:01:49 -562673.982216] SLOW spr round 1 (radius: 5)
[00:02:08 -562660.913994] SLOW spr round 2 (radius: 5)
[00:02:25 -562660.912503] SLOW spr round 3 (radius: 10)
[00:02:46 -562660.912380] SLOW spr round 4 (radius: 15)
[00:03:48 -562660.912355] SLOW spr round 5 (radius: 20)
[00:04:33 -562660.912345] SLOW spr round 6 (radius: 25)
[00:04:52 -562660.912341] Model parameter optimization (eps = 0.100000)

[00:04:53] ML tree search #1, logLikelihood: -562660.813969

[00:04:53 -1554667.273018] Initial branch length optimization
[00:04:54 -1288936.187938] Model parameter optimization (eps = 10.000000)
[00:05:06 -1257981.081209] AUTODETECT spr round 1 (radius: 5)
[00:05:12 -955881.165321] AUTODETECT spr round 2 (radius: 10)
[00:05:22 -737155.635009] AUTODETECT spr round 3 (radius: 15)
[00:05:34 -685358.673858] AUTODETECT spr round 4 (radius: 20)
[00:05:47 -657812.363263] AUTODETECT spr round 5 (radius: 25)
[00:06:01 -657805.541869] SPR radius for FAST iterations: 25 (autodetect)
[00:06:01 -657805.541869] Model parameter optimization (eps = 3.000000)
[00:06:06 -655995.018013] FAST spr round 1 (radius: 25)
[00:06:22 -570300.410582] FAST spr round 2 (radius: 25)
[00:06:33 -563002.469754] FAST spr round 3 (radius: 25)
[00:06:40 -562847.966925] FAST spr round 4 (radius: 25)
[00:06:45 -562835.500044] FAST spr round 5 (radius: 25)
[00:06:50 -562805.720223] FAST spr round 6 (radius: 25)
[00:06:55 -562805.719975] Model parameter optimization (eps = 1.000000)
[00:06:58 -562675.348098] SLOW spr round 1 (radius: 5)
[00:07:18 -562581.498659] SLOW spr round 2 (radius: 5)
[00:07:35 -562580.587516] SLOW spr round 3 (radius: 5)
[00:07:52 -562580.587324] SLOW spr round 4 (radius: 10)
[00:08:13 -562580.587319] SLOW spr round 5 (radius: 15)
[00:09:10 -562580.587318] SLOW spr round 6 (radius: 20)
[00:09:56 -562580.587317] SLOW spr round 7 (radius: 25)
[00:10:23 -562580.587317] Model parameter optimization (eps = 0.100000)

[00:10:24] ML tree search #2, logLikelihood: -562580.219219

[00:10:24 -1544340.145909] Initial branch length optimization
[00:10:25 -1288785.099169] Model parameter optimization (eps = 10.000000)
[00:10:35 -1257395.818220] AUTODETECT spr round 1 (radius: 5)
[00:10:41 -941734.578474] AUTODETECT spr round 2 (radius: 10)
[00:10:49 -772879.686622] AUTODETECT spr round 3 (radius: 15)
[00:11:00 -651742.695392] AUTODETECT spr round 4 (radius: 20)
[00:11:13 -638648.495358] AUTODETECT spr round 5 (radius: 25)
[00:11:26 -638516.748362] SPR radius for FAST iterations: 25 (autodetect)
[00:11:26 -638516.748362] Model parameter optimization (eps = 3.000000)
[00:11:32 -636566.606132] FAST spr round 1 (radius: 25)
[00:11:42 -565673.790562] FAST spr round 2 (radius: 25)
[00:11:51 -562832.214992] FAST spr round 3 (radius: 25)
[00:11:57 -562703.020590] FAST spr round 4 (radius: 25)
[00:12:02 -562702.896450] FAST spr round 5 (radius: 25)
[00:12:07 -562702.896449] Model parameter optimization (eps = 1.000000)
[00:12:10 -562608.434435] SLOW spr round 1 (radius: 5)
[00:12:29 -562577.466760] SLOW spr round 2 (radius: 5)
[00:12:46 -562577.464566] SLOW spr round 3 (radius: 10)
[00:13:07 -562577.464021] SLOW spr round 4 (radius: 15)
[00:14:03 -562577.463809] SLOW spr round 5 (radius: 20)
[00:14:50 -562577.463715] SLOW spr round 6 (radius: 25)
[00:15:16 -562577.463673] Model parameter optimization (eps = 0.100000)

[00:15:17] ML tree search #3, logLikelihood: -562577.311339

[00:15:17 -1571253.000625] Initial branch length optimization
[00:15:18 -1322757.158780] Model parameter optimization (eps = 10.000000)
[00:15:29 -1290393.837495] AUTODETECT spr round 1 (radius: 5)
[00:15:35 -934523.029835] AUTODETECT spr round 2 (radius: 10)
[00:15:45 -752849.918841] AUTODETECT spr round 3 (radius: 15)
[00:15:56 -659401.942942] AUTODETECT spr round 4 (radius: 20)
[00:16:08 -635451.467136] AUTODETECT spr round 5 (radius: 25)
[00:16:23 -627956.593307] SPR radius for FAST iterations: 25 (autodetect)
[00:16:23 -627956.593307] Model parameter optimization (eps = 3.000000)
[00:16:27 -625871.214063] FAST spr round 1 (radius: 25)
[00:16:41 -564260.643590] FAST spr round 2 (radius: 25)
[00:16:51 -562840.853730] FAST spr round 3 (radius: 25)
[00:16:56 -562723.739475] FAST spr round 4 (radius: 25)
[00:17:02 -562689.611152] FAST spr round 5 (radius: 25)
[00:17:07 -562685.396178] FAST spr round 6 (radius: 25)
[00:17:12 -562685.396151] Model parameter optimization (eps = 1.000000)
[00:17:14 -562622.322149] SLOW spr round 1 (radius: 5)
[00:17:34 -562577.918679] SLOW spr round 2 (radius: 5)
[00:17:51 -562577.916959] SLOW spr round 3 (radius: 10)
[00:18:11 -562577.916720] SLOW spr round 4 (radius: 15)
[00:19:07 -562577.916672] SLOW spr round 5 (radius: 20)
[00:19:54 -562577.916658] SLOW spr round 6 (radius: 25)
[00:20:20 -562577.916653] Model parameter optimization (eps = 0.100000)

[00:20:21] ML tree search #4, logLikelihood: -562577.741697

[00:20:21 -1568514.997108] Initial branch length optimization
[00:20:22 -1296838.151178] Model parameter optimization (eps = 10.000000)
[00:20:39 -1264915.803434] AUTODETECT spr round 1 (radius: 5)
[00:20:46 -1005682.719894] AUTODETECT spr round 2 (radius: 10)
[00:20:55 -745209.300233] AUTODETECT spr round 3 (radius: 15)
[00:21:09 -626760.323167] AUTODETECT spr round 4 (radius: 20)
[00:21:19 -618503.631451] AUTODETECT spr round 5 (radius: 25)
[00:21:35 -617973.241129] SPR radius for FAST iterations: 25 (autodetect)
[00:21:35 -617973.241129] Model parameter optimization (eps = 3.000000)
[00:21:41 -616069.977011] FAST spr round 1 (radius: 25)
[00:21:51 -564220.742291] FAST spr round 2 (radius: 25)
[00:21:59 -563125.241944] FAST spr round 3 (radius: 25)
[00:22:05 -562799.853702] FAST spr round 4 (radius: 25)
[00:22:11 -562795.995948] FAST spr round 5 (radius: 25)
[00:22:16 -562795.411898] FAST spr round 6 (radius: 25)
[00:22:20 -562794.867031] FAST spr round 7 (radius: 25)
[00:22:25 -562794.862423] Model parameter optimization (eps = 1.000000)
[00:22:28 -562687.590930] SLOW spr round 1 (radius: 5)
[00:22:48 -562596.897564] SLOW spr round 2 (radius: 5)
[00:23:06 -562594.943231] SLOW spr round 3 (radius: 5)
[00:23:23 -562594.942859] SLOW spr round 4 (radius: 10)
[00:23:44 -562594.942834] SLOW spr round 5 (radius: 15)
[00:24:40 -562594.942831] SLOW spr round 6 (radius: 20)
[00:25:28 -562594.942830] SLOW spr round 7 (radius: 25)
[00:25:54 -562594.942829] Model parameter optimization (eps = 0.100000)

[00:25:55] ML tree search #5, logLikelihood: -562594.723957

[00:25:55 -1547217.863187] Initial branch length optimization
[00:25:56 -1285974.152387] Model parameter optimization (eps = 10.000000)
[00:26:06 -1253826.450371] AUTODETECT spr round 1 (radius: 5)
[00:26:12 -913727.575643] AUTODETECT spr round 2 (radius: 10)
[00:26:21 -718161.035752] AUTODETECT spr round 3 (radius: 15)
[00:26:37 -646027.308732] AUTODETECT spr round 4 (radius: 20)
[00:26:51 -644149.915671] AUTODETECT spr round 5 (radius: 25)
[00:27:02 -644146.408655] SPR radius for FAST iterations: 25 (autodetect)
[00:27:02 -644146.408655] Model parameter optimization (eps = 3.000000)
[00:27:07 -641638.347836] FAST spr round 1 (radius: 25)
[00:27:20 -565979.711513] FAST spr round 2 (radius: 25)
[00:27:30 -562869.893726] FAST spr round 3 (radius: 25)
[00:27:36 -562717.052316] FAST spr round 4 (radius: 25)
[00:27:41 -562715.137843] FAST spr round 5 (radius: 25)
[00:27:46 -562713.365615] FAST spr round 6 (radius: 25)
[00:27:51 -562713.365608] Model parameter optimization (eps = 1.000000)
[00:27:54 -562615.917876] SLOW spr round 1 (radius: 5)
[00:28:13 -562586.115593] SLOW spr round 2 (radius: 5)
[00:28:31 -562577.770707] SLOW spr round 3 (radius: 5)
[00:28:48 -562577.770508] SLOW spr round 4 (radius: 10)
[00:29:09 -562577.770466] SLOW spr round 5 (radius: 15)
[00:30:05 -562577.770450] SLOW spr round 6 (radius: 20)
[00:30:52 -562577.770443] SLOW spr round 7 (radius: 25)
[00:31:19 -562577.770440] Model parameter optimization (eps = 0.100000)

[00:31:19] ML tree search #6, logLikelihood: -562577.745533

[00:31:19 -1546544.530441] Initial branch length optimization
[00:31:20 -1287658.859101] Model parameter optimization (eps = 10.000000)
[00:31:31 -1255619.162045] AUTODETECT spr round 1 (radius: 5)
[00:31:37 -963947.644697] AUTODETECT spr round 2 (radius: 10)
[00:31:46 -782419.475739] AUTODETECT spr round 3 (radius: 15)
[00:31:58 -661934.833267] AUTODETECT spr round 4 (radius: 20)
[00:32:13 -657801.945163] AUTODETECT spr round 5 (radius: 25)
[00:32:28 -656537.135153] SPR radius for FAST iterations: 25 (autodetect)
[00:32:28 -656537.135153] Model parameter optimization (eps = 3.000000)
[00:32:33 -654669.823665] FAST spr round 1 (radius: 25)
[00:32:46 -566242.619900] FAST spr round 2 (radius: 25)
[00:32:57 -563144.247700] FAST spr round 3 (radius: 25)
[00:33:04 -562898.549153] FAST spr round 4 (radius: 25)
[00:33:09 -562833.471292] FAST spr round 5 (radius: 25)
[00:33:15 -562806.233599] FAST spr round 6 (radius: 25)
[00:33:19 -562802.296842] FAST spr round 7 (radius: 25)
[00:33:24 -562802.296833] Model parameter optimization (eps = 1.000000)
[00:33:27 -562631.892276] SLOW spr round 1 (radius: 5)
[00:33:46 -562579.135648] SLOW spr round 2 (radius: 5)
[00:34:04 -562578.200126] SLOW spr round 3 (radius: 5)
[00:34:20 -562578.200050] SLOW spr round 4 (radius: 10)
[00:34:41 -562578.200045] SLOW spr round 5 (radius: 15)
[00:35:37 -562578.200044] SLOW spr round 6 (radius: 20)
[00:36:23 -562578.200044] SLOW spr round 7 (radius: 25)
[00:36:50 -562578.200044] Model parameter optimization (eps = 0.100000)

[00:36:50] ML tree search #7, logLikelihood: -562577.761286

[00:36:51 -1563915.813763] Initial branch length optimization
[00:36:51 -1300490.014295] Model parameter optimization (eps = 10.000000)
[00:37:03 -1267852.759435] AUTODETECT spr round 1 (radius: 5)
[00:37:09 -960852.306321] AUTODETECT spr round 2 (radius: 10)
[00:37:18 -720429.085117] AUTODETECT spr round 3 (radius: 15)
[00:37:28 -640203.701984] AUTODETECT spr round 4 (radius: 20)
[00:37:40 -635951.860416] AUTODETECT spr round 5 (radius: 25)
[00:37:54 -635951.764715] SPR radius for FAST iterations: 20 (autodetect)
[00:37:54 -635951.764715] Model parameter optimization (eps = 3.000000)
[00:37:58 -633620.771331] FAST spr round 1 (radius: 20)
[00:38:12 -565007.061536] FAST spr round 2 (radius: 20)
[00:38:22 -562818.442488] FAST spr round 3 (radius: 20)
[00:38:29 -562728.364291] FAST spr round 4 (radius: 20)
[00:38:35 -562683.264212] FAST spr round 5 (radius: 20)
[00:38:40 -562679.148843] FAST spr round 6 (radius: 20)
[00:38:45 -562679.035748] FAST spr round 7 (radius: 20)
[00:38:50 -562679.035748] Model parameter optimization (eps = 1.000000)
[00:38:52 -562615.008419] SLOW spr round 1 (radius: 5)
[00:39:11 -562578.201961] SLOW spr round 2 (radius: 5)
[00:39:29 -562578.195995] SLOW spr round 3 (radius: 10)
[00:39:49 -562578.194153] SLOW spr round 4 (radius: 15)
[00:40:45 -562578.193407] SLOW spr round 5 (radius: 20)
[00:41:32 -562578.193077] SLOW spr round 6 (radius: 25)
[00:41:59 -562578.192928] Model parameter optimization (eps = 0.100000)

[00:42:00] ML tree search #8, logLikelihood: -562577.645265

[00:42:00 -1569370.783509] Initial branch length optimization
[00:42:01 -1319576.133276] Model parameter optimization (eps = 10.000000)
[00:42:11 -1287911.456249] AUTODETECT spr round 1 (radius: 5)
[00:42:17 -895292.834684] AUTODETECT spr round 2 (radius: 10)
[00:42:26 -726987.409397] AUTODETECT spr round 3 (radius: 15)
[00:42:40 -651396.226625] AUTODETECT spr round 4 (radius: 20)
[00:42:54 -645302.378298] AUTODETECT spr round 5 (radius: 25)
[00:43:08 -645302.201852] SPR radius for FAST iterations: 25 (autodetect)
[00:43:08 -645302.201852] Model parameter optimization (eps = 3.000000)
[00:43:13 -643233.338633] FAST spr round 1 (radius: 25)
[00:43:27 -564729.152437] FAST spr round 2 (radius: 25)
[00:43:38 -562873.586599] FAST spr round 3 (radius: 25)
[00:43:44 -562795.891092] FAST spr round 4 (radius: 25)
[00:43:49 -562767.961079] FAST spr round 5 (radius: 25)
[00:43:54 -562766.599339] FAST spr round 6 (radius: 25)
[00:43:59 -562766.470116] FAST spr round 7 (radius: 25)
[00:44:04 -562766.470116] Model parameter optimization (eps = 1.000000)
[00:44:06 -562653.960973] SLOW spr round 1 (radius: 5)
[00:44:25 -562607.010892] SLOW spr round 2 (radius: 5)
[00:44:42 -562607.010431] SLOW spr round 3 (radius: 10)
[00:45:03 -562607.010392] SLOW spr round 4 (radius: 15)
[00:45:58 -562607.010385] SLOW spr round 5 (radius: 20)
[00:46:45 -562607.010384] SLOW spr round 6 (radius: 25)
[00:47:12 -562607.010383] Model parameter optimization (eps = 0.100000)

[00:47:12] ML tree search #9, logLikelihood: -562606.948012

[00:47:12 -1560228.149230] Initial branch length optimization
[00:47:13 -1299633.431749] Model parameter optimization (eps = 10.000000)
[00:47:23 -1268433.905236] AUTODETECT spr round 1 (radius: 5)
[00:47:30 -958600.868288] AUTODETECT spr round 2 (radius: 10)
[00:47:38 -760170.865888] AUTODETECT spr round 3 (radius: 15)
[00:47:49 -700878.620778] AUTODETECT spr round 4 (radius: 20)
[00:48:03 -680693.577418] AUTODETECT spr round 5 (radius: 25)
[00:48:16 -680636.081006] SPR radius for FAST iterations: 25 (autodetect)
[00:48:16 -680636.081006] Model parameter optimization (eps = 3.000000)
[00:48:22 -678727.460590] FAST spr round 1 (radius: 25)
[00:48:33 -567113.770995] FAST spr round 2 (radius: 25)
[00:48:43 -562904.583292] FAST spr round 3 (radius: 25)
[00:48:50 -562779.419043] FAST spr round 4 (radius: 25)
[00:48:55 -562778.858031] FAST spr round 5 (radius: 25)
[00:49:00 -562778.725189] FAST spr round 6 (radius: 25)
[00:49:05 -562778.725189] Model parameter optimization (eps = 1.000000)
[00:49:07 -562589.617514] SLOW spr round 1 (radius: 5)
[00:49:26 -562581.134882] SLOW spr round 2 (radius: 5)
[00:49:43 -562580.253531] SLOW spr round 3 (radius: 5)
[00:50:00 -562580.253429] SLOW spr round 4 (radius: 10)
[00:50:21 -562580.253422] SLOW spr round 5 (radius: 15)
[00:51:17 -562580.253421] SLOW spr round 6 (radius: 20)
[00:52:04 -562580.253421] SLOW spr round 7 (radius: 25)
[00:52:30 -562580.253421] Model parameter optimization (eps = 0.100000)

[00:52:31] ML tree search #10, logLikelihood: -562580.208413

[00:52:31 -697211.991208] Initial branch length optimization
[00:52:31 -583976.981046] Model parameter optimization (eps = 10.000000)
[00:52:35 -563241.606187] AUTODETECT spr round 1 (radius: 5)
[00:52:40 -562636.911139] AUTODETECT spr round 2 (radius: 10)
[00:52:50 -562636.893636] SPR radius for FAST iterations: 5 (autodetect)
[00:52:50 -562636.893636] Model parameter optimization (eps = 3.000000)
[00:52:50 -562635.750608] FAST spr round 1 (radius: 5)
[00:52:55 -562612.467356] FAST spr round 2 (radius: 5)
[00:53:00 -562612.458310] Model parameter optimization (eps = 1.000000)
[00:53:01 -562612.286846] SLOW spr round 1 (radius: 5)
[00:53:21 -562578.365091] SLOW spr round 2 (radius: 5)
[00:53:39 -562578.364330] SLOW spr round 3 (radius: 10)
[00:54:00 -562578.364233] SLOW spr round 4 (radius: 15)
[00:54:55 -562578.364210] SLOW spr round 5 (radius: 20)
[00:55:43 -562578.364201] SLOW spr round 6 (radius: 25)
[00:56:09 -562578.364198] Model parameter optimization (eps = 0.100000)

[00:56:10] ML tree search #11, logLikelihood: -562578.080096

[00:56:10 -697013.511604] Initial branch length optimization
[00:56:10 -583940.663521] Model parameter optimization (eps = 10.000000)
[00:56:14 -563219.791606] AUTODETECT spr round 1 (radius: 5)
[00:56:19 -562670.840301] AUTODETECT spr round 2 (radius: 10)
[00:56:29 -562670.824246] SPR radius for FAST iterations: 5 (autodetect)
[00:56:29 -562670.824246] Model parameter optimization (eps = 3.000000)
[00:56:29 -562669.311946] FAST spr round 1 (radius: 5)
[00:56:34 -562634.554301] FAST spr round 2 (radius: 5)
[00:56:39 -562634.554297] Model parameter optimization (eps = 1.000000)
[00:56:39 -562634.323521] SLOW spr round 1 (radius: 5)
[00:56:59 -562607.374167] SLOW spr round 2 (radius: 5)
[00:57:16 -562607.371618] SLOW spr round 3 (radius: 10)
[00:57:36 -562607.371392] SLOW spr round 4 (radius: 15)
[00:58:31 -562607.371369] SLOW spr round 5 (radius: 20)
[00:59:17 -562607.371365] SLOW spr round 6 (radius: 25)
[00:59:44 -562607.371364] Model parameter optimization (eps = 0.100000)

[00:59:45] ML tree search #12, logLikelihood: -562607.301332

[00:59:45 -697666.337920] Initial branch length optimization
[00:59:45 -584144.475312] Model parameter optimization (eps = 10.000000)
[00:59:49 -563341.022033] AUTODETECT spr round 1 (radius: 5)
[00:59:53 -562681.955458] AUTODETECT spr round 2 (radius: 10)
[01:00:04 -562681.939056] SPR radius for FAST iterations: 5 (autodetect)
[01:00:04 -562681.939056] Model parameter optimization (eps = 3.000000)
[01:00:04 -562681.227937] FAST spr round 1 (radius: 5)
[01:00:09 -562663.791817] FAST spr round 2 (radius: 5)
[01:00:14 -562663.295610] FAST spr round 3 (radius: 5)
[01:00:18 -562663.295604] Model parameter optimization (eps = 1.000000)
[01:00:18 -562663.079184] SLOW spr round 1 (radius: 5)
[01:00:39 -562597.558129] SLOW spr round 2 (radius: 5)
[01:00:56 -562579.859389] SLOW spr round 3 (radius: 5)
[01:01:13 -562579.859241] SLOW spr round 4 (radius: 10)
[01:01:34 -562579.859225] SLOW spr round 5 (radius: 15)
[01:02:29 -562579.859222] SLOW spr round 6 (radius: 20)
[01:03:15 -562579.859221] SLOW spr round 7 (radius: 25)
[01:03:41 -562579.859220] Model parameter optimization (eps = 0.100000)

[01:03:42] ML tree search #13, logLikelihood: -562579.463693

[01:03:42 -697680.771029] Initial branch length optimization
[01:03:43 -584373.395773] Model parameter optimization (eps = 10.000000)
[01:03:46 -563685.729749] AUTODETECT spr round 1 (radius: 5)
[01:03:51 -562745.005268] AUTODETECT spr round 2 (radius: 10)
[01:04:01 -562653.289887] AUTODETECT spr round 3 (radius: 15)
[01:04:17 -562653.287892] SPR radius for FAST iterations: 10 (autodetect)
[01:04:17 -562653.287892] Model parameter optimization (eps = 3.000000)
[01:04:18 -562651.256940] FAST spr round 1 (radius: 10)
[01:04:23 -562630.110291] FAST spr round 2 (radius: 10)
[01:04:28 -562628.298446] FAST spr round 3 (radius: 10)
[01:04:32 -562628.298432] Model parameter optimization (eps = 1.000000)
[01:04:33 -562627.910802] SLOW spr round 1 (radius: 5)
[01:04:53 -562586.421007] SLOW spr round 2 (radius: 5)
[01:05:11 -562578.177637] SLOW spr round 3 (radius: 5)
[01:05:27 -562578.176528] SLOW spr round 4 (radius: 10)
[01:05:48 -562578.176338] SLOW spr round 5 (radius: 15)
[01:06:43 -562578.176294] SLOW spr round 6 (radius: 20)
[01:07:29 -562578.176280] SLOW spr round 7 (radius: 25)
[01:07:55 -562578.176274] Model parameter optimization (eps = 0.100000)

[01:07:56] ML tree search #14, logLikelihood: -562578.092361

[01:07:56 -697730.952754] Initial branch length optimization
[01:07:56 -584252.543001] Model parameter optimization (eps = 10.000000)
[01:08:00 -563483.540314] AUTODETECT spr round 1 (radius: 5)
[01:08:05 -562696.647613] AUTODETECT spr round 2 (radius: 10)
[01:08:15 -562696.631245] SPR radius for FAST iterations: 5 (autodetect)
[01:08:15 -562696.631245] Model parameter optimization (eps = 3.000000)
[01:08:15 -562695.244945] FAST spr round 1 (radius: 5)
[01:08:20 -562667.451440] FAST spr round 2 (radius: 5)
[01:08:25 -562667.450767] Model parameter optimization (eps = 1.000000)
[01:08:25 -562667.141302] SLOW spr round 1 (radius: 5)
[01:08:44 -562652.444994] SLOW spr round 2 (radius: 5)
[01:09:02 -562652.444977] SLOW spr round 3 (radius: 10)
[01:09:22 -562652.444975] SLOW spr round 4 (radius: 15)
[01:10:20 -562652.444974] SLOW spr round 5 (radius: 20)
[01:11:06 -562652.444974] SLOW spr round 6 (radius: 25)
[01:11:30 -562652.444974] Model parameter optimization (eps = 0.100000)

[01:11:30] ML tree search #15, logLikelihood: -562652.376929

[01:11:30 -697696.773624] Initial branch length optimization
[01:11:30 -584377.500921] Model parameter optimization (eps = 10.000000)
[01:11:34 -563583.717180] AUTODETECT spr round 1 (radius: 5)
[01:11:39 -562717.381265] AUTODETECT spr round 2 (radius: 10)
[01:11:49 -562717.375001] SPR radius for FAST iterations: 5 (autodetect)
[01:11:49 -562717.375001] Model parameter optimization (eps = 3.000000)
[01:11:50 -562715.721333] FAST spr round 1 (radius: 5)
[01:11:55 -562711.419549] FAST spr round 2 (radius: 5)
[01:11:59 -562711.332977] Model parameter optimization (eps = 1.000000)
[01:11:59 -562711.106729] SLOW spr round 1 (radius: 5)
[01:12:22 -562627.766366] SLOW spr round 2 (radius: 5)
[01:12:41 -562583.740019] SLOW spr round 3 (radius: 5)
[01:12:58 -562578.547600] SLOW spr round 4 (radius: 5)
[01:13:15 -562578.547238] SLOW spr round 5 (radius: 10)
[01:13:35 -562578.547190] SLOW spr round 6 (radius: 15)
[01:14:30 -562578.547178] SLOW spr round 7 (radius: 20)
[01:15:16 -562578.547174] SLOW spr round 8 (radius: 25)
[01:15:43 -562578.547172] Model parameter optimization (eps = 0.100000)

[01:15:44] ML tree search #16, logLikelihood: -562578.085317

[01:15:44 -697925.552971] Initial branch length optimization
[01:15:44 -584429.547283] Model parameter optimization (eps = 10.000000)
[01:15:48 -563728.379719] AUTODETECT spr round 1 (radius: 5)
[01:15:52 -562762.217417] AUTODETECT spr round 2 (radius: 10)
[01:16:02 -562762.202894] SPR radius for FAST iterations: 5 (autodetect)
[01:16:02 -562762.202894] Model parameter optimization (eps = 3.000000)
[01:16:03 -562760.695282] FAST spr round 1 (radius: 5)
[01:16:09 -562649.886662] FAST spr round 2 (radius: 5)
[01:16:14 -562640.131638] FAST spr round 3 (radius: 5)
[01:16:18 -562612.132116] FAST spr round 4 (radius: 5)
[01:16:23 -562612.130332] Model parameter optimization (eps = 1.000000)
[01:16:23 -562611.810788] SLOW spr round 1 (radius: 5)
[01:16:43 -562578.473318] SLOW spr round 2 (radius: 5)
[01:17:01 -562578.471048] SLOW spr round 3 (radius: 10)
[01:17:21 -562578.470824] SLOW spr round 4 (radius: 15)
[01:18:16 -562578.470786] SLOW spr round 5 (radius: 20)
[01:19:02 -562578.470775] SLOW spr round 6 (radius: 25)
[01:19:28 -562578.470771] Model parameter optimization (eps = 0.100000)

[01:19:29] ML tree search #17, logLikelihood: -562578.092240

[01:19:29 -697287.838341] Initial branch length optimization
[01:19:30 -583946.523960] Model parameter optimization (eps = 10.000000)
[01:19:34 -563258.120215] AUTODETECT spr round 1 (radius: 5)
[01:19:38 -562716.184670] AUTODETECT spr round 2 (radius: 10)
[01:19:48 -562716.171526] SPR radius for FAST iterations: 5 (autodetect)
[01:19:48 -562716.171526] Model parameter optimization (eps = 3.000000)
[01:19:49 -562714.539875] FAST spr round 1 (radius: 5)
[01:19:54 -562686.944899] FAST spr round 2 (radius: 5)
[01:19:58 -562686.854001] Model parameter optimization (eps = 1.000000)
[01:19:59 -562686.630785] SLOW spr round 1 (radius: 5)
[01:20:19 -562680.045987] SLOW spr round 2 (radius: 5)
[01:20:36 -562680.045671] SLOW spr round 3 (radius: 10)
[01:20:56 -562680.045638] SLOW spr round 4 (radius: 15)
[01:21:53 -562680.045635] SLOW spr round 5 (radius: 20)
[01:22:40 -562680.045634] SLOW spr round 6 (radius: 25)
[01:23:03 -562680.045634] Model parameter optimization (eps = 0.100000)

[01:23:03] ML tree search #18, logLikelihood: -562679.988484

[01:23:03 -697316.856998] Initial branch length optimization
[01:23:04 -584102.620462] Model parameter optimization (eps = 10.000000)
[01:23:07 -563289.857259] AUTODETECT spr round 1 (radius: 5)
[01:23:12 -562773.304152] AUTODETECT spr round 2 (radius: 10)
[01:23:23 -562682.249944] AUTODETECT spr round 3 (radius: 15)
[01:23:40 -562682.246992] SPR radius for FAST iterations: 10 (autodetect)
[01:23:40 -562682.246992] Model parameter optimization (eps = 3.000000)
[01:23:40 -562681.490636] FAST spr round 1 (radius: 10)
[01:23:45 -562680.468270] FAST spr round 2 (radius: 10)
[01:23:50 -562680.378152] Model parameter optimization (eps = 1.000000)
[01:23:50 -562680.187996] SLOW spr round 1 (radius: 5)
[01:24:10 -562616.051804] SLOW spr round 2 (radius: 5)
[01:24:27 -562608.309150] SLOW spr round 3 (radius: 5)
[01:24:44 -562608.307864] SLOW spr round 4 (radius: 10)
[01:25:04 -562608.307692] SLOW spr round 5 (radius: 15)
[01:25:59 -562608.307667] SLOW spr round 6 (radius: 20)
[01:26:45 -562608.307665] SLOW spr round 7 (radius: 25)
[01:27:12 -562608.307664] Model parameter optimization (eps = 0.100000)

[01:27:13] ML tree search #19, logLikelihood: -562608.161621

[01:27:13 -697086.449071] Initial branch length optimization
[01:27:13 -584128.744713] Model parameter optimization (eps = 10.000000)
[01:27:17 -563338.207835] AUTODETECT spr round 1 (radius: 5)
[01:27:22 -562640.933844] AUTODETECT spr round 2 (radius: 10)
[01:27:32 -562640.911788] SPR radius for FAST iterations: 5 (autodetect)
[01:27:32 -562640.911788] Model parameter optimization (eps = 3.000000)
[01:27:32 -562639.484351] FAST spr round 1 (radius: 5)
[01:27:37 -562630.204179] FAST spr round 2 (radius: 5)
[01:27:42 -562630.204145] Model parameter optimization (eps = 1.000000)
[01:27:42 -562629.941150] SLOW spr round 1 (radius: 5)
[01:28:03 -562600.378941] SLOW spr round 2 (radius: 5)
[01:28:21 -562596.916072] SLOW spr round 3 (radius: 5)
[01:28:38 -562596.916018] SLOW spr round 4 (radius: 10)
[01:28:58 -562596.916014] SLOW spr round 5 (radius: 15)
[01:29:53 -562596.916013] SLOW spr round 6 (radius: 20)
[01:30:40 -562596.916013] SLOW spr round 7 (radius: 25)
[01:31:06 -562596.916013] Model parameter optimization (eps = 0.100000)

[01:31:06] ML tree search #20, logLikelihood: -562596.865974


Optimized model parameters:

   Partition 0: noname
   Rate heterogeneity: GAMMA (4 cats, mean),  alpha: 0.728002 (ML),  weights&rates: (0.250000,0.080177) (0.250000,0.376448) (0.250000,0.934819) (0.250000,2.608556) 
   P-inv (ML): 0.032152
   Base frequencies (ML): 0.229186 0.279682 0.241061 0.250070 
   Substitution rates (ML): 1.908695 4.976806 1.699945 1.081667 6.235689 1.000000 


Final LogLikelihood: -562577.311339

AIC score: 1126040.622678 / AICc score: 1126070.801735 / BIC score: 1129367.060150
Free parameters (model + branch lengths): 443

WARNING: Best ML tree contains 3 near-zero branches!

Best ML tree with collapsed near-zero branches saved to: /home/gkettenburg/RAxML_tree/sapo_tree/T2.raxml.bestTreeCollapsed
Best ML tree saved to: /home/gkettenburg/RAxML_tree/sapo_tree/T2.raxml.bestTree
All ML trees saved to: /home/gkettenburg/RAxML_tree/sapo_tree/T2.raxml.mlTrees
Optimized model saved to: /home/gkettenburg/RAxML_tree/sapo_tree/T2.raxml.bestModel

Execution log saved to: /home/gkettenburg/RAxML_tree/sapo_tree/T2.raxml.log

Analysis started: 10-Jun-2024 16:26:27 / finished: 10-Jun-2024 17:57:34

Elapsed time: 5466.688 seconds

Consumed energy: 256.773 Wh (= 1 km in an electric car, or 6 km with an e-scooter!)

