IQ-TREE multicore version 1.6.12 for Mac OS X 64-bit built Aug 15 2019
Developed by Bui Quang Minh, Nguyen Lam Tung, Olga Chernomor,
Heiko Schmidt, Dominik Schrempf, Michael Woodhams.

Host:    Gwenddolens-MacBook-Air.local (SSE4.2, 16 GB RAM)
Command: bin/iqtree -s hepato_align.fasta -bb 1000
Seed:    520644 (Using SPRNG - Scalable Parallel Random Number Generator)
Time:    Sun Jun 15 16:41:31 2025
Kernel:  SSE2 - 1 threads (10 CPU cores detected)

HINT: Use -nt option to specify number of threads because your CPU has 10 cores!
HINT: -nt AUTO will automatically determine the best number of threads to use.

Reading alignment file hepato_align.fasta ... Fasta format detected
Alignment most likely contains DNA/RNA sequences
Alignment has 129 sequences with 12500 columns, 7027 distinct patterns
5949 parsimony-informative, 1473 singleton sites, 5078 constant sites
             Gap/Ambiguity  Composition  p-value
   1  AB258387.1    40.16%    passed     71.79%
   2  AB279735.1    40.18%    passed     70.30%
   3  AB300205.1    40.29%    passed     40.64%
   4  AB425339.1    40.30%    passed     39.90%
   5  AB279732.1    40.18%    passed     47.55%
   6  JQ655151.1    40.91%    passed     65.01%
   7  DQ991029.1    40.06%    passed     50.37%
   8  FJ360733.1    40.19%    passed     35.12%
   9  FJ360730.1    40.18%    passed     55.42%
  10  MN062167.1    40.46%    passed     54.34%
  11  FJ360732.1    40.16%    passed     56.38%
  12  FJ360734.1    40.18%    passed     32.79%
  13  OR261026.1    40.46%    passed     44.72%
  14  OR261027.1    40.48%    passed     47.54%
  15  FJ360731.1    40.28%    passed     35.90%
  16  DQ991030.1    40.06%    passed     71.77%
  17  EU011791.1    40.38%    passed     84.82%
  18  FJ360735.1    40.22%    passed     60.15%
  19  AB279733.1    40.19%    passed     65.47%
  20  AB279734.1    40.18%    passed     64.63%
  21  AB618529.1    40.36%    passed     80.06%
  22  AB618531.1    40.05%    passed     68.87%
  23  AB623053.1    40.34%    passed     94.93%
  24  AB909123.1    42.44%    passed     95.75%
  25  LC049340.1    40.06%    passed     77.83%
  26  LC191189.1    40.06%    passed     94.58%
  27  LC373510.1    40.02%    passed     95.39%
  28  AB839692.1    40.17%    passed     93.72%
  29  AB839693.1    40.06%    passed     90.62%
  30  AF485328.1    40.18%    passed     78.61%
  31  AF512536.1    40.19%    passed     69.07%
  32  KP177964.1    40.05%    passed     92.12%
  33  LC049338.1    40.06%    passed     91.24%
  34  LC049337.1    40.07%    passed     92.13%
  35  LC049339.1    40.06%    passed     86.64%
  36  LC049342.1    40.06%    passed     83.78%
  37  EF207320.1    40.57%    passed     85.18%
  38  LC049341.1    40.06%    passed     82.85%
  39  LC416593.1    40.05%    passed     83.80%
  40  LC416594.1    40.05%    passed     85.05%
  41  LC416595.1    40.05%    passed     84.29%
  42  LC435031.1    40.05%    passed     82.64%
  43  LC435032.1    40.05%    passed     77.71%
  44  HM769724.1    40.18%    passed     74.81%
  45  MN832786.1    40.91%    passed     62.90%
  46  EU526088.1    40.39%    passed     75.57%
  47  EU526089.1    40.38%    passed     65.98%
  48  HQ437707.1    40.10%    passed     86.27%
  49  JQ425480.1    40.34%    passed     84.10%
  50  KC182587.1    41.29%    passed     76.98%
  51  MN062165.1    40.34%    passed     76.22%
  52  MG049743.1    40.30%    passed     92.38%
  53  OK625565.1    39.98%    passed     98.16%
  54  MN062166.1    40.32%    passed     87.58%
  55  X83302.1      40.63%    passed     62.15%
  56  KJ427799.1    40.86%    passed     69.92%
  57  DQ646426.1    40.09%    passed     90.89%
  58  KF569906.1    40.90%    passed     94.30%
  59  KX523680.1    40.22%    passed     91.39%
  60  KP879216.1    40.10%    passed     88.61%
  61  KX035096.1    39.83%    passed     90.98%
  62  MT181522.1    40.62%    passed     95.42%
  63  KP879217.1    40.19%    passed     89.74%
  64  NC_001489.1   40.18%    passed     86.21%
  65  MK829707.1    40.20%    passed     93.23%
  66  KX228694.1    41.42%    passed     94.80%
  67  OQ161772.2    40.51%    passed     76.83%
  68  MH577308.1    40.27%    passed     89.88%
  69  MH577309.1    40.29%    passed     87.94%
  70  MH577312.1    40.34%    passed     88.32%
  71  MN832785.1    41.42%    passed     95.57%
  72  MH577313.1    40.30%    passed     92.14%
  73  MH577314.1    40.58%    passed     93.30%
  74  KY003229.1    40.93%    passed     87.21%
  75  LC515201.1    40.73%    passed     92.29%
  76  MG546668.1    42.09%    passed     90.15%
  77  HQ246217.1    40.64%    passed     92.70%
  78  LC128713.1    40.70%    passed     97.40%
  79  AY644670.1    40.69%    passed     60.09%
  80  AY644676.1    40.59%    passed     40.47%
  81  LC515196.1    40.65%    passed     38.63%
  82  LC515198.1    40.70%    passed     40.06%
  83  LC515199.1    40.95%    passed     42.38%
  84  LC515200.1    40.95%    passed     49.23%
  85  LC515202.1    40.83%    passed     54.63%
  86  LC515197.1    40.83%    passed     53.16%
  87  OR452341.1    42.71%    passed     85.01%
  88  OR452343.1    40.54%    passed     85.56%
  89  OR452344.1    39.77%    passed     67.70%
  90  EU140838.1    40.60%    passed     49.00%
  91  KT819575.1    41.99%    passed     80.06%
  92  OQ559662.1    40.09%    passed     37.54%
  93  KT229611.1    39.45%    failed      0.00%
  94  KT229612.1    39.45%    failed      0.00%
  95  MW391925.1    39.40%    failed      0.00%
  96  NC_038315.1   39.50%    failed      0.00%
  97  KT452641.1    38.97%    failed      0.23%
  98  NC_028363.1   38.75%    failed      0.40%
  99  MG181943.1    40.51%    failed      0.05%
 100  KT452695.1    40.67%    passed     10.60%
 101  KT452698.1    40.53%    passed      6.91%
 102  NC_028365.1   44.57%    failed      1.16%
 103  NC_028366.1   41.34%    failed      0.00%
 104  OQ818337      53.72%    failed      0.50%
 105  PP766457      41.30%    failed      0.08%
 106  PP766455      41.72%    failed      0.02%
 107  NC_028981.1   40.66%    failed      0.33%
 108  KX420952.1    40.28%    failed      4.71%
 109  MG559674.1    42.53%    passed      9.02%
 110  OR867084.1    52.05%    passed      6.46%
 111  OR867085.1    40.98%    passed     31.31%
 112  OR867083.1    40.67%    passed     67.46%
 113  OR951296.1    44.72%    passed     22.88%
 114  OR867086.1    41.95%    passed     55.02%
 115  OR951271.1    45.28%    passed     29.10%
 116  OR951272.1    45.62%    passed     15.33%
 117  OR951275.1    44.74%    passed     47.44%
 118  OR367421.1    40.77%    failed      4.10%
 119  NC_038316.1   40.81%    passed      5.28%
 120  OM302498.1    44.63%    failed      0.53%
 121  NC_027818.1   40.20%    failed      0.00%
 122  NC_038313.1   39.44%    failed      0.84%
 123  OR951317.1    44.22%    failed      0.00%
 124  OR951320.1    46.22%    failed      0.00%
 125  KT452661.1    37.47%    failed      0.02%
 126  NC_028364.1   37.52%    failed      0.40%
 127  NC_038314.1   40.75%    failed      0.09%
 128  MT457854.1    42.26%    failed      0.00%
 129  NC_001547.1    6.38%    failed      0.00%
WARNING: 2 sequences contain more than 50% gaps/ambiguity
****  TOTAL         40.63%  25 sequences failed composition chi2 test (p-value<5%; df=3)


Create initial parsimony tree by phylogenetic likelihood library (PLL)... 0.086 seconds
NOTE: ModelFinder requires 320 MB RAM!
ModelFinder will test 286 DNA models (sample size: 12500) ...
 No. Model         -LnL         df  AIC          AICc         BIC
  1  JC            251028.033   255 502566.065   502576.729   504461.604
  2  JC+I          245939.104   256 492390.208   492400.956   494293.180
  3  JC+G4         233821.007   256 468154.014   468164.761   470056.986
  4  JC+I+G4       233756.575   257 468027.151   468037.983   469937.556
  5  JC+R2         235991.527   257 472497.055   472507.887   474407.460
  6  JC+R3         234544.824   259 469607.648   469618.651   471532.920
  7  JC+R4         233997.086   261 468516.171   468527.347   470456.311
  8  JC+R5         233762.198   263 468050.396   468061.745   470005.403
  9  JC+R6         233644.774   265 467819.549   467831.072   469789.422
 10  JC+R7         233582.123   267 467698.246   467709.946   469682.987
 11  JC+R8         233545.454   269 467628.909   467640.786   469628.516
 12  JC+R9         233522.172   271 467586.344   467598.400   469600.818
 13  JC+R10        233508.151   273 467562.302   467574.538   469591.643
 14  F81+F         252009.171   258 504534.342   504545.260   506452.181
 15  F81+F+I       246755.469   259 494028.939   494039.942   495954.211
 16  F81+F+G4      233335.779   259 467189.559   467200.562   469114.831
 17  F81+F+I+G4    233273.456   260 467066.912   467078.001   468999.617
 18  F81+F+R2      235955.494   260 472430.987   472442.077   474363.693
 19  F81+F+R3      234458.482   262 469440.964   469452.226   471388.536
 20  F81+F+R4      233775.914   264 468079.828   468091.264   470042.267
 21  F81+F+R5      233466.237   266 467464.475   467476.087   469441.782
 22  F81+F+R6      233299.216   268 467134.431   467146.220   469126.605
 23  F81+F+R7      233204.887   270 466949.774   466961.741   468956.815
 24  F81+F+R8      233147.199   272 466838.397   466850.544   468860.305
 25  F81+F+R9      233110.608   274 466769.215   466781.542   468805.990
 26  F81+F+R10     233088.314   276 466728.628   466741.137   468780.269
 27  K2P           245129.611   256 490771.222   490781.970   492674.194
 28  K2P+I         239918.779   257 480351.557   480362.390   482261.963
 29  K2P+G4        226530.517   257 453575.034   453585.866   455485.439
 30  K2P+I+G4      226478.545   258 453473.090   453484.008   455390.929
 31  K2P+R2        229329.594   258 459175.189   459186.107   461093.028
 32  K2P+R3        227808.281   260 456136.562   456147.651   458069.268
 33  K2P+R4        227072.053   262 454668.106   454679.368   456615.679
 34  K2P+R5        226713.209   264 453954.418   453965.854   455916.858
 35  K2P+R6        226513.565   266 453559.131   453570.742   455536.438
 36  K2P+R7        226400.099   268 453336.198   453347.986   455328.372
 37  K2P+R8        226332.218   270 453204.436   453216.403   455211.477
 38  K2P+R9        226289.824   272 453123.648   453135.794   455145.556
 39  K2P+R10       226264.273   274 453076.547   453088.874   455113.321
 40  HKY+F         245009.119   259 490536.239   490547.242   492461.511
 41  HKY+F+I       239482.223   260 479484.447   479495.536   481417.152
 42  HKY+F+G4      223579.909   260 447679.819   447690.908   449612.525
 43  HKY+F+I+G4    223542.963   261 447607.926   447619.101   449548.065
 44  HKY+F+R2      227329.946   261 455181.891   455193.067   457122.031
 45  HKY+F+R3      225666.435   263 451858.870   451870.219   453813.877
 46  HKY+F+R4      224633.274   265 449796.548   449808.072   451766.421
 47  HKY+F+R5      224128.858   267 448791.717   448803.417   450776.457
 48  HKY+F+R6      223840.553   269 448219.107   448230.984   450218.714
 49  HKY+F+R7      223666.050   271 447874.100   447886.157   449888.575
 50  HKY+F+R8      223554.678   273 447655.355   447667.592   449684.696
 51  HKY+F+R9      223479.419   275 447508.837   447521.255   449553.045
 52  HKY+F+R10     223429.830   277 447413.660   447426.261   449472.735
 53  TNe           245048.753   257 490611.505   490622.338   492521.911
 54  TNe+I         239846.489   258 480208.977   480219.895   482126.816
 55  TNe+G4        226448.443   258 453412.886   453423.804   455330.725
 56  TNe+I+G4      226400.591   259 453319.182   453330.185   455244.454
 57  TNe+R2        229282.217   259 459082.433   459093.437   461007.706
 58  TNe+R3        227759.757   261 456041.514   456052.689   457981.653
 59  TNe+R4        227020.419   263 454566.837   454578.186   456521.843
 60  TNe+R5        226652.049   265 453834.097   453845.621   455803.971
 61  TNe+R6        226453.667   267 453441.335   453453.034   455426.075
 62  TNe+R7        226339.380   269 453216.760   453228.637   455216.367
 63  TNe+R8        226272.126   271 453086.253   453098.309   455100.727
 64  TNe+R9        226229.972   273 453005.943   453018.180   455035.284
 65  TNe+R10       226204.203   275 452958.407   452970.825   455002.615
 66  TN+F          244591.587   260 489703.173   489714.262   491635.879
 67  TN+F+I        239059.532   261 478641.063   478652.238   480581.202
 68  TN+F+G4       223067.104   261 446656.208   446667.384   448596.348
 69  TN+F+I+G4     223030.561   262 446585.122   446596.384   448532.695
 70  TN+F+R2       226859.757   262 454243.514   454254.776   456191.087
 71  TN+F+R3       225181.178   264 450890.356   450901.792   452852.796
 72  TN+F+R4       224157.668   266 448847.336   448858.948   450824.643
 73  TN+F+R5       223647.054   268 447830.108   447841.896   449822.282
 74  TN+F+R6       223358.944   270 447257.889   447269.855   449264.929
 75  TN+F+R7       223182.932   272 446909.865   446922.011   448931.772
 76  TN+F+R8       223071.100   274 446690.200   446702.527   448726.975
 77  TN+F+R9       222994.895   276 446541.790   446554.300   448593.432
 78  TN+F+R10      222944.256   278 446444.511   446457.204   448511.020
 79  K3P           244655.049   257 489824.098   489834.931   491734.504
 80  K3P+I         239418.521   258 479353.042   479363.960   481270.881
 81  K3P+G4        226248.811   258 453013.623   453024.540   454931.462
 82  K3P+I+G4      226187.385   259 452892.769   452903.773   454818.042
 83  K3P+R2        228894.474   259 458306.948   458317.951   460232.220
 84  K3P+R3        227415.675   261 455353.351   455364.526   457293.490
 85  K3P+R4        226714.406   263 453954.813   453966.162   455909.819
 86  K3P+R5        226373.543   265 453277.087   453288.610   455246.960
 87  K3P+R6        226186.827   267 452907.654   452919.354   454892.394
 88  K3P+R7        226079.750   269 452697.500   452709.377   454697.107
 89  K3P+R8        226017.162   271 452576.323   452588.380   454590.798
 90  K3P+R9        225977.520   273 452501.040   452513.276   454530.381
 91  K3P+R10       225954.014   275 452458.029   452470.447   454502.237
 92  K3Pu+F        244820.308   260 490160.616   490171.705   492093.322
 93  K3Pu+F+I      239302.664   261 479127.327   479138.502   481067.466
 94  K3Pu+F+G4     223548.905   261 447619.810   447630.986   449559.950
 95  K3Pu+F+I+G4   223511.356   262 447546.712   447557.974   449494.285
 96  K3Pu+F+R2     227239.031   262 455002.062   455013.324   456949.635
 97  K3Pu+F+R3     225587.258   264 451702.516   451713.952   453664.955
 98  K3Pu+F+R4     224581.323   266 449694.645   449706.257   451671.952
 99  K3Pu+F+R5     224087.603   268 448711.205   448722.994   450703.379
100  K3Pu+F+R6     223802.163   270 448144.326   448156.293   450151.367
101  K3Pu+F+R7     223628.273   272 447800.546   447812.692   449822.453
102  K3Pu+F+R8     223518.641   274 447585.281   447597.608   449622.056
103  K3Pu+F+R9     223444.695   276 447441.390   447453.899   449493.031
104  K3Pu+F+R10    223396.073   278 447348.145   447360.838   449414.654
105  TPM2+F        244547.993   260 489615.987   489627.076   491548.693
106  TPM2+F+I      239074.965   261 478671.931   478683.106   480612.070
107  TPM2+F+G4     223399.004   261 447320.008   447331.183   449260.147
108  TPM2+F+I+G4   223363.038   262 447250.076   447261.338   449197.649
109  TPM2+F+R2     227015.174   262 454554.348   454565.610   456501.921
110  TPM2+F+R3     225367.458   264 451262.915   451274.351   453225.355
111  TPM2+F+R4     224392.187   266 449316.374   449327.986   451293.681
112  TPM2+F+R5     223910.857   268 448357.713   448369.502   450349.887
113  TPM2+F+R6     223634.287   270 447808.573   447820.540   449815.614
114  TPM2+F+R7     223467.275   272 447478.550   447490.696   449500.458
115  TPM2+F+R8     223362.774   274 447273.547   447285.874   449310.322
116  TPM2+F+R9     223292.231   276 447136.461   447148.971   449188.103
117  TPM2+F+R10    223245.987   278 447047.973   447060.667   449114.482
118  TPM2u+F       244547.998   260 489615.995   489627.084   491548.701
119  TPM2u+F+I     239074.971   261 478671.941   478683.117   480612.081
120  TPM2u+F+G4    223399.008   261 447320.015   447331.191   449260.155
121  TPM2u+F+I+G4  223363.062   262 447250.124   447261.386   449197.697
122  TPM2u+F+R2    227015.179   262 454554.358   454565.620   456501.931
123  TPM2u+F+R3    225367.458   264 451262.915   451274.351   453225.355
124  TPM2u+F+R4    224392.134   266 449316.268   449327.879   451293.575
125  TPM2u+F+R5    223910.871   268 448357.742   448369.531   450349.916
126  TPM2u+F+R6    223634.132   270 447808.263   447820.230   449815.304
127  TPM2u+F+R7    223467.201   272 447478.402   447490.548   449500.309
128  TPM2u+F+R8    223362.730   274 447273.461   447285.788   449310.235
129  TPM2u+F+R9    223292.191   276 447136.382   447148.892   449188.024
130  TPM2u+F+R10   223245.999   278 447047.999   447060.692   449114.507
131  TPM3+F        244960.556   260 490441.112   490452.201   492373.818
132  TPM3+F+I      239446.971   261 479415.943   479427.118   481356.082
133  TPM3+F+G4     223389.611   261 447301.221   447312.397   449241.361
134  TPM3+F+I+G4   223352.992   262 447229.983   447241.245   449177.556
135  TPM3+F+R2     227254.536   262 455033.072   455044.334   456980.644
136  TPM3+F+R3     225548.131   264 451624.262   451635.698   453586.702
137  TPM3+F+R4     224505.832   266 449543.664   449555.276   451520.971
138  TPM3+F+R5     223986.773   268 448509.547   448521.335   450501.720
139  TPM3+F+R6     223684.055   270 447908.109   447920.076   449915.150
140  TPM3+F+R7     223498.512   272 447541.025   447553.171   449562.933
141  TPM3+F+R8     223380.658   274 447309.316   447321.643   449346.090
142  TPM3+F+R9     223300.860   276 447153.719   447166.229   449205.361
143  TPM3+F+R10    223248.157   278 447052.313   447065.006   449118.822
144  TPM3u+F       244960.559   260 490441.117   490452.206   492373.823
145  TPM3u+F+I     239446.973   261 479415.947   479427.122   481356.086
146  TPM3u+F+G4    223389.614   261 447301.229   447312.404   449241.368
147  TPM3u+F+I+G4  223353.048   262 447230.095   447241.357   449177.668
148  TPM3u+F+R2    227254.539   262 455033.078   455044.340   456980.651
149  TPM3u+F+R3    225548.114   264 451624.229   451635.665   453586.668
150  TPM3u+F+R4    224505.755   266 449543.510   449555.122   451520.817
151  TPM3u+F+R5    223986.772   268 448509.543   448521.332   450501.717
152  TPM3u+F+R6    223683.968   270 447907.936   447919.902   449914.976
153  TPM3u+F+R7    223498.393   272 447540.786   447552.932   449562.694
154  TPM3u+F+R8    223380.534   274 447309.068   447321.395   449345.842
155  TPM3u+F+R9    223300.815   276 447153.631   447166.140   449205.272
156  TPM3u+F+R10   223248.171   278 447052.342   447065.035   449118.850
157  TIMe          244575.853   258 489667.705   489678.623   491585.544
158  TIMe+I        239348.449   259 479214.899   479225.902   481140.171
159  TIMe+G4       226171.579   259 452861.159   452872.162   454786.431
160  TIMe+I+G4     226114.268   260 452748.536   452759.625   454681.242
161  TIMe+R2       228849.220   260 458218.439   458229.528   460151.145
162  TIMe+R3       227373.534   262 455271.068   455282.330   457218.641
163  TIMe+R4       226665.140   264 453858.281   453869.717   455820.721
164  TIMe+R5       226325.998   266 453183.997   453195.608   455161.304
165  TIMe+R6       226133.062   268 452802.124   452813.913   454794.298
166  TIMe+R7       226023.968   270 452587.936   452599.902   454594.976
167  TIMe+R8       225961.050   272 452466.100   452478.246   454488.008
168  TIMe+R9       225922.129   274 452392.258   452404.585   454429.032
169  TIMe+R10      225899.173   276 452350.346   452362.856   454401.988
170  TIM+F         244402.818   261 489327.637   489338.812   491267.776
171  TIM+F+I       238880.229   262 478284.458   478295.719   480232.030
172  TIM+F+G4      223027.427   262 446578.853   446590.115   448526.426
173  TIM+F+I+G4    222989.945   263 446505.890   446517.239   448460.897
174  TIM+F+R2      226766.359   263 454058.718   454070.067   456013.724
175  TIM+F+R3      225107.363   265 450744.726   450756.250   452714.600
176  TIM+F+R4      224097.160   267 448728.320   448740.019   450713.060
177  TIM+F+R5      223605.184   269 447748.369   447760.246   449747.976
178  TIM+F+R6      223315.002   271 447172.004   447184.060   449186.478
179  TIM+F+R7      223138.114   273 446822.228   446834.465   448851.569
180  TIM+F+R8      223027.508   275 446605.015   446617.434   448649.223
181  TIM+F+R9      222953.847   277 446461.694   446474.295   448520.769
182  TIM+F+R10     222905.542   279 446369.085   446381.871   448443.027
183  TIM2e         244199.287   258 488914.574   488925.492   490832.413
184  TIM2e+I       239092.098   259 478702.197   478713.200   480627.469
185  TIM2e+G4      225844.619   259 452207.237   452218.240   454132.509
186  TIM2e+I+G4    225792.755   260 452105.510   452116.599   454038.215
187  TIM2e+R2      228594.876   260 457709.753   457720.842   459642.459
188  TIM2e+R3      227099.460   262 454722.919   454734.181   456670.492
189  TIM2e+R4      226375.336   264 453278.673   453290.109   455241.113
190  TIM2e+R5      226034.495   266 452600.989   452612.601   454578.296
191  TIM2e+R6      225834.376   268 452204.753   452216.541   454196.926
192  TIM2e+R7      225721.114   270 451982.227   451994.194   453989.268
193  TIM2e+R8      225658.224   272 451860.448   451872.594   453882.356
194  TIM2e+R9      225621.570   274 451791.140   451803.467   453827.914
195  TIM2e+R10     225600.739   276 451753.477   451765.987   453805.119
196  TIM2+F        244151.028   261 488824.056   488835.231   490764.195
197  TIM2+F+I      238671.002   262 477866.004   477877.266   479813.577
198  TIM2+F+G4     222859.660   262 446243.319   446254.581   448190.892
199  TIM2+F+I+G4   222822.852   263 446171.704   446183.053   448126.710
200  TIM2+F+R2     226544.104   263 453614.209   453625.558   455569.215
201  TIM2+F+R3     224899.234   265 450328.468   450339.992   452298.342
202  TIM2+F+R4     223901.405   267 448336.810   448348.509   450321.550
203  TIM2+F+R5     223423.485   269 447384.969   447396.847   449384.577
204  TIM2+F+R6     223138.655   271 446819.310   446831.366   448833.784
205  TIM2+F+R7     222965.646   273 446477.292   446489.529   448506.633
206  TIM2+F+R8     222858.237   275 446266.474   446278.892   448310.682
207  TIM2+F+R9     222788.284   277 446130.568   446143.169   448189.643
208  TIM2+F+R10    222742.643   279 446043.286   446056.072   448117.228
209  TIM3e         244275.024   258 489066.049   489076.966   490983.888
210  TIM3e+I       239164.105   259 478846.209   478857.212   480771.481
211  TIM3e+G4      226326.756   259 453171.512   453182.515   455096.785
212  TIM3e+I+G4    226277.820   260 453075.640   453086.729   455008.346
213  TIM3e+R2      229011.429   260 458542.858   458553.947   460475.564
214  TIM3e+R3      227547.269   262 455618.538   455629.800   457566.111
215  TIM3e+R4      226844.387   264 454216.774   454228.210   456179.213
216  TIM3e+R5      226514.807   266 453561.615   453573.226   455538.921
217  TIM3e+R6      226315.979   268 453167.958   453179.746   455160.132
218  TIM3e+R7      226200.702   270 452941.404   452953.371   454948.445
219  TIM3e+R8      226135.379   272 452814.757   452826.903   454836.665
220  TIM3e+R9      226095.905   274 452739.810   452752.138   454776.585
221  TIM3e+R10     226072.432   276 452696.864   452709.374   454748.506
222  TIM3+F        244539.038   261 489600.076   489611.251   491540.215
223  TIM3+F+I      239021.745   262 478567.490   478578.752   480515.063
224  TIM3+F+G4     222840.262   262 446204.524   446215.786   448152.097
225  TIM3+F+I+G4   222800.868   263 446127.736   446139.085   448082.743
226  TIM3+F+R2     226734.660   263 453995.319   454006.668   455950.326
227  TIM3+F+R3     225065.424   265 450660.848   450672.371   452630.721
228  TIM3+F+R4     224004.597   267 448543.194   448554.893   450527.934
229  TIM3+F+R5     223499.901   269 447537.802   447549.679   449537.409
230  TIM3+F+R6     223188.078   271 446918.156   446930.212   448932.630
231  TIM3+F+R7     222993.078   273 446532.155   446544.392   448561.496
232  TIM3+F+R8     222869.173   275 446288.345   446300.763   448332.553
233  TIM3+F+R9     222788.202   277 446130.405   446143.006   448189.480
234  TIM3+F+R10    222735.003   279 446028.006   446040.792   448101.948
235  TVMe          243426.489   259 487370.977   487381.980   489296.249
236  TVMe+I        238377.946   260 477275.892   477286.981   479208.598
237  TVMe+G4       225703.234   260 451926.468   451937.557   453859.174
238  TVMe+I+G4     225641.825   261 451805.649   451816.825   453745.789
239  TVMe+R2       228227.896   261 456977.793   456988.968   458917.932
240  TVMe+R3       226801.989   263 454129.978   454141.327   456084.984
241  TVMe+R4       226127.666   265 452785.331   452796.855   454755.204
242  TVMe+R5       225812.593   267 452159.186   452170.886   454143.926
243  TVMe+R6       225638.322   269 451814.644   451826.522   453814.251
244  TVMe+R7       225530.245   271 451602.490   451614.546   453616.964
245  TVMe+R8       225468.826   273 451483.651   451495.888   453512.992
246  TVMe+R9       225435.090   275 451420.179   451432.597   453464.387
247  TVMe+R10      225415.604   277 451385.209   451397.810   453444.284
248  TVM+F         244487.545   262 489499.089   489510.351   491446.662
249  TVM+F+I       239026.195   263 478578.390   478589.739   480533.396
250  TVM+F+G4      223194.284   263 446914.568   446925.917   448869.575
251  TVM+F+I+G4    223158.120   264 446844.240   446855.676   448806.680
252  TVM+F+R2      226907.001   264 454342.001   454353.437   456304.441
253  TVM+F+R3      225258.382   266 451048.765   451060.376   453026.071
254  TVM+F+R4      224245.482   268 449026.964   449038.752   451019.137
255  TVM+F+R5      223765.729   270 448071.458   448083.425   450078.499
256  TVM+F+R6      223488.508   272 447521.015   447533.161   449542.923
257  TVM+F+R7      223304.767   274 447157.534   447169.862   449194.309
258  TVM+F+R8      223184.669   276 446921.338   446933.848   448972.980
259  TVM+F+R9      223110.887   278 446777.773   446790.467   448844.282
260  TVM+F+R10     223064.066   280 446688.132   446701.011   448769.508
261  SYM           243353.123   260 487226.246   487237.335   489158.952
262  SYM+I         238314.453   261 477150.905   477162.081   479091.045
263  SYM+G4        225628.873   261 451779.746   451790.921   453719.885
264  SYM+I+G4      225570.895   262 451665.791   451677.052   453613.363
265  SYM+R2        228196.474   262 456916.948   456928.210   458864.521
266  SYM+R3        226765.822   264 454059.644   454071.080   456022.083
267  SYM+R4        226083.587   266 452699.173   452710.785   454676.480
268  SYM+R5        225774.046   268 452084.092   452095.880   454076.265
269  SYM+R6        225592.945   270 451725.890   451737.857   453732.931
270  SYM+R7        225479.839   272 451503.679   451515.825   453525.586
271  SYM+R8        225416.248   274 451380.496   451392.823   453417.270
272  SYM+R9        225381.983   276 451315.966   451328.476   453367.608
273  SYM+R10       225363.628   278 451283.256   451295.949   453349.764
274  GTR+F         244086.813   263 488699.626   488710.974   490654.632
275  GTR+F+I       238619.913   264 477767.826   477779.262   479730.266
276  GTR+F+G4      222616.930   264 445761.860   445773.296   447724.300
277  GTR+F+I+G4    222577.479   265 445684.958   445696.482   447654.831
278  GTR+F+R2      226421.581   265 453373.162   453384.685   455343.035
279  GTR+F+R3      224765.678   267 450065.356   450077.056   452050.097
280  GTR+F+R4      223731.258   269 448000.516   448012.393   450000.123
281  GTR+F+R5      223249.456   271 447040.912   447052.968   449055.386
282  GTR+F+R6      222960.557   273 446467.113   446479.350   448496.454
283  GTR+F+R7      222770.878   275 446091.756   446104.174   448135.964
284  GTR+F+R8      222650.864   277 445855.729   445868.330   447914.804
285  GTR+F+R9      222573.367   279 445704.734   445717.520   447778.676
286  GTR+F+R10     222527.769   281 445617.537   445630.509   447706.346
Akaike Information Criterion:           GTR+F+R10
Corrected Akaike Information Criterion: GTR+F+R10
Bayesian Information Criterion:         GTR+F+I+G4
Best-fit model: GTR+F+I+G4 chosen according to BIC

All model information printed to hepato_align.fasta.model.gz
CPU time for ModelFinder: 12779.902 seconds (3h:32m:59s)
Wall-clock time for ModelFinder: 15490.920 seconds (4h:18m:10s)
Generating 1000 samples for ultrafast bootstrap (seed: 520644)...

NOTE: 144 MB RAM (0 GB) is required!
Estimate model parameters (epsilon = 0.100)
Thoroughly optimizing +I+G parameters from 10 start values...
Init pinv, alpha: 0.000, 1.000 / Estimate: 0.000, 0.484 / LogL: -222617.336
Init pinv, alpha: 0.045, 1.000 / Estimate: 0.047, 0.547 / LogL: -222578.600
Init pinv, alpha: 0.090, 1.000 / Estimate: 0.053, 0.552 / LogL: -222575.289
Init pinv, alpha: 0.135, 1.000 / Estimate: 0.054, 0.550 / LogL: -222572.344
Init pinv, alpha: 0.181, 1.000 / Estimate: 0.055, 0.549 / LogL: -222570.112
Init pinv, alpha: 0.226, 1.000 / Estimate: 0.056, 0.547 / LogL: -222568.436
Init pinv, alpha: 0.271, 1.000 / Estimate: 0.057, 0.544 / LogL: -222567.421
Init pinv, alpha: 0.316, 1.000 / Estimate: 0.057, 0.542 / LogL: -222567.200
Init pinv, alpha: 0.361, 1.000 / Estimate: 0.057, 0.542 / LogL: -222567.243
Init pinv, alpha: 0.406, 1.000 / Estimate: 0.057, 0.543 / LogL: -222567.268
Optimal pinv,alpha: 0.057, 0.542 / LogL: -222567.200

Parameters optimization took 256.390 sec
Computing ML distances based on estimated model parameters... 1.262 sec
WARNING: Some pairwise ML distances are too long (saturated)
Computing BIONJ tree...
0.007 seconds
Log-likelihood of BIONJ tree: -222785.628
--------------------------------------------------------------------
|             INITIALIZING CANDIDATE TREE SET                      |
--------------------------------------------------------------------
Generating 98 parsimony trees... 7.101 second
Computing log-likelihood of 98 initial trees ... 45.954 seconds
Current best score: -222567.200

Do NNI search on 20 best initial trees
Estimate model parameters (epsilon = 0.100)
BETTER TREE FOUND at iteration 1: -222492.520
Iteration 10 / LogL: -222501.727 / Time: 0h:6m:5s
Iteration 20 / LogL: -222501.216 / Time: 0h:6m:53s
Finish initializing candidate tree set (15)
Current best tree score: -222492.520 / CPU time: 151.752
Number of iterations: 20
--------------------------------------------------------------------
|               OPTIMIZING CANDIDATE TREE SET                      |
--------------------------------------------------------------------
Iteration 30 / LogL: -222550.179 / Time: 0h:7m:52s (0h:19m:16s left)
Iteration 40 / LogL: -222501.677 / Time: 0h:8m:53s (0h:13m:54s left)
Iteration 50 / LogL: -222503.872 / Time: 0h:9m:52s (0h:10m:16s left)
Log-likelihood cutoff on original alignment: -222571.796
Iteration 60 / LogL: -222522.704 / Time: 0h:10m:51s (0h:7m:32s left)
Iteration 70 / LogL: -222503.438 / Time: 0h:11m:49s (0h:5m:18s left)
Estimate model parameters (epsilon = 0.100)
BETTER TREE FOUND at iteration 72: -222490.447
Iteration 80 / LogL: -222691.424 / Time: 0h:12m:49s (0h:14m:56s left)
Estimate model parameters (epsilon = 0.100)
UPDATE BEST LOG-LIKELIHOOD: -222489.908
Iteration 90 / LogL: -222491.369 / Time: 0h:13m:50s (0h:12m:45s left)
Estimate model parameters (epsilon = 0.100)
BETTER TREE FOUND at iteration 95: -222489.830
Iteration 100 / LogL: -222489.959 / Time: 0h:14m:50s (0h:14m:14s left)
Log-likelihood cutoff on original alignment: -222571.796
NOTE: Bootstrap correlation coefficient of split occurrence frequencies: 0.995
Iteration 110 / LogL: -222489.931 / Time: 0h:15m:48s (0h:13m:3s left)
Iteration 120 / LogL: -222540.516 / Time: 0h:16m:48s (0h:11m:17s left)
Iteration 130 / LogL: -222490.046 / Time: 0h:17m:47s (0h:9m:39s left)
Iteration 140 / LogL: -222490.677 / Time: 0h:18m:46s (0h:8m:6s left)
Iteration 150 / LogL: -222489.915 / Time: 0h:19m:45s (0h:6m:37s left)
Log-likelihood cutoff on original alignment: -222571.796
BETTER TREE FOUND at iteration 156: -222489.821
Iteration 160 / LogL: -222491.740 / Time: 0h:20m:46s (0h:12m:32s left)
Iteration 170 / LogL: -222690.596 / Time: 0h:21m:45s (0h:11m:4s left)
Iteration 180 / LogL: -222491.711 / Time: 0h:22m:39s (0h:9m:37s left)
Iteration 190 / LogL: -222490.536 / Time: 0h:23m:34s (0h:8m:13s left)
Iteration 200 / LogL: -222495.094 / Time: 0h:24m:29s (0h:6m:53s left)
Log-likelihood cutoff on original alignment: -222571.796
NOTE: Bootstrap correlation coefficient of split occurrence frequencies: 0.996
Iteration 210 / LogL: -222509.614 / Time: 0h:25m:26s (0h:10m:57s left)
Iteration 220 / LogL: -222541.355 / Time: 0h:26m:24s (0h:9m:38s left)
UPDATE BEST LOG-LIKELIHOOD: -222489.821
Iteration 230 / LogL: -222490.182 / Time: 0h:27m:22s (0h:8m:22s left)
Iteration 240 / LogL: -222489.829 / Time: 0h:28m:20s (0h:7m:6s left)
Iteration 250 / LogL: -222490.012 / Time: 0h:29m:17s (0h:5m:52s left)
Log-likelihood cutoff on original alignment: -222571.796
TREE SEARCH COMPLETED AFTER 257 ITERATIONS / Time: 0h:29m:53s

--------------------------------------------------------------------
|                    FINALIZING TREE SEARCH                        |
--------------------------------------------------------------------
Performs final model parameters optimization
Estimate model parameters (epsilon = 0.010)
1. Initial log-likelihood: -222489.821
2. Current log-likelihood: -222489.807
3. Current log-likelihood: -222489.793
Optimal log-likelihood: -222489.786
Rate parameters:  A-C: 3.35766  A-G: 8.37534  A-T: 2.07708  C-G: 2.53808  C-T: 16.14421  G-T: 1.00000
Base frequencies:  A: 0.295  C: 0.161  G: 0.219  T: 0.324
Proportion of invariable sites: 0.054
Gamma shape alpha: 0.538
Parameters optimization took 3 rounds (3.415 sec)
BEST SCORE FOUND : -222489.786
Creating bootstrap support values...
Split supports printed to NEXUS file hepato_align.fasta.splits.nex
Total tree length: 33.191

Total number of iterations: 257
CPU time used for tree search: 1531.005 sec (0h:25m:31s)
Wall-clock time used for tree search: 1531.982 sec (0h:25m:31s)
Total CPU time used: 1795.587 sec (0h:29m:55s)
Total wall-clock time used: 1796.967 sec (0h:29m:56s)

Computing bootstrap consensus tree...
Reading input file hepato_align.fasta.splits.nex...
129 taxa and 370 splits.
Consensus tree written to hepato_align.fasta.contree
Reading input trees file hepato_align.fasta.contree
Log-likelihood of consensus tree: -222501.044

Analysis results written to: 
  IQ-TREE report:                hepato_align.fasta.iqtree
  Maximum-likelihood tree:       hepato_align.fasta.treefile
  Likelihood distances:          hepato_align.fasta.mldist

Ultrafast bootstrap approximation results written to:
  Split support values:          hepato_align.fasta.splits.nex
  Consensus tree:                hepato_align.fasta.contree
  Screen log file:               hepato_align.fasta.log

Date and Time: Sun Jun 15 21:29:43 2025
