
RAxML-NG v. 1.1.0-master released on 22.06.2022 by The Exelixis Lab.
Developed by: Alexey M. Kozlov and Alexandros Stamatakis.
Contributors: Diego Darriba, Tomas Flouri, Benoit Morel, Sarah Lutteropp, Ben Bettisworth.
Latest version: https://github.com/amkozlov/raxml-ng
Questions/problems/suggestions? Please visit: https://groups.google.com/forum/#!forum/raxml

System: Intel(R) Xeon(R) CPU E5-2680 v4 @ 2.40GHz, 28 cores, 62 GB RAM

RAxML-NG was called at 12-Sep-2023 09:41:46 as follows:

raxml-ng-mpi --bootstrap --msa africa_picornaviridae_P1_align.fasta --model GTR+I+G4 --prefix T5 --seed 289 --threads auto{8}

Analysis options:
  run mode: Bootstrapping
  start tree(s): 
  bootstrap replicates: max: 1000 + bootstopping (autoMRE, cutoff: 0.030000)
  random seed: 289
  tip-inner: OFF
  pattern compression: ON
  per-rate scalers: OFF
  site repeats: ON
  branch lengths: proportional (ML estimate, algorithm: NR-FAST)
  SIMD kernels: AVX2
  parallelization: coarse-grained (auto), PTHREADS (auto)

[00:00:00] Reading alignment from file: africa_picornaviridae_P1_align.fasta
[00:00:00] Loaded alignment with 403 taxa and 38444 sites

WARNING: Fully undetermined columns found: 294

WARNING: Sequences ON596331.1 and ON596332.1 are exactly identical!
WARNING: Sequences LT719066.1 and LT719065.1 are exactly identical!
WARNING: Duplicate sequences found: 2

NOTE: Reduced alignment (with duplicates and gap-only sites/taxa removed) 
NOTE: was saved to: /home/gkettenburg/RAxML_tree/africa_picornaviridae_raxml/P1/T5.raxml.reduced.phy

Alignment comprises 1 partitions and 16941 patterns

Partition 0: noname
Model: GTR+FO+I+G4m
Alignment sites / patterns: 38150 / 16941
Gaps: 84.05 %
Invariant sites: 54.69 %


NOTE: Binary MSA file created: T5.raxml.rba

Parallelization scheme autoconfig: 1 worker(s) x 8 thread(s)

Parallel reduction/worker buffer size: 1 KB  / 0 KB

[00:00:01] Data distribution: max. partitions/sites/weight per thread: 1 / 2118 / 33888
[00:00:02] Data distribution: max. searches per worker: 1000
[00:00:02] Starting bootstrapping analysis with 1000 replicates.

[00:26:30] Bootstrap tree #1, logLikelihood: -1150263.346917
[00:47:12] Bootstrap tree #2, logLikelihood: -1131066.435691
[01:09:47] Bootstrap tree #3, logLikelihood: -1153853.624590
[01:33:44] Bootstrap tree #4, logLikelihood: -1142956.981534
[02:10:37] Bootstrap tree #5, logLikelihood: -1163603.042065
[02:46:11] Bootstrap tree #6, logLikelihood: -1132473.442722
[03:16:43] Bootstrap tree #7, logLikelihood: -1151407.946058
[03:38:07] Bootstrap tree #8, logLikelihood: -1132411.511818
[04:09:14] Bootstrap tree #9, logLikelihood: -1149191.947758
[04:30:11] Bootstrap tree #10, logLikelihood: -1142957.173155
[04:59:28] Bootstrap tree #11, logLikelihood: -1137107.797226
[05:29:03] Bootstrap tree #12, logLikelihood: -1147507.932676
[05:51:11] Bootstrap tree #13, logLikelihood: -1152276.048047
[06:16:03] Bootstrap tree #14, logLikelihood: -1138334.663374
[06:40:50] Bootstrap tree #15, logLikelihood: -1159145.184039
[07:07:44] Bootstrap tree #16, logLikelihood: -1129580.576174
[07:29:15] Bootstrap tree #17, logLikelihood: -1157331.157934
[07:50:20] Bootstrap tree #18, logLikelihood: -1145464.366654
[08:12:56] Bootstrap tree #19, logLikelihood: -1171333.671771
[08:37:05] Bootstrap tree #20, logLikelihood: -1167125.242338
[08:58:05] Bootstrap tree #21, logLikelihood: -1142446.511167
[09:20:59] Bootstrap tree #22, logLikelihood: -1146157.302918
[09:42:00] Bootstrap tree #23, logLikelihood: -1153710.374777
[10:06:56] Bootstrap tree #24, logLikelihood: -1146248.075039
[10:26:27] Bootstrap tree #25, logLikelihood: -1152053.069783
[10:47:11] Bootstrap tree #26, logLikelihood: -1154253.045393
[11:15:01] Bootstrap tree #27, logLikelihood: -1153320.311300
[11:35:16] Bootstrap tree #28, logLikelihood: -1158058.683690
[11:58:14] Bootstrap tree #29, logLikelihood: -1152647.451796
[12:27:12] Bootstrap tree #30, logLikelihood: -1157717.332891
[12:47:28] Bootstrap tree #31, logLikelihood: -1158207.590550
[13:20:02] Bootstrap tree #32, logLikelihood: -1154399.506317
[13:39:58] Bootstrap tree #33, logLikelihood: -1149275.443861
[14:11:40] Bootstrap tree #34, logLikelihood: -1148069.660779
[14:33:08] Bootstrap tree #35, logLikelihood: -1123211.582786
[14:57:50] Bootstrap tree #36, logLikelihood: -1163957.078937
[15:28:56] Bootstrap tree #37, logLikelihood: -1161706.351413
[16:02:26] Bootstrap tree #38, logLikelihood: -1134567.419801
[16:31:33] Bootstrap tree #39, logLikelihood: -1163512.557848
[16:53:26] Bootstrap tree #40, logLikelihood: -1143193.377283
[17:18:21] Bootstrap tree #41, logLikelihood: -1151404.801006
[17:59:25] Bootstrap tree #42, logLikelihood: -1148135.352627
[18:25:48] Bootstrap tree #43, logLikelihood: -1146732.113444
[18:53:07] Bootstrap tree #44, logLikelihood: -1148012.092616
[19:16:00] Bootstrap tree #45, logLikelihood: -1154053.766028
[19:38:49] Bootstrap tree #46, logLikelihood: -1159083.816921
[20:00:36] Bootstrap tree #47, logLikelihood: -1145068.437845
[20:21:01] Bootstrap tree #48, logLikelihood: -1129106.210681
[20:42:11] Bootstrap tree #49, logLikelihood: -1147561.231377
[21:04:30] Bootstrap tree #50, logLikelihood: -1148056.456807
[21:27:20] Bootstrap tree #51, logLikelihood: -1162037.884329
[21:50:12] Bootstrap tree #52, logLikelihood: -1140765.615377
[22:15:16] Bootstrap tree #53, logLikelihood: -1155747.988888
[22:37:09] Bootstrap tree #54, logLikelihood: -1131998.402796
[23:08:50] Bootstrap tree #55, logLikelihood: -1154938.078394
[23:30:12] Bootstrap tree #56, logLikelihood: -1142116.308421
[23:54:29] Bootstrap tree #57, logLikelihood: -1148776.822446
[24:16:54] Bootstrap tree #58, logLikelihood: -1141786.539678
[24:40:09] Bootstrap tree #59, logLikelihood: -1162336.509046
[25:03:03] Bootstrap tree #60, logLikelihood: -1152271.883150
[25:27:19] Bootstrap tree #61, logLikelihood: -1146228.139835
[25:48:14] Bootstrap tree #62, logLikelihood: -1135346.839331
[26:12:08] Bootstrap tree #63, logLikelihood: -1152247.634303
