ERROR: Unable to locate a modulefile for 'emacs/25.1'
ERROR: Unable to locate a modulefile for 'python/3.6'
ERROR: Unable to locate a modulefile for 'java/1.8.0_121'
ERROR: Unable to locate a modulefile for 'cmake/3.15.1'

RAxML-NG v. 1.1.0-master released on 22.06.2022 by The Exelixis Lab.
Developed by: Alexey M. Kozlov and Alexandros Stamatakis.
Contributors: Diego Darriba, Tomas Flouri, Benoit Morel, Sarah Lutteropp, Ben Bettisworth.
Latest version: https://github.com/amkozlov/raxml-ng
Questions/problems/suggestions? Please visit: https://groups.google.com/forum/#!forum/raxml

System: Intel(R) Xeon(R) CPU E5-2680 v4 @ 2.40GHz, 28 cores, 62 GB RAM

RAxML-NG was called at 30-Jul-2023 17:07:27 as follows:

raxml-ng-mpi --all --msa picornavirales_partial_align.fasta --model GTR+G4 --prefix T1 --seed 1 --threads auto{12} --bs-metric fbp,tbe

Analysis options:
  run mode: ML tree search + bootstrapping (Felsenstein Bootstrap + Transfer Bootstrap)
  start tree(s): random (10) + parsimony (10)
  bootstrap replicates: max: 1000 + bootstopping (autoMRE, cutoff: 0.030000)
  random seed: 1
  tip-inner: OFF
  pattern compression: ON
  per-rate scalers: OFF
  site repeats: ON
  branch lengths: proportional (ML estimate, algorithm: NR-FAST)
  SIMD kernels: AVX2
  parallelization: coarse-grained (auto), PTHREADS (auto)

[00:00:00] Reading alignment from file: picornavirales_partial_align.fasta
[00:00:00] Loaded alignment with 402 taxa and 62204 sites

Alignment comprises 1 partitions and 40880 patterns

Partition 0: noname
Model: GTR+FO+G4m
Alignment sites / patterns: 62204 / 40880
Gaps: 87.09 %
Invariant sites: 37.13 %


NOTE: Binary MSA file created: T1.raxml.rba

Parallelization scheme autoconfig: 1 worker(s) x 12 thread(s)

Error calling pthread_setaffinity_np: 22
Parallel reduction/worker buffer size: 1 KB  / 0 KB

[00:00:01] Generating 10 random starting tree(s) with 402 taxa
[00:00:01] Generating 10 parsimony starting tree(s) with 402 taxa
[00:00:14] Data distribution: max. partitions/sites/weight per thread: 1 / 3407 / 54512
[00:00:16] Data distribution: max. searches per worker: 1020

Starting ML tree search with 20 distinct starting trees

[02:14:09] ML tree search #1, logLikelihood: -3323362.673382
[04:36:19] ML tree search #2, logLikelihood: -3323359.287916
[06:06:52] ML tree search #3, logLikelihood: -3323401.520020
[07:59:19] ML tree search #4, logLikelihood: -3323398.080333
[10:09:17] ML tree search #5, logLikelihood: -3323362.582897
[11:52:43] ML tree search #6, logLikelihood: -3323354.040679
[13:49:11] ML tree search #7, logLikelihood: -3323362.455918
[15:25:37] ML tree search #8, logLikelihood: -3323365.078455
[17:15:39] ML tree search #9, logLikelihood: -3323369.133680
[19:19:46] ML tree search #10, logLikelihood: -3323350.366073
[20:42:00] ML tree search #11, logLikelihood: -3323375.868462
[22:15:27] ML tree search #12, logLikelihood: -3323352.404249
[23:42:06] ML tree search #13, logLikelihood: -3323382.702159
[25:06:58] ML tree search #14, logLikelihood: -3323367.946192
[26:38:46] ML tree search #15, logLikelihood: -3323369.328663
[28:15:00] ML tree search #16, logLikelihood: -3323355.771114
[29:56:41] ML tree search #17, logLikelihood: -3323383.890935
[31:10:33] ML tree search #18, logLikelihood: -3323347.484188
[32:43:11] ML tree search #19, logLikelihood: -3323392.601037
[34:01:40] ML tree search #20, logLikelihood: -3323372.005308

[34:01:40] ML tree search completed, best tree logLH: -3323347.484188

[34:01:40] Starting bootstrapping analysis with 1000 replicates.

[35:11:49] Bootstrap tree #1, logLikelihood: -3299714.360377
slurmstepd-midway2-0336: error: *** JOB 29350744 ON midway2-0336 CANCELLED AT 2023-08-01T05:07:40 DUE TO TIME LIMIT ***
