ERROR: Unable to locate a modulefile for 'emacs/25.1'
ERROR: Unable to locate a modulefile for 'python/3.6'
ERROR: Unable to locate a modulefile for 'java/1.8.0_121'
ERROR: Unable to locate a modulefile for 'cmake/3.15.1'

RAxML-NG v. 1.1.0-master released on 22.06.2022 by The Exelixis Lab.
Developed by: Alexey M. Kozlov and Alexandros Stamatakis.
Contributors: Diego Darriba, Tomas Flouri, Benoit Morel, Sarah Lutteropp, Ben Bettisworth.
Latest version: https://github.com/amkozlov/raxml-ng
Questions/problems/suggestions? Please visit: https://groups.google.com/forum/#!forum/raxml

System: Intel(R) Xeon(R) CPU E5-2680 v4 @ 2.40GHz, 28 cores, 62 GB RAM

RAxML-NG was called at 05-Aug-2023 16:04:56 as follows:

raxml-ng-mpi --bootstrap --msa picornavirales_partial_align.fasta --model GTR+G4 --prefix T5 --seed 4 --threads auto{12}

Analysis options:
  run mode: Bootstrapping
  start tree(s): 
  bootstrap replicates: max: 1000 + bootstopping (autoMRE, cutoff: 0.030000)
  random seed: 4
  tip-inner: OFF
  pattern compression: ON
  per-rate scalers: OFF
  site repeats: ON
  branch lengths: proportional (ML estimate, algorithm: NR-FAST)
  SIMD kernels: AVX2
  parallelization: coarse-grained (auto), PTHREADS (auto)

WARNING: The model you specified on the command line (GTR+G4) will be ignored 
         since the binary MSA file already contains a model definition.
         If you want to change the model, please re-run RAxML-NG 
         with the original PHYLIP/FASTA alignment and --redo option.

[00:00:01] Loading binary alignment from file: T5.raxml.rba
[00:00:01] Alignment comprises 402 taxa, 1 partitions and 40880 patterns

Partition 0: noname
Model: GTR+FO+G4m
Alignment sites / patterns: 62204 / 40880
Gaps: 87.09 %
Invariant sites: 37.13 %


Parallelization scheme autoconfig: 1 worker(s) x 12 thread(s)

Error calling pthread_setaffinity_np: 22
Parallel reduction/worker buffer size: 1 KB  / 0 KB

[00:00:01] NOTE: Resuming execution from checkpoint (logLH: -3810073.02, ML trees: 0, bootstraps: 13)
[00:00:01] Data distribution: max. partitions/sites/weight per thread: 1 / 3407 / 54512
[00:00:03] Data distribution: max. searches per worker: 987
[00:00:03] Starting bootstrapping analysis with 1000 replicates.

[01:16:21] Bootstrap tree #14, logLikelihood: -3311135.299719
[02:19:36] Bootstrap tree #15, logLikelihood: -3345350.254843
[03:35:53] Bootstrap tree #16, logLikelihood: -3307461.183826
[04:45:40] Bootstrap tree #17, logLikelihood: -3323424.636191
[05:53:01] Bootstrap tree #18, logLikelihood: -3293576.883342
[06:56:31] Bootstrap tree #19, logLikelihood: -3323444.693687
[08:12:59] Bootstrap tree #20, logLikelihood: -3291517.149500
[09:24:07] Bootstrap tree #21, logLikelihood: -3377033.955571
[10:25:12] Bootstrap tree #22, logLikelihood: -3326107.901344
[11:45:56] Bootstrap tree #23, logLikelihood: -3355290.687747
[12:53:40] Bootstrap tree #24, logLikelihood: -3312895.476205
[14:22:43] Bootstrap tree #25, logLikelihood: -3268281.532923
[15:37:18] Bootstrap tree #26, logLikelihood: -3336113.591014
[16:41:52] Bootstrap tree #27, logLikelihood: -3287229.510736
[17:56:28] Bootstrap tree #28, logLikelihood: -3338661.048758
[19:07:06] Bootstrap tree #29, logLikelihood: -3336310.285658
[20:08:23] Bootstrap tree #30, logLikelihood: -3267302.515388
[21:22:48] Bootstrap tree #31, logLikelihood: -3321468.982696
[22:25:32] Bootstrap tree #32, logLikelihood: -3372762.747543
[23:38:25] Bootstrap tree #33, logLikelihood: -3335569.031886
[24:40:08] Bootstrap tree #34, logLikelihood: -3332541.861652
[25:52:39] Bootstrap tree #35, logLikelihood: -3345400.965443
[27:09:29] Bootstrap tree #36, logLikelihood: -3287804.664995
[28:24:11] Bootstrap tree #37, logLikelihood: -3319406.152502
[29:44:45] Bootstrap tree #38, logLikelihood: -3334970.811556
[31:00:01] Bootstrap tree #39, logLikelihood: -3303360.734244
[32:16:49] Bootstrap tree #40, logLikelihood: -3309236.683144
[33:29:48] Bootstrap tree #41, logLikelihood: -3335012.354637
[34:45:01] Bootstrap tree #42, logLikelihood: -3285095.638167
[35:52:28] Bootstrap tree #43, logLikelihood: -3355610.910071
slurmstepd-midway2-0333: error: *** JOB 29446189 ON midway2-0333 CANCELLED AT 2023-08-07T04:05:07 DUE TO TIME LIMIT ***
