ERROR: Unable to locate a modulefile for 'emacs/25.1'
ERROR: Unable to locate a modulefile for 'python/3.6'
ERROR: Unable to locate a modulefile for 'java/1.8.0_121'
ERROR: Unable to locate a modulefile for 'cmake/3.15.1'

RAxML-NG v. 1.1.0-master released on 22.06.2022 by The Exelixis Lab.
Developed by: Alexey M. Kozlov and Alexandros Stamatakis.
Contributors: Diego Darriba, Tomas Flouri, Benoit Morel, Sarah Lutteropp, Ben Bettisworth.
Latest version: https://github.com/amkozlov/raxml-ng
Questions/problems/suggestions? Please visit: https://groups.google.com/forum/#!forum/raxml

System: Intel(R) Xeon(R) CPU E5-2680 v4 @ 2.40GHz, 28 cores, 62 GB RAM

RAxML-NG was called at 05-Aug-2023 16:04:56 as follows:

raxml-ng-mpi --bootstrap --msa picornavirales_partial_align.fasta --model GTR+G4 --prefix T3 --seed 2 --threads auto{12}

Analysis options:
  run mode: Bootstrapping
  start tree(s): 
  bootstrap replicates: max: 1000 + bootstopping (autoMRE, cutoff: 0.030000)
  random seed: 2
  tip-inner: OFF
  pattern compression: ON
  per-rate scalers: OFF
  site repeats: ON
  branch lengths: proportional (ML estimate, algorithm: NR-FAST)
  SIMD kernels: AVX2
  parallelization: coarse-grained (auto), PTHREADS (auto)

WARNING: The model you specified on the command line (GTR+G4) will be ignored 
         since the binary MSA file already contains a model definition.
         If you want to change the model, please re-run RAxML-NG 
         with the original PHYLIP/FASTA alignment and --redo option.

[00:00:00] Loading binary alignment from file: T3.raxml.rba
[00:00:00] Alignment comprises 402 taxa, 1 partitions and 40880 patterns

Partition 0: noname
Model: GTR+FO+G4m
Alignment sites / patterns: 62204 / 40880
Gaps: 87.09 %
Invariant sites: 37.13 %


Parallelization scheme autoconfig: 1 worker(s) x 12 thread(s)

Parallel reduction/worker buffer size: 1 KB  / 0 KB

[00:00:00] NOTE: Resuming execution from checkpoint (logLH: -3303423.66, ML trees: 0, bootstraps: 0)
[00:00:00] Data distribution: max. partitions/sites/weight per thread: 1 / 3407 / 54512
[00:00:02] Data distribution: max. searches per worker: 1000
[00:00:02] Starting bootstrapping analysis with 1000 replicates.

[01:36:42] Bootstrap tree #1, logLikelihood: -3321902.654790
[02:47:54] Bootstrap tree #2, logLikelihood: -3347183.219484
[04:01:20] Bootstrap tree #3, logLikelihood: -3336145.390012
[05:09:45] Bootstrap tree #4, logLikelihood: -3287222.503462
[06:21:20] Bootstrap tree #5, logLikelihood: -3314237.051580
[07:39:59] Bootstrap tree #6, logLikelihood: -3291882.665837
[08:49:27] Bootstrap tree #7, logLikelihood: -3321667.632806
[10:10:50] Bootstrap tree #8, logLikelihood: -3352753.754994
[11:40:23] Bootstrap tree #9, logLikelihood: -3330601.780079
[12:45:24] Bootstrap tree #10, logLikelihood: -3296801.188338
[14:04:47] Bootstrap tree #11, logLikelihood: -3329122.296087
[15:19:49] Bootstrap tree #12, logLikelihood: -3358656.011216
[16:25:07] Bootstrap tree #13, logLikelihood: -3317963.271501
[17:37:10] Bootstrap tree #14, logLikelihood: -3326775.955953
[18:53:32] Bootstrap tree #15, logLikelihood: -3325013.303976
[20:13:03] Bootstrap tree #16, logLikelihood: -3343918.495323
[21:40:37] Bootstrap tree #17, logLikelihood: -3331789.653863
[23:07:57] Bootstrap tree #18, logLikelihood: -3320236.472968
[24:39:02] Bootstrap tree #19, logLikelihood: -3355567.305668
[25:51:38] Bootstrap tree #20, logLikelihood: -3309277.350925
[27:14:13] Bootstrap tree #21, logLikelihood: -3280346.536064
[28:25:41] Bootstrap tree #22, logLikelihood: -3329703.950975
[29:53:57] Bootstrap tree #23, logLikelihood: -3357265.760222
[30:59:25] Bootstrap tree #24, logLikelihood: -3283026.064376
[32:03:38] Bootstrap tree #25, logLikelihood: -3282532.990878
[33:20:55] Bootstrap tree #26, logLikelihood: -3291550.736900
[34:37:27] Bootstrap tree #27, logLikelihood: -3288066.756600
[35:56:22] Bootstrap tree #28, logLikelihood: -3326213.659349
slurmstepd-midway2-0461: error: *** JOB 29446187 ON midway2-0461 CANCELLED AT 2023-08-07T04:05:07 DUE TO TIME LIMIT ***
