ERROR: Unable to locate a modulefile for 'emacs/25.1'
ERROR: Unable to locate a modulefile for 'python/3.6'
ERROR: Unable to locate a modulefile for 'java/1.8.0_121'
ERROR: Unable to locate a modulefile for 'cmake/3.15.1'

RAxML-NG v. 1.1.0-master released on 22.06.2022 by The Exelixis Lab.
Developed by: Alexey M. Kozlov and Alexandros Stamatakis.
Contributors: Diego Darriba, Tomas Flouri, Benoit Morel, Sarah Lutteropp, Ben Bettisworth.
Latest version: https://github.com/amkozlov/raxml-ng
Questions/problems/suggestions? Please visit: https://groups.google.com/forum/#!forum/raxml

System: Intel(R) Xeon(R) CPU E5-2680 v4 @ 2.40GHz, 28 cores, 62 GB RAM

RAxML-NG was called at 10-Sep-2023 11:08:10 as follows:

raxml-ng-mpi --bootstrap --msa africa_picornaviridae_P2P3_align.fasta --model GTR+G4 --prefix T3 --seed 3 --threads auto{8}

Analysis options:
  run mode: Bootstrapping
  start tree(s): 
  bootstrap replicates: max: 1000 + bootstopping (autoMRE, cutoff: 0.030000)
  random seed: 3
  tip-inner: OFF
  pattern compression: ON
  per-rate scalers: OFF
  site repeats: ON
  branch lengths: proportional (ML estimate, algorithm: NR-FAST)
  SIMD kernels: AVX2
  parallelization: coarse-grained (auto), PTHREADS (auto)

[00:00:00] Reading alignment from file: africa_picornaviridae_P2P3_align.fasta
[00:00:00] Loaded alignment with 356 taxa and 37358 sites

WARNING: Fully undetermined columns found: 353

WARNING: Sequences ON596331.1 and ON596332.1 are exactly identical!
WARNING: Sequences LT719066.1 and LT719065.1 are exactly identical!
WARNING: Duplicate sequences found: 2

NOTE: Reduced alignment (with duplicates and gap-only sites/taxa removed) 
NOTE: was saved to: /home/gkettenburg/RAxML_tree/africa_picornaviridae_raxml/P2P3/T3.raxml.reduced.phy

Alignment comprises 1 partitions and 15799 patterns

Partition 0: noname
Model: GTR+FO+G4m
Alignment sites / patterns: 37005 / 15799
Gaps: 81.47 %
Invariant sites: 58.06 %


NOTE: Binary MSA file created: T3.raxml.rba

Parallelization scheme autoconfig: 1 worker(s) x 8 thread(s)

Error calling pthread_setaffinity_np: 22
Parallel reduction/worker buffer size: 1 KB  / 0 KB

[00:00:01] Data distribution: max. partitions/sites/weight per thread: 1 / 1975 / 31600
[00:00:03] Data distribution: max. searches per worker: 1000
[00:00:03] Starting bootstrapping analysis with 1000 replicates.

[00:15:33] Bootstrap tree #1, logLikelihood: -1090618.019686
[00:30:04] Bootstrap tree #2, logLikelihood: -1095132.897259
[00:44:46] Bootstrap tree #3, logLikelihood: -1091552.158319
[00:59:20] Bootstrap tree #4, logLikelihood: -1097845.690035
[01:14:44] Bootstrap tree #5, logLikelihood: -1084731.107864
[01:33:33] Bootstrap tree #6, logLikelihood: -1095175.523604
[01:49:08] Bootstrap tree #7, logLikelihood: -1096954.919553
[02:03:54] Bootstrap tree #8, logLikelihood: -1109266.642668
[02:19:22] Bootstrap tree #9, logLikelihood: -1112524.284559
[02:31:55] Bootstrap tree #10, logLikelihood: -1116051.939279
[02:47:32] Bootstrap tree #11, logLikelihood: -1104524.959529
[03:02:40] Bootstrap tree #12, logLikelihood: -1116062.261850
[03:19:00] Bootstrap tree #13, logLikelihood: -1093648.297268
[03:36:12] Bootstrap tree #14, logLikelihood: -1075207.761673
[03:53:55] Bootstrap tree #15, logLikelihood: -1083625.222265
[04:14:00] Bootstrap tree #16, logLikelihood: -1095301.871378
[04:28:32] Bootstrap tree #17, logLikelihood: -1114313.699311
[04:42:09] Bootstrap tree #18, logLikelihood: -1116374.625193
[04:58:10] Bootstrap tree #19, logLikelihood: -1098063.105519
[05:18:44] Bootstrap tree #20, logLikelihood: -1115365.593593
[05:36:09] Bootstrap tree #21, logLikelihood: -1101074.405049
[05:51:33] Bootstrap tree #22, logLikelihood: -1104134.421879
[06:06:44] Bootstrap tree #23, logLikelihood: -1106479.246865
[06:21:09] Bootstrap tree #24, logLikelihood: -1117655.259021
[06:41:05] Bootstrap tree #25, logLikelihood: -1119059.994679
[06:59:21] Bootstrap tree #26, logLikelihood: -1107456.129453
[07:14:16] Bootstrap tree #27, logLikelihood: -1093574.251619
[07:32:02] Bootstrap tree #28, logLikelihood: -1107147.954500
[07:50:06] Bootstrap tree #29, logLikelihood: -1093985.004953
[08:09:47] Bootstrap tree #30, logLikelihood: -1102367.600372
[08:25:53] Bootstrap tree #31, logLikelihood: -1113927.887215
[08:42:11] Bootstrap tree #32, logLikelihood: -1098400.011490
[08:56:56] Bootstrap tree #33, logLikelihood: -1084430.235636
[09:16:45] Bootstrap tree #34, logLikelihood: -1105390.022484
[09:34:49] Bootstrap tree #35, logLikelihood: -1108022.171558
[09:53:01] Bootstrap tree #36, logLikelihood: -1097985.919735
[10:10:57] Bootstrap tree #37, logLikelihood: -1096963.120018
[10:29:31] Bootstrap tree #38, logLikelihood: -1084507.565841
[10:46:34] Bootstrap tree #39, logLikelihood: -1101060.446854
[11:00:37] Bootstrap tree #40, logLikelihood: -1094313.800821
[11:16:12] Bootstrap tree #41, logLikelihood: -1096481.788177
[11:40:45] Bootstrap tree #42, logLikelihood: -1096803.828758
[12:00:18] Bootstrap tree #43, logLikelihood: -1114666.375675
[12:20:31] Bootstrap tree #44, logLikelihood: -1085669.134699
[12:36:10] Bootstrap tree #45, logLikelihood: -1096493.045783
[12:52:27] Bootstrap tree #46, logLikelihood: -1094202.448392
[13:08:09] Bootstrap tree #47, logLikelihood: -1092505.620808
[13:27:00] Bootstrap tree #48, logLikelihood: -1092114.662982
[13:45:38] Bootstrap tree #49, logLikelihood: -1118810.609396
[14:02:41] Bootstrap tree #50, logLikelihood: -1082830.142151
[14:19:02] Bootstrap tree #51, logLikelihood: -1082134.579003
[14:35:29] Bootstrap tree #52, logLikelihood: -1104833.043959
[14:54:57] Bootstrap tree #53, logLikelihood: -1106830.040174
[15:18:47] Bootstrap tree #54, logLikelihood: -1122133.436978
[15:36:08] Bootstrap tree #55, logLikelihood: -1109324.636343
[15:50:53] Bootstrap tree #56, logLikelihood: -1119302.485095
[16:09:02] Bootstrap tree #57, logLikelihood: -1099043.668164
[16:29:48] Bootstrap tree #58, logLikelihood: -1081800.953252
[16:45:13] Bootstrap tree #59, logLikelihood: -1101313.696424
[17:00:49] Bootstrap tree #60, logLikelihood: -1111252.668675
[17:17:06] Bootstrap tree #61, logLikelihood: -1113201.088968
[17:39:07] Bootstrap tree #62, logLikelihood: -1120610.177267
[17:55:35] Bootstrap tree #63, logLikelihood: -1113203.479883
[18:14:47] Bootstrap tree #64, logLikelihood: -1102320.769024
[18:35:15] Bootstrap tree #65, logLikelihood: -1104813.504714
[18:58:45] Bootstrap tree #66, logLikelihood: -1099543.262095
[19:14:32] Bootstrap tree #67, logLikelihood: -1093683.383722
[19:31:50] Bootstrap tree #68, logLikelihood: -1106857.659716
[19:47:53] Bootstrap tree #69, logLikelihood: -1123566.861978
[20:03:46] Bootstrap tree #70, logLikelihood: -1093435.379302
[20:20:26] Bootstrap tree #71, logLikelihood: -1092268.794341
[20:41:57] Bootstrap tree #72, logLikelihood: -1124101.396949
[20:54:56] Bootstrap tree #73, logLikelihood: -1096078.406372
[21:14:39] Bootstrap tree #74, logLikelihood: -1103481.733215
[21:30:32] Bootstrap tree #75, logLikelihood: -1105617.387436
[21:51:11] Bootstrap tree #76, logLikelihood: -1110156.187965
[22:05:44] Bootstrap tree #77, logLikelihood: -1090257.245520
[22:30:38] Bootstrap tree #78, logLikelihood: -1110177.670632
[22:52:43] Bootstrap tree #79, logLikelihood: -1094300.205398
[23:08:12] Bootstrap tree #80, logLikelihood: -1098136.795354
[23:26:10] Bootstrap tree #81, logLikelihood: -1099870.843919
[23:42:20] Bootstrap tree #82, logLikelihood: -1120453.716076
[24:03:50] Bootstrap tree #83, logLikelihood: -1087295.158779
[24:24:45] Bootstrap tree #84, logLikelihood: -1105184.036766
[24:41:22] Bootstrap tree #85, logLikelihood: -1096281.486026
[24:56:04] Bootstrap tree #86, logLikelihood: -1105233.741928
[25:11:32] Bootstrap tree #87, logLikelihood: -1096870.037518
[25:28:20] Bootstrap tree #88, logLikelihood: -1120590.957014
[25:47:00] Bootstrap tree #89, logLikelihood: -1083936.400889
[26:01:59] Bootstrap tree #90, logLikelihood: -1087298.206561
[26:22:42] Bootstrap tree #91, logLikelihood: -1090168.826559
[26:37:09] Bootstrap tree #92, logLikelihood: -1097125.671737
[27:05:18] Bootstrap tree #93, logLikelihood: -1087198.344055
[27:22:25] Bootstrap tree #94, logLikelihood: -1100038.167028
[27:37:25] Bootstrap tree #95, logLikelihood: -1086868.687800
[27:52:21] Bootstrap tree #96, logLikelihood: -1098650.741813
[28:05:49] Bootstrap tree #97, logLikelihood: -1094122.166504
[28:25:28] Bootstrap tree #98, logLikelihood: -1112713.677059
[28:42:22] Bootstrap tree #99, logLikelihood: -1105438.646661
[28:56:59] Bootstrap tree #100, logLikelihood: -1120380.589496
[29:14:17] Bootstrap tree #101, logLikelihood: -1117555.707153
[29:43:18] Bootstrap tree #102, logLikelihood: -1099240.172782
[30:03:39] Bootstrap tree #103, logLikelihood: -1075893.372797
[30:20:50] Bootstrap tree #104, logLikelihood: -1099926.289032
[30:39:54] Bootstrap tree #105, logLikelihood: -1116014.496534
[30:55:13] Bootstrap tree #106, logLikelihood: -1094591.514122
[31:09:40] Bootstrap tree #107, logLikelihood: -1081315.218802
[31:27:23] Bootstrap tree #108, logLikelihood: -1106802.623594
[31:43:42] Bootstrap tree #109, logLikelihood: -1104174.311010
[31:58:01] Bootstrap tree #110, logLikelihood: -1090664.384229
[32:12:06] Bootstrap tree #111, logLikelihood: -1085310.439139
[32:27:14] Bootstrap tree #112, logLikelihood: -1117446.404108
[32:45:54] Bootstrap tree #113, logLikelihood: -1108238.877328
[33:02:36] Bootstrap tree #114, logLikelihood: -1100013.895749
[33:23:17] Bootstrap tree #115, logLikelihood: -1094994.875883
[33:44:46] Bootstrap tree #116, logLikelihood: -1090600.735162
[34:06:39] Bootstrap tree #117, logLikelihood: -1110936.221366
[34:33:49] Bootstrap tree #118, logLikelihood: -1115794.682578
[34:53:45] Bootstrap tree #119, logLikelihood: -1100350.298268
[35:17:39] Bootstrap tree #120, logLikelihood: -1117213.821791
[35:34:52] Bootstrap tree #121, logLikelihood: -1108306.958506
[35:50:28] Bootstrap tree #122, logLikelihood: -1112815.357357
slurmstepd-midway2-0075: error: *** JOB 30070893 ON midway2-0075 CANCELLED AT 2023-09-11T23:08:32 DUE TO TIME LIMIT ***
