
RAxML-NG v. 1.1.0-master released on 22.06.2022 by The Exelixis Lab.
Developed by: Alexey M. Kozlov and Alexandros Stamatakis.
Contributors: Diego Darriba, Tomas Flouri, Benoit Morel, Sarah Lutteropp, Ben Bettisworth.
Latest version: https://github.com/amkozlov/raxml-ng
Questions/problems/suggestions? Please visit: https://groups.google.com/forum/#!forum/raxml

System: Intel(R) Xeon(R) CPU E5-2680 v4 @ 2.40GHz, 28 cores, 62 GB RAM

RAxML-NG was called at 10-Sep-2023 11:07:42 as follows:

raxml-ng-mpi --all --msa africa_picornaviridae_P1_align.fasta --model GTR+I+G4 --prefix T1 --seed 1 --threads auto{8} --bs-metric fbp,tbe

Analysis options:
  run mode: ML tree search + bootstrapping (Felsenstein Bootstrap + Transfer Bootstrap)
  start tree(s): random (10) + parsimony (10)
  bootstrap replicates: max: 1000 + bootstopping (autoMRE, cutoff: 0.030000)
  random seed: 1
  tip-inner: OFF
  pattern compression: ON
  per-rate scalers: OFF
  site repeats: ON
  branch lengths: proportional (ML estimate, algorithm: NR-FAST)
  SIMD kernels: AVX2
  parallelization: coarse-grained (auto), PTHREADS (auto)

[00:00:00] Reading alignment from file: africa_picornaviridae_P1_align.fasta
[00:00:00] Loaded alignment with 403 taxa and 38444 sites

WARNING: Fully undetermined columns found: 294

WARNING: Sequences ON596331.1 and ON596332.1 are exactly identical!
WARNING: Sequences LT719066.1 and LT719065.1 are exactly identical!
WARNING: Duplicate sequences found: 2

NOTE: Reduced alignment (with duplicates and gap-only sites/taxa removed) 
NOTE: was saved to: /home/gkettenburg/RAxML_tree/africa_picornaviridae_raxml/P1/T1.raxml.reduced.phy

Alignment comprises 1 partitions and 16941 patterns

Partition 0: noname
Model: GTR+FO+I+G4m
Alignment sites / patterns: 38150 / 16941
Gaps: 84.05 %
Invariant sites: 54.69 %


NOTE: Binary MSA file created: T1.raxml.rba

Parallelization scheme autoconfig: 1 worker(s) x 8 thread(s)

Parallel reduction/worker buffer size: 1 KB  / 0 KB

[00:00:01] Generating 10 random starting tree(s) with 403 taxa
[00:00:01] Generating 10 parsimony starting tree(s) with 403 taxa
[00:00:08] Data distribution: max. partitions/sites/weight per thread: 1 / 2118 / 33888
[00:00:09] Data distribution: max. searches per worker: 1020

Starting ML tree search with 20 distinct starting trees

[00:40:33] ML tree search #1, logLikelihood: -1149848.384064
[01:14:20] ML tree search #2, logLikelihood: -1149878.012396
[01:59:50] ML tree search #3, logLikelihood: -1149883.476887
[02:34:58] ML tree search #4, logLikelihood: -1149860.004209
[03:07:32] ML tree search #5, logLikelihood: -1149993.620678
[03:37:17] ML tree search #6, logLikelihood: -1149931.436035
[04:34:13] ML tree search #7, logLikelihood: -1149860.625504
[05:07:43] ML tree search #8, logLikelihood: -1149988.208051
[05:41:35] ML tree search #9, logLikelihood: -1149883.701506
[06:16:05] ML tree search #10, logLikelihood: -1149844.805914
[06:45:14] ML tree search #11, logLikelihood: -1149901.228953
[07:10:40] ML tree search #12, logLikelihood: -1149849.134895
[07:47:23] ML tree search #13, logLikelihood: -1149850.456578
[08:14:29] ML tree search #14, logLikelihood: -1149823.365898
[08:42:45] ML tree search #15, logLikelihood: -1149950.757935
[09:08:48] ML tree search #16, logLikelihood: -1149830.834220
[09:39:07] ML tree search #17, logLikelihood: -1149855.020893
[10:09:29] ML tree search #18, logLikelihood: -1149847.847837
[10:38:33] ML tree search #19, logLikelihood: -1149887.149737
[11:05:05] ML tree search #20, logLikelihood: -1149851.616364

[11:05:05] ML tree search completed, best tree logLH: -1149823.365898

[11:05:05] Starting bootstrapping analysis with 1000 replicates.

[11:27:17] Bootstrap tree #1, logLikelihood: -1125197.475039
[11:50:41] Bootstrap tree #2, logLikelihood: -1155236.847221
[12:21:19] Bootstrap tree #3, logLikelihood: -1160015.701842
[12:44:14] Bootstrap tree #4, logLikelihood: -1143201.628252
[13:05:51] Bootstrap tree #5, logLikelihood: -1155534.655624
[13:29:26] Bootstrap tree #6, logLikelihood: -1149255.233694
[13:50:06] Bootstrap tree #7, logLikelihood: -1155232.237839
[14:12:54] Bootstrap tree #8, logLikelihood: -1147015.320719
[14:36:04] Bootstrap tree #9, logLikelihood: -1139283.504233
[15:09:14] Bootstrap tree #10, logLikelihood: -1138437.425116
[15:32:25] Bootstrap tree #11, logLikelihood: -1147684.273681
[15:54:26] Bootstrap tree #12, logLikelihood: -1142454.532876
[16:17:55] Bootstrap tree #13, logLikelihood: -1169588.639417
[16:44:27] Bootstrap tree #14, logLikelihood: -1159497.871234
[17:07:01] Bootstrap tree #15, logLikelihood: -1164152.553032
[17:27:52] Bootstrap tree #16, logLikelihood: -1156877.631963
[17:50:13] Bootstrap tree #17, logLikelihood: -1160215.346901
[18:19:27] Bootstrap tree #18, logLikelihood: -1139948.407907
[18:40:56] Bootstrap tree #19, logLikelihood: -1129945.704480
[19:04:30] Bootstrap tree #20, logLikelihood: -1147949.350639
[19:33:49] Bootstrap tree #21, logLikelihood: -1164576.761743
[19:57:40] Bootstrap tree #22, logLikelihood: -1167635.137178
[20:26:59] Bootstrap tree #23, logLikelihood: -1143203.191077
[20:49:29] Bootstrap tree #24, logLikelihood: -1152751.013724
[21:12:38] Bootstrap tree #25, logLikelihood: -1155325.224569
[21:33:47] Bootstrap tree #26, logLikelihood: -1155585.005802
[21:55:50] Bootstrap tree #27, logLikelihood: -1150872.107038
[22:21:39] Bootstrap tree #28, logLikelihood: -1146005.478509
[22:46:12] Bootstrap tree #29, logLikelihood: -1144582.770233
[23:06:36] Bootstrap tree #30, logLikelihood: -1168360.197505
[23:32:11] Bootstrap tree #31, logLikelihood: -1132140.285680
[23:56:15] Bootstrap tree #32, logLikelihood: -1124930.926271
[24:17:21] Bootstrap tree #33, logLikelihood: -1150545.089426
[24:44:01] Bootstrap tree #34, logLikelihood: -1150544.048441
[25:11:55] Bootstrap tree #35, logLikelihood: -1153339.241122
[25:35:52] Bootstrap tree #36, logLikelihood: -1146715.832524
[25:58:46] Bootstrap tree #37, logLikelihood: -1146418.406786
[26:19:28] Bootstrap tree #38, logLikelihood: -1166179.286849
[26:40:21] Bootstrap tree #39, logLikelihood: -1164455.066665
[27:06:28] Bootstrap tree #40, logLikelihood: -1155968.212741
[27:30:16] Bootstrap tree #41, logLikelihood: -1147599.611674
[28:01:38] Bootstrap tree #42, logLikelihood: -1135483.501222
[28:24:36] Bootstrap tree #43, logLikelihood: -1164343.237430
[28:46:05] Bootstrap tree #44, logLikelihood: -1153443.230633
[29:07:21] Bootstrap tree #45, logLikelihood: -1139222.287670
[29:26:41] Bootstrap tree #46, logLikelihood: -1153104.975378
[29:58:00] Bootstrap tree #47, logLikelihood: -1130652.398325
[30:28:56] Bootstrap tree #48, logLikelihood: -1168522.165848
[30:53:06] Bootstrap tree #49, logLikelihood: -1150281.116443
[31:16:34] Bootstrap tree #50, logLikelihood: -1151803.230438
[31:39:41] Bootstrap tree #51, logLikelihood: -1146838.567701
[32:01:13] Bootstrap tree #52, logLikelihood: -1137434.116939
[32:26:11] Bootstrap tree #53, logLikelihood: -1136999.014793
[32:52:28] Bootstrap tree #54, logLikelihood: -1148688.828828
[33:15:28] Bootstrap tree #55, logLikelihood: -1145661.905907
[33:37:39] Bootstrap tree #56, logLikelihood: -1145425.510546
[34:01:26] Bootstrap tree #57, logLikelihood: -1155099.240686
[34:30:52] Bootstrap tree #58, logLikelihood: -1166495.344839
[34:57:34] Bootstrap tree #59, logLikelihood: -1141574.294788
[35:17:16] Bootstrap tree #60, logLikelihood: -1159219.868766
[35:42:11] Bootstrap tree #61, logLikelihood: -1143201.870483
