
RAxML-NG v. 1.1.0-master released on 22.06.2022 by The Exelixis Lab.
Developed by: Alexey M. Kozlov and Alexandros Stamatakis.
Contributors: Diego Darriba, Tomas Flouri, Benoit Morel, Sarah Lutteropp, Ben Bettisworth.
Latest version: https://github.com/amkozlov/raxml-ng
Questions/problems/suggestions? Please visit: https://groups.google.com/forum/#!forum/raxml

System: Intel(R) Xeon(R) CPU E5-2680 v4 @ 2.40GHz, 28 cores, 62 GB RAM

RAxML-NG was called at 31-Jul-2023 22:44:43 as follows:

raxml-ng-mpi --msa picornavirales_partial_align.fasta --model GTR+G4 --prefix T2 --seed 1 --threads auto{12}

Analysis options:
  run mode: ML tree search
  start tree(s): random (10) + parsimony (10)
  random seed: 1
  tip-inner: OFF
  pattern compression: ON
  per-rate scalers: OFF
  site repeats: ON
  fast spr radius: AUTO
  spr subtree cutoff: 1.000000
  branch lengths: proportional (ML estimate, algorithm: NR-FAST)
  SIMD kernels: AVX2
  parallelization: coarse-grained (auto), PTHREADS (auto)

[00:00:00] Reading alignment from file: picornavirales_partial_align.fasta
[00:00:00] Loaded alignment with 402 taxa and 62204 sites

Alignment comprises 1 partitions and 40880 patterns

Partition 0: noname
Model: GTR+FO+G4m
Alignment sites / patterns: 62204 / 40880
Gaps: 87.09 %
Invariant sites: 37.13 %


NOTE: Binary MSA file created: T2.raxml.rba

Parallelization scheme autoconfig: 1 worker(s) x 12 thread(s)

Parallel reduction/worker buffer size: 1 KB  / 0 KB

[00:00:01] Generating 10 random starting tree(s) with 402 taxa
[00:00:01] Generating 10 parsimony starting tree(s) with 402 taxa
[00:00:12] Data distribution: max. partitions/sites/weight per thread: 1 / 3407 / 54512
[00:00:12] Data distribution: max. searches per worker: 20

Starting ML tree search with 20 distinct starting trees

[00:00:12 -4501513.769729] Initial branch length optimization
[00:00:17 -4126512.796047] Model parameter optimization (eps = 10.000000)
[00:01:32 -4034350.407855] AUTODETECT spr round 1 (radius: 5)
[00:02:25 -3895135.184039] AUTODETECT spr round 2 (radius: 10)
[00:03:46 -3605536.169434] AUTODETECT spr round 3 (radius: 15)
[00:05:29 -3479217.734488] AUTODETECT spr round 4 (radius: 20)
[00:07:24 -3443220.511045] AUTODETECT spr round 5 (radius: 25)
[00:09:35 -3439340.991245] SPR radius for FAST iterations: 25 (autodetect)
[00:09:35 -3439340.991245] Model parameter optimization (eps = 3.000000)
[00:10:09 -3421981.927423] FAST spr round 1 (radius: 25)
[00:14:40 -3328877.826204] FAST spr round 2 (radius: 25)
[00:17:43 -3324685.283723] FAST spr round 3 (radius: 25)
[00:19:52 -3324459.343964] FAST spr round 4 (radius: 25)
[00:21:30 -3324388.769778] FAST spr round 5 (radius: 25)
[00:22:56 -3324373.154838] FAST spr round 6 (radius: 25)
[00:24:16 -3324347.778352] FAST spr round 7 (radius: 25)
[00:25:32 -3324342.515735] FAST spr round 8 (radius: 25)
[00:26:47 -3324337.299740] FAST spr round 9 (radius: 25)
[00:28:01 -3324330.015237] FAST spr round 10 (radius: 25)
[00:29:13 -3324326.717573] FAST spr round 11 (radius: 25)
[00:30:23 -3324319.141122] FAST spr round 12 (radius: 25)
[00:31:33 -3324316.530258] FAST spr round 13 (radius: 25)
[00:32:44 -3324314.315123] FAST spr round 14 (radius: 25)
[00:33:53 -3324270.153943] FAST spr round 15 (radius: 25)
[00:35:03 -3324268.062664] FAST spr round 16 (radius: 25)
[00:36:14 -3324264.661574] FAST spr round 17 (radius: 25)
[00:37:24 -3324257.605436] FAST spr round 18 (radius: 25)
[00:38:35 -3324225.710979] FAST spr round 19 (radius: 25)
[00:39:46 -3324222.950162] FAST spr round 20 (radius: 25)
[00:40:57 -3324220.699224] FAST spr round 21 (radius: 25)
[00:42:05 -3324219.025645] FAST spr round 22 (radius: 25)
[00:43:14 -3324217.706050] FAST spr round 23 (radius: 25)
[00:44:22 -3324216.379307] FAST spr round 24 (radius: 25)
[00:45:31 -3324201.604337] FAST spr round 25 (radius: 25)
[00:46:44 -3324191.157954] FAST spr round 26 (radius: 25)
[00:47:54 -3324189.850695] FAST spr round 27 (radius: 25)
[00:49:04 -3324187.891852] FAST spr round 28 (radius: 25)
[00:50:14 -3324186.738917] FAST spr round 29 (radius: 25)
[00:51:25 -3324165.401479] FAST spr round 30 (radius: 25)
[00:52:35 -3324164.474773] FAST spr round 31 (radius: 25)
[00:53:44 -3324162.417600] FAST spr round 32 (radius: 25)
[00:54:54 -3324158.346747] FAST spr round 33 (radius: 25)
[00:56:04 -3324153.695884] FAST spr round 34 (radius: 25)
[00:57:14 -3324152.973447] FAST spr round 35 (radius: 25)
[00:58:24 -3324152.335789] FAST spr round 36 (radius: 25)
[00:59:33 -3324152.324065] Model parameter optimization (eps = 1.000000)
[00:59:53 -3324041.777506] SLOW spr round 1 (radius: 5)
[01:02:47 -3323390.064515] SLOW spr round 2 (radius: 5)
[01:05:10 -3323371.382624] SLOW spr round 3 (radius: 5)
[01:07:27 -3323370.721165] SLOW spr round 4 (radius: 5)
[01:09:42 -3323370.359002] SLOW spr round 5 (radius: 5)
[01:11:58 -3323370.358395] SLOW spr round 6 (radius: 10)
[01:14:56 -3323367.746258] SLOW spr round 7 (radius: 5)
[01:18:09 -3323365.340103] SLOW spr round 8 (radius: 5)
[01:20:45 -3323365.169826] SLOW spr round 9 (radius: 5)
[01:23:07 -3323365.167518] SLOW spr round 10 (radius: 10)
[01:26:08 -3323365.041122] SLOW spr round 11 (radius: 5)
[01:29:21 -3323363.624032] SLOW spr round 12 (radius: 5)
[01:31:56 -3323363.176884] SLOW spr round 13 (radius: 5)
[01:34:18 -3323363.092695] SLOW spr round 14 (radius: 10)
[01:37:19 -3323363.090520] SLOW spr round 15 (radius: 15)
[01:45:10 -3323363.090366] SLOW spr round 16 (radius: 20)
[01:59:05 -3323363.090354] SLOW spr round 17 (radius: 25)
[02:14:02 -3323363.090353] Model parameter optimization (eps = 0.100000)

[02:14:07] ML tree search #1, logLikelihood: -3323362.673382

[02:14:07 -4484506.143315] Initial branch length optimization
[02:14:13 -4119317.205931] Model parameter optimization (eps = 10.000000)
[02:15:37 -4028450.579435] AUTODETECT spr round 1 (radius: 5)
[02:16:32 -3886293.693240] AUTODETECT spr round 2 (radius: 10)
[02:17:50 -3581161.912769] AUTODETECT spr round 3 (radius: 15)
[02:19:37 -3433509.678291] AUTODETECT spr round 4 (radius: 20)
[02:22:11 -3424723.445907] AUTODETECT spr round 5 (radius: 25)
[02:24:50 -3422986.344863] SPR radius for FAST iterations: 25 (autodetect)
[02:24:50 -3422986.344863] Model parameter optimization (eps = 3.000000)
[02:25:25 -3407286.174987] FAST spr round 1 (radius: 25)
[02:30:29 -3327711.412072] FAST spr round 2 (radius: 25)
[02:33:36 -3324671.382476] FAST spr round 3 (radius: 25)
[02:35:48 -3324395.485961] FAST spr round 4 (radius: 25)
[02:37:27 -3324360.491542] FAST spr round 5 (radius: 25)
[02:38:58 -3324335.136223] FAST spr round 6 (radius: 25)
[02:40:20 -3324316.837761] FAST spr round 7 (radius: 25)
[02:41:39 -3324307.805045] FAST spr round 8 (radius: 25)
[02:42:57 -3324295.254693] FAST spr round 9 (radius: 25)
[02:44:13 -3324286.337419] FAST spr round 10 (radius: 25)
[02:45:27 -3324281.986807] FAST spr round 11 (radius: 25)
[02:46:40 -3324241.850141] FAST spr round 12 (radius: 25)
[02:47:53 -3324238.048612] FAST spr round 13 (radius: 25)
[02:49:05 -3324227.717460] FAST spr round 14 (radius: 25)
[02:50:20 -3324168.721499] FAST spr round 15 (radius: 25)
[02:51:36 -3324075.196854] FAST spr round 16 (radius: 25)
[02:52:47 -3324072.660022] FAST spr round 17 (radius: 25)
[02:54:00 -3324058.427662] FAST spr round 18 (radius: 25)
[02:55:11 -3324028.399410] FAST spr round 19 (radius: 25)
[02:56:23 -3324025.981895] FAST spr round 20 (radius: 25)
[02:57:34 -3324023.609043] FAST spr round 21 (radius: 25)
[02:58:43 -3324021.556821] FAST spr round 22 (radius: 25)
[02:59:53 -3324000.276518] FAST spr round 23 (radius: 25)
[03:01:02 -3323991.748970] FAST spr round 24 (radius: 25)
[03:02:10 -3323989.245827] FAST spr round 25 (radius: 25)
[03:03:19 -3323987.332504] FAST spr round 26 (radius: 25)
[03:04:29 -3323985.879725] FAST spr round 27 (radius: 25)
[03:05:38 -3323984.452317] FAST spr round 28 (radius: 25)
[03:06:48 -3323981.197346] FAST spr round 29 (radius: 25)
[03:07:58 -3323975.797753] FAST spr round 30 (radius: 25)
[03:09:08 -3323975.380376] FAST spr round 31 (radius: 25)
[03:10:18 -3323975.177323] FAST spr round 32 (radius: 25)
[03:11:28 -3323975.015790] FAST spr round 33 (radius: 25)
[03:12:39 -3323974.408278] FAST spr round 34 (radius: 25)
[03:13:49 -3323974.398183] Model parameter optimization (eps = 1.000000)
[03:14:06 -3323915.514720] SLOW spr round 1 (radius: 5)
[03:16:59 -3323417.663355] SLOW spr round 2 (radius: 5)
[03:19:22 -3323405.816694] SLOW spr round 3 (radius: 5)
[03:21:36 -3323401.083771] SLOW spr round 4 (radius: 5)
[03:23:52 -3323382.603683] SLOW spr round 5 (radius: 5)
[03:26:05 -3323382.107950] SLOW spr round 6 (radius: 5)
[03:28:18 -3323382.106616] SLOW spr round 7 (radius: 10)
[03:31:16 -3323380.686293] SLOW spr round 8 (radius: 5)
[03:34:29 -3323373.793831] SLOW spr round 9 (radius: 5)
[03:37:03 -3323373.787951] SLOW spr round 10 (radius: 10)
[03:40:12 -3323372.800331] SLOW spr round 11 (radius: 5)
[03:43:21 -3323371.944186] SLOW spr round 12 (radius: 5)
[03:45:53 -3323371.910908] SLOW spr round 13 (radius: 10)
[03:49:02 -3323370.614934] SLOW spr round 14 (radius: 5)
[03:52:12 -3323365.889641] SLOW spr round 15 (radius: 5)
[03:54:48 -3323360.193139] SLOW spr round 16 (radius: 5)
[03:57:08 -3323359.473657] SLOW spr round 17 (radius: 5)
[03:59:24 -3323359.472256] SLOW spr round 18 (radius: 10)
[04:02:24 -3323359.472209] SLOW spr round 19 (radius: 15)
[04:09:45 -3323359.472208] SLOW spr round 20 (radius: 20)
[04:22:40 -3323359.472208] SLOW spr round 21 (radius: 25)
[04:37:09 -3323359.472208] Model parameter optimization (eps = 0.100000)

[04:37:14] ML tree search #2, logLikelihood: -3323359.287916

[04:37:14 -4482568.374382] Initial branch length optimization
[04:37:20 -4111299.323572] Model parameter optimization (eps = 10.000000)
[04:38:23 -4020097.721748] AUTODETECT spr round 1 (radius: 5)
[04:39:17 -3835215.075504] AUTODETECT spr round 2 (radius: 10)
[04:40:43 -3538829.999036] AUTODETECT spr round 3 (radius: 15)
[04:42:32 -3438606.369530] AUTODETECT spr round 4 (radius: 20)
[04:44:41 -3422873.177224] AUTODETECT spr round 5 (radius: 25)
[04:47:13 -3415044.971915] SPR radius for FAST iterations: 25 (autodetect)
[04:47:13 -3415044.971915] Model parameter optimization (eps = 3.000000)
[04:47:50 -3399404.075233] FAST spr round 1 (radius: 25)
[04:52:25 -3326273.615464] FAST spr round 2 (radius: 25)
[04:55:23 -3324636.958127] FAST spr round 3 (radius: 25)
[04:57:36 -3324440.040312] FAST spr round 4 (radius: 25)
[04:59:16 -3324375.247917] FAST spr round 5 (radius: 25)
[05:00:42 -3324363.206008] FAST spr round 6 (radius: 25)
[05:02:03 -3324338.197924] FAST spr round 7 (radius: 25)
[05:03:22 -3324319.668996] FAST spr round 8 (radius: 25)
[05:04:35 -3324273.428726] FAST spr round 9 (radius: 25)
[05:05:48 -3324266.592697] FAST spr round 10 (radius: 25)
[05:06:59 -3324260.682909] FAST spr round 11 (radius: 25)
[05:08:12 -3324255.899815] FAST spr round 12 (radius: 25)
[05:09:24 -3324202.447832] FAST spr round 13 (radius: 25)
[05:10:35 -3324181.501679] FAST spr round 14 (radius: 25)
[05:11:46 -3324176.116931] FAST spr round 15 (radius: 25)
[05:12:55 -3324173.472012] FAST spr round 16 (radius: 25)
[05:14:04 -3324171.032757] FAST spr round 17 (radius: 25)
[05:15:13 -3324168.640620] FAST spr round 18 (radius: 25)
[05:16:22 -3324166.857164] FAST spr round 19 (radius: 25)
[05:17:31 -3324166.772799] Model parameter optimization (eps = 1.000000)
[05:17:43 -3324104.866297] SLOW spr round 1 (radius: 5)
[05:20:31 -3323430.662387] SLOW spr round 2 (radius: 5)
[05:22:53 -3323410.954493] SLOW spr round 3 (radius: 5)
[05:25:11 -3323402.375178] SLOW spr round 4 (radius: 5)
[05:27:23 -3323401.934137] SLOW spr round 5 (radius: 5)
[05:29:35 -3323401.932812] SLOW spr round 6 (radius: 10)
[05:32:33 -3323401.932778] SLOW spr round 7 (radius: 15)
[05:40:21 -3323401.932776] SLOW spr round 8 (radius: 20)
[05:54:14 -3323401.932776] SLOW spr round 9 (radius: 25)
[06:08:19 -3323401.932776] Model parameter optimization (eps = 0.100000)

[06:08:25] ML tree search #3, logLikelihood: -3323401.520020

[06:08:25 -4503607.174883] Initial branch length optimization
[06:08:32 -4125043.063107] Model parameter optimization (eps = 10.000000)
[06:09:58 -4033413.386824] AUTODETECT spr round 1 (radius: 5)
[06:10:51 -3880406.229636] AUTODETECT spr round 2 (radius: 10)
[06:12:16 -3543109.541472] AUTODETECT spr round 3 (radius: 15)
[06:13:58 -3457970.437013] AUTODETECT spr round 4 (radius: 20)
[06:16:04 -3433618.390702] AUTODETECT spr round 5 (radius: 25)
[06:18:45 -3430175.426659] SPR radius for FAST iterations: 25 (autodetect)
[06:18:45 -3430175.426659] Model parameter optimization (eps = 3.000000)
[06:19:14 -3414080.912305] FAST spr round 1 (radius: 25)
[06:24:11 -3327569.819776] FAST spr round 2 (radius: 25)
[06:27:10 -3324579.554524] FAST spr round 3 (radius: 25)
[06:29:20 -3324223.840585] FAST spr round 4 (radius: 25)
[06:31:01 -3324102.484452] FAST spr round 5 (radius: 25)
[06:32:31 -3324062.269046] FAST spr round 6 (radius: 25)
[06:33:51 -3324051.691383] FAST spr round 7 (radius: 25)
[06:35:11 -3324039.608571] FAST spr round 8 (radius: 25)
[06:36:29 -3324006.965931] FAST spr round 9 (radius: 25)
[06:37:43 -3323997.733569] FAST spr round 10 (radius: 25)
[06:38:57 -3323989.985393] FAST spr round 11 (radius: 25)
[06:40:11 -3323982.510039] FAST spr round 12 (radius: 25)
[06:41:23 -3323977.919247] FAST spr round 13 (radius: 25)
[06:42:35 -3323973.669593] FAST spr round 14 (radius: 25)
[06:43:49 -3323953.876852] FAST spr round 15 (radius: 25)
[06:45:03 -3323941.414060] FAST spr round 16 (radius: 25)
[06:46:17 -3323920.654036] FAST spr round 17 (radius: 25)
[06:47:27 -3323915.105038] FAST spr round 18 (radius: 25)
[06:48:36 -3323907.582002] FAST spr round 19 (radius: 25)
[06:49:44 -3323904.504459] FAST spr round 20 (radius: 25)
[06:50:52 -3323902.848743] FAST spr round 21 (radius: 25)
[06:52:00 -3323900.142598] FAST spr round 22 (radius: 25)
[06:53:09 -3323898.691209] FAST spr round 23 (radius: 25)
[06:54:17 -3323897.356233] FAST spr round 24 (radius: 25)
[06:55:26 -3323891.385009] FAST spr round 25 (radius: 25)
[06:56:34 -3323887.306275] FAST spr round 26 (radius: 25)
[06:57:42 -3323886.034413] FAST spr round 27 (radius: 25)
[06:58:49 -3323884.773379] FAST spr round 28 (radius: 25)
[06:59:57 -3323883.920208] FAST spr round 29 (radius: 25)
[07:01:05 -3323883.507072] FAST spr round 30 (radius: 25)
[07:02:13 -3323872.807071] FAST spr round 31 (radius: 25)
[07:03:20 -3323870.556221] FAST spr round 32 (radius: 25)
[07:04:28 -3323868.568610] FAST spr round 33 (radius: 25)
[07:05:36 -3323868.168059] FAST spr round 34 (radius: 25)
[07:06:45 -3323867.674040] FAST spr round 35 (radius: 25)
[07:07:53 -3323867.672380] Model parameter optimization (eps = 1.000000)
[07:08:08 -3323790.825497] SLOW spr round 1 (radius: 5)
[07:11:02 -3323404.100501] SLOW spr round 2 (radius: 5)
[07:13:22 -3323400.039000] SLOW spr round 3 (radius: 5)
[07:15:38 -3323399.387815] SLOW spr round 4 (radius: 5)
[07:17:51 -3323398.766566] SLOW spr round 5 (radius: 5)
[07:20:05 -3323398.544460] SLOW spr round 6 (radius: 5)
[07:22:17 -3323398.488440] SLOW spr round 7 (radius: 10)
[07:25:14 -3323398.487748] SLOW spr round 8 (radius: 15)
[07:32:51 -3323398.487713] SLOW spr round 9 (radius: 20)
[07:46:27 -3323398.487711] SLOW spr round 10 (radius: 25)
[08:00:49 -3323398.487711] Model parameter optimization (eps = 0.100000)

[08:00:59] ML tree search #4, logLikelihood: -3323398.080333

[08:00:59 -4496848.162056] Initial branch length optimization
[08:01:05 -4121768.068359] Model parameter optimization (eps = 10.000000)
[08:02:19 -4030300.336692] AUTODETECT spr round 1 (radius: 5)
[08:03:13 -3850992.864618] AUTODETECT spr round 2 (radius: 10)
[08:04:33 -3565334.631187] AUTODETECT spr round 3 (radius: 15)
[08:06:23 -3460023.548796] AUTODETECT spr round 4 (radius: 20)
[08:08:35 -3430880.428005] AUTODETECT spr round 5 (radius: 25)
[08:11:08 -3424734.432068] SPR radius for FAST iterations: 25 (autodetect)
[08:11:08 -3424734.432068] Model parameter optimization (eps = 3.000000)
[08:11:42 -3408911.231079] FAST spr round 1 (radius: 25)
[08:16:37 -3327817.353057] FAST spr round 2 (radius: 25)
[08:19:51 -3324505.879665] FAST spr round 3 (radius: 25)
[08:22:02 -3324390.091448] FAST spr round 4 (radius: 25)
[08:23:44 -3324319.015719] FAST spr round 5 (radius: 25)
[08:25:13 -3324239.119853] FAST spr round 6 (radius: 25)
[08:26:33 -3324191.135545] FAST spr round 7 (radius: 25)
[08:27:49 -3324167.444582] FAST spr round 8 (radius: 25)
[08:29:06 -3324134.163796] FAST spr round 9 (radius: 25)
[08:30:19 -3324124.179949] FAST spr round 10 (radius: 25)
[08:31:29 -3324102.105517] FAST spr round 11 (radius: 25)
[08:32:40 -3324094.962157] FAST spr round 12 (radius: 25)
[08:33:50 -3324091.165611] FAST spr round 13 (radius: 25)
[08:35:01 -3324087.459316] FAST spr round 14 (radius: 25)
[08:36:11 -3324084.311797] FAST spr round 15 (radius: 25)
[08:37:22 -3324078.852278] FAST spr round 16 (radius: 25)
[08:38:31 -3324068.288730] FAST spr round 17 (radius: 25)
[08:39:40 -3324065.381460] FAST spr round 18 (radius: 25)
[08:40:50 -3324057.506044] FAST spr round 19 (radius: 25)
[08:42:00 -3324052.964168] FAST spr round 20 (radius: 25)
[08:43:09 -3324050.221755] FAST spr round 21 (radius: 25)
[08:44:18 -3324047.675121] FAST spr round 22 (radius: 25)
[08:45:28 -3324040.230140] FAST spr round 23 (radius: 25)
[08:46:35 -3324038.014922] FAST spr round 24 (radius: 25)
[08:47:40 -3324035.879641] FAST spr round 25 (radius: 25)
[08:48:46 -3324035.106819] FAST spr round 26 (radius: 25)
[08:49:52 -3324034.838197] FAST spr round 27 (radius: 25)
[08:50:57 -3324034.632781] FAST spr round 28 (radius: 25)
[08:52:03 -3324033.534730] FAST spr round 29 (radius: 25)
[08:53:10 -3324031.292676] FAST spr round 30 (radius: 25)
[08:54:16 -3324030.793127] FAST spr round 31 (radius: 25)
[08:55:22 -3324030.782657] Model parameter optimization (eps = 1.000000)
[08:55:38 -3323967.983285] SLOW spr round 1 (radius: 5)
[08:58:24 -3323431.398086] SLOW spr round 2 (radius: 5)
[09:00:46 -3323396.526752] SLOW spr round 3 (radius: 5)
[09:03:00 -3323394.916109] SLOW spr round 4 (radius: 5)
[09:05:12 -3323393.315476] SLOW spr round 5 (radius: 5)
[09:07:24 -3323391.974511] SLOW spr round 6 (radius: 5)
[09:09:37 -3323390.901074] SLOW spr round 7 (radius: 5)
[09:11:53 -3323376.696045] SLOW spr round 8 (radius: 5)
[09:14:06 -3323374.706172] SLOW spr round 9 (radius: 5)
[09:16:20 -3323369.955252] SLOW spr round 10 (radius: 5)
[09:18:32 -3323368.865105] SLOW spr round 11 (radius: 5)
[09:20:43 -3323368.734317] SLOW spr round 12 (radius: 5)
[09:22:56 -3323368.669190] SLOW spr round 13 (radius: 10)
[09:25:51 -3323368.216861] SLOW spr round 14 (radius: 5)
[09:29:01 -3323362.945625] SLOW spr round 15 (radius: 5)
[09:31:32 -3323362.940232] SLOW spr round 16 (radius: 10)
[09:34:38 -3323362.939995] SLOW spr round 17 (radius: 15)
[09:42:02 -3323362.939984] SLOW spr round 18 (radius: 20)
[09:55:27 -3323362.939983] SLOW spr round 19 (radius: 25)
[10:09:40 -3323362.939983] Model parameter optimization (eps = 0.100000)

[10:09:46] ML tree search #5, logLikelihood: -3323362.582897

[10:09:46 -4495243.388820] Initial branch length optimization
[10:09:51 -4121734.200064] Model parameter optimization (eps = 10.000000)
[10:10:58 -4032068.412290] AUTODETECT spr round 1 (radius: 5)
[10:11:50 -3813993.557890] AUTODETECT spr round 2 (radius: 10)
[10:13:09 -3523133.810508] AUTODETECT spr round 3 (radius: 15)
[10:15:03 -3415691.046195] AUTODETECT spr round 4 (radius: 20)
[10:17:59 -3393722.906910] AUTODETECT spr round 5 (radius: 25)
[10:21:07 -3392940.544633] SPR radius for FAST iterations: 25 (autodetect)
[10:21:07 -3392940.544633] Model parameter optimization (eps = 3.000000)
[10:21:38 -3378862.177263] FAST spr round 1 (radius: 25)
[10:26:35 -3326636.441745] FAST spr round 2 (radius: 25)
[10:29:39 -3324388.942193] FAST spr round 3 (radius: 25)
[10:31:46 -3324253.678599] FAST spr round 4 (radius: 25)
[10:33:24 -3324211.859662] FAST spr round 5 (radius: 25)
[10:34:52 -3324176.674947] FAST spr round 6 (radius: 25)
[10:36:13 -3324158.562696] FAST spr round 7 (radius: 25)
[10:37:31 -3324144.597714] FAST spr round 8 (radius: 25)
[10:38:47 -3324132.840156] FAST spr round 9 (radius: 25)
[10:40:01 -3324122.535372] FAST spr round 10 (radius: 25)
[10:41:14 -3324112.434024] FAST spr round 11 (radius: 25)
[10:42:28 -3324063.707389] FAST spr round 12 (radius: 25)
[10:43:43 -3324027.121587] FAST spr round 13 (radius: 25)
[10:45:02 -3323957.474551] FAST spr round 14 (radius: 25)
[10:46:15 -3323944.564660] FAST spr round 15 (radius: 25)
[10:47:26 -3323938.479678] FAST spr round 16 (radius: 25)
[10:48:38 -3323926.141464] FAST spr round 17 (radius: 25)
[10:49:48 -3323922.615457] FAST spr round 18 (radius: 25)
[10:50:58 -3323919.109181] FAST spr round 19 (radius: 25)
[10:52:08 -3323916.041482] FAST spr round 20 (radius: 25)
[10:53:16 -3323913.702156] FAST spr round 21 (radius: 25)
[10:54:25 -3323912.750811] FAST spr round 22 (radius: 25)
[10:55:34 -3323912.201786] FAST spr round 23 (radius: 25)
[10:56:43 -3323911.837464] FAST spr round 24 (radius: 25)
[10:57:51 -3323911.633087] FAST spr round 25 (radius: 25)
[10:59:00 -3323911.331231] FAST spr round 26 (radius: 25)
[11:00:09 -3323909.816104] FAST spr round 27 (radius: 25)
[11:01:18 -3323893.479317] FAST spr round 28 (radius: 25)
[11:02:28 -3323884.815207] FAST spr round 29 (radius: 25)
[11:03:36 -3323883.106022] FAST spr round 30 (radius: 25)
[11:04:44 -3323883.101080] Model parameter optimization (eps = 1.000000)
[11:05:00 -3323808.265692] SLOW spr round 1 (radius: 5)
[11:07:46 -3323380.127862] SLOW spr round 2 (radius: 5)
[11:10:06 -3323373.703116] SLOW spr round 3 (radius: 5)
[11:12:25 -3323354.297744] SLOW spr round 4 (radius: 5)
[11:14:38 -3323354.296160] SLOW spr round 5 (radius: 10)
[11:17:31 -3323354.296078] SLOW spr round 6 (radius: 15)
[11:25:02 -3323354.296073] SLOW spr round 7 (radius: 20)
[11:38:20 -3323354.296073] SLOW spr round 8 (radius: 25)
[11:52:36 -3323354.296073] Model parameter optimization (eps = 0.100000)

[11:52:41] ML tree search #6, logLikelihood: -3323354.040679

[11:52:41 -4481227.947708] Initial branch length optimization
[11:52:46 -4111755.696140] Model parameter optimization (eps = 10.000000)
[11:54:09 -4020272.778333] AUTODETECT spr round 1 (radius: 5)
[11:55:03 -3839358.924387] AUTODETECT spr round 2 (radius: 10)
[11:56:28 -3518166.626340] AUTODETECT spr round 3 (radius: 15)
[11:58:25 -3414344.842227] AUTODETECT spr round 4 (radius: 20)
[12:01:12 -3403800.498807] AUTODETECT spr round 5 (radius: 25)
[12:03:54 -3402400.449339] SPR radius for FAST iterations: 25 (autodetect)
[12:03:54 -3402400.449339] Model parameter optimization (eps = 3.000000)
[12:04:33 -3386633.089899] FAST spr round 1 (radius: 25)
[12:09:45 -3326950.661932] FAST spr round 2 (radius: 25)
[12:13:09 -3324171.684485] FAST spr round 3 (radius: 25)
[12:15:23 -3323999.447438] FAST spr round 4 (radius: 25)
[12:17:05 -3323977.491146] FAST spr round 5 (radius: 25)
[12:18:33 -3323953.621596] FAST spr round 6 (radius: 25)
[12:19:54 -3323942.599243] FAST spr round 7 (radius: 25)
[12:21:11 -3323933.410973] FAST spr round 8 (radius: 25)
[12:22:24 -3323927.567346] FAST spr round 9 (radius: 25)
[12:23:37 -3323924.122662] FAST spr round 10 (radius: 25)
[12:24:49 -3323920.956356] FAST spr round 11 (radius: 25)
[12:26:00 -3323918.892493] FAST spr round 12 (radius: 25)
[12:27:11 -3323916.975322] FAST spr round 13 (radius: 25)
[12:28:22 -3323915.137020] FAST spr round 14 (radius: 25)
[12:29:31 -3323914.391579] FAST spr round 15 (radius: 25)
[12:30:42 -3323908.539709] FAST spr round 16 (radius: 25)
[12:31:54 -3323894.936161] FAST spr round 17 (radius: 25)
[12:33:03 -3323894.427180] FAST spr round 18 (radius: 25)
[12:34:13 -3323894.064474] FAST spr round 19 (radius: 25)
[12:35:22 -3323891.759606] FAST spr round 20 (radius: 25)
[12:36:30 -3323891.153173] FAST spr round 21 (radius: 25)
[12:37:42 -3323842.858143] FAST spr round 22 (radius: 25)
[12:38:50 -3323842.080295] FAST spr round 23 (radius: 25)
[12:39:58 -3323841.781258] FAST spr round 24 (radius: 25)
[12:41:06 -3323841.650869] FAST spr round 25 (radius: 25)
[12:42:14 -3323841.634536] Model parameter optimization (eps = 1.000000)
[12:42:25 -3323813.762528] SLOW spr round 1 (radius: 5)
[12:45:19 -3323391.090082] SLOW spr round 2 (radius: 5)
[12:47:45 -3323384.663165] SLOW spr round 3 (radius: 5)
[12:50:01 -3323382.509893] SLOW spr round 4 (radius: 5)
[12:52:17 -3323379.775337] SLOW spr round 5 (radius: 5)
[12:54:34 -3323372.519617] SLOW spr round 6 (radius: 5)
[12:56:49 -3323371.267861] SLOW spr round 7 (radius: 5)
[12:59:07 -3323367.904333] SLOW spr round 8 (radius: 5)
[13:01:23 -3323365.532810] SLOW spr round 9 (radius: 5)
[13:03:37 -3323364.352067] SLOW spr round 10 (radius: 5)
[13:05:51 -3323363.587469] SLOW spr round 11 (radius: 5)
[13:08:05 -3323363.462611] SLOW spr round 12 (radius: 5)
[13:10:18 -3323363.413783] SLOW spr round 13 (radius: 10)
[13:13:16 -3323363.340395] SLOW spr round 14 (radius: 15)
[13:21:42 -3323363.337075] SLOW spr round 15 (radius: 20)
[13:36:05 -3323363.336869] SLOW spr round 16 (radius: 25)
[13:50:18 -3323363.336857] Model parameter optimization (eps = 0.100000)

[13:50:27] ML tree search #7, logLikelihood: -3323362.455918

[13:50:27 -4498013.551891] Initial branch length optimization
[13:50:32 -4123616.950637] Model parameter optimization (eps = 10.000000)
[13:51:54 -4032103.299249] AUTODETECT spr round 1 (radius: 5)
[13:52:48 -3872738.566332] AUTODETECT spr round 2 (radius: 10)
[13:54:10 -3559148.265044] AUTODETECT spr round 3 (radius: 15)
[13:55:57 -3443597.544917] AUTODETECT spr round 4 (radius: 20)
[13:58:08 -3436668.922674] AUTODETECT spr round 5 (radius: 25)
[14:00:41 -3434918.650536] SPR radius for FAST iterations: 25 (autodetect)
[14:00:41 -3434918.650536] Model parameter optimization (eps = 3.000000)
[14:01:17 -3419126.602513] FAST spr round 1 (radius: 25)
[14:06:44 -3327183.888796] FAST spr round 2 (radius: 25)
[14:09:53 -3324148.647562] FAST spr round 3 (radius: 25)
[14:12:11 -3323959.380469] FAST spr round 4 (radius: 25)
[14:13:50 -3323895.087935] FAST spr round 5 (radius: 25)
[14:15:18 -3323877.116692] FAST spr round 6 (radius: 25)
[14:16:39 -3323872.464602] FAST spr round 7 (radius: 25)
[14:17:57 -3323868.673598] FAST spr round 8 (radius: 25)
[14:19:13 -3323864.926852] FAST spr round 9 (radius: 25)
[14:20:27 -3323861.794259] FAST spr round 10 (radius: 25)
[14:21:38 -3323860.369220] FAST spr round 11 (radius: 25)
[14:22:49 -3323848.411311] FAST spr round 12 (radius: 25)
[14:24:01 -3323847.330989] FAST spr round 13 (radius: 25)
[14:25:12 -3323846.583091] FAST spr round 14 (radius: 25)
[14:26:22 -3323846.577531] Model parameter optimization (eps = 1.000000)
[14:26:37 -3323777.064103] SLOW spr round 1 (radius: 5)
[14:29:33 -3323389.743549] SLOW spr round 2 (radius: 5)
[14:31:59 -3323383.795237] SLOW spr round 3 (radius: 5)
[14:34:21 -3323375.971942] SLOW spr round 4 (radius: 5)
[14:36:41 -3323367.174685] SLOW spr round 5 (radius: 5)
[14:38:55 -3323366.627038] SLOW spr round 6 (radius: 5)
[14:41:10 -3323366.419428] SLOW spr round 7 (radius: 5)
[14:43:24 -3323366.271443] SLOW spr round 8 (radius: 5)
[14:45:39 -3323365.676524] SLOW spr round 9 (radius: 5)
[14:47:54 -3323365.536610] SLOW spr round 10 (radius: 5)
[14:50:09 -3323365.536296] SLOW spr round 11 (radius: 10)
[14:53:09 -3323365.536287] SLOW spr round 12 (radius: 15)
[15:00:48 -3323365.536286] SLOW spr round 13 (radius: 20)
[15:14:14 -3323365.536286] SLOW spr round 14 (radius: 25)
[15:28:27 -3323365.536286] Model parameter optimization (eps = 0.100000)

[15:28:32] ML tree search #8, logLikelihood: -3323365.078455

[15:28:32 -4488158.508110] Initial branch length optimization
[15:28:38 -4116389.781322] Model parameter optimization (eps = 10.000000)
[15:29:55 -4025649.267647] AUTODETECT spr round 1 (radius: 5)
[15:30:49 -3865101.369637] AUTODETECT spr round 2 (radius: 10)
[15:32:08 -3586933.522337] AUTODETECT spr round 3 (radius: 15)
[15:33:46 -3457344.388197] AUTODETECT spr round 4 (radius: 20)
[15:35:57 -3446212.819110] AUTODETECT spr round 5 (radius: 25)
[15:38:36 -3444109.979942] SPR radius for FAST iterations: 25 (autodetect)
[15:38:36 -3444109.979942] Model parameter optimization (eps = 3.000000)
[15:39:12 -3428795.411149] FAST spr round 1 (radius: 25)
[15:44:09 -3326579.085708] FAST spr round 2 (radius: 25)
[15:47:13 -3324267.586838] FAST spr round 3 (radius: 25)
[15:49:22 -3324129.327061] FAST spr round 4 (radius: 25)
[15:50:55 -3324095.350718] FAST spr round 5 (radius: 25)
[15:52:20 -3324069.094127] FAST spr round 6 (radius: 25)
[15:53:39 -3324055.592740] FAST spr round 7 (radius: 25)
[15:54:54 -3324042.602748] FAST spr round 8 (radius: 25)
[15:56:07 -3324024.580953] FAST spr round 9 (radius: 25)
[15:57:20 -3324021.801584] FAST spr round 10 (radius: 25)
[15:58:32 -3324019.366775] FAST spr round 11 (radius: 25)
[15:59:44 -3324009.406698] FAST spr round 12 (radius: 25)
[16:00:57 -3323998.486182] FAST spr round 13 (radius: 25)
[16:02:11 -3323976.327091] FAST spr round 14 (radius: 25)
[16:03:22 -3323974.404235] FAST spr round 15 (radius: 25)
[16:04:35 -3323968.471828] FAST spr round 16 (radius: 25)
[16:05:46 -3323963.029377] FAST spr round 17 (radius: 25)
[16:06:56 -3323961.132187] FAST spr round 18 (radius: 25)
[16:08:07 -3323945.336512] FAST spr round 19 (radius: 25)
[16:09:18 -3323940.690790] FAST spr round 20 (radius: 25)
[16:10:27 -3323937.977889] FAST spr round 21 (radius: 25)
[16:11:40 -3323922.873272] FAST spr round 22 (radius: 25)
[16:12:50 -3323919.750079] FAST spr round 23 (radius: 25)
[16:14:00 -3323914.239619] FAST spr round 24 (radius: 25)
[16:15:10 -3323912.678628] FAST spr round 25 (radius: 25)
[16:16:20 -3323911.173111] FAST spr round 26 (radius: 25)
[16:17:30 -3323910.938910] FAST spr round 27 (radius: 25)
[16:18:40 -3323904.136285] FAST spr round 28 (radius: 25)
[16:19:51 -3323902.518030] FAST spr round 29 (radius: 25)
[16:21:00 -3323902.515458] Model parameter optimization (eps = 1.000000)
[16:21:20 -3323833.735792] SLOW spr round 1 (radius: 5)
[16:24:16 -3323407.135557] SLOW spr round 2 (radius: 5)
[16:26:42 -3323396.411329] SLOW spr round 3 (radius: 5)
[16:29:05 -3323382.289764] SLOW spr round 4 (radius: 5)
[16:31:24 -3323372.715037] SLOW spr round 5 (radius: 5)
[16:33:40 -3323371.589904] SLOW spr round 6 (radius: 5)
[16:35:57 -3323369.912971] SLOW spr round 7 (radius: 5)
[16:38:13 -3323369.412826] SLOW spr round 8 (radius: 5)
[16:40:28 -3323369.334973] SLOW spr round 9 (radius: 10)
[16:43:27 -3323369.329679] SLOW spr round 10 (radius: 15)
[16:51:36 -3323369.328780] SLOW spr round 11 (radius: 20)
[17:05:25 -3323369.328669] SLOW spr round 12 (radius: 25)
[17:20:08 -3323369.328658] Model parameter optimization (eps = 0.100000)

[17:20:13] ML tree search #9, logLikelihood: -3323369.133680

[17:20:13 -4489115.899744] Initial branch length optimization
[17:20:19 -4119420.208614] Model parameter optimization (eps = 10.000000)
[17:21:36 -4027398.037369] AUTODETECT spr round 1 (radius: 5)
[17:22:29 -3845944.936171] AUTODETECT spr round 2 (radius: 10)
[17:23:52 -3560575.600167] AUTODETECT spr round 3 (radius: 15)
[17:25:34 -3439809.255169] AUTODETECT spr round 4 (radius: 20)
[17:27:35 -3426192.856390] AUTODETECT spr round 5 (radius: 25)
[17:29:48 -3426003.896743] SPR radius for FAST iterations: 25 (autodetect)
[17:29:48 -3426003.896743] Model parameter optimization (eps = 3.000000)
[17:30:24 -3409504.128262] FAST spr round 1 (radius: 25)
[17:35:25 -3327176.101647] FAST spr round 2 (radius: 25)
[17:38:35 -3324443.264682] FAST spr round 3 (radius: 25)
[17:40:49 -3324317.611619] FAST spr round 4 (radius: 25)
[17:42:33 -3324267.802823] FAST spr round 5 (radius: 25)
[17:44:03 -3324249.759064] FAST spr round 6 (radius: 25)
[17:45:24 -3324217.184652] FAST spr round 7 (radius: 25)
[17:46:41 -3324205.928056] FAST spr round 8 (radius: 25)
[17:48:02 -3324181.237464] FAST spr round 9 (radius: 25)
[17:49:18 -3324174.815137] FAST spr round 10 (radius: 25)
[17:50:35 -3324165.158790] FAST spr round 11 (radius: 25)
[17:51:49 -3324101.282709] FAST spr round 12 (radius: 25)
[17:53:03 -3324096.321868] FAST spr round 13 (radius: 25)
[17:54:17 -3324091.475980] FAST spr round 14 (radius: 25)
[17:55:31 -3324077.315435] FAST spr round 15 (radius: 25)
[17:56:42 -3324074.377602] FAST spr round 16 (radius: 25)
[17:57:52 -3324054.299113] FAST spr round 17 (radius: 25)
[17:59:02 -3324052.659992] FAST spr round 18 (radius: 25)
[18:00:13 -3324045.972076] FAST spr round 19 (radius: 25)
[18:01:23 -3324040.362956] FAST spr round 20 (radius: 25)
[18:02:32 -3324038.649961] FAST spr round 21 (radius: 25)
[18:03:42 -3324037.796346] FAST spr round 22 (radius: 25)
[18:04:53 -3324037.434030] FAST spr round 23 (radius: 25)
[18:06:03 -3324034.372612] FAST spr round 24 (radius: 25)
[18:07:15 -3324020.754408] FAST spr round 25 (radius: 25)
[18:08:28 -3323991.050050] FAST spr round 26 (radius: 25)
[18:09:40 -3323983.477180] FAST spr round 27 (radius: 25)
[18:10:51 -3323980.696757] FAST spr round 28 (radius: 25)
[18:12:02 -3323968.279596] FAST spr round 29 (radius: 25)
[18:13:12 -3323966.077240] FAST spr round 30 (radius: 25)
[18:14:22 -3323966.076000] Model parameter optimization (eps = 1.000000)
[18:14:37 -3323904.528957] SLOW spr round 1 (radius: 5)
[18:17:32 -3323375.345400] SLOW spr round 2 (radius: 5)
[18:19:58 -3323367.998940] SLOW spr round 3 (radius: 5)
[18:22:17 -3323366.850712] SLOW spr round 4 (radius: 5)
[18:24:35 -3323366.757920] SLOW spr round 5 (radius: 10)
[18:27:36 -3323363.417005] SLOW spr round 6 (radius: 5)
[18:30:52 -3323358.760206] SLOW spr round 7 (radius: 5)
[18:33:29 -3323358.759826] SLOW spr round 8 (radius: 10)
[18:36:41 -3323358.483277] SLOW spr round 9 (radius: 5)
[18:39:56 -3323352.978066] SLOW spr round 10 (radius: 5)
[18:42:33 -3323350.550605] SLOW spr round 11 (radius: 5)
[18:44:54 -3323350.549968] SLOW spr round 12 (radius: 10)
[18:48:00 -3323350.549925] SLOW spr round 13 (radius: 15)
[18:56:11 -3323350.549921] SLOW spr round 14 (radius: 20)
[19:10:25 -3323350.549921] SLOW spr round 15 (radius: 25)
[19:25:32 -3323350.549921] Model parameter optimization (eps = 0.100000)

[19:25:37] ML tree search #10, logLikelihood: -3323350.366073

[19:25:37 -3545459.255356] Initial branch length optimization
[19:25:41 -3411583.321399] Model parameter optimization (eps = 10.000000)
[19:26:15 -3326455.357261] AUTODETECT spr round 1 (radius: 5)
[19:26:59 -3324475.115992] AUTODETECT spr round 2 (radius: 10)
[19:28:30 -3324167.806133] AUTODETECT spr round 3 (radius: 15)
[19:30:57 -3324167.792124] SPR radius for FAST iterations: 10 (autodetect)
[19:30:57 -3324167.792124] Model parameter optimization (eps = 3.000000)
[19:31:01 -3324166.202513] FAST spr round 1 (radius: 10)
[19:33:15 -3323885.222741] FAST spr round 2 (radius: 10)
[19:34:51 -3323796.505230] FAST spr round 3 (radius: 10)
[19:36:15 -3323770.494556] FAST spr round 4 (radius: 10)
[19:37:30 -3323736.574587] FAST spr round 5 (radius: 10)
[19:38:40 -3323711.627721] FAST spr round 6 (radius: 10)
[19:39:48 -3323696.191779] FAST spr round 7 (radius: 10)
[19:40:58 -3323682.901669] FAST spr round 8 (radius: 10)
[19:42:05 -3323670.050048] FAST spr round 9 (radius: 10)
[19:43:12 -3323660.763682] FAST spr round 10 (radius: 10)
[19:44:19 -3323654.549649] FAST spr round 11 (radius: 10)
[19:45:26 -3323649.008150] FAST spr round 12 (radius: 10)
[19:46:33 -3323643.837915] FAST spr round 13 (radius: 10)
[19:47:41 -3323639.512948] FAST spr round 14 (radius: 10)
[19:48:49 -3323635.663627] FAST spr round 15 (radius: 10)
[19:49:56 -3323632.909014] FAST spr round 16 (radius: 10)
[19:51:04 -3323629.463241] FAST spr round 17 (radius: 10)
[19:52:11 -3323627.656013] FAST spr round 18 (radius: 10)
[19:53:17 -3323625.666335] FAST spr round 19 (radius: 10)
[19:54:23 -3323624.462187] FAST spr round 20 (radius: 10)
[19:55:29 -3323623.249404] FAST spr round 21 (radius: 10)
[19:56:35 -3323622.455911] FAST spr round 22 (radius: 10)
[19:57:40 -3323622.390178] Model parameter optimization (eps = 1.000000)
[19:57:44 -3323622.073833] SLOW spr round 1 (radius: 5)
[20:00:37 -3323389.016796] SLOW spr round 2 (radius: 5)
[20:02:58 -3323385.847658] SLOW spr round 3 (radius: 5)
[20:05:15 -3323382.868136] SLOW spr round 4 (radius: 5)
[20:07:32 -3323376.273786] SLOW spr round 5 (radius: 5)
[20:09:46 -3323376.272700] SLOW spr round 6 (radius: 10)
[20:12:44 -3323376.272674] SLOW spr round 7 (radius: 15)
[20:20:14 -3323376.272673] SLOW spr round 8 (radius: 20)
[20:33:25 -3323376.272673] SLOW spr round 9 (radius: 25)
[20:47:52 -3323376.272673] Model parameter optimization (eps = 0.100000)

[20:48:00] ML tree search #11, logLikelihood: -3323375.868462

[20:48:00 -3546307.472617] Initial branch length optimization
[20:48:05 -3413241.707644] Model parameter optimization (eps = 10.000000)
[20:48:36 -3328751.268984] AUTODETECT spr round 1 (radius: 5)
[20:49:20 -3324983.059359] AUTODETECT spr round 2 (radius: 10)
[20:50:49 -3324617.377078] AUTODETECT spr round 3 (radius: 15)
[20:53:03 -3324617.365305] SPR radius for FAST iterations: 10 (autodetect)
[20:53:03 -3324617.365305] Model parameter optimization (eps = 3.000000)
[20:53:05 -3324615.703886] FAST spr round 1 (radius: 10)
[20:55:24 -3323873.666872] FAST spr round 2 (radius: 10)
[20:57:02 -3323807.369446] FAST spr round 3 (radius: 10)
[20:58:22 -3323790.864352] FAST spr round 4 (radius: 10)
[20:59:34 -3323777.724307] FAST spr round 5 (radius: 10)
[21:00:44 -3323770.487253] FAST spr round 6 (radius: 10)
[21:01:51 -3323765.199951] FAST spr round 7 (radius: 10)
[21:02:57 -3323761.224388] FAST spr round 8 (radius: 10)
[21:04:03 -3323757.614332] FAST spr round 9 (radius: 10)
[21:05:08 -3323755.165395] FAST spr round 10 (radius: 10)
[21:06:13 -3323751.346920] FAST spr round 11 (radius: 10)
[21:07:18 -3323743.868896] FAST spr round 12 (radius: 10)
[21:08:23 -3323742.628233] FAST spr round 13 (radius: 10)
[21:09:28 -3323740.857545] FAST spr round 14 (radius: 10)
[21:10:32 -3323739.945887] FAST spr round 15 (radius: 10)
[21:11:37 -3323696.488205] FAST spr round 16 (radius: 10)
[21:12:44 -3323671.590286] FAST spr round 17 (radius: 10)
[21:13:51 -3323650.188587] FAST spr round 18 (radius: 10)
[21:14:57 -3323643.639729] FAST spr round 19 (radius: 10)
[21:16:01 -3323640.882404] FAST spr round 20 (radius: 10)
[21:17:06 -3323640.595243] FAST spr round 21 (radius: 10)
[21:18:11 -3323638.985778] FAST spr round 22 (radius: 10)
[21:19:16 -3323638.983861] Model parameter optimization (eps = 1.000000)
[21:19:22 -3323637.229614] SLOW spr round 1 (radius: 5)
[21:22:12 -3323395.492507] SLOW spr round 2 (radius: 5)
[21:24:37 -3323366.342276] SLOW spr round 3 (radius: 5)
[21:26:54 -3323363.410537] SLOW spr round 4 (radius: 5)
[21:29:13 -3323355.897573] SLOW spr round 5 (radius: 5)
[21:31:28 -3323355.896093] SLOW spr round 6 (radius: 10)
[21:34:27 -3323355.708818] SLOW spr round 7 (radius: 5)
[21:37:41 -3323353.291592] SLOW spr round 8 (radius: 5)
[21:40:19 -3323352.868206] SLOW spr round 9 (radius: 5)
[21:42:45 -3323352.866212] SLOW spr round 10 (radius: 10)
[21:45:49 -3323352.866139] SLOW spr round 11 (radius: 15)
[21:53:38 -3323352.866136] SLOW spr round 12 (radius: 20)
[22:07:35 -3323352.866136] SLOW spr round 13 (radius: 25)
[22:22:02 -3323352.866136] Model parameter optimization (eps = 0.100000)

[22:22:08] ML tree search #12, logLikelihood: -3323352.404249

[22:22:08 -3543616.137369] Initial branch length optimization
[22:22:12 -3411122.354050] Model parameter optimization (eps = 10.000000)
[22:22:45 -3326311.646967] AUTODETECT spr round 1 (radius: 5)
[22:23:28 -3324008.516089] AUTODETECT spr round 2 (radius: 10)
[22:24:58 -3323914.215888] AUTODETECT spr round 3 (radius: 15)
[22:27:24 -3323914.191278] SPR radius for FAST iterations: 10 (autodetect)
[22:27:24 -3323914.191278] Model parameter optimization (eps = 3.000000)
[22:27:29 -3323912.040987] FAST spr round 1 (radius: 10)
[22:29:44 -3323714.635908] FAST spr round 2 (radius: 10)
[22:31:20 -3323660.321405] FAST spr round 3 (radius: 10)
[22:32:37 -3323650.577548] FAST spr round 4 (radius: 10)
[22:33:49 -3323634.781554] FAST spr round 5 (radius: 10)
[22:34:55 -3323626.479663] FAST spr round 6 (radius: 10)
[22:36:01 -3323622.552122] FAST spr round 7 (radius: 10)
[22:37:06 -3323620.358748] FAST spr round 8 (radius: 10)
[22:38:09 -3323618.758008] FAST spr round 9 (radius: 10)
[22:39:12 -3323617.173547] FAST spr round 10 (radius: 10)
[22:40:17 -3323612.260033] FAST spr round 11 (radius: 10)
[22:41:20 -3323607.617924] FAST spr round 12 (radius: 10)
[22:42:23 -3323607.398788] FAST spr round 13 (radius: 10)
[22:43:27 -3323607.333940] Model parameter optimization (eps = 1.000000)
[22:43:31 -3323607.128917] SLOW spr round 1 (radius: 5)
[22:46:18 -3323420.843855] SLOW spr round 2 (radius: 5)
[22:48:40 -3323403.145331] SLOW spr round 3 (radius: 5)
[22:50:57 -3323401.775518] SLOW spr round 4 (radius: 5)
[22:53:17 -3323387.324383] SLOW spr round 5 (radius: 5)
[22:55:33 -3323385.035438] SLOW spr round 6 (radius: 5)
[22:57:47 -3323384.534063] SLOW spr round 7 (radius: 5)
[23:00:01 -3323384.349162] SLOW spr round 8 (radius: 5)
[23:02:14 -3323384.348430] SLOW spr round 9 (radius: 10)
[23:05:10 -3323382.961090] SLOW spr round 10 (radius: 5)
[23:08:22 -3323382.733023] SLOW spr round 11 (radius: 5)
[23:10:54 -3323382.731574] SLOW spr round 12 (radius: 10)
[23:14:01 -3323382.731525] SLOW spr round 13 (radius: 15)
[23:21:37 -3323382.731523] SLOW spr round 14 (radius: 20)
[23:35:31 -3323382.731523] SLOW spr round 15 (radius: 25)
[23:49:50 -3323382.731523] Model parameter optimization (eps = 0.100000)

[23:49:52] ML tree search #13, logLikelihood: -3323382.702159

[23:49:52 -3543884.456346] Initial branch length optimization
[23:49:57 -3410393.788042] Model parameter optimization (eps = 10.000000)
[23:50:30 -3325384.489627] AUTODETECT spr round 1 (radius: 5)
[23:51:13 -3324175.411594] AUTODETECT spr round 2 (radius: 10)
[23:52:43 -3324159.156094] AUTODETECT spr round 3 (radius: 15)
[23:55:11 -3324159.145970] SPR radius for FAST iterations: 10 (autodetect)
[23:55:11 -3324159.145970] Model parameter optimization (eps = 3.000000)
[23:55:16 -3324156.904773] FAST spr round 1 (radius: 10)
[23:57:30 -3323836.759443] FAST spr round 2 (radius: 10)
[23:59:05 -3323804.173521] FAST spr round 3 (radius: 10)
[24:00:28 -3323778.550814] FAST spr round 4 (radius: 10)
[24:01:42 -3323757.170199] FAST spr round 5 (radius: 10)
[24:02:53 -3323743.123827] FAST spr round 6 (radius: 10)
[24:04:02 -3323729.565538] FAST spr round 7 (radius: 10)
[24:05:11 -3323719.896660] FAST spr round 8 (radius: 10)
[24:06:19 -3323688.997370] FAST spr round 9 (radius: 10)
[24:07:26 -3323674.391683] FAST spr round 10 (radius: 10)
[24:08:33 -3323667.935089] FAST spr round 11 (radius: 10)
[24:09:39 -3323663.627873] FAST spr round 12 (radius: 10)
[24:10:46 -3323658.365382] FAST spr round 13 (radius: 10)
[24:11:53 -3323654.051016] FAST spr round 14 (radius: 10)
[24:13:00 -3323651.361513] FAST spr round 15 (radius: 10)
[24:14:06 -3323649.018824] FAST spr round 16 (radius: 10)
[24:15:11 -3323647.182357] FAST spr round 17 (radius: 10)
[24:16:16 -3323646.386087] FAST spr round 18 (radius: 10)
[24:17:20 -3323645.902150] FAST spr round 19 (radius: 10)
[24:18:26 -3323645.138142] FAST spr round 20 (radius: 10)
[24:19:32 -3323645.122181] Model parameter optimization (eps = 1.000000)
[24:19:35 -3323644.696990] SLOW spr round 1 (radius: 5)
[24:22:27 -3323393.335871] SLOW spr round 2 (radius: 5)
[24:24:53 -3323371.638100] SLOW spr round 3 (radius: 5)
[24:27:15 -3323370.287605] SLOW spr round 4 (radius: 5)
[24:29:32 -3323369.220667] SLOW spr round 5 (radius: 5)
[24:31:47 -3323368.627179] SLOW spr round 6 (radius: 5)
[24:34:02 -3323368.144083] SLOW spr round 7 (radius: 5)
[24:36:16 -3323368.066661] SLOW spr round 8 (radius: 10)
[24:39:11 -3323368.065786] SLOW spr round 9 (radius: 15)
[24:47:17 -3323368.065739] SLOW spr round 10 (radius: 20)
[25:01:11 -3323368.065736] SLOW spr round 11 (radius: 25)
[25:15:53 -3323368.065736] Model parameter optimization (eps = 0.100000)

[25:15:58] ML tree search #14, logLikelihood: -3323367.946192

[25:15:58 -3544302.252812] Initial branch length optimization
[25:16:03 -3411399.096558] Model parameter optimization (eps = 10.000000)
[25:16:35 -3326697.553865] AUTODETECT spr round 1 (radius: 5)
[25:17:19 -3324114.726315] AUTODETECT spr round 2 (radius: 10)
[25:18:49 -3324098.349333] AUTODETECT spr round 3 (radius: 15)
[25:21:06 -3324098.334388] SPR radius for FAST iterations: 10 (autodetect)
[25:21:06 -3324098.334388] Model parameter optimization (eps = 3.000000)
[25:21:13 -3324093.000232] FAST spr round 1 (radius: 10)
[25:23:23 -3323884.403634] FAST spr round 2 (radius: 10)
[25:24:59 -3323826.740151] FAST spr round 3 (radius: 10)
[25:26:20 -3323817.278914] FAST spr round 4 (radius: 10)
[25:27:33 -3323809.879813] FAST spr round 5 (radius: 10)
[25:28:43 -3323804.913646] FAST spr round 6 (radius: 10)
[25:29:51 -3323791.817513] FAST spr round 7 (radius: 10)
[25:30:57 -3323787.396809] FAST spr round 8 (radius: 10)
[25:32:04 -3323756.657148] FAST spr round 9 (radius: 10)
[25:33:10 -3323752.794343] FAST spr round 10 (radius: 10)
[25:34:15 -3323750.317076] FAST spr round 11 (radius: 10)
[25:35:20 -3323748.745539] FAST spr round 12 (radius: 10)
[25:36:25 -3323747.550782] FAST spr round 13 (radius: 10)
[25:37:30 -3323746.702481] FAST spr round 14 (radius: 10)
[25:38:37 -3323709.365828] FAST spr round 15 (radius: 10)
[25:39:44 -3323704.994329] FAST spr round 16 (radius: 10)
[25:40:50 -3323703.204707] FAST spr round 17 (radius: 10)
[25:41:55 -3323702.116229] FAST spr round 18 (radius: 10)
[25:42:59 -3323701.288266] FAST spr round 19 (radius: 10)
[25:44:04 -3323700.445396] FAST spr round 20 (radius: 10)
[25:45:09 -3323696.607971] FAST spr round 21 (radius: 10)
[25:46:14 -3323693.248164] FAST spr round 22 (radius: 10)
[25:47:19 -3323689.635993] FAST spr round 23 (radius: 10)
[25:48:22 -3323685.928278] FAST spr round 24 (radius: 10)
[25:49:27 -3323682.789153] FAST spr round 25 (radius: 10)
[25:50:31 -3323678.998210] FAST spr round 26 (radius: 10)
[25:51:35 -3323674.854820] FAST spr round 27 (radius: 10)
[25:52:39 -3323673.334110] FAST spr round 28 (radius: 10)
[25:53:42 -3323672.779364] FAST spr round 29 (radius: 10)
[25:54:46 -3323672.501244] FAST spr round 30 (radius: 10)
[25:55:50 -3323672.333748] FAST spr round 31 (radius: 10)
[25:56:53 -3323672.317034] Model parameter optimization (eps = 1.000000)
[25:56:57 -3323671.880386] SLOW spr round 1 (radius: 5)
[25:59:46 -3323395.488705] SLOW spr round 2 (radius: 5)
[26:02:11 -3323371.936116] SLOW spr round 3 (radius: 5)
[26:04:29 -3323370.101742] SLOW spr round 4 (radius: 5)
[26:06:45 -3323369.560781] SLOW spr round 5 (radius: 5)
[26:08:59 -3323369.558969] SLOW spr round 6 (radius: 10)
[26:11:58 -3323369.558866] SLOW spr round 7 (radius: 15)
[26:20:06 -3323369.558859] SLOW spr round 8 (radius: 20)
[26:34:29 -3323369.558859] SLOW spr round 9 (radius: 25)
[26:49:01 -3323369.558859] Model parameter optimization (eps = 0.100000)

[26:49:08] ML tree search #15, logLikelihood: -3323369.328663

[26:49:08 -3544428.878506] Initial branch length optimization
[26:49:12 -3411193.433032] Model parameter optimization (eps = 10.000000)
[26:49:44 -3326460.845145] AUTODETECT spr round 1 (radius: 5)
[26:50:28 -3324452.080719] AUTODETECT spr round 2 (radius: 10)
[26:51:59 -3324373.683473] AUTODETECT spr round 3 (radius: 15)
[26:54:22 -3324373.669056] SPR radius for FAST iterations: 10 (autodetect)
[26:54:22 -3324373.669056] Model parameter optimization (eps = 3.000000)
[26:54:27 -3324371.313535] FAST spr round 1 (radius: 10)
[26:56:32 -3323707.101451] FAST spr round 2 (radius: 10)
[26:58:07 -3323636.488941] FAST spr round 3 (radius: 10)
[26:59:26 -3323623.370947] FAST spr round 4 (radius: 10)
[27:00:38 -3323605.904456] FAST spr round 5 (radius: 10)
[27:01:48 -3323596.309739] FAST spr round 6 (radius: 10)
[27:02:57 -3323589.508138] FAST spr round 7 (radius: 10)
[27:04:05 -3323583.747631] FAST spr round 8 (radius: 10)
[27:05:12 -3323571.740646] FAST spr round 9 (radius: 10)
[27:06:19 -3323565.570173] FAST spr round 10 (radius: 10)
[27:07:26 -3323559.835683] FAST spr round 11 (radius: 10)
[27:08:33 -3323555.009049] FAST spr round 12 (radius: 10)
[27:09:40 -3323550.549543] FAST spr round 13 (radius: 10)
[27:10:47 -3323546.504349] FAST spr round 14 (radius: 10)
[27:11:53 -3323542.493482] FAST spr round 15 (radius: 10)
[27:13:00 -3323531.554611] FAST spr round 16 (radius: 10)
[27:14:05 -3323527.501435] FAST spr round 17 (radius: 10)
[27:15:11 -3323519.704791] FAST spr round 18 (radius: 10)
[27:16:15 -3323517.046475] FAST spr round 19 (radius: 10)
[27:17:21 -3323514.982972] FAST spr round 20 (radius: 10)
[27:18:25 -3323512.962901] FAST spr round 21 (radius: 10)
[27:19:30 -3323511.201074] FAST spr round 22 (radius: 10)
[27:20:34 -3323510.914954] FAST spr round 23 (radius: 10)
[27:21:38 -3323510.787396] FAST spr round 24 (radius: 10)
[27:22:41 -3323510.684115] FAST spr round 25 (radius: 10)
[27:23:45 -3323510.676546] Model parameter optimization (eps = 1.000000)
[27:23:52 -3323508.669665] SLOW spr round 1 (radius: 5)
[27:26:45 -3323380.623373] SLOW spr round 2 (radius: 5)
[27:29:10 -3323377.266955] SLOW spr round 3 (radius: 5)
[27:31:32 -3323366.449377] SLOW spr round 4 (radius: 5)
[27:33:50 -3323363.417750] SLOW spr round 5 (radius: 5)
[27:36:06 -3323362.644535] SLOW spr round 6 (radius: 5)
[27:38:21 -3323362.338002] SLOW spr round 7 (radius: 5)
[27:40:36 -3323361.681756] SLOW spr round 8 (radius: 5)
[27:42:54 -3323358.750073] SLOW spr round 9 (radius: 5)
[27:45:10 -3323355.987904] SLOW spr round 10 (radius: 5)
[27:47:25 -3323355.987513] SLOW spr round 11 (radius: 10)
[27:50:25 -3323355.987497] SLOW spr round 12 (radius: 15)
[27:58:19 -3323355.987495] SLOW spr round 13 (radius: 20)
[28:12:10 -3323355.987495] SLOW spr round 14 (radius: 25)
[28:26:27 -3323355.987495] Model parameter optimization (eps = 0.100000)

[28:26:33] ML tree search #16, logLikelihood: -3323355.771114

[28:26:33 -3543301.785328] Initial branch length optimization
[28:26:37 -3411970.366998] Model parameter optimization (eps = 10.000000)
[28:27:08 -3327229.280036] AUTODETECT spr round 1 (radius: 5)
[28:27:52 -3324677.278710] AUTODETECT spr round 2 (radius: 10)
[28:29:24 -3324648.101046] AUTODETECT spr round 3 (radius: 15)
[28:31:52 -3324648.090806] SPR radius for FAST iterations: 10 (autodetect)
[28:31:52 -3324648.090806] Model parameter optimization (eps = 3.000000)
[28:32:03 -3324643.695898] FAST spr round 1 (radius: 10)
[28:34:17 -3323945.868506] FAST spr round 2 (radius: 10)
[28:35:52 -3323930.682664] FAST spr round 3 (radius: 10)
[28:37:11 -3323919.178298] FAST spr round 4 (radius: 10)
[28:38:28 -3323895.279976] FAST spr round 5 (radius: 10)
[28:39:36 -3323891.920580] FAST spr round 6 (radius: 10)
[28:40:43 -3323889.090114] FAST spr round 7 (radius: 10)
[28:41:49 -3323868.388471] FAST spr round 8 (radius: 10)
[28:42:54 -3323862.004437] FAST spr round 9 (radius: 10)
[28:44:00 -3323857.570820] FAST spr round 10 (radius: 10)
[28:45:05 -3323854.785653] FAST spr round 11 (radius: 10)
[28:46:10 -3323852.165100] FAST spr round 12 (radius: 10)
[28:47:14 -3323847.507975] FAST spr round 13 (radius: 10)
[28:48:20 -3323842.949310] FAST spr round 14 (radius: 10)
[28:49:24 -3323840.845284] FAST spr round 15 (radius: 10)
[28:50:28 -3323838.750369] FAST spr round 16 (radius: 10)
[28:51:32 -3323832.579592] FAST spr round 17 (radius: 10)
[28:52:35 -3323831.187635] FAST spr round 18 (radius: 10)
[28:53:38 -3323829.898492] FAST spr round 19 (radius: 10)
[28:54:42 -3323828.653601] FAST spr round 20 (radius: 10)
[28:55:47 -3323808.620699] FAST spr round 21 (radius: 10)
[28:56:51 -3323808.312068] FAST spr round 22 (radius: 10)
[28:57:55 -3323807.522806] FAST spr round 23 (radius: 10)
[28:58:59 -3323807.337295] FAST spr round 24 (radius: 10)
[29:00:03 -3323807.336291] Model parameter optimization (eps = 1.000000)
[29:00:06 -3323806.687152] SLOW spr round 1 (radius: 5)
[29:03:01 -3323425.499156] SLOW spr round 2 (radius: 5)
[29:05:22 -3323408.618926] SLOW spr round 3 (radius: 5)
[29:07:38 -3323403.974414] SLOW spr round 4 (radius: 5)
[29:09:54 -3323394.736684] SLOW spr round 5 (radius: 5)
[29:12:09 -3323393.412569] SLOW spr round 6 (radius: 5)
[29:14:24 -3323392.845295] SLOW spr round 7 (radius: 5)
[29:16:38 -3323392.843314] SLOW spr round 8 (radius: 10)
[29:19:36 -3323390.995732] SLOW spr round 9 (radius: 5)
[29:22:50 -3323388.957730] SLOW spr round 10 (radius: 5)
[29:25:25 -3323385.139149] SLOW spr round 11 (radius: 5)
[29:27:45 -3323384.306012] SLOW spr round 12 (radius: 5)
[29:30:00 -3323384.304630] SLOW spr round 13 (radius: 10)
[29:32:59 -3323384.304591] SLOW spr round 14 (radius: 15)
[29:40:49 -3323384.304590] SLOW spr round 15 (radius: 20)
[29:55:01 -3323384.304590] SLOW spr round 16 (radius: 25)
[30:09:33 -3323384.304590] Model parameter optimization (eps = 0.100000)

[30:09:39] ML tree search #17, logLikelihood: -3323383.890935

[30:09:39 -3544225.598269] Initial branch length optimization
[30:09:44 -3411107.884675] Model parameter optimization (eps = 10.000000)
[30:10:16 -3326276.557624] AUTODETECT spr round 1 (radius: 5)
[30:10:59 -3324090.047401] AUTODETECT spr round 2 (radius: 10)
[30:12:30 -3324090.034275] SPR radius for FAST iterations: 5 (autodetect)
[30:12:30 -3324090.034275] Model parameter optimization (eps = 3.000000)
[30:12:34 -3324087.431820] FAST spr round 1 (radius: 5)
[30:13:57 -3323901.385067] FAST spr round 2 (radius: 5)
[30:15:02 -3323835.682616] FAST spr round 3 (radius: 5)
[30:16:01 -3323810.407954] FAST spr round 4 (radius: 5)
[30:16:58 -3323767.161227] FAST spr round 5 (radius: 5)
[30:17:55 -3323749.893827] FAST spr round 6 (radius: 5)
[30:18:56 -3323709.725555] FAST spr round 7 (radius: 5)
[30:19:51 -3323700.879766] FAST spr round 8 (radius: 5)
[30:20:47 -3323696.002385] FAST spr round 9 (radius: 5)
[30:21:41 -3323692.643002] FAST spr round 10 (radius: 5)
[30:22:35 -3323684.115821] FAST spr round 11 (radius: 5)
[30:23:30 -3323682.661612] FAST spr round 12 (radius: 5)
[30:24:26 -3323681.522881] FAST spr round 13 (radius: 5)
[30:25:20 -3323681.110653] FAST spr round 14 (radius: 5)
[30:26:14 -3323681.108680] Model parameter optimization (eps = 1.000000)
[30:26:21 -3323679.324755] SLOW spr round 1 (radius: 5)
[30:29:13 -3323405.186287] SLOW spr round 2 (radius: 5)
[30:31:39 -3323365.451475] SLOW spr round 3 (radius: 5)
[30:34:01 -3323359.024980] SLOW spr round 4 (radius: 5)
[30:36:17 -3323359.021013] SLOW spr round 5 (radius: 10)
[30:39:19 -3323352.168121] SLOW spr round 6 (radius: 5)
[30:42:32 -3323347.787129] SLOW spr round 7 (radius: 5)
[30:45:07 -3323347.786818] SLOW spr round 8 (radius: 10)
[30:48:16 -3323347.786813] SLOW spr round 9 (radius: 15)
[30:56:00 -3323347.786812] SLOW spr round 10 (radius: 20)
[31:10:17 -3323347.786812] SLOW spr round 11 (radius: 25)
[31:24:22 -3323347.786812] Model parameter optimization (eps = 0.100000)

[31:24:28] ML tree search #18, logLikelihood: -3323347.484188

[31:24:28 -3545855.233455] Initial branch length optimization
[31:24:32 -3412411.598759] Model parameter optimization (eps = 10.000000)
[31:25:42 -3327340.827258] AUTODETECT spr round 1 (radius: 5)
[31:26:25 -3324364.024307] AUTODETECT spr round 2 (radius: 10)
[31:27:56 -3324296.256222] AUTODETECT spr round 3 (radius: 15)
[31:30:13 -3324296.246147] SPR radius for FAST iterations: 10 (autodetect)
[31:30:13 -3324296.246147] Model parameter optimization (eps = 3.000000)
[31:30:18 -3324293.744671] FAST spr round 1 (radius: 10)
[31:32:33 -3323893.701584] FAST spr round 2 (radius: 10)
[31:34:09 -3323855.367438] FAST spr round 3 (radius: 10)
[31:35:28 -3323839.747842] FAST spr round 4 (radius: 10)
[31:36:44 -3323823.013997] FAST spr round 5 (radius: 10)
[31:37:53 -3323809.382069] FAST spr round 6 (radius: 10)
[31:39:00 -3323804.182136] FAST spr round 7 (radius: 10)
[31:40:06 -3323796.620543] FAST spr round 8 (radius: 10)
[31:41:12 -3323788.067005] FAST spr round 9 (radius: 10)
[31:42:17 -3323784.077873] FAST spr round 10 (radius: 10)
[31:43:22 -3323779.018974] FAST spr round 11 (radius: 10)
[31:44:27 -3323775.740369] FAST spr round 12 (radius: 10)
[31:45:32 -3323772.582490] FAST spr round 13 (radius: 10)
[31:46:36 -3323770.177643] FAST spr round 14 (radius: 10)
[31:47:40 -3323769.297736] FAST spr round 15 (radius: 10)
[31:48:44 -3323768.401184] FAST spr round 16 (radius: 10)
[31:49:47 -3323764.250070] FAST spr round 17 (radius: 10)
[31:50:50 -3323764.243360] Model parameter optimization (eps = 1.000000)
[31:50:58 -3323762.766662] SLOW spr round 1 (radius: 5)
[31:53:51 -3323430.477878] SLOW spr round 2 (radius: 5)
[31:56:16 -3323406.656246] SLOW spr round 3 (radius: 5)
[31:58:33 -3323405.899475] SLOW spr round 4 (radius: 5)
[32:00:48 -3323405.190427] SLOW spr round 5 (radius: 5)
[32:03:04 -3323403.213023] SLOW spr round 6 (radius: 5)
[32:05:20 -3323400.349698] SLOW spr round 7 (radius: 5)
[32:07:35 -3323400.069252] SLOW spr round 8 (radius: 5)
[32:09:54 -3323393.389418] SLOW spr round 9 (radius: 5)
[32:12:08 -3323393.242817] SLOW spr round 10 (radius: 5)
[32:14:22 -3323393.112203] SLOW spr round 11 (radius: 5)
[32:16:36 -3323392.945299] SLOW spr round 12 (radius: 5)
[32:18:49 -3323392.942863] SLOW spr round 13 (radius: 10)
[32:21:50 -3323392.942667] SLOW spr round 14 (radius: 15)
[32:30:03 -3323392.942653] SLOW spr round 15 (radius: 20)
[32:44:41 -3323392.942652] SLOW spr round 16 (radius: 25)
[32:59:08 -3323392.942652] Model parameter optimization (eps = 0.100000)

[32:59:15] ML tree search #19, logLikelihood: -3323392.601037

[32:59:15 -3544827.912667] Initial branch length optimization
[32:59:19 -3411379.120415] Model parameter optimization (eps = 10.000000)
[32:59:50 -3326537.401216] AUTODETECT spr round 1 (radius: 5)
[33:00:34 -3323829.294103] AUTODETECT spr round 2 (radius: 10)
[33:02:05 -3323777.358903] AUTODETECT spr round 3 (radius: 15)
[33:04:31 -3323777.354551] SPR radius for FAST iterations: 10 (autodetect)
[33:04:31 -3323777.354551] Model parameter optimization (eps = 3.000000)
[33:04:39 -3323770.281907] FAST spr round 1 (radius: 10)
[33:06:49 -3323644.683116] FAST spr round 2 (radius: 10)
[33:08:24 -3323611.748535] FAST spr round 3 (radius: 10)
[33:09:42 -3323589.395596] FAST spr round 4 (radius: 10)
[33:10:55 -3323576.822049] FAST spr round 5 (radius: 10)
[33:12:04 -3323567.587604] FAST spr round 6 (radius: 10)
[33:13:11 -3323562.357742] FAST spr round 7 (radius: 10)
[33:14:16 -3323557.428164] FAST spr round 8 (radius: 10)
[33:15:20 -3323553.971660] FAST spr round 9 (radius: 10)
[33:16:23 -3323552.207858] FAST spr round 10 (radius: 10)
[33:17:26 -3323550.593359] FAST spr round 11 (radius: 10)
[33:18:30 -3323549.916851] FAST spr round 12 (radius: 10)
[33:19:32 -3323549.913070] Model parameter optimization (eps = 1.000000)
[33:19:36 -3323549.402840] SLOW spr round 1 (radius: 5)
[33:22:29 -3323395.457120] SLOW spr round 2 (radius: 5)
[33:24:55 -3323385.195808] SLOW spr round 3 (radius: 5)
[33:27:17 -3323377.828702] SLOW spr round 4 (radius: 5)
[33:29:31 -3323377.255439] SLOW spr round 5 (radius: 5)
[33:31:44 -3323376.973035] SLOW spr round 6 (radius: 5)
[33:33:58 -3323372.418120] SLOW spr round 7 (radius: 5)
[33:36:11 -3323372.225017] SLOW spr round 8 (radius: 5)
[33:38:24 -3323372.221989] SLOW spr round 9 (radius: 10)
[33:41:26 -3323372.221943] SLOW spr round 10 (radius: 15)
[33:49:33 -3323372.221942] SLOW spr round 11 (radius: 20)
[34:04:09 -3323372.221942] SLOW spr round 12 (radius: 25)
[34:18:52 -3323372.221942] Model parameter optimization (eps = 0.100000)

[34:18:57] ML tree search #20, logLikelihood: -3323372.005308


Optimized model parameters:

   Partition 0: noname
   Rate heterogeneity: GAMMA (4 cats, mean),  alpha: 6.899415 (ML),  weights&rates: (0.250000,0.565866) (0.250000,0.838781) (0.250000,1.079188) (0.250000,1.516164) 
   Base frequencies (ML): 0.269618 0.213672 0.232682 0.284028 
   Substitution rates (ML): 1.606170 3.579505 1.359141 1.382842 3.745955 1.000000 


Final LogLikelihood: -3323347.484188

AIC score: 6648314.968377 / AICc score: 6648336.368536 / BIC score: 6655635.889791
Free parameters (model + branch lengths): 810

Best ML tree saved to: /home/gkettenburg/RAxML_tree/raxml_trees/picornavirales_partial/T2.raxml.bestTree
All ML trees saved to: /home/gkettenburg/RAxML_tree/raxml_trees/picornavirales_partial/T2.raxml.mlTrees
Optimized model saved to: /home/gkettenburg/RAxML_tree/raxml_trees/picornavirales_partial/T2.raxml.bestModel

Execution log saved to: /home/gkettenburg/RAxML_tree/raxml_trees/picornavirales_partial/T2.raxml.log

Analysis started: 31-Jul-2023 22:44:43 / finished: 02-Aug-2023 09:03:41

Elapsed time: 123537.910 seconds

Consumed energy: 5071.157 Wh (= 25 km in an electric car, or 127 km with an e-scooter!)

