
RAxML-NG v. 1.1.0-master released on 22.06.2022 by The Exelixis Lab.
Developed by: Alexey M. Kozlov and Alexandros Stamatakis.
Contributors: Diego Darriba, Tomas Flouri, Benoit Morel, Sarah Lutteropp, Ben Bettisworth.
Latest version: https://github.com/amkozlov/raxml-ng
Questions/problems/suggestions? Please visit: https://groups.google.com/forum/#!forum/raxml

System: Intel(R) Xeon(R) CPU E5-2680 v4 @ 2.40GHz, 28 cores, 62 GB RAM

RAxML-NG was called at 05-Aug-2023 00:24:47 as follows:

raxml-ng-mpi --bootstrap --msa picornavirales_partial_align.fasta --model GTR+G4 --prefix T4 --seed 1 --threads auto{12}

Analysis options:
  run mode: Bootstrapping
  start tree(s): 
  bootstrap replicates: max: 1000 + bootstopping (autoMRE, cutoff: 0.030000)
  random seed: 1
  tip-inner: OFF
  pattern compression: ON
  per-rate scalers: OFF
  site repeats: ON
  branch lengths: proportional (ML estimate, algorithm: NR-FAST)
  SIMD kernels: AVX2
  parallelization: coarse-grained (auto), PTHREADS (auto)

[00:00:01] Reading alignment from file: picornavirales_partial_align.fasta
[00:00:01] Loaded alignment with 402 taxa and 62204 sites

Alignment comprises 1 partitions and 40880 patterns

Partition 0: noname
Model: GTR+FO+G4m
Alignment sites / patterns: 62204 / 40880
Gaps: 87.09 %
Invariant sites: 37.13 %


NOTE: Binary MSA file created: T4.raxml.rba

Parallelization scheme autoconfig: 1 worker(s) x 12 thread(s)

Parallel reduction/worker buffer size: 1 KB  / 0 KB

[00:00:02] Data distribution: max. partitions/sites/weight per thread: 1 / 3407 / 54512
[00:00:04] Data distribution: max. searches per worker: 1000
[00:00:04] Starting bootstrapping analysis with 1000 replicates.

[01:11:25] Bootstrap tree #1, logLikelihood: -3299714.360377
[02:19:21] Bootstrap tree #2, logLikelihood: -3386253.030002
[03:35:08] Bootstrap tree #3, logLikelihood: -3337734.733349
[04:50:37] Bootstrap tree #4, logLikelihood: -3307160.709581
[06:00:34] Bootstrap tree #5, logLikelihood: -3274865.690785
[07:13:14] Bootstrap tree #6, logLikelihood: -3321536.682773
[08:20:20] Bootstrap tree #7, logLikelihood: -3379040.248308
[09:26:06] Bootstrap tree #8, logLikelihood: -3362633.179639
[10:30:47] Bootstrap tree #9, logLikelihood: -3352733.894468
[11:35:44] Bootstrap tree #10, logLikelihood: -3308926.736321
[12:42:26] Bootstrap tree #11, logLikelihood: -3367411.055375
[13:58:08] Bootstrap tree #12, logLikelihood: -3302752.521814
[15:12:03] Bootstrap tree #13, logLikelihood: -3322048.344150

RAxML-NG v. 1.1.0-master released on 22.06.2022 by The Exelixis Lab.
Developed by: Alexey M. Kozlov and Alexandros Stamatakis.
Contributors: Diego Darriba, Tomas Flouri, Benoit Morel, Sarah Lutteropp, Ben Bettisworth.
Latest version: https://github.com/amkozlov/raxml-ng
Questions/problems/suggestions? Please visit: https://groups.google.com/forum/#!forum/raxml

System: Intel(R) Xeon(R) CPU E5-2680 v4 @ 2.40GHz, 28 cores, 62 GB RAM

RAxML-NG was called at 05-Aug-2023 16:04:56 as follows:

raxml-ng-mpi --bootstrap --msa picornavirales_partial_align.fasta --model GTR+G4 --prefix T4 --seed 3 --threads auto{12}

Analysis options:
  run mode: Bootstrapping
  start tree(s): 
  bootstrap replicates: max: 1000 + bootstopping (autoMRE, cutoff: 0.030000)
  random seed: 3
  tip-inner: OFF
  pattern compression: ON
  per-rate scalers: OFF
  site repeats: ON
  branch lengths: proportional (ML estimate, algorithm: NR-FAST)
  SIMD kernels: AVX2
  parallelization: coarse-grained (auto), PTHREADS (auto)

WARNING: The model you specified on the command line (GTR+G4) will be ignored 
         since the binary MSA file already contains a model definition.
         If you want to change the model, please re-run RAxML-NG 
         with the original PHYLIP/FASTA alignment and --redo option.

[00:00:00] Loading binary alignment from file: T4.raxml.rba
[00:00:00] Alignment comprises 402 taxa, 1 partitions and 40880 patterns

Partition 0: noname
Model: GTR+FO+G4m
Alignment sites / patterns: 62204 / 40880
Gaps: 87.09 %
Invariant sites: 37.13 %


Parallelization scheme autoconfig: 1 worker(s) x 12 thread(s)

Parallel reduction/worker buffer size: 1 KB  / 0 KB

[00:00:00] NOTE: Resuming execution from checkpoint (logLH: -3401150.71, ML trees: 0, bootstraps: 13)
[00:00:00] Data distribution: max. partitions/sites/weight per thread: 1 / 3407 / 54512
[00:00:02] Data distribution: max. searches per worker: 987
[00:00:02] Starting bootstrapping analysis with 1000 replicates.

[01:14:21] Bootstrap tree #14, logLikelihood: -3333419.928172
[02:20:52] Bootstrap tree #15, logLikelihood: -3296403.111621
[03:39:12] Bootstrap tree #16, logLikelihood: -3311808.763201
[04:49:46] Bootstrap tree #17, logLikelihood: -3299011.567197
[06:21:04] Bootstrap tree #18, logLikelihood: -3329299.035597
[07:37:04] Bootstrap tree #19, logLikelihood: -3309695.736564
[08:37:16] Bootstrap tree #20, logLikelihood: -3288152.998650
[09:42:33] Bootstrap tree #21, logLikelihood: -3306159.066754
[10:54:40] Bootstrap tree #22, logLikelihood: -3315061.918980
[12:03:09] Bootstrap tree #23, logLikelihood: -3316477.983337
[13:06:31] Bootstrap tree #24, logLikelihood: -3374403.365929
[14:20:43] Bootstrap tree #25, logLikelihood: -3322876.997127
[15:25:55] Bootstrap tree #26, logLikelihood: -3361120.746241
[16:43:02] Bootstrap tree #27, logLikelihood: -3342040.089409
[17:46:15] Bootstrap tree #28, logLikelihood: -3331156.778049
[18:51:41] Bootstrap tree #29, logLikelihood: -3334791.862544
[20:28:26] Bootstrap tree #30, logLikelihood: -3317180.243036
[21:48:11] Bootstrap tree #31, logLikelihood: -3303519.869718
[23:21:47] Bootstrap tree #32, logLikelihood: -3327370.288005
[24:40:15] Bootstrap tree #33, logLikelihood: -3287431.680732
[26:00:16] Bootstrap tree #34, logLikelihood: -3300937.618231
[27:33:16] Bootstrap tree #35, logLikelihood: -3312550.914315
[28:43:43] Bootstrap tree #36, logLikelihood: -3331808.984689
[30:10:22] Bootstrap tree #37, logLikelihood: -3313588.187179
[31:22:18] Bootstrap tree #38, logLikelihood: -3266126.485807
[32:35:27] Bootstrap tree #39, logLikelihood: -3339884.474838
[33:51:26] Bootstrap tree #40, logLikelihood: -3337817.376626
[35:20:04] Bootstrap tree #41, logLikelihood: -3333527.403851
