
RAxML-NG v. 1.1.0-master released on 22.06.2022 by The Exelixis Lab.
Developed by: Alexey M. Kozlov and Alexandros Stamatakis.
Contributors: Diego Darriba, Tomas Flouri, Benoit Morel, Sarah Lutteropp, Ben Bettisworth.
Latest version: https://github.com/amkozlov/raxml-ng
Questions/problems/suggestions? Please visit: https://groups.google.com/forum/#!forum/raxml

System: Intel(R) Xeon(R) CPU E5-2680 v4 @ 2.40GHz, 28 cores, 62 GB RAM

RAxML-NG was called at 10-Sep-2023 11:10:08 as follows:

raxml-ng-mpi --all --msa bat_picornavirales_full_P1_align.fasta --model GTR+G4 --prefix T11 --seed 1 --threads auto{8} --bs-metric fbp,tbe

Analysis options:
  run mode: ML tree search + bootstrapping (Felsenstein Bootstrap + Transfer Bootstrap)
  start tree(s): random (10) + parsimony (10)
  bootstrap replicates: max: 1000 + bootstopping (autoMRE, cutoff: 0.030000)
  random seed: 1
  tip-inner: OFF
  pattern compression: ON
  per-rate scalers: OFF
  site repeats: ON
  branch lengths: proportional (ML estimate, algorithm: NR-FAST)
  SIMD kernels: AVX2
  parallelization: coarse-grained (auto), PTHREADS (auto)

[00:00:00] Reading alignment from file: bat_picornavirales_full_P1_align.fasta
[00:00:00] Loaded alignment with 71 taxa and 34039 sites

Alignment comprises 1 partitions and 14311 patterns

Partition 0: noname
Model: GTR+FO+G4m
Alignment sites / patterns: 34039 / 14311
Gaps: 77.38 %
Invariant sites: 57.21 %


NOTE: Binary MSA file created: T11.raxml.rba

Parallelization scheme autoconfig: 1 worker(s) x 8 thread(s)

Parallel reduction/worker buffer size: 1 KB  / 0 KB

[00:00:00] Generating 10 random starting tree(s) with 71 taxa
[00:00:00] Generating 10 parsimony starting tree(s) with 71 taxa
[00:00:01] Data distribution: max. partitions/sites/weight per thread: 1 / 1789 / 28624
[00:00:01] Data distribution: max. searches per worker: 1020

Starting ML tree search with 20 distinct starting trees

[00:01:33] ML tree search #1, logLikelihood: -412926.197935
[00:02:44] ML tree search #2, logLikelihood: -412926.198719
[00:04:04] ML tree search #3, logLikelihood: -412926.199702
[00:05:36] ML tree search #4, logLikelihood: -412926.191972
[00:07:13] ML tree search #5, logLikelihood: -412926.204270
[00:08:38] ML tree search #6, logLikelihood: -412926.199617
[00:10:17] ML tree search #7, logLikelihood: -412926.201236
[00:11:40] ML tree search #8, logLikelihood: -412926.213062
[00:13:08] ML tree search #9, logLikelihood: -412926.204566
[00:14:35] ML tree search #10, logLikelihood: -412926.197589
[00:15:52] ML tree search #11, logLikelihood: -412926.192344
[00:16:54] ML tree search #12, logLikelihood: -412926.189900
[00:17:50] ML tree search #13, logLikelihood: -412926.188087
[00:18:45] ML tree search #14, logLikelihood: -412926.188709
[00:19:35] ML tree search #15, logLikelihood: -412926.193538
[00:20:34] ML tree search #16, logLikelihood: -412926.200155
[00:21:32] ML tree search #17, logLikelihood: -412926.188619
[00:22:34] ML tree search #18, logLikelihood: -412926.194387
[00:23:27] ML tree search #19, logLikelihood: -412926.189104
[00:24:33] ML tree search #20, logLikelihood: -412926.199283

[00:24:33] ML tree search completed, best tree logLH: -412926.188087

[00:24:33] Starting bootstrapping analysis with 1000 replicates.

[00:25:35] Bootstrap tree #1, logLikelihood: -405778.895753
[00:26:31] Bootstrap tree #2, logLikelihood: -416969.593275
[00:27:26] Bootstrap tree #3, logLikelihood: -410925.546162
[00:28:27] Bootstrap tree #4, logLikelihood: -414227.700406
[00:29:31] Bootstrap tree #5, logLikelihood: -415808.003197
[00:30:21] Bootstrap tree #6, logLikelihood: -413329.182626
[00:31:21] Bootstrap tree #7, logLikelihood: -411163.617285
[00:32:17] Bootstrap tree #8, logLikelihood: -413230.885089
[00:33:20] Bootstrap tree #9, logLikelihood: -414598.382933
[00:34:21] Bootstrap tree #10, logLikelihood: -411311.510682
[00:35:14] Bootstrap tree #11, logLikelihood: -417764.487939
[00:36:14] Bootstrap tree #12, logLikelihood: -413994.772438
[00:37:11] Bootstrap tree #13, logLikelihood: -416102.429629
[00:38:11] Bootstrap tree #14, logLikelihood: -415050.070266
[00:39:19] Bootstrap tree #15, logLikelihood: -413424.447365
[00:40:07] Bootstrap tree #16, logLikelihood: -410119.670426
[00:41:08] Bootstrap tree #17, logLikelihood: -416743.880463
[00:42:08] Bootstrap tree #18, logLikelihood: -417054.925366
[00:43:07] Bootstrap tree #19, logLikelihood: -410643.935571
[00:44:01] Bootstrap tree #20, logLikelihood: -412156.361334
[00:44:57] Bootstrap tree #21, logLikelihood: -418069.834580
[00:45:47] Bootstrap tree #22, logLikelihood: -412372.367142
[00:46:48] Bootstrap tree #23, logLikelihood: -412456.859032
[00:47:39] Bootstrap tree #24, logLikelihood: -411968.934481
[00:48:40] Bootstrap tree #25, logLikelihood: -410631.655628
[00:49:35] Bootstrap tree #26, logLikelihood: -409487.167572
[00:50:42] Bootstrap tree #27, logLikelihood: -415854.301486
[00:51:40] Bootstrap tree #28, logLikelihood: -418807.886068
[00:52:32] Bootstrap tree #29, logLikelihood: -406417.891783
[00:53:19] Bootstrap tree #30, logLikelihood: -412659.394696
[00:54:15] Bootstrap tree #31, logLikelihood: -412924.045191
[00:55:12] Bootstrap tree #32, logLikelihood: -411010.459666
[00:56:06] Bootstrap tree #33, logLikelihood: -412180.374034
[00:57:05] Bootstrap tree #34, logLikelihood: -411863.070678
[00:58:05] Bootstrap tree #35, logLikelihood: -412779.068280
[00:58:54] Bootstrap tree #36, logLikelihood: -410749.838998
[00:59:56] Bootstrap tree #37, logLikelihood: -413218.447044
[01:00:52] Bootstrap tree #38, logLikelihood: -408069.271272
[01:01:47] Bootstrap tree #39, logLikelihood: -408995.193890
[01:02:45] Bootstrap tree #40, logLikelihood: -411874.236051
[01:03:43] Bootstrap tree #41, logLikelihood: -414308.837411
[01:04:44] Bootstrap tree #42, logLikelihood: -414236.752936
[01:05:39] Bootstrap tree #43, logLikelihood: -410967.876854
[01:06:46] Bootstrap tree #44, logLikelihood: -418043.618669
[01:07:40] Bootstrap tree #45, logLikelihood: -413850.534808
[01:08:45] Bootstrap tree #46, logLikelihood: -413731.374925
[01:09:42] Bootstrap tree #47, logLikelihood: -409155.234854
[01:10:44] Bootstrap tree #48, logLikelihood: -412968.431237
[01:11:36] Bootstrap tree #49, logLikelihood: -415438.767756
[01:12:21] Bootstrap tree #50, logLikelihood: -410928.408417
[01:13:20] Bootstrap tree #51, logLikelihood: -409035.962584
[01:14:21] Bootstrap tree #52, logLikelihood: -413488.370423
[01:15:19] Bootstrap tree #53, logLikelihood: -410983.075613
[01:16:10] Bootstrap tree #54, logLikelihood: -414026.068033
[01:17:05] Bootstrap tree #55, logLikelihood: -416552.102967
[01:18:10] Bootstrap tree #56, logLikelihood: -420445.698379
[01:19:06] Bootstrap tree #57, logLikelihood: -414202.609837
[01:19:57] Bootstrap tree #58, logLikelihood: -411949.654730
[01:20:56] Bootstrap tree #59, logLikelihood: -409799.378596
[01:21:53] Bootstrap tree #60, logLikelihood: -412362.243155
[01:22:53] Bootstrap tree #61, logLikelihood: -411131.924889
[01:24:01] Bootstrap tree #62, logLikelihood: -414328.336978
[01:25:00] Bootstrap tree #63, logLikelihood: -410872.151728
[01:25:51] Bootstrap tree #64, logLikelihood: -414003.225346
[01:26:47] Bootstrap tree #65, logLikelihood: -416609.499279
[01:27:42] Bootstrap tree #66, logLikelihood: -411547.448390
[01:28:35] Bootstrap tree #67, logLikelihood: -410343.376475
[01:29:28] Bootstrap tree #68, logLikelihood: -412851.188245
[01:30:16] Bootstrap tree #69, logLikelihood: -409843.850422
[01:31:15] Bootstrap tree #70, logLikelihood: -419732.297487
[01:32:11] Bootstrap tree #71, logLikelihood: -412862.671148
[01:33:14] Bootstrap tree #72, logLikelihood: -418180.217865
[01:34:27] Bootstrap tree #73, logLikelihood: -415392.260164
[01:35:21] Bootstrap tree #74, logLikelihood: -415675.445649
[01:36:17] Bootstrap tree #75, logLikelihood: -415218.903228
[01:37:21] Bootstrap tree #76, logLikelihood: -413870.627288
[01:38:15] Bootstrap tree #77, logLikelihood: -413834.927581
[01:39:12] Bootstrap tree #78, logLikelihood: -417572.731087
[01:40:11] Bootstrap tree #79, logLikelihood: -417429.369456
[01:41:08] Bootstrap tree #80, logLikelihood: -408360.227723
[01:42:01] Bootstrap tree #81, logLikelihood: -407928.477477
[01:42:54] Bootstrap tree #82, logLikelihood: -410703.266178
[01:43:46] Bootstrap tree #83, logLikelihood: -407935.762848
[01:44:53] Bootstrap tree #84, logLikelihood: -412735.381031
[01:46:02] Bootstrap tree #85, logLikelihood: -415925.784325
[01:47:00] Bootstrap tree #86, logLikelihood: -410514.440886
[01:47:55] Bootstrap tree #87, logLikelihood: -407977.247030
[01:48:47] Bootstrap tree #88, logLikelihood: -410235.641496
[01:49:41] Bootstrap tree #89, logLikelihood: -413917.544549
[01:50:47] Bootstrap tree #90, logLikelihood: -411460.302276
[01:51:44] Bootstrap tree #91, logLikelihood: -411648.673760
[01:52:42] Bootstrap tree #92, logLikelihood: -413941.746277
[01:53:51] Bootstrap tree #93, logLikelihood: -408885.996038
[01:54:51] Bootstrap tree #94, logLikelihood: -410935.550892
[01:55:54] Bootstrap tree #95, logLikelihood: -417043.235936
[01:57:00] Bootstrap tree #96, logLikelihood: -417282.072910
[01:57:55] Bootstrap tree #97, logLikelihood: -415022.341041
[01:58:59] Bootstrap tree #98, logLikelihood: -414433.078762
[02:00:02] Bootstrap tree #99, logLikelihood: -409404.250716
[02:00:59] Bootstrap tree #100, logLikelihood: -411526.876652
[02:01:56] Bootstrap tree #101, logLikelihood: -412269.147405
[02:02:44] Bootstrap tree #102, logLikelihood: -411711.529953
[02:03:39] Bootstrap tree #103, logLikelihood: -414868.786652
[02:04:36] Bootstrap tree #104, logLikelihood: -419162.321193
[02:05:23] Bootstrap tree #105, logLikelihood: -414800.460215
[02:06:22] Bootstrap tree #106, logLikelihood: -409723.638789
[02:07:16] Bootstrap tree #107, logLikelihood: -414896.564977
[02:08:28] Bootstrap tree #108, logLikelihood: -412588.769271
[02:09:20] Bootstrap tree #109, logLikelihood: -416153.125826
[02:10:22] Bootstrap tree #110, logLikelihood: -418414.280418
[02:11:17] Bootstrap tree #111, logLikelihood: -408638.866773
[02:12:07] Bootstrap tree #112, logLikelihood: -411131.126483
[02:13:08] Bootstrap tree #113, logLikelihood: -410075.084163
[02:14:00] Bootstrap tree #114, logLikelihood: -419927.830891
[02:14:58] Bootstrap tree #115, logLikelihood: -419232.309124
[02:15:59] Bootstrap tree #116, logLikelihood: -412409.408346
[02:16:55] Bootstrap tree #117, logLikelihood: -416544.157978
[02:17:55] Bootstrap tree #118, logLikelihood: -413328.102017
[02:18:44] Bootstrap tree #119, logLikelihood: -418142.780363
[02:19:41] Bootstrap tree #120, logLikelihood: -412295.370200
[02:20:27] Bootstrap tree #121, logLikelihood: -417426.083814
[02:21:21] Bootstrap tree #122, logLikelihood: -416315.585576
[02:22:09] Bootstrap tree #123, logLikelihood: -411832.484009
[02:23:09] Bootstrap tree #124, logLikelihood: -414186.103751
[02:24:05] Bootstrap tree #125, logLikelihood: -408574.151816
[02:25:00] Bootstrap tree #126, logLikelihood: -413038.863458
[02:26:17] Bootstrap tree #127, logLikelihood: -411371.563194
[02:27:17] Bootstrap tree #128, logLikelihood: -410018.306487
[02:28:14] Bootstrap tree #129, logLikelihood: -414716.862542
[02:29:18] Bootstrap tree #130, logLikelihood: -414839.872759
[02:30:07] Bootstrap tree #131, logLikelihood: -409595.958355
[02:31:01] Bootstrap tree #132, logLikelihood: -411672.053219
[02:32:03] Bootstrap tree #133, logLikelihood: -412398.028991
[02:33:06] Bootstrap tree #134, logLikelihood: -409795.916744
[02:34:02] Bootstrap tree #135, logLikelihood: -409624.889314
[02:35:02] Bootstrap tree #136, logLikelihood: -413303.923640
[02:35:52] Bootstrap tree #137, logLikelihood: -410365.510677
[02:36:44] Bootstrap tree #138, logLikelihood: -405748.476325
[02:37:47] Bootstrap tree #139, logLikelihood: -413448.333093
[02:38:42] Bootstrap tree #140, logLikelihood: -414430.632121
[02:39:40] Bootstrap tree #141, logLikelihood: -414515.906659
[02:40:44] Bootstrap tree #142, logLikelihood: -417677.147174
[02:41:40] Bootstrap tree #143, logLikelihood: -416312.799836
[02:42:40] Bootstrap tree #144, logLikelihood: -413611.747120
[02:43:47] Bootstrap tree #145, logLikelihood: -411327.718766
[02:44:35] Bootstrap tree #146, logLikelihood: -410861.942322
[02:45:28] Bootstrap tree #147, logLikelihood: -416279.059262
[02:46:18] Bootstrap tree #148, logLikelihood: -411951.116254
[02:47:18] Bootstrap tree #149, logLikelihood: -414177.392991
[02:48:14] Bootstrap tree #150, logLikelihood: -409904.642504
[02:49:13] Bootstrap tree #151, logLikelihood: -417703.507995
[02:50:08] Bootstrap tree #152, logLikelihood: -414701.661856
[02:51:01] Bootstrap tree #153, logLikelihood: -408703.178730
[02:52:01] Bootstrap tree #154, logLikelihood: -411060.545385
[02:53:00] Bootstrap tree #155, logLikelihood: -409997.264807
[02:53:56] Bootstrap tree #156, logLikelihood: -412892.449140
[02:55:08] Bootstrap tree #157, logLikelihood: -412496.795242
[02:56:02] Bootstrap tree #158, logLikelihood: -415291.531717
[02:56:59] Bootstrap tree #159, logLikelihood: -408566.499220
[02:57:55] Bootstrap tree #160, logLikelihood: -412298.632930
[02:58:53] Bootstrap tree #161, logLikelihood: -412014.080998
[02:59:51] Bootstrap tree #162, logLikelihood: -411562.445515
[03:00:49] Bootstrap tree #163, logLikelihood: -408395.427164
[03:01:47] Bootstrap tree #164, logLikelihood: -412367.040465
[03:02:47] Bootstrap tree #165, logLikelihood: -409063.008805
[03:03:47] Bootstrap tree #166, logLikelihood: -415977.783828
[03:04:42] Bootstrap tree #167, logLikelihood: -414628.900401
[03:05:52] Bootstrap tree #168, logLikelihood: -413866.991734
[03:06:48] Bootstrap tree #169, logLikelihood: -412238.953966
[03:07:41] Bootstrap tree #170, logLikelihood: -415261.777337
[03:08:34] Bootstrap tree #171, logLikelihood: -411252.707186
[03:09:37] Bootstrap tree #172, logLikelihood: -412921.724663
[03:10:38] Bootstrap tree #173, logLikelihood: -412100.819975
[03:11:33] Bootstrap tree #174, logLikelihood: -414514.342921
[03:12:26] Bootstrap tree #175, logLikelihood: -410502.983814
[03:13:20] Bootstrap tree #176, logLikelihood: -416006.953283
[03:14:17] Bootstrap tree #177, logLikelihood: -412366.333798
[03:15:08] Bootstrap tree #178, logLikelihood: -411156.666831
[03:16:06] Bootstrap tree #179, logLikelihood: -416649.947507
[03:16:58] Bootstrap tree #180, logLikelihood: -412906.178072
[03:17:58] Bootstrap tree #181, logLikelihood: -413405.738482
[03:18:57] Bootstrap tree #182, logLikelihood: -415790.336065
[03:19:54] Bootstrap tree #183, logLikelihood: -411273.615362
[03:20:49] Bootstrap tree #184, logLikelihood: -409671.032696
[03:21:39] Bootstrap tree #185, logLikelihood: -411134.781545
[03:22:33] Bootstrap tree #186, logLikelihood: -415665.630265
[03:23:26] Bootstrap tree #187, logLikelihood: -410887.342361
[03:24:30] Bootstrap tree #188, logLikelihood: -409319.991980
[03:25:31] Bootstrap tree #189, logLikelihood: -412358.486335
[03:26:23] Bootstrap tree #190, logLikelihood: -407649.079819
[03:27:17] Bootstrap tree #191, logLikelihood: -411092.327136
[03:28:12] Bootstrap tree #192, logLikelihood: -413835.873889
[03:29:11] Bootstrap tree #193, logLikelihood: -408140.041502
[03:30:08] Bootstrap tree #194, logLikelihood: -411390.441936
[03:31:02] Bootstrap tree #195, logLikelihood: -416999.177181
[03:31:55] Bootstrap tree #196, logLikelihood: -412470.840188
[03:32:46] Bootstrap tree #197, logLikelihood: -413602.258249
[03:33:42] Bootstrap tree #198, logLikelihood: -410487.986480
[03:34:38] Bootstrap tree #199, logLikelihood: -414547.394135
[03:35:28] Bootstrap tree #200, logLikelihood: -416313.535161
[03:36:27] Bootstrap tree #201, logLikelihood: -412530.854949
[03:37:34] Bootstrap tree #202, logLikelihood: -416330.121598
[03:38:38] Bootstrap tree #203, logLikelihood: -418723.741278
[03:39:35] Bootstrap tree #204, logLikelihood: -411493.581827
[03:40:31] Bootstrap tree #205, logLikelihood: -408821.452202
[03:41:26] Bootstrap tree #206, logLikelihood: -410878.967408
[03:42:20] Bootstrap tree #207, logLikelihood: -411141.049671
[03:43:22] Bootstrap tree #208, logLikelihood: -414034.114380
[03:44:19] Bootstrap tree #209, logLikelihood: -417881.623361
[03:45:14] Bootstrap tree #210, logLikelihood: -411872.330098
[03:46:06] Bootstrap tree #211, logLikelihood: -410732.478099
[03:46:56] Bootstrap tree #212, logLikelihood: -409655.350681
[03:47:53] Bootstrap tree #213, logLikelihood: -412499.501402
[03:48:46] Bootstrap tree #214, logLikelihood: -409004.000463
[03:49:52] Bootstrap tree #215, logLikelihood: -413791.100002
[03:50:44] Bootstrap tree #216, logLikelihood: -411222.385608
[03:51:40] Bootstrap tree #217, logLikelihood: -411574.412460
[03:52:36] Bootstrap tree #218, logLikelihood: -416327.656552
[03:53:34] Bootstrap tree #219, logLikelihood: -414706.006387
[03:54:32] Bootstrap tree #220, logLikelihood: -409273.688283
[03:55:33] Bootstrap tree #221, logLikelihood: -413327.881320
[03:56:20] Bootstrap tree #222, logLikelihood: -406717.037081
[03:57:18] Bootstrap tree #223, logLikelihood: -408965.662393
[03:58:11] Bootstrap tree #224, logLikelihood: -407491.480901
[03:59:14] Bootstrap tree #225, logLikelihood: -410159.425486
[04:00:09] Bootstrap tree #226, logLikelihood: -411936.231416
[04:01:04] Bootstrap tree #227, logLikelihood: -409365.638592
[04:01:55] Bootstrap tree #228, logLikelihood: -413048.552209
[04:02:46] Bootstrap tree #229, logLikelihood: -410519.966266
[04:03:50] Bootstrap tree #230, logLikelihood: -410454.623044
[04:05:06] Bootstrap tree #231, logLikelihood: -415152.801808
[04:06:10] Bootstrap tree #232, logLikelihood: -411482.264483
[04:07:02] Bootstrap tree #233, logLikelihood: -416364.869844
[04:07:58] Bootstrap tree #234, logLikelihood: -413225.702822
[04:08:52] Bootstrap tree #235, logLikelihood: -415794.389384
[04:09:53] Bootstrap tree #236, logLikelihood: -409397.979001
[04:10:55] Bootstrap tree #237, logLikelihood: -410002.704158
[04:11:47] Bootstrap tree #238, logLikelihood: -411706.847094
[04:12:42] Bootstrap tree #239, logLikelihood: -414565.981000
[04:13:42] Bootstrap tree #240, logLikelihood: -413156.877646
[04:14:35] Bootstrap tree #241, logLikelihood: -411491.724950
[04:15:27] Bootstrap tree #242, logLikelihood: -413542.520997
[04:16:21] Bootstrap tree #243, logLikelihood: -409653.318941
[04:17:19] Bootstrap tree #244, logLikelihood: -410086.393767
[04:18:12] Bootstrap tree #245, logLikelihood: -415347.021550
[04:19:23] Bootstrap tree #246, logLikelihood: -410494.577196
[04:20:16] Bootstrap tree #247, logLikelihood: -412843.321513
[04:21:09] Bootstrap tree #248, logLikelihood: -414285.987779
[04:22:04] Bootstrap tree #249, logLikelihood: -406793.061624
[04:22:52] Bootstrap tree #250, logLikelihood: -406730.846521
[04:23:45] Bootstrap tree #251, logLikelihood: -416044.017915
[04:24:40] Bootstrap tree #252, logLikelihood: -412961.840516
[04:25:45] Bootstrap tree #253, logLikelihood: -415286.015924
[04:26:51] Bootstrap tree #254, logLikelihood: -410777.245838
[04:27:41] Bootstrap tree #255, logLikelihood: -412321.024779
[04:28:39] Bootstrap tree #256, logLikelihood: -419282.892241
[04:29:33] Bootstrap tree #257, logLikelihood: -409043.690413
[04:30:28] Bootstrap tree #258, logLikelihood: -411496.157762
[04:31:22] Bootstrap tree #259, logLikelihood: -414308.067130
[04:32:17] Bootstrap tree #260, logLikelihood: -416289.528990
[04:33:09] Bootstrap tree #261, logLikelihood: -417259.529733
[04:34:02] Bootstrap tree #262, logLikelihood: -415639.258142
[04:35:02] Bootstrap tree #263, logLikelihood: -407770.119114
[04:35:57] Bootstrap tree #264, logLikelihood: -414892.158746
[04:36:49] Bootstrap tree #265, logLikelihood: -408873.250595
[04:37:44] Bootstrap tree #266, logLikelihood: -408799.243421
[04:38:37] Bootstrap tree #267, logLikelihood: -413595.380471
[04:39:28] Bootstrap tree #268, logLikelihood: -411902.610590
[04:40:24] Bootstrap tree #269, logLikelihood: -409956.936935
[04:41:16] Bootstrap tree #270, logLikelihood: -420533.978820
[04:42:06] Bootstrap tree #271, logLikelihood: -414015.961253
[04:43:01] Bootstrap tree #272, logLikelihood: -409759.312897
[04:43:52] Bootstrap tree #273, logLikelihood: -411034.417385
[04:44:49] Bootstrap tree #274, logLikelihood: -413040.341178
[04:45:45] Bootstrap tree #275, logLikelihood: -411552.867258
[04:46:44] Bootstrap tree #276, logLikelihood: -416689.259644
[04:47:38] Bootstrap tree #277, logLikelihood: -412392.790821
[04:48:28] Bootstrap tree #278, logLikelihood: -410095.968683
[04:49:17] Bootstrap tree #279, logLikelihood: -410225.922579
[04:50:15] Bootstrap tree #280, logLikelihood: -416023.459666
[04:51:14] Bootstrap tree #281, logLikelihood: -414256.710230
[04:52:06] Bootstrap tree #282, logLikelihood: -412360.828100
[04:53:05] Bootstrap tree #283, logLikelihood: -411527.903736
[04:53:59] Bootstrap tree #284, logLikelihood: -412935.178193
[04:54:51] Bootstrap tree #285, logLikelihood: -412000.772310
[04:55:48] Bootstrap tree #286, logLikelihood: -417581.048448
[04:56:43] Bootstrap tree #287, logLikelihood: -409359.667986
[04:57:38] Bootstrap tree #288, logLikelihood: -411632.761667
[04:58:22] Bootstrap tree #289, logLikelihood: -412282.148868
[04:59:14] Bootstrap tree #290, logLikelihood: -412787.080542
[05:00:20] Bootstrap tree #291, logLikelihood: -410927.811306
[05:01:19] Bootstrap tree #292, logLikelihood: -417144.716949
[05:02:42] Bootstrap tree #293, logLikelihood: -412761.452421
[05:03:53] Bootstrap tree #294, logLikelihood: -410576.231600
[05:04:48] Bootstrap tree #295, logLikelihood: -404183.834630
[05:05:42] Bootstrap tree #296, logLikelihood: -413104.973310
[05:06:32] Bootstrap tree #297, logLikelihood: -413778.384011
[05:07:19] Bootstrap tree #298, logLikelihood: -411591.782347
[05:08:16] Bootstrap tree #299, logLikelihood: -411973.268064
[05:09:11] Bootstrap tree #300, logLikelihood: -413696.490606
[05:10:18] Bootstrap tree #301, logLikelihood: -416597.836528
[05:11:09] Bootstrap tree #302, logLikelihood: -412780.504806
[05:11:57] Bootstrap tree #303, logLikelihood: -411422.384180
[05:12:58] Bootstrap tree #304, logLikelihood: -411843.118221
[05:13:49] Bootstrap tree #305, logLikelihood: -409461.705295
[05:14:59] Bootstrap tree #306, logLikelihood: -414150.676010
[05:15:58] Bootstrap tree #307, logLikelihood: -412782.667705
[05:16:52] Bootstrap tree #308, logLikelihood: -414791.609473
[05:17:56] Bootstrap tree #309, logLikelihood: -413411.204604
[05:18:49] Bootstrap tree #310, logLikelihood: -411651.555809
[05:19:43] Bootstrap tree #311, logLikelihood: -410379.027297
[05:20:39] Bootstrap tree #312, logLikelihood: -410728.189888
[05:21:36] Bootstrap tree #313, logLikelihood: -411235.273829
[05:22:41] Bootstrap tree #314, logLikelihood: -412291.822667
[05:23:43] Bootstrap tree #315, logLikelihood: -411295.111458
[05:24:52] Bootstrap tree #316, logLikelihood: -411042.568467
[05:25:57] Bootstrap tree #317, logLikelihood: -411756.977478
[05:27:02] Bootstrap tree #318, logLikelihood: -412933.323832
[05:28:17] Bootstrap tree #319, logLikelihood: -409926.272557
[05:29:14] Bootstrap tree #320, logLikelihood: -413898.051988
[05:30:07] Bootstrap tree #321, logLikelihood: -408199.494076
[05:31:00] Bootstrap tree #322, logLikelihood: -413639.019353
[05:32:06] Bootstrap tree #323, logLikelihood: -414015.435397
[05:33:13] Bootstrap tree #324, logLikelihood: -411180.866029
[05:34:11] Bootstrap tree #325, logLikelihood: -416530.502415
[05:35:17] Bootstrap tree #326, logLikelihood: -409485.668595
[05:36:09] Bootstrap tree #327, logLikelihood: -412300.686609
[05:37:01] Bootstrap tree #328, logLikelihood: -409555.573874
[05:38:04] Bootstrap tree #329, logLikelihood: -413062.380263
[05:39:16] Bootstrap tree #330, logLikelihood: -415795.872090
[05:40:02] Bootstrap tree #331, logLikelihood: -415308.062241
[05:40:57] Bootstrap tree #332, logLikelihood: -417947.862829
[05:41:56] Bootstrap tree #333, logLikelihood: -413733.942811
[05:42:58] Bootstrap tree #334, logLikelihood: -411388.203878
[05:43:52] Bootstrap tree #335, logLikelihood: -409953.636025
[05:44:48] Bootstrap tree #336, logLikelihood: -409036.993156
[05:45:44] Bootstrap tree #337, logLikelihood: -407428.553939
[05:46:37] Bootstrap tree #338, logLikelihood: -416718.272916
[05:47:35] Bootstrap tree #339, logLikelihood: -407331.562724
[05:48:26] Bootstrap tree #340, logLikelihood: -409302.103554
[05:49:16] Bootstrap tree #341, logLikelihood: -407478.365003
[05:50:15] Bootstrap tree #342, logLikelihood: -413417.933244
[05:51:17] Bootstrap tree #343, logLikelihood: -417477.597060
[05:52:12] Bootstrap tree #344, logLikelihood: -410673.977526
[05:53:05] Bootstrap tree #345, logLikelihood: -413139.800680
[05:54:11] Bootstrap tree #346, logLikelihood: -412655.177212
[05:55:11] Bootstrap tree #347, logLikelihood: -414002.123917
[05:56:03] Bootstrap tree #348, logLikelihood: -412268.991223
[05:57:09] Bootstrap tree #349, logLikelihood: -411878.665379
[05:58:04] Bootstrap tree #350, logLikelihood: -414280.749212
[05:59:01] Bootstrap tree #351, logLikelihood: -407229.772697
[05:59:56] Bootstrap tree #352, logLikelihood: -406875.306853
[06:00:58] Bootstrap tree #353, logLikelihood: -410337.954091
[06:01:57] Bootstrap tree #354, logLikelihood: -411297.836129
[06:02:53] Bootstrap tree #355, logLikelihood: -413665.756550
[06:03:47] Bootstrap tree #356, logLikelihood: -414487.543457
[06:04:44] Bootstrap tree #357, logLikelihood: -410050.359372
[06:05:38] Bootstrap tree #358, logLikelihood: -409881.326958
[06:06:32] Bootstrap tree #359, logLikelihood: -411883.771018
[06:07:35] Bootstrap tree #360, logLikelihood: -412953.752005
[06:08:33] Bootstrap tree #361, logLikelihood: -413141.119089
[06:09:26] Bootstrap tree #362, logLikelihood: -410901.948001
[06:10:31] Bootstrap tree #363, logLikelihood: -414470.039606
[06:11:31] Bootstrap tree #364, logLikelihood: -411585.777950
[06:12:27] Bootstrap tree #365, logLikelihood: -413057.679292
[06:13:30] Bootstrap tree #366, logLikelihood: -415122.493633
[06:14:39] Bootstrap tree #367, logLikelihood: -411426.690445
[06:15:44] Bootstrap tree #368, logLikelihood: -413280.528432
[06:16:44] Bootstrap tree #369, logLikelihood: -413166.593898
[06:17:48] Bootstrap tree #370, logLikelihood: -414309.900165
[06:18:45] Bootstrap tree #371, logLikelihood: -411296.240791
[06:19:43] Bootstrap tree #372, logLikelihood: -410976.478512
[06:20:29] Bootstrap tree #373, logLikelihood: -411851.732532
[06:21:24] Bootstrap tree #374, logLikelihood: -412354.591579
[06:22:25] Bootstrap tree #375, logLikelihood: -410891.407393
[06:23:26] Bootstrap tree #376, logLikelihood: -414052.159473
[06:24:22] Bootstrap tree #377, logLikelihood: -412827.844865
[06:25:20] Bootstrap tree #378, logLikelihood: -411565.702412
[06:26:10] Bootstrap tree #379, logLikelihood: -406238.925985
[06:27:32] Bootstrap tree #380, logLikelihood: -410918.770809
[06:28:29] Bootstrap tree #381, logLikelihood: -414796.320435
[06:29:33] Bootstrap tree #382, logLikelihood: -417472.217357
[06:30:28] Bootstrap tree #383, logLikelihood: -408142.186411
[06:31:25] Bootstrap tree #384, logLikelihood: -409809.614341
[06:32:19] Bootstrap tree #385, logLikelihood: -423602.143309
[06:33:22] Bootstrap tree #386, logLikelihood: -410326.317372
[06:34:16] Bootstrap tree #387, logLikelihood: -406570.292916
[06:35:21] Bootstrap tree #388, logLikelihood: -414334.497402
[06:36:24] Bootstrap tree #389, logLikelihood: -412941.106755
[06:37:17] Bootstrap tree #390, logLikelihood: -410496.825041
[06:38:11] Bootstrap tree #391, logLikelihood: -405789.748625
[06:39:06] Bootstrap tree #392, logLikelihood: -414823.526677
[06:40:01] Bootstrap tree #393, logLikelihood: -413949.948796
[06:40:58] Bootstrap tree #394, logLikelihood: -413427.573261
[06:41:51] Bootstrap tree #395, logLikelihood: -411423.700145
[06:42:50] Bootstrap tree #396, logLikelihood: -410736.727605
[06:43:42] Bootstrap tree #397, logLikelihood: -411230.188000
[06:44:42] Bootstrap tree #398, logLikelihood: -415241.797250
[06:45:34] Bootstrap tree #399, logLikelihood: -413507.742265
[06:46:29] Bootstrap tree #400, logLikelihood: -414057.678412
[06:47:27] Bootstrap tree #401, logLikelihood: -407143.534338
[06:48:23] Bootstrap tree #402, logLikelihood: -414424.342014
[06:49:19] Bootstrap tree #403, logLikelihood: -416520.776398
[06:50:16] Bootstrap tree #404, logLikelihood: -409958.274868
[06:51:20] Bootstrap tree #405, logLikelihood: -416869.542240
[06:52:18] Bootstrap tree #406, logLikelihood: -413460.388430
[06:53:11] Bootstrap tree #407, logLikelihood: -413974.561818
[06:54:14] Bootstrap tree #408, logLikelihood: -409594.354732
[06:55:10] Bootstrap tree #409, logLikelihood: -413870.742987
[06:55:54] Bootstrap tree #410, logLikelihood: -412257.724530
[06:56:55] Bootstrap tree #411, logLikelihood: -418514.934152
[06:57:51] Bootstrap tree #412, logLikelihood: -412025.289145
[06:58:49] Bootstrap tree #413, logLikelihood: -412867.058866
[06:59:44] Bootstrap tree #414, logLikelihood: -420550.411564
[07:00:42] Bootstrap tree #415, logLikelihood: -411015.465833
[07:01:43] Bootstrap tree #416, logLikelihood: -407314.662252
[07:02:44] Bootstrap tree #417, logLikelihood: -408036.137276
[07:03:30] Bootstrap tree #418, logLikelihood: -408090.065678
[07:04:31] Bootstrap tree #419, logLikelihood: -411486.952558
[07:05:33] Bootstrap tree #420, logLikelihood: -415810.575140
[07:06:35] Bootstrap tree #421, logLikelihood: -414779.127638
[07:07:29] Bootstrap tree #422, logLikelihood: -413611.076472
[07:08:43] Bootstrap tree #423, logLikelihood: -415381.926771
[07:09:35] Bootstrap tree #424, logLikelihood: -413233.708402
[07:10:30] Bootstrap tree #425, logLikelihood: -414968.525868
[07:11:21] Bootstrap tree #426, logLikelihood: -411308.976166
[07:12:28] Bootstrap tree #427, logLikelihood: -414337.764848
[07:13:36] Bootstrap tree #428, logLikelihood: -409443.765313
[07:14:30] Bootstrap tree #429, logLikelihood: -410818.204224
[07:15:30] Bootstrap tree #430, logLikelihood: -409957.737962
[07:16:31] Bootstrap tree #431, logLikelihood: -407420.181229
[07:17:28] Bootstrap tree #432, logLikelihood: -412717.127652
[07:18:33] Bootstrap tree #433, logLikelihood: -414894.404334
[07:19:42] Bootstrap tree #434, logLikelihood: -412882.695497
[07:20:39] Bootstrap tree #435, logLikelihood: -411608.214754
[07:21:29] Bootstrap tree #436, logLikelihood: -414110.715033
[07:22:25] Bootstrap tree #437, logLikelihood: -417459.335191
[07:23:21] Bootstrap tree #438, logLikelihood: -410946.364439
[07:24:17] Bootstrap tree #439, logLikelihood: -409301.155180
[07:25:15] Bootstrap tree #440, logLikelihood: -410314.118453
[07:26:17] Bootstrap tree #441, logLikelihood: -404880.964777
[07:27:05] Bootstrap tree #442, logLikelihood: -412313.764136
[07:28:25] Bootstrap tree #443, logLikelihood: -414372.613923
[07:29:26] Bootstrap tree #444, logLikelihood: -415750.674558
[07:30:23] Bootstrap tree #445, logLikelihood: -412820.721552
[07:31:25] Bootstrap tree #446, logLikelihood: -411540.071325
[07:32:17] Bootstrap tree #447, logLikelihood: -415015.622783
[07:33:34] Bootstrap tree #448, logLikelihood: -417232.046456
[07:34:47] Bootstrap tree #449, logLikelihood: -413805.827981
[07:36:04] Bootstrap tree #450, logLikelihood: -407330.266693
[07:37:04] Bootstrap tree #451, logLikelihood: -411106.424579
[07:37:58] Bootstrap tree #452, logLikelihood: -411935.290065
[07:38:48] Bootstrap tree #453, logLikelihood: -416007.648178
[07:39:45] Bootstrap tree #454, logLikelihood: -418079.254782
[07:40:44] Bootstrap tree #455, logLikelihood: -409964.254282
[07:41:47] Bootstrap tree #456, logLikelihood: -416971.632792
[07:42:46] Bootstrap tree #457, logLikelihood: -411457.679684
[07:43:40] Bootstrap tree #458, logLikelihood: -412254.105371
[07:44:28] Bootstrap tree #459, logLikelihood: -415369.431608
[07:45:38] Bootstrap tree #460, logLikelihood: -414608.585534
[07:46:38] Bootstrap tree #461, logLikelihood: -409682.841328
[07:47:39] Bootstrap tree #462, logLikelihood: -410081.039436
[07:48:34] Bootstrap tree #463, logLikelihood: -413861.339995
[07:49:40] Bootstrap tree #464, logLikelihood: -414154.997287
[07:50:37] Bootstrap tree #465, logLikelihood: -407399.067755
[07:51:39] Bootstrap tree #466, logLikelihood: -410597.920271
[07:52:35] Bootstrap tree #467, logLikelihood: -414182.749299
[07:53:29] Bootstrap tree #468, logLikelihood: -409771.174761
[07:54:30] Bootstrap tree #469, logLikelihood: -411801.591808
[07:55:26] Bootstrap tree #470, logLikelihood: -411133.647496
[07:56:30] Bootstrap tree #471, logLikelihood: -406838.983912
[07:57:30] Bootstrap tree #472, logLikelihood: -411742.084913
[07:58:23] Bootstrap tree #473, logLikelihood: -410016.361674
[07:59:22] Bootstrap tree #474, logLikelihood: -414935.128195
[08:00:19] Bootstrap tree #475, logLikelihood: -411730.415185
[08:01:19] Bootstrap tree #476, logLikelihood: -410380.043216
[08:02:15] Bootstrap tree #477, logLikelihood: -409978.992778
[08:03:18] Bootstrap tree #478, logLikelihood: -411122.882747
[08:04:13] Bootstrap tree #479, logLikelihood: -412661.993918
[08:05:09] Bootstrap tree #480, logLikelihood: -407900.933839
[08:06:20] Bootstrap tree #481, logLikelihood: -415294.505803
[08:07:11] Bootstrap tree #482, logLikelihood: -414095.003008
[08:08:05] Bootstrap tree #483, logLikelihood: -413051.358803
[08:09:01] Bootstrap tree #484, logLikelihood: -408719.382189
[08:09:55] Bootstrap tree #485, logLikelihood: -405814.471640
[08:11:06] Bootstrap tree #486, logLikelihood: -417143.948891
[08:12:01] Bootstrap tree #487, logLikelihood: -409150.758812
[08:12:54] Bootstrap tree #488, logLikelihood: -418031.513373
[08:13:48] Bootstrap tree #489, logLikelihood: -408080.663443
[08:14:43] Bootstrap tree #490, logLikelihood: -411678.169305
[08:15:34] Bootstrap tree #491, logLikelihood: -411560.466308
[08:16:34] Bootstrap tree #492, logLikelihood: -411710.085833
[08:17:39] Bootstrap tree #493, logLikelihood: -410552.693148
[08:18:37] Bootstrap tree #494, logLikelihood: -412832.734580
[08:19:35] Bootstrap tree #495, logLikelihood: -405694.727818
[08:20:28] Bootstrap tree #496, logLikelihood: -412691.140472
[08:21:26] Bootstrap tree #497, logLikelihood: -411206.901215
[08:22:23] Bootstrap tree #498, logLikelihood: -417346.338040
[08:23:18] Bootstrap tree #499, logLikelihood: -408212.284929
[08:24:14] Bootstrap tree #500, logLikelihood: -415295.938115
[08:25:09] Bootstrap tree #501, logLikelihood: -409898.624206
[08:26:10] Bootstrap tree #502, logLikelihood: -416602.311805
[08:27:05] Bootstrap tree #503, logLikelihood: -412046.420926
[08:27:57] Bootstrap tree #504, logLikelihood: -411191.390902
[08:28:46] Bootstrap tree #505, logLikelihood: -416573.953771
[08:29:32] Bootstrap tree #506, logLikelihood: -408895.030852
[08:30:34] Bootstrap tree #507, logLikelihood: -412114.994376
[08:31:51] Bootstrap tree #508, logLikelihood: -412389.165151
[08:32:52] Bootstrap tree #509, logLikelihood: -412360.132707
[08:33:56] Bootstrap tree #510, logLikelihood: -414930.995691
[08:34:46] Bootstrap tree #511, logLikelihood: -409320.655494
[08:35:37] Bootstrap tree #512, logLikelihood: -411235.508546
[08:36:29] Bootstrap tree #513, logLikelihood: -413961.127226
[08:37:26] Bootstrap tree #514, logLikelihood: -418253.281207
[08:38:19] Bootstrap tree #515, logLikelihood: -414589.604035
[08:39:13] Bootstrap tree #516, logLikelihood: -406058.835027
[08:40:10] Bootstrap tree #517, logLikelihood: -408568.128018
[08:41:19] Bootstrap tree #518, logLikelihood: -414747.833834
[08:42:17] Bootstrap tree #519, logLikelihood: -412024.211567
[08:43:14] Bootstrap tree #520, logLikelihood: -409824.985428
[08:43:58] Bootstrap tree #521, logLikelihood: -411834.072510
[08:44:59] Bootstrap tree #522, logLikelihood: -409718.448493
[08:45:55] Bootstrap tree #523, logLikelihood: -412870.523960
[08:46:43] Bootstrap tree #524, logLikelihood: -411027.600499
[08:47:37] Bootstrap tree #525, logLikelihood: -414675.956215
[08:48:44] Bootstrap tree #526, logLikelihood: -413318.387955
[08:49:38] Bootstrap tree #527, logLikelihood: -413724.946792
[08:50:31] Bootstrap tree #528, logLikelihood: -414528.001682
[08:51:31] Bootstrap tree #529, logLikelihood: -409842.338015
[08:52:44] Bootstrap tree #530, logLikelihood: -412148.497087
[08:53:38] Bootstrap tree #531, logLikelihood: -413649.470542
[08:54:32] Bootstrap tree #532, logLikelihood: -415929.701870
[08:55:21] Bootstrap tree #533, logLikelihood: -415148.363234
[08:56:19] Bootstrap tree #534, logLikelihood: -414463.956523
[08:57:13] Bootstrap tree #535, logLikelihood: -408215.952315
[08:58:04] Bootstrap tree #536, logLikelihood: -415001.069191
[08:58:59] Bootstrap tree #537, logLikelihood: -412974.780796
[09:00:04] Bootstrap tree #538, logLikelihood: -417316.121790
[09:01:05] Bootstrap tree #539, logLikelihood: -414918.062071
[09:02:01] Bootstrap tree #540, logLikelihood: -413596.294536
[09:03:09] Bootstrap tree #541, logLikelihood: -418712.762148
[09:03:53] Bootstrap tree #542, logLikelihood: -411881.293555
[09:04:56] Bootstrap tree #543, logLikelihood: -414839.847371
[09:05:59] Bootstrap tree #544, logLikelihood: -413900.034115
[09:07:10] Bootstrap tree #545, logLikelihood: -416748.927408
[09:08:08] Bootstrap tree #546, logLikelihood: -409793.185926
[09:09:10] Bootstrap tree #547, logLikelihood: -414091.291743
[09:10:05] Bootstrap tree #548, logLikelihood: -405052.030449
[09:11:03] Bootstrap tree #549, logLikelihood: -419563.583976
[09:12:09] Bootstrap tree #550, logLikelihood: -414979.029605
[09:13:07] Bootstrap tree #551, logLikelihood: -407828.483084
[09:13:58] Bootstrap tree #552, logLikelihood: -412364.696398
[09:14:51] Bootstrap tree #553, logLikelihood: -409449.607974
[09:15:48] Bootstrap tree #554, logLikelihood: -418029.049057
[09:16:44] Bootstrap tree #555, logLikelihood: -408966.249882
[09:17:43] Bootstrap tree #556, logLikelihood: -412726.776071
[09:18:46] Bootstrap tree #557, logLikelihood: -415304.996130
[09:19:47] Bootstrap tree #558, logLikelihood: -418587.853054
[09:20:44] Bootstrap tree #559, logLikelihood: -415755.011934
[09:21:39] Bootstrap tree #560, logLikelihood: -410578.306360
[09:22:41] Bootstrap tree #561, logLikelihood: -412355.051270
[09:23:36] Bootstrap tree #562, logLikelihood: -413758.420123
[09:24:36] Bootstrap tree #563, logLikelihood: -408727.859332
[09:25:29] Bootstrap tree #564, logLikelihood: -410889.156886
[09:26:24] Bootstrap tree #565, logLikelihood: -416930.594271
[09:27:18] Bootstrap tree #566, logLikelihood: -410846.670144
[09:28:16] Bootstrap tree #567, logLikelihood: -410465.833903
[09:29:13] Bootstrap tree #568, logLikelihood: -411216.990445
[09:30:06] Bootstrap tree #569, logLikelihood: -414390.367923
[09:30:59] Bootstrap tree #570, logLikelihood: -405620.837622
[09:31:57] Bootstrap tree #571, logLikelihood: -409043.119899
[09:32:54] Bootstrap tree #572, logLikelihood: -409817.850975
[09:33:49] Bootstrap tree #573, logLikelihood: -414409.306435
[09:34:49] Bootstrap tree #574, logLikelihood: -407688.069643
[09:35:44] Bootstrap tree #575, logLikelihood: -413290.549742
[09:36:51] Bootstrap tree #576, logLikelihood: -412379.038238
[09:37:52] Bootstrap tree #577, logLikelihood: -411571.451651
[09:38:57] Bootstrap tree #578, logLikelihood: -417141.348818
[09:39:58] Bootstrap tree #579, logLikelihood: -416422.941248
[09:41:09] Bootstrap tree #580, logLikelihood: -413347.552421
[09:42:06] Bootstrap tree #581, logLikelihood: -413817.615881
[09:42:57] Bootstrap tree #582, logLikelihood: -411864.235119
[09:44:04] Bootstrap tree #583, logLikelihood: -410296.979046
[09:44:56] Bootstrap tree #584, logLikelihood: -414536.778608
[09:46:04] Bootstrap tree #585, logLikelihood: -411353.770169
[09:47:02] Bootstrap tree #586, logLikelihood: -414446.423931
[09:47:55] Bootstrap tree #587, logLikelihood: -410409.648025
[09:48:51] Bootstrap tree #588, logLikelihood: -407329.820777
[09:49:51] Bootstrap tree #589, logLikelihood: -415901.642548
[09:50:52] Bootstrap tree #590, logLikelihood: -414214.214076
[09:51:47] Bootstrap tree #591, logLikelihood: -412662.060768
[09:52:45] Bootstrap tree #592, logLikelihood: -414064.486693
[09:53:39] Bootstrap tree #593, logLikelihood: -417711.350337
[09:54:50] Bootstrap tree #594, logLikelihood: -410053.434174
[09:55:40] Bootstrap tree #595, logLikelihood: -416788.495144
[09:56:35] Bootstrap tree #596, logLikelihood: -413332.906982
[09:57:32] Bootstrap tree #597, logLikelihood: -410248.308769
[09:58:26] Bootstrap tree #598, logLikelihood: -415497.586157
[09:59:21] Bootstrap tree #599, logLikelihood: -419874.707854
[10:00:30] Bootstrap tree #600, logLikelihood: -412446.798779
[10:00:31] Bootstrapping converged after 600 replicates.

Optimized model parameters:

   Partition 0: noname
   Rate heterogeneity: GAMMA (4 cats, mean),  alpha: 2.124764 (ML),  weights&rates: (0.250000,0.307726) (0.250000,0.667657) (0.250000,1.072820) (0.250000,1.951797) 
   Base frequencies (ML): 0.265022 0.225888 0.229766 0.279323 
   Substitution rates (ML): 1.736313 3.854422 1.582672 1.103436 4.299339 1.000000 


Final LogLikelihood: -412926.188087

AIC score: 826148.376173 / AICc score: 826149.677560 / BIC score: 827396.794980
Free parameters (model + branch lengths): 148

Best ML tree saved to: /home/gkettenburg/RAxML_tree/bat_picorna_full_raxml/P1/T11.raxml.bestTree
All ML trees saved to: /home/gkettenburg/RAxML_tree/bat_picorna_full_raxml/P1/T11.raxml.mlTrees
Best ML tree with Felsenstein bootstrap (FBP) support values saved to: /home/gkettenburg/RAxML_tree/bat_picorna_full_raxml/P1/T11.raxml.supportFBP
Best ML tree with Transfer bootstrap (TBE) support values saved to: /home/gkettenburg/RAxML_tree/bat_picorna_full_raxml/P1/T11.raxml.supportTBE
Optimized model saved to: /home/gkettenburg/RAxML_tree/bat_picorna_full_raxml/P1/T11.raxml.bestModel
Bootstrap trees saved to: /home/gkettenburg/RAxML_tree/bat_picorna_full_raxml/P1/T11.raxml.bootstraps

Execution log saved to: /home/gkettenburg/RAxML_tree/bat_picorna_full_raxml/P1/T11.raxml.log

Analysis started: 10-Sep-2023 11:10:08 / finished: 10-Sep-2023 21:10:40

Elapsed time: 36031.226 seconds

Consumed energy: 1057.575 Wh (= 5 km in an electric car, or 26 km with an e-scooter!)

