ERROR: Unable to locate a modulefile for 'emacs/25.1'
ERROR: Unable to locate a modulefile for 'python/3.6'
ERROR: Unable to locate a modulefile for 'java/1.8.0_121'
ERROR: Unable to locate a modulefile for 'cmake/3.15.1'

RAxML-NG v. 1.1.0-master released on 22.06.2022 by The Exelixis Lab.
Developed by: Alexey M. Kozlov and Alexandros Stamatakis.
Contributors: Diego Darriba, Tomas Flouri, Benoit Morel, Sarah Lutteropp, Ben Bettisworth.
Latest version: https://github.com/amkozlov/raxml-ng
Questions/problems/suggestions? Please visit: https://groups.google.com/forum/#!forum/raxml

System: Intel(R) Xeon(R) CPU E5-2680 v4 @ 2.40GHz, 28 cores, 62 GB RAM

RAxML-NG was called at 12-Aug-2023 19:27:20 as follows:

raxml-ng-mpi --all --msa iflaviridae_refseq_align.fasta --model GTR+G4 --prefix T1 --seed 1 --threads auto{9} --bs-metric fbp,tbe

Analysis options:
  run mode: ML tree search + bootstrapping (Felsenstein Bootstrap + Transfer Bootstrap)
  start tree(s): random (10) + parsimony (10)
  bootstrap replicates: max: 1000 + bootstopping (autoMRE, cutoff: 0.030000)
  random seed: 1
  tip-inner: OFF
  pattern compression: ON
  per-rate scalers: OFF
  site repeats: ON
  branch lengths: proportional (ML estimate, algorithm: NR-FAST)
  SIMD kernels: AVX2
  parallelization: coarse-grained (auto), PTHREADS (auto)

[00:00:01] Reading alignment from file: iflaviridae_refseq_align.fasta
[00:00:01] Loaded alignment with 48 taxa and 34928 sites

Alignment comprises 1 partitions and 19350 patterns

Partition 0: noname
Model: GTR+FO+G4m
Alignment sites / patterns: 34928 / 19350
Gaps: 71.24 %
Invariant sites: 44.32 %


NOTE: Binary MSA file created: T1.raxml.rba

Parallelization scheme autoconfig: 1 worker(s) x 9 thread(s)

Error calling pthread_setaffinity_np: 22
Parallel reduction/worker buffer size: 1 KB  / 0 KB

[00:00:01] Generating 10 random starting tree(s) with 48 taxa
[00:00:01] Generating 10 parsimony starting tree(s) with 48 taxa
[00:00:01] Data distribution: max. partitions/sites/weight per thread: 1 / 2150 / 34400
[00:00:02] Data distribution: max. searches per worker: 1020

Starting ML tree search with 20 distinct starting trees

[00:01:59] ML tree search #1, logLikelihood: -500777.305615
[00:03:49] ML tree search #2, logLikelihood: -500777.313064
[00:05:43] ML tree search #3, logLikelihood: -500777.298170
[00:06:59] ML tree search #4, logLikelihood: -500777.306334
[00:08:43] ML tree search #5, logLikelihood: -500777.302816
[00:10:04] ML tree search #6, logLikelihood: -500777.306470
[00:11:31] ML tree search #7, logLikelihood: -500777.306218
[00:13:07] ML tree search #8, logLikelihood: -500777.303823
[00:14:30] ML tree search #9, logLikelihood: -500777.295047
[00:16:01] ML tree search #10, logLikelihood: -500777.291521
[00:17:02] ML tree search #11, logLikelihood: -500777.314157
[00:18:08] ML tree search #12, logLikelihood: -500777.308526
[00:19:07] ML tree search #13, logLikelihood: -500777.293115
[00:20:05] ML tree search #14, logLikelihood: -500777.294976
[00:21:22] ML tree search #15, logLikelihood: -500777.288583
[00:22:11] ML tree search #16, logLikelihood: -500777.296672
[00:24:10] ML tree search #17, logLikelihood: -500777.311433
[00:25:09] ML tree search #18, logLikelihood: -500777.293052
[00:26:21] ML tree search #19, logLikelihood: -500777.298469
[00:27:18] ML tree search #20, logLikelihood: -500777.293379

[00:27:18] ML tree search completed, best tree logLH: -500777.288583

[00:27:18] Starting bootstrapping analysis with 1000 replicates.

[00:28:22] Bootstrap tree #1, logLikelihood: -497648.699992
[00:29:08] Bootstrap tree #2, logLikelihood: -501371.040457
[00:29:58] Bootstrap tree #3, logLikelihood: -503089.265644
[00:31:01] Bootstrap tree #4, logLikelihood: -504691.323126
[00:31:52] Bootstrap tree #5, logLikelihood: -507354.887702
[00:32:50] Bootstrap tree #6, logLikelihood: -503243.709037
[00:33:48] Bootstrap tree #7, logLikelihood: -502214.845467
[00:34:57] Bootstrap tree #8, logLikelihood: -502984.596341
[00:35:42] Bootstrap tree #9, logLikelihood: -503371.049283
[00:36:37] Bootstrap tree #10, logLikelihood: -498569.557890
[00:37:22] Bootstrap tree #11, logLikelihood: -499462.510037
[00:38:07] Bootstrap tree #12, logLikelihood: -499218.816527
[00:38:48] Bootstrap tree #13, logLikelihood: -498799.779130
[00:39:33] Bootstrap tree #14, logLikelihood: -500602.976430
[00:40:28] Bootstrap tree #15, logLikelihood: -495726.526740
[00:41:18] Bootstrap tree #16, logLikelihood: -505632.065821
[00:42:15] Bootstrap tree #17, logLikelihood: -506800.351877
[00:43:04] Bootstrap tree #18, logLikelihood: -498453.574292
[00:44:16] Bootstrap tree #19, logLikelihood: -498018.431185
[00:44:55] Bootstrap tree #20, logLikelihood: -501547.731252
[00:46:13] Bootstrap tree #21, logLikelihood: -503226.593413
[00:47:12] Bootstrap tree #22, logLikelihood: -505938.500094
[00:48:11] Bootstrap tree #23, logLikelihood: -499282.062599
[00:48:54] Bootstrap tree #24, logLikelihood: -503182.906788
[00:49:41] Bootstrap tree #25, logLikelihood: -498906.974110
[00:50:52] Bootstrap tree #26, logLikelihood: -501412.241837
[00:51:42] Bootstrap tree #27, logLikelihood: -500998.578315
[00:52:38] Bootstrap tree #28, logLikelihood: -500180.903082
[00:53:32] Bootstrap tree #29, logLikelihood: -496261.601319
[00:54:45] Bootstrap tree #30, logLikelihood: -498833.760992
[00:55:43] Bootstrap tree #31, logLikelihood: -499057.212987
[00:56:52] Bootstrap tree #32, logLikelihood: -506782.416613
[00:57:56] Bootstrap tree #33, logLikelihood: -498399.937830
[00:58:49] Bootstrap tree #34, logLikelihood: -495329.856044
[00:59:31] Bootstrap tree #35, logLikelihood: -504260.762127
[01:00:26] Bootstrap tree #36, logLikelihood: -499579.186837
[01:01:09] Bootstrap tree #37, logLikelihood: -494668.436429
[01:02:01] Bootstrap tree #38, logLikelihood: -502545.846867
[01:02:48] Bootstrap tree #39, logLikelihood: -500837.127143
[01:03:48] Bootstrap tree #40, logLikelihood: -501796.874873
[01:04:40] Bootstrap tree #41, logLikelihood: -498831.187707
[01:05:18] Bootstrap tree #42, logLikelihood: -496883.482160
[01:06:06] Bootstrap tree #43, logLikelihood: -499923.357644
[01:06:56] Bootstrap tree #44, logLikelihood: -499613.311442
[01:07:50] Bootstrap tree #45, logLikelihood: -503072.993498
[01:09:06] Bootstrap tree #46, logLikelihood: -506049.456052
[01:09:49] Bootstrap tree #47, logLikelihood: -498213.154601
[01:10:56] Bootstrap tree #48, logLikelihood: -499849.353602
[01:11:51] Bootstrap tree #49, logLikelihood: -500923.341864
[01:12:44] Bootstrap tree #50, logLikelihood: -498636.915281
[01:13:43] Bootstrap tree #51, logLikelihood: -497985.247003
[01:14:35] Bootstrap tree #52, logLikelihood: -496440.374219
[01:15:29] Bootstrap tree #53, logLikelihood: -498070.105026
[01:16:34] Bootstrap tree #54, logLikelihood: -500315.763028
[01:17:48] Bootstrap tree #55, logLikelihood: -502152.639871
[01:18:34] Bootstrap tree #56, logLikelihood: -501343.966577
[01:19:37] Bootstrap tree #57, logLikelihood: -501971.432504
[01:20:46] Bootstrap tree #58, logLikelihood: -504358.501959
[01:21:38] Bootstrap tree #59, logLikelihood: -505578.565845
[01:22:27] Bootstrap tree #60, logLikelihood: -496053.028538
[01:23:15] Bootstrap tree #61, logLikelihood: -502662.327832
[01:24:02] Bootstrap tree #62, logLikelihood: -503020.345030
[01:24:47] Bootstrap tree #63, logLikelihood: -499758.090347
[01:25:35] Bootstrap tree #64, logLikelihood: -497522.726318
[01:26:19] Bootstrap tree #65, logLikelihood: -493720.534291
[01:27:14] Bootstrap tree #66, logLikelihood: -504017.167803
[01:28:15] Bootstrap tree #67, logLikelihood: -500622.377647
[01:29:11] Bootstrap tree #68, logLikelihood: -503193.071688
[01:30:04] Bootstrap tree #69, logLikelihood: -500006.948721
[01:30:45] Bootstrap tree #70, logLikelihood: -504307.369336
[01:31:18] Bootstrap tree #71, logLikelihood: -504418.009796
[01:32:10] Bootstrap tree #72, logLikelihood: -500209.072957
[01:33:02] Bootstrap tree #73, logLikelihood: -503860.904789
[01:33:42] Bootstrap tree #74, logLikelihood: -501567.304769
[01:34:31] Bootstrap tree #75, logLikelihood: -495876.151079
[01:35:26] Bootstrap tree #76, logLikelihood: -498842.717435
[01:36:20] Bootstrap tree #77, logLikelihood: -498746.297607
[01:37:02] Bootstrap tree #78, logLikelihood: -497724.957778
[01:38:24] Bootstrap tree #79, logLikelihood: -505561.590513
[01:39:07] Bootstrap tree #80, logLikelihood: -499940.786139
[01:39:59] Bootstrap tree #81, logLikelihood: -501263.436083
[01:40:58] Bootstrap tree #82, logLikelihood: -497446.877887
[01:41:49] Bootstrap tree #83, logLikelihood: -497669.497938
[01:42:39] Bootstrap tree #84, logLikelihood: -502642.490177
[01:43:30] Bootstrap tree #85, logLikelihood: -493686.009453
[01:44:17] Bootstrap tree #86, logLikelihood: -508124.928937
[01:44:58] Bootstrap tree #87, logLikelihood: -502658.585133
[01:45:56] Bootstrap tree #88, logLikelihood: -502882.372901
[01:46:43] Bootstrap tree #89, logLikelihood: -499333.706487
[01:47:27] Bootstrap tree #90, logLikelihood: -496640.144349
[01:48:02] Bootstrap tree #91, logLikelihood: -501914.404589
[01:49:04] Bootstrap tree #92, logLikelihood: -503692.174539
[01:50:14] Bootstrap tree #93, logLikelihood: -507604.469128
[01:50:58] Bootstrap tree #94, logLikelihood: -502061.490053
[01:51:50] Bootstrap tree #95, logLikelihood: -504583.160007
[01:52:51] Bootstrap tree #96, logLikelihood: -502750.079761
[01:53:44] Bootstrap tree #97, logLikelihood: -500486.531069
[01:54:37] Bootstrap tree #98, logLikelihood: -502125.596815
[01:55:14] Bootstrap tree #99, logLikelihood: -499369.209701
[01:55:58] Bootstrap tree #100, logLikelihood: -509583.936754
[01:57:02] Bootstrap tree #101, logLikelihood: -504055.070321
[01:58:03] Bootstrap tree #102, logLikelihood: -495901.073924
[01:58:58] Bootstrap tree #103, logLikelihood: -497820.906174
[01:59:46] Bootstrap tree #104, logLikelihood: -499496.279973
[02:00:32] Bootstrap tree #105, logLikelihood: -499206.344998
[02:01:21] Bootstrap tree #106, logLikelihood: -500744.141700
[02:02:08] Bootstrap tree #107, logLikelihood: -500191.970534
[02:02:57] Bootstrap tree #108, logLikelihood: -498887.851240
[02:03:37] Bootstrap tree #109, logLikelihood: -496291.289902
[02:04:25] Bootstrap tree #110, logLikelihood: -505547.112235
[02:05:36] Bootstrap tree #111, logLikelihood: -504662.579311
[02:06:30] Bootstrap tree #112, logLikelihood: -503742.680794
[02:07:15] Bootstrap tree #113, logLikelihood: -497679.554784
[02:08:07] Bootstrap tree #114, logLikelihood: -498609.387761
[02:09:00] Bootstrap tree #115, logLikelihood: -507454.961843
[02:10:08] Bootstrap tree #116, logLikelihood: -502721.289409
[02:10:54] Bootstrap tree #117, logLikelihood: -498633.773458
[02:11:44] Bootstrap tree #118, logLikelihood: -501572.836955
[02:12:33] Bootstrap tree #119, logLikelihood: -501491.728530
[02:13:16] Bootstrap tree #120, logLikelihood: -501125.323545
[02:14:03] Bootstrap tree #121, logLikelihood: -500166.040823
[02:15:02] Bootstrap tree #122, logLikelihood: -503771.386149
[02:15:47] Bootstrap tree #123, logLikelihood: -497833.842820
[02:16:40] Bootstrap tree #124, logLikelihood: -500447.956379
[02:17:32] Bootstrap tree #125, logLikelihood: -493113.522988
[02:18:25] Bootstrap tree #126, logLikelihood: -502317.650545
[02:19:15] Bootstrap tree #127, logLikelihood: -505080.662390
[02:20:15] Bootstrap tree #128, logLikelihood: -496295.235983
[02:21:12] Bootstrap tree #129, logLikelihood: -501501.680709
[02:22:02] Bootstrap tree #130, logLikelihood: -494657.277575
[02:22:45] Bootstrap tree #131, logLikelihood: -502283.247184
[02:23:35] Bootstrap tree #132, logLikelihood: -498685.407576
[02:24:35] Bootstrap tree #133, logLikelihood: -504438.971852
[02:25:50] Bootstrap tree #134, logLikelihood: -503729.568289
[02:26:36] Bootstrap tree #135, logLikelihood: -496759.301462
[02:27:16] Bootstrap tree #136, logLikelihood: -497137.198585
[02:28:06] Bootstrap tree #137, logLikelihood: -499502.959823
[02:29:21] Bootstrap tree #138, logLikelihood: -506102.124321
[02:30:18] Bootstrap tree #139, logLikelihood: -499654.354959
[02:31:00] Bootstrap tree #140, logLikelihood: -502491.686706
[02:31:53] Bootstrap tree #141, logLikelihood: -500924.906196
[02:32:51] Bootstrap tree #142, logLikelihood: -502881.718796
[02:33:40] Bootstrap tree #143, logLikelihood: -497326.523672
[02:34:51] Bootstrap tree #144, logLikelihood: -503333.632464
[02:35:38] Bootstrap tree #145, logLikelihood: -502992.622201
[02:36:19] Bootstrap tree #146, logLikelihood: -502368.204996
[02:37:09] Bootstrap tree #147, logLikelihood: -494773.697209
[02:38:01] Bootstrap tree #148, logLikelihood: -500614.198060
[02:38:54] Bootstrap tree #149, logLikelihood: -498380.192216
[02:39:57] Bootstrap tree #150, logLikelihood: -494194.857336
[02:40:58] Bootstrap tree #151, logLikelihood: -497812.978574
[02:41:57] Bootstrap tree #152, logLikelihood: -501157.510496
[02:43:20] Bootstrap tree #153, logLikelihood: -502316.442227
[02:44:08] Bootstrap tree #154, logLikelihood: -503093.375388
[02:44:55] Bootstrap tree #155, logLikelihood: -501343.349090
[02:45:48] Bootstrap tree #156, logLikelihood: -498296.098752
[02:46:41] Bootstrap tree #157, logLikelihood: -499924.883747
[02:47:35] Bootstrap tree #158, logLikelihood: -505717.800097
[02:48:51] Bootstrap tree #159, logLikelihood: -497616.885175
[02:50:06] Bootstrap tree #160, logLikelihood: -503325.852111
[02:50:52] Bootstrap tree #161, logLikelihood: -501018.800610
[02:51:48] Bootstrap tree #162, logLikelihood: -502299.869451
[02:52:38] Bootstrap tree #163, logLikelihood: -499269.320545
[02:53:27] Bootstrap tree #164, logLikelihood: -503280.328000
[02:54:21] Bootstrap tree #165, logLikelihood: -497263.566919
[02:55:12] Bootstrap tree #166, logLikelihood: -500396.401714
[02:56:00] Bootstrap tree #167, logLikelihood: -499338.288825
[02:57:04] Bootstrap tree #168, logLikelihood: -505020.324792
[02:57:52] Bootstrap tree #169, logLikelihood: -490408.841433
[02:58:44] Bootstrap tree #170, logLikelihood: -501247.007359
[02:59:34] Bootstrap tree #171, logLikelihood: -501191.726825
[03:00:24] Bootstrap tree #172, logLikelihood: -502139.210947
[03:01:09] Bootstrap tree #173, logLikelihood: -501762.959297
[03:01:58] Bootstrap tree #174, logLikelihood: -499783.661460
[03:02:46] Bootstrap tree #175, logLikelihood: -501643.621612
[03:03:38] Bootstrap tree #176, logLikelihood: -502101.634709
[03:04:31] Bootstrap tree #177, logLikelihood: -502085.754942
[03:05:26] Bootstrap tree #178, logLikelihood: -500868.534831
[03:06:18] Bootstrap tree #179, logLikelihood: -502697.579916
[03:07:06] Bootstrap tree #180, logLikelihood: -502847.471739
[03:07:52] Bootstrap tree #181, logLikelihood: -496212.705592
[03:08:43] Bootstrap tree #182, logLikelihood: -497844.741211
[03:09:28] Bootstrap tree #183, logLikelihood: -503364.063060
[03:10:14] Bootstrap tree #184, logLikelihood: -503988.876508
[03:11:04] Bootstrap tree #185, logLikelihood: -498708.505651
[03:11:57] Bootstrap tree #186, logLikelihood: -501615.426506
[03:12:46] Bootstrap tree #187, logLikelihood: -497295.245998
[03:13:37] Bootstrap tree #188, logLikelihood: -498494.051385
[03:14:31] Bootstrap tree #189, logLikelihood: -500762.047414
[03:15:24] Bootstrap tree #190, logLikelihood: -495723.019096
[03:16:09] Bootstrap tree #191, logLikelihood: -495187.761431
[03:16:52] Bootstrap tree #192, logLikelihood: -500157.236889
[03:17:54] Bootstrap tree #193, logLikelihood: -504665.226521
[03:18:39] Bootstrap tree #194, logLikelihood: -503089.694440
[03:19:33] Bootstrap tree #195, logLikelihood: -505300.084497
[03:20:29] Bootstrap tree #196, logLikelihood: -502075.494181
[03:21:08] Bootstrap tree #197, logLikelihood: -494956.237448
[03:22:06] Bootstrap tree #198, logLikelihood: -504838.948205
[03:22:51] Bootstrap tree #199, logLikelihood: -500515.018644
[03:23:57] Bootstrap tree #200, logLikelihood: -504384.523608
[03:23:57] Bootstrapping converged after 200 replicates.

Optimized model parameters:

   Partition 0: noname
   Rate heterogeneity: GAMMA (4 cats, mean),  alpha: 2.803806 (ML),  weights&rates: (0.250000,0.373491) (0.250000,0.720052) (0.250000,1.081359) (0.250000,1.825098) 
   Base frequencies (ML): 0.289115 0.185541 0.220983 0.304360 
   Substitution rates (ML): 1.623362 4.324880 1.405255 1.405973 4.139361 1.000000 


Final LogLikelihood: -500777.288583

AIC score: 1001758.577166 / AICc score: 1001759.180526 / BIC score: 1002621.603662
Free parameters (model + branch lengths): 102

Best ML tree saved to: /home/gkettenburg/RAxML_tree/iflaviridae/T1.raxml.bestTree
All ML trees saved to: /home/gkettenburg/RAxML_tree/iflaviridae/T1.raxml.mlTrees
Best ML tree with Felsenstein bootstrap (FBP) support values saved to: /home/gkettenburg/RAxML_tree/iflaviridae/T1.raxml.supportFBP
Best ML tree with Transfer bootstrap (TBE) support values saved to: /home/gkettenburg/RAxML_tree/iflaviridae/T1.raxml.supportTBE
Optimized model saved to: /home/gkettenburg/RAxML_tree/iflaviridae/T1.raxml.bestModel
Bootstrap trees saved to: /home/gkettenburg/RAxML_tree/iflaviridae/T1.raxml.bootstraps

Execution log saved to: /home/gkettenburg/RAxML_tree/iflaviridae/T1.raxml.log

Analysis started: 12-Aug-2023 19:27:20 / finished: 12-Aug-2023 22:51:18

Elapsed time: 12237.944 seconds

Consumed energy: 419.196 Wh (= 2 km in an electric car, or 10 km with an e-scooter!)

