ERROR: Unable to locate a modulefile for 'emacs/25.1'
ERROR: Unable to locate a modulefile for 'python/3.6'
ERROR: Unable to locate a modulefile for 'java/1.8.0_121'
ERROR: Unable to locate a modulefile for 'cmake/3.15.1'

RAxML-NG v. 1.1.0-master released on 22.06.2022 by The Exelixis Lab.
Developed by: Alexey M. Kozlov and Alexandros Stamatakis.
Contributors: Diego Darriba, Tomas Flouri, Benoit Morel, Sarah Lutteropp, Ben Bettisworth.
Latest version: https://github.com/amkozlov/raxml-ng
Questions/problems/suggestions? Please visit: https://groups.google.com/forum/#!forum/raxml

System: Intel(R) Xeon(R) CPU E5-2680 v4 @ 2.40GHz, 28 cores, 62 GB RAM

RAxML-NG was called at 03-Aug-2024 20:18:37 as follows:

raxml-ng-mpi --bootstrap --msa sapelo_all_align.fasta --model GTR+G4 --prefix T3 --seed 2 --threads auto{8}

Analysis options:
  run mode: Bootstrapping
  start tree(s): 
  bootstrap replicates: max: 1000 + bootstopping (autoMRE, cutoff: 0.030000)
  random seed: 2
  tip-inner: OFF
  pattern compression: ON
  per-rate scalers: OFF
  site repeats: ON
  branch lengths: proportional (ML estimate, algorithm: NR-FAST)
  SIMD kernels: AVX2
  parallelization: coarse-grained (auto), PTHREADS (auto)

[00:00:01] Reading alignment from file: sapelo_all_align.fasta
[00:00:01] Loaded alignment with 60 taxa and 12973 sites

Alignment comprises 1 partitions and 7770 patterns

Partition 0: noname
Model: GTR+FO+G4m
Alignment sites / patterns: 12973 / 7770
Gaps: 40.92 %
Invariant sites: 34.89 %


NOTE: Binary MSA file created: T3.raxml.rba

Parallelization scheme autoconfig: 1 worker(s) x 8 thread(s)

Error calling pthread_setaffinity_np: 22
Error calling pthread_setaffinity_np: 22
Parallel reduction/worker buffer size: 1 KB  / 0 KB

[00:00:01] Data distribution: max. partitions/sites/weight per thread: 1 / 972 / 15552
[00:00:02] Data distribution: max. searches per worker: 1000
[00:00:02] Starting bootstrapping analysis with 1000 replicates.

[00:00:22] Bootstrap tree #1, logLikelihood: -197048.076110
[00:00:39] Bootstrap tree #2, logLikelihood: -196843.606513
[00:00:56] Bootstrap tree #3, logLikelihood: -196763.374227
[00:01:16] Bootstrap tree #4, logLikelihood: -198859.721249
[00:01:36] Bootstrap tree #5, logLikelihood: -196828.802881
[00:01:52] Bootstrap tree #6, logLikelihood: -198824.386625
[00:02:13] Bootstrap tree #7, logLikelihood: -196726.056845
[00:02:31] Bootstrap tree #8, logLikelihood: -198396.935209
[00:02:52] Bootstrap tree #9, logLikelihood: -199104.119639
[00:03:11] Bootstrap tree #10, logLikelihood: -195820.733097
[00:03:31] Bootstrap tree #11, logLikelihood: -195445.969263
[00:03:54] Bootstrap tree #12, logLikelihood: -196122.549228
[00:04:17] Bootstrap tree #13, logLikelihood: -193371.109740
[00:04:36] Bootstrap tree #14, logLikelihood: -196813.096072
[00:04:56] Bootstrap tree #15, logLikelihood: -198011.557892
[00:05:17] Bootstrap tree #16, logLikelihood: -197536.755589
[00:05:39] Bootstrap tree #17, logLikelihood: -198155.189150
[00:05:55] Bootstrap tree #18, logLikelihood: -197734.641901
[00:06:15] Bootstrap tree #19, logLikelihood: -196748.097942
[00:06:32] Bootstrap tree #20, logLikelihood: -197292.069110
[00:06:52] Bootstrap tree #21, logLikelihood: -194187.790596
[00:07:13] Bootstrap tree #22, logLikelihood: -200695.920793
[00:07:32] Bootstrap tree #23, logLikelihood: -199212.171525
[00:07:53] Bootstrap tree #24, logLikelihood: -196035.372727
[00:08:17] Bootstrap tree #25, logLikelihood: -197969.814037
[00:08:35] Bootstrap tree #26, logLikelihood: -197974.366382
[00:08:56] Bootstrap tree #27, logLikelihood: -194372.713217
[00:09:15] Bootstrap tree #28, logLikelihood: -197575.474666
[00:09:36] Bootstrap tree #29, logLikelihood: -196378.994363
[00:09:58] Bootstrap tree #30, logLikelihood: -199764.682137
[00:10:19] Bootstrap tree #31, logLikelihood: -196699.972818
[00:10:38] Bootstrap tree #32, logLikelihood: -193315.350414
[00:11:00] Bootstrap tree #33, logLikelihood: -198866.517563
[00:11:17] Bootstrap tree #34, logLikelihood: -195217.795586
[00:11:48] Bootstrap tree #35, logLikelihood: -198535.003612
[00:12:08] Bootstrap tree #36, logLikelihood: -193981.920725
[00:12:29] Bootstrap tree #37, logLikelihood: -198988.066501
[00:12:59] Bootstrap tree #38, logLikelihood: -196771.809019
[00:13:14] Bootstrap tree #39, logLikelihood: -193154.843941
[00:13:32] Bootstrap tree #40, logLikelihood: -199284.697714
[00:13:49] Bootstrap tree #41, logLikelihood: -195757.823309
[00:14:14] Bootstrap tree #42, logLikelihood: -196148.036808
[00:14:34] Bootstrap tree #43, logLikelihood: -199676.786383
[00:14:52] Bootstrap tree #44, logLikelihood: -198908.699221
[00:15:12] Bootstrap tree #45, logLikelihood: -197805.622217
[00:15:31] Bootstrap tree #46, logLikelihood: -199973.918697
[00:15:48] Bootstrap tree #47, logLikelihood: -197173.943135
[00:16:06] Bootstrap tree #48, logLikelihood: -200133.877520
[00:16:34] Bootstrap tree #49, logLikelihood: -197032.076650
[00:16:56] Bootstrap tree #50, logLikelihood: -197491.703704
[00:17:17] Bootstrap tree #51, logLikelihood: -195354.449125
[00:17:36] Bootstrap tree #52, logLikelihood: -196786.221657
[00:17:58] Bootstrap tree #53, logLikelihood: -196226.833046
[00:18:21] Bootstrap tree #54, logLikelihood: -196449.065985
[00:18:43] Bootstrap tree #55, logLikelihood: -197700.099635
[00:19:09] Bootstrap tree #56, logLikelihood: -199568.905594
[00:19:33] Bootstrap tree #57, logLikelihood: -196126.419475
[00:19:53] Bootstrap tree #58, logLikelihood: -195694.085756
[00:20:13] Bootstrap tree #59, logLikelihood: -195105.839442
[00:20:30] Bootstrap tree #60, logLikelihood: -195031.870484
[00:20:50] Bootstrap tree #61, logLikelihood: -194551.952472
[00:21:09] Bootstrap tree #62, logLikelihood: -196930.717340
[00:21:33] Bootstrap tree #63, logLikelihood: -196117.199965
[00:21:51] Bootstrap tree #64, logLikelihood: -196135.191490
[00:22:08] Bootstrap tree #65, logLikelihood: -197284.915655
[00:22:28] Bootstrap tree #66, logLikelihood: -198527.281343
[00:22:49] Bootstrap tree #67, logLikelihood: -196259.662440
[00:23:09] Bootstrap tree #68, logLikelihood: -198549.673093
[00:23:27] Bootstrap tree #69, logLikelihood: -196537.323372
[00:23:47] Bootstrap tree #70, logLikelihood: -193769.302658
[00:24:06] Bootstrap tree #71, logLikelihood: -196570.881158
[00:24:30] Bootstrap tree #72, logLikelihood: -197329.827251
[00:24:46] Bootstrap tree #73, logLikelihood: -195297.673151
[00:25:05] Bootstrap tree #74, logLikelihood: -198789.893253
[00:25:24] Bootstrap tree #75, logLikelihood: -194658.947066
[00:25:44] Bootstrap tree #76, logLikelihood: -199399.222791
[00:26:04] Bootstrap tree #77, logLikelihood: -196727.185159
[00:26:23] Bootstrap tree #78, logLikelihood: -194082.807599
[00:26:40] Bootstrap tree #79, logLikelihood: -198357.549715
[00:27:01] Bootstrap tree #80, logLikelihood: -198284.847420
[00:27:21] Bootstrap tree #81, logLikelihood: -196664.421802
[00:27:39] Bootstrap tree #82, logLikelihood: -197371.733842
[00:27:56] Bootstrap tree #83, logLikelihood: -194861.802294
[00:28:19] Bootstrap tree #84, logLikelihood: -196488.441405
[00:28:42] Bootstrap tree #85, logLikelihood: -195923.868713
[00:28:58] Bootstrap tree #86, logLikelihood: -198520.079373
[00:29:15] Bootstrap tree #87, logLikelihood: -198660.460703
[00:29:38] Bootstrap tree #88, logLikelihood: -196671.019973
[00:29:59] Bootstrap tree #89, logLikelihood: -195955.998841
[00:30:21] Bootstrap tree #90, logLikelihood: -195788.491722
[00:30:41] Bootstrap tree #91, logLikelihood: -197297.817873
[00:31:00] Bootstrap tree #92, logLikelihood: -195576.117700
[00:31:21] Bootstrap tree #93, logLikelihood: -194996.428289
[00:31:39] Bootstrap tree #94, logLikelihood: -198251.680139
[00:31:56] Bootstrap tree #95, logLikelihood: -195584.198657
[00:32:14] Bootstrap tree #96, logLikelihood: -197779.420042
[00:32:32] Bootstrap tree #97, logLikelihood: -200067.686277
[00:32:53] Bootstrap tree #98, logLikelihood: -195306.159969
[00:33:11] Bootstrap tree #99, logLikelihood: -197526.767373
[00:33:32] Bootstrap tree #100, logLikelihood: -197143.404689
[00:33:49] Bootstrap tree #101, logLikelihood: -198992.526344
[00:34:09] Bootstrap tree #102, logLikelihood: -198052.149587
[00:34:39] Bootstrap tree #103, logLikelihood: -198557.539825
[00:35:07] Bootstrap tree #104, logLikelihood: -194537.665398
[00:35:28] Bootstrap tree #105, logLikelihood: -195176.227448
[00:35:45] Bootstrap tree #106, logLikelihood: -194043.847275
[00:36:16] Bootstrap tree #107, logLikelihood: -201194.348463
[00:36:37] Bootstrap tree #108, logLikelihood: -199088.938834
[00:37:06] Bootstrap tree #109, logLikelihood: -195928.224778
[00:37:43] Bootstrap tree #110, logLikelihood: -198123.661832
[00:38:05] Bootstrap tree #111, logLikelihood: -202188.003463
[00:38:29] Bootstrap tree #112, logLikelihood: -196308.893073
[00:38:47] Bootstrap tree #113, logLikelihood: -197126.089552
[00:39:07] Bootstrap tree #114, logLikelihood: -197024.475516
[00:39:33] Bootstrap tree #115, logLikelihood: -198146.475960
[00:39:53] Bootstrap tree #116, logLikelihood: -196902.605579
[00:40:14] Bootstrap tree #117, logLikelihood: -197647.552043
[00:40:31] Bootstrap tree #118, logLikelihood: -196363.863527
[00:40:50] Bootstrap tree #119, logLikelihood: -197272.197570
[00:41:08] Bootstrap tree #120, logLikelihood: -196044.183693
[00:41:25] Bootstrap tree #121, logLikelihood: -197423.155875
[00:41:58] Bootstrap tree #122, logLikelihood: -196689.827616
[00:42:17] Bootstrap tree #123, logLikelihood: -194048.409361
[00:42:44] Bootstrap tree #124, logLikelihood: -196370.351282
[00:43:02] Bootstrap tree #125, logLikelihood: -194772.623607
[00:43:22] Bootstrap tree #126, logLikelihood: -199032.074136
[00:43:46] Bootstrap tree #127, logLikelihood: -198551.160029
[00:44:07] Bootstrap tree #128, logLikelihood: -199709.554695
[00:44:33] Bootstrap tree #129, logLikelihood: -197347.872001
[00:45:01] Bootstrap tree #130, logLikelihood: -196146.047992
[00:45:18] Bootstrap tree #131, logLikelihood: -199080.285906
[00:45:52] Bootstrap tree #132, logLikelihood: -197403.260424
[00:46:10] Bootstrap tree #133, logLikelihood: -194318.824054
[00:46:33] Bootstrap tree #134, logLikelihood: -197068.933983
[00:46:50] Bootstrap tree #135, logLikelihood: -196862.926599
[00:47:09] Bootstrap tree #136, logLikelihood: -199735.576766
[00:47:31] Bootstrap tree #137, logLikelihood: -194892.309098
[00:47:50] Bootstrap tree #138, logLikelihood: -196450.234403
[00:48:09] Bootstrap tree #139, logLikelihood: -193810.703544
[00:48:28] Bootstrap tree #140, logLikelihood: -194009.591278
[00:48:53] Bootstrap tree #141, logLikelihood: -195528.473697
[00:49:12] Bootstrap tree #142, logLikelihood: -198674.574132
[00:49:32] Bootstrap tree #143, logLikelihood: -198305.951937
[00:49:52] Bootstrap tree #144, logLikelihood: -196339.375897
[00:50:18] Bootstrap tree #145, logLikelihood: -194481.726499
[00:50:36] Bootstrap tree #146, logLikelihood: -200680.300140
[00:51:06] Bootstrap tree #147, logLikelihood: -199916.844552
[00:51:24] Bootstrap tree #148, logLikelihood: -200134.855455
[00:51:44] Bootstrap tree #149, logLikelihood: -196487.438890
[00:52:05] Bootstrap tree #150, logLikelihood: -195790.647588
[00:52:28] Bootstrap tree #151, logLikelihood: -198496.391070
[00:52:43] Bootstrap tree #152, logLikelihood: -195474.159359
[00:53:01] Bootstrap tree #153, logLikelihood: -202523.883084
[00:53:25] Bootstrap tree #154, logLikelihood: -198811.844955
[00:53:48] Bootstrap tree #155, logLikelihood: -199622.697350
[00:54:08] Bootstrap tree #156, logLikelihood: -198858.189780
[00:54:28] Bootstrap tree #157, logLikelihood: -197028.299771
[00:54:51] Bootstrap tree #158, logLikelihood: -196187.183243
[00:55:12] Bootstrap tree #159, logLikelihood: -199384.656597
[00:55:46] Bootstrap tree #160, logLikelihood: -198109.728434
[00:56:06] Bootstrap tree #161, logLikelihood: -197559.246547
[00:56:27] Bootstrap tree #162, logLikelihood: -200291.634991
[00:56:47] Bootstrap tree #163, logLikelihood: -198725.651178
[00:57:05] Bootstrap tree #164, logLikelihood: -195073.914646
[00:57:21] Bootstrap tree #165, logLikelihood: -197738.234311
[00:57:40] Bootstrap tree #166, logLikelihood: -197695.539373
[00:57:59] Bootstrap tree #167, logLikelihood: -195035.360589
[00:58:28] Bootstrap tree #168, logLikelihood: -197532.292247
[00:58:47] Bootstrap tree #169, logLikelihood: -196397.753924
[00:59:07] Bootstrap tree #170, logLikelihood: -196100.841059
[00:59:39] Bootstrap tree #171, logLikelihood: -193939.072358
[01:00:04] Bootstrap tree #172, logLikelihood: -196522.375887
[01:00:22] Bootstrap tree #173, logLikelihood: -198981.974871
[01:00:44] Bootstrap tree #174, logLikelihood: -198239.437110
[01:01:06] Bootstrap tree #175, logLikelihood: -197317.912528
[01:01:25] Bootstrap tree #176, logLikelihood: -197764.150772
[01:01:48] Bootstrap tree #177, logLikelihood: -197175.341676
[01:02:07] Bootstrap tree #178, logLikelihood: -194849.815253
[01:02:28] Bootstrap tree #179, logLikelihood: -200456.754682
[01:02:47] Bootstrap tree #180, logLikelihood: -195848.897320
[01:03:14] Bootstrap tree #181, logLikelihood: -198632.527902
[01:03:42] Bootstrap tree #182, logLikelihood: -197170.302268
[01:04:02] Bootstrap tree #183, logLikelihood: -197172.061152
[01:04:24] Bootstrap tree #184, logLikelihood: -197944.860472
[01:04:45] Bootstrap tree #185, logLikelihood: -196650.439872
[01:05:06] Bootstrap tree #186, logLikelihood: -198243.797893
[01:05:24] Bootstrap tree #187, logLikelihood: -197004.992971
[01:05:46] Bootstrap tree #188, logLikelihood: -195474.321649
[01:06:05] Bootstrap tree #189, logLikelihood: -199977.187603
[01:06:19] Bootstrap tree #190, logLikelihood: -195621.072520
[01:06:36] Bootstrap tree #191, logLikelihood: -196340.587095
[01:06:58] Bootstrap tree #192, logLikelihood: -196128.248629
[01:07:15] Bootstrap tree #193, logLikelihood: -196530.574217
[01:07:41] Bootstrap tree #194, logLikelihood: -196207.871490
[01:08:01] Bootstrap tree #195, logLikelihood: -197307.570899
[01:08:21] Bootstrap tree #196, logLikelihood: -199468.583461
[01:08:41] Bootstrap tree #197, logLikelihood: -193987.651153
[01:09:00] Bootstrap tree #198, logLikelihood: -196516.552955
[01:09:21] Bootstrap tree #199, logLikelihood: -195905.678907
[01:09:39] Bootstrap tree #200, logLikelihood: -198008.491892
[01:10:01] Bootstrap tree #201, logLikelihood: -196586.194395
[01:10:32] Bootstrap tree #202, logLikelihood: -197380.938683
[01:10:50] Bootstrap tree #203, logLikelihood: -194633.588354
[01:11:09] Bootstrap tree #204, logLikelihood: -195854.198449
[01:11:29] Bootstrap tree #205, logLikelihood: -199725.083542
[01:11:51] Bootstrap tree #206, logLikelihood: -197280.142775
[01:12:11] Bootstrap tree #207, logLikelihood: -195749.628835
[01:12:28] Bootstrap tree #208, logLikelihood: -197330.062085
[01:12:47] Bootstrap tree #209, logLikelihood: -198556.126807
[01:13:03] Bootstrap tree #210, logLikelihood: -196945.790224
[01:13:25] Bootstrap tree #211, logLikelihood: -199044.080554
[01:13:44] Bootstrap tree #212, logLikelihood: -200297.057620
[01:14:00] Bootstrap tree #213, logLikelihood: -198125.156673
[01:14:19] Bootstrap tree #214, logLikelihood: -198447.093530
[01:14:41] Bootstrap tree #215, logLikelihood: -194528.607450
[01:15:01] Bootstrap tree #216, logLikelihood: -199577.111514
[01:15:20] Bootstrap tree #217, logLikelihood: -196634.490498
[01:15:42] Bootstrap tree #218, logLikelihood: -198412.669694
[01:16:07] Bootstrap tree #219, logLikelihood: -196813.292525
[01:16:25] Bootstrap tree #220, logLikelihood: -198749.179857
[01:16:49] Bootstrap tree #221, logLikelihood: -196593.154581
[01:17:15] Bootstrap tree #222, logLikelihood: -199160.787983
[01:17:34] Bootstrap tree #223, logLikelihood: -196525.600554
[01:17:53] Bootstrap tree #224, logLikelihood: -195412.452883
[01:18:14] Bootstrap tree #225, logLikelihood: -198633.868431
[01:18:30] Bootstrap tree #226, logLikelihood: -196390.277628
[01:18:47] Bootstrap tree #227, logLikelihood: -197515.834561
[01:19:08] Bootstrap tree #228, logLikelihood: -195373.597954
[01:19:25] Bootstrap tree #229, logLikelihood: -199546.452866
[01:19:46] Bootstrap tree #230, logLikelihood: -195929.915210
[01:20:09] Bootstrap tree #231, logLikelihood: -199188.596464
[01:20:33] Bootstrap tree #232, logLikelihood: -199161.170910
[01:20:51] Bootstrap tree #233, logLikelihood: -195980.577283
[01:21:10] Bootstrap tree #234, logLikelihood: -195974.735063
[01:21:30] Bootstrap tree #235, logLikelihood: -197231.441182
[01:21:49] Bootstrap tree #236, logLikelihood: -196521.364805
[01:22:09] Bootstrap tree #237, logLikelihood: -194953.938081
[01:22:31] Bootstrap tree #238, logLikelihood: -195510.933453
[01:22:50] Bootstrap tree #239, logLikelihood: -196544.215442
[01:23:11] Bootstrap tree #240, logLikelihood: -193953.047729
[01:23:28] Bootstrap tree #241, logLikelihood: -198388.322400
[01:23:49] Bootstrap tree #242, logLikelihood: -196078.104899
[01:24:10] Bootstrap tree #243, logLikelihood: -199105.384181
[01:24:30] Bootstrap tree #244, logLikelihood: -196773.049461
[01:24:47] Bootstrap tree #245, logLikelihood: -195978.285172
[01:25:03] Bootstrap tree #246, logLikelihood: -197319.642744
[01:25:23] Bootstrap tree #247, logLikelihood: -193344.077770
[01:25:40] Bootstrap tree #248, logLikelihood: -199540.894003
[01:26:00] Bootstrap tree #249, logLikelihood: -194976.290304
[01:26:18] Bootstrap tree #250, logLikelihood: -194597.223021
[01:26:18] Bootstrapping converged after 250 replicates.

Bootstrap trees saved to: /home/gkettenburg/RAxML_tree/sapelo_tree/T3.raxml.bootstraps

Execution log saved to: /home/gkettenburg/RAxML_tree/sapelo_tree/T3.raxml.log

Analysis started: 03-Aug-2024 20:18:37 / finished: 03-Aug-2024 21:44:56

Elapsed time: 5178.894 seconds

Consumed energy: 198.327 Wh

