
RAxML-NG v. 1.1.0-master released on 22.06.2022 by The Exelixis Lab.
Developed by: Alexey M. Kozlov and Alexandros Stamatakis.
Contributors: Diego Darriba, Tomas Flouri, Benoit Morel, Sarah Lutteropp, Ben Bettisworth.
Latest version: https://github.com/amkozlov/raxml-ng
Questions/problems/suggestions? Please visit: https://groups.google.com/forum/#!forum/raxml

System: Intel(R) Xeon(R) CPU E5-2680 v4 @ 2.40GHz, 28 cores, 251 GB RAM

RAxML-NG was called at 04-Aug-2024 18:11:45 as follows:

raxml-ng-mpi --support --tree T2.raxml.bestTree --bs-trees T3.raxml.bootstraps --prefix T1 --threads 2 --bs-metric fbp,tbe

Analysis options:
  run mode: Compute bipartition support (Felsenstein Bootstrap + Transfer Bootstrap)
  start tree(s): user
  random seed: 1722813106
  SIMD kernels: AVX2
  parallelization: coarse-grained (auto), PTHREADS (2 threads), thread pinning: ON

Reading reference tree from file: T2.raxml.bestTree
Reference tree size: 60

Reading bootstrap trees from file: T3.raxml.bootstraps
Loaded 250 trees with 60 taxa.

Best ML tree with Felsenstein bootstrap (FBP) support values saved to: /home/gkettenburg/RAxML_tree/sapelo_tree/T1.raxml.supportFBP
Best ML tree with Transfer bootstrap (TBE) support values saved to: /home/gkettenburg/RAxML_tree/sapelo_tree/T1.raxml.supportTBE

Execution log saved to: /home/gkettenburg/RAxML_tree/sapelo_tree/T1.raxml.log

Analysis started: 04-Aug-2024 18:11:45 / finished: 04-Aug-2024 18:11:46

Elapsed time: 1.505 seconds

