
RAxML-NG v. 1.1.0-master released on 22.06.2022 by The Exelixis Lab.
Developed by: Alexey M. Kozlov and Alexandros Stamatakis.
Contributors: Diego Darriba, Tomas Flouri, Benoit Morel, Sarah Lutteropp, Ben Bettisworth.
Latest version: https://github.com/amkozlov/raxml-ng
Questions/problems/suggestions? Please visit: https://groups.google.com/forum/#!forum/raxml

System: Intel(R) Xeon(R) CPU E5-2680 v4 @ 2.40GHz, 28 cores, 251 GB RAM

RAxML-NG was called at 06-Jun-2024 16:24:23 as follows:

raxml-ng-mpi --bsconverge --bs-trees allbootstraps --prefix T11 --seed 2 --threads 1 --bs-cutoff 0.03

Analysis options:
  run mode: A posteriori bootstrap convergence test
  start tree(s): 
  random seed: 2
  SIMD kernels: AVX2
  parallelization: coarse-grained (auto), NONE/sequential

Reading bootstrap trees from file: allbootstraps
Loaded 410 trees with 225 taxa.

Performing bootstrap convergence assessment using autoMRE criterion

 # trees        avg WRF       avg WRF in %       # perms: wrf <= 3.00 %     converged?  
      50        462.106              4.163                          126        NO
     100        705.504              3.178                          386        NO
     150        913.251              2.742                          712        NO
     200       1134.167              2.554                          671        NO
     250       1231.296              2.219                          822        NO
     300       1397.260              2.098                          926        NO
     350       1473.782              1.897                          942        NO
     400       1843.228              2.076                          975        NO
     410       1737.982              1.909                          994        YES
Bootstopping test converged after 410 trees


Execution log saved to: /home/gkettenburg/RAxML_tree/picorna_right_tree/T11.raxml.log

Analysis started: 06-Jun-2024 16:24:23 / finished: 06-Jun-2024 16:24:32

Elapsed time: 8.311 seconds

Consumed energy: 0.253 Wh

