ERROR: Unable to locate a modulefile for 'emacs/25.1'
ERROR: Unable to locate a modulefile for 'python/3.6'
ERROR: Unable to locate a modulefile for 'java/1.8.0_121'
ERROR: Unable to locate a modulefile for 'cmake/3.15.1'

RAxML-NG v. 1.1.0-master released on 22.06.2022 by The Exelixis Lab.
Developed by: Alexey M. Kozlov and Alexandros Stamatakis.
Contributors: Diego Darriba, Tomas Flouri, Benoit Morel, Sarah Lutteropp, Ben Bettisworth.
Latest version: https://github.com/amkozlov/raxml-ng
Questions/problems/suggestions? Please visit: https://groups.google.com/forum/#!forum/raxml

System: Intel(R) Xeon(R) CPU E5-2680 v4 @ 2.40GHz, 28 cores, 62 GB RAM

RAxML-NG was called at 06-Sep-2023 10:43:07 as follows:

raxml-ng-mpi --msa bat_picornavirales_all_over3kb_align.fasta --model GTR+G4 --prefix T2 --seed 1 --threads auto{9}

Analysis options:
  run mode: ML tree search
  start tree(s): random (10) + parsimony (10)
  random seed: 1
  tip-inner: OFF
  pattern compression: ON
  per-rate scalers: OFF
  site repeats: ON
  fast spr radius: AUTO
  spr subtree cutoff: 1.000000
  branch lengths: proportional (ML estimate, algorithm: NR-FAST)
  SIMD kernels: AVX2
  parallelization: coarse-grained (auto), PTHREADS (auto)

WARNING: The model you specified on the command line (GTR+G4) will be ignored 
         since the binary MSA file already contains a model definition.
         If you want to change the model, please re-run RAxML-NG 
         with the original PHYLIP/FASTA alignment and --redo option.

[00:00:00] Loading binary alignment from file: T2.raxml.rba
[00:00:00] Alignment comprises 248 taxa, 1 partitions and 17956 patterns

Partition 0: noname
Model: GTR+FO+G4m
Alignment sites / patterns: 38373 / 17956
Gaps: 83.00 %
Invariant sites: 54.48 %


Parallelization scheme autoconfig: 1 worker(s) x 9 thread(s)

Error calling pthread_setaffinity_np: 22
Error calling pthread_setaffinity_np: 22
Error calling pthread_setaffinity_np: 22
Error calling pthread_setaffinity_np: 22
Error calling pthread_setaffinity_np: 22
Error calling pthread_setaffinity_np: 22
Error calling pthread_setaffinity_np: 22
Error calling pthread_setaffinity_np: 22
Error calling pthread_setaffinity_np: 22
Parallel reduction/worker buffer size: 1 KB  / 0 KB

[00:00:00] NOTE: Resuming execution from checkpoint (logLH: -852785.76, ML trees: 0, bootstraps: 0)
[00:00:00] Data distribution: max. partitions/sites/weight per thread: 1 / 1996 / 31936
[00:00:00] Data distribution: max. searches per worker: 20

Starting ML tree search with 20 distinct starting trees

[00:00:00 -852785.760150] SPR radius for FAST iterations: 25 (autodetect)
[00:00:00 -852785.760150] SLOW spr round 3 (radius: 5)
[00:00:30 -852785.741340] SLOW spr round 4 (radius: 10)
[00:01:09 -852785.741182] SLOW spr round 5 (radius: 15)
[00:02:59 -852785.741177] SLOW spr round 6 (radius: 20)
[00:04:46 -852785.741176] SLOW spr round 7 (radius: 25)
[00:05:56 -852785.741176] Model parameter optimization (eps = 0.100000)

[00:05:58] ML tree search #1, logLikelihood: -852785.367538

[00:05:58 -1960560.867520] Initial branch length optimization
[00:06:00 -1622716.977220] Model parameter optimization (eps = 10.000000)
[00:06:18 -1589752.656938] AUTODETECT spr round 1 (radius: 5)
[00:06:30 -1315133.920493] AUTODETECT spr round 2 (radius: 10)
[00:06:51 -1031969.845033] AUTODETECT spr round 3 (radius: 15)
[00:07:18 -954646.630263] AUTODETECT spr round 4 (radius: 20)
[00:07:49 -946563.665991] AUTODETECT spr round 5 (radius: 25)
[00:08:21 -946560.192385] SPR radius for FAST iterations: 25 (autodetect)
[00:08:21 -946560.192385] Model parameter optimization (eps = 3.000000)
[00:08:30 -940992.997253] FAST spr round 1 (radius: 25)
[00:08:55 -854260.584887] FAST spr round 2 (radius: 25)
[00:09:16 -853263.274569] FAST spr round 3 (radius: 25)
[00:09:32 -853129.015355] FAST spr round 4 (radius: 25)
[00:09:44 -853125.487372] FAST spr round 5 (radius: 25)
[00:09:55 -853124.270965] FAST spr round 6 (radius: 25)
[00:10:05 -853123.487087] FAST spr round 7 (radius: 25)
[00:10:15 -853123.136778] FAST spr round 8 (radius: 25)
[00:10:25 -853122.941500] FAST spr round 9 (radius: 25)
[00:10:35 -853122.941497] Model parameter optimization (eps = 1.000000)
[00:10:40 -852885.322604] SLOW spr round 1 (radius: 5)
[00:11:15 -852807.667786] SLOW spr round 2 (radius: 5)
[00:11:44 -852805.517139] SLOW spr round 3 (radius: 5)
[00:12:12 -852805.516961] SLOW spr round 4 (radius: 10)
[00:12:51 -852797.851209] SLOW spr round 5 (radius: 5)
[00:13:43 -852792.282324] SLOW spr round 6 (radius: 5)
[00:14:22 -852792.281497] SLOW spr round 7 (radius: 10)
[00:15:07 -852792.281496] SLOW spr round 8 (radius: 15)
[00:16:46 -852792.281496] SLOW spr round 9 (radius: 20)
[00:18:29 -852792.281496] SLOW spr round 10 (radius: 25)
[00:19:37 -852792.281496] Model parameter optimization (eps = 0.100000)

[00:19:39] ML tree search #2, logLikelihood: -852792.106974

[00:19:39 -1934010.879761] Initial branch length optimization
[00:19:41 -1626832.622793] Model parameter optimization (eps = 10.000000)
[00:19:57 -1594988.195843] AUTODETECT spr round 1 (radius: 5)
[00:20:10 -1302544.173841] AUTODETECT spr round 2 (radius: 10)
[00:20:31 -1054790.323899] AUTODETECT spr round 3 (radius: 15)
[00:21:02 -930556.770159] AUTODETECT spr round 4 (radius: 20)
[00:21:34 -907860.137561] AUTODETECT spr round 5 (radius: 25)
[00:22:09 -907857.717828] SPR radius for FAST iterations: 25 (autodetect)
[00:22:09 -907857.717828] Model parameter optimization (eps = 3.000000)
[00:22:18 -903596.647112] FAST spr round 1 (radius: 25)
[00:22:41 -853623.214643] FAST spr round 2 (radius: 25)
[00:22:59 -853197.450219] FAST spr round 3 (radius: 25)
[00:23:13 -853155.919459] FAST spr round 4 (radius: 25)
[00:23:25 -853147.413719] FAST spr round 5 (radius: 25)
[00:23:36 -853147.413717] Model parameter optimization (eps = 1.000000)
[00:23:43 -852966.376419] SLOW spr round 1 (radius: 5)
[00:24:16 -852793.335654] SLOW spr round 2 (radius: 5)
[00:24:45 -852793.014891] SLOW spr round 3 (radius: 5)
[00:25:13 -852793.014588] SLOW spr round 4 (radius: 10)
[00:25:50 -852793.014575] SLOW spr round 5 (radius: 15)
[00:27:40 -852793.014573] SLOW spr round 6 (radius: 20)
[00:29:21 -852793.014573] SLOW spr round 7 (radius: 25)
[00:30:26 -852793.014573] Model parameter optimization (eps = 0.100000)

[00:30:28] ML tree search #3, logLikelihood: -852792.900197

[00:30:28 -1968850.432091] Initial branch length optimization
[00:30:30 -1619762.316484] Model parameter optimization (eps = 10.000000)
[00:30:50 -1585544.827627] AUTODETECT spr round 1 (radius: 5)
[00:31:03 -1290147.360180] AUTODETECT spr round 2 (radius: 10)
[00:31:21 -1098715.689170] AUTODETECT spr round 3 (radius: 15)
[00:31:47 -945779.258605] AUTODETECT spr round 4 (radius: 20)
[00:32:22 -912734.014457] AUTODETECT spr round 5 (radius: 25)
[00:32:55 -911674.765458] SPR radius for FAST iterations: 25 (autodetect)
[00:32:55 -911674.765458] Model parameter optimization (eps = 3.000000)
[00:33:05 -905666.567721] FAST spr round 1 (radius: 25)
[00:33:28 -855625.594189] FAST spr round 2 (radius: 25)
[00:33:47 -853315.295471] FAST spr round 3 (radius: 25)
[00:34:01 -853197.181152] FAST spr round 4 (radius: 25)
[00:34:12 -853189.258486] FAST spr round 5 (radius: 25)
[00:34:23 -853148.599702] FAST spr round 6 (radius: 25)
[00:34:34 -853147.145932] FAST spr round 7 (radius: 25)
[00:34:44 -853146.753234] FAST spr round 8 (radius: 25)
[00:34:54 -853146.528760] FAST spr round 9 (radius: 25)
[00:35:05 -853146.528758] Model parameter optimization (eps = 1.000000)
[00:35:08 -852960.196576] SLOW spr round 1 (radius: 5)
[00:35:41 -852802.580209] SLOW spr round 2 (radius: 5)
[34:07:51 -852785.741340] SLOW spr round 4 (radius: 10)
[00:36:13 -852787.589344] SLOW spr round 3 (radius: 5)
[00:36:41 -852787.588717] SLOW spr round 4 (radius: 10)
[00:37:18 -852787.588681] SLOW spr round 5 (radius: 15)
[00:38:58 -852787.588678] SLOW spr round 6 (radius: 20)
[00:40:40 -852787.588677] SLOW spr round 7 (radius: 25)
[00:41:49 -852787.588676] Model parameter optimization (eps = 0.100000)

[00:41:51] ML tree search #4, logLikelihood: -852787.343661

[00:41:51 -1973372.688136] Initial branch length optimization
[00:41:52 -1625876.106770] Model parameter optimization (eps = 10.000000)
[00:42:14 -1592306.217042] AUTODETECT spr round 1 (radius: 5)
[00:42:26 -1349104.817712] AUTODETECT spr round 2 (radius: 10)
[00:42:47 -1058026.671587] AUTODETECT spr round 3 (radius: 15)
[00:43:13 -934088.768544] AUTODETECT spr round 4 (radius: 20)
[00:43:41 -921256.616170] AUTODETECT spr round 5 (radius: 25)
[00:44:07 -920001.500228] SPR radius for FAST iterations: 25 (autodetect)
[00:44:07 -920001.500228] Model parameter optimization (eps = 3.000000)
[00:44:15 -914045.704532] FAST spr round 1 (radius: 25)
[00:44:45 -855980.570310] FAST spr round 2 (radius: 25)
[00:45:07 -853238.457203] FAST spr round 3 (radius: 25)
[00:45:23 -853122.598777] FAST spr round 4 (radius: 25)
[00:45:35 -853106.606001] FAST spr round 5 (radius: 25)
[00:45:46 -853105.781300] FAST spr round 6 (radius: 25)
[00:45:56 -853105.160123] FAST spr round 7 (radius: 25)
[00:46:07 -853104.746369] FAST spr round 8 (radius: 25)
[00:46:17 -853104.746346] Model parameter optimization (eps = 1.000000)
[00:46:22 -852870.869151] SLOW spr round 1 (radius: 5)
[00:46:56 -852791.932178] SLOW spr round 2 (radius: 5)
[00:47:24 -852791.931890] SLOW spr round 3 (radius: 10)
[00:48:02 -852791.931876] SLOW spr round 4 (radius: 15)
[00:49:43 -852791.931875] SLOW spr round 5 (radius: 20)
[00:51:25 -852791.931874] SLOW spr round 6 (radius: 25)
[00:52:32 -852791.931873] Model parameter optimization (eps = 0.100000)

[00:52:34] ML tree search #5, logLikelihood: -852791.772839

[00:52:34 -1958912.998982] Initial branch length optimization
[00:52:36 -1627405.710118] Model parameter optimization (eps = 10.000000)
[00:52:54 -1595169.328070] AUTODETECT spr round 1 (radius: 5)
[00:53:06 -1315010.563060] AUTODETECT spr round 2 (radius: 10)
[00:53:27 -1070013.671641] AUTODETECT spr round 3 (radius: 15)
[00:53:57 -933855.050051] AUTODETECT spr round 4 (radius: 20)
[00:54:38 -920936.089900] AUTODETECT spr round 5 (radius: 25)
[00:55:11 -920555.007646] SPR radius for FAST iterations: 25 (autodetect)
[00:55:11 -920555.007646] Model parameter optimization (eps = 3.000000)
[00:55:18 -916005.083958] FAST spr round 1 (radius: 25)
[00:55:42 -855714.128770] FAST spr round 2 (radius: 25)
[00:56:02 -853376.004451] FAST spr round 3 (radius: 25)
[00:56:15 -853280.183065] FAST spr round 4 (radius: 25)
[00:56:27 -853241.821716] FAST spr round 5 (radius: 25)
[00:56:38 -853241.781557] Model parameter optimization (eps = 1.000000)
[00:56:44 -853010.296319] SLOW spr round 1 (radius: 5)
[00:57:19 -852799.428851] SLOW spr round 2 (radius: 5)
[00:57:50 -852783.072906] SLOW spr round 3 (radius: 5)
[00:58:19 -852783.072857] SLOW spr round 4 (radius: 10)
[00:58:57 -852783.072854] SLOW spr round 5 (radius: 15)
[01:00:40 -852783.072853] SLOW spr round 6 (radius: 20)
[01:02:24 -852783.072852] SLOW spr round 7 (radius: 25)
[01:03:34 -852783.072851] Model parameter optimization (eps = 0.100000)

[01:03:35] ML tree search #6, logLikelihood: -852783.031431

[01:03:35 -1953413.496735] Initial branch length optimization
[01:03:37 -1614531.535449] Model parameter optimization (eps = 10.000000)
[01:03:59 -1580974.562968] AUTODETECT spr round 1 (radius: 5)
[01:04:11 -1316161.009087] AUTODETECT spr round 2 (radius: 10)
[01:04:31 -1068931.142538] AUTODETECT spr round 3 (radius: 15)
[01:04:59 -933137.373122] AUTODETECT spr round 4 (radius: 20)
[01:05:32 -927838.470620] AUTODETECT spr round 5 (radius: 25)
[01:06:02 -927832.374368] SPR radius for FAST iterations: 25 (autodetect)
[01:06:02 -927832.374368] Model parameter optimization (eps = 3.000000)
[01:06:09 -922552.274649] FAST spr round 1 (radius: 25)
[01:06:33 -858478.246882] FAST spr round 2 (radius: 25)
[01:06:55 -853931.852090] FAST spr round 3 (radius: 25)
[01:07:11 -853296.390452] FAST spr round 4 (radius: 25)
[01:07:24 -853149.597434] FAST spr round 5 (radius: 25)
[01:07:35 -853108.409304] FAST spr round 6 (radius: 25)
[01:07:45 -853103.639657] FAST spr round 7 (radius: 25)
[01:07:56 -853100.958656] FAST spr round 8 (radius: 25)
[01:08:06 -853100.727359] FAST spr round 9 (radius: 25)
[01:08:16 -853100.727353] Model parameter optimization (eps = 1.000000)
[01:08:20 -852862.801148] SLOW spr round 1 (radius: 5)
[01:08:52 -852783.167662] SLOW spr round 2 (radius: 5)
[01:09:22 -852783.166415] SLOW spr round 3 (radius: 10)
[01:09:59 -852783.166338] SLOW spr round 4 (radius: 15)
[01:11:41 -852783.166330] SLOW spr round 5 (radius: 20)
[01:13:23 -852783.166329] SLOW spr round 6 (radius: 25)
[01:14:32 -852783.166329] Model parameter optimization (eps = 0.100000)

[01:14:34] ML tree search #7, logLikelihood: -852783.036280

[01:14:34 -1958907.113146] Initial branch length optimization
[01:14:36 -1622747.379888] Model parameter optimization (eps = 10.000000)
[01:14:51 -1590454.232940] AUTODETECT spr round 1 (radius: 5)
[01:15:03 -1345643.248185] AUTODETECT spr round 2 (radius: 10)
[01:15:23 -1103171.540105] AUTODETECT spr round 3 (radius: 15)
[01:15:51 -977010.597804] AUTODETECT spr round 4 (radius: 20)
[01:16:27 -962926.641444] AUTODETECT spr round 5 (radius: 25)
[01:16:56 -962922.483570] SPR radius for FAST iterations: 25 (autodetect)
[01:16:56 -962922.483570] Model parameter optimization (eps = 3.000000)
[01:17:04 -958531.473960] FAST spr round 1 (radius: 25)
[01:17:33 -857482.185719] FAST spr round 2 (radius: 25)
[01:17:55 -853671.500025] FAST spr round 3 (radius: 25)
[01:18:12 -853420.258281] FAST spr round 4 (radius: 25)
[01:18:25 -853365.083369] FAST spr round 5 (radius: 25)
[01:18:36 -853357.721098] FAST spr round 6 (radius: 25)
[01:18:48 -853333.308584] FAST spr round 7 (radius: 25)
[01:18:59 -853332.061363] FAST spr round 8 (radius: 25)
[01:19:09 -853331.003814] FAST spr round 9 (radius: 25)
[01:19:20 -853327.540512] FAST spr round 10 (radius: 25)
[01:19:30 -853325.480171] FAST spr round 11 (radius: 25)
[01:19:40 -853325.047523] FAST spr round 12 (radius: 25)
[01:19:51 -853325.047493] Model parameter optimization (eps = 1.000000)
[01:19:55 -852901.033679] SLOW spr round 1 (radius: 5)
[01:20:28 -852815.301776] SLOW spr round 2 (radius: 5)
[01:20:56 -852815.300450] SLOW spr round 3 (radius: 10)
[01:21:36 -852815.300386] SLOW spr round 4 (radius: 15)
[01:23:22 -852815.300384] SLOW spr round 5 (radius: 20)
[01:25:06 -852815.300383] SLOW spr round 6 (radius: 25)
[01:26:13 -852815.300382] Model parameter optimization (eps = 0.100000)

[01:26:14] ML tree search #8, logLikelihood: -852815.233372

[01:26:14 -1957105.332716] Initial branch length optimization
[01:26:15 -1632113.486513] Model parameter optimization (eps = 10.000000)
[01:26:35 -1598656.147234] AUTODETECT spr round 1 (radius: 5)
[01:26:47 -1357498.579824] AUTODETECT spr round 2 (radius: 10)
[01:27:07 -1076042.736701] AUTODETECT spr round 3 (radius: 15)
[01:27:37 -915573.488490] AUTODETECT spr round 4 (radius: 20)
[01:28:07 -909643.493369] AUTODETECT spr round 5 (radius: 25)
[01:28:39 -909304.853597] SPR radius for FAST iterations: 25 (autodetect)
[01:28:39 -909304.853597] Model parameter optimization (eps = 3.000000)
[01:28:48 -904366.569095] FAST spr round 1 (radius: 25)
[01:29:19 -855469.886987] FAST spr round 2 (radius: 25)
[01:29:41 -853256.755540] FAST spr round 3 (radius: 25)
[01:29:56 -853176.446480] FAST spr round 4 (radius: 25)
[01:30:10 -853147.397922] FAST spr round 5 (radius: 25)
[01:30:23 -853126.381448] FAST spr round 6 (radius: 25)
[01:30:35 -853115.420843] FAST spr round 7 (radius: 25)
[01:30:46 -853106.445719] FAST spr round 8 (radius: 25)
[01:30:57 -853104.583747] FAST spr round 9 (radius: 25)
[01:31:08 -853103.697700] FAST spr round 10 (radius: 25)
[01:31:19 -853103.029930] FAST spr round 11 (radius: 25)
[01:31:29 -853102.565562] FAST spr round 12 (radius: 25)
[01:31:39 -853102.358601] FAST spr round 13 (radius: 25)
[01:31:49 -853102.358600] Model parameter optimization (eps = 1.000000)
[01:31:52 -852966.379321] SLOW spr round 1 (radius: 5)
[01:32:25 -852798.816150] SLOW spr round 2 (radius: 5)
[01:32:55 -852798.816124] SLOW spr round 3 (radius: 10)
[01:33:34 -852791.148328] SLOW spr round 4 (radius: 5)
[01:34:28 -852787.361105] SLOW spr round 5 (radius: 5)
[01:35:09 -852784.563396] SLOW spr round 6 (radius: 5)
[01:35:43 -852784.562423] SLOW spr round 7 (radius: 10)
[01:36:23 -852784.562419] SLOW spr round 8 (radius: 15)
[01:38:02 -852784.562418] SLOW spr round 9 (radius: 20)
[01:39:44 -852784.562417] SLOW spr round 10 (radius: 25)
[01:40:52 -852784.562417] Model parameter optimization (eps = 0.100000)

[01:40:54] ML tree search #9, logLikelihood: -852784.269059

[01:40:54 -1964558.639363] Initial branch length optimization
[01:40:56 -1621375.773296] Model parameter optimization (eps = 10.000000)
[01:41:14 -1587886.868466] AUTODETECT spr round 1 (radius: 5)
[01:41:26 -1303816.424318] AUTODETECT spr round 2 (radius: 10)
[01:41:46 -1029912.959201] AUTODETECT spr round 3 (radius: 15)
[01:42:12 -926314.361213] AUTODETECT spr round 4 (radius: 20)
[01:42:40 -921311.008965] AUTODETECT spr round 5 (radius: 25)
[01:43:11 -921062.175636] SPR radius for FAST iterations: 25 (autodetect)
[01:43:11 -921062.175636] Model parameter optimization (eps = 3.000000)
[01:43:19 -915649.053812] FAST spr round 1 (radius: 25)
[01:43:49 -854309.033927] FAST spr round 2 (radius: 25)
[01:44:12 -853142.508351] FAST spr round 3 (radius: 25)
[01:44:25 -853114.262370] FAST spr round 4 (radius: 25)
[01:44:37 -853105.337141] FAST spr round 5 (radius: 25)
[01:44:48 -853090.885915] FAST spr round 6 (radius: 25)
[01:44:59 -853089.558800] FAST spr round 7 (radius: 25)
[01:45:09 -853087.609644] FAST spr round 8 (radius: 25)
[01:45:20 -853080.506270] FAST spr round 9 (radius: 25)
[01:45:31 -853076.713180] FAST spr round 10 (radius: 25)
[01:45:42 -853075.562968] FAST spr round 11 (radius: 25)
[01:45:52 -853074.679980] FAST spr round 12 (radius: 25)
[01:46:02 -853074.331688] FAST spr round 13 (radius: 25)
[01:46:12 -853074.331664] Model parameter optimization (eps = 1.000000)
[01:46:17 -852889.000136] SLOW spr round 1 (radius: 5)
[01:46:48 -852780.949096] SLOW spr round 2 (radius: 5)
[01:47:17 -852780.943938] SLOW spr round 3 (radius: 10)
[01:47:55 -852780.943617] SLOW spr round 4 (radius: 15)
[01:49:35 -852780.943596] SLOW spr round 5 (radius: 20)
[01:51:19 -852780.943594] SLOW spr round 6 (radius: 25)
[01:52:29 -852780.943593] Model parameter optimization (eps = 0.100000)

[01:52:30] ML tree search #10, logLikelihood: -852780.879124

[01:52:30 -1035909.307528] Initial branch length optimization
[01:52:31 -875147.917829] Model parameter optimization (eps = 10.000000)
[01:52:37 -854180.385200] AUTODETECT spr round 1 (radius: 5)
[01:52:47 -853034.314643] AUTODETECT spr round 2 (radius: 10)
[01:53:06 -853020.068486] AUTODETECT spr round 3 (radius: 15)
[01:53:38 -853020.060805] SPR radius for FAST iterations: 10 (autodetect)
[01:53:39 -853020.060805] Model parameter optimization (eps = 3.000000)
[01:53:40 -853019.543917] FAST spr round 1 (radius: 10)
[01:53:56 -852893.414928] FAST spr round 2 (radius: 10)
[01:54:07 -852858.345749] FAST spr round 3 (radius: 10)
[01:54:18 -852857.955993] FAST spr round 4 (radius: 10)
[01:54:28 -852857.955974] Model parameter optimization (eps = 1.000000)
[01:54:29 -852857.827740] SLOW spr round 1 (radius: 5)
[01:55:05 -852794.320637] SLOW spr round 2 (radius: 5)
[01:55:34 -852794.319876] SLOW spr round 3 (radius: 10)
[01:56:11 -852790.955391] SLOW spr round 4 (radius: 5)
[01:57:01 -852790.947672] SLOW spr round 5 (radius: 10)
[01:57:54 -852790.947237] SLOW spr round 6 (radius: 15)
[01:59:25 -852790.947220] SLOW spr round 7 (radius: 20)
[02:01:12 -852790.947219] SLOW spr round 8 (radius: 25)
[02:02:21 -852790.947219] Model parameter optimization (eps = 0.100000)

[02:02:21] ML tree search #11, logLikelihood: -852790.901093

[02:02:21 -1035690.961772] Initial branch length optimization
[02:02:23 -874915.792350] Model parameter optimization (eps = 10.000000)
[02:02:29 -853878.911195] AUTODETECT spr round 1 (radius: 5)
[02:02:39 -853245.629097] AUTODETECT spr round 2 (radius: 10)
[02:03:00 -853035.715089] AUTODETECT spr round 3 (radius: 15)
[02:03:33 -853035.673585] SPR radius for FAST iterations: 10 (autodetect)
[02:03:33 -853035.673585] Model parameter optimization (eps = 3.000000)
[02:03:35 -853034.901893] FAST spr round 1 (radius: 10)
[02:03:51 -852863.250470] FAST spr round 2 (radius: 10)
[02:04:03 -852862.862956] FAST spr round 3 (radius: 10)
[02:04:14 -852862.648351] FAST spr round 4 (radius: 10)
[02:04:25 -852862.514055] FAST spr round 5 (radius: 10)
[02:04:35 -852862.513153] Model parameter optimization (eps = 1.000000)
[02:04:36 -852862.406849] SLOW spr round 1 (radius: 5)
[02:05:10 -852799.547157] SLOW spr round 2 (radius: 5)
[02:05:40 -852785.905605] SLOW spr round 3 (radius: 5)
[02:06:08 -852785.905240] SLOW spr round 4 (radius: 10)
[02:06:46 -852784.378800] SLOW spr round 5 (radius: 5)
[02:07:37 -852784.375664] SLOW spr round 6 (radius: 10)
[02:08:30 -852784.375527] SLOW spr round 7 (radius: 15)
[02:10:02 -852784.375519] SLOW spr round 8 (radius: 20)
[02:11:48 -852784.375518] SLOW spr round 9 (radius: 25)
[02:12:57 -852784.375518] Model parameter optimization (eps = 0.100000)

[02:12:58] ML tree search #12, logLikelihood: -852784.314285

[02:12:58 -1035360.074555] Initial branch length optimization
[02:13:00 -874663.835996] Model parameter optimization (eps = 10.000000)
[02:13:05 -853603.693895] AUTODETECT spr round 1 (radius: 5)
[02:13:14 -853007.730629] AUTODETECT spr round 2 (radius: 10)
[02:13:34 -852991.187660] AUTODETECT spr round 3 (radius: 15)
[02:14:05 -852991.187179] SPR radius for FAST iterations: 10 (autodetect)
[02:14:05 -852991.187179] Model parameter optimization (eps = 3.000000)
[02:14:06 -852991.080050] FAST spr round 1 (radius: 10)
[02:14:20 -852933.690149] FAST spr round 2 (radius: 10)
[02:14:32 -852917.081341] FAST spr round 3 (radius: 10)
[02:14:43 -852902.372986] FAST spr round 4 (radius: 10)
[02:14:53 -852901.942871] FAST spr round 5 (radius: 10)
[02:15:03 -852901.942853] Model parameter optimization (eps = 1.000000)
[02:15:04 -852901.878812] SLOW spr round 1 (radius: 5)
[02:15:37 -852825.270869] SLOW spr round 2 (radius: 5)
[02:16:06 -852812.682771] SLOW spr round 3 (radius: 5)
[02:16:34 -852812.682547] SLOW spr round 4 (radius: 10)
[02:17:12 -852812.682536] SLOW spr round 5 (radius: 15)
[02:18:59 -852812.682535] SLOW spr round 6 (radius: 20)
[02:20:43 -852812.682535] SLOW spr round 7 (radius: 25)
[02:21:51 -852812.682535] Model parameter optimization (eps = 0.100000)

[02:21:52] ML tree search #13, logLikelihood: -852812.524064

[02:21:53 -1035093.784663] Initial branch length optimization
[02:21:53 -874590.670065] Model parameter optimization (eps = 10.000000)
[02:21:59 -853590.216726] AUTODETECT spr round 1 (radius: 5)
[02:22:08 -853007.464627] AUTODETECT spr round 2 (radius: 10)
[02:22:27 -852982.223721] AUTODETECT spr round 3 (radius: 15)
[02:22:58 -852982.218361] SPR radius for FAST iterations: 10 (autodetect)
[02:22:58 -852982.218361] Model parameter optimization (eps = 3.000000)
[02:22:59 -852981.799341] FAST spr round 1 (radius: 10)
[02:23:13 -852860.025578] FAST spr round 2 (radius: 10)
[02:23:25 -852847.065001] FAST spr round 3 (radius: 10)
[02:23:35 -852846.869205] FAST spr round 4 (radius: 10)
[02:23:45 -852846.869204] Model parameter optimization (eps = 1.000000)
[02:23:46 -852846.753818] SLOW spr round 1 (radius: 5)
[02:24:20 -852799.983969] SLOW spr round 2 (radius: 5)
[02:24:49 -852797.165783] SLOW spr round 3 (radius: 5)
[02:25:18 -852797.165528] SLOW spr round 4 (radius: 10)
[02:25:55 -852797.165515] SLOW spr round 5 (radius: 15)
[02:27:41 -852797.165513] SLOW spr round 6 (radius: 20)
slurmstepd-midway2-0190: error: *** JOB 29975785 ON midway2-0190 CANCELLED AT 2023-09-06T13:11:41 DUE TO TIME LIMIT ***
[02:29:26 -852797.165513] SLOW spr round 7 (radius: 25)
[02:30:33 -852797.165512] Model parameter optimization (eps = 0.100000)

[02:30:34] ML tree search #14, logLikelihood: -852797.123202

[02:30:34 -1035074.355490] Initial branch length optimization
[02:30:35 -874513.634239] Model parameter optimization (eps = 10.000000)
[02:30:41 -853460.948017] AUTODETECT spr round 1 (radius: 5)
[02:30:50 -852929.108334] AUTODETECT spr round 2 (radius: 10)
[02:31:09 -852929.075232] SPR radius for FAST iterations: 5 (autodetect)
[02:31:09 -852929.075232] Model parameter optimization (eps = 3.000000)
[02:31:10 -852928.789531] FAST spr round 1 (radius: 5)
[02:31:21 -852884.517609] FAST spr round 2 (radius: 5)
[02:31:31 -852871.084114] FAST spr round 3 (radius: 5)
[02:31:41 -852869.059276] FAST spr round 4 (radius: 5)
[02:31:51 -852866.676150] FAST spr round 5 (radius: 5)
[02:32:00 -852865.665488] FAST spr round 6 (radius: 5)
[02:32:09 -852865.256840] FAST spr round 7 (radius: 5)
[02:32:18 -852865.031018] FAST spr round 8 (radius: 5)
[02:32:27 -852865.031017] Model parameter optimization (eps = 1.000000)
[02:32:28 -852865.007009] SLOW spr round 1 (radius: 5)
[02:33:00 -852794.049728] SLOW spr round 2 (radius: 5)
[02:33:29 -852794.048118] SLOW spr round 3 (radius: 10)
[02:34:07 -852790.721357] SLOW spr round 4 (radius: 5)
[02:34:58 -852790.713728] SLOW spr round 5 (radius: 10)
[02:35:52 -852790.713303] SLOW spr round 6 (radius: 15)
[02:37:24 -852790.713287] SLOW spr round 7 (radius: 20)
[02:39:13 -852790.713286] SLOW spr round 8 (radius: 25)
[02:40:21 -852790.713286] Model parameter optimization (eps = 0.100000)

[02:40:22] ML tree search #15, logLikelihood: -852790.651146

[02:40:22 -1035442.142056] Initial branch length optimization
[02:40:24 -874739.566835] Model parameter optimization (eps = 10.000000)
[02:40:29 -853785.375358] AUTODETECT spr round 1 (radius: 5)
[02:40:39 -853247.285346] AUTODETECT spr round 2 (radius: 10)
[02:41:00 -852933.650635] AUTODETECT spr round 3 (radius: 15)
[02:41:34 -852933.598288] SPR radius for FAST iterations: 10 (autodetect)
[02:41:34 -852933.598288] Model parameter optimization (eps = 3.000000)
[02:41:35 -852932.750437] FAST spr round 1 (radius: 10)
[02:41:50 -852878.641178] FAST spr round 2 (radius: 10)
[02:42:02 -852878.479732] FAST spr round 3 (radius: 10)
[02:42:12 -852878.477803] Model parameter optimization (eps = 1.000000)
[02:42:13 -852878.360002] SLOW spr round 1 (radius: 5)
[02:42:48 -852800.866349] SLOW spr round 2 (radius: 5)
[02:43:18 -852787.174387] SLOW spr round 3 (radius: 5)
[02:43:46 -852787.173933] SLOW spr round 4 (radius: 10)
[02:44:25 -852787.173917] SLOW spr round 5 (radius: 15)
[02:46:16 -852787.173915] SLOW spr round 6 (radius: 20)
[02:47:59 -852787.173915] SLOW spr round 7 (radius: 25)
[02:49:03 -852787.173914] Model parameter optimization (eps = 0.100000)

[02:49:03] ML tree search #16, logLikelihood: -852787.135520

[02:49:03 -1035164.733717] Initial branch length optimization
[02:49:04 -875160.213449] Model parameter optimization (eps = 10.000000)
[02:49:10 -854264.752234] AUTODETECT spr round 1 (radius: 5)
[02:49:19 -853322.145486] AUTODETECT spr round 2 (radius: 10)
[02:49:39 -853014.543654] AUTODETECT spr round 3 (radius: 15)
[02:50:11 -853014.516508] SPR radius for FAST iterations: 10 (autodetect)
[02:50:11 -853014.516508] Model parameter optimization (eps = 3.000000)
[02:50:12 -853013.916639] FAST spr round 1 (radius: 10)
[02:50:26 -852901.158725] FAST spr round 2 (radius: 10)
[02:50:38 -852888.220064] FAST spr round 3 (radius: 10)
[02:50:49 -852888.017948] FAST spr round 4 (radius: 10)
[02:50:59 -852888.017947] Model parameter optimization (eps = 1.000000)
[02:51:00 -852887.720093] SLOW spr round 1 (radius: 5)
[02:51:34 -852807.002713] SLOW spr round 2 (radius: 5)
[02:52:04 -852806.998751] SLOW spr round 3 (radius: 10)
[02:52:42 -852806.998504] SLOW spr round 4 (radius: 15)
[02:54:31 -852806.998489] SLOW spr round 5 (radius: 20)
[02:56:14 -852806.998488] SLOW spr round 6 (radius: 25)
[02:57:18 -852806.998488] Model parameter optimization (eps = 0.100000)

[02:57:19] ML tree search #17, logLikelihood: -852806.903046

[02:57:19 -1040731.131275] Initial branch length optimization
[02:57:20 -876795.959322] Model parameter optimization (eps = 10.000000)
[02:57:26 -855792.583527] AUTODETECT spr round 1 (radius: 5)
[02:57:35 -854540.726125] AUTODETECT spr round 2 (radius: 10)
[02:57:54 -853574.948530] AUTODETECT spr round 3 (radius: 15)
[02:58:26 -853574.917976] SPR radius for FAST iterations: 10 (autodetect)
[02:58:26 -853574.917976] Model parameter optimization (eps = 3.000000)
[02:58:27 -853574.424337] FAST spr round 1 (radius: 10)
[02:58:46 -852919.596973] FAST spr round 2 (radius: 10)
[02:58:58 -852888.560358] FAST spr round 3 (radius: 10)
[02:59:09 -852876.258373] FAST spr round 4 (radius: 10)
[02:59:19 -852872.515184] FAST spr round 5 (radius: 10)
[02:59:29 -852871.486356] FAST spr round 6 (radius: 10)
[02:59:39 -852871.486335] Model parameter optimization (eps = 1.000000)
[02:59:39 -852871.356064] SLOW spr round 1 (radius: 5)
[03:00:12 -852798.694817] SLOW spr round 2 (radius: 5)
[03:00:40 -852798.694629] SLOW spr round 3 (radius: 10)
[03:01:17 -852798.694626] SLOW spr round 4 (radius: 15)
[03:03:05 -852798.694625] SLOW spr round 5 (radius: 20)
[03:04:49 -852798.694624] SLOW spr round 6 (radius: 25)
[03:05:56 -852798.694624] Model parameter optimization (eps = 0.100000)

[03:05:57] ML tree search #18, logLikelihood: -852798.607700

[03:05:57 -1035054.356136] Initial branch length optimization
[03:05:58 -874984.924492] Model parameter optimization (eps = 10.000000)
[03:06:04 -853984.931088] AUTODETECT spr round 1 (radius: 5)
[03:06:13 -853230.139419] AUTODETECT spr round 2 (radius: 10)
[03:06:34 -852887.356853] AUTODETECT spr round 3 (radius: 15)
[03:07:08 -852887.342018] SPR radius for FAST iterations: 10 (autodetect)
[03:07:08 -852887.342018] Model parameter optimization (eps = 3.000000)
[03:07:09 -852886.776404] FAST spr round 1 (radius: 10)
[03:07:21 -852832.476653] FAST spr round 2 (radius: 10)
[03:07:33 -852822.294010] FAST spr round 3 (radius: 10)
[03:07:43 -852822.294009] Model parameter optimization (eps = 1.000000)
[03:07:44 -852822.219611] SLOW spr round 1 (radius: 5)
[03:08:16 -852794.795960] SLOW spr round 2 (radius: 5)
[03:08:45 -852793.546440] SLOW spr round 3 (radius: 5)
[03:09:13 -852793.265654] SLOW spr round 4 (radius: 5)
[03:09:41 -852793.265357] SLOW spr round 5 (radius: 10)
[03:10:18 -852793.265349] SLOW spr round 6 (radius: 15)
[03:12:04 -852793.265348] SLOW spr round 7 (radius: 20)
[03:13:48 -852793.265348] SLOW spr round 8 (radius: 25)
[03:14:58 -852793.265348] Model parameter optimization (eps = 0.100000)

[03:14:58] ML tree search #19, logLikelihood: -852793.251670

[03:14:58 -1035233.050222] Initial branch length optimization
[03:15:00 -874801.153446] Model parameter optimization (eps = 10.000000)
[03:15:06 -853730.835085] AUTODETECT spr round 1 (radius: 5)
[03:15:15 -852980.523103] AUTODETECT spr round 2 (radius: 10)
[03:15:37 -852966.894003] AUTODETECT spr round 3 (radius: 15)
[03:16:13 -852966.891907] SPR radius for FAST iterations: 10 (autodetect)
[03:16:13 -852966.891907] Model parameter optimization (eps = 3.000000)
[03:16:14 -852966.659696] FAST spr round 1 (radius: 10)
[03:16:28 -852930.656322] FAST spr round 2 (radius: 10)
[03:16:41 -852919.743963] FAST spr round 3 (radius: 10)
[03:16:52 -852912.436055] FAST spr round 4 (radius: 10)
[03:17:03 -852909.541950] FAST spr round 5 (radius: 10)
[03:17:13 -852906.869854] FAST spr round 6 (radius: 10)
[03:17:23 -852906.405109] FAST spr round 7 (radius: 10)
[03:17:33 -852906.197147] FAST spr round 8 (radius: 10)
[03:17:43 -852906.197146] Model parameter optimization (eps = 1.000000)
[03:17:44 -852906.173389] SLOW spr round 1 (radius: 5)
[03:18:17 -852805.477031] SLOW spr round 2 (radius: 5)
[03:18:46 -852802.055067] SLOW spr round 3 (radius: 5)
[03:19:16 -852791.053907] SLOW spr round 4 (radius: 5)
[03:19:44 -852789.961012] SLOW spr round 5 (radius: 5)
[03:20:13 -852789.960688] SLOW spr round 6 (radius: 10)
[03:20:51 -852789.960673] SLOW spr round 7 (radius: 15)
[03:22:42 -852789.960673] SLOW spr round 8 (radius: 20)
[03:24:26 -852789.960673] SLOW spr round 9 (radius: 25)
[03:25:30 -852789.960673] Model parameter optimization (eps = 0.100000)

[03:25:31] ML tree search #20, logLikelihood: -852789.881598


Optimized model parameters:

   Partition 0: noname
   Rate heterogeneity: GAMMA (4 cats, mean),  alpha: 1.863754 (ML),  weights&rates: (0.250000,0.276450) (0.250000,0.639697) (0.250000,1.066174) (0.250000,2.017680) 
   Base frequencies (ML): 0.257719 0.230322 0.230292 0.281668 
   Substitution rates (ML): 1.893418 3.940954 1.604443 1.249811 4.571023 1.000000 


Final LogLikelihood: -852780.879124

AIC score: 1706565.758248 / AICc score: 1706579.093659 / BIC score: 1710860.423150
Free parameters (model + branch lengths): 502

WARNING: Best ML tree contains 5 near-zero branches!

Best ML tree with collapsed near-zero branches saved to: /home/gkettenburg/bat_picorna_all_raxml/over3kb/T2.raxml.bestTreeCollapsed
Best ML tree saved to: /home/gkettenburg/bat_picorna_all_raxml/over3kb/T2.raxml.bestTree
All ML trees saved to: /home/gkettenburg/bat_picorna_all_raxml/over3kb/T2.raxml.mlTrees
Optimized model saved to: /home/gkettenburg/bat_picorna_all_raxml/over3kb/T2.raxml.bestModel

Execution log saved to: /home/gkettenburg/bat_picorna_all_raxml/over3kb/T2.raxml.log

Analysis started: 06-Sep-2023 10:43:07 / finished: 06-Sep-2023 14:08:38

Elapsed time: 12331.328 seconds (this run) / 115458.956 seconds (total with restarts)

Consumed energy: 2797.643 Wh (= 14 km in an electric car, or 70 km with an e-scooter!)

