
RAxML-NG v. 1.1.0-master released on 22.06.2022 by The Exelixis Lab.
Developed by: Alexey M. Kozlov and Alexandros Stamatakis.
Contributors: Diego Darriba, Tomas Flouri, Benoit Morel, Sarah Lutteropp, Ben Bettisworth.
Latest version: https://github.com/amkozlov/raxml-ng
Questions/problems/suggestions? Please visit: https://groups.google.com/forum/#!forum/raxml

System: Intel(R) Xeon(R) CPU E5-2680 v4 @ 2.40GHz, 28 cores, 251 GB RAM

RAxML-NG was called at 06-Sep-2023 23:11:22 as follows:

raxml-ng-mpi --bsconverge --bs-trees allbootstraps2 --prefix T100 --seed 2 --threads 2 --bs-cutoff 0.03

Analysis options:
  run mode: A posteriori bootstrap convergence test
  start tree(s): 
  random seed: 2
  SIMD kernels: AVX2
  parallelization: coarse-grained (auto), PTHREADS (2 threads), thread pinning: ON

Reading bootstrap trees from file: allbootstraps2
Loaded 933 trees with 248 taxa.

Performing bootstrap convergence assessment using autoMRE criterion

 # trees        avg WRF       avg WRF in %       # perms: wrf <= 3.00 %     converged?  
      50        451.376              3.685                           71        NO
     100        686.330              2.802                          714        NO
     150        939.858              2.559                          909        NO
     200       1175.680              2.401                          979        NO
     250       1474.650              2.408                          976        NO
     300       1520.825              2.070                          997        YES
Bootstopping test converged after 300 trees


Execution log saved to: /home/gkettenburg/bat_picorna_all_raxml/over3kb/T100.raxml.log

Analysis started: 06-Sep-2023 23:11:22 / finished: 06-Sep-2023 23:11:32

Elapsed time: 10.407 seconds

Consumed energy: 0.309 Wh

