ERROR: Unable to locate a modulefile for 'emacs/25.1'
ERROR: Unable to locate a modulefile for 'python/3.6'
ERROR: Unable to locate a modulefile for 'java/1.8.0_121'
ERROR: Unable to locate a modulefile for 'cmake/3.15.1'

RAxML-NG v. 1.1.0-master released on 22.06.2022 by The Exelixis Lab.
Developed by: Alexey M. Kozlov and Alexandros Stamatakis.
Contributors: Diego Darriba, Tomas Flouri, Benoit Morel, Sarah Lutteropp, Ben Bettisworth.
Latest version: https://github.com/amkozlov/raxml-ng
Questions/problems/suggestions? Please visit: https://groups.google.com/forum/#!forum/raxml

System: Intel(R) Xeon(R) CPU E5-2680 v4 @ 2.40GHz, 28 cores, 62 GB RAM

RAxML-NG was called at 02-Jun-2024 20:50:59 as follows:

raxml-ng-mpi --msa picornaviridae_refseq_all_align_center.fasta --model GTR+G4 --prefix T2 --seed 1 --threads auto{10}

Analysis options:
  run mode: ML tree search
  start tree(s): random (10) + parsimony (10)
  random seed: 1
  tip-inner: OFF
  pattern compression: ON
  per-rate scalers: OFF
  site repeats: ON
  fast spr radius: AUTO
  spr subtree cutoff: 1.000000
  branch lengths: proportional (ML estimate, algorithm: NR-FAST)
  SIMD kernels: AVX2
  parallelization: coarse-grained (auto), PTHREADS (auto)

[00:00:00] Reading alignment from file: picornaviridae_refseq_all_align_center.fasta
[00:00:00] Loaded alignment with 222 taxa and 33549 sites

Alignment comprises 1 partitions and 27751 patterns

Partition 0: noname
Model: GTR+FO+G4m
Alignment sites / patterns: 33549 / 27751
Gaps: 77.00 %
Invariant sites: 19.77 %


NOTE: Binary MSA file created: T2.raxml.rba

Parallelization scheme autoconfig: 1 worker(s) x 10 thread(s)

Parallel reduction/worker buffer size: 1 KB  / 0 KB

[00:00:00] Generating 10 random starting tree(s) with 222 taxa
[00:00:00] Generating 10 parsimony starting tree(s) with 222 taxa
[00:00:03] Data distribution: max. partitions/sites/weight per thread: 1 / 2776 / 44416
[00:00:03] Data distribution: max. searches per worker: 20

Starting ML tree search with 20 distinct starting trees

[00:00:03 -2256088.581231] Initial branch length optimization
[00:00:05 -2056349.461616] Model parameter optimization (eps = 10.000000)
[00:00:26 -2034452.304433] AUTODETECT spr round 1 (radius: 5)
[00:00:41 -1893491.286384] AUTODETECT spr round 2 (radius: 10)
[00:01:07 -1726344.047631] AUTODETECT spr round 3 (radius: 15)
[00:01:36 -1707038.267930] AUTODETECT spr round 4 (radius: 20)
[00:02:14 -1705761.110346] AUTODETECT spr round 5 (radius: 25)
[00:02:49 -1705761.076626] SPR radius for FAST iterations: 20 (autodetect)
[00:02:49 -1705761.076626] Model parameter optimization (eps = 3.000000)
[00:03:00 -1703224.300068] FAST spr round 1 (radius: 20)
[00:04:03 -1671240.583066] FAST spr round 2 (radius: 20)
[00:04:50 -1669977.572576] FAST spr round 3 (radius: 20)
[00:05:25 -1669888.364306] FAST spr round 4 (radius: 20)
[00:05:54 -1669865.603645] FAST spr round 5 (radius: 20)
[00:06:21 -1669847.812823] FAST spr round 6 (radius: 20)
[00:06:48 -1669831.772163] FAST spr round 7 (radius: 20)
[00:07:13 -1669813.232114] FAST spr round 8 (radius: 20)
[00:07:38 -1669802.370602] FAST spr round 9 (radius: 20)
[00:08:02 -1669795.616898] FAST spr round 10 (radius: 20)
[00:08:26 -1669789.974538] FAST spr round 11 (radius: 20)
[00:08:50 -1669784.605623] FAST spr round 12 (radius: 20)
[00:09:14 -1669780.731990] FAST spr round 13 (radius: 20)
[00:09:39 -1669778.944234] FAST spr round 14 (radius: 20)
[00:10:03 -1669777.927165] FAST spr round 15 (radius: 20)
[00:10:27 -1669777.889947] Model parameter optimization (eps = 1.000000)
[00:10:32 -1669724.098887] SLOW spr round 1 (radius: 5)
[00:11:41 -1669645.040937] SLOW spr round 2 (radius: 5)
[00:12:40 -1669637.960191] SLOW spr round 3 (radius: 5)
[00:13:37 -1669636.243867] SLOW spr round 4 (radius: 5)
[00:14:34 -1669635.888301] SLOW spr round 5 (radius: 5)
[00:15:30 -1669635.887386] SLOW spr round 6 (radius: 10)
[00:16:36 -1669635.887362] SLOW spr round 7 (radius: 15)
[00:19:53 -1669635.887361] SLOW spr round 8 (radius: 20)
[00:23:11 -1669635.887361] SLOW spr round 9 (radius: 25)
[00:24:42 -1669635.887361] Model parameter optimization (eps = 0.100000)

[00:24:43] ML tree search #1, logLikelihood: -1669635.809635

[00:24:43 -2257530.503675] Initial branch length optimization
[00:24:45 -2062409.413869] Model parameter optimization (eps = 10.000000)
[00:25:09 -2040424.481910] AUTODETECT spr round 1 (radius: 5)
[00:25:25 -1863019.339760] AUTODETECT spr round 2 (radius: 10)
[00:25:48 -1720879.873614] AUTODETECT spr round 3 (radius: 15)
[00:26:16 -1700375.329026] AUTODETECT spr round 4 (radius: 20)
[00:26:54 -1699310.597113] AUTODETECT spr round 5 (radius: 25)
[00:27:33 -1699310.587538] SPR radius for FAST iterations: 20 (autodetect)
[00:27:33 -1699310.587538] Model parameter optimization (eps = 3.000000)
[00:27:43 -1696523.540354] FAST spr round 1 (radius: 20)
[00:28:51 -1670905.740180] FAST spr round 2 (radius: 20)
[00:29:38 -1670027.031801] FAST spr round 3 (radius: 20)
[00:30:10 -1669979.839492] FAST spr round 4 (radius: 20)
[00:30:39 -1669966.262503] FAST spr round 5 (radius: 20)
[00:31:06 -1669946.913057] FAST spr round 6 (radius: 20)
[00:31:31 -1669938.880453] FAST spr round 7 (radius: 20)
[00:31:58 -1669934.688847] FAST spr round 8 (radius: 20)
[00:32:22 -1669932.753023] FAST spr round 9 (radius: 20)
[00:32:47 -1669931.401544] FAST spr round 10 (radius: 20)
[00:33:11 -1669913.259395] FAST spr round 11 (radius: 20)
[00:33:36 -1669893.710789] FAST spr round 12 (radius: 20)
[00:34:01 -1669887.269072] FAST spr round 13 (radius: 20)
[00:34:25 -1669877.805560] FAST spr round 14 (radius: 20)
[00:34:49 -1669855.835220] FAST spr round 15 (radius: 20)
[00:35:13 -1669852.641756] FAST spr round 16 (radius: 20)
[00:35:37 -1669851.155394] FAST spr round 17 (radius: 20)
[00:36:01 -1669828.967471] FAST spr round 18 (radius: 20)
[00:36:25 -1669828.966638] Model parameter optimization (eps = 1.000000)
[00:36:29 -1669778.090734] SLOW spr round 1 (radius: 5)
[00:37:37 -1669666.857303] SLOW spr round 2 (radius: 5)
[00:38:35 -1669658.911967] SLOW spr round 3 (radius: 5)
[00:39:31 -1669652.230899] SLOW spr round 4 (radius: 5)
[00:40:26 -1669649.261415] SLOW spr round 5 (radius: 5)
[00:41:21 -1669646.372961] SLOW spr round 6 (radius: 5)
[00:42:16 -1669634.586051] SLOW spr round 7 (radius: 5)
[00:43:12 -1669634.463147] SLOW spr round 8 (radius: 5)
[00:44:08 -1669634.459933] SLOW spr round 9 (radius: 10)
[00:45:12 -1669634.459732] SLOW spr round 10 (radius: 15)
[00:48:21 -1669634.459721] SLOW spr round 11 (radius: 20)
[00:51:41 -1669634.459720] SLOW spr round 12 (radius: 25)
[00:53:14 -1669634.459720] Model parameter optimization (eps = 0.100000)

[00:53:16] ML tree search #2, logLikelihood: -1669634.049684

[00:53:16 -2258731.834814] Initial branch length optimization
[00:53:18 -2063849.936357] Model parameter optimization (eps = 10.000000)
[00:53:38 -2042654.605584] AUTODETECT spr round 1 (radius: 5)
[00:53:53 -1866761.268049] AUTODETECT spr round 2 (radius: 10)
[00:54:18 -1745412.410890] AUTODETECT spr round 3 (radius: 15)
[00:54:47 -1717716.354585] AUTODETECT spr round 4 (radius: 20)
[00:55:27 -1716330.260766] AUTODETECT spr round 5 (radius: 25)
[00:56:06 -1716330.218014] SPR radius for FAST iterations: 20 (autodetect)
[00:56:06 -1716330.218014] Model parameter optimization (eps = 3.000000)
[00:56:17 -1714279.107146] FAST spr round 1 (radius: 20)
[00:57:17 -1671570.186876] FAST spr round 2 (radius: 20)
[00:58:01 -1670005.204166] FAST spr round 3 (radius: 20)
[00:58:34 -1669918.649643] FAST spr round 4 (radius: 20)
[00:59:02 -1669891.134627] FAST spr round 5 (radius: 20)
[00:59:29 -1669872.802041] FAST spr round 6 (radius: 20)
[00:59:54 -1669853.370246] FAST spr round 7 (radius: 20)
[01:00:19 -1669842.665515] FAST spr round 8 (radius: 20)
[01:00:45 -1669832.047577] FAST spr round 9 (radius: 20)
[01:01:10 -1669824.746516] FAST spr round 10 (radius: 20)
[01:01:35 -1669818.146146] FAST spr round 11 (radius: 20)
[01:02:01 -1669811.634424] FAST spr round 12 (radius: 20)
[01:02:25 -1669809.542492] FAST spr round 13 (radius: 20)
[01:02:49 -1669808.054899] FAST spr round 14 (radius: 20)
[01:03:13 -1669807.509021] FAST spr round 15 (radius: 20)
[01:03:37 -1669807.508832] Model parameter optimization (eps = 1.000000)
[01:03:44 -1669751.301412] SLOW spr round 1 (radius: 5)
[01:04:48 -1669690.463933] SLOW spr round 2 (radius: 5)
[01:05:44 -1669685.017682] SLOW spr round 3 (radius: 5)
[01:06:41 -1669667.837947] SLOW spr round 4 (radius: 5)
[01:07:35 -1669661.489290] SLOW spr round 5 (radius: 5)
[01:08:30 -1669658.650134] SLOW spr round 6 (radius: 5)
[01:09:24 -1669657.991123] SLOW spr round 7 (radius: 5)
[01:10:18 -1669657.987161] SLOW spr round 8 (radius: 10)
[01:11:21 -1669657.987025] SLOW spr round 9 (radius: 15)
[01:14:27 -1669657.987019] SLOW spr round 10 (radius: 20)
[01:17:41 -1669657.987019] SLOW spr round 11 (radius: 25)
[01:19:17 -1669657.987019] Model parameter optimization (eps = 0.100000)

[01:19:20] ML tree search #3, logLikelihood: -1669657.796868

[01:19:20 -2264740.680166] Initial branch length optimization
[01:19:22 -2063213.590195] Model parameter optimization (eps = 10.000000)
[01:19:43 -2041815.480026] AUTODETECT spr round 1 (radius: 5)
[01:19:58 -1872760.776869] AUTODETECT spr round 2 (radius: 10)
[01:20:23 -1737737.166977] AUTODETECT spr round 3 (radius: 15)
[01:21:02 -1704793.332925] AUTODETECT spr round 4 (radius: 20)
[01:21:47 -1703991.688074] AUTODETECT spr round 5 (radius: 25)
[01:22:23 -1703991.656885] SPR radius for FAST iterations: 20 (autodetect)
[01:22:23 -1703991.656885] Model parameter optimization (eps = 3.000000)
[01:22:33 -1701729.997718] FAST spr round 1 (radius: 20)
[01:23:38 -1670772.358444] FAST spr round 2 (radius: 20)
[01:24:23 -1670125.235817] FAST spr round 3 (radius: 20)
[01:24:55 -1670058.443272] FAST spr round 4 (radius: 20)
[01:25:23 -1670016.624201] FAST spr round 5 (radius: 20)
[01:25:50 -1669975.647312] FAST spr round 6 (radius: 20)
[01:26:16 -1669937.297798] FAST spr round 7 (radius: 20)
[01:26:41 -1669912.630789] FAST spr round 8 (radius: 20)
[01:27:06 -1669890.199722] FAST spr round 9 (radius: 20)
[01:27:30 -1669874.692281] FAST spr round 10 (radius: 20)
[01:27:54 -1669862.806675] FAST spr round 11 (radius: 20)
[01:28:18 -1669850.516866] FAST spr round 12 (radius: 20)
[01:28:43 -1669837.070347] FAST spr round 13 (radius: 20)
[01:29:07 -1669827.745772] FAST spr round 14 (radius: 20)
[01:29:31 -1669819.597311] FAST spr round 15 (radius: 20)
[01:29:55 -1669814.208619] FAST spr round 16 (radius: 20)
[01:30:19 -1669810.130254] FAST spr round 17 (radius: 20)
[01:30:43 -1669809.589531] FAST spr round 18 (radius: 20)
[01:31:07 -1669809.587761] Model parameter optimization (eps = 1.000000)
[01:31:11 -1669773.772718] SLOW spr round 1 (radius: 5)
[01:32:18 -1669682.632095] SLOW spr round 2 (radius: 5)
[01:33:16 -1669680.570179] SLOW spr round 3 (radius: 5)
[01:34:12 -1669680.565588] SLOW spr round 4 (radius: 10)
[01:35:19 -1669680.565435] SLOW spr round 5 (radius: 15)
[01:38:41 -1669680.565433] SLOW spr round 6 (radius: 20)
[01:41:49 -1669680.565433] SLOW spr round 7 (radius: 25)
[01:43:02 -1669680.565433] Model parameter optimization (eps = 0.100000)

[01:43:03] ML tree search #4, logLikelihood: -1669680.501404

[01:43:03 -2262223.857998] Initial branch length optimization
[01:43:05 -2057467.737412] Model parameter optimization (eps = 10.000000)
[01:43:28 -2035547.117368] AUTODETECT spr round 1 (radius: 5)
[01:43:42 -1866868.590994] AUTODETECT spr round 2 (radius: 10)
[01:44:05 -1728045.427646] AUTODETECT spr round 3 (radius: 15)
[01:44:37 -1704392.491248] AUTODETECT spr round 4 (radius: 20)
[01:45:21 -1701241.978351] AUTODETECT spr round 5 (radius: 25)
[01:45:54 -1701241.615828] SPR radius for FAST iterations: 25 (autodetect)
[01:45:54 -1701241.615828] Model parameter optimization (eps = 3.000000)
[01:46:05 -1698674.169223] FAST spr round 1 (radius: 25)
[01:47:14 -1671207.150623] FAST spr round 2 (radius: 25)
[01:48:00 -1670164.235818] FAST spr round 3 (radius: 25)
[01:48:34 -1669987.812904] FAST spr round 4 (radius: 25)
[01:49:01 -1669959.666310] FAST spr round 5 (radius: 25)
[01:49:27 -1669933.719871] FAST spr round 6 (radius: 25)
[01:49:52 -1669910.992052] FAST spr round 7 (radius: 25)
[01:50:17 -1669893.337284] FAST spr round 8 (radius: 25)
[01:50:41 -1669882.878842] FAST spr round 9 (radius: 25)
[01:51:05 -1669874.222175] FAST spr round 10 (radius: 25)
[01:51:30 -1669866.452857] FAST spr round 11 (radius: 25)
[01:51:55 -1669844.317475] FAST spr round 12 (radius: 25)
[01:52:18 -1669816.528660] FAST spr round 13 (radius: 25)
[01:52:42 -1669807.597353] FAST spr round 14 (radius: 25)
[01:53:06 -1669800.511330] FAST spr round 15 (radius: 25)
[01:53:30 -1669792.408060] FAST spr round 16 (radius: 25)
[01:53:54 -1669787.527570] FAST spr round 17 (radius: 25)
[01:54:18 -1669783.570903] FAST spr round 18 (radius: 25)
[01:54:42 -1669781.110595] FAST spr round 19 (radius: 25)
[01:55:05 -1669780.661561] FAST spr round 20 (radius: 25)
[01:55:29 -1669777.459069] FAST spr round 21 (radius: 25)
[01:55:52 -1669777.457514] Model parameter optimization (eps = 1.000000)
[01:55:57 -1669719.353144] SLOW spr round 1 (radius: 5)
[01:57:03 -1669668.105761] SLOW spr round 2 (radius: 5)
[01:58:00 -1669664.492313] SLOW spr round 3 (radius: 5)
[01:58:56 -1669652.469390] SLOW spr round 4 (radius: 5)
[01:59:51 -1669652.466022] SLOW spr round 5 (radius: 10)
[02:00:56 -1669652.465710] SLOW spr round 6 (radius: 15)
[02:04:08 -1669652.465673] SLOW spr round 7 (radius: 20)
[02:07:24 -1669652.465668] SLOW spr round 8 (radius: 25)
[02:08:55 -1669652.465668] Model parameter optimization (eps = 0.100000)

[02:08:57] ML tree search #5, logLikelihood: -1669652.328866

[02:08:57 -2252201.325985] Initial branch length optimization
[02:08:59 -2060303.555003] Model parameter optimization (eps = 10.000000)
[02:09:20 -2038602.621589] AUTODETECT spr round 1 (radius: 5)
[02:09:35 -1870440.324335] AUTODETECT spr round 2 (radius: 10)
[02:09:59 -1729449.307724] AUTODETECT spr round 3 (radius: 15)
[02:10:31 -1704453.918391] AUTODETECT spr round 4 (radius: 20)
[02:11:12 -1701317.149080] AUTODETECT spr round 5 (radius: 25)
[02:11:46 -1700928.588118] SPR radius for FAST iterations: 25 (autodetect)
[02:11:46 -1700928.588118] Model parameter optimization (eps = 3.000000)
[02:11:57 -1698652.695689] FAST spr round 1 (radius: 25)
[02:13:05 -1670901.256283] FAST spr round 2 (radius: 25)
[02:13:48 -1669942.730732] FAST spr round 3 (radius: 25)
[02:14:20 -1669881.078477] FAST spr round 4 (radius: 25)
[02:14:47 -1669836.946871] FAST spr round 5 (radius: 25)
[02:15:13 -1669816.542556] FAST spr round 6 (radius: 25)
[02:15:38 -1669801.107446] FAST spr round 7 (radius: 25)
[02:16:04 -1669788.972985] FAST spr round 8 (radius: 25)
[02:16:28 -1669777.547426] FAST spr round 9 (radius: 25)
[02:16:54 -1669771.195168] FAST spr round 10 (radius: 25)
[02:17:17 -1669765.538247] FAST spr round 11 (radius: 25)
[02:17:41 -1669760.431595] FAST spr round 12 (radius: 25)
[02:18:04 -1669756.553672] FAST spr round 13 (radius: 25)
[02:18:28 -1669755.515852] FAST spr round 14 (radius: 25)
[02:18:51 -1669754.736325] FAST spr round 15 (radius: 25)
[02:19:15 -1669754.734901] Model parameter optimization (eps = 1.000000)
[02:19:19 -1669734.380047] SLOW spr round 1 (radius: 5)
[02:20:25 -1669664.514910] SLOW spr round 2 (radius: 5)
[02:21:23 -1669661.346467] SLOW spr round 3 (radius: 5)
[02:22:18 -1669650.029231] SLOW spr round 4 (radius: 5)
[02:23:13 -1669649.715917] SLOW spr round 5 (radius: 5)
[02:24:08 -1669646.972931] SLOW spr round 6 (radius: 5)
[02:25:02 -1669646.783029] SLOW spr round 7 (radius: 5)
[02:25:56 -1669646.174725] SLOW spr round 8 (radius: 5)
[02:26:50 -1669646.168933] SLOW spr round 9 (radius: 10)
[02:27:54 -1669646.168830] SLOW spr round 10 (radius: 15)
[02:31:04 -1669646.168828] SLOW spr round 11 (radius: 20)
[02:34:23 -1669646.168828] SLOW spr round 12 (radius: 25)
[02:35:56 -1669646.168828] Model parameter optimization (eps = 0.100000)

[02:35:59] ML tree search #6, logLikelihood: -1669646.005913

[02:35:59 -2254872.434069] Initial branch length optimization
[02:36:00 -2060163.615467] Model parameter optimization (eps = 10.000000)
[02:36:28 -2038467.834194] AUTODETECT spr round 1 (radius: 5)
[02:36:43 -1873479.211891] AUTODETECT spr round 2 (radius: 10)
[02:37:07 -1712403.497906] AUTODETECT spr round 3 (radius: 15)
[02:37:42 -1698981.870379] AUTODETECT spr round 4 (radius: 20)
[02:38:29 -1698780.926752] AUTODETECT spr round 5 (radius: 25)
[02:39:13 -1698780.903479] SPR radius for FAST iterations: 20 (autodetect)
[02:39:13 -1698780.903479] Model parameter optimization (eps = 3.000000)
[02:39:23 -1696404.304812] FAST spr round 1 (radius: 20)
[02:40:25 -1670738.442767] FAST spr round 2 (radius: 20)
[02:41:10 -1669993.509363] FAST spr round 3 (radius: 20)
[02:41:42 -1669959.909291] FAST spr round 4 (radius: 20)
[02:42:10 -1669928.275697] FAST spr round 5 (radius: 20)
[02:42:37 -1669910.646684] FAST spr round 6 (radius: 20)
[02:43:03 -1669888.342851] FAST spr round 7 (radius: 20)
[02:43:27 -1669873.155437] FAST spr round 8 (radius: 20)
[02:43:52 -1669860.686647] FAST spr round 9 (radius: 20)
[02:44:16 -1669848.385805] FAST spr round 10 (radius: 20)
[02:44:40 -1669838.388076] FAST spr round 11 (radius: 20)
[02:45:04 -1669830.560200] FAST spr round 12 (radius: 20)
[02:45:28 -1669823.416169] FAST spr round 13 (radius: 20)
[02:45:52 -1669816.400464] FAST spr round 14 (radius: 20)
[02:46:16 -1669793.477052] FAST spr round 15 (radius: 20)
[02:46:40 -1669781.970908] FAST spr round 16 (radius: 20)
[02:47:05 -1669775.975136] FAST spr round 17 (radius: 20)
[02:47:28 -1669770.488941] FAST spr round 18 (radius: 20)
[02:47:52 -1669769.643978] FAST spr round 19 (radius: 20)
[02:48:16 -1669768.543664] FAST spr round 20 (radius: 20)
[02:48:40 -1669768.201481] FAST spr round 21 (radius: 20)
[02:49:04 -1669768.200571] Model parameter optimization (eps = 1.000000)
[02:49:09 -1669730.688992] SLOW spr round 1 (radius: 5)
[02:50:15 -1669655.606064] SLOW spr round 2 (radius: 5)
[02:51:13 -1669652.380837] SLOW spr round 3 (radius: 5)
[02:52:08 -1669640.000356] SLOW spr round 4 (radius: 5)
[02:53:02 -1669639.997473] SLOW spr round 5 (radius: 10)
[02:54:07 -1669639.997138] SLOW spr round 6 (radius: 15)
[02:57:18 -1669639.997097] SLOW spr round 7 (radius: 20)
[03:00:36 -1669639.997092] SLOW spr round 8 (radius: 25)
[03:02:09 -1669639.997092] Model parameter optimization (eps = 0.100000)

[03:02:11] ML tree search #7, logLikelihood: -1669639.905594

[03:02:11 -2258898.863087] Initial branch length optimization
[03:02:12 -2061159.219956] Model parameter optimization (eps = 10.000000)
[03:02:33 -2038685.631367] AUTODETECT spr round 1 (radius: 5)
[03:02:48 -1880468.233508] AUTODETECT spr round 2 (radius: 10)
[03:03:15 -1730775.141496] AUTODETECT spr round 3 (radius: 15)
[03:03:43 -1703583.156253] AUTODETECT spr round 4 (radius: 20)
[03:04:23 -1702589.728946] AUTODETECT spr round 5 (radius: 25)
[03:05:01 -1702589.702580] SPR radius for FAST iterations: 20 (autodetect)
[03:05:01 -1702589.702580] Model parameter optimization (eps = 3.000000)
[03:05:11 -1700203.411853] FAST spr round 1 (radius: 20)
[03:06:11 -1670772.877494] FAST spr round 2 (radius: 20)
[03:06:54 -1669941.379936] FAST spr round 3 (radius: 20)
[03:07:24 -1669906.281850] FAST spr round 4 (radius: 20)
[03:07:51 -1669900.018343] FAST spr round 5 (radius: 20)
[03:08:17 -1669881.588500] FAST spr round 6 (radius: 20)
[03:08:42 -1669878.408965] FAST spr round 7 (radius: 20)
[03:09:06 -1669875.420478] FAST spr round 8 (radius: 20)
[03:09:31 -1669868.011944] FAST spr round 9 (radius: 20)
[03:09:56 -1669864.895187] FAST spr round 10 (radius: 20)
[03:10:20 -1669863.239162] FAST spr round 11 (radius: 20)
[03:10:44 -1669860.730451] FAST spr round 12 (radius: 20)
[03:11:08 -1669860.628672] FAST spr round 13 (radius: 20)
[03:11:32 -1669847.465495] FAST spr round 14 (radius: 20)
[03:11:56 -1669847.463768] Model parameter optimization (eps = 1.000000)
[03:12:03 -1669745.489155] SLOW spr round 1 (radius: 5)
[03:13:08 -1669677.799216] SLOW spr round 2 (radius: 5)
[03:14:06 -1669670.971450] SLOW spr round 3 (radius: 5)
[03:15:01 -1669660.410992] SLOW spr round 4 (radius: 5)
[03:15:56 -1669651.220079] SLOW spr round 5 (radius: 5)
[03:16:51 -1669648.187979] SLOW spr round 6 (radius: 5)
[03:17:46 -1669636.644855] SLOW spr round 7 (radius: 5)
[03:18:41 -1669635.316186] SLOW spr round 8 (radius: 5)
[03:19:35 -1669635.313486] SLOW spr round 9 (radius: 10)
[03:20:40 -1669635.313437] SLOW spr round 10 (radius: 15)
[03:23:50 -1669635.313436] SLOW spr round 11 (radius: 20)
[03:27:06 -1669635.313436] SLOW spr round 12 (radius: 25)
[03:28:38 -1669635.313436] Model parameter optimization (eps = 0.100000)

[03:28:40] ML tree search #8, logLikelihood: -1669635.006262

[03:28:40 -2257957.191741] Initial branch length optimization
[03:28:42 -2064017.894855] Model parameter optimization (eps = 10.000000)
[03:29:07 -2041985.951155] AUTODETECT spr round 1 (radius: 5)
[03:29:22 -1882534.124735] AUTODETECT spr round 2 (radius: 10)
[03:29:47 -1734012.963372] AUTODETECT spr round 3 (radius: 15)
[03:30:21 -1713419.021280] AUTODETECT spr round 4 (radius: 20)
[03:31:08 -1707939.007511] AUTODETECT spr round 5 (radius: 25)
[03:31:50 -1707485.136311] SPR radius for FAST iterations: 25 (autodetect)
[03:31:50 -1707485.136311] Model parameter optimization (eps = 3.000000)
[03:32:01 -1704985.875466] FAST spr round 1 (radius: 25)
[03:33:09 -1671027.251015] FAST spr round 2 (radius: 25)
[03:33:55 -1670030.666440] FAST spr round 3 (radius: 25)
[03:34:27 -1669978.417759] FAST spr round 4 (radius: 25)
[03:34:56 -1669949.249719] FAST spr round 5 (radius: 25)
[03:35:23 -1669933.523977] FAST spr round 6 (radius: 25)
[03:35:48 -1669920.560161] FAST spr round 7 (radius: 25)
[03:36:13 -1669909.006167] FAST spr round 8 (radius: 25)
[03:36:38 -1669897.604139] FAST spr round 9 (radius: 25)
[03:37:02 -1669875.199118] FAST spr round 10 (radius: 25)
[03:37:26 -1669864.729981] FAST spr round 11 (radius: 25)
[03:37:50 -1669859.535062] FAST spr round 12 (radius: 25)
[03:38:13 -1669854.923103] FAST spr round 13 (radius: 25)
[03:38:37 -1669852.498590] FAST spr round 14 (radius: 25)
[03:39:00 -1669850.291863] FAST spr round 15 (radius: 25)
[03:39:25 -1669848.029221] FAST spr round 16 (radius: 25)
[03:39:49 -1669847.567648] FAST spr round 17 (radius: 25)
[03:40:12 -1669847.567371] Model parameter optimization (eps = 1.000000)
[03:40:15 -1669816.445867] SLOW spr round 1 (radius: 5)
[03:41:22 -1669717.376841] SLOW spr round 2 (radius: 5)
[03:42:20 -1669709.982906] SLOW spr round 3 (radius: 5)
[03:43:15 -1669709.273867] SLOW spr round 4 (radius: 5)
[03:44:12 -1669642.416014] SLOW spr round 5 (radius: 5)
[03:45:07 -1669638.617529] SLOW spr round 6 (radius: 5)
[03:46:02 -1669635.829521] SLOW spr round 7 (radius: 5)
[03:46:57 -1669634.994474] SLOW spr round 8 (radius: 5)
[03:47:52 -1669634.673779] SLOW spr round 9 (radius: 5)
[03:48:46 -1669634.545389] SLOW spr round 10 (radius: 5)
[03:49:41 -1669634.542505] SLOW spr round 11 (radius: 10)
[03:50:46 -1669634.542338] SLOW spr round 12 (radius: 15)
[03:53:56 -1669634.542329] SLOW spr round 13 (radius: 20)
[03:57:15 -1669634.542329] SLOW spr round 14 (radius: 25)
[03:58:49 -1669634.542329] Model parameter optimization (eps = 0.100000)

[03:58:52] ML tree search #9, logLikelihood: -1669634.017466

[03:58:52 -2250841.879761] Initial branch length optimization
[03:58:54 -2056862.442352] Model parameter optimization (eps = 10.000000)
[03:59:15 -2035122.412971] AUTODETECT spr round 1 (radius: 5)
[03:59:30 -1869266.132337] AUTODETECT spr round 2 (radius: 10)
[03:59:55 -1729927.602327] AUTODETECT spr round 3 (radius: 15)
[04:00:27 -1701374.306301] AUTODETECT spr round 4 (radius: 20)
[04:01:09 -1700209.629368] AUTODETECT spr round 5 (radius: 25)
[04:01:51 -1699675.176733] SPR radius for FAST iterations: 25 (autodetect)
[04:01:52 -1699675.176733] Model parameter optimization (eps = 3.000000)
[04:02:02 -1697287.219223] FAST spr round 1 (radius: 25)
[04:03:12 -1670651.382019] FAST spr round 2 (radius: 25)
[04:03:58 -1669857.859446] FAST spr round 3 (radius: 25)
[04:04:30 -1669828.207067] FAST spr round 4 (radius: 25)
[04:04:58 -1669813.196447] FAST spr round 5 (radius: 25)
[04:05:24 -1669802.521780] FAST spr round 6 (radius: 25)
[04:05:50 -1669791.889635] FAST spr round 7 (radius: 25)
[04:06:15 -1669783.460386] FAST spr round 8 (radius: 25)
[04:06:40 -1669776.169957] FAST spr round 9 (radius: 25)
[04:07:04 -1669768.902791] FAST spr round 10 (radius: 25)
[04:07:29 -1669761.970582] FAST spr round 11 (radius: 25)
[04:07:53 -1669757.907697] FAST spr round 12 (radius: 25)
[04:08:17 -1669748.710405] FAST spr round 13 (radius: 25)
[04:08:42 -1669738.931547] FAST spr round 14 (radius: 25)
[04:09:07 -1669728.980405] FAST spr round 15 (radius: 25)
[04:09:31 -1669724.292334] FAST spr round 16 (radius: 25)
[04:09:55 -1669724.291283] Model parameter optimization (eps = 1.000000)
[04:10:00 -1669691.626654] SLOW spr round 1 (radius: 5)
[04:11:06 -1669658.167961] SLOW spr round 2 (radius: 5)
[04:12:04 -1669646.982790] SLOW spr round 3 (radius: 5)
[04:13:00 -1669646.782693] SLOW spr round 4 (radius: 5)
[04:13:56 -1669646.182957] SLOW spr round 5 (radius: 5)
[04:14:51 -1669646.177020] SLOW spr round 6 (radius: 10)
[04:15:55 -1669646.176924] SLOW spr round 7 (radius: 15)
[04:19:08 -1669646.176923] SLOW spr round 8 (radius: 20)
[04:22:29 -1669646.176923] SLOW spr round 9 (radius: 25)
[04:24:04 -1669646.176923] Model parameter optimization (eps = 0.100000)

[04:24:06] ML tree search #10, logLikelihood: -1669646.017105

[04:24:06 -1790837.913993] Initial branch length optimization
[04:24:08 -1697466.235975] Model parameter optimization (eps = 10.000000)
[04:24:19 -1671992.476016] AUTODETECT spr round 1 (radius: 5)
[04:24:34 -1670106.696076] AUTODETECT spr round 2 (radius: 10)
[04:25:01 -1670091.603484] AUTODETECT spr round 3 (radius: 15)
[04:25:42 -1670091.590972] SPR radius for FAST iterations: 10 (autodetect)
[04:25:43 -1670091.590972] Model parameter optimization (eps = 3.000000)
[04:25:44 -1670090.279594] FAST spr round 1 (radius: 10)
[04:26:21 -1669855.009447] FAST spr round 2 (radius: 10)
[04:26:49 -1669823.283356] FAST spr round 3 (radius: 10)
[04:27:14 -1669798.022276] FAST spr round 4 (radius: 10)
[04:27:38 -1669787.665748] FAST spr round 5 (radius: 10)
[04:28:01 -1669779.107606] FAST spr round 6 (radius: 10)
[04:28:23 -1669756.720800] FAST spr round 7 (radius: 10)
[04:28:46 -1669751.805310] FAST spr round 8 (radius: 10)
[04:29:08 -1669747.445469] FAST spr round 9 (radius: 10)
[04:29:30 -1669747.127753] FAST spr round 10 (radius: 10)
[04:29:52 -1669734.526725] FAST spr round 11 (radius: 10)
[04:30:14 -1669734.524562] Model parameter optimization (eps = 1.000000)
[04:30:15 -1669734.421750] SLOW spr round 1 (radius: 5)
[04:31:23 -1669682.837549] SLOW spr round 2 (radius: 5)
[04:32:22 -1669671.761882] SLOW spr round 3 (radius: 5)
[04:33:20 -1669659.402730] SLOW spr round 4 (radius: 5)
[04:34:15 -1669657.586725] SLOW spr round 5 (radius: 5)
[04:35:10 -1669657.582262] SLOW spr round 6 (radius: 10)
[04:36:16 -1669657.582076] SLOW spr round 7 (radius: 15)
[04:39:34 -1669657.582073] SLOW spr round 8 (radius: 20)
[04:42:50 -1669657.582073] SLOW spr round 9 (radius: 25)
[04:44:21 -1669657.582073] Model parameter optimization (eps = 0.100000)

[04:44:23] ML tree search #11, logLikelihood: -1669657.390748

[04:44:23 -1790495.721196] Initial branch length optimization
[04:44:24 -1697575.549141] Model parameter optimization (eps = 10.000000)
[04:44:35 -1672182.264112] AUTODETECT spr round 1 (radius: 5)
[04:44:48 -1670493.638918] AUTODETECT spr round 2 (radius: 10)
[04:45:16 -1670222.154916] AUTODETECT spr round 3 (radius: 15)
[04:46:00 -1670222.131871] SPR radius for FAST iterations: 10 (autodetect)
[04:46:00 -1670222.131871] Model parameter optimization (eps = 3.000000)
[04:46:02 -1670220.306527] FAST spr round 1 (radius: 10)
[04:46:40 -1669949.203494] FAST spr round 2 (radius: 10)
[04:47:10 -1669783.542992] FAST spr round 3 (radius: 10)
[04:47:35 -1669762.207129] FAST spr round 4 (radius: 10)
[04:47:58 -1669749.724839] FAST spr round 5 (radius: 10)
[04:48:21 -1669739.208365] FAST spr round 6 (radius: 10)
[04:48:44 -1669733.250297] FAST spr round 7 (radius: 10)
[04:49:06 -1669727.581823] FAST spr round 8 (radius: 10)
[04:49:28 -1669724.426305] FAST spr round 9 (radius: 10)
[04:49:50 -1669723.753646] FAST spr round 10 (radius: 10)
[04:50:13 -1669723.113692] FAST spr round 11 (radius: 10)
[04:50:35 -1669722.459817] FAST spr round 12 (radius: 10)
[04:50:57 -1669720.349871] FAST spr round 13 (radius: 10)
[04:51:19 -1669717.345153] FAST spr round 14 (radius: 10)
[04:51:40 -1669715.392729] FAST spr round 15 (radius: 10)
[04:52:02 -1669715.277279] FAST spr round 16 (radius: 10)
[04:52:24 -1669715.163732] FAST spr round 17 (radius: 10)
[04:52:46 -1669715.160437] Model parameter optimization (eps = 1.000000)
[04:52:47 -1669714.508098] SLOW spr round 1 (radius: 5)
[04:53:54 -1669650.026003] SLOW spr round 2 (radius: 5)
[04:54:51 -1669647.105107] SLOW spr round 3 (radius: 5)
[04:55:46 -1669635.458804] SLOW spr round 4 (radius: 5)
[04:56:41 -1669634.646120] SLOW spr round 5 (radius: 5)
[04:57:35 -1669634.370488] SLOW spr round 6 (radius: 5)
[04:58:30 -1669634.368940] SLOW spr round 7 (radius: 10)
[04:59:34 -1669634.368848] SLOW spr round 8 (radius: 15)
[05:02:44 -1669634.368844] SLOW spr round 9 (radius: 20)
[05:06:04 -1669634.368844] SLOW spr round 10 (radius: 25)
[05:07:38 -1669634.368844] Model parameter optimization (eps = 0.100000)

[05:07:41] ML tree search #12, logLikelihood: -1669634.002984

[05:07:41 -1790436.414455] Initial branch length optimization
[05:07:42 -1697804.270809] Model parameter optimization (eps = 10.000000)
[05:07:52 -1672385.872778] AUTODETECT spr round 1 (radius: 5)
[05:08:05 -1670516.447952] AUTODETECT spr round 2 (radius: 10)
[05:08:30 -1670203.117364] AUTODETECT spr round 3 (radius: 15)
[05:09:10 -1670203.109221] SPR radius for FAST iterations: 10 (autodetect)
[05:09:10 -1670203.109221] Model parameter optimization (eps = 3.000000)
[05:09:11 -1670201.078366] FAST spr round 1 (radius: 10)
[05:09:47 -1669924.729955] FAST spr round 2 (radius: 10)
[05:10:16 -1669892.781327] FAST spr round 3 (radius: 10)
[05:10:42 -1669856.087326] FAST spr round 4 (radius: 10)
[05:11:07 -1669837.183905] FAST spr round 5 (radius: 10)
[05:11:30 -1669811.503974] FAST spr round 6 (radius: 10)
[05:11:53 -1669797.478085] FAST spr round 7 (radius: 10)
[05:12:15 -1669786.967269] FAST spr round 8 (radius: 10)
[05:12:37 -1669776.739777] FAST spr round 9 (radius: 10)
[05:12:59 -1669769.319892] FAST spr round 10 (radius: 10)
[05:13:21 -1669763.328256] FAST spr round 11 (radius: 10)
[05:13:43 -1669757.616891] FAST spr round 12 (radius: 10)
[05:14:04 -1669747.543327] FAST spr round 13 (radius: 10)
[05:14:26 -1669725.955041] FAST spr round 14 (radius: 10)
[05:14:48 -1669722.846877] FAST spr round 15 (radius: 10)
[05:15:09 -1669722.715743] FAST spr round 16 (radius: 10)
[05:15:31 -1669722.714493] Model parameter optimization (eps = 1.000000)
[05:15:33 -1669722.013871] SLOW spr round 1 (radius: 5)
[05:16:40 -1669642.942797] SLOW spr round 2 (radius: 5)
[05:17:37 -1669638.194301] SLOW spr round 3 (radius: 5)
[05:18:33 -1669635.405877] SLOW spr round 4 (radius: 5)
[05:19:27 -1669634.560120] SLOW spr round 5 (radius: 5)
[05:20:22 -1669634.400194] SLOW spr round 6 (radius: 5)
[05:21:17 -1669634.399271] SLOW spr round 7 (radius: 10)
[05:22:22 -1669634.399236] SLOW spr round 8 (radius: 15)
[05:25:33 -1669634.399234] SLOW spr round 9 (radius: 20)
[05:28:51 -1669634.399234] SLOW spr round 10 (radius: 25)
[05:30:22 -1669634.399234] Model parameter optimization (eps = 0.100000)

[05:30:24] ML tree search #13, logLikelihood: -1669634.006510

[05:30:24 -1789638.954094] Initial branch length optimization
[05:30:25 -1697426.449055] Model parameter optimization (eps = 10.000000)
[05:30:36 -1672145.132018] AUTODETECT spr round 1 (radius: 5)
[05:30:49 -1670240.798036] AUTODETECT spr round 2 (radius: 10)
[05:31:16 -1670229.462147] AUTODETECT spr round 3 (radius: 15)
[05:31:59 -1670114.820148] AUTODETECT spr round 4 (radius: 20)
[05:32:46 -1670114.815257] SPR radius for FAST iterations: 15 (autodetect)
[05:32:46 -1670114.815257] Model parameter optimization (eps = 3.000000)
[05:32:48 -1670112.638089] FAST spr round 1 (radius: 15)
[05:33:37 -1669914.601433] FAST spr round 2 (radius: 15)
[05:34:13 -1669886.405509] FAST spr round 3 (radius: 15)
[05:34:43 -1669871.531002] FAST spr round 4 (radius: 15)
[05:35:11 -1669860.283950] FAST spr round 5 (radius: 15)
[05:35:37 -1669849.638211] FAST spr round 6 (radius: 15)
[05:36:02 -1669841.915257] FAST spr round 7 (radius: 15)
[05:36:26 -1669836.645286] FAST spr round 8 (radius: 15)
[05:36:49 -1669833.304782] FAST spr round 9 (radius: 15)
[05:37:12 -1669825.038495] FAST spr round 10 (radius: 15)
[05:37:36 -1669804.354654] FAST spr round 11 (radius: 15)
[05:37:59 -1669802.014369] FAST spr round 12 (radius: 15)
[05:38:23 -1669791.101728] FAST spr round 13 (radius: 15)
[05:38:46 -1669790.321414] FAST spr round 14 (radius: 15)
[05:39:10 -1669789.746755] FAST spr round 15 (radius: 15)
[05:39:32 -1669789.625424] FAST spr round 16 (radius: 15)
[05:39:56 -1669754.055443] FAST spr round 17 (radius: 15)
[05:40:20 -1669726.920217] FAST spr round 18 (radius: 15)
[05:40:43 -1669723.936989] FAST spr round 19 (radius: 15)
[05:41:07 -1669723.443529] FAST spr round 20 (radius: 15)
[05:41:30 -1669723.442775] Model parameter optimization (eps = 1.000000)
[05:41:32 -1669722.851757] SLOW spr round 1 (radius: 5)
[05:42:37 -1669664.127214] SLOW spr round 2 (radius: 5)
[05:43:35 -1669651.385571] SLOW spr round 3 (radius: 5)
[05:44:31 -1669646.709751] SLOW spr round 4 (radius: 5)
[05:45:26 -1669643.624072] SLOW spr round 5 (radius: 5)
[05:46:21 -1669642.498821] SLOW spr round 6 (radius: 5)
[05:47:16 -1669642.066477] SLOW spr round 7 (radius: 5)
[05:48:11 -1669642.061915] SLOW spr round 8 (radius: 10)
[05:49:15 -1669642.061783] SLOW spr round 9 (radius: 15)
[05:52:30 -1669642.061777] SLOW spr round 10 (radius: 20)
[05:55:42 -1669642.061776] SLOW spr round 11 (radius: 25)
[05:57:11 -1669642.061776] Model parameter optimization (eps = 0.100000)

[05:57:14] ML tree search #14, logLikelihood: -1669641.615674

[05:57:14 -1790489.540500] Initial branch length optimization
[05:57:15 -1697975.284907] Model parameter optimization (eps = 10.000000)
[05:57:26 -1672306.520327] AUTODETECT spr round 1 (radius: 5)
[05:57:39 -1670056.269032] AUTODETECT spr round 2 (radius: 10)
[05:58:06 -1670004.849958] AUTODETECT spr round 3 (radius: 15)
[05:58:52 -1670004.840843] SPR radius for FAST iterations: 10 (autodetect)
[05:58:52 -1670004.840843] Model parameter optimization (eps = 3.000000)
[05:58:53 -1670003.113053] FAST spr round 1 (radius: 10)
[05:59:28 -1669925.923850] FAST spr round 2 (radius: 10)
[05:59:58 -1669893.700955] FAST spr round 3 (radius: 10)
[06:00:25 -1669861.090160] FAST spr round 4 (radius: 10)
[06:00:49 -1669845.011625] FAST spr round 5 (radius: 10)
[06:01:12 -1669832.270064] FAST spr round 6 (radius: 10)
[06:01:36 -1669820.034764] FAST spr round 7 (radius: 10)
[06:01:58 -1669812.907992] FAST spr round 8 (radius: 10)
[06:02:21 -1669806.401399] FAST spr round 9 (radius: 10)
[06:02:42 -1669799.694592] FAST spr round 10 (radius: 10)
[06:03:04 -1669775.614518] FAST spr round 11 (radius: 10)
[06:03:27 -1669732.670142] FAST spr round 12 (radius: 10)
[06:03:48 -1669728.196782] FAST spr round 13 (radius: 10)
[06:04:11 -1669725.386705] FAST spr round 14 (radius: 10)
[06:04:32 -1669723.481362] FAST spr round 15 (radius: 10)
[06:04:55 -1669723.480582] Model parameter optimization (eps = 1.000000)
[06:04:56 -1669723.265956] SLOW spr round 1 (radius: 5)
[06:06:03 -1669653.952707] SLOW spr round 2 (radius: 5)
[06:07:01 -1669649.530146] SLOW spr round 3 (radius: 5)
[06:07:56 -1669648.578976] SLOW spr round 4 (radius: 5)
[06:08:51 -1669648.102932] SLOW spr round 5 (radius: 5)
[06:09:46 -1669648.102098] SLOW spr round 6 (radius: 10)
[06:10:50 -1669648.102067] SLOW spr round 7 (radius: 15)
[06:14:03 -1669648.102065] SLOW spr round 8 (radius: 20)
[06:17:14 -1669648.102065] SLOW spr round 9 (radius: 25)
[06:18:44 -1669648.102065] Model parameter optimization (eps = 0.100000)

[06:18:46] ML tree search #15, logLikelihood: -1669647.898097

[06:18:46 -1789808.365216] Initial branch length optimization
[06:18:47 -1697216.435234] Model parameter optimization (eps = 10.000000)
[06:18:58 -1671635.632992] AUTODETECT spr round 1 (radius: 5)
[06:19:11 -1670367.603668] AUTODETECT spr round 2 (radius: 10)
[06:19:38 -1670038.955370] AUTODETECT spr round 3 (radius: 15)
[06:20:25 -1670038.947279] SPR radius for FAST iterations: 10 (autodetect)
[06:20:27 -1670038.947279] Model parameter optimization (eps = 3.000000)
[06:20:28 -1670037.721260] FAST spr round 1 (radius: 10)
[06:21:03 -1669827.899613] FAST spr round 2 (radius: 10)
[06:21:32 -1669802.657846] FAST spr round 3 (radius: 10)
[06:21:57 -1669786.703530] FAST spr round 4 (radius: 10)
[06:22:20 -1669773.513080] FAST spr round 5 (radius: 10)
[06:22:43 -1669761.055005] FAST spr round 6 (radius: 10)
[06:23:05 -1669752.547259] FAST spr round 7 (radius: 10)
[06:23:28 -1669740.821356] FAST spr round 8 (radius: 10)
[06:23:49 -1669732.609788] FAST spr round 9 (radius: 10)
[06:24:12 -1669727.126175] FAST spr round 10 (radius: 10)
[06:24:33 -1669722.910757] FAST spr round 11 (radius: 10)
[06:24:55 -1669714.468869] FAST spr round 12 (radius: 10)
[06:25:16 -1669692.197067] FAST spr round 13 (radius: 10)
[06:25:38 -1669690.095763] FAST spr round 14 (radius: 10)
[06:25:59 -1669690.095517] Model parameter optimization (eps = 1.000000)
[06:26:01 -1669689.656977] SLOW spr round 1 (radius: 5)
[06:27:06 -1669678.595610] SLOW spr round 2 (radius: 5)
[06:28:04 -1669665.891970] SLOW spr round 3 (radius: 5)
[06:28:59 -1669664.079978] SLOW spr round 4 (radius: 5)
[06:29:54 -1669663.530988] SLOW spr round 5 (radius: 5)
[06:30:48 -1669663.376641] SLOW spr round 6 (radius: 5)
[06:31:43 -1669663.375907] SLOW spr round 7 (radius: 10)
[06:32:48 -1669663.375879] SLOW spr round 8 (radius: 15)
[06:36:06 -1669663.375878] SLOW spr round 9 (radius: 20)
[06:39:20 -1669663.375878] SLOW spr round 10 (radius: 25)
[06:40:49 -1669663.375878] Model parameter optimization (eps = 0.100000)

[06:40:51] ML tree search #16, logLikelihood: -1669663.229142

[06:40:51 -1790069.858183] Initial branch length optimization
[06:40:52 -1696990.128366] Model parameter optimization (eps = 10.000000)
[06:41:03 -1671364.672234] AUTODETECT spr round 1 (radius: 5)
[06:41:15 -1670007.547883] AUTODETECT spr round 2 (radius: 10)
[06:41:42 -1669960.339276] AUTODETECT spr round 3 (radius: 15)
[06:42:26 -1669960.332911] SPR radius for FAST iterations: 10 (autodetect)
[06:42:26 -1669960.332911] Model parameter optimization (eps = 3.000000)
[06:42:27 -1669959.192662] FAST spr round 1 (radius: 10)
[06:43:01 -1669847.720999] FAST spr round 2 (radius: 10)
[06:43:28 -1669829.874622] FAST spr round 3 (radius: 10)
[06:43:53 -1669814.565471] FAST spr round 4 (radius: 10)
[06:44:17 -1669803.255441] FAST spr round 5 (radius: 10)
[06:44:40 -1669792.204088] FAST spr round 6 (radius: 10)
[06:45:02 -1669784.989492] FAST spr round 7 (radius: 10)
[06:45:24 -1669779.167193] FAST spr round 8 (radius: 10)
[06:45:46 -1669775.327084] FAST spr round 9 (radius: 10)
[06:46:08 -1669772.224205] FAST spr round 10 (radius: 10)
[06:46:30 -1669760.670517] FAST spr round 11 (radius: 10)
[06:46:51 -1669757.938501] FAST spr round 12 (radius: 10)
[06:47:13 -1669756.246424] FAST spr round 13 (radius: 10)
[06:47:34 -1669755.613871] FAST spr round 14 (radius: 10)
[06:47:56 -1669755.509698] FAST spr round 15 (radius: 10)
[06:48:17 -1669755.507530] Model parameter optimization (eps = 1.000000)
[06:48:19 -1669755.369255] SLOW spr round 1 (radius: 5)
[06:49:25 -1669673.389772] SLOW spr round 2 (radius: 5)
[06:50:25 -1669660.662234] SLOW spr round 3 (radius: 5)
[06:51:21 -1669656.105732] SLOW spr round 4 (radius: 5)
[06:52:17 -1669655.446634] SLOW spr round 5 (radius: 5)
[06:53:11 -1669655.165241] SLOW spr round 6 (radius: 5)
[06:54:07 -1669655.111781] SLOW spr round 7 (radius: 10)
[06:55:11 -1669655.109290] SLOW spr round 8 (radius: 15)
[06:58:22 -1669655.109174] SLOW spr round 9 (radius: 20)
[07:01:37 -1669655.109171] SLOW spr round 10 (radius: 25)
[07:03:08 -1669655.109171] Model parameter optimization (eps = 0.100000)

[07:03:10] ML tree search #17, logLikelihood: -1669654.728156

[07:03:10 -1790020.379433] Initial branch length optimization
[07:03:11 -1697304.851069] Model parameter optimization (eps = 10.000000)
[07:03:21 -1671825.921185] AUTODETECT spr round 1 (radius: 5)
[07:03:34 -1670205.517337] AUTODETECT spr round 2 (radius: 10)
[07:04:01 -1670046.064566] AUTODETECT spr round 3 (radius: 15)
[07:04:45 -1670046.058182] SPR radius for FAST iterations: 10 (autodetect)
[07:04:45 -1670046.058182] Model parameter optimization (eps = 3.000000)
[07:04:46 -1670043.706893] FAST spr round 1 (radius: 10)
[07:05:22 -1669810.424431] FAST spr round 2 (radius: 10)
[07:05:50 -1669783.631730] FAST spr round 3 (radius: 10)
[07:06:15 -1669771.730136] FAST spr round 4 (radius: 10)
[07:06:39 -1669761.061587] FAST spr round 5 (radius: 10)
[07:07:02 -1669750.766294] FAST spr round 6 (radius: 10)
[07:07:24 -1669742.221719] FAST spr round 7 (radius: 10)
[07:07:46 -1669733.976031] FAST spr round 8 (radius: 10)
[07:08:08 -1669716.639253] FAST spr round 9 (radius: 10)
[07:08:30 -1669709.292568] FAST spr round 10 (radius: 10)
[07:08:53 -1669697.068609] FAST spr round 11 (radius: 10)
[07:09:15 -1669695.962779] FAST spr round 12 (radius: 10)
[07:09:37 -1669695.061880] FAST spr round 13 (radius: 10)
[07:09:58 -1669695.060431] Model parameter optimization (eps = 1.000000)
[07:10:00 -1669694.099539] SLOW spr round 1 (radius: 5)
[07:11:07 -1669649.222931] SLOW spr round 2 (radius: 5)
[07:12:04 -1669648.402298] SLOW spr round 3 (radius: 5)
[07:13:00 -1669648.378412] SLOW spr round 4 (radius: 10)
[07:14:05 -1669648.377367] SLOW spr round 5 (radius: 15)
[07:17:16 -1669648.377318] SLOW spr round 6 (radius: 20)
[07:20:27 -1669648.377316] SLOW spr round 7 (radius: 25)
[07:21:55 -1669648.377316] Model parameter optimization (eps = 0.100000)

[07:21:59] ML tree search #18, logLikelihood: -1669647.903817

[07:21:59 -1790191.835316] Initial branch length optimization
[07:22:00 -1697810.725557] Model parameter optimization (eps = 10.000000)
[07:22:10 -1672368.196705] AUTODETECT spr round 1 (radius: 5)
[07:22:23 -1670579.154479] AUTODETECT spr round 2 (radius: 10)
[07:22:52 -1670078.501425] AUTODETECT spr round 3 (radius: 15)
[07:23:41 -1670078.492567] SPR radius for FAST iterations: 10 (autodetect)
[07:23:41 -1670078.492567] Model parameter optimization (eps = 3.000000)
[07:23:42 -1670076.214702] FAST spr round 1 (radius: 10)
[07:24:18 -1669919.466213] FAST spr round 2 (radius: 10)
[07:24:47 -1669874.499972] FAST spr round 3 (radius: 10)
[07:25:11 -1669861.135687] FAST spr round 4 (radius: 10)
[07:25:35 -1669836.669178] FAST spr round 5 (radius: 10)
[07:25:58 -1669825.707723] FAST spr round 6 (radius: 10)
[07:26:20 -1669817.932420] FAST spr round 7 (radius: 10)
[07:26:42 -1669812.814163] FAST spr round 8 (radius: 10)
[07:27:04 -1669809.709823] FAST spr round 9 (radius: 10)
[07:27:25 -1669807.983794] FAST spr round 10 (radius: 10)
[07:27:48 -1669798.346783] FAST spr round 11 (radius: 10)
[07:28:11 -1669793.492976] FAST spr round 12 (radius: 10)
[07:28:33 -1669793.487818] Model parameter optimization (eps = 1.000000)
[07:28:35 -1669793.071579] SLOW spr round 1 (radius: 5)
[07:29:41 -1669750.709927] SLOW spr round 2 (radius: 5)
[07:30:40 -1669722.565093] SLOW spr round 3 (radius: 5)
[07:31:35 -1669718.897366] SLOW spr round 4 (radius: 5)
[07:32:29 -1669717.183707] SLOW spr round 5 (radius: 5)
[07:33:24 -1669715.883676] SLOW spr round 6 (radius: 5)
[07:34:18 -1669715.882893] SLOW spr round 7 (radius: 10)
[07:35:24 -1669715.882857] SLOW spr round 8 (radius: 15)
[07:38:42 -1669715.882856] SLOW spr round 9 (radius: 20)
[07:41:54 -1669715.882856] SLOW spr round 10 (radius: 25)
[07:43:16 -1669715.882856] Model parameter optimization (eps = 0.100000)

[07:43:19] ML tree search #19, logLikelihood: -1669715.485072

[07:43:19 -1789794.977784] Initial branch length optimization
[07:43:20 -1697511.547162] Model parameter optimization (eps = 10.000000)
[07:43:30 -1671917.586804] AUTODETECT spr round 1 (radius: 5)
[07:43:44 -1670369.478257] AUTODETECT spr round 2 (radius: 10)
[07:44:11 -1670047.901422] AUTODETECT spr round 3 (radius: 15)
[07:44:59 -1670047.894419] SPR radius for FAST iterations: 10 (autodetect)
[07:44:59 -1670047.894419] Model parameter optimization (eps = 3.000000)
[07:45:01 -1670046.816452] FAST spr round 1 (radius: 10)
[07:45:39 -1669800.770543] FAST spr round 2 (radius: 10)
[07:46:08 -1669757.569553] FAST spr round 3 (radius: 10)
[07:46:34 -1669736.003495] FAST spr round 4 (radius: 10)
[07:46:58 -1669725.470909] FAST spr round 5 (radius: 10)
[07:47:21 -1669711.164259] FAST spr round 6 (radius: 10)
[07:47:43 -1669702.656714] FAST spr round 7 (radius: 10)
[07:48:06 -1669695.585317] FAST spr round 8 (radius: 10)
[07:48:28 -1669687.287505] FAST spr round 9 (radius: 10)
[07:48:50 -1669681.097661] FAST spr round 10 (radius: 10)
[07:49:13 -1669677.090651] FAST spr round 11 (radius: 10)
[07:49:35 -1669677.090303] Model parameter optimization (eps = 1.000000)
[07:49:37 -1669676.641708] SLOW spr round 1 (radius: 5)
[07:50:43 -1669652.565826] SLOW spr round 2 (radius: 5)
[07:51:41 -1669649.915471] SLOW spr round 3 (radius: 5)
[07:52:36 -1669649.008850] SLOW spr round 4 (radius: 5)
[07:53:31 -1669648.578553] SLOW spr round 5 (radius: 5)
[07:54:26 -1669648.295163] SLOW spr round 6 (radius: 5)
[07:55:21 -1669648.294737] SLOW spr round 7 (radius: 10)
[07:56:26 -1669648.294713] SLOW spr round 8 (radius: 15)
[07:59:40 -1669648.294713] SLOW spr round 9 (radius: 20)
[08:02:52 -1669648.294713] SLOW spr round 10 (radius: 25)
[08:04:21 -1669648.294713] Model parameter optimization (eps = 0.100000)

[08:04:24] ML tree search #20, logLikelihood: -1669647.921758


Optimized model parameters:

   Partition 0: noname
   Rate heterogeneity: GAMMA (4 cats, mean),  alpha: 1.698499 (ML),  weights&rates: (0.250000,0.254423) (0.250000,0.618576) (0.250000,1.060226) (0.250000,2.066775) 
   Base frequencies (ML): 0.260461 0.226045 0.223978 0.289516 
   Substitution rates (ML): 1.801519 3.294734 1.415460 1.382384 3.361954 1.000000 


Final LogLikelihood: -1669634.002984

AIC score: 3340168.005969 / AICc score: 3340180.269550 / BIC score: 3343957.349020
Free parameters (model + branch lengths): 450

Best ML tree saved to: /home/gkettenburg/RAxML_tree/picorna_center_tree/T2.raxml.bestTree
All ML trees saved to: /home/gkettenburg/RAxML_tree/picorna_center_tree/T2.raxml.mlTrees
Optimized model saved to: /home/gkettenburg/RAxML_tree/picorna_center_tree/T2.raxml.bestModel

Execution log saved to: /home/gkettenburg/RAxML_tree/picorna_center_tree/T2.raxml.log

Analysis started: 02-Jun-2024 20:50:59 / finished: 03-Jun-2024 04:55:24

Elapsed time: 29064.700 seconds

Consumed energy: 1605.649 Wh (= 8 km in an electric car, or 40 km with an e-scooter!)

