ERROR: Unable to locate a modulefile for 'emacs/25.1'
ERROR: Unable to locate a modulefile for 'python/3.6'
ERROR: Unable to locate a modulefile for 'java/1.8.0_121'
ERROR: Unable to locate a modulefile for 'cmake/3.15.1'

RAxML-NG v. 1.1.0-master released on 22.06.2022 by The Exelixis Lab.
Developed by: Alexey M. Kozlov and Alexandros Stamatakis.
Contributors: Diego Darriba, Tomas Flouri, Benoit Morel, Sarah Lutteropp, Ben Bettisworth.
Latest version: https://github.com/amkozlov/raxml-ng
Questions/problems/suggestions? Please visit: https://groups.google.com/forum/#!forum/raxml

System: Intel(R) Xeon(R) CPU E5-2680 v4 @ 2.40GHz, 28 cores, 62 GB RAM

RAxML-NG was called at 12-Aug-2023 19:27:09 as follows:

raxml-ng-mpi --all --msa caliciviridae_refseq_align.fasta --model TVM+I+G4 --prefix T1 --seed 1 --threads auto{8} --bs-metric fbp,tbe

Analysis options:
  run mode: ML tree search + bootstrapping (Felsenstein Bootstrap + Transfer Bootstrap)
  start tree(s): random (10) + parsimony (10)
  bootstrap replicates: max: 1000 + bootstopping (autoMRE, cutoff: 0.030000)
  random seed: 1
  tip-inner: OFF
  pattern compression: ON
  per-rate scalers: OFF
  site repeats: ON
  branch lengths: proportional (ML estimate, algorithm: NR-FAST)
  SIMD kernels: AVX2
  parallelization: coarse-grained (auto), PTHREADS (auto)

[00:00:00] Reading alignment from file: caliciviridae_refseq_align.fasta
[00:00:00] Loaded alignment with 58 taxa and 33521 sites

Alignment comprises 1 partitions and 12420 patterns

Partition 0: noname
Model: TVM+FO+I+G4m
Alignment sites / patterns: 33521 / 12420
Gaps: 77.25 %
Invariant sites: 63.03 %


NOTE: Binary MSA file created: T1.raxml.rba

Parallelization scheme autoconfig: 1 worker(s) x 8 thread(s)

Error calling pthread_setaffinity_np: 22
Parallel reduction/worker buffer size: 1 KB  / 0 KB

[00:00:00] Generating 10 random starting tree(s) with 58 taxa
[00:00:00] Generating 10 parsimony starting tree(s) with 58 taxa
[00:00:01] Data distribution: max. partitions/sites/weight per thread: 1 / 1553 / 24848
[00:00:02] Data distribution: max. searches per worker: 1020

Starting ML tree search with 20 distinct starting trees

[00:00:57] ML tree search #1, logLikelihood: -414009.272555
[00:01:55] ML tree search #2, logLikelihood: -414009.270033
[00:02:49] ML tree search #3, logLikelihood: -414009.280546
[00:03:46] ML tree search #4, logLikelihood: -414012.645395
[00:04:41] ML tree search #5, logLikelihood: -414009.272771
[00:05:38] ML tree search #6, logLikelihood: -414012.640783
[00:06:37] ML tree search #7, logLikelihood: -414012.635613
[00:07:31] ML tree search #8, logLikelihood: -414009.276283
[00:08:28] ML tree search #9, logLikelihood: -414009.272811
[00:09:27] ML tree search #10, logLikelihood: -414012.638204
[00:10:07] ML tree search #11, logLikelihood: -414009.268152
[00:10:55] ML tree search #12, logLikelihood: -414009.271782
[00:11:40] ML tree search #13, logLikelihood: -414012.634278
[00:12:24] ML tree search #14, logLikelihood: -414012.635389
[00:13:07] ML tree search #15, logLikelihood: -414012.640026
[00:13:47] ML tree search #16, logLikelihood: -414009.268231
[00:14:29] ML tree search #17, logLikelihood: -414012.636039
[00:15:09] ML tree search #18, logLikelihood: -414009.269172
[00:15:57] ML tree search #19, logLikelihood: -414012.634590
[00:16:39] ML tree search #20, logLikelihood: -414012.633711

[00:16:39] ML tree search completed, best tree logLH: -414009.268152

[00:16:39] Starting bootstrapping analysis with 1000 replicates.

[00:17:12] Bootstrap tree #1, logLikelihood: -407195.486646
[00:17:50] Bootstrap tree #2, logLikelihood: -419853.651544
[00:18:25] Bootstrap tree #3, logLikelihood: -411684.053553
[00:19:00] Bootstrap tree #4, logLikelihood: -415967.856290
[00:19:38] Bootstrap tree #5, logLikelihood: -421122.365342
[00:20:13] Bootstrap tree #6, logLikelihood: -410678.075582
[00:20:46] Bootstrap tree #7, logLikelihood: -409638.163256
[00:21:21] Bootstrap tree #8, logLikelihood: -410438.220765
[00:21:58] Bootstrap tree #9, logLikelihood: -417797.041568
[00:22:31] Bootstrap tree #10, logLikelihood: -411937.188549
[00:23:09] Bootstrap tree #11, logLikelihood: -419964.138679
[00:23:41] Bootstrap tree #12, logLikelihood: -410738.039479
[00:24:17] Bootstrap tree #13, logLikelihood: -413031.304959
[00:24:50] Bootstrap tree #14, logLikelihood: -413560.548756
[00:25:27] Bootstrap tree #15, logLikelihood: -413194.386389
[00:26:17] Bootstrap tree #16, logLikelihood: -411949.472723
[00:26:51] Bootstrap tree #17, logLikelihood: -416799.067842
[00:27:25] Bootstrap tree #18, logLikelihood: -417045.765149
[00:27:55] Bootstrap tree #19, logLikelihood: -411917.344189
[00:28:29] Bootstrap tree #20, logLikelihood: -410249.181228
[00:29:04] Bootstrap tree #21, logLikelihood: -417495.355750
[00:29:37] Bootstrap tree #22, logLikelihood: -410882.211448
[00:30:11] Bootstrap tree #23, logLikelihood: -413506.361448
[00:30:53] Bootstrap tree #24, logLikelihood: -411821.757498
[00:31:32] Bootstrap tree #25, logLikelihood: -412363.396936
[00:32:09] Bootstrap tree #26, logLikelihood: -409659.444049
[00:32:45] Bootstrap tree #27, logLikelihood: -413822.275632
[00:33:20] Bootstrap tree #28, logLikelihood: -419601.442089
[00:34:02] Bootstrap tree #29, logLikelihood: -408581.351388
[00:34:35] Bootstrap tree #30, logLikelihood: -415121.992562
[00:35:09] Bootstrap tree #31, logLikelihood: -414336.626948
[00:35:47] Bootstrap tree #32, logLikelihood: -410529.911533
[00:36:19] Bootstrap tree #33, logLikelihood: -412466.705488
[00:36:51] Bootstrap tree #34, logLikelihood: -411666.595959
[00:37:24] Bootstrap tree #35, logLikelihood: -414996.016362
[00:38:08] Bootstrap tree #36, logLikelihood: -411561.478064
[00:38:38] Bootstrap tree #37, logLikelihood: -412247.314870
[00:39:15] Bootstrap tree #38, logLikelihood: -408613.243419
[00:39:55] Bootstrap tree #39, logLikelihood: -409096.244374
[00:40:35] Bootstrap tree #40, logLikelihood: -415230.938941
[00:41:14] Bootstrap tree #41, logLikelihood: -412846.958931
[00:41:49] Bootstrap tree #42, logLikelihood: -412529.711661
[00:42:24] Bootstrap tree #43, logLikelihood: -410724.160383
[00:43:06] Bootstrap tree #44, logLikelihood: -417405.547173
[00:43:41] Bootstrap tree #45, logLikelihood: -412744.326210
[00:44:16] Bootstrap tree #46, logLikelihood: -414808.832634
[00:45:00] Bootstrap tree #47, logLikelihood: -411925.741195
[00:45:31] Bootstrap tree #48, logLikelihood: -414755.092312
[00:46:08] Bootstrap tree #49, logLikelihood: -416321.490855
[00:46:45] Bootstrap tree #50, logLikelihood: -414768.549365
[00:47:19] Bootstrap tree #51, logLikelihood: -411243.725005
[00:47:58] Bootstrap tree #52, logLikelihood: -412126.475572
[00:48:38] Bootstrap tree #53, logLikelihood: -414244.117455
[00:49:16] Bootstrap tree #54, logLikelihood: -413798.130962
[00:49:51] Bootstrap tree #55, logLikelihood: -416521.139928
[00:50:25] Bootstrap tree #56, logLikelihood: -421047.854921
[00:51:00] Bootstrap tree #57, logLikelihood: -411427.375608
[00:51:38] Bootstrap tree #58, logLikelihood: -409188.285826
[00:52:22] Bootstrap tree #59, logLikelihood: -413920.267408
[00:52:55] Bootstrap tree #60, logLikelihood: -414185.216606
[00:53:31] Bootstrap tree #61, logLikelihood: -412777.005949
[00:54:05] Bootstrap tree #62, logLikelihood: -413156.686031
[00:54:42] Bootstrap tree #63, logLikelihood: -411428.142613
[00:55:20] Bootstrap tree #64, logLikelihood: -413468.403667
[00:56:00] Bootstrap tree #65, logLikelihood: -418821.076534
[00:56:36] Bootstrap tree #66, logLikelihood: -415438.678496
[00:57:11] Bootstrap tree #67, logLikelihood: -410465.795081
[00:57:45] Bootstrap tree #68, logLikelihood: -416284.724681
[00:58:24] Bootstrap tree #69, logLikelihood: -414704.667093
[00:58:59] Bootstrap tree #70, logLikelihood: -418274.145821
[00:59:45] Bootstrap tree #71, logLikelihood: -413295.863104
[01:00:20] Bootstrap tree #72, logLikelihood: -420658.874344
[01:00:59] Bootstrap tree #73, logLikelihood: -417798.958374
[01:01:37] Bootstrap tree #74, logLikelihood: -414317.379968
[01:02:18] Bootstrap tree #75, logLikelihood: -419933.480053
[01:02:50] Bootstrap tree #76, logLikelihood: -412261.174108
[01:03:25] Bootstrap tree #77, logLikelihood: -412473.115709
[01:03:59] Bootstrap tree #78, logLikelihood: -419292.408189
[01:04:38] Bootstrap tree #79, logLikelihood: -418198.391257
[01:05:18] Bootstrap tree #80, logLikelihood: -409697.924072
[01:05:58] Bootstrap tree #81, logLikelihood: -411167.457880
[01:06:32] Bootstrap tree #82, logLikelihood: -412399.786096
[01:07:07] Bootstrap tree #83, logLikelihood: -409611.854259
[01:07:42] Bootstrap tree #84, logLikelihood: -412582.322742
[01:08:20] Bootstrap tree #85, logLikelihood: -416255.676418
[01:09:00] Bootstrap tree #86, logLikelihood: -408108.573184
[01:09:38] Bootstrap tree #87, logLikelihood: -411377.838965
[01:10:13] Bootstrap tree #88, logLikelihood: -414643.481556
[01:10:53] Bootstrap tree #89, logLikelihood: -413155.296884
[01:11:34] Bootstrap tree #90, logLikelihood: -414921.894809
[01:12:07] Bootstrap tree #91, logLikelihood: -412891.821734
[01:12:41] Bootstrap tree #92, logLikelihood: -414547.440870
[01:13:18] Bootstrap tree #93, logLikelihood: -412606.085285
[01:13:51] Bootstrap tree #94, logLikelihood: -413356.823305
[01:14:30] Bootstrap tree #95, logLikelihood: -417859.431223
[01:15:05] Bootstrap tree #96, logLikelihood: -417497.051677
[01:15:45] Bootstrap tree #97, logLikelihood: -412684.142864
[01:16:20] Bootstrap tree #98, logLikelihood: -416099.218075
[01:16:53] Bootstrap tree #99, logLikelihood: -405782.637127
[01:17:28] Bootstrap tree #100, logLikelihood: -414438.866151
[01:18:08] Bootstrap tree #101, logLikelihood: -411535.038803
[01:18:44] Bootstrap tree #102, logLikelihood: -415881.448585
[01:19:20] Bootstrap tree #103, logLikelihood: -414413.649408
[01:19:57] Bootstrap tree #104, logLikelihood: -421827.779798
[01:20:33] Bootstrap tree #105, logLikelihood: -415417.010296
[01:21:16] Bootstrap tree #106, logLikelihood: -414449.890939
[01:21:50] Bootstrap tree #107, logLikelihood: -409784.788513
[01:22:26] Bootstrap tree #108, logLikelihood: -414883.300452
[01:23:04] Bootstrap tree #109, logLikelihood: -416040.719132
[01:23:42] Bootstrap tree #110, logLikelihood: -420920.595606
[01:24:14] Bootstrap tree #111, logLikelihood: -411128.259864
[01:24:50] Bootstrap tree #112, logLikelihood: -411024.670202
[01:25:32] Bootstrap tree #113, logLikelihood: -410032.437239
[01:26:06] Bootstrap tree #114, logLikelihood: -418610.726627
[01:26:45] Bootstrap tree #115, logLikelihood: -420353.824986
[01:27:27] Bootstrap tree #116, logLikelihood: -413877.153778
[01:28:03] Bootstrap tree #117, logLikelihood: -418779.870006
[01:28:47] Bootstrap tree #118, logLikelihood: -412637.621594
[01:29:23] Bootstrap tree #119, logLikelihood: -416431.746442
[01:29:57] Bootstrap tree #120, logLikelihood: -414123.375697
[01:30:32] Bootstrap tree #121, logLikelihood: -416602.209076
[01:31:05] Bootstrap tree #122, logLikelihood: -419560.687044
[01:31:42] Bootstrap tree #123, logLikelihood: -413314.556276
[01:32:21] Bootstrap tree #124, logLikelihood: -418953.726563
[01:32:58] Bootstrap tree #125, logLikelihood: -408239.625700
[01:33:32] Bootstrap tree #126, logLikelihood: -417153.366851
[01:34:05] Bootstrap tree #127, logLikelihood: -411865.608604
[01:34:44] Bootstrap tree #128, logLikelihood: -410982.409089
[01:35:19] Bootstrap tree #129, logLikelihood: -414936.755321
[01:36:00] Bootstrap tree #130, logLikelihood: -415271.526056
[01:36:34] Bootstrap tree #131, logLikelihood: -413813.328912
[01:37:13] Bootstrap tree #132, logLikelihood: -413416.022290
[01:37:44] Bootstrap tree #133, logLikelihood: -414695.499347
[01:38:22] Bootstrap tree #134, logLikelihood: -409812.307714
[01:38:57] Bootstrap tree #135, logLikelihood: -412954.736922
[01:39:37] Bootstrap tree #136, logLikelihood: -414249.567754
[01:40:10] Bootstrap tree #137, logLikelihood: -414242.358209
[01:40:46] Bootstrap tree #138, logLikelihood: -405203.859211
[01:41:25] Bootstrap tree #139, logLikelihood: -417139.110640
[01:41:59] Bootstrap tree #140, logLikelihood: -415976.918775
[01:42:32] Bootstrap tree #141, logLikelihood: -413423.168665
[01:43:05] Bootstrap tree #142, logLikelihood: -420417.075097
[01:43:43] Bootstrap tree #143, logLikelihood: -421379.385281
[01:44:23] Bootstrap tree #144, logLikelihood: -413583.489573
[01:44:55] Bootstrap tree #145, logLikelihood: -415708.700433
[01:45:28] Bootstrap tree #146, logLikelihood: -415961.247689
[01:46:05] Bootstrap tree #147, logLikelihood: -417178.349499
[01:46:44] Bootstrap tree #148, logLikelihood: -413215.306311
[01:47:28] Bootstrap tree #149, logLikelihood: -419872.358439
[01:48:14] Bootstrap tree #150, logLikelihood: -406617.406544
[01:48:49] Bootstrap tree #151, logLikelihood: -416030.141261
[01:49:25] Bootstrap tree #152, logLikelihood: -416528.476999
[01:50:02] Bootstrap tree #153, logLikelihood: -411140.036077
[01:50:34] Bootstrap tree #154, logLikelihood: -415295.248058
[01:51:21] Bootstrap tree #155, logLikelihood: -411153.158418
[01:52:01] Bootstrap tree #156, logLikelihood: -415559.649701
[01:52:36] Bootstrap tree #157, logLikelihood: -409301.070971
[01:53:12] Bootstrap tree #158, logLikelihood: -419803.703925
[01:53:46] Bootstrap tree #159, logLikelihood: -408216.932647
[01:54:23] Bootstrap tree #160, logLikelihood: -414130.109345
[01:55:05] Bootstrap tree #161, logLikelihood: -414453.627509
[01:55:46] Bootstrap tree #162, logLikelihood: -415189.389284
[01:56:24] Bootstrap tree #163, logLikelihood: -405858.887221
[01:57:02] Bootstrap tree #164, logLikelihood: -414916.786670
[01:57:32] Bootstrap tree #165, logLikelihood: -412381.264916
[01:58:04] Bootstrap tree #166, logLikelihood: -417318.382080
[01:58:37] Bootstrap tree #167, logLikelihood: -413529.564976
[01:59:14] Bootstrap tree #168, logLikelihood: -412526.324529
[01:59:51] Bootstrap tree #169, logLikelihood: -413599.524794
[02:00:25] Bootstrap tree #170, logLikelihood: -416550.240618
[02:01:02] Bootstrap tree #171, logLikelihood: -413883.791005
[02:01:36] Bootstrap tree #172, logLikelihood: -413654.133475
[02:02:19] Bootstrap tree #173, logLikelihood: -413522.346946
[02:02:51] Bootstrap tree #174, logLikelihood: -419227.417859
[02:03:24] Bootstrap tree #175, logLikelihood: -413406.297960
[02:04:00] Bootstrap tree #176, logLikelihood: -414143.236716
[02:04:33] Bootstrap tree #177, logLikelihood: -412285.609982
[02:05:12] Bootstrap tree #178, logLikelihood: -414248.467270
[02:05:47] Bootstrap tree #179, logLikelihood: -414340.783478
[02:06:25] Bootstrap tree #180, logLikelihood: -412358.204884
[02:07:02] Bootstrap tree #181, logLikelihood: -415450.509568
[02:07:44] Bootstrap tree #182, logLikelihood: -421622.315135
[02:08:17] Bootstrap tree #183, logLikelihood: -417724.090626
[02:08:51] Bootstrap tree #184, logLikelihood: -410496.483184
[02:09:23] Bootstrap tree #185, logLikelihood: -415301.845367
[02:09:55] Bootstrap tree #186, logLikelihood: -420440.292442
[02:10:31] Bootstrap tree #187, logLikelihood: -412216.009905
[02:11:04] Bootstrap tree #188, logLikelihood: -410118.216387
[02:11:42] Bootstrap tree #189, logLikelihood: -411613.550522
[02:12:14] Bootstrap tree #190, logLikelihood: -407676.521081
[02:12:53] Bootstrap tree #191, logLikelihood: -409573.764153
[02:13:29] Bootstrap tree #192, logLikelihood: -412324.826160
[02:14:06] Bootstrap tree #193, logLikelihood: -407805.089667
[02:14:44] Bootstrap tree #194, logLikelihood: -414081.373701
[02:15:28] Bootstrap tree #195, logLikelihood: -418990.520699
[02:16:06] Bootstrap tree #196, logLikelihood: -412267.202876
[02:16:42] Bootstrap tree #197, logLikelihood: -410421.619655
[02:17:20] Bootstrap tree #198, logLikelihood: -411470.667048
[02:18:01] Bootstrap tree #199, logLikelihood: -415320.672211
[02:18:45] Bootstrap tree #200, logLikelihood: -416389.372518
[02:19:24] Bootstrap tree #201, logLikelihood: -411849.777922
[02:19:59] Bootstrap tree #202, logLikelihood: -417201.693725
[02:20:35] Bootstrap tree #203, logLikelihood: -417897.020051
[02:21:13] Bootstrap tree #204, logLikelihood: -414607.684322
[02:21:52] Bootstrap tree #205, logLikelihood: -412771.599941
[02:22:28] Bootstrap tree #206, logLikelihood: -412771.994620
[02:23:04] Bootstrap tree #207, logLikelihood: -411335.184359
[02:23:38] Bootstrap tree #208, logLikelihood: -416063.398917
[02:24:19] Bootstrap tree #209, logLikelihood: -416015.175903
[02:24:53] Bootstrap tree #210, logLikelihood: -415495.048380
[02:25:25] Bootstrap tree #211, logLikelihood: -409699.838187
[02:26:06] Bootstrap tree #212, logLikelihood: -410898.544108
[02:26:41] Bootstrap tree #213, logLikelihood: -412147.226421
[02:27:16] Bootstrap tree #214, logLikelihood: -413711.142843
[02:27:57] Bootstrap tree #215, logLikelihood: -417739.904093
[02:28:30] Bootstrap tree #216, logLikelihood: -412832.623163
[02:29:04] Bootstrap tree #217, logLikelihood: -410424.320260
[02:29:41] Bootstrap tree #218, logLikelihood: -420699.671397
[02:30:25] Bootstrap tree #219, logLikelihood: -421153.672552
[02:31:02] Bootstrap tree #220, logLikelihood: -410016.650859
[02:31:39] Bootstrap tree #221, logLikelihood: -415221.805169
[02:32:23] Bootstrap tree #222, logLikelihood: -407573.489830
[02:32:59] Bootstrap tree #223, logLikelihood: -408097.369988
[02:33:34] Bootstrap tree #224, logLikelihood: -409805.257277
[02:34:11] Bootstrap tree #225, logLikelihood: -411881.511394
[02:34:45] Bootstrap tree #226, logLikelihood: -412542.027468
[02:35:25] Bootstrap tree #227, logLikelihood: -409157.724383
[02:36:06] Bootstrap tree #228, logLikelihood: -413290.858884
[02:36:46] Bootstrap tree #229, logLikelihood: -410775.152410
[02:37:23] Bootstrap tree #230, logLikelihood: -412741.798537
[02:38:02] Bootstrap tree #231, logLikelihood: -415917.674590
[02:38:39] Bootstrap tree #232, logLikelihood: -412163.650233
[02:39:12] Bootstrap tree #233, logLikelihood: -415258.644914
[02:39:50] Bootstrap tree #234, logLikelihood: -415392.225657
[02:40:28] Bootstrap tree #235, logLikelihood: -415047.016800
[02:41:07] Bootstrap tree #236, logLikelihood: -413407.112617
[02:41:39] Bootstrap tree #237, logLikelihood: -411153.730453
[02:42:16] Bootstrap tree #238, logLikelihood: -412788.833554
[02:42:52] Bootstrap tree #239, logLikelihood: -415293.513937
[02:43:31] Bootstrap tree #240, logLikelihood: -408724.278420
[02:44:09] Bootstrap tree #241, logLikelihood: -412058.422118
[02:44:45] Bootstrap tree #242, logLikelihood: -412599.666909
[02:45:18] Bootstrap tree #243, logLikelihood: -413371.951949
[02:45:57] Bootstrap tree #244, logLikelihood: -409818.947339
[02:46:31] Bootstrap tree #245, logLikelihood: -416471.245375
[02:47:03] Bootstrap tree #246, logLikelihood: -411475.668666
[02:47:38] Bootstrap tree #247, logLikelihood: -413614.248695
[02:48:14] Bootstrap tree #248, logLikelihood: -413002.171040
[02:48:54] Bootstrap tree #249, logLikelihood: -407830.025306
[02:49:34] Bootstrap tree #250, logLikelihood: -415684.914702
[02:50:12] Bootstrap tree #251, logLikelihood: -419688.682761
[02:50:47] Bootstrap tree #252, logLikelihood: -417201.251072
[02:51:21] Bootstrap tree #253, logLikelihood: -414490.288305
[02:52:07] Bootstrap tree #254, logLikelihood: -414920.180344
[02:52:39] Bootstrap tree #255, logLikelihood: -412390.038350
[02:53:15] Bootstrap tree #256, logLikelihood: -421057.339575
[02:53:51] Bootstrap tree #257, logLikelihood: -411453.086786
[02:54:26] Bootstrap tree #258, logLikelihood: -413957.123534
[02:55:01] Bootstrap tree #259, logLikelihood: -413206.333654
[02:55:41] Bootstrap tree #260, logLikelihood: -420228.546479
[02:56:18] Bootstrap tree #261, logLikelihood: -415151.377882
[02:56:50] Bootstrap tree #262, logLikelihood: -416280.536282
[02:57:28] Bootstrap tree #263, logLikelihood: -411087.234320
[02:58:09] Bootstrap tree #264, logLikelihood: -417299.613783
[02:58:41] Bootstrap tree #265, logLikelihood: -412122.889351
[02:59:17] Bootstrap tree #266, logLikelihood: -408347.713033
[02:59:55] Bootstrap tree #267, logLikelihood: -411802.385163
[03:00:34] Bootstrap tree #268, logLikelihood: -415663.788383
[03:01:10] Bootstrap tree #269, logLikelihood: -410351.576598
[03:01:47] Bootstrap tree #270, logLikelihood: -423653.431363
[03:02:22] Bootstrap tree #271, logLikelihood: -416475.920963
[03:03:02] Bootstrap tree #272, logLikelihood: -409402.333228
[03:03:35] Bootstrap tree #273, logLikelihood: -410185.664700
[03:04:21] Bootstrap tree #274, logLikelihood: -416621.743234
[03:04:54] Bootstrap tree #275, logLikelihood: -413776.373592
[03:05:34] Bootstrap tree #276, logLikelihood: -417579.416722
[03:06:06] Bootstrap tree #277, logLikelihood: -413485.593050
[03:06:42] Bootstrap tree #278, logLikelihood: -408944.966030
[03:07:20] Bootstrap tree #279, logLikelihood: -412288.043817
[03:08:00] Bootstrap tree #280, logLikelihood: -417151.904650
[03:08:39] Bootstrap tree #281, logLikelihood: -414321.017909
[03:09:19] Bootstrap tree #282, logLikelihood: -413975.140303
[03:10:03] Bootstrap tree #283, logLikelihood: -419212.941310
[03:10:41] Bootstrap tree #284, logLikelihood: -415579.005660
[03:11:17] Bootstrap tree #285, logLikelihood: -415649.041496
[03:11:51] Bootstrap tree #286, logLikelihood: -416482.132023
[03:12:30] Bootstrap tree #287, logLikelihood: -407598.669982
[03:13:07] Bootstrap tree #288, logLikelihood: -411072.739675
[03:13:42] Bootstrap tree #289, logLikelihood: -413241.399548
[03:14:17] Bootstrap tree #290, logLikelihood: -416908.814405
[03:14:56] Bootstrap tree #291, logLikelihood: -407677.489880
[03:15:32] Bootstrap tree #292, logLikelihood: -415891.801668
[03:16:10] Bootstrap tree #293, logLikelihood: -410225.830680
[03:16:47] Bootstrap tree #294, logLikelihood: -411956.052211
[03:17:25] Bootstrap tree #295, logLikelihood: -404837.729218
[03:18:05] Bootstrap tree #296, logLikelihood: -415138.225448
[03:18:42] Bootstrap tree #297, logLikelihood: -416228.671486
[03:19:16] Bootstrap tree #298, logLikelihood: -408513.556463
[03:19:48] Bootstrap tree #299, logLikelihood: -412670.487263
[03:20:28] Bootstrap tree #300, logLikelihood: -416535.105398
[03:21:08] Bootstrap tree #301, logLikelihood: -416979.562563
[03:21:48] Bootstrap tree #302, logLikelihood: -415059.937295
[03:22:27] Bootstrap tree #303, logLikelihood: -408411.811269
[03:23:00] Bootstrap tree #304, logLikelihood: -410950.816682
[03:23:41] Bootstrap tree #305, logLikelihood: -412799.149603
[03:24:16] Bootstrap tree #306, logLikelihood: -418095.541516
[03:25:07] Bootstrap tree #307, logLikelihood: -414834.576681
[03:25:45] Bootstrap tree #308, logLikelihood: -414298.726159
[03:26:21] Bootstrap tree #309, logLikelihood: -416282.322004
[03:26:55] Bootstrap tree #310, logLikelihood: -410216.889467
[03:27:41] Bootstrap tree #311, logLikelihood: -408298.001139
[03:28:16] Bootstrap tree #312, logLikelihood: -417467.491026
[03:28:52] Bootstrap tree #313, logLikelihood: -409460.090980
[03:29:34] Bootstrap tree #314, logLikelihood: -415474.953073
[03:30:04] Bootstrap tree #315, logLikelihood: -412355.327123
[03:30:51] Bootstrap tree #316, logLikelihood: -415753.510405
[03:31:29] Bootstrap tree #317, logLikelihood: -412567.361847
[03:32:09] Bootstrap tree #318, logLikelihood: -413904.230930
[03:32:47] Bootstrap tree #319, logLikelihood: -414570.459102
[03:33:24] Bootstrap tree #320, logLikelihood: -415265.364512
[03:33:55] Bootstrap tree #321, logLikelihood: -413288.748331
[03:34:31] Bootstrap tree #322, logLikelihood: -413211.924212
[03:35:07] Bootstrap tree #323, logLikelihood: -413253.316728
[03:35:45] Bootstrap tree #324, logLikelihood: -412572.406975
[03:36:24] Bootstrap tree #325, logLikelihood: -415569.544011
[03:36:59] Bootstrap tree #326, logLikelihood: -412652.681016
[03:37:39] Bootstrap tree #327, logLikelihood: -416106.183463
[03:38:15] Bootstrap tree #328, logLikelihood: -411869.996005
[03:38:53] Bootstrap tree #329, logLikelihood: -413657.260101
[03:39:28] Bootstrap tree #330, logLikelihood: -421493.416863
[03:40:03] Bootstrap tree #331, logLikelihood: -416564.600183
[03:40:40] Bootstrap tree #332, logLikelihood: -415616.960259
[03:41:17] Bootstrap tree #333, logLikelihood: -412488.622820
[03:41:56] Bootstrap tree #334, logLikelihood: -413816.225897
[03:42:38] Bootstrap tree #335, logLikelihood: -408931.388790
[03:43:14] Bootstrap tree #336, logLikelihood: -410583.118821
[03:43:45] Bootstrap tree #337, logLikelihood: -409992.682157
[03:44:25] Bootstrap tree #338, logLikelihood: -419766.160686
[03:44:58] Bootstrap tree #339, logLikelihood: -409674.126633
[03:45:32] Bootstrap tree #340, logLikelihood: -408666.758978
[03:46:07] Bootstrap tree #341, logLikelihood: -409380.891138
[03:46:44] Bootstrap tree #342, logLikelihood: -416984.119984
[03:47:23] Bootstrap tree #343, logLikelihood: -420382.565119
[03:48:06] Bootstrap tree #344, logLikelihood: -409425.568862
[03:48:41] Bootstrap tree #345, logLikelihood: -416344.840772
[03:49:19] Bootstrap tree #346, logLikelihood: -412659.913252
[03:49:55] Bootstrap tree #347, logLikelihood: -417824.506329
[03:50:28] Bootstrap tree #348, logLikelihood: -408448.937754
[03:51:02] Bootstrap tree #349, logLikelihood: -412833.371305
[03:51:38] Bootstrap tree #350, logLikelihood: -411279.672505
[03:52:17] Bootstrap tree #351, logLikelihood: -406393.880865
[03:52:56] Bootstrap tree #352, logLikelihood: -406747.679647
[03:53:32] Bootstrap tree #353, logLikelihood: -408099.879991
[03:54:05] Bootstrap tree #354, logLikelihood: -410581.027136
[03:54:44] Bootstrap tree #355, logLikelihood: -414593.245214
[03:55:20] Bootstrap tree #356, logLikelihood: -417640.902181
[03:56:00] Bootstrap tree #357, logLikelihood: -412491.412224
[03:56:40] Bootstrap tree #358, logLikelihood: -410366.504000
[03:57:17] Bootstrap tree #359, logLikelihood: -410745.722855
[03:57:56] Bootstrap tree #360, logLikelihood: -413844.840904
[03:58:39] Bootstrap tree #361, logLikelihood: -418341.977914
[03:59:16] Bootstrap tree #362, logLikelihood: -411128.856205
[03:59:55] Bootstrap tree #363, logLikelihood: -417051.023170
[04:00:35] Bootstrap tree #364, logLikelihood: -412441.390748
[04:01:17] Bootstrap tree #365, logLikelihood: -414749.061719
[04:01:58] Bootstrap tree #366, logLikelihood: -420371.541182
[04:02:41] Bootstrap tree #367, logLikelihood: -414288.695149
[04:03:19] Bootstrap tree #368, logLikelihood: -417619.981998
[04:04:03] Bootstrap tree #369, logLikelihood: -408522.586899
[04:04:42] Bootstrap tree #370, logLikelihood: -411483.105107
[04:05:21] Bootstrap tree #371, logLikelihood: -410374.590180
[04:05:55] Bootstrap tree #372, logLikelihood: -411579.465163
[04:06:31] Bootstrap tree #373, logLikelihood: -414826.541697
[04:07:08] Bootstrap tree #374, logLikelihood: -416997.973841
[04:07:51] Bootstrap tree #375, logLikelihood: -412762.497979
[04:08:36] Bootstrap tree #376, logLikelihood: -414616.841902
[04:09:26] Bootstrap tree #377, logLikelihood: -412528.815272
[04:10:01] Bootstrap tree #378, logLikelihood: -412016.428702
[04:10:38] Bootstrap tree #379, logLikelihood: -409561.578608
[04:11:17] Bootstrap tree #380, logLikelihood: -409384.569634
[04:11:59] Bootstrap tree #381, logLikelihood: -416156.413402
[04:12:37] Bootstrap tree #382, logLikelihood: -416774.050837
[04:13:17] Bootstrap tree #383, logLikelihood: -410046.552206
[04:14:05] Bootstrap tree #384, logLikelihood: -416426.404849
[04:14:43] Bootstrap tree #385, logLikelihood: -427978.584060
[04:15:31] Bootstrap tree #386, logLikelihood: -415014.648488
[04:16:18] Bootstrap tree #387, logLikelihood: -408483.895941
[04:16:57] Bootstrap tree #388, logLikelihood: -418512.649993
[04:17:45] Bootstrap tree #389, logLikelihood: -412964.774762
[04:18:23] Bootstrap tree #390, logLikelihood: -412042.697767
[04:19:00] Bootstrap tree #391, logLikelihood: -411889.009163
[04:19:36] Bootstrap tree #392, logLikelihood: -416702.906646
[04:20:24] Bootstrap tree #393, logLikelihood: -417624.315724
[04:21:09] Bootstrap tree #394, logLikelihood: -413142.028495
[04:21:49] Bootstrap tree #395, logLikelihood: -413473.622624
[04:22:28] Bootstrap tree #396, logLikelihood: -414893.220039
[04:23:09] Bootstrap tree #397, logLikelihood: -408514.192934
[04:23:54] Bootstrap tree #398, logLikelihood: -416364.239095
[04:24:31] Bootstrap tree #399, logLikelihood: -417590.688509
[04:25:07] Bootstrap tree #400, logLikelihood: -412505.231624
[04:25:51] Bootstrap tree #401, logLikelihood: -410902.323209
[04:26:36] Bootstrap tree #402, logLikelihood: -416001.285224
[04:27:15] Bootstrap tree #403, logLikelihood: -417974.630092
[04:27:52] Bootstrap tree #404, logLikelihood: -412783.747438
[04:28:30] Bootstrap tree #405, logLikelihood: -417070.427273
[04:29:05] Bootstrap tree #406, logLikelihood: -413241.353542
[04:29:46] Bootstrap tree #407, logLikelihood: -415998.794227
[04:30:20] Bootstrap tree #408, logLikelihood: -411513.579859
[04:30:57] Bootstrap tree #409, logLikelihood: -410468.683800
[04:31:31] Bootstrap tree #410, logLikelihood: -413321.534198
[04:32:17] Bootstrap tree #411, logLikelihood: -417317.411303
[04:32:55] Bootstrap tree #412, logLikelihood: -410742.082140
[04:33:32] Bootstrap tree #413, logLikelihood: -411056.993037
[04:34:22] Bootstrap tree #414, logLikelihood: -419040.691168
[04:35:03] Bootstrap tree #415, logLikelihood: -414761.293742
[04:35:36] Bootstrap tree #416, logLikelihood: -407774.497210
[04:36:17] Bootstrap tree #417, logLikelihood: -412002.521385
[04:36:57] Bootstrap tree #418, logLikelihood: -411484.975348
[04:37:36] Bootstrap tree #419, logLikelihood: -407389.490567
[04:38:16] Bootstrap tree #420, logLikelihood: -420160.242098
[04:38:55] Bootstrap tree #421, logLikelihood: -418453.613064
[04:39:32] Bootstrap tree #422, logLikelihood: -415048.496184
[04:40:09] Bootstrap tree #423, logLikelihood: -416258.115068
[04:40:48] Bootstrap tree #424, logLikelihood: -415128.349577
[04:41:28] Bootstrap tree #425, logLikelihood: -417204.730765
[04:42:07] Bootstrap tree #426, logLikelihood: -412402.640598
[04:42:54] Bootstrap tree #427, logLikelihood: -410974.804997
[04:43:35] Bootstrap tree #428, logLikelihood: -414246.292345
[04:44:10] Bootstrap tree #429, logLikelihood: -409974.280126
[04:44:55] Bootstrap tree #430, logLikelihood: -411500.699983
[04:45:33] Bootstrap tree #431, logLikelihood: -412369.349296
[04:46:13] Bootstrap tree #432, logLikelihood: -416944.543670
[04:46:52] Bootstrap tree #433, logLikelihood: -414624.975392
[04:47:31] Bootstrap tree #434, logLikelihood: -416274.151318
[04:48:09] Bootstrap tree #435, logLikelihood: -410562.518695
[04:48:45] Bootstrap tree #436, logLikelihood: -413996.804829
[04:49:22] Bootstrap tree #437, logLikelihood: -416625.924129
[04:50:11] Bootstrap tree #438, logLikelihood: -412119.850646
[04:50:49] Bootstrap tree #439, logLikelihood: -415672.966333
[04:51:40] Bootstrap tree #440, logLikelihood: -415424.933784
[04:52:19] Bootstrap tree #441, logLikelihood: -409312.845617
[04:53:04] Bootstrap tree #442, logLikelihood: -411403.867581
[04:53:48] Bootstrap tree #443, logLikelihood: -415549.377954
[04:54:36] Bootstrap tree #444, logLikelihood: -415375.385760
[04:55:19] Bootstrap tree #445, logLikelihood: -409328.645010
[04:55:54] Bootstrap tree #446, logLikelihood: -412513.424038
[04:56:41] Bootstrap tree #447, logLikelihood: -410416.550163
[04:57:14] Bootstrap tree #448, logLikelihood: -417212.024366
[04:57:49] Bootstrap tree #449, logLikelihood: -411758.796449
[04:58:25] Bootstrap tree #450, logLikelihood: -411073.055879
[04:59:07] Bootstrap tree #451, logLikelihood: -412189.417918
[04:59:46] Bootstrap tree #452, logLikelihood: -414382.505732
[05:00:26] Bootstrap tree #453, logLikelihood: -411905.203048
[05:01:05] Bootstrap tree #454, logLikelihood: -417469.142609
[05:01:44] Bootstrap tree #455, logLikelihood: -409387.355499
[05:02:24] Bootstrap tree #456, logLikelihood: -418091.362514
[05:03:03] Bootstrap tree #457, logLikelihood: -413452.874077
[05:03:42] Bootstrap tree #458, logLikelihood: -415961.180510
[05:04:19] Bootstrap tree #459, logLikelihood: -417416.905748
[05:04:58] Bootstrap tree #460, logLikelihood: -420218.875627
[05:05:37] Bootstrap tree #461, logLikelihood: -410732.345618
[05:06:16] Bootstrap tree #462, logLikelihood: -412866.617747
[05:06:53] Bootstrap tree #463, logLikelihood: -411622.141769
[05:07:33] Bootstrap tree #464, logLikelihood: -413217.978503
[05:08:14] Bootstrap tree #465, logLikelihood: -412132.917689
[05:08:50] Bootstrap tree #466, logLikelihood: -413887.385240
[05:09:25] Bootstrap tree #467, logLikelihood: -414216.436585
[05:10:05] Bootstrap tree #468, logLikelihood: -413664.623160
[05:10:49] Bootstrap tree #469, logLikelihood: -409407.348179
[05:11:29] Bootstrap tree #470, logLikelihood: -413284.944934
[05:12:14] Bootstrap tree #471, logLikelihood: -404514.891328
[05:12:50] Bootstrap tree #472, logLikelihood: -407384.636438
[05:13:27] Bootstrap tree #473, logLikelihood: -415206.905170
[05:14:08] Bootstrap tree #474, logLikelihood: -417205.241689
[05:14:44] Bootstrap tree #475, logLikelihood: -412388.458361
[05:15:21] Bootstrap tree #476, logLikelihood: -411683.750357
[05:15:55] Bootstrap tree #477, logLikelihood: -409680.500223
[05:16:30] Bootstrap tree #478, logLikelihood: -411474.749127
[05:17:08] Bootstrap tree #479, logLikelihood: -413903.043689
[05:17:43] Bootstrap tree #480, logLikelihood: -403939.327427
[05:18:23] Bootstrap tree #481, logLikelihood: -415999.591392
[05:19:01] Bootstrap tree #482, logLikelihood: -416777.777619
[05:19:41] Bootstrap tree #483, logLikelihood: -417582.419774
[05:20:20] Bootstrap tree #484, logLikelihood: -416491.556801
[05:20:57] Bootstrap tree #485, logLikelihood: -413354.396480
[05:21:32] Bootstrap tree #486, logLikelihood: -420517.366426
[05:22:15] Bootstrap tree #487, logLikelihood: -409715.080887
[05:22:52] Bootstrap tree #488, logLikelihood: -421399.734497
[05:23:28] Bootstrap tree #489, logLikelihood: -410864.323300
[05:24:07] Bootstrap tree #490, logLikelihood: -410973.584224
[05:24:46] Bootstrap tree #491, logLikelihood: -414618.952294
[05:25:23] Bootstrap tree #492, logLikelihood: -412507.961446
[05:26:01] Bootstrap tree #493, logLikelihood: -409888.995218
[05:26:41] Bootstrap tree #494, logLikelihood: -416198.907751
[05:27:18] Bootstrap tree #495, logLikelihood: -405948.772731
[05:27:56] Bootstrap tree #496, logLikelihood: -417757.297608
[05:28:33] Bootstrap tree #497, logLikelihood: -412283.345790
[05:29:11] Bootstrap tree #498, logLikelihood: -415946.387718
[05:29:47] Bootstrap tree #499, logLikelihood: -412700.714774
[05:30:29] Bootstrap tree #500, logLikelihood: -419957.899828
[05:31:05] Bootstrap tree #501, logLikelihood: -408735.851090
[05:31:42] Bootstrap tree #502, logLikelihood: -415291.603268
[05:32:19] Bootstrap tree #503, logLikelihood: -411085.328840
[05:32:54] Bootstrap tree #504, logLikelihood: -411907.830512
[05:33:36] Bootstrap tree #505, logLikelihood: -417161.785744
[05:34:14] Bootstrap tree #506, logLikelihood: -410023.020809
[05:34:49] Bootstrap tree #507, logLikelihood: -413661.501152
[05:35:26] Bootstrap tree #508, logLikelihood: -414379.177291
[05:36:06] Bootstrap tree #509, logLikelihood: -409508.844607
[05:36:47] Bootstrap tree #510, logLikelihood: -413678.786062
[05:37:29] Bootstrap tree #511, logLikelihood: -410164.002305
[05:38:08] Bootstrap tree #512, logLikelihood: -411952.010527
[05:38:48] Bootstrap tree #513, logLikelihood: -411687.522710
[05:39:23] Bootstrap tree #514, logLikelihood: -412150.063634
[05:39:59] Bootstrap tree #515, logLikelihood: -416507.926062
[05:40:41] Bootstrap tree #516, logLikelihood: -409725.195451
[05:41:22] Bootstrap tree #517, logLikelihood: -411874.612945
[05:41:58] Bootstrap tree #518, logLikelihood: -414630.633188
[05:42:34] Bootstrap tree #519, logLikelihood: -413774.763893
[05:43:08] Bootstrap tree #520, logLikelihood: -410112.562855
[05:43:43] Bootstrap tree #521, logLikelihood: -413265.420902
[05:44:19] Bootstrap tree #522, logLikelihood: -409301.900699
[05:44:57] Bootstrap tree #523, logLikelihood: -413569.061036
[05:45:39] Bootstrap tree #524, logLikelihood: -416039.036027
[05:46:16] Bootstrap tree #525, logLikelihood: -418372.059992
[05:46:50] Bootstrap tree #526, logLikelihood: -418347.917054
[05:47:30] Bootstrap tree #527, logLikelihood: -416169.456504
[05:48:09] Bootstrap tree #528, logLikelihood: -413634.054098
[05:48:50] Bootstrap tree #529, logLikelihood: -412428.372748
[05:49:35] Bootstrap tree #530, logLikelihood: -413245.611728
[05:50:12] Bootstrap tree #531, logLikelihood: -413949.740229
[05:50:46] Bootstrap tree #532, logLikelihood: -417819.595488
[05:51:24] Bootstrap tree #533, logLikelihood: -414538.268981
[05:52:00] Bootstrap tree #534, logLikelihood: -414441.462509
[05:52:41] Bootstrap tree #535, logLikelihood: -410092.937911
[05:53:17] Bootstrap tree #536, logLikelihood: -416587.984150
[05:54:14] Bootstrap tree #537, logLikelihood: -411664.481173
[05:54:56] Bootstrap tree #538, logLikelihood: -415924.308847
[05:55:34] Bootstrap tree #539, logLikelihood: -415371.456869
[05:56:26] Bootstrap tree #540, logLikelihood: -413840.867002
[05:57:07] Bootstrap tree #541, logLikelihood: -419215.272464
[05:57:44] Bootstrap tree #542, logLikelihood: -413101.860216
[05:58:23] Bootstrap tree #543, logLikelihood: -413103.170670
[05:58:59] Bootstrap tree #544, logLikelihood: -413592.178822
[05:59:38] Bootstrap tree #545, logLikelihood: -413805.424614
[06:00:21] Bootstrap tree #546, logLikelihood: -409815.571630
[06:00:56] Bootstrap tree #547, logLikelihood: -415022.671580
[06:01:31] Bootstrap tree #548, logLikelihood: -406848.326452
[06:02:09] Bootstrap tree #549, logLikelihood: -419369.989392
[06:02:52] Bootstrap tree #550, logLikelihood: -414046.669328
[06:03:27] Bootstrap tree #551, logLikelihood: -409925.774943
[06:04:08] Bootstrap tree #552, logLikelihood: -410533.065265
[06:04:44] Bootstrap tree #553, logLikelihood: -411303.665011
[06:05:23] Bootstrap tree #554, logLikelihood: -416781.838618
[06:06:12] Bootstrap tree #555, logLikelihood: -413069.358108
[06:06:56] Bootstrap tree #556, logLikelihood: -414850.179288
[06:07:32] Bootstrap tree #557, logLikelihood: -416687.072263
[06:08:09] Bootstrap tree #558, logLikelihood: -418451.461995
[06:08:46] Bootstrap tree #559, logLikelihood: -415849.187592
[06:09:18] Bootstrap tree #560, logLikelihood: -411213.059328
[06:09:57] Bootstrap tree #561, logLikelihood: -416079.979412
[06:10:36] Bootstrap tree #562, logLikelihood: -415701.551675
[06:11:20] Bootstrap tree #563, logLikelihood: -414287.834158
[06:12:05] Bootstrap tree #564, logLikelihood: -407521.753745
[06:12:47] Bootstrap tree #565, logLikelihood: -413863.788411
[06:13:25] Bootstrap tree #566, logLikelihood: -413996.349630
[06:14:03] Bootstrap tree #567, logLikelihood: -417911.118306
[06:14:50] Bootstrap tree #568, logLikelihood: -417785.304110
[06:15:26] Bootstrap tree #569, logLikelihood: -412604.153032
[06:16:03] Bootstrap tree #570, logLikelihood: -408467.938441
[06:16:44] Bootstrap tree #571, logLikelihood: -411335.247878
[06:17:23] Bootstrap tree #572, logLikelihood: -407463.434204
[06:18:01] Bootstrap tree #573, logLikelihood: -414957.922817
[06:18:42] Bootstrap tree #574, logLikelihood: -409016.782255
[06:19:24] Bootstrap tree #575, logLikelihood: -414713.931273
[06:20:04] Bootstrap tree #576, logLikelihood: -414150.247007
[06:20:38] Bootstrap tree #577, logLikelihood: -409302.776752
[06:21:15] Bootstrap tree #578, logLikelihood: -417922.857555
[06:21:55] Bootstrap tree #579, logLikelihood: -418826.737347
[06:22:33] Bootstrap tree #580, logLikelihood: -415491.804216
[06:23:09] Bootstrap tree #581, logLikelihood: -422568.755062
[06:23:44] Bootstrap tree #582, logLikelihood: -410401.894589
[06:24:21] Bootstrap tree #583, logLikelihood: -415636.360517
[06:24:57] Bootstrap tree #584, logLikelihood: -411763.962313
[06:25:33] Bootstrap tree #585, logLikelihood: -416912.433537
[06:26:08] Bootstrap tree #586, logLikelihood: -416260.814729
[06:26:41] Bootstrap tree #587, logLikelihood: -414793.764049
[06:27:19] Bootstrap tree #588, logLikelihood: -407558.072290
[06:27:56] Bootstrap tree #589, logLikelihood: -417002.001046
[06:28:38] Bootstrap tree #590, logLikelihood: -419140.840221
[06:29:18] Bootstrap tree #591, logLikelihood: -410466.613647
[06:29:50] Bootstrap tree #592, logLikelihood: -414524.910611
[06:30:35] Bootstrap tree #593, logLikelihood: -416756.279879
[06:31:14] Bootstrap tree #594, logLikelihood: -410184.951227
[06:31:55] Bootstrap tree #595, logLikelihood: -412577.172082
[06:32:34] Bootstrap tree #596, logLikelihood: -413661.270219
[06:33:11] Bootstrap tree #597, logLikelihood: -407443.616390
[06:33:52] Bootstrap tree #598, logLikelihood: -413980.984518
[06:34:40] Bootstrap tree #599, logLikelihood: -420168.789692
[06:35:19] Bootstrap tree #600, logLikelihood: -414763.074764
[06:35:55] Bootstrap tree #601, logLikelihood: -413587.833069
[06:36:31] Bootstrap tree #602, logLikelihood: -417040.287433
[06:37:08] Bootstrap tree #603, logLikelihood: -410293.406844
[06:37:44] Bootstrap tree #604, logLikelihood: -411164.949211
[06:38:17] Bootstrap tree #605, logLikelihood: -416455.725930
[06:39:02] Bootstrap tree #606, logLikelihood: -410874.275209
[06:39:43] Bootstrap tree #607, logLikelihood: -418748.196049
[06:40:17] Bootstrap tree #608, logLikelihood: -412130.931693
[06:40:58] Bootstrap tree #609, logLikelihood: -412567.454518
[06:41:36] Bootstrap tree #610, logLikelihood: -420810.693389
[06:42:11] Bootstrap tree #611, logLikelihood: -412744.243904
[06:42:47] Bootstrap tree #612, logLikelihood: -410733.777571
[06:43:23] Bootstrap tree #613, logLikelihood: -420160.793461
[06:43:57] Bootstrap tree #614, logLikelihood: -418766.964603
[06:44:32] Bootstrap tree #615, logLikelihood: -421002.564070
[06:45:09] Bootstrap tree #616, logLikelihood: -417893.938330
[06:45:47] Bootstrap tree #617, logLikelihood: -410309.712772
[06:46:20] Bootstrap tree #618, logLikelihood: -416716.161300
[06:46:55] Bootstrap tree #619, logLikelihood: -411184.512259
[06:47:31] Bootstrap tree #620, logLikelihood: -410531.687011
[06:48:06] Bootstrap tree #621, logLikelihood: -412878.084622
[06:48:46] Bootstrap tree #622, logLikelihood: -407364.732717
[06:49:22] Bootstrap tree #623, logLikelihood: -416461.277653
[06:50:03] Bootstrap tree #624, logLikelihood: -412071.462339
[06:50:42] Bootstrap tree #625, logLikelihood: -411809.861668
[06:51:18] Bootstrap tree #626, logLikelihood: -415870.404555
[06:51:57] Bootstrap tree #627, logLikelihood: -409635.259669
[06:52:34] Bootstrap tree #628, logLikelihood: -417190.169962
[06:53:15] Bootstrap tree #629, logLikelihood: -408947.289712
[06:53:59] Bootstrap tree #630, logLikelihood: -414572.251911
[06:54:39] Bootstrap tree #631, logLikelihood: -413560.909272
[06:55:18] Bootstrap tree #632, logLikelihood: -411769.209269
[06:55:57] Bootstrap tree #633, logLikelihood: -407958.781064
[06:56:37] Bootstrap tree #634, logLikelihood: -410345.234016
[06:57:14] Bootstrap tree #635, logLikelihood: -415713.516137
[06:57:47] Bootstrap tree #636, logLikelihood: -414584.210944
[06:58:19] Bootstrap tree #637, logLikelihood: -414211.347168
[06:58:55] Bootstrap tree #638, logLikelihood: -412821.089750
[06:59:34] Bootstrap tree #639, logLikelihood: -414237.739816
[07:00:14] Bootstrap tree #640, logLikelihood: -418307.713561
[07:00:48] Bootstrap tree #641, logLikelihood: -415551.527939
[07:01:25] Bootstrap tree #642, logLikelihood: -414690.735369
[07:02:03] Bootstrap tree #643, logLikelihood: -418903.489401
[07:02:48] Bootstrap tree #644, logLikelihood: -410513.011863
[07:03:26] Bootstrap tree #645, logLikelihood: -416199.785486
[07:04:05] Bootstrap tree #646, logLikelihood: -418608.956689
[07:04:45] Bootstrap tree #647, logLikelihood: -412953.749936
[07:05:25] Bootstrap tree #648, logLikelihood: -413726.057950
[07:06:00] Bootstrap tree #649, logLikelihood: -411338.834807
[07:06:36] Bootstrap tree #650, logLikelihood: -419144.199827
[07:07:15] Bootstrap tree #651, logLikelihood: -419684.946183
[07:07:52] Bootstrap tree #652, logLikelihood: -409164.799289
[07:08:38] Bootstrap tree #653, logLikelihood: -412651.712072
[07:09:16] Bootstrap tree #654, logLikelihood: -414637.736245
[07:09:51] Bootstrap tree #655, logLikelihood: -414308.785087
[07:10:29] Bootstrap tree #656, logLikelihood: -414282.448623
[07:11:09] Bootstrap tree #657, logLikelihood: -413353.048392
[07:11:48] Bootstrap tree #658, logLikelihood: -422635.508088
[07:12:34] Bootstrap tree #659, logLikelihood: -412690.041769
[07:13:16] Bootstrap tree #660, logLikelihood: -418494.276556
[07:13:54] Bootstrap tree #661, logLikelihood: -416379.314110
[07:14:33] Bootstrap tree #662, logLikelihood: -413925.720297
[07:15:06] Bootstrap tree #663, logLikelihood: -412014.531334
[07:15:43] Bootstrap tree #664, logLikelihood: -413237.466162
[07:16:23] Bootstrap tree #665, logLikelihood: -413713.332710
[07:16:57] Bootstrap tree #666, logLikelihood: -416037.752602
[07:17:32] Bootstrap tree #667, logLikelihood: -416125.326922
[07:18:16] Bootstrap tree #668, logLikelihood: -413992.351058
[07:18:52] Bootstrap tree #669, logLikelihood: -410561.427862
[07:19:35] Bootstrap tree #670, logLikelihood: -407678.824425
[07:20:11] Bootstrap tree #671, logLikelihood: -411259.503508
[07:20:49] Bootstrap tree #672, logLikelihood: -413646.103553
[07:21:24] Bootstrap tree #673, logLikelihood: -409977.395860
[07:21:58] Bootstrap tree #674, logLikelihood: -417392.079311
[07:22:39] Bootstrap tree #675, logLikelihood: -412322.746217
[07:23:17] Bootstrap tree #676, logLikelihood: -416805.956480
[07:23:54] Bootstrap tree #677, logLikelihood: -413320.895521
[07:24:32] Bootstrap tree #678, logLikelihood: -411556.040634
[07:25:17] Bootstrap tree #679, logLikelihood: -408524.128699
[07:25:52] Bootstrap tree #680, logLikelihood: -416342.879321
[07:26:28] Bootstrap tree #681, logLikelihood: -411014.183788
[07:27:02] Bootstrap tree #682, logLikelihood: -413574.762183
[07:27:37] Bootstrap tree #683, logLikelihood: -416135.280656
[07:28:14] Bootstrap tree #684, logLikelihood: -413549.151041
[07:28:56] Bootstrap tree #685, logLikelihood: -417298.571419
[07:29:36] Bootstrap tree #686, logLikelihood: -410020.239008
[07:30:16] Bootstrap tree #687, logLikelihood: -415442.199300
[07:30:56] Bootstrap tree #688, logLikelihood: -421415.347683
[07:31:36] Bootstrap tree #689, logLikelihood: -418267.945748
[07:32:18] Bootstrap tree #690, logLikelihood: -415270.098140
[07:33:03] Bootstrap tree #691, logLikelihood: -421132.016966
[07:33:41] Bootstrap tree #692, logLikelihood: -417736.638574
[07:34:23] Bootstrap tree #693, logLikelihood: -414517.654388
[07:34:56] Bootstrap tree #694, logLikelihood: -412508.764341
[07:35:31] Bootstrap tree #695, logLikelihood: -414675.813237
[07:36:06] Bootstrap tree #696, logLikelihood: -421042.894328
[07:36:46] Bootstrap tree #697, logLikelihood: -411896.098015
[07:37:28] Bootstrap tree #698, logLikelihood: -407380.453354
[07:38:04] Bootstrap tree #699, logLikelihood: -412253.079514
[07:38:39] Bootstrap tree #700, logLikelihood: -413015.735100
[07:39:16] Bootstrap tree #701, logLikelihood: -415781.172313
[07:39:51] Bootstrap tree #702, logLikelihood: -417168.587785
[07:40:27] Bootstrap tree #703, logLikelihood: -421298.140704
[07:41:03] Bootstrap tree #704, logLikelihood: -412507.506601
[07:41:38] Bootstrap tree #705, logLikelihood: -414629.982979
[07:42:14] Bootstrap tree #706, logLikelihood: -412395.778776
[07:42:50] Bootstrap tree #707, logLikelihood: -415504.538835
[07:43:28] Bootstrap tree #708, logLikelihood: -410375.205190
[07:44:07] Bootstrap tree #709, logLikelihood: -408599.589930
[07:44:52] Bootstrap tree #710, logLikelihood: -418257.941443
[07:45:33] Bootstrap tree #711, logLikelihood: -416036.049642
[07:46:08] Bootstrap tree #712, logLikelihood: -410222.951811
[07:46:57] Bootstrap tree #713, logLikelihood: -412975.368977
[07:47:32] Bootstrap tree #714, logLikelihood: -420217.613406
[07:48:06] Bootstrap tree #715, logLikelihood: -417109.680646
[07:48:40] Bootstrap tree #716, logLikelihood: -417674.469212
[07:49:15] Bootstrap tree #717, logLikelihood: -410593.321190
[07:49:50] Bootstrap tree #718, logLikelihood: -415664.896892
[07:50:25] Bootstrap tree #719, logLikelihood: -407429.893500
[07:51:02] Bootstrap tree #720, logLikelihood: -417863.004829
[07:51:36] Bootstrap tree #721, logLikelihood: -417014.106472
[07:52:09] Bootstrap tree #722, logLikelihood: -411348.113845
[07:52:46] Bootstrap tree #723, logLikelihood: -415265.767312
[07:53:23] Bootstrap tree #724, logLikelihood: -408923.045996
[07:53:59] Bootstrap tree #725, logLikelihood: -418984.292286
[07:54:37] Bootstrap tree #726, logLikelihood: -411683.782982
[07:55:19] Bootstrap tree #727, logLikelihood: -413554.453041
[07:55:57] Bootstrap tree #728, logLikelihood: -417097.301587
[07:56:31] Bootstrap tree #729, logLikelihood: -414396.974832
[07:57:11] Bootstrap tree #730, logLikelihood: -415131.306081
[07:57:48] Bootstrap tree #731, logLikelihood: -414423.147407
[07:58:24] Bootstrap tree #732, logLikelihood: -411628.254734
[07:58:58] Bootstrap tree #733, logLikelihood: -409896.027559
[07:59:34] Bootstrap tree #734, logLikelihood: -408797.565965
[08:00:18] Bootstrap tree #735, logLikelihood: -411189.610205
[08:00:58] Bootstrap tree #736, logLikelihood: -412985.364335
[08:01:33] Bootstrap tree #737, logLikelihood: -407575.730667
[08:02:14] Bootstrap tree #738, logLikelihood: -413531.701030
[08:02:51] Bootstrap tree #739, logLikelihood: -412963.297931
[08:03:30] Bootstrap tree #740, logLikelihood: -413967.086178
[08:04:02] Bootstrap tree #741, logLikelihood: -416828.289435
[08:04:43] Bootstrap tree #742, logLikelihood: -409153.049283
[08:05:30] Bootstrap tree #743, logLikelihood: -416290.796672
[08:06:10] Bootstrap tree #744, logLikelihood: -407163.634939
[08:06:49] Bootstrap tree #745, logLikelihood: -410690.323475
[08:07:22] Bootstrap tree #746, logLikelihood: -417148.035412
[08:08:01] Bootstrap tree #747, logLikelihood: -417504.160968
[08:08:44] Bootstrap tree #748, logLikelihood: -414034.313271
[08:09:23] Bootstrap tree #749, logLikelihood: -417520.599237
[08:09:58] Bootstrap tree #750, logLikelihood: -409682.710717
[08:10:37] Bootstrap tree #751, logLikelihood: -408620.703137
[08:11:11] Bootstrap tree #752, logLikelihood: -415671.714913
[08:11:51] Bootstrap tree #753, logLikelihood: -414141.142034
[08:12:29] Bootstrap tree #754, logLikelihood: -414909.854905
[08:13:11] Bootstrap tree #755, logLikelihood: -412356.492920
[08:13:47] Bootstrap tree #756, logLikelihood: -416860.584416
[08:14:21] Bootstrap tree #757, logLikelihood: -410809.859210
[08:14:55] Bootstrap tree #758, logLikelihood: -416868.265732
[08:15:35] Bootstrap tree #759, logLikelihood: -413319.373086
[08:16:09] Bootstrap tree #760, logLikelihood: -418267.385831
[08:16:44] Bootstrap tree #761, logLikelihood: -415193.921812
[08:17:29] Bootstrap tree #762, logLikelihood: -414664.592509
[08:18:12] Bootstrap tree #763, logLikelihood: -411781.145641
[08:18:45] Bootstrap tree #764, logLikelihood: -409105.912912
[08:19:23] Bootstrap tree #765, logLikelihood: -415717.192392
[08:20:05] Bootstrap tree #766, logLikelihood: -418106.428716
[08:20:47] Bootstrap tree #767, logLikelihood: -407574.684173
[08:21:24] Bootstrap tree #768, logLikelihood: -414670.180919
[08:22:02] Bootstrap tree #769, logLikelihood: -413121.257015
[08:22:37] Bootstrap tree #770, logLikelihood: -412100.227075
[08:23:12] Bootstrap tree #771, logLikelihood: -406916.184255
[08:23:47] Bootstrap tree #772, logLikelihood: -410783.661114
[08:24:23] Bootstrap tree #773, logLikelihood: -416530.188056
[08:25:02] Bootstrap tree #774, logLikelihood: -409653.339725
[08:25:40] Bootstrap tree #775, logLikelihood: -413270.506521
[08:26:14] Bootstrap tree #776, logLikelihood: -412521.718213
[08:26:53] Bootstrap tree #777, logLikelihood: -419112.619576
[08:27:37] Bootstrap tree #778, logLikelihood: -415261.217685
[08:28:12] Bootstrap tree #779, logLikelihood: -408383.067933
[08:28:44] Bootstrap tree #780, logLikelihood: -411945.889594
[08:29:17] Bootstrap tree #781, logLikelihood: -414191.091194
[08:29:50] Bootstrap tree #782, logLikelihood: -415599.910378
[08:30:24] Bootstrap tree #783, logLikelihood: -411608.599527
[08:31:00] Bootstrap tree #784, logLikelihood: -412973.088373
[08:31:41] Bootstrap tree #785, logLikelihood: -410451.953413
[08:32:15] Bootstrap tree #786, logLikelihood: -414784.523202
[08:33:01] Bootstrap tree #787, logLikelihood: -409418.703370
[08:33:37] Bootstrap tree #788, logLikelihood: -416078.415059
[08:34:20] Bootstrap tree #789, logLikelihood: -414193.358364
[08:34:57] Bootstrap tree #790, logLikelihood: -412249.747023
[08:35:30] Bootstrap tree #791, logLikelihood: -411945.214570
[08:36:08] Bootstrap tree #792, logLikelihood: -409607.722531
[08:36:41] Bootstrap tree #793, logLikelihood: -414545.424844
[08:37:20] Bootstrap tree #794, logLikelihood: -419654.560779
[08:38:01] Bootstrap tree #795, logLikelihood: -411670.774900
[08:38:40] Bootstrap tree #796, logLikelihood: -422133.480904
[08:39:19] Bootstrap tree #797, logLikelihood: -419688.779947
[08:40:04] Bootstrap tree #798, logLikelihood: -409474.625727
[08:40:43] Bootstrap tree #799, logLikelihood: -410018.122579
[08:41:18] Bootstrap tree #800, logLikelihood: -416053.164707
[08:41:52] Bootstrap tree #801, logLikelihood: -410950.868001
[08:42:35] Bootstrap tree #802, logLikelihood: -413020.995457
[08:43:10] Bootstrap tree #803, logLikelihood: -412548.573935
[08:43:56] Bootstrap tree #804, logLikelihood: -416703.856173
[08:44:38] Bootstrap tree #805, logLikelihood: -416997.629860
[08:45:14] Bootstrap tree #806, logLikelihood: -416488.003004
[08:45:54] Bootstrap tree #807, logLikelihood: -409371.572980
[08:46:32] Bootstrap tree #808, logLikelihood: -412513.371950
[08:47:14] Bootstrap tree #809, logLikelihood: -421763.621105
[08:47:55] Bootstrap tree #810, logLikelihood: -415591.127150
[08:48:32] Bootstrap tree #811, logLikelihood: -406724.514262
[08:49:10] Bootstrap tree #812, logLikelihood: -416558.234299
[08:49:46] Bootstrap tree #813, logLikelihood: -410849.410022
[08:50:23] Bootstrap tree #814, logLikelihood: -416528.947341
[08:50:58] Bootstrap tree #815, logLikelihood: -411573.211182
[08:51:47] Bootstrap tree #816, logLikelihood: -413409.342790
[08:52:36] Bootstrap tree #817, logLikelihood: -412021.770446
[08:53:11] Bootstrap tree #818, logLikelihood: -411209.659531
[08:53:45] Bootstrap tree #819, logLikelihood: -412589.127331
[08:54:20] Bootstrap tree #820, logLikelihood: -410279.448675
[08:54:57] Bootstrap tree #821, logLikelihood: -416104.571690
[08:55:37] Bootstrap tree #822, logLikelihood: -416736.409244
[08:56:21] Bootstrap tree #823, logLikelihood: -413816.631040
[08:57:08] Bootstrap tree #824, logLikelihood: -412066.656591
[08:57:46] Bootstrap tree #825, logLikelihood: -421471.410996
[08:58:23] Bootstrap tree #826, logLikelihood: -417044.047458
[08:58:58] Bootstrap tree #827, logLikelihood: -419214.542119
[08:59:36] Bootstrap tree #828, logLikelihood: -415836.027519
[09:00:14] Bootstrap tree #829, logLikelihood: -418103.910830
[09:00:50] Bootstrap tree #830, logLikelihood: -415077.262515
[09:01:29] Bootstrap tree #831, logLikelihood: -418210.625634
[09:02:12] Bootstrap tree #832, logLikelihood: -412424.734162
[09:02:52] Bootstrap tree #833, logLikelihood: -414166.537526
[09:03:30] Bootstrap tree #834, logLikelihood: -416813.624636
[09:04:08] Bootstrap tree #835, logLikelihood: -414152.782222
[09:04:47] Bootstrap tree #836, logLikelihood: -417361.474650
[09:05:21] Bootstrap tree #837, logLikelihood: -409955.253053
[09:05:55] Bootstrap tree #838, logLikelihood: -412381.217540
[09:06:32] Bootstrap tree #839, logLikelihood: -415474.560247
[09:07:09] Bootstrap tree #840, logLikelihood: -413609.669128
[09:07:49] Bootstrap tree #841, logLikelihood: -412940.730001
[09:08:22] Bootstrap tree #842, logLikelihood: -408524.088829
[09:09:01] Bootstrap tree #843, logLikelihood: -412618.794650
[09:09:40] Bootstrap tree #844, logLikelihood: -418164.091342
[09:10:17] Bootstrap tree #845, logLikelihood: -412566.197754
[09:10:55] Bootstrap tree #846, logLikelihood: -417109.537304
[09:11:33] Bootstrap tree #847, logLikelihood: -417889.173104
[09:12:11] Bootstrap tree #848, logLikelihood: -414017.021740
[09:12:50] Bootstrap tree #849, logLikelihood: -410149.122811
[09:13:26] Bootstrap tree #850, logLikelihood: -414722.855948
[09:14:05] Bootstrap tree #851, logLikelihood: -416090.580508
[09:14:40] Bootstrap tree #852, logLikelihood: -414019.705255
[09:15:20] Bootstrap tree #853, logLikelihood: -412177.061296
[09:15:59] Bootstrap tree #854, logLikelihood: -415615.433647
[09:16:39] Bootstrap tree #855, logLikelihood: -416978.763640
[09:17:12] Bootstrap tree #856, logLikelihood: -417227.062947
[09:17:54] Bootstrap tree #857, logLikelihood: -416445.977354
[09:18:31] Bootstrap tree #858, logLikelihood: -409199.141981
[09:19:12] Bootstrap tree #859, logLikelihood: -414232.979956
[09:19:58] Bootstrap tree #860, logLikelihood: -413115.494073
[09:20:38] Bootstrap tree #861, logLikelihood: -411310.671063
[09:21:16] Bootstrap tree #862, logLikelihood: -412192.444313
[09:21:51] Bootstrap tree #863, logLikelihood: -423092.968619
[09:22:29] Bootstrap tree #864, logLikelihood: -416058.071717
[09:23:04] Bootstrap tree #865, logLikelihood: -411413.914697
[09:23:41] Bootstrap tree #866, logLikelihood: -416569.545129
[09:24:21] Bootstrap tree #867, logLikelihood: -416287.828817
[09:25:00] Bootstrap tree #868, logLikelihood: -417787.155392
[09:25:47] Bootstrap tree #869, logLikelihood: -414281.477904
[09:26:24] Bootstrap tree #870, logLikelihood: -411769.973387
[09:27:02] Bootstrap tree #871, logLikelihood: -414719.643925
[09:27:41] Bootstrap tree #872, logLikelihood: -416271.546371
[09:28:31] Bootstrap tree #873, logLikelihood: -421927.879151
[09:29:07] Bootstrap tree #874, logLikelihood: -414023.722015
[09:29:47] Bootstrap tree #875, logLikelihood: -414251.565943
[09:30:25] Bootstrap tree #876, logLikelihood: -422197.384676
[09:31:14] Bootstrap tree #877, logLikelihood: -415355.201967
[09:31:54] Bootstrap tree #878, logLikelihood: -414792.094440
[09:32:28] Bootstrap tree #879, logLikelihood: -413900.558005
[09:33:03] Bootstrap tree #880, logLikelihood: -411393.948711
[09:33:38] Bootstrap tree #881, logLikelihood: -412380.689741
[09:34:22] Bootstrap tree #882, logLikelihood: -415637.515238
[09:34:57] Bootstrap tree #883, logLikelihood: -417320.688623
[09:35:37] Bootstrap tree #884, logLikelihood: -410306.606261
[09:36:18] Bootstrap tree #885, logLikelihood: -409925.485672
[09:36:58] Bootstrap tree #886, logLikelihood: -411499.142154
[09:37:32] Bootstrap tree #887, logLikelihood: -417297.445153
[09:38:08] Bootstrap tree #888, logLikelihood: -407788.648964
[09:38:53] Bootstrap tree #889, logLikelihood: -407391.453761
[09:39:32] Bootstrap tree #890, logLikelihood: -416285.477595
[09:40:10] Bootstrap tree #891, logLikelihood: -418223.011134
[09:40:47] Bootstrap tree #892, logLikelihood: -415941.641031
[09:41:20] Bootstrap tree #893, logLikelihood: -418633.331387
[09:41:55] Bootstrap tree #894, logLikelihood: -406553.191328
[09:42:43] Bootstrap tree #895, logLikelihood: -412244.399489
[09:43:20] Bootstrap tree #896, logLikelihood: -416988.431859
[09:43:56] Bootstrap tree #897, logLikelihood: -416215.137612
[09:44:39] Bootstrap tree #898, logLikelihood: -409826.179153
[09:45:20] Bootstrap tree #899, logLikelihood: -413924.433398
[09:45:58] Bootstrap tree #900, logLikelihood: -417989.838331
[09:45:58] Bootstrapping converged after 900 replicates.

Optimized model parameters:

   Partition 0: noname
   Rate heterogeneity: GAMMA (4 cats, mean),  alpha: 1.642495 (ML),  weights&rates: (0.250000,0.246519) (0.250000,0.610676) (0.250000,1.057799) (0.250000,2.085006) 
   P-inv (ML): 0.009838
   Base frequencies (ML): 0.243277 0.261376 0.243227 0.252121 
   Substitution rates (ML): 2.094626 4.086492 1.517842 1.304388 4.086492 1.000000 


Final LogLikelihood: -414009.268152

AIC score: 828262.536304 / AICc score: 828263.434920 / BIC score: 829289.767445
Free parameters (model + branch lengths): 122

Best ML tree saved to: /home/gkettenburg/RAxML_tree/caliciviridae/T1.raxml.bestTree
All ML trees saved to: /home/gkettenburg/RAxML_tree/caliciviridae/T1.raxml.mlTrees
Best ML tree with Felsenstein bootstrap (FBP) support values saved to: /home/gkettenburg/RAxML_tree/caliciviridae/T1.raxml.supportFBP
Best ML tree with Transfer bootstrap (TBE) support values saved to: /home/gkettenburg/RAxML_tree/caliciviridae/T1.raxml.supportTBE
Optimized model saved to: /home/gkettenburg/RAxML_tree/caliciviridae/T1.raxml.bestModel
Bootstrap trees saved to: /home/gkettenburg/RAxML_tree/caliciviridae/T1.raxml.bootstraps

Execution log saved to: /home/gkettenburg/RAxML_tree/caliciviridae/T1.raxml.log

Analysis started: 12-Aug-2023 19:27:09 / finished: 13-Aug-2023 05:13:11

Elapsed time: 35162.034 seconds

Consumed energy: 1130.775 Wh (= 6 km in an electric car, or 28 km with an e-scooter!)

