
RAxML-NG v. 1.1.0-master released on 22.06.2022 by The Exelixis Lab.
Developed by: Alexey M. Kozlov and Alexandros Stamatakis.
Contributors: Diego Darriba, Tomas Flouri, Benoit Morel, Sarah Lutteropp, Ben Bettisworth.
Latest version: https://github.com/amkozlov/raxml-ng
Questions/problems/suggestions? Please visit: https://groups.google.com/forum/#!forum/raxml

System: Intel(R) Xeon(R) CPU E5-2680 v4 @ 2.40GHz, 28 cores, 251 GB RAM

RAxML-NG was called at 09-Aug-2023 11:38:15 as follows:

raxml-ng-mpi --bsconverge --bs-trees allbootstraps1 --prefix T100 --seed 2 --threads 1 --bs-cutoff 0.03

Analysis options:
  run mode: A posteriori bootstrap convergence test
  start tree(s): 
  random seed: 2
  SIMD kernels: AVX2
  parallelization: coarse-grained (auto), NONE/sequential

Reading bootstrap trees from file: allbootstraps1
Loaded 1350 trees with 179 taxa.

Performing bootstrap convergence assessment using autoMRE criterion

 # trees        avg WRF       avg WRF in %       # perms: wrf <= 3.00 %     converged?  
      50        341.118              3.876                          230        NO
     100        481.426              2.735                          604        NO
     150        635.941              2.409                          689        NO
     200        681.096              1.935                          878        NO
     250        791.635              1.799                          864        NO
     300        842.444              1.596                          932        NO
     350        931.372              1.512                          933        NO
     400        864.862              1.228                          986        NO
     450        929.230              1.173                          998        YES
Bootstopping test converged after 450 trees


Execution log saved to: /home/gkettenburg/RAxML_tree/raxml_trees/picornaviridae_full/T100.raxml.log

Analysis started: 09-Aug-2023 11:38:15 / finished: 09-Aug-2023 11:38:22

Elapsed time: 7.299 seconds

Consumed energy: 0.256 Wh

