
RAxML-NG v. 1.1.0-master released on 22.06.2022 by The Exelixis Lab.
Developed by: Alexey M. Kozlov and Alexandros Stamatakis.
Contributors: Diego Darriba, Tomas Flouri, Benoit Morel, Sarah Lutteropp, Ben Bettisworth.
Latest version: https://github.com/amkozlov/raxml-ng
Questions/problems/suggestions? Please visit: https://groups.google.com/forum/#!forum/raxml

System: Intel(R) Xeon(R) CPU E5-2680 v4 @ 2.40GHz, 28 cores, 62 GB RAM

RAxML-NG was called at 13-Aug-2023 13:35:21 as follows:

raxml-ng-mpi --all --msa bat_picornavirales_all_over_3kb_align.fasta --model GTR+G4 --prefix T1 --seed 1 --threads auto{8} --bs-metric fbp,tbe

Analysis options:
  run mode: ML tree search + bootstrapping (Felsenstein Bootstrap + Transfer Bootstrap)
  start tree(s): random (10) + parsimony (10)
  bootstrap replicates: max: 1000 + bootstopping (autoMRE, cutoff: 0.030000)
  random seed: 1
  tip-inner: OFF
  pattern compression: ON
  per-rate scalers: OFF
  site repeats: ON
  branch lengths: proportional (ML estimate, algorithm: NR-FAST)
  SIMD kernels: AVX2
  parallelization: coarse-grained (auto), PTHREADS (auto)

[00:00:00] Reading alignment from file: bat_picornavirales_all_over_3kb_align.fasta
[00:00:01] Loaded alignment with 256 taxa and 39755 sites

Alignment comprises 1 partitions and 18299 patterns

Partition 0: noname
Model: GTR+FO+G4m
Alignment sites / patterns: 39755 / 18299
Gaps: 83.74 %
Invariant sites: 54.99 %


NOTE: Binary MSA file created: T1.raxml.rba

Parallelization scheme autoconfig: 1 worker(s) x 8 thread(s)

Parallel reduction/worker buffer size: 1 KB  / 0 KB

[00:00:01] Generating 10 random starting tree(s) with 256 taxa
[00:00:01] Generating 10 parsimony starting tree(s) with 256 taxa
[00:00:10] Data distribution: max. partitions/sites/weight per thread: 1 / 2288 / 36608
[00:00:14] Data distribution: max. searches per worker: 1020

Starting ML tree search with 20 distinct starting trees

[01:31:02] ML tree search #1, logLikelihood: -898076.112233
[03:25:18] ML tree search #2, logLikelihood: -898091.434709
[05:01:37] ML tree search #3, logLikelihood: -898073.143086
[07:07:26] ML tree search #4, logLikelihood: -898077.925626
[09:00:26] ML tree search #5, logLikelihood: -898069.800364
[11:48:41] ML tree search #6, logLikelihood: -898073.955014
[13:58:34] ML tree search #7, logLikelihood: -898072.928648
[16:03:32] ML tree search #8, logLikelihood: -898073.019925
[18:08:50] ML tree search #9, logLikelihood: -898072.722877
[20:17:22] ML tree search #10, logLikelihood: -898074.901387
[21:54:07] ML tree search #11, logLikelihood: -898102.819082
[23:30:46] ML tree search #12, logLikelihood: -898080.528716
[25:16:21] ML tree search #13, logLikelihood: -898080.666666
[26:48:32] ML tree search #14, logLikelihood: -898074.426789
[28:24:13] ML tree search #15, logLikelihood: -898082.155337
[29:57:34] ML tree search #16, logLikelihood: -898105.804040
[31:33:56] ML tree search #17, logLikelihood: -898070.224329
[33:20:47] ML tree search #18, logLikelihood: -898095.979893
[34:48:38] ML tree search #19, logLikelihood: -898076.141364
