
RAxML-NG v. 1.1.0-master released on 22.06.2022 by The Exelixis Lab.
Developed by: Alexey M. Kozlov and Alexandros Stamatakis.
Contributors: Diego Darriba, Tomas Flouri, Benoit Morel, Sarah Lutteropp, Ben Bettisworth.
Latest version: https://github.com/amkozlov/raxml-ng
Questions/problems/suggestions? Please visit: https://groups.google.com/forum/#!forum/raxml

System: Intel(R) Xeon(R) CPU E5-2680 v4 @ 2.40GHz, 28 cores, 251 GB RAM

RAxML-NG was called at 15-Aug-2023 11:18:33 as follows:

raxml-ng-mpi --support --tree T2.raxml.bestTree --bs-trees allbootstraps --prefix T1O --threads 2 --bs-metric fbp,tbe

Analysis options:
  run mode: Compute bipartition support (Felsenstein Bootstrap + Transfer Bootstrap)
  start tree(s): user
  random seed: 1692116313
  SIMD kernels: AVX2
  parallelization: coarse-grained (auto), PTHREADS (2 threads), thread pinning: ON

Reading reference tree from file: T2.raxml.bestTree
Reference tree size: 256

Reading bootstrap trees from file: allbootstraps
Loaded 146 trees with 256 taxa.

Best ML tree with Felsenstein bootstrap (FBP) support values saved to: /home/gkettenburg/RAxML_tree/bat_picornavirales/T1O.raxml.supportFBP
Best ML tree with Transfer bootstrap (TBE) support values saved to: /home/gkettenburg/RAxML_tree/bat_picornavirales/T1O.raxml.supportTBE

Execution log saved to: /home/gkettenburg/RAxML_tree/bat_picornavirales/T1O.raxml.log

Analysis started: 15-Aug-2023 11:18:33 / finished: 15-Aug-2023 11:18:34

Elapsed time: 0.838 seconds

