
RAxML-NG v. 1.1.0-master released on 22.06.2022 by The Exelixis Lab.
Developed by: Alexey M. Kozlov and Alexandros Stamatakis.
Contributors: Diego Darriba, Tomas Flouri, Benoit Morel, Sarah Lutteropp, Ben Bettisworth.
Latest version: https://github.com/amkozlov/raxml-ng
Questions/problems/suggestions? Please visit: https://groups.google.com/forum/#!forum/raxml

System: Intel(R) Xeon(R) CPU E5-2680 v4 @ 2.40GHz, 28 cores, 62 GB RAM

RAxML-NG was called at 15-Aug-2023 00:11:44 as follows:

raxml-ng-mpi --bootstrap --msa bat_picornavirales_all_over_3kb_align.fasta --model GTR+G4 --prefix T5 --seed 28 --threads auto{8}

Analysis options:
  run mode: Bootstrapping
  start tree(s): 
  bootstrap replicates: max: 1000 + bootstopping (autoMRE, cutoff: 0.030000)
  random seed: 28
  tip-inner: OFF
  pattern compression: ON
  per-rate scalers: OFF
  site repeats: ON
  branch lengths: proportional (ML estimate, algorithm: NR-FAST)
  SIMD kernels: AVX2
  parallelization: coarse-grained (auto), PTHREADS (auto)

[00:00:00] Reading alignment from file: bat_picornavirales_all_over_3kb_align.fasta
[00:00:00] Loaded alignment with 256 taxa and 39755 sites

Alignment comprises 1 partitions and 18299 patterns

Partition 0: noname
Model: GTR+FO+G4m
Alignment sites / patterns: 39755 / 18299
Gaps: 83.74 %
Invariant sites: 54.99 %


NOTE: Binary MSA file created: T5.raxml.rba

Parallelization scheme autoconfig: 1 worker(s) x 8 thread(s)

Parallel reduction/worker buffer size: 1 KB  / 0 KB

[00:00:00] Data distribution: max. partitions/sites/weight per thread: 1 / 2288 / 36608
[00:00:10] Data distribution: max. searches per worker: 1000
[00:00:10] Starting bootstrapping analysis with 1000 replicates.

