
RAxML-NG v. 1.1.0-master released on 22.06.2022 by The Exelixis Lab.
Developed by: Alexey M. Kozlov and Alexandros Stamatakis.
Contributors: Diego Darriba, Tomas Flouri, Benoit Morel, Sarah Lutteropp, Ben Bettisworth.
Latest version: https://github.com/amkozlov/raxml-ng
Questions/problems/suggestions? Please visit: https://groups.google.com/forum/#!forum/raxml

System: Intel(R) Xeon(R) CPU E5-2680 v4 @ 2.40GHz, 28 cores, 62 GB RAM

RAxML-NG was called at 15-Aug-2023 00:11:45 as follows:

raxml-ng-mpi --bootstrap --msa bat_picornavirales_all_over_3kb_align.fasta --model GTR+G4 --prefix T3 --seed 2 --threads auto{8}

Analysis options:
  run mode: Bootstrapping
  start tree(s): 
  bootstrap replicates: max: 1000 + bootstopping (autoMRE, cutoff: 0.030000)
  random seed: 2
  tip-inner: OFF
  pattern compression: ON
  per-rate scalers: OFF
  site repeats: ON
  branch lengths: proportional (ML estimate, algorithm: NR-FAST)
  SIMD kernels: AVX2
  parallelization: coarse-grained (auto), PTHREADS (auto)

[00:00:02] Reading alignment from file: bat_picornavirales_all_over_3kb_align.fasta
[00:00:02] Loaded alignment with 256 taxa and 39755 sites

Alignment comprises 1 partitions and 18299 patterns

Partition 0: noname
Model: GTR+FO+G4m
Alignment sites / patterns: 39755 / 18299
Gaps: 83.74 %
Invariant sites: 54.99 %


NOTE: Binary MSA file created: T3.raxml.rba

Parallelization scheme autoconfig: 1 worker(s) x 8 thread(s)

Parallel reduction/worker buffer size: 1 KB  / 0 KB

[00:00:03] Data distribution: max. partitions/sites/weight per thread: 1 / 2288 / 36608
[00:00:04] Data distribution: max. searches per worker: 1000
[00:00:04] Starting bootstrapping analysis with 1000 replicates.

[00:09:48] Bootstrap tree #1, logLikelihood: -905916.708641
[00:28:35] Bootstrap tree #2, logLikelihood: -900649.432181
[00:37:09] Bootstrap tree #3, logLikelihood: -902416.481190
[00:47:30] Bootstrap tree #4, logLikelihood: -902674.242863
[00:56:25] Bootstrap tree #5, logLikelihood: -902919.347472
[01:06:09] Bootstrap tree #6, logLikelihood: -893745.060795
[01:16:09] Bootstrap tree #7, logLikelihood: -901360.008220
[01:24:40] Bootstrap tree #8, logLikelihood: -907768.450871
[01:33:24] Bootstrap tree #9, logLikelihood: -895732.036944
[01:42:15] Bootstrap tree #10, logLikelihood: -889495.044267
[01:53:01] Bootstrap tree #11, logLikelihood: -904234.625480
[02:01:47] Bootstrap tree #12, logLikelihood: -897287.737807
[02:10:14] Bootstrap tree #13, logLikelihood: -904386.391028
[02:19:05] Bootstrap tree #14, logLikelihood: -902969.701557
[02:28:44] Bootstrap tree #15, logLikelihood: -904492.417698
[02:37:56] Bootstrap tree #16, logLikelihood: -886918.541476
[02:47:11] Bootstrap tree #17, logLikelihood: -907755.517913
[02:56:22] Bootstrap tree #18, logLikelihood: -894733.605192
[03:07:02] Bootstrap tree #19, logLikelihood: -896929.454398
[03:16:17] Bootstrap tree #20, logLikelihood: -894829.932822
[03:24:59] Bootstrap tree #21, logLikelihood: -904216.953137
[03:34:03] Bootstrap tree #22, logLikelihood: -900292.402138
[03:42:28] Bootstrap tree #23, logLikelihood: -901099.661072
[03:51:31] Bootstrap tree #24, logLikelihood: -890323.780358
[04:01:44] Bootstrap tree #25, logLikelihood: -897717.705449
[04:10:07] Bootstrap tree #26, logLikelihood: -898256.196083
[04:18:52] Bootstrap tree #27, logLikelihood: -888577.953508
[04:27:31] Bootstrap tree #28, logLikelihood: -897214.069143
[04:36:32] Bootstrap tree #29, logLikelihood: -893045.280510
[04:45:20] Bootstrap tree #30, logLikelihood: -902168.265723
[04:53:39] Bootstrap tree #31, logLikelihood: -890326.502956
[05:01:50] Bootstrap tree #32, logLikelihood: -890267.903023
[05:10:05] Bootstrap tree #33, logLikelihood: -894935.127256
[05:18:48] Bootstrap tree #34, logLikelihood: -895656.799178
[05:27:36] Bootstrap tree #35, logLikelihood: -896089.450655
[05:37:26] Bootstrap tree #36, logLikelihood: -900668.581237
[05:45:40] Bootstrap tree #37, logLikelihood: -907382.849116
[05:54:15] Bootstrap tree #38, logLikelihood: -897361.425770
[06:03:12] Bootstrap tree #39, logLikelihood: -883497.119853
[06:12:17] Bootstrap tree #40, logLikelihood: -888261.523140
[06:21:01] Bootstrap tree #41, logLikelihood: -880550.931667
[06:29:48] Bootstrap tree #42, logLikelihood: -903463.393764
[06:37:45] Bootstrap tree #43, logLikelihood: -893880.693958
[06:46:50] Bootstrap tree #44, logLikelihood: -907245.983533
[06:55:46] Bootstrap tree #45, logLikelihood: -890014.486547
[07:07:51] Bootstrap tree #46, logLikelihood: -884032.240024
[07:18:20] Bootstrap tree #47, logLikelihood: -895850.167815
[07:26:51] Bootstrap tree #48, logLikelihood: -901416.411127
[07:35:02] Bootstrap tree #49, logLikelihood: -886531.263916
[07:43:26] Bootstrap tree #50, logLikelihood: -896767.222156
[07:51:35] Bootstrap tree #51, logLikelihood: -886578.425885
[08:00:18] Bootstrap tree #52, logLikelihood: -897984.105774
[08:08:42] Bootstrap tree #53, logLikelihood: -890201.893226
[08:17:25] Bootstrap tree #54, logLikelihood: -893347.548863
[08:26:37] Bootstrap tree #55, logLikelihood: -901622.267936
[08:35:17] Bootstrap tree #56, logLikelihood: -910268.444991
[08:43:39] Bootstrap tree #57, logLikelihood: -902112.922064
[08:51:46] Bootstrap tree #58, logLikelihood: -899484.289452
[09:00:56] Bootstrap tree #59, logLikelihood: -901551.001121
[09:10:23] Bootstrap tree #60, logLikelihood: -898700.349790
[09:19:22] Bootstrap tree #61, logLikelihood: -885135.147662
[09:28:15] Bootstrap tree #62, logLikelihood: -903736.420024
[09:37:00] Bootstrap tree #63, logLikelihood: -888888.586650
[09:45:45] Bootstrap tree #64, logLikelihood: -889264.588231
[09:54:18] Bootstrap tree #65, logLikelihood: -904180.769425
[10:02:34] Bootstrap tree #66, logLikelihood: -902863.141753
[10:12:18] Bootstrap tree #67, logLikelihood: -904496.016099
[10:20:58] Bootstrap tree #68, logLikelihood: -892696.842904
[10:28:50] Bootstrap tree #69, logLikelihood: -896109.839390
[10:37:48] Bootstrap tree #70, logLikelihood: -908659.502100
[10:46:37] Bootstrap tree #71, logLikelihood: -890830.281330
[10:55:33] Bootstrap tree #72, logLikelihood: -893809.125696
[11:04:25] Bootstrap tree #73, logLikelihood: -901016.023294
