
RAxML-NG v. 1.1.0-master released on 22.06.2022 by The Exelixis Lab.
Developed by: Alexey M. Kozlov and Alexandros Stamatakis.
Contributors: Diego Darriba, Tomas Flouri, Benoit Morel, Sarah Lutteropp, Ben Bettisworth.
Latest version: https://github.com/amkozlov/raxml-ng
Questions/problems/suggestions? Please visit: https://groups.google.com/forum/#!forum/raxml

System: Intel(R) Xeon(R) CPU E5-2680 v4 @ 2.40GHz, 28 cores, 251 GB RAM

RAxML-NG was called at 12-Sep-2023 09:42:36 as follows:

raxml-ng-mpi --bsconverge --bs-trees allbootstraps --prefix T00 --seed 2 --threads 2 --bs-cutoff 0.03

Analysis options:
  run mode: A posteriori bootstrap convergence test
  start tree(s): 
  random seed: 2
  SIMD kernels: AVX2
  parallelization: coarse-grained (auto), PTHREADS (2 threads), thread pinning: ON

Reading bootstrap trees from file: allbootstraps
Loaded 220 trees with 356 taxa.

Performing bootstrap convergence assessment using autoMRE criterion

 # trees        avg WRF       avg WRF in %       # perms: wrf <= 3.00 %     converged?  
      50        787.018              4.459                            0        NO
     100       1042.576              2.953                          565        NO
     150       1299.914              2.455                          965        NO
     200       1378.616              1.953                         1000        YES
Bootstopping test converged after 200 trees


Execution log saved to: /home/gkettenburg/RAxML_tree/africa_picornaviridae_raxml/P2P3/T00.raxml.log

Analysis started: 12-Sep-2023 09:42:36 / finished: 12-Sep-2023 09:42:46

Elapsed time: 10.214 seconds

Consumed energy: 0.341 Wh

