
RAxML-NG v. 1.1.0-master released on 22.06.2022 by The Exelixis Lab.
Developed by: Alexey M. Kozlov and Alexandros Stamatakis.
Contributors: Diego Darriba, Tomas Flouri, Benoit Morel, Sarah Lutteropp, Ben Bettisworth.
Latest version: https://github.com/amkozlov/raxml-ng
Questions/problems/suggestions? Please visit: https://groups.google.com/forum/#!forum/raxml

System: Intel(R) Xeon(R) CPU E5-2680 v4 @ 2.40GHz, 28 cores, 62 GB RAM

RAxML-NG was called at 10-Sep-2023 11:08:05 as follows:

raxml-ng-mpi --msa africa_picornaviridae_P2P3_align.fasta --model GTR+G4 --prefix T2 --seed 1 --threads auto{8}

Analysis options:
  run mode: ML tree search
  start tree(s): random (10) + parsimony (10)
  random seed: 1
  tip-inner: OFF
  pattern compression: ON
  per-rate scalers: OFF
  site repeats: ON
  fast spr radius: AUTO
  spr subtree cutoff: 1.000000
  branch lengths: proportional (ML estimate, algorithm: NR-FAST)
  SIMD kernels: AVX2
  parallelization: coarse-grained (auto), PTHREADS (auto)

[00:00:00] Reading alignment from file: africa_picornaviridae_P2P3_align.fasta
[00:00:00] Loaded alignment with 356 taxa and 37358 sites

WARNING: Fully undetermined columns found: 353

WARNING: Sequences ON596331.1 and ON596332.1 are exactly identical!
WARNING: Sequences LT719066.1 and LT719065.1 are exactly identical!
WARNING: Duplicate sequences found: 2

NOTE: Reduced alignment (with duplicates and gap-only sites/taxa removed) 
NOTE: was saved to: /home/gkettenburg/RAxML_tree/africa_picornaviridae_raxml/P2P3/T2.raxml.reduced.phy

Alignment comprises 1 partitions and 15799 patterns

Partition 0: noname
Model: GTR+FO+G4m
Alignment sites / patterns: 37005 / 15799
Gaps: 81.47 %
Invariant sites: 58.06 %


NOTE: Binary MSA file created: T2.raxml.rba

Parallelization scheme autoconfig: 1 worker(s) x 8 thread(s)

Parallel reduction/worker buffer size: 1 KB  / 0 KB

[00:00:02] Generating 10 random starting tree(s) with 356 taxa
[00:00:02] Generating 10 parsimony starting tree(s) with 356 taxa
[00:00:07] Data distribution: max. partitions/sites/weight per thread: 1 / 1975 / 31600
[00:00:07] Data distribution: max. searches per worker: 20

Starting ML tree search with 20 distinct starting trees

[00:00:07 -2590452.007712] Initial branch length optimization
[00:00:09 -2095875.658451] Model parameter optimization (eps = 10.000000)
[00:01:09 -2025786.318872] AUTODETECT spr round 1 (radius: 5)
[00:01:29 -1649497.639049] AUTODETECT spr round 2 (radius: 10)
[00:01:59 -1389546.564023] AUTODETECT spr round 3 (radius: 15)
[00:02:43 -1197066.401869] AUTODETECT spr round 4 (radius: 20)
[00:03:32 -1175040.050554] AUTODETECT spr round 5 (radius: 25)
[00:04:24 -1174079.274123] SPR radius for FAST iterations: 25 (autodetect)
[00:04:24 -1174079.274123] Model parameter optimization (eps = 3.000000)
[00:04:36 -1164621.522174] FAST spr round 1 (radius: 25)
[00:05:22 -1104533.088406] FAST spr round 2 (radius: 25)
[00:05:54 -1102560.114030] FAST spr round 3 (radius: 25)
[00:06:19 -1102361.203226] FAST spr round 4 (radius: 25)
[00:06:39 -1102324.841018] FAST spr round 5 (radius: 25)
[00:06:57 -1102314.412927] FAST spr round 6 (radius: 25)
[00:07:15 -1102305.281672] FAST spr round 7 (radius: 25)
[00:07:33 -1102297.929451] FAST spr round 8 (radius: 25)
[00:07:51 -1102294.590889] FAST spr round 9 (radius: 25)
[00:08:09 -1102289.573370] FAST spr round 10 (radius: 25)
[00:08:26 -1102279.808498] FAST spr round 11 (radius: 25)
[00:08:44 -1102277.105876] FAST spr round 12 (radius: 25)
[00:09:01 -1102275.187079] FAST spr round 13 (radius: 25)
[00:09:19 -1102274.621886] FAST spr round 14 (radius: 25)
[00:09:37 -1102274.303181] FAST spr round 15 (radius: 25)
[00:09:55 -1102269.434285] FAST spr round 16 (radius: 25)
[00:10:13 -1102263.188779] FAST spr round 17 (radius: 25)
[00:10:31 -1102212.236058] FAST spr round 18 (radius: 25)
[00:10:49 -1102212.016392] FAST spr round 19 (radius: 25)
[00:11:07 -1102211.864908] FAST spr round 20 (radius: 25)
[00:11:25 -1102211.864781] Model parameter optimization (eps = 1.000000)
[00:11:30 -1102048.098745] SLOW spr round 1 (radius: 5)
[00:12:23 -1101942.953223] SLOW spr round 2 (radius: 5)
[00:13:11 -1101940.402608] SLOW spr round 3 (radius: 5)
[00:13:59 -1101939.276769] SLOW spr round 4 (radius: 5)
[00:14:47 -1101938.638255] SLOW spr round 5 (radius: 5)
[00:15:35 -1101919.448370] SLOW spr round 6 (radius: 5)
[00:16:23 -1101919.447743] SLOW spr round 7 (radius: 10)
[00:17:22 -1101919.447520] SLOW spr round 8 (radius: 15)
[00:20:08 -1101919.447437] SLOW spr round 9 (radius: 20)
[00:23:08 -1101919.447406] SLOW spr round 10 (radius: 25)
[00:25:33 -1101919.447394] Model parameter optimization (eps = 0.100000)

[00:25:36] ML tree search #1, logLikelihood: -1101919.265104

[00:25:36 -2565362.725036] Initial branch length optimization
[00:25:39 -2098754.080587] Model parameter optimization (eps = 10.000000)
[00:26:31 -2030119.154281] AUTODETECT spr round 1 (radius: 5)
[00:26:51 -1638860.029160] AUTODETECT spr round 2 (radius: 10)
[00:27:23 -1325230.522606] AUTODETECT spr round 3 (radius: 15)
[00:28:03 -1196927.547779] AUTODETECT spr round 4 (radius: 20)
[00:28:50 -1170061.710061] AUTODETECT spr round 5 (radius: 25)
[00:29:50 -1168637.872051] SPR radius for FAST iterations: 25 (autodetect)
[00:29:50 -1168637.872051] Model parameter optimization (eps = 3.000000)
[00:30:02 -1160635.033323] FAST spr round 1 (radius: 25)
[00:30:48 -1104454.351342] FAST spr round 2 (radius: 25)
[00:31:19 -1102589.631356] FAST spr round 3 (radius: 25)
[00:31:43 -1102434.006829] FAST spr round 4 (radius: 25)
[00:32:06 -1102357.920278] FAST spr round 5 (radius: 25)
[00:32:26 -1102316.585772] FAST spr round 6 (radius: 25)
[00:32:44 -1102306.137756] FAST spr round 7 (radius: 25)
[00:33:02 -1102296.630971] FAST spr round 8 (radius: 25)
[00:33:20 -1102287.693757] FAST spr round 9 (radius: 25)
[00:33:39 -1102278.865215] FAST spr round 10 (radius: 25)
[00:33:57 -1102270.045993] FAST spr round 11 (radius: 25)
[00:34:15 -1102262.640398] FAST spr round 12 (radius: 25)
[00:34:33 -1102259.193019] FAST spr round 13 (radius: 25)
[00:34:51 -1102255.421833] FAST spr round 14 (radius: 25)
[00:35:09 -1102253.261943] FAST spr round 15 (radius: 25)
[00:35:27 -1102250.990447] FAST spr round 16 (radius: 25)
[00:35:45 -1102247.774960] FAST spr round 17 (radius: 25)
[00:36:03 -1102246.068583] FAST spr round 18 (radius: 25)
[00:36:21 -1102245.787149] FAST spr round 19 (radius: 25)
[00:36:39 -1102245.541444] FAST spr round 20 (radius: 25)
[00:36:57 -1102245.537410] Model parameter optimization (eps = 1.000000)
[00:37:05 -1102070.219599] SLOW spr round 1 (radius: 5)
[00:37:59 -1101984.431030] SLOW spr round 2 (radius: 5)
[00:38:51 -1101897.515822] SLOW spr round 3 (radius: 5)
[00:39:39 -1101895.407904] SLOW spr round 4 (radius: 5)
[00:40:28 -1101894.282042] SLOW spr round 5 (radius: 5)
[00:41:16 -1101894.281719] SLOW spr round 6 (radius: 10)
[00:42:17 -1101894.281702] SLOW spr round 7 (radius: 15)
[00:45:08 -1101894.281701] SLOW spr round 8 (radius: 20)
[00:48:16 -1101894.281701] SLOW spr round 9 (radius: 25)
[00:50:45 -1101894.281701] Model parameter optimization (eps = 0.100000)

[00:50:47] ML tree search #2, logLikelihood: -1101894.138790

[00:50:47 -2558823.945502] Initial branch length optimization
[00:50:49 -2102967.293729] Model parameter optimization (eps = 10.000000)
[00:51:29 -2036526.865348] AUTODETECT spr round 1 (radius: 5)
[00:51:49 -1642749.204931] AUTODETECT spr round 2 (radius: 10)
[00:52:18 -1386177.963347] AUTODETECT spr round 3 (radius: 15)
[00:52:58 -1280435.039836] AUTODETECT spr round 4 (radius: 20)
[00:53:49 -1219405.458118] AUTODETECT spr round 5 (radius: 25)
[00:54:53 -1212390.982595] SPR radius for FAST iterations: 25 (autodetect)
[00:54:53 -1212390.982595] Model parameter optimization (eps = 3.000000)
[00:55:04 -1205750.632555] FAST spr round 1 (radius: 25)
[00:55:58 -1105722.113099] FAST spr round 2 (radius: 25)
[00:56:32 -1102679.245045] FAST spr round 3 (radius: 25)
[00:56:56 -1102580.994200] FAST spr round 4 (radius: 25)
[00:57:16 -1102532.742199] FAST spr round 5 (radius: 25)
[00:57:35 -1102492.945110] FAST spr round 6 (radius: 25)
[00:57:54 -1102448.703999] FAST spr round 7 (radius: 25)
[00:58:13 -1102387.380365] FAST spr round 8 (radius: 25)
[00:58:31 -1102377.860934] FAST spr round 9 (radius: 25)
[00:58:50 -1102369.654283] FAST spr round 10 (radius: 25)
[00:59:09 -1102362.024050] FAST spr round 11 (radius: 25)
[00:59:27 -1102357.819583] FAST spr round 12 (radius: 25)
[00:59:46 -1102351.940535] FAST spr round 13 (radius: 25)
[01:00:04 -1102346.626501] FAST spr round 14 (radius: 25)
[01:00:21 -1102345.751532] FAST spr round 15 (radius: 25)
[01:00:39 -1102344.976211] FAST spr round 16 (radius: 25)
[01:00:57 -1102344.214314] FAST spr round 17 (radius: 25)
[01:01:14 -1102344.214188] Model parameter optimization (eps = 1.000000)
[01:01:20 -1102115.424883] SLOW spr round 1 (radius: 5)
[01:02:12 -1101908.973421] SLOW spr round 2 (radius: 5)
[01:03:01 -1101901.657752] SLOW spr round 3 (radius: 5)
[01:03:48 -1101901.018575] SLOW spr round 4 (radius: 5)
[01:04:36 -1101881.731126] SLOW spr round 5 (radius: 5)
[01:05:24 -1101881.729754] SLOW spr round 6 (radius: 10)
[01:06:24 -1101881.729227] SLOW spr round 7 (radius: 15)
[01:09:11 -1101881.729020] SLOW spr round 8 (radius: 20)
[01:12:05 -1101881.728939] SLOW spr round 9 (radius: 25)
[01:14:35 -1101881.728907] Model parameter optimization (eps = 0.100000)

[01:14:37] ML tree search #3, logLikelihood: -1101881.405166

[01:14:37 -2594584.056593] Initial branch length optimization
[01:14:40 -2119784.189092] Model parameter optimization (eps = 10.000000)
[01:15:23 -2055677.946864] AUTODETECT spr round 1 (radius: 5)
[01:15:43 -1644575.968077] AUTODETECT spr round 2 (radius: 10)
[01:16:12 -1403524.834874] AUTODETECT spr round 3 (radius: 15)
[01:16:53 -1218797.757164] AUTODETECT spr round 4 (radius: 20)
[01:17:47 -1202260.469685] AUTODETECT spr round 5 (radius: 25)
[01:18:40 -1201026.157054] SPR radius for FAST iterations: 25 (autodetect)
[01:18:40 -1201026.157054] Model parameter optimization (eps = 3.000000)
[01:18:51 -1194478.860564] FAST spr round 1 (radius: 25)
[01:19:35 -1104208.234385] FAST spr round 2 (radius: 25)
[01:20:07 -1102884.150245] FAST spr round 3 (radius: 25)
[01:20:31 -1102602.167591] FAST spr round 4 (radius: 25)
[01:20:51 -1102580.966795] FAST spr round 5 (radius: 25)
[01:21:10 -1102577.471910] FAST spr round 6 (radius: 25)
[01:21:29 -1102574.036527] FAST spr round 7 (radius: 25)
[01:21:48 -1102571.440702] FAST spr round 8 (radius: 25)
[01:22:06 -1102569.075372] FAST spr round 9 (radius: 25)
[01:22:25 -1102554.371066] FAST spr round 10 (radius: 25)
[01:22:43 -1102549.085410] FAST spr round 11 (radius: 25)
[01:23:02 -1102538.495999] FAST spr round 12 (radius: 25)
[01:23:20 -1102536.254302] FAST spr round 13 (radius: 25)
[01:23:37 -1102534.730322] FAST spr round 14 (radius: 25)
[01:23:55 -1102534.730186] Model parameter optimization (eps = 1.000000)
[01:24:03 -1102316.469238] SLOW spr round 1 (radius: 5)
[01:24:58 -1102160.535042] SLOW spr round 2 (radius: 5)
[01:25:47 -1102151.391327] SLOW spr round 3 (radius: 5)
[01:26:35 -1102150.414217] SLOW spr round 4 (radius: 5)
[01:27:22 -1102150.413864] SLOW spr round 5 (radius: 10)
[01:28:23 -1102150.413774] SLOW spr round 6 (radius: 15)
[01:31:20 -1102150.413735] SLOW spr round 7 (radius: 20)
[01:34:17 -1102150.413718] SLOW spr round 8 (radius: 25)
[01:36:44 -1102150.413710] Model parameter optimization (eps = 0.100000)

[01:36:47] ML tree search #4, logLikelihood: -1102150.189891

[01:36:47 -2582305.557067] Initial branch length optimization
[01:36:49 -2095146.169607] Model parameter optimization (eps = 10.000000)
[01:37:49 -2024488.721493] AUTODETECT spr round 1 (radius: 5)
[01:38:10 -1687458.788255] AUTODETECT spr round 2 (radius: 10)
[01:38:40 -1374232.396231] AUTODETECT spr round 3 (radius: 15)
[01:39:18 -1277999.842454] AUTODETECT spr round 4 (radius: 20)
[01:40:02 -1230014.871596] AUTODETECT spr round 5 (radius: 25)
[01:40:52 -1225236.509591] SPR radius for FAST iterations: 25 (autodetect)
[01:40:52 -1225236.509591] Model parameter optimization (eps = 3.000000)
[01:41:04 -1211894.447014] FAST spr round 1 (radius: 25)
[01:41:51 -1106789.198724] FAST spr round 2 (radius: 25)
[01:42:23 -1103142.537481] FAST spr round 3 (radius: 25)
[01:42:48 -1102789.760558] FAST spr round 4 (radius: 25)
[01:43:09 -1102740.639051] FAST spr round 5 (radius: 25)
[01:43:29 -1102718.906299] FAST spr round 6 (radius: 25)
[01:43:48 -1102706.042606] FAST spr round 7 (radius: 25)
[01:44:07 -1102695.790803] FAST spr round 8 (radius: 25)
[01:44:26 -1102687.420250] FAST spr round 9 (radius: 25)
[01:44:45 -1102683.228819] FAST spr round 10 (radius: 25)
[01:45:03 -1102679.584720] FAST spr round 11 (radius: 25)
[01:45:22 -1102660.296738] FAST spr round 12 (radius: 25)
[01:45:41 -1102656.313755] FAST spr round 13 (radius: 25)
[01:46:00 -1102634.505941] FAST spr round 14 (radius: 25)
[01:46:19 -1102632.838710] FAST spr round 15 (radius: 25)
[01:46:38 -1102632.330197] FAST spr round 16 (radius: 25)
[01:46:57 -1102628.969926] FAST spr round 17 (radius: 25)
[01:47:15 -1102628.483997] FAST spr round 18 (radius: 25)
[01:47:34 -1102628.427688] Model parameter optimization (eps = 1.000000)
[01:47:42 -1102289.472096] SLOW spr round 1 (radius: 5)
[01:48:35 -1102206.613071] SLOW spr round 2 (radius: 5)
[01:49:24 -1102181.790448] SLOW spr round 3 (radius: 5)
[01:50:12 -1102180.806525] SLOW spr round 4 (radius: 5)
[01:50:59 -1102180.806336] SLOW spr round 5 (radius: 10)
[01:52:00 -1102180.806329] SLOW spr round 6 (radius: 15)
[01:54:52 -1102180.806328] SLOW spr round 7 (radius: 20)
[01:57:44 -1102180.806327] SLOW spr round 8 (radius: 25)
[02:00:09 -1102180.806327] Model parameter optimization (eps = 0.100000)

[02:00:12] ML tree search #5, logLikelihood: -1102180.625655

[02:00:12 -2547898.644581] Initial branch length optimization
[02:00:14 -2103496.207095] Model parameter optimization (eps = 10.000000)
[02:00:58 -2040492.641089] AUTODETECT spr round 1 (radius: 5)
[02:01:19 -1642120.370021] AUTODETECT spr round 2 (radius: 10)
[02:01:49 -1352478.788398] AUTODETECT spr round 3 (radius: 15)
[02:02:31 -1189951.173687] AUTODETECT spr round 4 (radius: 20)
[02:03:14 -1182894.093848] AUTODETECT spr round 5 (radius: 25)
[02:03:59 -1180692.154248] SPR radius for FAST iterations: 25 (autodetect)
[02:04:00 -1180692.154248] Model parameter optimization (eps = 3.000000)
[02:04:11 -1174598.192879] FAST spr round 1 (radius: 25)
[02:04:53 -1105215.900523] FAST spr round 2 (radius: 25)
[02:05:25 -1102958.869136] FAST spr round 3 (radius: 25)
[02:05:48 -1102792.984209] FAST spr round 4 (radius: 25)
[02:06:10 -1102751.419703] FAST spr round 5 (radius: 25)
[02:06:30 -1102730.077591] FAST spr round 6 (radius: 25)
[02:06:50 -1102710.942580] FAST spr round 7 (radius: 25)
[02:07:10 -1102700.620120] FAST spr round 8 (radius: 25)
[02:07:29 -1102691.090615] FAST spr round 9 (radius: 25)
[02:07:48 -1102682.187023] FAST spr round 10 (radius: 25)
[02:08:06 -1102661.418750] FAST spr round 11 (radius: 25)
[02:08:26 -1102563.263720] FAST spr round 12 (radius: 25)
[02:08:45 -1102551.848744] FAST spr round 13 (radius: 25)
[02:09:03 -1102549.136745] FAST spr round 14 (radius: 25)
[02:09:21 -1102548.999521] FAST spr round 15 (radius: 25)
[02:09:39 -1102548.940696] Model parameter optimization (eps = 1.000000)
[02:09:46 -1102367.828718] SLOW spr round 1 (radius: 5)
[02:10:40 -1102213.375403] SLOW spr round 2 (radius: 5)
[02:11:30 -1102161.871467] SLOW spr round 3 (radius: 5)
[02:12:19 -1102155.340703] SLOW spr round 4 (radius: 5)
[02:13:08 -1102152.863603] SLOW spr round 5 (radius: 5)
[02:13:57 -1102152.820716] SLOW spr round 6 (radius: 10)
[02:14:59 -1102152.817199] SLOW spr round 7 (radius: 15)
[02:18:02 -1102152.817036] SLOW spr round 8 (radius: 20)
[02:21:08 -1102152.817006] SLOW spr round 9 (radius: 25)
[02:23:40 -1102152.816999] Model parameter optimization (eps = 0.100000)

[02:23:41] ML tree search #6, logLikelihood: -1102152.747780

[02:23:41 -2563272.150160] Initial branch length optimization
[02:23:43 -2107527.146898] Model parameter optimization (eps = 10.000000)
[02:24:23 -2045999.239765] AUTODETECT spr round 1 (radius: 5)
[02:24:44 -1684177.496272] AUTODETECT spr round 2 (radius: 10)
[02:25:13 -1375128.236866] AUTODETECT spr round 3 (radius: 15)
[02:25:48 -1218763.293034] AUTODETECT spr round 4 (radius: 20)
[02:26:31 -1187897.807244] AUTODETECT spr round 5 (radius: 25)
[02:27:12 -1187260.759007] SPR radius for FAST iterations: 25 (autodetect)
[02:27:12 -1187260.759007] Model parameter optimization (eps = 3.000000)
[02:27:22 -1182277.160740] FAST spr round 1 (radius: 25)
[02:28:12 -1109188.389290] FAST spr round 2 (radius: 25)
[02:28:43 -1102698.725075] FAST spr round 3 (radius: 25)
[02:29:08 -1102518.652219] FAST spr round 4 (radius: 25)
[02:29:28 -1102478.068422] FAST spr round 5 (radius: 25)
[02:29:47 -1102456.513752] FAST spr round 6 (radius: 25)
[02:30:07 -1102433.945134] FAST spr round 7 (radius: 25)
[02:30:26 -1102423.976476] FAST spr round 8 (radius: 25)
[02:30:45 -1102412.986420] FAST spr round 9 (radius: 25)
[02:31:03 -1102380.948399] FAST spr round 10 (radius: 25)
[02:31:22 -1102372.486477] FAST spr round 11 (radius: 25)
[02:31:41 -1102365.612530] FAST spr round 12 (radius: 25)
[02:31:59 -1102361.660118] FAST spr round 13 (radius: 25)
[02:32:17 -1102358.441444] FAST spr round 14 (radius: 25)
[02:32:37 -1102349.250065] FAST spr round 15 (radius: 25)
[02:32:55 -1102347.794425] FAST spr round 16 (radius: 25)
[02:33:13 -1102347.190493] FAST spr round 17 (radius: 25)
[02:33:30 -1102347.190364] Model parameter optimization (eps = 1.000000)
[02:33:39 -1102046.685398] SLOW spr round 1 (radius: 5)
[02:34:31 -1101917.750369] SLOW spr round 2 (radius: 5)
[02:35:19 -1101909.641432] SLOW spr round 3 (radius: 5)
[02:36:07 -1101909.203752] SLOW spr round 4 (radius: 5)
[02:36:54 -1101909.203693] SLOW spr round 5 (radius: 10)
[02:37:55 -1101909.203689] SLOW spr round 6 (radius: 15)
[02:40:40 -1101909.203689] SLOW spr round 7 (radius: 20)
[02:43:29 -1101909.203688] SLOW spr round 8 (radius: 25)
[02:45:56 -1101909.203688] Model parameter optimization (eps = 0.100000)

[02:45:59] ML tree search #7, logLikelihood: -1101909.088879

[02:45:59 -2560969.413918] Initial branch length optimization
[02:46:02 -2090964.186920] Model parameter optimization (eps = 10.000000)
[02:46:53 -2022195.930872] AUTODETECT spr round 1 (radius: 5)
[02:47:14 -1639774.455090] AUTODETECT spr round 2 (radius: 10)
[02:47:44 -1344905.487560] AUTODETECT spr round 3 (radius: 15)
[02:48:24 -1245630.797018] AUTODETECT spr round 4 (radius: 20)
[02:49:12 -1206067.097882] AUTODETECT spr round 5 (radius: 25)
[02:50:14 -1206063.817663] SPR radius for FAST iterations: 25 (autodetect)
[02:50:14 -1206063.817663] Model parameter optimization (eps = 3.000000)
[02:50:24 -1197191.008476] FAST spr round 1 (radius: 25)
[02:51:10 -1106220.253720] FAST spr round 2 (radius: 25)
[02:51:43 -1102893.539322] FAST spr round 3 (radius: 25)
[02:52:08 -1102785.724283] FAST spr round 4 (radius: 25)
[02:52:29 -1102748.981053] FAST spr round 5 (radius: 25)
[02:52:48 -1102728.313341] FAST spr round 6 (radius: 25)
[02:53:07 -1102721.300804] FAST spr round 7 (radius: 25)
[02:53:26 -1102715.703249] FAST spr round 8 (radius: 25)
[02:53:45 -1102713.558109] FAST spr round 9 (radius: 25)
[02:54:03 -1102712.097553] FAST spr round 10 (radius: 25)
[02:54:22 -1102712.097298] Model parameter optimization (eps = 1.000000)
[02:54:29 -1102465.274294] SLOW spr round 1 (radius: 5)
[02:55:24 -1102274.794397] SLOW spr round 2 (radius: 5)
[02:56:14 -1102188.150563] SLOW spr round 3 (radius: 5)
[02:57:02 -1102185.906812] SLOW spr round 4 (radius: 5)
[02:57:51 -1102184.231212] SLOW spr round 5 (radius: 5)
[02:58:39 -1102183.118433] SLOW spr round 6 (radius: 5)
[02:59:27 -1102183.118250] SLOW spr round 7 (radius: 10)
[03:00:28 -1102183.118245] SLOW spr round 8 (radius: 15)
[03:03:26 -1102183.118245] SLOW spr round 9 (radius: 20)
[03:06:32 -1102183.118245] SLOW spr round 10 (radius: 25)
[03:09:05 -1102183.118245] Model parameter optimization (eps = 0.100000)

[03:09:08] ML tree search #8, logLikelihood: -1102182.892410

[03:09:08 -2573162.679842] Initial branch length optimization
[03:09:11 -2105883.830022] Model parameter optimization (eps = 10.000000)
[03:10:06 -2039065.251930] AUTODETECT spr round 1 (radius: 5)
[03:10:26 -1666930.205987] AUTODETECT spr round 2 (radius: 10)
[03:10:55 -1371600.651276] AUTODETECT spr round 3 (radius: 15)
[03:11:37 -1239875.236338] AUTODETECT spr round 4 (radius: 20)
[03:12:24 -1189217.746056] AUTODETECT spr round 5 (radius: 25)
[03:13:13 -1188140.046713] SPR radius for FAST iterations: 25 (autodetect)
[03:13:13 -1188140.046713] Model parameter optimization (eps = 3.000000)
[03:13:25 -1179533.959008] FAST spr round 1 (radius: 25)
[03:14:14 -1106183.974146] FAST spr round 2 (radius: 25)
[03:14:52 -1102494.136685] FAST spr round 3 (radius: 25)
[03:15:14 -1102406.279697] FAST spr round 4 (radius: 25)
[03:15:35 -1102366.320770] FAST spr round 5 (radius: 25)
[03:15:56 -1102340.085917] FAST spr round 6 (radius: 25)
[03:16:15 -1102327.272969] FAST spr round 7 (radius: 25)
[03:16:34 -1102317.843418] FAST spr round 8 (radius: 25)
[03:16:55 -1102300.441291] FAST spr round 9 (radius: 25)
[03:17:15 -1102289.716394] FAST spr round 10 (radius: 25)
[03:17:33 -1102280.887112] FAST spr round 11 (radius: 25)
[03:17:52 -1102278.706180] FAST spr round 12 (radius: 25)
[03:18:11 -1102277.958083] FAST spr round 13 (radius: 25)
[03:18:29 -1102276.700963] FAST spr round 14 (radius: 25)
[03:18:47 -1102276.686090] Model parameter optimization (eps = 1.000000)
[03:18:53 -1102074.698908] SLOW spr round 1 (radius: 5)
[03:19:46 -1101936.053035] SLOW spr round 2 (radius: 5)
[03:20:35 -1101919.331896] SLOW spr round 3 (radius: 5)
[03:21:26 -1101891.245551] SLOW spr round 4 (radius: 5)
[03:22:14 -1101889.142095] SLOW spr round 5 (radius: 5)
[03:23:02 -1101889.141972] SLOW spr round 6 (radius: 10)
[03:24:03 -1101889.141965] SLOW spr round 7 (radius: 15)
[03:26:52 -1101889.141965] SLOW spr round 8 (radius: 20)
[03:29:59 -1101889.141965] SLOW spr round 9 (radius: 25)
[03:32:27 -1101889.141964] Model parameter optimization (eps = 0.100000)

[03:32:28] ML tree search #9, logLikelihood: -1101889.048574

[03:32:28 -2577213.845875] Initial branch length optimization
[03:32:31 -2116652.192353] Model parameter optimization (eps = 10.000000)
[03:33:22 -2047933.833610] AUTODETECT spr round 1 (radius: 5)
[03:33:43 -1676913.208974] AUTODETECT spr round 2 (radius: 10)
[03:34:12 -1409520.818523] AUTODETECT spr round 3 (radius: 15)
[03:34:54 -1234229.088108] AUTODETECT spr round 4 (radius: 20)
[03:35:52 -1192246.212585] AUTODETECT spr round 5 (radius: 25)
[03:36:48 -1184684.195974] SPR radius for FAST iterations: 25 (autodetect)
[03:36:48 -1184684.195974] Model parameter optimization (eps = 3.000000)
[03:37:00 -1176647.946447] FAST spr round 1 (radius: 25)
[03:37:48 -1105336.025385] FAST spr round 2 (radius: 25)
[03:38:22 -1102755.817568] FAST spr round 3 (radius: 25)
[03:38:51 -1102366.919990] FAST spr round 4 (radius: 25)
[03:39:11 -1102322.240729] FAST spr round 5 (radius: 25)
[03:39:30 -1102309.873965] FAST spr round 6 (radius: 25)
[03:39:49 -1102299.257439] FAST spr round 7 (radius: 25)
[03:40:07 -1102291.966658] FAST spr round 8 (radius: 25)
[03:40:26 -1102271.227657] FAST spr round 9 (radius: 25)
[03:40:44 -1102267.551373] FAST spr round 10 (radius: 25)
[03:41:02 -1102258.322261] FAST spr round 11 (radius: 25)
[03:41:20 -1102253.572769] FAST spr round 12 (radius: 25)
[03:41:38 -1102251.169895] FAST spr round 13 (radius: 25)
[03:41:57 -1102249.744701] FAST spr round 14 (radius: 25)
[03:42:16 -1102246.902503] FAST spr round 15 (radius: 25)
[03:42:34 -1102246.364540] FAST spr round 16 (radius: 25)
[03:42:52 -1102246.307565] Model parameter optimization (eps = 1.000000)
[03:43:00 -1102024.209890] SLOW spr round 1 (radius: 5)
[03:43:51 -1101929.064404] SLOW spr round 2 (radius: 5)
[03:44:40 -1101914.447408] SLOW spr round 3 (radius: 5)
[03:45:28 -1101906.841451] SLOW spr round 4 (radius: 5)
[03:46:15 -1101906.841162] SLOW spr round 5 (radius: 10)
[03:47:14 -1101906.841144] SLOW spr round 6 (radius: 15)
[03:49:59 -1101906.841142] SLOW spr round 7 (radius: 20)
[03:52:46 -1101906.841141] SLOW spr round 8 (radius: 25)
[03:55:13 -1101906.841141] Model parameter optimization (eps = 0.100000)

[03:55:14] ML tree search #10, logLikelihood: -1101906.766019

[03:55:14 -1293730.957199] Initial branch length optimization
[03:55:16 -1149380.044797] Model parameter optimization (eps = 10.000000)
[03:55:27 -1104818.186949] AUTODETECT spr round 1 (radius: 5)
[03:55:42 -1102713.806698] AUTODETECT spr round 2 (radius: 10)
[03:56:14 -1102492.635501] AUTODETECT spr round 3 (radius: 15)
[03:57:00 -1102492.582263] SPR radius for FAST iterations: 10 (autodetect)
[03:57:00 -1102492.582263] Model parameter optimization (eps = 3.000000)
[03:57:01 -1102491.082533] FAST spr round 1 (radius: 10)
[03:57:28 -1102195.692359] FAST spr round 2 (radius: 10)
[03:57:50 -1102108.323800] FAST spr round 3 (radius: 10)
[03:58:09 -1102076.110836] FAST spr round 4 (radius: 10)
[03:58:28 -1102068.555054] FAST spr round 5 (radius: 10)
[03:58:46 -1102061.860586] FAST spr round 6 (radius: 10)
[03:59:04 -1102058.988654] FAST spr round 7 (radius: 10)
[03:59:21 -1102057.088229] FAST spr round 8 (radius: 10)
[03:59:39 -1102057.035162] Model parameter optimization (eps = 1.000000)
[03:59:40 -1102056.675082] SLOW spr round 1 (radius: 5)
[04:00:37 -1101912.009125] SLOW spr round 2 (radius: 5)
[04:01:26 -1101910.564218] SLOW spr round 3 (radius: 5)
[04:02:14 -1101909.461664] SLOW spr round 4 (radius: 5)
[04:03:01 -1101908.807139] SLOW spr round 5 (radius: 5)
[04:03:51 -1101886.404730] SLOW spr round 6 (radius: 5)
[04:04:39 -1101886.403847] SLOW spr round 7 (radius: 10)
[04:05:39 -1101886.403793] SLOW spr round 8 (radius: 15)
[04:08:30 -1101886.403789] SLOW spr round 9 (radius: 20)
[04:11:34 -1101886.403789] SLOW spr round 10 (radius: 25)
[04:14:03 -1101886.403789] Model parameter optimization (eps = 0.100000)

[04:14:04] ML tree search #11, logLikelihood: -1101886.199775

[04:14:05 -1292341.791718] Initial branch length optimization
[04:14:06 -1150260.063153] Model parameter optimization (eps = 10.000000)
[04:14:16 -1105700.820439] AUTODETECT spr round 1 (radius: 5)
[04:14:32 -1103369.652996] AUTODETECT spr round 2 (radius: 10)
[04:15:06 -1102967.795191] AUTODETECT spr round 3 (radius: 15)
[04:15:55 -1102967.756596] SPR radius for FAST iterations: 10 (autodetect)
[04:15:55 -1102967.756596] Model parameter optimization (eps = 3.000000)
[04:15:58 -1102963.274160] FAST spr round 1 (radius: 10)
[04:16:26 -1102762.870592] FAST spr round 2 (radius: 10)
[04:16:48 -1102722.566843] FAST spr round 3 (radius: 10)
[04:17:07 -1102684.636454] FAST spr round 4 (radius: 10)
[04:17:26 -1102667.595604] FAST spr round 5 (radius: 10)
[04:17:45 -1102609.214367] FAST spr round 6 (radius: 10)
[04:18:04 -1102584.790712] FAST spr round 7 (radius: 10)
[04:18:21 -1102577.837232] FAST spr round 8 (radius: 10)
[04:18:38 -1102566.939343] FAST spr round 9 (radius: 10)
[04:18:56 -1102564.874710] FAST spr round 10 (radius: 10)
[04:19:14 -1102564.101757] FAST spr round 11 (radius: 10)
[04:19:31 -1102563.865643] FAST spr round 12 (radius: 10)
[04:19:49 -1102563.852218] Model parameter optimization (eps = 1.000000)
[04:19:50 -1102563.332868] SLOW spr round 1 (radius: 5)
[04:20:49 -1102205.914051] SLOW spr round 2 (radius: 5)
[04:21:40 -1102203.633207] SLOW spr round 3 (radius: 5)
[04:22:28 -1102203.629892] SLOW spr round 4 (radius: 10)
[04:23:30 -1102203.629436] SLOW spr round 5 (radius: 15)
[04:26:31 -1102166.967911] SLOW spr round 6 (radius: 5)
[04:28:01 -1102166.964885] SLOW spr round 7 (radius: 10)
[04:29:36 -1102154.699153] SLOW spr round 8 (radius: 5)
[04:30:55 -1102150.334062] SLOW spr round 9 (radius: 5)
[04:31:56 -1102150.333639] SLOW spr round 10 (radius: 10)
[04:33:05 -1102150.333612] SLOW spr round 11 (radius: 15)
[04:35:59 -1102150.333603] SLOW spr round 12 (radius: 20)
[04:39:08 -1102150.333599] SLOW spr round 13 (radius: 25)
[04:41:40 -1102150.333598] Model parameter optimization (eps = 0.100000)

[04:41:42] ML tree search #12, logLikelihood: -1102150.146408

[04:41:42 -1294173.013033] Initial branch length optimization
[04:41:44 -1149952.452953] Model parameter optimization (eps = 10.000000)
[04:41:55 -1105470.563579] AUTODETECT spr round 1 (radius: 5)
[04:42:11 -1102773.436471] AUTODETECT spr round 2 (radius: 10)
[04:42:45 -1102698.759174] AUTODETECT spr round 3 (radius: 15)
[04:43:34 -1102675.782530] AUTODETECT spr round 4 (radius: 20)
[04:44:30 -1102675.778788] SPR radius for FAST iterations: 15 (autodetect)
[04:44:30 -1102675.778788] Model parameter optimization (eps = 3.000000)
[04:44:31 -1102673.204495] FAST spr round 1 (radius: 15)
[04:45:05 -1102340.361067] FAST spr round 2 (radius: 15)
[04:45:31 -1102208.934430] FAST spr round 3 (radius: 15)
[04:45:56 -1102098.039828] FAST spr round 4 (radius: 15)
[04:46:15 -1102086.196797] FAST spr round 5 (radius: 15)
[04:46:33 -1102079.277697] FAST spr round 6 (radius: 15)
[04:46:52 -1102072.692861] FAST spr round 7 (radius: 15)
[04:47:10 -1102066.224409] FAST spr round 8 (radius: 15)
[04:47:29 -1102061.940460] FAST spr round 9 (radius: 15)
[04:47:47 -1102061.128069] FAST spr round 10 (radius: 15)
[04:48:05 -1102060.373786] FAST spr round 11 (radius: 15)
[04:48:23 -1102059.867755] FAST spr round 12 (radius: 15)
[04:48:41 -1102051.865947] FAST spr round 13 (radius: 15)
[04:48:58 -1102051.844528] Model parameter optimization (eps = 1.000000)
[04:48:59 -1102051.607705] SLOW spr round 1 (radius: 5)
[04:49:53 -1101928.890126] SLOW spr round 2 (radius: 5)
[04:50:41 -1101928.181358] SLOW spr round 3 (radius: 5)
[04:51:31 -1101908.963437] SLOW spr round 4 (radius: 5)
[04:52:19 -1101908.957775] SLOW spr round 5 (radius: 10)
[04:53:20 -1101908.955615] SLOW spr round 6 (radius: 15)
[04:56:09 -1101908.954774] SLOW spr round 7 (radius: 20)
[04:59:16 -1101908.954445] SLOW spr round 8 (radius: 25)
[05:01:41 -1101908.954316] Model parameter optimization (eps = 0.100000)

[05:01:42] ML tree search #13, logLikelihood: -1101908.864537

[05:01:42 -1293243.705276] Initial branch length optimization
[05:01:44 -1149526.991952] Model parameter optimization (eps = 10.000000)
[05:01:56 -1104925.924050] AUTODETECT spr round 1 (radius: 5)
[05:02:12 -1102710.488035] AUTODETECT spr round 2 (radius: 10)
[05:02:44 -1102566.460273] AUTODETECT spr round 3 (radius: 15)
[05:03:31 -1102566.438563] SPR radius for FAST iterations: 10 (autodetect)
[05:03:31 -1102566.438563] Model parameter optimization (eps = 3.000000)
[05:03:33 -1102564.651301] FAST spr round 1 (radius: 10)
[05:04:01 -1102338.680135] FAST spr round 2 (radius: 10)
[05:04:24 -1102253.460573] FAST spr round 3 (radius: 10)
[05:04:43 -1102240.465598] FAST spr round 4 (radius: 10)
[05:05:01 -1102229.572329] FAST spr round 5 (radius: 10)
[05:05:19 -1102217.628132] FAST spr round 6 (radius: 10)
[05:05:37 -1102177.975487] FAST spr round 7 (radius: 10)
[05:05:54 -1102168.958258] FAST spr round 8 (radius: 10)
[05:06:11 -1102160.497684] FAST spr round 9 (radius: 10)
[05:06:28 -1102152.907700] FAST spr round 10 (radius: 10)
[05:06:45 -1102151.434756] FAST spr round 11 (radius: 10)
[05:07:02 -1102150.649894] FAST spr round 12 (radius: 10)
[05:07:19 -1102150.560880] Model parameter optimization (eps = 1.000000)
[05:07:21 -1102150.378585] SLOW spr round 1 (radius: 5)
[05:08:17 -1101942.626206] SLOW spr round 2 (radius: 5)
[05:09:07 -1101910.694861] SLOW spr round 3 (radius: 5)
[05:09:55 -1101910.644670] SLOW spr round 4 (radius: 10)
[05:10:56 -1101902.246430] SLOW spr round 5 (radius: 5)
[05:12:20 -1101894.536852] SLOW spr round 6 (radius: 5)
[05:13:25 -1101894.535944] SLOW spr round 7 (radius: 10)
[05:14:36 -1101894.535661] SLOW spr round 8 (radius: 15)
[05:17:18 -1101894.535551] SLOW spr round 9 (radius: 20)
[05:20:27 -1101894.535507] SLOW spr round 10 (radius: 25)
[05:22:57 -1101894.535490] Model parameter optimization (eps = 0.100000)

[05:22:59] ML tree search #14, logLikelihood: -1101894.374622

[05:22:59 -1292523.030055] Initial branch length optimization
[05:23:00 -1149586.198899] Model parameter optimization (eps = 10.000000)
[05:23:11 -1104911.828813] AUTODETECT spr round 1 (radius: 5)
[05:23:27 -1102888.588192] AUTODETECT spr round 2 (radius: 10)
[05:23:59 -1102875.336283] AUTODETECT spr round 3 (radius: 15)
[05:24:48 -1102875.308196] SPR radius for FAST iterations: 10 (autodetect)
[05:24:48 -1102875.308196] Model parameter optimization (eps = 3.000000)
[05:24:50 -1102872.358445] FAST spr round 1 (radius: 10)
[05:25:20 -1102552.731567] FAST spr round 2 (radius: 10)
[05:25:45 -1102482.324302] FAST spr round 3 (radius: 10)
[05:26:05 -1102459.868390] FAST spr round 4 (radius: 10)
[05:26:24 -1102428.469404] FAST spr round 5 (radius: 10)
[05:26:42 -1102406.000611] FAST spr round 6 (radius: 10)
[05:27:02 -1102343.344383] FAST spr round 7 (radius: 10)
[05:27:21 -1102330.255388] FAST spr round 8 (radius: 10)
[05:27:39 -1102321.374448] FAST spr round 9 (radius: 10)
[05:27:58 -1102318.972053] FAST spr round 10 (radius: 10)
[05:28:16 -1102309.834902] FAST spr round 11 (radius: 10)
[05:28:34 -1102306.155157] FAST spr round 12 (radius: 10)
[05:28:52 -1102305.558660] FAST spr round 13 (radius: 10)
[05:29:10 -1102305.558582] Model parameter optimization (eps = 1.000000)
[05:29:12 -1102304.062339] SLOW spr round 1 (radius: 5)
[05:30:10 -1102210.562611] SLOW spr round 2 (radius: 5)
[05:31:01 -1102194.123173] SLOW spr round 3 (radius: 5)
[05:31:51 -1102192.632387] SLOW spr round 4 (radius: 5)
[05:32:41 -1102192.620508] SLOW spr round 5 (radius: 10)
[05:33:43 -1102192.619124] SLOW spr round 6 (radius: 15)
[05:36:40 -1102192.618936] SLOW spr round 7 (radius: 20)
[05:39:49 -1102192.618911] SLOW spr round 8 (radius: 25)
[05:42:22 -1102192.618907] Model parameter optimization (eps = 0.100000)

[05:42:23] ML tree search #15, logLikelihood: -1102192.559081

[05:42:23 -1293238.684364] Initial branch length optimization
[05:42:24 -1150182.565796] Model parameter optimization (eps = 10.000000)
[05:42:34 -1105672.902270] AUTODETECT spr round 1 (radius: 5)
[05:42:50 -1103002.113209] AUTODETECT spr round 2 (radius: 10)
[05:43:26 -1102928.037895] AUTODETECT spr round 3 (radius: 15)
[05:44:18 -1102927.993541] SPR radius for FAST iterations: 10 (autodetect)
[05:44:18 -1102927.993541] Model parameter optimization (eps = 3.000000)
[05:44:21 -1102922.859693] FAST spr round 1 (radius: 10)
[05:44:53 -1102415.541229] FAST spr round 2 (radius: 10)
[05:45:17 -1102293.124050] FAST spr round 3 (radius: 10)
[05:45:36 -1102255.205926] FAST spr round 4 (radius: 10)
[05:45:56 -1102244.957915] FAST spr round 5 (radius: 10)
[05:46:15 -1102236.470329] FAST spr round 6 (radius: 10)
[05:46:33 -1102219.260563] FAST spr round 7 (radius: 10)
[05:46:52 -1102174.667748] FAST spr round 8 (radius: 10)
[05:47:11 -1102141.712370] FAST spr round 9 (radius: 10)
[05:47:29 -1102139.161830] FAST spr round 10 (radius: 10)
[05:47:48 -1102136.849261] FAST spr round 11 (radius: 10)
[05:48:06 -1102135.112663] FAST spr round 12 (radius: 10)
[05:48:24 -1102129.561581] FAST spr round 13 (radius: 10)
[05:48:42 -1102128.614609] FAST spr round 14 (radius: 10)
[05:49:00 -1102128.614386] Model parameter optimization (eps = 1.000000)
[05:49:02 -1102128.304700] SLOW spr round 1 (radius: 5)
[05:49:59 -1101944.562755] SLOW spr round 2 (radius: 5)
[05:50:50 -1101934.192549] SLOW spr round 3 (radius: 5)
[05:51:38 -1101933.613283] SLOW spr round 4 (radius: 5)
[05:52:27 -1101914.052753] SLOW spr round 5 (radius: 5)
[05:53:15 -1101914.051534] SLOW spr round 6 (radius: 10)
[05:54:17 -1101914.051097] SLOW spr round 7 (radius: 15)
[05:57:08 -1101914.050937] SLOW spr round 8 (radius: 20)
[06:00:05 -1101914.050878] SLOW spr round 9 (radius: 25)
[06:02:36 -1101914.050857] Model parameter optimization (eps = 0.100000)

[06:02:37] ML tree search #16, logLikelihood: -1101913.901172

[06:02:37 -1295298.681592] Initial branch length optimization
[06:02:39 -1150134.263449] Model parameter optimization (eps = 10.000000)
[06:02:53 -1105595.355936] AUTODETECT spr round 1 (radius: 5)
[06:03:09 -1102907.344449] AUTODETECT spr round 2 (radius: 10)
[06:03:44 -1102657.480374] AUTODETECT spr round 3 (radius: 15)
[06:04:35 -1102657.443081] SPR radius for FAST iterations: 10 (autodetect)
[06:04:35 -1102657.443081] Model parameter optimization (eps = 3.000000)
[06:04:37 -1102656.284707] FAST spr round 1 (radius: 10)
[06:05:06 -1102335.042150] FAST spr round 2 (radius: 10)
[06:05:30 -1102223.717429] FAST spr round 3 (radius: 10)
[06:05:50 -1102200.539188] FAST spr round 4 (radius: 10)
[06:06:09 -1102192.196045] FAST spr round 5 (radius: 10)
[06:06:27 -1102184.701618] FAST spr round 6 (radius: 10)
[06:06:46 -1102177.611575] FAST spr round 7 (radius: 10)
[06:07:03 -1102170.772446] FAST spr round 8 (radius: 10)
[06:07:21 -1102158.406203] FAST spr round 9 (radius: 10)
[06:07:39 -1102149.583550] FAST spr round 10 (radius: 10)
[06:07:57 -1102145.907803] FAST spr round 11 (radius: 10)
[06:08:15 -1102137.812520] FAST spr round 12 (radius: 10)
[06:08:33 -1102137.811837] Model parameter optimization (eps = 1.000000)
[06:08:34 -1102137.460155] SLOW spr round 1 (radius: 5)
[06:09:32 -1101924.472538] SLOW spr round 2 (radius: 5)
[06:10:23 -1101901.896000] SLOW spr round 3 (radius: 5)
[06:11:12 -1101901.890828] SLOW spr round 4 (radius: 10)
[06:12:14 -1101901.889013] SLOW spr round 5 (radius: 15)
[06:15:08 -1101901.888355] SLOW spr round 6 (radius: 20)
[06:18:17 -1101901.888115] SLOW spr round 7 (radius: 25)
[06:20:49 -1101901.888027] Model parameter optimization (eps = 0.100000)

[06:20:51] ML tree search #17, logLikelihood: -1101901.707646

[06:20:51 -1294435.203727] Initial branch length optimization
[06:20:53 -1149969.733372] Model parameter optimization (eps = 10.000000)
[06:21:04 -1105357.755972] AUTODETECT spr round 1 (radius: 5)
[06:21:20 -1103499.794717] AUTODETECT spr round 2 (radius: 10)
[06:21:54 -1102669.396866] AUTODETECT spr round 3 (radius: 15)
[06:22:42 -1102663.462192] AUTODETECT spr round 4 (radius: 20)
[06:23:35 -1102663.444260] SPR radius for FAST iterations: 15 (autodetect)
[06:23:35 -1102663.444260] Model parameter optimization (eps = 3.000000)
[06:23:37 -1102660.835497] FAST spr round 1 (radius: 15)
[06:24:16 -1102218.598287] FAST spr round 2 (radius: 15)
[06:24:41 -1102131.200115] FAST spr round 3 (radius: 15)
[06:25:03 -1102121.950130] FAST spr round 4 (radius: 15)
[06:25:28 -1102086.433274] FAST spr round 5 (radius: 15)
[06:25:47 -1102077.951839] FAST spr round 6 (radius: 15)
[06:26:06 -1102070.980748] FAST spr round 7 (radius: 15)
[06:26:26 -1102064.699700] FAST spr round 8 (radius: 15)
[06:26:45 -1102051.450319] FAST spr round 9 (radius: 15)
[06:27:04 -1102043.190647] FAST spr round 10 (radius: 15)
[06:27:23 -1102041.749448] FAST spr round 11 (radius: 15)
[06:27:43 -1102041.745778] Model parameter optimization (eps = 1.000000)
[06:27:45 -1102040.389316] SLOW spr round 1 (radius: 5)
[06:28:43 -1101923.181015] SLOW spr round 2 (radius: 5)
[06:29:35 -1101907.805693] SLOW spr round 3 (radius: 5)
[06:30:25 -1101905.739815] SLOW spr round 4 (radius: 5)
[06:31:14 -1101905.739702] SLOW spr round 5 (radius: 10)
[06:32:17 -1101905.739696] SLOW spr round 6 (radius: 15)
[06:35:14 -1101905.739695] SLOW spr round 7 (radius: 20)
[06:38:25 -1101905.739695] SLOW spr round 8 (radius: 25)
[06:40:56 -1101905.739695] Model parameter optimization (eps = 0.100000)

[06:40:58] ML tree search #18, logLikelihood: -1101905.673678

[06:40:58 -1293411.571902] Initial branch length optimization
[06:40:59 -1149345.399736] Model parameter optimization (eps = 10.000000)
[06:41:10 -1104848.670293] AUTODETECT spr round 1 (radius: 5)
[06:41:26 -1102460.036980] AUTODETECT spr round 2 (radius: 10)
[06:42:02 -1102431.370976] AUTODETECT spr round 3 (radius: 15)
[06:42:54 -1102415.806458] AUTODETECT spr round 4 (radius: 20)
[06:43:52 -1102415.801327] SPR radius for FAST iterations: 15 (autodetect)
[06:43:52 -1102415.801327] Model parameter optimization (eps = 3.000000)
[06:43:55 -1102410.785831] FAST spr round 1 (radius: 15)
[06:44:29 -1102089.196970] FAST spr round 2 (radius: 15)
[06:44:54 -1102001.311423] FAST spr round 3 (radius: 15)
[06:45:15 -1101982.713736] FAST spr round 4 (radius: 15)
[06:45:35 -1101971.790456] FAST spr round 5 (radius: 15)
[06:45:55 -1101969.212024] FAST spr round 6 (radius: 15)
[06:46:15 -1101969.119296] Model parameter optimization (eps = 1.000000)
[06:46:16 -1101968.719332] SLOW spr round 1 (radius: 5)
[06:47:10 -1101925.161988] SLOW spr round 2 (radius: 5)
[06:48:01 -1101924.551791] SLOW spr round 3 (radius: 5)
[06:48:52 -1101904.360109] SLOW spr round 4 (radius: 5)
[06:49:42 -1101904.359973] SLOW spr round 5 (radius: 10)
[06:50:45 -1101904.359937] SLOW spr round 6 (radius: 15)
[06:53:42 -1101904.359925] SLOW spr round 7 (radius: 20)
[06:56:51 -1101904.359921] SLOW spr round 8 (radius: 25)
[06:59:24 -1101904.359919] Model parameter optimization (eps = 0.100000)

[06:59:27] ML tree search #19, logLikelihood: -1101904.125153

[06:59:27 -1292432.123625] Initial branch length optimization
[06:59:29 -1150080.972684] Model parameter optimization (eps = 10.000000)
[06:59:40 -1105589.296800] AUTODETECT spr round 1 (radius: 5)
[06:59:57 -1103274.857239] AUTODETECT spr round 2 (radius: 10)
[07:00:33 -1103193.436952] AUTODETECT spr round 3 (radius: 15)
[07:01:25 -1102948.304811] AUTODETECT spr round 4 (radius: 20)
[07:02:16 -1102948.300903] SPR radius for FAST iterations: 15 (autodetect)
[07:02:16 -1102948.300903] Model parameter optimization (eps = 3.000000)
[07:02:20 -1102943.921769] FAST spr round 1 (radius: 15)
[07:02:57 -1102462.891287] FAST spr round 2 (radius: 15)
[07:03:24 -1102353.700677] FAST spr round 3 (radius: 15)
[07:03:46 -1102289.133083] FAST spr round 4 (radius: 15)
[07:04:07 -1102278.758620] FAST spr round 5 (radius: 15)
[07:04:27 -1102271.132471] FAST spr round 6 (radius: 15)
[07:04:47 -1102268.994463] FAST spr round 7 (radius: 15)
[07:05:07 -1102266.900498] FAST spr round 8 (radius: 15)
[07:05:27 -1102259.745578] FAST spr round 9 (radius: 15)
[07:05:46 -1102258.142458] FAST spr round 10 (radius: 15)
[07:06:06 -1102256.716792] FAST spr round 11 (radius: 15)
[07:06:25 -1102254.568000] FAST spr round 12 (radius: 15)
[07:06:44 -1102254.567207] Model parameter optimization (eps = 1.000000)
[07:06:45 -1102254.091200] SLOW spr round 1 (radius: 5)
[07:07:41 -1102164.112915] SLOW spr round 2 (radius: 5)
[07:08:32 -1102163.013555] SLOW spr round 3 (radius: 5)
[07:09:22 -1102162.437742] SLOW spr round 4 (radius: 5)
[07:10:13 -1102143.050969] SLOW spr round 5 (radius: 5)
[07:11:03 -1102142.676037] SLOW spr round 6 (radius: 5)
[07:11:52 -1102142.672316] SLOW spr round 7 (radius: 10)
[07:12:56 -1102142.672003] SLOW spr round 8 (radius: 15)
[07:16:02 -1102142.671967] SLOW spr round 9 (radius: 20)
[07:19:04 -1102142.671958] SLOW spr round 10 (radius: 25)
[07:21:41 -1102142.671955] Model parameter optimization (eps = 0.100000)

[07:21:43] ML tree search #20, logLikelihood: -1102142.541433


Optimized model parameters:

   Partition 0: noname
   Rate heterogeneity: GAMMA (4 cats, mean),  alpha: 0.937406 (ML),  weights&rates: (0.250000,0.124302) (0.250000,0.457094) (0.250000,0.988801) (0.250000,2.429803) 
   Base frequencies (ML): 0.261040 0.240868 0.217404 0.280688 
   Substitution rates (ML): 1.831828 5.523067 1.780670 1.211927 6.722082 1.000000 


Final LogLikelihood: -1101881.405166

AIC score: 2205198.810332 / AICc score: 2205227.264392 / BIC score: 2211315.314704
Free parameters (model + branch lengths): 718

WARNING: Best ML tree contains 1 near-zero branches!

Best ML tree with collapsed near-zero branches saved to: /home/gkettenburg/RAxML_tree/africa_picornaviridae_raxml/P2P3/T2.raxml.bestTreeCollapsed
Best ML tree saved to: /home/gkettenburg/RAxML_tree/africa_picornaviridae_raxml/P2P3/T2.raxml.bestTree
All ML trees saved to: /home/gkettenburg/RAxML_tree/africa_picornaviridae_raxml/P2P3/T2.raxml.mlTrees
Optimized model saved to: /home/gkettenburg/RAxML_tree/africa_picornaviridae_raxml/P2P3/T2.raxml.bestModel

Execution log saved to: /home/gkettenburg/RAxML_tree/africa_picornaviridae_raxml/P2P3/T2.raxml.log

Analysis started: 10-Sep-2023 11:08:05 / finished: 10-Sep-2023 18:29:48

Elapsed time: 26503.341 seconds

Consumed energy: 844.552 Wh (= 4 km in an electric car, or 21 km with an e-scooter!)

