
RAxML-NG v. 1.1.0-master released on 22.06.2022 by The Exelixis Lab.
Developed by: Alexey M. Kozlov and Alexandros Stamatakis.
Contributors: Diego Darriba, Tomas Flouri, Benoit Morel, Sarah Lutteropp, Ben Bettisworth.
Latest version: https://github.com/amkozlov/raxml-ng
Questions/problems/suggestions? Please visit: https://groups.google.com/forum/#!forum/raxml

System: Intel(R) Xeon(R) CPU E5-2680 v4 @ 2.40GHz, 28 cores, 62 GB RAM

RAxML-NG was called at 31-May-2024 13:48:15 as follows:

raxml-ng-mpi --all --msa hepato_all_align.fasta --model GTR+G4 --prefix T1 --seed 1 --threads auto{8} --bs-metric fbp,tbe

Analysis options:
  run mode: ML tree search + bootstrapping (Felsenstein Bootstrap + Transfer Bootstrap)
  start tree(s): random (10) + parsimony (10)
  bootstrap replicates: max: 1000 + bootstopping (autoMRE, cutoff: 0.030000)
  random seed: 1
  tip-inner: OFF
  pattern compression: ON
  per-rate scalers: OFF
  site repeats: ON
  branch lengths: proportional (ML estimate, algorithm: NR-FAST)
  SIMD kernels: AVX2
  parallelization: coarse-grained (auto), PTHREADS (auto)

[00:00:02] Reading alignment from file: hepato_all_align.fasta
[00:00:02] Loaded alignment with 118 taxa and 12482 sites

WARNING: Sequences KT877158.1 and NC_028981.1 are exactly identical!
WARNING: Duplicate sequences found: 1

NOTE: Reduced alignment (with duplicates and gap-only sites/taxa removed) 
NOTE: was saved to: /home/gkettenburg/RAxML_tree/hepato_tree/T1.raxml.reduced.phy

Alignment comprises 1 partitions and 6738 patterns

Partition 0: noname
Model: GTR+FO+G4m
Alignment sites / patterns: 12482 / 6738
Gaps: 40.55 %
Invariant sites: 41.33 %


NOTE: Binary MSA file created: T1.raxml.rba

Parallelization scheme autoconfig: 1 worker(s) x 8 thread(s)

Parallel reduction/worker buffer size: 1 KB  / 0 KB

[00:00:02] Generating 10 random starting tree(s) with 118 taxa
[00:00:02] Generating 10 parsimony starting tree(s) with 118 taxa
[00:00:03] Data distribution: max. partitions/sites/weight per thread: 1 / 843 / 13488
[00:00:03] Data distribution: max. searches per worker: 1020

Starting ML tree search with 20 distinct starting trees

[00:01:17] ML tree search #1, logLikelihood: -188882.870359
[00:02:36] ML tree search #2, logLikelihood: -188882.874656
[00:03:45] ML tree search #3, logLikelihood: -188882.878001
[00:04:55] ML tree search #4, logLikelihood: -188882.884183
[00:06:09] ML tree search #5, logLikelihood: -188882.876025
[00:07:18] ML tree search #6, logLikelihood: -188882.868412
[00:08:26] ML tree search #7, logLikelihood: -188882.864893
[00:09:34] ML tree search #8, logLikelihood: -188882.876534
[00:10:41] ML tree search #9, logLikelihood: -188882.864984
[00:11:50] ML tree search #10, logLikelihood: -188882.867991
[00:12:32] ML tree search #11, logLikelihood: -188882.858407
[00:13:11] ML tree search #12, logLikelihood: -188882.866626
[00:14:01] ML tree search #13, logLikelihood: -188882.847393
[00:14:51] ML tree search #14, logLikelihood: -188882.852892
[00:15:46] ML tree search #15, logLikelihood: -188882.887898
[00:16:33] ML tree search #16, logLikelihood: -188882.850794
[00:17:25] ML tree search #17, logLikelihood: -188882.847971
[00:18:14] ML tree search #18, logLikelihood: -188882.847611
[00:19:05] ML tree search #19, logLikelihood: -188882.847029
[00:19:58] ML tree search #20, logLikelihood: -188882.865398

[00:19:58] ML tree search completed, best tree logLH: -188882.847029

[00:19:58] Starting bootstrapping analysis with 1000 replicates.

[00:20:40] Bootstrap tree #1, logLikelihood: -185434.658696
[00:21:24] Bootstrap tree #2, logLikelihood: -188732.897877
[00:22:11] Bootstrap tree #3, logLikelihood: -187756.213359
[00:22:57] Bootstrap tree #4, logLikelihood: -192514.158486
[00:23:43] Bootstrap tree #5, logLikelihood: -190796.914512
[00:24:26] Bootstrap tree #6, logLikelihood: -189329.929475
[00:25:15] Bootstrap tree #7, logLikelihood: -188281.381532
[00:26:06] Bootstrap tree #8, logLikelihood: -189788.285521
[00:26:52] Bootstrap tree #9, logLikelihood: -187495.301456
[00:27:40] Bootstrap tree #10, logLikelihood: -185501.145731
[00:28:27] Bootstrap tree #11, logLikelihood: -190656.432297
[00:29:13] Bootstrap tree #12, logLikelihood: -185972.777738
[00:29:54] Bootstrap tree #13, logLikelihood: -185838.477926
[00:30:49] Bootstrap tree #14, logLikelihood: -190974.470005
[00:31:37] Bootstrap tree #15, logLikelihood: -187717.427250
[00:32:24] Bootstrap tree #16, logLikelihood: -190555.304202
[00:33:15] Bootstrap tree #17, logLikelihood: -187636.750347
[00:34:05] Bootstrap tree #18, logLikelihood: -187374.086315
[00:34:51] Bootstrap tree #19, logLikelihood: -186606.967302
[00:35:43] Bootstrap tree #20, logLikelihood: -189418.106797
[00:36:28] Bootstrap tree #21, logLikelihood: -187216.399243
[00:37:12] Bootstrap tree #22, logLikelihood: -187971.702943
[00:37:57] Bootstrap tree #23, logLikelihood: -187576.270369
[00:38:40] Bootstrap tree #24, logLikelihood: -189978.225873
[00:39:30] Bootstrap tree #25, logLikelihood: -191424.814837
[00:40:15] Bootstrap tree #26, logLikelihood: -191128.379302
[00:40:58] Bootstrap tree #27, logLikelihood: -192143.517721
[00:41:47] Bootstrap tree #28, logLikelihood: -189289.483865
[00:42:34] Bootstrap tree #29, logLikelihood: -187979.049917
[00:43:16] Bootstrap tree #30, logLikelihood: -189082.078921
[00:44:04] Bootstrap tree #31, logLikelihood: -187757.504202
[00:44:41] Bootstrap tree #32, logLikelihood: -186451.581448
[00:45:27] Bootstrap tree #33, logLikelihood: -189748.968525
[00:46:06] Bootstrap tree #34, logLikelihood: -186876.162141
[00:46:51] Bootstrap tree #35, logLikelihood: -188521.096649
[00:47:38] Bootstrap tree #36, logLikelihood: -190979.099165
[00:48:23] Bootstrap tree #37, logLikelihood: -192683.988775
[00:49:06] Bootstrap tree #38, logLikelihood: -186953.593244
[00:49:52] Bootstrap tree #39, logLikelihood: -188381.212407
[00:50:38] Bootstrap tree #40, logLikelihood: -189854.132686
[00:51:26] Bootstrap tree #41, logLikelihood: -187620.769096
[00:52:10] Bootstrap tree #42, logLikelihood: -185621.701931
[00:52:53] Bootstrap tree #43, logLikelihood: -186020.282353
[00:53:40] Bootstrap tree #44, logLikelihood: -186944.043614
[00:54:22] Bootstrap tree #45, logLikelihood: -188145.592297
[00:55:09] Bootstrap tree #46, logLikelihood: -191721.274107
[00:55:55] Bootstrap tree #47, logLikelihood: -186279.441489
[00:56:41] Bootstrap tree #48, logLikelihood: -186301.771882
[00:57:23] Bootstrap tree #49, logLikelihood: -188055.148428
[00:58:09] Bootstrap tree #50, logLikelihood: -187199.057490
[00:58:53] Bootstrap tree #51, logLikelihood: -187026.390306
[00:59:32] Bootstrap tree #52, logLikelihood: -190343.193641
[01:00:16] Bootstrap tree #53, logLikelihood: -185673.822661
[01:01:07] Bootstrap tree #54, logLikelihood: -192925.860932
[01:01:52] Bootstrap tree #55, logLikelihood: -190798.798651
[01:02:40] Bootstrap tree #56, logLikelihood: -189829.475589
[01:03:27] Bootstrap tree #57, logLikelihood: -189183.039339
[01:04:12] Bootstrap tree #58, logLikelihood: -188644.441696
[01:04:50] Bootstrap tree #59, logLikelihood: -189558.905358
[01:05:32] Bootstrap tree #60, logLikelihood: -190017.506438
[01:06:19] Bootstrap tree #61, logLikelihood: -187191.038486
[01:07:02] Bootstrap tree #62, logLikelihood: -189853.830759
[01:07:53] Bootstrap tree #63, logLikelihood: -187440.233030
[01:08:36] Bootstrap tree #64, logLikelihood: -188894.799649
[01:09:21] Bootstrap tree #65, logLikelihood: -186848.498631
[01:10:04] Bootstrap tree #66, logLikelihood: -191361.448001
[01:10:48] Bootstrap tree #67, logLikelihood: -189382.323622
[01:11:33] Bootstrap tree #68, logLikelihood: -188598.126209
[01:12:17] Bootstrap tree #69, logLikelihood: -187299.281836
[01:13:05] Bootstrap tree #70, logLikelihood: -191033.372714
[01:13:50] Bootstrap tree #71, logLikelihood: -186186.702402
[01:14:34] Bootstrap tree #72, logLikelihood: -186571.244642
[01:15:23] Bootstrap tree #73, logLikelihood: -192365.424133
[01:16:05] Bootstrap tree #74, logLikelihood: -190041.016276
[01:16:50] Bootstrap tree #75, logLikelihood: -188025.512352
[01:17:34] Bootstrap tree #76, logLikelihood: -189484.770777
[01:18:18] Bootstrap tree #77, logLikelihood: -188323.794925
[01:19:01] Bootstrap tree #78, logLikelihood: -189857.072414
[01:19:43] Bootstrap tree #79, logLikelihood: -189124.057362
[01:20:29] Bootstrap tree #80, logLikelihood: -185974.727247
[01:21:12] Bootstrap tree #81, logLikelihood: -188805.514731
[01:22:00] Bootstrap tree #82, logLikelihood: -190533.105058
[01:22:42] Bootstrap tree #83, logLikelihood: -186696.758182
[01:23:25] Bootstrap tree #84, logLikelihood: -185647.574878
[01:24:10] Bootstrap tree #85, logLikelihood: -187686.157669
[01:24:57] Bootstrap tree #86, logLikelihood: -188091.617012
[01:25:39] Bootstrap tree #87, logLikelihood: -189873.726622
[01:26:27] Bootstrap tree #88, logLikelihood: -187672.849437
[01:27:14] Bootstrap tree #89, logLikelihood: -190214.024205
[01:28:00] Bootstrap tree #90, logLikelihood: -193392.939277
[01:28:44] Bootstrap tree #91, logLikelihood: -190607.387525
[01:29:28] Bootstrap tree #92, logLikelihood: -187432.578923
[01:30:18] Bootstrap tree #93, logLikelihood: -190020.299427
[01:31:05] Bootstrap tree #94, logLikelihood: -190841.325419
[01:31:49] Bootstrap tree #95, logLikelihood: -187666.769151
[01:32:36] Bootstrap tree #96, logLikelihood: -190821.070548
[01:33:20] Bootstrap tree #97, logLikelihood: -189861.866981
[01:34:09] Bootstrap tree #98, logLikelihood: -191155.084448
[01:34:56] Bootstrap tree #99, logLikelihood: -187053.087716
[01:35:45] Bootstrap tree #100, logLikelihood: -190246.088566
[01:36:28] Bootstrap tree #101, logLikelihood: -188303.170324
[01:37:09] Bootstrap tree #102, logLikelihood: -185902.357216
[01:37:53] Bootstrap tree #103, logLikelihood: -186010.380196
[01:38:37] Bootstrap tree #104, logLikelihood: -190199.393823
[01:39:22] Bootstrap tree #105, logLikelihood: -185404.887966
[01:40:07] Bootstrap tree #106, logLikelihood: -186916.625487
[01:40:51] Bootstrap tree #107, logLikelihood: -186824.346830
[01:41:34] Bootstrap tree #108, logLikelihood: -187265.633166
[01:42:19] Bootstrap tree #109, logLikelihood: -187446.123293
[01:43:02] Bootstrap tree #110, logLikelihood: -190673.052398
[01:43:44] Bootstrap tree #111, logLikelihood: -189782.931128
[01:44:25] Bootstrap tree #112, logLikelihood: -187213.662166
[01:45:11] Bootstrap tree #113, logLikelihood: -190301.006637
[01:45:53] Bootstrap tree #114, logLikelihood: -190626.412406
[01:46:36] Bootstrap tree #115, logLikelihood: -191156.001218
[01:47:21] Bootstrap tree #116, logLikelihood: -187639.162507
[01:48:10] Bootstrap tree #117, logLikelihood: -189423.864806
[01:48:56] Bootstrap tree #118, logLikelihood: -187399.475249
[01:49:43] Bootstrap tree #119, logLikelihood: -188907.851839
[01:50:28] Bootstrap tree #120, logLikelihood: -187184.028196
[01:51:12] Bootstrap tree #121, logLikelihood: -188591.993296
[01:51:55] Bootstrap tree #122, logLikelihood: -193122.592511
[01:52:41] Bootstrap tree #123, logLikelihood: -186409.016683
[01:53:25] Bootstrap tree #124, logLikelihood: -185208.037223
[01:54:06] Bootstrap tree #125, logLikelihood: -183549.934729
[01:54:49] Bootstrap tree #126, logLikelihood: -190697.643402
[01:55:37] Bootstrap tree #127, logLikelihood: -192032.296821
[01:56:28] Bootstrap tree #128, logLikelihood: -188953.283699
[01:57:19] Bootstrap tree #129, logLikelihood: -188748.760799
[01:58:03] Bootstrap tree #130, logLikelihood: -187555.890832
[01:58:45] Bootstrap tree #131, logLikelihood: -187508.079585
[01:59:28] Bootstrap tree #132, logLikelihood: -189487.538196
[02:00:14] Bootstrap tree #133, logLikelihood: -191004.997391
[02:01:02] Bootstrap tree #134, logLikelihood: -184946.996921
[02:01:52] Bootstrap tree #135, logLikelihood: -186994.085324
[02:02:37] Bootstrap tree #136, logLikelihood: -189395.569086
[02:03:19] Bootstrap tree #137, logLikelihood: -187652.912164
[02:04:03] Bootstrap tree #138, logLikelihood: -188772.150840
[02:04:48] Bootstrap tree #139, logLikelihood: -190178.817215
[02:05:32] Bootstrap tree #140, logLikelihood: -187609.559327
[02:06:15] Bootstrap tree #141, logLikelihood: -184494.109920
[02:06:58] Bootstrap tree #142, logLikelihood: -187010.968243
[02:07:47] Bootstrap tree #143, logLikelihood: -189428.763942
[02:08:31] Bootstrap tree #144, logLikelihood: -192233.886421
[02:09:14] Bootstrap tree #145, logLikelihood: -188447.007653
[02:10:00] Bootstrap tree #146, logLikelihood: -189457.316689
[02:10:54] Bootstrap tree #147, logLikelihood: -189496.188793
[02:11:41] Bootstrap tree #148, logLikelihood: -192531.111825
[02:12:25] Bootstrap tree #149, logLikelihood: -187621.298874
[02:13:10] Bootstrap tree #150, logLikelihood: -188798.216915
[02:13:58] Bootstrap tree #151, logLikelihood: -189510.948751
[02:14:43] Bootstrap tree #152, logLikelihood: -191340.163586
[02:15:22] Bootstrap tree #153, logLikelihood: -184312.760597
[02:16:11] Bootstrap tree #154, logLikelihood: -187207.949310
[02:16:56] Bootstrap tree #155, logLikelihood: -190280.989217
[02:17:45] Bootstrap tree #156, logLikelihood: -189040.649225
[02:18:29] Bootstrap tree #157, logLikelihood: -187414.582392
[02:19:10] Bootstrap tree #158, logLikelihood: -190775.703774
[02:19:54] Bootstrap tree #159, logLikelihood: -189095.466862
[02:20:41] Bootstrap tree #160, logLikelihood: -189299.922143
[02:21:27] Bootstrap tree #161, logLikelihood: -184828.214440
[02:22:08] Bootstrap tree #162, logLikelihood: -188332.391214
[02:22:53] Bootstrap tree #163, logLikelihood: -188561.429684
[02:23:39] Bootstrap tree #164, logLikelihood: -188899.516864
[02:24:26] Bootstrap tree #165, logLikelihood: -186510.436379
[02:25:14] Bootstrap tree #166, logLikelihood: -192487.151040
[02:26:03] Bootstrap tree #167, logLikelihood: -188390.012135
[02:26:50] Bootstrap tree #168, logLikelihood: -188088.384387
[02:27:34] Bootstrap tree #169, logLikelihood: -187978.919673
[02:28:25] Bootstrap tree #170, logLikelihood: -190354.024656
[02:29:09] Bootstrap tree #171, logLikelihood: -189578.621805
[02:29:57] Bootstrap tree #172, logLikelihood: -189227.368178
[02:30:40] Bootstrap tree #173, logLikelihood: -190110.900967
[02:31:24] Bootstrap tree #174, logLikelihood: -189289.776387
[02:32:08] Bootstrap tree #175, logLikelihood: -186038.972942
[02:32:55] Bootstrap tree #176, logLikelihood: -189516.153590
[02:33:37] Bootstrap tree #177, logLikelihood: -190725.105350
[02:34:22] Bootstrap tree #178, logLikelihood: -191845.620144
[02:35:06] Bootstrap tree #179, logLikelihood: -188045.134226
[02:35:52] Bootstrap tree #180, logLikelihood: -191410.587464
[02:36:36] Bootstrap tree #181, logLikelihood: -188022.695496
[02:37:22] Bootstrap tree #182, logLikelihood: -189560.722408
[02:38:04] Bootstrap tree #183, logLikelihood: -192070.986880
[02:38:50] Bootstrap tree #184, logLikelihood: -189294.545783
[02:39:35] Bootstrap tree #185, logLikelihood: -184373.754692
[02:40:30] Bootstrap tree #186, logLikelihood: -194095.738791
[02:41:23] Bootstrap tree #187, logLikelihood: -188971.852918
[02:42:14] Bootstrap tree #188, logLikelihood: -190828.142127
[02:43:02] Bootstrap tree #189, logLikelihood: -188413.174374
[02:43:51] Bootstrap tree #190, logLikelihood: -189948.383029
[02:44:39] Bootstrap tree #191, logLikelihood: -189583.679256
[02:45:26] Bootstrap tree #192, logLikelihood: -192236.387896
[02:46:09] Bootstrap tree #193, logLikelihood: -189003.133615
[02:46:55] Bootstrap tree #194, logLikelihood: -192125.454846
[02:47:40] Bootstrap tree #195, logLikelihood: -188655.022450
[02:48:33] Bootstrap tree #196, logLikelihood: -187219.606663
[02:49:17] Bootstrap tree #197, logLikelihood: -191974.721616
[02:50:02] Bootstrap tree #198, logLikelihood: -192588.433607
[02:50:48] Bootstrap tree #199, logLikelihood: -188285.755985
[02:51:32] Bootstrap tree #200, logLikelihood: -189155.577859
[02:52:16] Bootstrap tree #201, logLikelihood: -187918.768874
[02:52:59] Bootstrap tree #202, logLikelihood: -187041.350635
[02:53:42] Bootstrap tree #203, logLikelihood: -191913.023058
[02:54:30] Bootstrap tree #204, logLikelihood: -191404.645084
[02:55:19] Bootstrap tree #205, logLikelihood: -188670.736228
[02:56:05] Bootstrap tree #206, logLikelihood: -193229.186952
[02:56:58] Bootstrap tree #207, logLikelihood: -190431.149993
[02:57:44] Bootstrap tree #208, logLikelihood: -190481.250116
[02:58:32] Bootstrap tree #209, logLikelihood: -189876.458509
[02:59:17] Bootstrap tree #210, logLikelihood: -187548.587857
[03:00:07] Bootstrap tree #211, logLikelihood: -187024.370066
[03:00:51] Bootstrap tree #212, logLikelihood: -186595.350489
[03:01:34] Bootstrap tree #213, logLikelihood: -188720.593621
[03:02:19] Bootstrap tree #214, logLikelihood: -188450.917484
[03:03:03] Bootstrap tree #215, logLikelihood: -188514.042134
[03:03:47] Bootstrap tree #216, logLikelihood: -194255.992624
[03:04:30] Bootstrap tree #217, logLikelihood: -189591.568504
[03:05:17] Bootstrap tree #218, logLikelihood: -192237.884880
[03:06:02] Bootstrap tree #219, logLikelihood: -189868.577572
[03:06:46] Bootstrap tree #220, logLikelihood: -185331.507810
[03:07:32] Bootstrap tree #221, logLikelihood: -189966.429247
[03:08:20] Bootstrap tree #222, logLikelihood: -188643.497773
[03:09:05] Bootstrap tree #223, logLikelihood: -185686.942146
[03:09:47] Bootstrap tree #224, logLikelihood: -185382.611120
[03:10:31] Bootstrap tree #225, logLikelihood: -189278.949492
[03:11:13] Bootstrap tree #226, logLikelihood: -189181.742837
[03:12:05] Bootstrap tree #227, logLikelihood: -189625.577205
[03:12:51] Bootstrap tree #228, logLikelihood: -190880.316234
[03:13:39] Bootstrap tree #229, logLikelihood: -188456.790129
[03:14:28] Bootstrap tree #230, logLikelihood: -189826.245533
[03:15:16] Bootstrap tree #231, logLikelihood: -188170.211354
[03:16:05] Bootstrap tree #232, logLikelihood: -190091.298378
[03:16:49] Bootstrap tree #233, logLikelihood: -188117.137932
[03:17:33] Bootstrap tree #234, logLikelihood: -189435.808756
[03:18:22] Bootstrap tree #235, logLikelihood: -187606.377742
[03:19:08] Bootstrap tree #236, logLikelihood: -189017.449347
[03:19:53] Bootstrap tree #237, logLikelihood: -185374.047671
[03:20:39] Bootstrap tree #238, logLikelihood: -188670.173875
[03:21:25] Bootstrap tree #239, logLikelihood: -189886.899490
[03:22:11] Bootstrap tree #240, logLikelihood: -189535.812986
[03:22:56] Bootstrap tree #241, logLikelihood: -185538.434647
[03:23:41] Bootstrap tree #242, logLikelihood: -188764.035117
[03:24:26] Bootstrap tree #243, logLikelihood: -185575.399907
[03:25:12] Bootstrap tree #244, logLikelihood: -186923.365260
[03:25:56] Bootstrap tree #245, logLikelihood: -187865.436389
[03:26:43] Bootstrap tree #246, logLikelihood: -191510.845391
[03:27:30] Bootstrap tree #247, logLikelihood: -188210.100946
[03:28:15] Bootstrap tree #248, logLikelihood: -188803.985802
[03:29:02] Bootstrap tree #249, logLikelihood: -188213.397988
[03:29:48] Bootstrap tree #250, logLikelihood: -188533.688406
[03:29:49] Bootstrapping converged after 250 replicates.

Optimized model parameters:

   Partition 0: noname
   Rate heterogeneity: GAMMA (4 cats, mean),  alpha: 0.461156 (ML),  weights&rates: (0.250000,0.026434) (0.250000,0.225803) (0.250000,0.789809) (0.250000,2.957954) 
   Base frequencies (ML): 0.309748 0.139816 0.210801 0.339635 
   Substitution rates (ML): 3.995581 9.126471 1.828583 3.408989 19.484479 1.000000 


Final LogLikelihood: -188882.847029

AIC score: 378249.694058 / AICc score: 378259.303667 / BIC score: 380048.248436
Free parameters (model + branch lengths): 242

WARNING: Best ML tree contains 4 near-zero branches!

Best ML tree with collapsed near-zero branches saved to: /home/gkettenburg/RAxML_tree/hepato_tree/T1.raxml.bestTreeCollapsed
Best ML tree saved to: /home/gkettenburg/RAxML_tree/hepato_tree/T1.raxml.bestTree
All ML trees saved to: /home/gkettenburg/RAxML_tree/hepato_tree/T1.raxml.mlTrees
Best ML tree with Felsenstein bootstrap (FBP) support values saved to: /home/gkettenburg/RAxML_tree/hepato_tree/T1.raxml.supportFBP
Best ML tree with Transfer bootstrap (TBE) support values saved to: /home/gkettenburg/RAxML_tree/hepato_tree/T1.raxml.supportTBE
Optimized model saved to: /home/gkettenburg/RAxML_tree/hepato_tree/T1.raxml.bestModel
Bootstrap trees saved to: /home/gkettenburg/RAxML_tree/hepato_tree/T1.raxml.bootstraps

Execution log saved to: /home/gkettenburg/RAxML_tree/hepato_tree/T1.raxml.log

Analysis started: 31-May-2024 13:48:15 / finished: 31-May-2024 17:18:04

Elapsed time: 12589.135 seconds

Consumed energy: 611.829 Wh (= 3 km in an electric car, or 15 km with an e-scooter!)

