ERROR: Unable to locate a modulefile for 'emacs/25.1'
ERROR: Unable to locate a modulefile for 'python/3.6'
ERROR: Unable to locate a modulefile for 'java/1.8.0_121'
ERROR: Unable to locate a modulefile for 'cmake/3.15.1'

RAxML-NG v. 1.1.0-master released on 22.06.2022 by The Exelixis Lab.
Developed by: Alexey M. Kozlov and Alexandros Stamatakis.
Contributors: Diego Darriba, Tomas Flouri, Benoit Morel, Sarah Lutteropp, Ben Bettisworth.
Latest version: https://github.com/amkozlov/raxml-ng
Questions/problems/suggestions? Please visit: https://groups.google.com/forum/#!forum/raxml

System: Intel(R) Xeon(R) CPU E5-2680 v4 @ 2.40GHz, 28 cores, 62 GB RAM

RAxML-NG was called at 10-Sep-2023 11:08:59 as follows:

raxml-ng-mpi --bootstrap --msa bat_picornavirales_all_P1_align.fasta --model GTR+G4 --prefix T3 --seed 2 --threads auto{8}

Analysis options:
  run mode: Bootstrapping
  start tree(s): 
  bootstrap replicates: max: 1000 + bootstopping (autoMRE, cutoff: 0.030000)
  random seed: 2
  tip-inner: OFF
  pattern compression: ON
  per-rate scalers: OFF
  site repeats: ON
  branch lengths: proportional (ML estimate, algorithm: NR-FAST)
  SIMD kernels: AVX2
  parallelization: coarse-grained (auto), PTHREADS (auto)

[00:00:00] Reading alignment from file: bat_picornavirales_all_P1_align.fasta
[00:00:00] Loaded alignment with 228 taxa and 38361 sites

WARNING: Fully undetermined columns found: 36

NOTE: Reduced alignment (with duplicates and gap-only sites/taxa removed) 
NOTE: was saved to: /home/gkettenburg/RAxML_tree/bat_picorna_all_raxml/P1/T3.raxml.reduced.phy

Alignment comprises 1 partitions and 17571 patterns

Partition 0: noname
Model: GTR+FO+G4m
Alignment sites / patterns: 38325 / 17571
Gaps: 82.70 %
Invariant sites: 52.88 %


NOTE: Binary MSA file created: T3.raxml.rba

Parallelization scheme autoconfig: 1 worker(s) x 8 thread(s)

Error calling pthread_setaffinity_np: 22
Parallel reduction/worker buffer size: 1 KB  / 0 KB

[00:00:00] Data distribution: max. partitions/sites/weight per thread: 1 / 2197 / 35152
[00:00:02] Data distribution: max. searches per worker: 1000
[00:00:02] Starting bootstrapping analysis with 1000 replicates.

[00:07:32] Bootstrap tree #1, logLikelihood: -819717.804475
[00:14:35] Bootstrap tree #2, logLikelihood: -831600.078458
[00:21:29] Bootstrap tree #3, logLikelihood: -829631.305355
[00:27:55] Bootstrap tree #4, logLikelihood: -827101.423039
[00:34:17] Bootstrap tree #5, logLikelihood: -832881.028383
[00:41:36] Bootstrap tree #6, logLikelihood: -823743.068772
[00:48:36] Bootstrap tree #7, logLikelihood: -836840.289810
[00:57:11] Bootstrap tree #8, logLikelihood: -827912.906783
[01:04:11] Bootstrap tree #9, logLikelihood: -822996.996578
[01:10:58] Bootstrap tree #10, logLikelihood: -820941.393500
[01:17:44] Bootstrap tree #11, logLikelihood: -826792.507019
[01:25:32] Bootstrap tree #12, logLikelihood: -823256.405733
[01:32:11] Bootstrap tree #13, logLikelihood: -828362.960407
[01:39:20] Bootstrap tree #14, logLikelihood: -818740.218768
[01:46:11] Bootstrap tree #15, logLikelihood: -830381.756738
[01:52:53] Bootstrap tree #16, logLikelihood: -817928.449902
[02:00:04] Bootstrap tree #17, logLikelihood: -832681.188130
[02:06:52] Bootstrap tree #18, logLikelihood: -828668.752189
[02:14:03] Bootstrap tree #19, logLikelihood: -826835.958267
[02:21:54] Bootstrap tree #20, logLikelihood: -836588.323418
[02:28:58] Bootstrap tree #21, logLikelihood: -828876.749116
[02:35:26] Bootstrap tree #22, logLikelihood: -819178.774519
[02:42:39] Bootstrap tree #23, logLikelihood: -830699.493307
[02:49:16] Bootstrap tree #24, logLikelihood: -825379.551939
[02:56:11] Bootstrap tree #25, logLikelihood: -818822.171664
[03:03:23] Bootstrap tree #26, logLikelihood: -828118.085563
[03:11:09] Bootstrap tree #27, logLikelihood: -809366.331471
[03:18:15] Bootstrap tree #28, logLikelihood: -816249.193002
[03:25:04] Bootstrap tree #29, logLikelihood: -818697.422638
[03:31:46] Bootstrap tree #30, logLikelihood: -826027.902564
[03:38:32] Bootstrap tree #31, logLikelihood: -812719.394927
[03:44:57] Bootstrap tree #32, logLikelihood: -813509.331968
[03:51:13] Bootstrap tree #33, logLikelihood: -820874.591357
[03:58:34] Bootstrap tree #34, logLikelihood: -825776.410564
[04:05:58] Bootstrap tree #35, logLikelihood: -823865.713403
[04:13:19] Bootstrap tree #36, logLikelihood: -829229.103530
[04:19:56] Bootstrap tree #37, logLikelihood: -824024.165883
[04:27:14] Bootstrap tree #38, logLikelihood: -829604.600387
[04:34:48] Bootstrap tree #39, logLikelihood: -827199.642851
[04:42:11] Bootstrap tree #40, logLikelihood: -817474.699399
[04:49:10] Bootstrap tree #41, logLikelihood: -816737.901296
[04:55:58] Bootstrap tree #42, logLikelihood: -819147.550325
[05:02:21] Bootstrap tree #43, logLikelihood: -828332.564911
[05:09:40] Bootstrap tree #44, logLikelihood: -830792.451848
[05:16:48] Bootstrap tree #45, logLikelihood: -827180.961717
[05:24:58] Bootstrap tree #46, logLikelihood: -825549.184058
[05:31:29] Bootstrap tree #47, logLikelihood: -827054.440206
[05:38:19] Bootstrap tree #48, logLikelihood: -831348.699992
[05:45:44] Bootstrap tree #49, logLikelihood: -814791.024946
[05:52:48] Bootstrap tree #50, logLikelihood: -820034.382423
[05:59:45] Bootstrap tree #51, logLikelihood: -815788.665646
[06:07:12] Bootstrap tree #52, logLikelihood: -826411.875798
[06:14:27] Bootstrap tree #53, logLikelihood: -819750.449967
[06:21:27] Bootstrap tree #54, logLikelihood: -824830.882061
[06:28:54] Bootstrap tree #55, logLikelihood: -823220.341381
[06:36:14] Bootstrap tree #56, logLikelihood: -819742.732685
[06:44:33] Bootstrap tree #57, logLikelihood: -828060.322461
[06:52:12] Bootstrap tree #58, logLikelihood: -828482.116760
[06:59:19] Bootstrap tree #59, logLikelihood: -822160.826681
[07:06:34] Bootstrap tree #60, logLikelihood: -815554.276160
[07:13:49] Bootstrap tree #61, logLikelihood: -816163.523760
[07:21:36] Bootstrap tree #62, logLikelihood: -839315.427587
[07:29:15] Bootstrap tree #63, logLikelihood: -812936.955070
[07:36:40] Bootstrap tree #64, logLikelihood: -824689.900118
[07:44:36] Bootstrap tree #65, logLikelihood: -830646.451985
[07:52:45] Bootstrap tree #66, logLikelihood: -823651.908984
[07:59:49] Bootstrap tree #67, logLikelihood: -833230.773042
[08:07:10] Bootstrap tree #68, logLikelihood: -822505.716281
[08:16:44] Bootstrap tree #69, logLikelihood: -824697.950799
[08:24:11] Bootstrap tree #70, logLikelihood: -827276.613637
[08:31:51] Bootstrap tree #71, logLikelihood: -812673.938785
[08:40:22] Bootstrap tree #72, logLikelihood: -822100.753371
[08:47:43] Bootstrap tree #73, logLikelihood: -834099.171061
[08:55:06] Bootstrap tree #74, logLikelihood: -839295.488298
[09:02:17] Bootstrap tree #75, logLikelihood: -820411.647339
[09:09:17] Bootstrap tree #76, logLikelihood: -815716.637798
[09:16:24] Bootstrap tree #77, logLikelihood: -825411.455733
[09:23:44] Bootstrap tree #78, logLikelihood: -836044.199275
[09:30:46] Bootstrap tree #79, logLikelihood: -826581.990121
[09:37:59] Bootstrap tree #80, logLikelihood: -835760.545372
[09:46:04] Bootstrap tree #81, logLikelihood: -826685.350012
[09:53:08] Bootstrap tree #82, logLikelihood: -839375.290059
[10:00:14] Bootstrap tree #83, logLikelihood: -823333.224857
[10:07:22] Bootstrap tree #84, logLikelihood: -821794.053635
[10:15:22] Bootstrap tree #85, logLikelihood: -826341.089179
[10:22:49] Bootstrap tree #86, logLikelihood: -833570.547115
[10:30:08] Bootstrap tree #87, logLikelihood: -838343.195554
[10:37:53] Bootstrap tree #88, logLikelihood: -835960.784104
[10:46:06] Bootstrap tree #89, logLikelihood: -821622.606719
[10:54:43] Bootstrap tree #90, logLikelihood: -820449.638695
[11:02:24] Bootstrap tree #91, logLikelihood: -837015.992397
[11:10:01] Bootstrap tree #92, logLikelihood: -815550.400125
[11:18:03] Bootstrap tree #93, logLikelihood: -821732.286889
[11:25:38] Bootstrap tree #94, logLikelihood: -840006.596776
[11:32:55] Bootstrap tree #95, logLikelihood: -823333.517493
[11:39:34] Bootstrap tree #96, logLikelihood: -829870.184282
[11:47:59] Bootstrap tree #97, logLikelihood: -840178.070443
[11:56:12] Bootstrap tree #98, logLikelihood: -821390.525819
[12:03:54] Bootstrap tree #99, logLikelihood: -823357.771102
[12:10:54] Bootstrap tree #100, logLikelihood: -819981.506149
[12:18:07] Bootstrap tree #101, logLikelihood: -837960.255636
[12:25:07] Bootstrap tree #102, logLikelihood: -833202.431724
[12:32:52] Bootstrap tree #103, logLikelihood: -823738.367480
[12:40:16] Bootstrap tree #104, logLikelihood: -814771.253759
[12:47:36] Bootstrap tree #105, logLikelihood: -832546.962840
[12:55:05] Bootstrap tree #106, logLikelihood: -819131.378938
[13:02:42] Bootstrap tree #107, logLikelihood: -819340.407346
[13:10:39] Bootstrap tree #108, logLikelihood: -829696.886951
[13:18:10] Bootstrap tree #109, logLikelihood: -831895.591807
[13:25:16] Bootstrap tree #110, logLikelihood: -830446.162724
[13:32:34] Bootstrap tree #111, logLikelihood: -843474.616841
[13:39:59] Bootstrap tree #112, logLikelihood: -841040.832372
[13:47:14] Bootstrap tree #113, logLikelihood: -812489.988513
[13:54:24] Bootstrap tree #114, logLikelihood: -829092.796887
[14:02:27] Bootstrap tree #115, logLikelihood: -837672.802152
[14:10:41] Bootstrap tree #116, logLikelihood: -813722.540328
[14:18:51] Bootstrap tree #117, logLikelihood: -828103.937150
[14:27:14] Bootstrap tree #118, logLikelihood: -821634.203721
[14:34:20] Bootstrap tree #119, logLikelihood: -829476.283222
[14:41:07] Bootstrap tree #120, logLikelihood: -826098.931808
[14:50:31] Bootstrap tree #121, logLikelihood: -821712.538663
[14:57:55] Bootstrap tree #122, logLikelihood: -824824.337717
[15:05:27] Bootstrap tree #123, logLikelihood: -828192.469692
[15:12:51] Bootstrap tree #124, logLikelihood: -823474.821745
[15:20:15] Bootstrap tree #125, logLikelihood: -822798.933915
[15:27:14] Bootstrap tree #126, logLikelihood: -833767.064205
[15:34:14] Bootstrap tree #127, logLikelihood: -824217.407760
[15:43:04] Bootstrap tree #128, logLikelihood: -827210.122946
[15:50:12] Bootstrap tree #129, logLikelihood: -819961.045045
[15:59:01] Bootstrap tree #130, logLikelihood: -812410.706103
[16:06:31] Bootstrap tree #131, logLikelihood: -826376.581866
[16:13:39] Bootstrap tree #132, logLikelihood: -824497.171027
[16:21:08] Bootstrap tree #133, logLikelihood: -831752.696155
[16:28:16] Bootstrap tree #134, logLikelihood: -822752.007873
[16:35:36] Bootstrap tree #135, logLikelihood: -822488.423591
[16:42:49] Bootstrap tree #136, logLikelihood: -821384.396086
[16:50:29] Bootstrap tree #137, logLikelihood: -810616.674787
[16:58:59] Bootstrap tree #138, logLikelihood: -820437.550577
[17:06:12] Bootstrap tree #139, logLikelihood: -828441.627445
[17:12:55] Bootstrap tree #140, logLikelihood: -824624.602181
[17:20:11] Bootstrap tree #141, logLikelihood: -820489.036391
[17:28:14] Bootstrap tree #142, logLikelihood: -832498.551814
[17:35:21] Bootstrap tree #143, logLikelihood: -839153.230796
[17:42:36] Bootstrap tree #144, logLikelihood: -823188.383649
[17:49:33] Bootstrap tree #145, logLikelihood: -827554.378318
[17:56:57] Bootstrap tree #146, logLikelihood: -825283.561069
[18:04:05] Bootstrap tree #147, logLikelihood: -825304.947606
[18:11:02] Bootstrap tree #148, logLikelihood: -831249.851964
[18:18:22] Bootstrap tree #149, logLikelihood: -814753.544253
[18:25:28] Bootstrap tree #150, logLikelihood: -838874.436730
[18:32:23] Bootstrap tree #151, logLikelihood: -832092.450704
[18:39:21] Bootstrap tree #152, logLikelihood: -831556.968114
[18:46:29] Bootstrap tree #153, logLikelihood: -814800.837771
[18:53:30] Bootstrap tree #154, logLikelihood: -837011.446249
[19:00:20] Bootstrap tree #155, logLikelihood: -826402.659231
[19:08:09] Bootstrap tree #156, logLikelihood: -825273.377388
[19:18:10] Bootstrap tree #157, logLikelihood: -835572.762129
[19:26:04] Bootstrap tree #158, logLikelihood: -817625.485203
[19:33:33] Bootstrap tree #159, logLikelihood: -825199.275556
[19:40:10] Bootstrap tree #160, logLikelihood: -814063.224780
[19:47:52] Bootstrap tree #161, logLikelihood: -832222.998117
[19:54:50] Bootstrap tree #162, logLikelihood: -823028.520683
[20:03:41] Bootstrap tree #163, logLikelihood: -812427.131279
[20:10:40] Bootstrap tree #164, logLikelihood: -825122.810869
[20:18:06] Bootstrap tree #165, logLikelihood: -823882.241614
[20:25:10] Bootstrap tree #166, logLikelihood: -837105.035865
[20:32:26] Bootstrap tree #167, logLikelihood: -821729.203336
[20:40:01] Bootstrap tree #168, logLikelihood: -811913.973853
[20:47:41] Bootstrap tree #169, logLikelihood: -820142.653207
[20:54:51] Bootstrap tree #170, logLikelihood: -823748.916398
[21:03:23] Bootstrap tree #171, logLikelihood: -831846.168442
[21:10:25] Bootstrap tree #172, logLikelihood: -823939.582446
[21:17:06] Bootstrap tree #173, logLikelihood: -830420.305775
[21:24:04] Bootstrap tree #174, logLikelihood: -827296.162894
[21:31:07] Bootstrap tree #175, logLikelihood: -823476.281868
[21:38:26] Bootstrap tree #176, logLikelihood: -821621.403065
[21:45:34] Bootstrap tree #177, logLikelihood: -816490.589565
[21:52:27] Bootstrap tree #178, logLikelihood: -828713.958525
[21:58:54] Bootstrap tree #179, logLikelihood: -832151.061122
[22:07:16] Bootstrap tree #180, logLikelihood: -816812.066928
[22:14:45] Bootstrap tree #181, logLikelihood: -822583.381710
[22:22:14] Bootstrap tree #182, logLikelihood: -829205.820586
[22:29:59] Bootstrap tree #183, logLikelihood: -837203.727474
[22:37:13] Bootstrap tree #184, logLikelihood: -813023.214871
[22:44:38] Bootstrap tree #185, logLikelihood: -833437.768435
[22:51:45] Bootstrap tree #186, logLikelihood: -823403.505677
[22:58:29] Bootstrap tree #187, logLikelihood: -819731.946660
[23:05:38] Bootstrap tree #188, logLikelihood: -829466.928826
[23:12:37] Bootstrap tree #189, logLikelihood: -831029.301133
[23:19:24] Bootstrap tree #190, logLikelihood: -826485.491416
[23:26:20] Bootstrap tree #191, logLikelihood: -839972.478770
[23:33:03] Bootstrap tree #192, logLikelihood: -824184.465934
[23:40:15] Bootstrap tree #193, logLikelihood: -836561.490297
[23:46:59] Bootstrap tree #194, logLikelihood: -827234.243875
[23:53:54] Bootstrap tree #195, logLikelihood: -825873.879467
[24:00:27] Bootstrap tree #196, logLikelihood: -825112.292314
[24:07:27] Bootstrap tree #197, logLikelihood: -824040.782741
[24:14:21] Bootstrap tree #198, logLikelihood: -826136.487341
[24:21:17] Bootstrap tree #199, logLikelihood: -821388.875016
[24:28:48] Bootstrap tree #200, logLikelihood: -828103.703951
[24:28:49] Bootstrapping converged after 200 replicates.

Bootstrap trees saved to: /home/gkettenburg/RAxML_tree/bat_picorna_all_raxml/P1/T3.raxml.bootstraps

Execution log saved to: /home/gkettenburg/RAxML_tree/bat_picorna_all_raxml/P1/T3.raxml.log

Analysis started: 10-Sep-2023 11:08:59 / finished: 11-Sep-2023 11:37:49

Elapsed time: 88129.966 seconds

Consumed energy: 3331.939 Wh (= 17 km in an electric car, or 83 km with an e-scooter!)

