ERROR: Unable to locate a modulefile for 'emacs/25.1'
ERROR: Unable to locate a modulefile for 'python/3.6'
ERROR: Unable to locate a modulefile for 'java/1.8.0_121'
ERROR: Unable to locate a modulefile for 'cmake/3.15.1'

RAxML-NG v. 1.1.0-master released on 22.06.2022 by The Exelixis Lab.
Developed by: Alexey M. Kozlov and Alexandros Stamatakis.
Contributors: Diego Darriba, Tomas Flouri, Benoit Morel, Sarah Lutteropp, Ben Bettisworth.
Latest version: https://github.com/amkozlov/raxml-ng
Questions/problems/suggestions? Please visit: https://groups.google.com/forum/#!forum/raxml

System: Intel(R) Xeon(R) CPU E5-2680 v4 @ 2.40GHz, 28 cores, 62 GB RAM

RAxML-NG was called at 30-Jul-2023 17:08:27 as follows:

raxml-ng-mpi --all --msa picornaviridae_partial_align.fasta --model GTR+G4 --prefix T1 --seed 1 --threads auto{10} --bs-metric fbp,tbe

Analysis options:
  run mode: ML tree search + bootstrapping (Felsenstein Bootstrap + Transfer Bootstrap)
  start tree(s): random (10) + parsimony (10)
  bootstrap replicates: max: 1000 + bootstopping (autoMRE, cutoff: 0.030000)
  random seed: 1
  tip-inner: OFF
  pattern compression: ON
  per-rate scalers: OFF
  site repeats: ON
  branch lengths: proportional (ML estimate, algorithm: NR-FAST)
  SIMD kernels: AVX2
  parallelization: coarse-grained (auto), PTHREADS (auto)

[00:00:00] Reading alignment from file: picornaviridae_partial_align.fasta
[00:00:00] Loaded alignment with 169 taxa and 45153 sites

Alignment comprises 1 partitions and 25158 patterns

Partition 0: noname
Model: GTR+FO+G4m
Alignment sites / patterns: 45153 / 25158
Gaps: 82.42 %
Invariant sites: 46.09 %


NOTE: Binary MSA file created: T1.raxml.rba

Parallelization scheme autoconfig: 1 worker(s) x 10 thread(s)

Error calling pthread_setaffinity_np: 22
Parallel reduction/worker buffer size: 1 KB  / 0 KB

[00:00:00] Generating 10 random starting tree(s) with 169 taxa
[00:00:00] Generating 10 parsimony starting tree(s) with 169 taxa
[00:00:02] Data distribution: max. partitions/sites/weight per thread: 1 / 2516 / 40256
[00:00:04] Data distribution: max. searches per worker: 1020

Starting ML tree search with 20 distinct starting trees

[00:16:17] ML tree search #1, logLikelihood: -1302479.325301
[00:31:00] ML tree search #2, logLikelihood: -1302479.134085
[00:44:49] ML tree search #3, logLikelihood: -1302450.792781
[00:57:02] ML tree search #4, logLikelihood: -1302452.495611
[01:11:51] ML tree search #5, logLikelihood: -1302450.763969
[01:25:14] ML tree search #6, logLikelihood: -1302477.873720
[01:36:42] ML tree search #7, logLikelihood: -1302452.526979
[01:48:43] ML tree search #8, logLikelihood: -1302486.780181
[02:03:04] ML tree search #9, logLikelihood: -1302450.745922
[02:17:27] ML tree search #10, logLikelihood: -1302475.950942
[02:28:38] ML tree search #11, logLikelihood: -1302477.063071
[02:38:53] ML tree search #12, logLikelihood: -1302450.742333
[02:49:06] ML tree search #13, logLikelihood: -1302475.924169
[03:00:36] ML tree search #14, logLikelihood: -1302479.303356
[03:13:41] ML tree search #15, logLikelihood: -1302479.307096
[03:22:54] ML tree search #16, logLikelihood: -1302450.749694
[03:32:35] ML tree search #17, logLikelihood: -1302479.261681
[03:43:14] ML tree search #18, logLikelihood: -1302450.736964
[03:52:20] ML tree search #19, logLikelihood: -1302450.785000
[04:04:32] ML tree search #20, logLikelihood: -1302450.747479

[04:04:32] ML tree search completed, best tree logLH: -1302450.736964

[04:04:32] Starting bootstrapping analysis with 1000 replicates.

[04:13:19] Bootstrap tree #1, logLikelihood: -1277723.602886
[04:21:55] Bootstrap tree #2, logLikelihood: -1324180.372905
[04:30:04] Bootstrap tree #3, logLikelihood: -1284910.077510
[04:39:47] Bootstrap tree #4, logLikelihood: -1330591.817221
[04:48:33] Bootstrap tree #5, logLikelihood: -1298595.816009
[04:57:38] Bootstrap tree #6, logLikelihood: -1305455.731722
[05:04:59] Bootstrap tree #7, logLikelihood: -1311325.665497
[05:12:32] Bootstrap tree #8, logLikelihood: -1283700.497881
[05:22:06] Bootstrap tree #9, logLikelihood: -1322316.757730
[05:31:19] Bootstrap tree #10, logLikelihood: -1302212.922113
[05:40:34] Bootstrap tree #11, logLikelihood: -1314770.775733
[05:48:38] Bootstrap tree #12, logLikelihood: -1285443.037741
[05:57:14] Bootstrap tree #13, logLikelihood: -1305785.874941
[06:06:39] Bootstrap tree #14, logLikelihood: -1302664.354026
[06:17:24] Bootstrap tree #15, logLikelihood: -1311031.021133
[06:25:01] Bootstrap tree #16, logLikelihood: -1302697.999853
[06:33:30] Bootstrap tree #17, logLikelihood: -1332968.432228
[06:43:39] Bootstrap tree #18, logLikelihood: -1301699.011291
[06:52:36] Bootstrap tree #19, logLikelihood: -1285931.286216
[07:01:10] Bootstrap tree #20, logLikelihood: -1307062.688409
[07:10:03] Bootstrap tree #21, logLikelihood: -1323183.745228
[07:19:25] Bootstrap tree #22, logLikelihood: -1292274.532223
[07:29:38] Bootstrap tree #23, logLikelihood: -1309556.301710
[07:37:11] Bootstrap tree #24, logLikelihood: -1309055.700430
[07:47:12] Bootstrap tree #25, logLikelihood: -1306151.529532
[07:54:13] Bootstrap tree #26, logLikelihood: -1293661.751994
[08:03:47] Bootstrap tree #27, logLikelihood: -1322403.479332
[08:12:11] Bootstrap tree #28, logLikelihood: -1318510.017008
[08:21:59] Bootstrap tree #29, logLikelihood: -1273501.876980
[08:30:04] Bootstrap tree #30, logLikelihood: -1299431.098027
[08:38:52] Bootstrap tree #31, logLikelihood: -1299454.044053
[08:47:12] Bootstrap tree #32, logLikelihood: -1303052.096789
[08:56:39] Bootstrap tree #33, logLikelihood: -1298263.591796
[09:06:01] Bootstrap tree #34, logLikelihood: -1290467.762369
[09:15:10] Bootstrap tree #35, logLikelihood: -1290968.004738
[09:24:03] Bootstrap tree #36, logLikelihood: -1305426.810926
[09:33:08] Bootstrap tree #37, logLikelihood: -1302141.792453
[09:41:05] Bootstrap tree #38, logLikelihood: -1305160.243062
[09:49:56] Bootstrap tree #39, logLikelihood: -1298263.387620
[09:58:06] Bootstrap tree #40, logLikelihood: -1306358.948442
[10:05:30] Bootstrap tree #41, logLikelihood: -1292963.752355
[10:13:40] Bootstrap tree #42, logLikelihood: -1305495.041920
[10:22:19] Bootstrap tree #43, logLikelihood: -1310191.542777
[10:31:40] Bootstrap tree #44, logLikelihood: -1324846.888261
[10:41:02] Bootstrap tree #45, logLikelihood: -1314100.021957
[10:48:11] Bootstrap tree #46, logLikelihood: -1303266.448657
[10:56:54] Bootstrap tree #47, logLikelihood: -1302394.636210
[11:04:34] Bootstrap tree #48, logLikelihood: -1297216.532437
[11:14:17] Bootstrap tree #49, logLikelihood: -1311826.689324
[11:23:16] Bootstrap tree #50, logLikelihood: -1292279.052289
[11:34:09] Bootstrap tree #51, logLikelihood: -1306342.265006
[11:42:03] Bootstrap tree #52, logLikelihood: -1298665.099032
[11:51:22] Bootstrap tree #53, logLikelihood: -1314964.450713
[11:59:48] Bootstrap tree #54, logLikelihood: -1299991.288760
[12:08:45] Bootstrap tree #55, logLikelihood: -1295546.158789
[12:17:30] Bootstrap tree #56, logLikelihood: -1312280.933361
[12:26:12] Bootstrap tree #57, logLikelihood: -1300434.259362
[12:35:09] Bootstrap tree #58, logLikelihood: -1300405.576297
[12:43:28] Bootstrap tree #59, logLikelihood: -1303500.208457
[12:52:47] Bootstrap tree #60, logLikelihood: -1298106.248868
[13:01:12] Bootstrap tree #61, logLikelihood: -1308344.606049
[13:08:51] Bootstrap tree #62, logLikelihood: -1295332.035245
[13:16:42] Bootstrap tree #63, logLikelihood: -1301970.802680
[13:25:01] Bootstrap tree #64, logLikelihood: -1295394.469482
[13:34:45] Bootstrap tree #65, logLikelihood: -1298980.348918
[13:44:06] Bootstrap tree #66, logLikelihood: -1307171.167880
[13:52:59] Bootstrap tree #67, logLikelihood: -1281791.320976
[14:01:01] Bootstrap tree #68, logLikelihood: -1305419.590315
[14:10:20] Bootstrap tree #69, logLikelihood: -1299425.856981
[14:19:17] Bootstrap tree #70, logLikelihood: -1304965.958762
[14:28:06] Bootstrap tree #71, logLikelihood: -1298595.965640
[14:37:38] Bootstrap tree #72, logLikelihood: -1317103.067884
[14:46:28] Bootstrap tree #73, logLikelihood: -1307153.490524
[14:55:31] Bootstrap tree #74, logLikelihood: -1303832.546326
[15:04:25] Bootstrap tree #75, logLikelihood: -1315182.340985
[15:12:41] Bootstrap tree #76, logLikelihood: -1303102.382872
[15:20:44] Bootstrap tree #77, logLikelihood: -1306373.429368
[15:28:36] Bootstrap tree #78, logLikelihood: -1319740.682963
[15:37:29] Bootstrap tree #79, logLikelihood: -1305775.743499
[15:48:40] Bootstrap tree #80, logLikelihood: -1293001.526730
[16:00:05] Bootstrap tree #81, logLikelihood: -1290293.153427
[16:08:02] Bootstrap tree #82, logLikelihood: -1300644.880252
[16:16:55] Bootstrap tree #83, logLikelihood: -1322213.508384
[16:25:31] Bootstrap tree #84, logLikelihood: -1295039.025443
[16:36:04] Bootstrap tree #85, logLikelihood: -1316512.011025
[16:44:17] Bootstrap tree #86, logLikelihood: -1294297.793515
[16:53:55] Bootstrap tree #87, logLikelihood: -1297240.860447
[17:02:03] Bootstrap tree #88, logLikelihood: -1294837.092960
[17:10:38] Bootstrap tree #89, logLikelihood: -1300137.508728
[17:20:54] Bootstrap tree #90, logLikelihood: -1285035.035221
[17:30:12] Bootstrap tree #91, logLikelihood: -1305684.895087
[17:39:15] Bootstrap tree #92, logLikelihood: -1294760.146004
[17:48:25] Bootstrap tree #93, logLikelihood: -1314345.050411
[17:56:16] Bootstrap tree #94, logLikelihood: -1289669.189009
[18:04:07] Bootstrap tree #95, logLikelihood: -1313368.210718
[18:13:45] Bootstrap tree #96, logLikelihood: -1298374.975643
[18:21:41] Bootstrap tree #97, logLikelihood: -1301568.081603
[18:30:03] Bootstrap tree #98, logLikelihood: -1308736.171017
[18:39:58] Bootstrap tree #99, logLikelihood: -1298751.484470
[18:49:58] Bootstrap tree #100, logLikelihood: -1311095.903609
[18:58:05] Bootstrap tree #101, logLikelihood: -1289134.795602
[19:08:21] Bootstrap tree #102, logLikelihood: -1307971.097249
[19:17:39] Bootstrap tree #103, logLikelihood: -1321181.911390
[19:27:35] Bootstrap tree #104, logLikelihood: -1325029.384396
[19:36:37] Bootstrap tree #105, logLikelihood: -1305722.127530
[19:45:47] Bootstrap tree #106, logLikelihood: -1290508.744026
[19:55:46] Bootstrap tree #107, logLikelihood: -1310440.826959
[20:03:39] Bootstrap tree #108, logLikelihood: -1307988.350950
[20:12:02] Bootstrap tree #109, logLikelihood: -1307363.386833
[20:20:49] Bootstrap tree #110, logLikelihood: -1297898.301885
[20:28:51] Bootstrap tree #111, logLikelihood: -1294366.513748
[20:36:26] Bootstrap tree #112, logLikelihood: -1285629.458511
[20:44:59] Bootstrap tree #113, logLikelihood: -1290731.004114
[20:53:27] Bootstrap tree #114, logLikelihood: -1310307.109627
[21:01:02] Bootstrap tree #115, logLikelihood: -1323516.505232
[21:10:21] Bootstrap tree #116, logLikelihood: -1301890.101955
[21:19:53] Bootstrap tree #117, logLikelihood: -1306315.886732
[21:29:26] Bootstrap tree #118, logLikelihood: -1289967.683365
[21:38:28] Bootstrap tree #119, logLikelihood: -1314001.800696
[21:49:22] Bootstrap tree #120, logLikelihood: -1287099.268851
[21:57:50] Bootstrap tree #121, logLikelihood: -1304290.502769
[22:06:09] Bootstrap tree #122, logLikelihood: -1316660.088722
[22:15:06] Bootstrap tree #123, logLikelihood: -1295297.902289
[22:24:52] Bootstrap tree #124, logLikelihood: -1313945.768181
[22:33:58] Bootstrap tree #125, logLikelihood: -1296434.554306
[22:41:40] Bootstrap tree #126, logLikelihood: -1311014.631515
[22:49:38] Bootstrap tree #127, logLikelihood: -1292455.995242
[22:58:19] Bootstrap tree #128, logLikelihood: -1312777.203432
[23:06:45] Bootstrap tree #129, logLikelihood: -1314502.922553
[23:14:44] Bootstrap tree #130, logLikelihood: -1310785.898439
[23:22:55] Bootstrap tree #131, logLikelihood: -1305085.302414
[23:33:01] Bootstrap tree #132, logLikelihood: -1300963.360820
[23:42:24] Bootstrap tree #133, logLikelihood: -1298685.810795
[23:51:01] Bootstrap tree #134, logLikelihood: -1287516.726922
[23:58:19] Bootstrap tree #135, logLikelihood: -1288090.397219
[24:08:51] Bootstrap tree #136, logLikelihood: -1300225.492993
[24:19:20] Bootstrap tree #137, logLikelihood: -1305578.738833
[24:30:15] Bootstrap tree #138, logLikelihood: -1282499.500305
[24:39:51] Bootstrap tree #139, logLikelihood: -1301597.384544
[24:49:38] Bootstrap tree #140, logLikelihood: -1295010.326857
[24:57:44] Bootstrap tree #141, logLikelihood: -1303392.354243
[25:06:08] Bootstrap tree #142, logLikelihood: -1313468.583579
[25:14:38] Bootstrap tree #143, logLikelihood: -1313887.691907
[25:22:57] Bootstrap tree #144, logLikelihood: -1304662.113725
[25:32:37] Bootstrap tree #145, logLikelihood: -1294430.749450
[25:41:27] Bootstrap tree #146, logLikelihood: -1306098.455166
[25:52:59] Bootstrap tree #147, logLikelihood: -1319738.480562
[26:00:47] Bootstrap tree #148, logLikelihood: -1291213.323626
[26:09:29] Bootstrap tree #149, logLikelihood: -1300518.760645
[26:18:59] Bootstrap tree #150, logLikelihood: -1283143.364281
[26:28:28] Bootstrap tree #151, logLikelihood: -1310961.361174
[26:37:52] Bootstrap tree #152, logLikelihood: -1316291.934192
[26:45:29] Bootstrap tree #153, logLikelihood: -1294093.891612
[26:53:51] Bootstrap tree #154, logLikelihood: -1297885.537066
[27:03:29] Bootstrap tree #155, logLikelihood: -1297588.997099
[27:12:15] Bootstrap tree #156, logLikelihood: -1285564.959652
[27:20:58] Bootstrap tree #157, logLikelihood: -1299510.777804
[27:30:44] Bootstrap tree #158, logLikelihood: -1305665.651500
[27:38:58] Bootstrap tree #159, logLikelihood: -1287436.138249
[27:47:45] Bootstrap tree #160, logLikelihood: -1302789.321600
[27:57:25] Bootstrap tree #161, logLikelihood: -1308724.254450
[28:05:38] Bootstrap tree #162, logLikelihood: -1287474.160069
[28:13:33] Bootstrap tree #163, logLikelihood: -1277779.170113
[28:23:52] Bootstrap tree #164, logLikelihood: -1311404.815192
[28:32:45] Bootstrap tree #165, logLikelihood: -1296166.310965
[28:41:35] Bootstrap tree #166, logLikelihood: -1320330.470298
[28:49:39] Bootstrap tree #167, logLikelihood: -1303471.458386
[28:57:38] Bootstrap tree #168, logLikelihood: -1311918.218307
[29:06:07] Bootstrap tree #169, logLikelihood: -1310218.875799
[29:14:06] Bootstrap tree #170, logLikelihood: -1305355.102378
[29:22:21] Bootstrap tree #171, logLikelihood: -1294220.288414
[29:31:05] Bootstrap tree #172, logLikelihood: -1294102.435998
[29:39:13] Bootstrap tree #173, logLikelihood: -1306850.055347
[29:48:29] Bootstrap tree #174, logLikelihood: -1290778.428871
[29:56:43] Bootstrap tree #175, logLikelihood: -1293000.381341
[30:06:13] Bootstrap tree #176, logLikelihood: -1307697.571560
[30:14:01] Bootstrap tree #177, logLikelihood: -1293272.460828
[30:22:34] Bootstrap tree #178, logLikelihood: -1293992.956130
[30:29:48] Bootstrap tree #179, logLikelihood: -1318426.940916
[30:38:01] Bootstrap tree #180, logLikelihood: -1298587.065180
[30:46:40] Bootstrap tree #181, logLikelihood: -1308515.391994
[30:55:34] Bootstrap tree #182, logLikelihood: -1310521.139867
[31:04:21] Bootstrap tree #183, logLikelihood: -1306838.331400
[31:11:59] Bootstrap tree #184, logLikelihood: -1292436.341783
[31:22:28] Bootstrap tree #185, logLikelihood: -1313658.587862
[31:29:56] Bootstrap tree #186, logLikelihood: -1300306.212458
[31:41:30] Bootstrap tree #187, logLikelihood: -1298640.766838
[31:50:29] Bootstrap tree #188, logLikelihood: -1292175.231949
[31:58:14] Bootstrap tree #189, logLikelihood: -1310723.160467
[32:06:59] Bootstrap tree #190, logLikelihood: -1296979.229324
[32:15:55] Bootstrap tree #191, logLikelihood: -1311436.303026
[32:24:55] Bootstrap tree #192, logLikelihood: -1293363.738285
[32:33:58] Bootstrap tree #193, logLikelihood: -1283088.087522
[32:42:04] Bootstrap tree #194, logLikelihood: -1314686.591001
[32:50:40] Bootstrap tree #195, logLikelihood: -1321285.718761
[32:59:05] Bootstrap tree #196, logLikelihood: -1301118.853609
[33:07:00] Bootstrap tree #197, logLikelihood: -1310769.787488
[33:16:04] Bootstrap tree #198, logLikelihood: -1291495.125648
[33:24:51] Bootstrap tree #199, logLikelihood: -1306417.939451
[33:33:01] Bootstrap tree #200, logLikelihood: -1304995.471939
[33:33:01] Bootstrapping converged after 200 replicates.

Optimized model parameters:

   Partition 0: noname
   Rate heterogeneity: GAMMA (4 cats, mean),  alpha: 1.878566 (ML),  weights&rates: (0.250000,0.278335) (0.250000,0.641446) (0.250000,1.066631) (0.250000,2.013587) 
   Base frequencies (ML): 0.255385 0.235818 0.229029 0.279768 
   Substitution rates (ML): 1.638042 3.625755 1.443789 1.315982 3.814903 1.000000 


Final LogLikelihood: -1302450.736964

AIC score: 2605589.473928 / AICc score: 2605594.771196 / BIC score: 2608588.401256
Free parameters (model + branch lengths): 344

Best ML tree saved to: /home/gkettenburg/RAxML_tree/raxml_trees/picornaviridae_partial/T1.raxml.bestTree
All ML trees saved to: /home/gkettenburg/RAxML_tree/raxml_trees/picornaviridae_partial/T1.raxml.mlTrees
Best ML tree with Felsenstein bootstrap (FBP) support values saved to: /home/gkettenburg/RAxML_tree/raxml_trees/picornaviridae_partial/T1.raxml.supportFBP
Best ML tree with Transfer bootstrap (TBE) support values saved to: /home/gkettenburg/RAxML_tree/raxml_trees/picornaviridae_partial/T1.raxml.supportTBE
Optimized model saved to: /home/gkettenburg/RAxML_tree/raxml_trees/picornaviridae_partial/T1.raxml.bestModel
Bootstrap trees saved to: /home/gkettenburg/RAxML_tree/raxml_trees/picornaviridae_partial/T1.raxml.bootstraps

Execution log saved to: /home/gkettenburg/RAxML_tree/raxml_trees/picornaviridae_partial/T1.raxml.log

Analysis started: 30-Jul-2023 17:08:27 / finished: 01-Aug-2023 02:41:29

Elapsed time: 120781.972 seconds

Consumed energy: 4313.972 Wh (= 22 km in an electric car, or 108 km with an e-scooter!)

