ERROR: Unable to locate a modulefile for 'emacs/25.1'
ERROR: Unable to locate a modulefile for 'python/3.6'
ERROR: Unable to locate a modulefile for 'java/1.8.0_121'
ERROR: Unable to locate a modulefile for 'cmake/3.15.1'

RAxML-NG v. 1.1.0-master released on 22.06.2022 by The Exelixis Lab.
Developed by: Alexey M. Kozlov and Alexandros Stamatakis.
Contributors: Diego Darriba, Tomas Flouri, Benoit Morel, Sarah Lutteropp, Ben Bettisworth.
Latest version: https://github.com/amkozlov/raxml-ng
Questions/problems/suggestions? Please visit: https://groups.google.com/forum/#!forum/raxml

System: Intel(R) Xeon(R) CPU E5-2680 v4 @ 2.40GHz, 28 cores, 62 GB RAM

RAxML-NG was called at 05-Sep-2023 00:31:06 as follows:

raxml-ng-mpi --all --msa bat_picornavirales_all_over2kb_align.fasta --model TIM2+G4 --prefix T1 --seed 1 --threads auto{8} --bs-metric fbp,tbe

Analysis options:
  run mode: ML tree search + bootstrapping (Felsenstein Bootstrap + Transfer Bootstrap)
  start tree(s): random (10) + parsimony (10)
  bootstrap replicates: max: 1000 + bootstopping (autoMRE, cutoff: 0.030000)
  random seed: 1
  tip-inner: OFF
  pattern compression: ON
  per-rate scalers: OFF
  site repeats: ON
  branch lengths: proportional (ML estimate, algorithm: NR-FAST)
  SIMD kernels: AVX2
  parallelization: coarse-grained (auto), PTHREADS (auto)

[00:00:00] Reading alignment from file: bat_picornavirales_all_over2kb_align.fasta
[00:00:01] Loaded alignment with 251 taxa and 38985 sites

WARNING: Fully undetermined columns found: 19

NOTE: Reduced alignment (with duplicates and gap-only sites/taxa removed) 
NOTE: was saved to: /home/gkettenburg/bat_picorna_all_raxml/over2kb/T1.raxml.reduced.phy

Alignment comprises 1 partitions and 17446 patterns

Partition 0: noname
Model: TIM2+G4m
Alignment sites / patterns: 38966 / 17446
Gaps: 83.39 %
Invariant sites: 56.27 %


NOTE: Binary MSA file created: T1.raxml.rba

Parallelization scheme autoconfig: 1 worker(s) x 8 thread(s)

Error calling pthread_setaffinity_np: 22
Error calling pthread_setaffinity_np: 22
Parallel reduction/worker buffer size: 1 KB  / 0 KB

[00:00:01] Generating 10 random starting tree(s) with 251 taxa
[00:00:01] Generating 10 parsimony starting tree(s) with 251 taxa
[00:00:04] Data distribution: max. partitions/sites/weight per thread: 1 / 2181 / 34896
[00:00:05] Data distribution: max. searches per worker: 1020

Starting ML tree search with 20 distinct starting trees

[00:12:54] ML tree search #1, logLikelihood: -865854.738779
[00:28:14] ML tree search #2, logLikelihood: -865847.255694
[00:39:45] ML tree search #3, logLikelihood: -865851.395738
[00:52:01] ML tree search #4, logLikelihood: -865847.709495
[01:04:22] ML tree search #5, logLikelihood: -865849.659809
[01:19:07] ML tree search #6, logLikelihood: -865846.986952
[01:30:48] ML tree search #7, logLikelihood: -865848.890029
[01:45:02] ML tree search #8, logLikelihood: -865849.920051
[01:56:27] ML tree search #9, logLikelihood: -865852.631226
[02:08:40] ML tree search #10, logLikelihood: -865855.624435
[02:18:19] ML tree search #11, logLikelihood: -865850.885439
[02:27:26] ML tree search #12, logLikelihood: -865849.745878
[02:36:46] ML tree search #13, logLikelihood: -865850.174248
[02:46:01] ML tree search #14, logLikelihood: -865876.763744
[02:54:30] ML tree search #15, logLikelihood: -865854.785260
[03:04:10] ML tree search #16, logLikelihood: -865850.442190
[03:13:19] ML tree search #17, logLikelihood: -865846.875569
[03:22:19] ML tree search #18, logLikelihood: -865850.065324
[03:31:32] ML tree search #19, logLikelihood: -865851.081925
[03:40:31] ML tree search #20, logLikelihood: -865850.582518

[03:40:31] ML tree search completed, best tree logLH: -865846.875569

[03:40:31] Starting bootstrapping analysis with 1000 replicates.

[03:48:21] Bootstrap tree #1, logLikelihood: -850935.067194
[03:56:30] Bootstrap tree #2, logLikelihood: -870563.895667
[04:04:08] Bootstrap tree #3, logLikelihood: -863534.823287
[04:12:23] Bootstrap tree #4, logLikelihood: -858697.541001
[04:20:26] Bootstrap tree #5, logLikelihood: -872443.288885
[04:28:56] Bootstrap tree #6, logLikelihood: -857732.197803
[04:36:44] Bootstrap tree #7, logLikelihood: -858452.711803
[04:44:20] Bootstrap tree #8, logLikelihood: -869609.854612
[04:51:48] Bootstrap tree #9, logLikelihood: -879778.084066
[04:59:05] Bootstrap tree #10, logLikelihood: -857603.030273
[05:07:37] Bootstrap tree #11, logLikelihood: -874458.753734
[05:15:08] Bootstrap tree #12, logLikelihood: -865991.678484
[05:22:41] Bootstrap tree #13, logLikelihood: -869475.253206
[05:30:10] Bootstrap tree #14, logLikelihood: -861663.223645
[05:37:51] Bootstrap tree #15, logLikelihood: -860841.519217
[05:45:59] Bootstrap tree #16, logLikelihood: -861102.136651
[05:55:54] Bootstrap tree #17, logLikelihood: -879362.877404
[06:05:47] Bootstrap tree #18, logLikelihood: -868397.590073
[06:13:44] Bootstrap tree #19, logLikelihood: -852915.696740
[06:21:32] Bootstrap tree #20, logLikelihood: -859876.020036
[06:29:28] Bootstrap tree #21, logLikelihood: -880457.319529
[06:37:12] Bootstrap tree #22, logLikelihood: -860498.546961
[06:44:59] Bootstrap tree #23, logLikelihood: -871158.462332
[06:53:05] Bootstrap tree #24, logLikelihood: -853156.540715
[07:01:32] Bootstrap tree #25, logLikelihood: -873324.991403
[07:08:56] Bootstrap tree #26, logLikelihood: -864147.774099
[07:16:24] Bootstrap tree #27, logLikelihood: -866800.738008
[07:25:09] Bootstrap tree #28, logLikelihood: -872352.231821
[07:33:49] Bootstrap tree #29, logLikelihood: -851662.198595
[07:41:31] Bootstrap tree #30, logLikelihood: -863621.872422
[07:49:19] Bootstrap tree #31, logLikelihood: -865897.926219
[07:57:08] Bootstrap tree #32, logLikelihood: -862993.568558
[08:04:55] Bootstrap tree #33, logLikelihood: -866807.805283
[08:12:31] Bootstrap tree #34, logLikelihood: -863911.934520
[08:20:26] Bootstrap tree #35, logLikelihood: -861233.628398
[08:28:02] Bootstrap tree #36, logLikelihood: -868159.239225
[08:35:37] Bootstrap tree #37, logLikelihood: -870887.498153
[08:43:41] Bootstrap tree #38, logLikelihood: -859879.238386
[08:51:44] Bootstrap tree #39, logLikelihood: -853583.507301
[08:59:05] Bootstrap tree #40, logLikelihood: -874946.594790
[09:06:56] Bootstrap tree #41, logLikelihood: -860092.301976
[09:14:51] Bootstrap tree #42, logLikelihood: -860927.340328
[09:22:53] Bootstrap tree #43, logLikelihood: -866697.298917
[09:29:59] Bootstrap tree #44, logLikelihood: -871928.911842
[09:36:55] Bootstrap tree #45, logLikelihood: -867579.201725
[09:45:01] Bootstrap tree #46, logLikelihood: -870673.925775
[09:53:07] Bootstrap tree #47, logLikelihood: -856520.507691
[10:00:14] Bootstrap tree #48, logLikelihood: -867566.226713
[10:08:02] Bootstrap tree #49, logLikelihood: -877998.821067
[10:15:32] Bootstrap tree #50, logLikelihood: -866589.378826
[10:24:19] Bootstrap tree #51, logLikelihood: -860668.321537
[10:31:42] Bootstrap tree #52, logLikelihood: -860670.149517
[10:38:58] Bootstrap tree #53, logLikelihood: -862256.517902
[10:46:14] Bootstrap tree #54, logLikelihood: -864021.872280
[10:54:17] Bootstrap tree #55, logLikelihood: -871706.803169
[11:01:38] Bootstrap tree #56, logLikelihood: -884132.941350
[11:09:36] Bootstrap tree #57, logLikelihood: -872431.288918
[11:16:48] Bootstrap tree #58, logLikelihood: -862677.798667
[11:24:26] Bootstrap tree #59, logLikelihood: -852625.865453
[11:31:37] Bootstrap tree #60, logLikelihood: -862103.529924
[11:39:15] Bootstrap tree #61, logLikelihood: -868093.960726
[11:46:32] Bootstrap tree #62, logLikelihood: -866954.994096
[11:53:42] Bootstrap tree #63, logLikelihood: -858955.764428
[12:00:48] Bootstrap tree #64, logLikelihood: -861604.668294
[12:08:42] Bootstrap tree #65, logLikelihood: -864285.020284
[12:16:30] Bootstrap tree #66, logLikelihood: -877530.927711
[12:23:33] Bootstrap tree #67, logLikelihood: -853285.746432
[12:31:04] Bootstrap tree #68, logLikelihood: -867237.992144
[12:38:36] Bootstrap tree #69, logLikelihood: -858467.985305
[12:46:00] Bootstrap tree #70, logLikelihood: -882469.763140
[12:55:13] Bootstrap tree #71, logLikelihood: -867718.162080
[13:02:49] Bootstrap tree #72, logLikelihood: -863235.839131
[13:10:06] Bootstrap tree #73, logLikelihood: -868970.989182
[13:17:12] Bootstrap tree #74, logLikelihood: -871658.276334
[13:25:05] Bootstrap tree #75, logLikelihood: -870322.766090
[13:32:44] Bootstrap tree #76, logLikelihood: -855727.353326
[13:40:41] Bootstrap tree #77, logLikelihood: -864476.645825
[13:48:41] Bootstrap tree #78, logLikelihood: -885672.453785
[13:56:37] Bootstrap tree #79, logLikelihood: -882095.450773
[14:03:54] Bootstrap tree #80, logLikelihood: -844267.325551
[14:12:42] Bootstrap tree #81, logLikelihood: -849049.733820
[14:20:23] Bootstrap tree #82, logLikelihood: -866362.655801
[14:27:37] Bootstrap tree #83, logLikelihood: -864472.668459
[14:34:57] Bootstrap tree #84, logLikelihood: -878324.371790
[14:42:45] Bootstrap tree #85, logLikelihood: -875011.391811
[14:50:51] Bootstrap tree #86, logLikelihood: -866719.354158
[15:00:17] Bootstrap tree #87, logLikelihood: -850974.920363
[15:07:52] Bootstrap tree #88, logLikelihood: -868963.760222
[15:16:06] Bootstrap tree #89, logLikelihood: -859664.661742
[15:23:52] Bootstrap tree #90, logLikelihood: -869125.897748
[15:31:26] Bootstrap tree #91, logLikelihood: -862685.411944
[15:38:44] Bootstrap tree #92, logLikelihood: -862239.668195
[15:48:38] Bootstrap tree #93, logLikelihood: -869193.790626
[15:56:30] Bootstrap tree #94, logLikelihood: -864325.345000
[16:04:11] Bootstrap tree #95, logLikelihood: -857406.188576
[16:11:59] Bootstrap tree #96, logLikelihood: -867011.239302
[16:19:37] Bootstrap tree #97, logLikelihood: -871069.221212
[16:27:17] Bootstrap tree #98, logLikelihood: -867157.219026
[16:36:43] Bootstrap tree #99, logLikelihood: -861978.565387
[16:44:33] Bootstrap tree #100, logLikelihood: -867680.622166
[16:52:16] Bootstrap tree #101, logLikelihood: -863429.311332
[16:59:55] Bootstrap tree #102, logLikelihood: -859704.285144
[17:07:55] Bootstrap tree #103, logLikelihood: -871451.446285
[17:15:57] Bootstrap tree #104, logLikelihood: -875291.681942
[17:23:55] Bootstrap tree #105, logLikelihood: -860767.151609
[17:32:32] Bootstrap tree #106, logLikelihood: -857576.384222
[17:40:05] Bootstrap tree #107, logLikelihood: -873725.923906
[17:47:34] Bootstrap tree #108, logLikelihood: -865135.037418
[17:55:20] Bootstrap tree #109, logLikelihood: -865515.284546
[18:04:46] Bootstrap tree #110, logLikelihood: -869270.022606
[18:12:04] Bootstrap tree #111, logLikelihood: -861740.778563
[18:19:11] Bootstrap tree #112, logLikelihood: -864454.001903
[18:29:08] Bootstrap tree #113, logLikelihood: -849931.668377
[18:38:18] Bootstrap tree #114, logLikelihood: -874444.187275
[18:45:59] Bootstrap tree #115, logLikelihood: -876498.408088
[18:54:05] Bootstrap tree #116, logLikelihood: -874007.256483
[19:01:29] Bootstrap tree #117, logLikelihood: -861335.411311
[19:10:20] Bootstrap tree #118, logLikelihood: -854563.006907
[19:18:28] Bootstrap tree #119, logLikelihood: -866052.275078
[19:27:54] Bootstrap tree #120, logLikelihood: -862296.342514
[19:35:41] Bootstrap tree #121, logLikelihood: -873211.423776
[19:45:07] Bootstrap tree #122, logLikelihood: -863504.508524
[19:52:30] Bootstrap tree #123, logLikelihood: -863733.119539
[20:00:15] Bootstrap tree #124, logLikelihood: -874253.364447
[20:07:59] Bootstrap tree #125, logLikelihood: -856150.604408
[20:16:07] Bootstrap tree #126, logLikelihood: -873141.004234
[20:23:38] Bootstrap tree #127, logLikelihood: -861629.171751
[20:32:46] Bootstrap tree #128, logLikelihood: -853124.483362
[20:40:28] Bootstrap tree #129, logLikelihood: -872747.021217
[20:48:44] Bootstrap tree #130, logLikelihood: -858112.051701
[20:56:18] Bootstrap tree #131, logLikelihood: -853301.840248
[21:03:54] Bootstrap tree #132, logLikelihood: -859702.430885
[21:12:59] Bootstrap tree #133, logLikelihood: -865424.339040
[21:20:27] Bootstrap tree #134, logLikelihood: -846981.258320
[21:28:25] Bootstrap tree #135, logLikelihood: -851336.933245
[21:35:52] Bootstrap tree #136, logLikelihood: -866276.517331
[21:43:30] Bootstrap tree #137, logLikelihood: -868078.494137
[21:52:41] Bootstrap tree #138, logLikelihood: -853783.689786
[22:02:43] Bootstrap tree #139, logLikelihood: -865869.807727
[22:13:21] Bootstrap tree #140, logLikelihood: -865482.604479
[22:20:33] Bootstrap tree #141, logLikelihood: -867607.270534
[22:28:58] Bootstrap tree #142, logLikelihood: -872024.642179
[22:37:25] Bootstrap tree #143, logLikelihood: -872917.685687
[22:44:43] Bootstrap tree #144, logLikelihood: -873825.607868
[22:52:14] Bootstrap tree #145, logLikelihood: -867183.454853
[22:59:36] Bootstrap tree #146, logLikelihood: -869702.029872
[23:09:01] Bootstrap tree #147, logLikelihood: -867785.110870
[23:16:50] Bootstrap tree #148, logLikelihood: -862866.464053
[23:24:27] Bootstrap tree #149, logLikelihood: -872242.314190
[23:32:07] Bootstrap tree #150, logLikelihood: -854311.352035
[23:41:20] Bootstrap tree #151, logLikelihood: -865012.250937
[23:49:07] Bootstrap tree #152, logLikelihood: -871147.955139
[23:57:18] Bootstrap tree #153, logLikelihood: -872865.654550
[24:04:44] Bootstrap tree #154, logLikelihood: -865049.978673
[24:11:50] Bootstrap tree #155, logLikelihood: -863831.194949
[24:19:22] Bootstrap tree #156, logLikelihood: -862512.964627
[24:27:15] Bootstrap tree #157, logLikelihood: -865113.363986
[24:34:59] Bootstrap tree #158, logLikelihood: -867251.551871
[24:42:17] Bootstrap tree #159, logLikelihood: -855749.956767
[24:49:43] Bootstrap tree #160, logLikelihood: -863849.482816
[24:58:01] Bootstrap tree #161, logLikelihood: -867642.080924
[25:05:52] Bootstrap tree #162, logLikelihood: -860159.686695
[25:12:47] Bootstrap tree #163, logLikelihood: -855961.204013
[25:21:02] Bootstrap tree #164, logLikelihood: -862400.199302
[25:28:40] Bootstrap tree #165, logLikelihood: -851729.760830
[25:35:38] Bootstrap tree #166, logLikelihood: -879031.521403
[25:43:17] Bootstrap tree #167, logLikelihood: -865863.085396
[25:50:19] Bootstrap tree #168, logLikelihood: -852715.528854
[25:58:19] Bootstrap tree #169, logLikelihood: -874612.949594
[26:06:31] Bootstrap tree #170, logLikelihood: -875964.555312
[26:14:22] Bootstrap tree #171, logLikelihood: -866601.097653
[26:22:06] Bootstrap tree #172, logLikelihood: -865392.458573
[26:31:10] Bootstrap tree #173, logLikelihood: -860670.720283
[26:38:43] Bootstrap tree #174, logLikelihood: -868393.406221
[26:46:06] Bootstrap tree #175, logLikelihood: -876615.106056
[26:54:00] Bootstrap tree #176, logLikelihood: -863307.188618
[27:01:28] Bootstrap tree #177, logLikelihood: -855520.513144
[27:09:49] Bootstrap tree #178, logLikelihood: -856017.015028
[27:17:06] Bootstrap tree #179, logLikelihood: -870804.901417
[27:26:51] Bootstrap tree #180, logLikelihood: -867746.918476
[27:34:15] Bootstrap tree #181, logLikelihood: -864680.705397
[27:42:01] Bootstrap tree #182, logLikelihood: -873949.838586
[27:50:15] Bootstrap tree #183, logLikelihood: -879737.235778
[27:57:15] Bootstrap tree #184, logLikelihood: -859165.890879
[28:04:22] Bootstrap tree #185, logLikelihood: -862864.216761
[28:12:17] Bootstrap tree #186, logLikelihood: -860787.169308
[28:19:37] Bootstrap tree #187, logLikelihood: -855724.655863
[28:26:45] Bootstrap tree #188, logLikelihood: -866130.729588
[28:34:17] Bootstrap tree #189, logLikelihood: -857404.082318
[28:41:30] Bootstrap tree #190, logLikelihood: -864953.002849
[28:49:08] Bootstrap tree #191, logLikelihood: -852046.504060
[28:56:19] Bootstrap tree #192, logLikelihood: -857875.020531
[29:03:44] Bootstrap tree #193, logLikelihood: -855535.103290
[29:11:03] Bootstrap tree #194, logLikelihood: -868989.428151
[29:18:11] Bootstrap tree #195, logLikelihood: -879300.669086
[29:25:25] Bootstrap tree #196, logLikelihood: -875928.210241
[29:32:57] Bootstrap tree #197, logLikelihood: -875805.639665
[29:40:35] Bootstrap tree #198, logLikelihood: -865089.747854
[29:48:02] Bootstrap tree #199, logLikelihood: -874587.819789
[29:57:07] Bootstrap tree #200, logLikelihood: -871461.221838
[29:57:08] Bootstrapping converged after 200 replicates.

Optimized model parameters:

   Partition 0: noname
   Rate heterogeneity: GAMMA (4 cats, mean),  alpha: 2.234567 (ML),  weights&rates: (0.250000,0.319754) (0.250000,0.677844) (0.250000,1.074886) (0.250000,1.927515) 
   Base frequencies (model): 0.250000 0.250000 0.250000 0.250000 
   Substitution rates (ML): 1.717822 3.540465 1.717822 1.000000 4.221859 1.000000 


Final LogLikelihood: -865846.875569

AIC score: 1732699.751139 / AICc score: 1732712.933604 / BIC score: 1737010.684848
Free parameters (model + branch lengths): 503

WARNING: Best ML tree contains 4 near-zero branches!

Best ML tree with collapsed near-zero branches saved to: /home/gkettenburg/bat_picorna_all_raxml/over2kb/T1.raxml.bestTreeCollapsed
Best ML tree saved to: /home/gkettenburg/bat_picorna_all_raxml/over2kb/T1.raxml.bestTree
All ML trees saved to: /home/gkettenburg/bat_picorna_all_raxml/over2kb/T1.raxml.mlTrees
Best ML tree with Felsenstein bootstrap (FBP) support values saved to: /home/gkettenburg/bat_picorna_all_raxml/over2kb/T1.raxml.supportFBP
Best ML tree with Transfer bootstrap (TBE) support values saved to: /home/gkettenburg/bat_picorna_all_raxml/over2kb/T1.raxml.supportTBE
Optimized model saved to: /home/gkettenburg/bat_picorna_all_raxml/over2kb/T1.raxml.bestModel
Bootstrap trees saved to: /home/gkettenburg/bat_picorna_all_raxml/over2kb/T1.raxml.bootstraps

Execution log saved to: /home/gkettenburg/bat_picorna_all_raxml/over2kb/T1.raxml.log

Analysis started: 05-Sep-2023 00:31:06 / finished: 06-Sep-2023 06:28:15

Elapsed time: 107828.855 seconds

Consumed energy: 3363.421 Wh (= 17 km in an electric car, or 84 km with an e-scooter!)

