
RAxML-NG v. 1.1.0-master released on 22.06.2022 by The Exelixis Lab.
Developed by: Alexey M. Kozlov and Alexandros Stamatakis.
Contributors: Diego Darriba, Tomas Flouri, Benoit Morel, Sarah Lutteropp, Ben Bettisworth.
Latest version: https://github.com/amkozlov/raxml-ng
Questions/problems/suggestions? Please visit: https://groups.google.com/forum/#!forum/raxml

System: Intel(R) Xeon(R) CPU E5-2680 v4 @ 2.40GHz, 28 cores, 62 GB RAM

RAxML-NG was called at 05-Sep-2023 01:11:13 as follows:

raxml-ng-mpi --msa bat_picornavirales_all_over2kb_align.fasta --model TIM2+G4 --prefix T2 --seed 1 --threads auto{8}

Analysis options:
  run mode: ML tree search
  start tree(s): random (10) + parsimony (10)
  random seed: 1
  tip-inner: OFF
  pattern compression: ON
  per-rate scalers: OFF
  site repeats: ON
  fast spr radius: AUTO
  spr subtree cutoff: 1.000000
  branch lengths: proportional (ML estimate, algorithm: NR-FAST)
  SIMD kernels: AVX2
  parallelization: coarse-grained (auto), PTHREADS (auto)

[00:00:01] Reading alignment from file: bat_picornavirales_all_over2kb_align.fasta
[00:00:01] Loaded alignment with 251 taxa and 38985 sites

WARNING: Fully undetermined columns found: 19

NOTE: Reduced alignment (with duplicates and gap-only sites/taxa removed) 
NOTE: was saved to: /home/gkettenburg/bat_picorna_all_raxml/over2kb/T2.raxml.reduced.phy

Alignment comprises 1 partitions and 17446 patterns

Partition 0: noname
Model: TIM2+G4m
Alignment sites / patterns: 38966 / 17446
Gaps: 83.39 %
Invariant sites: 56.27 %


NOTE: Binary MSA file created: T2.raxml.rba

Parallelization scheme autoconfig: 1 worker(s) x 8 thread(s)

Parallel reduction/worker buffer size: 1 KB  / 0 KB

[00:00:02] Generating 10 random starting tree(s) with 251 taxa
[00:00:02] Generating 10 parsimony starting tree(s) with 251 taxa
[00:00:04] Data distribution: max. partitions/sites/weight per thread: 1 / 2181 / 34896
[00:00:04] Data distribution: max. searches per worker: 20

Starting ML tree search with 20 distinct starting trees

[00:00:05 -1991008.859231] Initial branch length optimization
[00:00:06 -1639005.001265] Model parameter optimization (eps = 10.000000)
[00:00:21 -1607836.802675] AUTODETECT spr round 1 (radius: 5)
[00:00:35 -1347243.860637] AUTODETECT spr round 2 (radius: 10)
[00:00:58 -1108727.622209] AUTODETECT spr round 3 (radius: 15)
[00:01:30 -1003204.511620] AUTODETECT spr round 4 (radius: 20)
[00:02:03 -986292.758679] AUTODETECT spr round 5 (radius: 25)
[00:02:35 -983520.133429] SPR radius for FAST iterations: 25 (autodetect)
[00:02:35 -983520.133429] Model parameter optimization (eps = 3.000000)
[00:02:43 -978195.897061] FAST spr round 1 (radius: 25)
[00:03:21 -870025.613711] FAST spr round 2 (radius: 25)
[00:03:46 -866662.563193] FAST spr round 3 (radius: 25)
[00:04:01 -866454.556256] FAST spr round 4 (radius: 25)
[00:04:13 -866447.837160] FAST spr round 5 (radius: 25)
[00:04:25 -866447.377901] FAST spr round 6 (radius: 25)
[00:04:36 -866445.468409] FAST spr round 7 (radius: 25)
[00:04:47 -866445.372682] Model parameter optimization (eps = 1.000000)
[00:04:51 -866003.848962] SLOW spr round 1 (radius: 5)
[00:05:27 -865903.120106] SLOW spr round 2 (radius: 5)
[00:06:03 -865868.016949] SLOW spr round 3 (radius: 5)
[00:06:34 -865854.795227] SLOW spr round 4 (radius: 5)
[00:07:05 -865854.795216] SLOW spr round 5 (radius: 10)
[00:07:45 -865854.795215] SLOW spr round 6 (radius: 15)
[00:09:43 -865854.795214] SLOW spr round 7 (radius: 20)
[00:11:41 -865854.795214] SLOW spr round 8 (radius: 25)
[00:13:14 -865854.795213] Model parameter optimization (eps = 0.100000)

[00:13:15] ML tree search #1, logLikelihood: -865854.738779

[00:13:15 -1972383.792674] Initial branch length optimization
[00:13:17 -1633362.984945] Model parameter optimization (eps = 10.000000)
[00:13:31 -1603326.334530] AUTODETECT spr round 1 (radius: 5)
[00:13:45 -1363742.057071] AUTODETECT spr round 2 (radius: 10)
[00:14:07 -1102790.085565] AUTODETECT spr round 3 (radius: 15)
[00:14:36 -952504.895805] AUTODETECT spr round 4 (radius: 20)
[00:15:11 -947477.543097] AUTODETECT spr round 5 (radius: 25)
[00:15:47 -947477.001477] SPR radius for FAST iterations: 25 (autodetect)
[00:15:47 -947477.001477] Model parameter optimization (eps = 3.000000)
[00:15:54 -942065.381540] FAST spr round 1 (radius: 25)
[00:16:28 -868840.964697] FAST spr round 2 (radius: 25)
[00:16:53 -866381.383377] FAST spr round 3 (radius: 25)
[00:17:07 -866269.608130] FAST spr round 4 (radius: 25)
[00:17:20 -866267.930794] FAST spr round 5 (radius: 25)
[00:17:32 -866245.349161] FAST spr round 6 (radius: 25)
[00:17:43 -866244.684874] FAST spr round 7 (radius: 25)
[00:17:55 -866244.517120] FAST spr round 8 (radius: 25)
[00:18:07 -866244.515228] Model parameter optimization (eps = 1.000000)
[00:18:10 -866004.422418] SLOW spr round 1 (radius: 5)
[00:18:47 -865861.193082] SLOW spr round 2 (radius: 5)
[00:19:19 -865860.456117] SLOW spr round 3 (radius: 5)
[00:19:50 -865860.355053] SLOW spr round 4 (radius: 5)
[00:20:21 -865860.354834] SLOW spr round 5 (radius: 10)
[00:21:03 -865847.999798] SLOW spr round 6 (radius: 5)
[00:22:01 -865847.365217] SLOW spr round 7 (radius: 5)
[00:22:46 -865847.365207] SLOW spr round 8 (radius: 10)
[00:23:33 -865847.365206] SLOW spr round 9 (radius: 15)
[00:25:22 -865847.365206] SLOW spr round 10 (radius: 20)
[00:27:24 -865847.365205] SLOW spr round 11 (radius: 25)
[00:28:58 -865847.365205] Model parameter optimization (eps = 0.100000)

[00:28:59] ML tree search #2, logLikelihood: -865847.255694

[00:28:59 -1966533.178209] Initial branch length optimization
[00:29:01 -1635978.194118] Model parameter optimization (eps = 10.000000)
[00:29:14 -1605512.516889] AUTODETECT spr round 1 (radius: 5)
[00:29:28 -1342770.566059] AUTODETECT spr round 2 (radius: 10)
[00:29:49 -1100938.946009] AUTODETECT spr round 3 (radius: 15)
[00:30:20 -1011094.233510] AUTODETECT spr round 4 (radius: 20)
[00:30:55 -988940.607247] AUTODETECT spr round 5 (radius: 25)
[00:31:30 -988903.172001] SPR radius for FAST iterations: 25 (autodetect)
[00:31:30 -988903.172001] Model parameter optimization (eps = 3.000000)
[00:31:37 -984015.217947] FAST spr round 1 (radius: 25)
[00:32:07 -871303.028967] FAST spr round 2 (radius: 25)
[00:32:26 -866453.378083] FAST spr round 3 (radius: 25)
[00:32:41 -866326.657945] FAST spr round 4 (radius: 25)
[00:32:53 -866252.943259] FAST spr round 5 (radius: 25)
[00:33:04 -866252.749489] FAST spr round 6 (radius: 25)
[00:33:16 -866252.748485] Model parameter optimization (eps = 1.000000)
[00:33:19 -865910.135134] SLOW spr round 1 (radius: 5)
[00:33:53 -865851.453542] SLOW spr round 2 (radius: 5)
[00:34:24 -865851.453514] SLOW spr round 3 (radius: 10)
[00:35:05 -865851.453513] SLOW spr round 4 (radius: 15)
[00:37:04 -865851.453512] SLOW spr round 5 (radius: 20)
[00:39:11 -865851.453512] SLOW spr round 6 (radius: 25)
[00:40:40 -865851.453511] Model parameter optimization (eps = 0.100000)

[00:40:41] ML tree search #3, logLikelihood: -865851.395738

[00:40:41 -1993702.745530] Initial branch length optimization
[00:40:43 -1639683.675951] Model parameter optimization (eps = 10.000000)
[00:40:56 -1608957.541789] AUTODETECT spr round 1 (radius: 5)
[00:41:10 -1366068.057720] AUTODETECT spr round 2 (radius: 10)
[00:41:33 -1045621.946991] AUTODETECT spr round 3 (radius: 15)
[00:42:01 -927629.263095] AUTODETECT spr round 4 (radius: 20)
[00:42:39 -924685.305728] AUTODETECT spr round 5 (radius: 25)
[00:43:15 -924682.633968] SPR radius for FAST iterations: 25 (autodetect)
[00:43:15 -924682.633968] Model parameter optimization (eps = 3.000000)
[00:43:22 -919100.552314] FAST spr round 1 (radius: 25)
[00:43:54 -868512.152642] FAST spr round 2 (radius: 25)
[00:44:18 -866421.344591] FAST spr round 3 (radius: 25)
[00:44:33 -866159.125968] FAST spr round 4 (radius: 25)
[00:44:45 -866149.430647] FAST spr round 5 (radius: 25)
[00:44:57 -866143.050263] FAST spr round 6 (radius: 25)
[00:45:10 -866141.954991] FAST spr round 7 (radius: 25)
[00:45:21 -866140.999779] FAST spr round 8 (radius: 25)
[00:45:33 -866140.951009] Model parameter optimization (eps = 1.000000)
[00:45:36 -865971.979696] SLOW spr round 1 (radius: 5)
[00:46:10 -865847.899035] SLOW spr round 2 (radius: 5)
[00:46:42 -865847.766103] SLOW spr round 3 (radius: 5)
[00:47:13 -865847.765707] SLOW spr round 4 (radius: 10)
[00:47:53 -865847.765679] SLOW spr round 5 (radius: 15)
[00:49:50 -865847.765676] SLOW spr round 6 (radius: 20)
[00:51:49 -865847.765675] SLOW spr round 7 (radius: 25)
[00:53:23 -865847.765674] Model parameter optimization (eps = 0.100000)

[00:53:24] ML tree search #4, logLikelihood: -865847.709495

[00:53:24 -1985777.865835] Initial branch length optimization
[00:53:26 -1641960.724003] Model parameter optimization (eps = 10.000000)
[00:53:38 -1611455.115753] AUTODETECT spr round 1 (radius: 5)
[00:53:52 -1330157.229853] AUTODETECT spr round 2 (radius: 10)
[00:54:15 -1084188.919058] AUTODETECT spr round 3 (radius: 15)
[00:54:47 -942377.908495] AUTODETECT spr round 4 (radius: 20)
[00:55:29 -935918.924372] AUTODETECT spr round 5 (radius: 25)
[00:56:10 -935839.467164] SPR radius for FAST iterations: 25 (autodetect)
[00:56:10 -935839.467164] Model parameter optimization (eps = 3.000000)
[00:56:18 -930679.539971] FAST spr round 1 (radius: 25)
[00:56:44 -867673.849959] FAST spr round 2 (radius: 25)
[00:57:05 -866149.591222] FAST spr round 3 (radius: 25)
[00:57:18 -866143.423184] FAST spr round 4 (radius: 25)
[00:57:31 -866140.026081] FAST spr round 5 (radius: 25)
[00:57:42 -866137.794363] FAST spr round 6 (radius: 25)
[00:57:54 -866126.511343] FAST spr round 7 (radius: 25)
[00:58:05 -866103.879993] FAST spr round 8 (radius: 25)
[00:58:16 -866103.482279] FAST spr round 9 (radius: 25)
[00:58:26 -866103.318929] FAST spr round 10 (radius: 25)
[00:58:37 -866103.317948] Model parameter optimization (eps = 1.000000)
[00:58:40 -865928.935124] SLOW spr round 1 (radius: 5)
[00:59:11 -865849.715548] SLOW spr round 2 (radius: 5)
[00:59:40 -865849.713096] SLOW spr round 3 (radius: 10)
[01:00:19 -865849.712977] SLOW spr round 4 (radius: 15)
[01:02:12 -865849.712970] SLOW spr round 5 (radius: 20)
[01:04:11 -865849.712970] SLOW spr round 6 (radius: 25)
[01:05:38 -865849.712969] Model parameter optimization (eps = 0.100000)

[01:05:39] ML tree search #5, logLikelihood: -865849.659809

[01:05:39 -1990389.625656] Initial branch length optimization
[01:05:40 -1641508.393992] Model parameter optimization (eps = 10.000000)
[01:05:52 -1611610.596425] AUTODETECT spr round 1 (radius: 5)
[01:06:05 -1342987.777900] AUTODETECT spr round 2 (radius: 10)
[01:06:26 -1083407.975783] AUTODETECT spr round 3 (radius: 15)
[01:06:55 -964447.516352] AUTODETECT spr round 4 (radius: 20)
[01:07:30 -941319.732211] AUTODETECT spr round 5 (radius: 25)
[01:08:02 -941173.936509] SPR radius for FAST iterations: 25 (autodetect)
[01:08:02 -941173.936509] Model parameter optimization (eps = 3.000000)
[01:08:10 -936336.040563] FAST spr round 1 (radius: 25)
[01:08:41 -869553.180308] FAST spr round 2 (radius: 25)
[01:09:05 -866544.951731] FAST spr round 3 (radius: 25)
[01:09:19 -866150.514476] FAST spr round 4 (radius: 25)
[01:09:30 -866149.810731] FAST spr round 5 (radius: 25)
[01:09:42 -866149.137886] FAST spr round 6 (radius: 25)
[01:09:52 -866148.677367] FAST spr round 7 (radius: 25)
[01:10:03 -866148.677362] Model parameter optimization (eps = 1.000000)
[01:10:07 -865938.924565] SLOW spr round 1 (radius: 5)
[01:10:38 -865863.674351] SLOW spr round 2 (radius: 5)
[01:11:07 -865863.673922] SLOW spr round 3 (radius: 10)
[01:11:47 -865851.076590] SLOW spr round 4 (radius: 5)
[01:12:43 -865849.096829] SLOW spr round 5 (radius: 5)
[01:13:27 -865847.009261] SLOW spr round 6 (radius: 5)
[01:14:02 -865847.009056] SLOW spr round 7 (radius: 10)
[01:14:43 -865847.009056] SLOW spr round 8 (radius: 15)
[01:16:35 -865847.009056] SLOW spr round 9 (radius: 20)
[01:18:31 -865847.009056] SLOW spr round 10 (radius: 25)
[01:19:59 -865847.009056] Model parameter optimization (eps = 0.100000)

[01:20:00] ML tree search #6, logLikelihood: -865846.986952

[01:20:00 -1973550.505083] Initial branch length optimization
[01:20:01 -1630394.410880] Model parameter optimization (eps = 10.000000)
[01:20:13 -1600206.161553] AUTODETECT spr round 1 (radius: 5)
[01:20:27 -1301115.221295] AUTODETECT spr round 2 (radius: 10)
[01:20:47 -1091622.540956] AUTODETECT spr round 3 (radius: 15)
[01:21:15 -959778.896611] AUTODETECT spr round 4 (radius: 20)
[01:21:52 -938623.823566] AUTODETECT spr round 5 (radius: 25)
[01:22:30 -938621.717233] SPR radius for FAST iterations: 25 (autodetect)
[01:22:30 -938621.717233] Model parameter optimization (eps = 3.000000)
[01:22:37 -933337.250786] FAST spr round 1 (radius: 25)
[01:23:03 -868929.137482] FAST spr round 2 (radius: 25)
[01:23:21 -866291.797176] FAST spr round 3 (radius: 25)
[01:23:35 -866185.488659] FAST spr round 4 (radius: 25)
[01:23:47 -866183.197982] FAST spr round 5 (radius: 25)
[01:23:57 -866183.195835] Model parameter optimization (eps = 1.000000)
[01:24:01 -865993.934585] SLOW spr round 1 (radius: 5)
[01:24:36 -865849.060893] SLOW spr round 2 (radius: 5)
[01:25:06 -865848.906675] SLOW spr round 3 (radius: 5)
[01:25:35 -865848.906170] SLOW spr round 4 (radius: 10)
[01:26:14 -865848.906144] SLOW spr round 5 (radius: 15)
[01:28:09 -865848.906142] SLOW spr round 6 (radius: 20)
[01:30:07 -865848.906142] SLOW spr round 7 (radius: 25)
[01:31:29 -865848.906142] Model parameter optimization (eps = 0.100000)

[01:31:29] ML tree search #7, logLikelihood: -865848.890029

[01:31:29 -1977832.806569] Initial branch length optimization
[01:31:31 -1634188.082969] Model parameter optimization (eps = 10.000000)
[01:31:43 -1603475.928610] AUTODETECT spr round 1 (radius: 5)
[01:31:56 -1338438.564393] AUTODETECT spr round 2 (radius: 10)
[01:32:14 -1134656.024678] AUTODETECT spr round 3 (radius: 15)
[01:32:42 -950387.275655] AUTODETECT spr round 4 (radius: 20)
[01:33:15 -935018.912828] AUTODETECT spr round 5 (radius: 25)
[01:33:47 -934172.661162] SPR radius for FAST iterations: 25 (autodetect)
[01:33:47 -934172.661162] Model parameter optimization (eps = 3.000000)
[01:33:54 -929223.941351] FAST spr round 1 (radius: 25)
[01:34:25 -867577.440362] FAST spr round 2 (radius: 25)
[01:34:47 -866321.904506] FAST spr round 3 (radius: 25)
[01:35:00 -866291.542587] FAST spr round 4 (radius: 25)
[01:35:12 -866266.742494] FAST spr round 5 (radius: 25)
[01:35:23 -866261.330564] FAST spr round 6 (radius: 25)
[01:35:33 -866260.649031] FAST spr round 7 (radius: 25)
[01:35:44 -866260.649024] Model parameter optimization (eps = 1.000000)
[01:35:47 -866015.095458] SLOW spr round 1 (radius: 5)
[01:36:20 -865863.945510] SLOW spr round 2 (radius: 5)
[01:36:50 -865863.212318] SLOW spr round 3 (radius: 5)
[01:37:20 -865863.211949] SLOW spr round 4 (radius: 10)
[01:38:00 -865850.581506] SLOW spr round 5 (radius: 5)
[01:38:54 -865849.945575] SLOW spr round 6 (radius: 5)
[01:39:37 -865849.945558] SLOW spr round 7 (radius: 10)
[01:40:21 -865849.945557] SLOW spr round 8 (radius: 15)
[01:42:04 -865849.945556] SLOW spr round 9 (radius: 20)
[01:44:01 -865849.945556] SLOW spr round 10 (radius: 25)
[01:45:29 -865849.945555] Model parameter optimization (eps = 0.100000)

[01:45:29] ML tree search #8, logLikelihood: -865849.920051

[01:45:29 -1983739.231865] Initial branch length optimization
[01:45:31 -1639426.056741] Model parameter optimization (eps = 10.000000)
[01:45:44 -1608255.203847] AUTODETECT spr round 1 (radius: 5)
[01:45:57 -1343876.734981] AUTODETECT spr round 2 (radius: 10)
[01:46:17 -1118671.693029] AUTODETECT spr round 3 (radius: 15)
[01:46:44 -961252.871890] AUTODETECT spr round 4 (radius: 20)
[01:47:17 -953217.951684] AUTODETECT spr round 5 (radius: 25)
[01:47:52 -950170.544288] SPR radius for FAST iterations: 25 (autodetect)
[01:47:52 -950170.544288] Model parameter optimization (eps = 3.000000)
[01:47:59 -944487.195035] FAST spr round 1 (radius: 25)
[01:48:34 -870263.304519] FAST spr round 2 (radius: 25)
[01:49:00 -866882.883927] FAST spr round 3 (radius: 25)
[01:49:13 -866283.211943] FAST spr round 4 (radius: 25)
[01:49:25 -866276.919919] FAST spr round 5 (radius: 25)
[01:49:36 -866275.304295] FAST spr round 6 (radius: 25)
[01:49:47 -866275.298786] Model parameter optimization (eps = 1.000000)
[01:49:50 -866000.519372] SLOW spr round 1 (radius: 5)
[01:50:22 -865852.677345] SLOW spr round 2 (radius: 5)
[01:50:52 -865852.675061] SLOW spr round 3 (radius: 10)
[01:51:30 -865852.674901] SLOW spr round 4 (radius: 15)
[01:53:23 -865852.674889] SLOW spr round 5 (radius: 20)
[01:55:20 -865852.674887] SLOW spr round 6 (radius: 25)
[01:56:53 -865852.674887] Model parameter optimization (eps = 0.100000)

[01:56:54] ML tree search #9, logLikelihood: -865852.631226

[01:56:54 -1982363.139603] Initial branch length optimization
[01:56:56 -1641605.066144] Model parameter optimization (eps = 10.000000)
[01:57:08 -1611282.622869] AUTODETECT spr round 1 (radius: 5)
[01:57:22 -1321053.199627] AUTODETECT spr round 2 (radius: 10)
[01:57:42 -1068573.062840] AUTODETECT spr round 3 (radius: 15)
[01:58:09 -1013367.868433] AUTODETECT spr round 4 (radius: 20)
[01:58:47 -970004.663399] AUTODETECT spr round 5 (radius: 25)
[01:59:22 -969492.269522] SPR radius for FAST iterations: 25 (autodetect)
[01:59:22 -969492.269522] Model parameter optimization (eps = 3.000000)
[01:59:29 -965012.825520] FAST spr round 1 (radius: 25)
[02:00:01 -871547.201362] FAST spr round 2 (radius: 25)
[02:00:26 -866342.854380] FAST spr round 3 (radius: 25)
[02:00:40 -866292.286644] FAST spr round 4 (radius: 25)
[02:00:51 -866291.144785] FAST spr round 5 (radius: 25)
[02:01:03 -866290.374317] FAST spr round 6 (radius: 25)
[02:01:14 -866289.920180] FAST spr round 7 (radius: 25)
[02:01:25 -866284.402570] FAST spr round 8 (radius: 25)
[02:01:36 -866284.402551] Model parameter optimization (eps = 1.000000)
[02:01:40 -865979.411154] SLOW spr round 1 (radius: 5)
[02:02:13 -865856.604965] SLOW spr round 2 (radius: 5)
[02:02:43 -865855.638989] SLOW spr round 3 (radius: 5)
[02:03:12 -865855.638221] SLOW spr round 4 (radius: 10)
[02:03:51 -865855.638191] SLOW spr round 5 (radius: 15)
[02:05:45 -865855.638190] SLOW spr round 6 (radius: 20)
[02:07:44 -865855.638190] SLOW spr round 7 (radius: 25)
[02:09:11 -865855.638189] Model parameter optimization (eps = 0.100000)

[02:09:11] ML tree search #10, logLikelihood: -865855.624435

[02:09:11 -1050441.959705] Initial branch length optimization
[02:09:13 -888330.743812] Model parameter optimization (eps = 10.000000)
[02:09:16 -867509.623723] AUTODETECT spr round 1 (radius: 5)
[02:09:27 -866435.210062] AUTODETECT spr round 2 (radius: 10)
[02:09:47 -866417.311262] AUTODETECT spr round 3 (radius: 15)
[02:10:19 -866417.310134] SPR radius for FAST iterations: 10 (autodetect)
[02:10:19 -866417.310134] Model parameter optimization (eps = 3.000000)
[02:10:20 -866416.874689] FAST spr round 1 (radius: 10)
[02:10:37 -865978.112844] FAST spr round 2 (radius: 10)
[02:10:49 -865944.805194] FAST spr round 3 (radius: 10)
[02:11:01 -865922.296664] FAST spr round 4 (radius: 10)
[02:11:12 -865893.395898] FAST spr round 5 (radius: 10)
[02:11:22 -865887.766938] FAST spr round 6 (radius: 10)
[02:11:33 -865884.911818] FAST spr round 7 (radius: 10)
[02:11:43 -865884.911713] Model parameter optimization (eps = 1.000000)
[02:11:44 -865884.412371] SLOW spr round 1 (radius: 5)
[02:12:18 -865850.890229] SLOW spr round 2 (radius: 5)
[02:12:49 -865850.889169] SLOW spr round 3 (radius: 10)
[02:13:27 -865850.889113] SLOW spr round 4 (radius: 15)
[02:15:20 -865850.889110] SLOW spr round 5 (radius: 20)
[02:17:17 -865850.889109] SLOW spr round 6 (radius: 25)
[02:18:48 -865850.889109] Model parameter optimization (eps = 0.100000)

[02:18:49] ML tree search #11, logLikelihood: -865850.885439

[02:18:49 -1049286.368803] Initial branch length optimization
[02:18:50 -887892.867611] Model parameter optimization (eps = 10.000000)
[02:18:53 -867170.228965] AUTODETECT spr round 1 (radius: 5)
[02:19:03 -866363.468280] AUTODETECT spr round 2 (radius: 10)
[02:19:23 -866004.202549] AUTODETECT spr round 3 (radius: 15)
[02:19:54 -866004.189128] SPR radius for FAST iterations: 10 (autodetect)
[02:19:54 -866004.189128] Model parameter optimization (eps = 3.000000)
[02:19:55 -866003.099495] FAST spr round 1 (radius: 10)
[02:20:10 -865956.363742] FAST spr round 2 (radius: 10)
[02:20:22 -865950.444646] FAST spr round 3 (radius: 10)
[02:20:33 -865949.514896] FAST spr round 4 (radius: 10)
[02:20:44 -865949.511347] Model parameter optimization (eps = 1.000000)
[02:20:44 -865949.478646] SLOW spr round 1 (radius: 5)
[02:21:17 -865849.773125] SLOW spr round 2 (radius: 5)
[02:21:46 -865849.772986] SLOW spr round 3 (radius: 10)
[02:22:23 -865849.772977] SLOW spr round 4 (radius: 15)
[02:24:15 -865849.772976] SLOW spr round 5 (radius: 20)
[02:26:11 -865849.772975] SLOW spr round 6 (radius: 25)
[02:27:37 -865849.772975] Model parameter optimization (eps = 0.100000)

[02:27:37] ML tree search #12, logLikelihood: -865849.745878

[02:27:37 -1050671.753042] Initial branch length optimization
[02:27:39 -888317.722253] Model parameter optimization (eps = 10.000000)
[02:27:42 -867471.069328] AUTODETECT spr round 1 (radius: 5)
[02:27:52 -866024.483208] AUTODETECT spr round 2 (radius: 10)
[02:28:11 -865998.021475] AUTODETECT spr round 3 (radius: 15)
[02:28:40 -865997.981114] SPR radius for FAST iterations: 10 (autodetect)
[02:28:40 -865997.981114] Model parameter optimization (eps = 3.000000)
[02:28:41 -865996.992145] FAST spr round 1 (radius: 10)
[02:28:57 -865892.757562] FAST spr round 2 (radius: 10)
[02:29:09 -865885.071514] FAST spr round 3 (radius: 10)
[02:29:19 -865879.576994] FAST spr round 4 (radius: 10)
[02:29:30 -865877.130207] FAST spr round 5 (radius: 10)
[02:29:40 -865876.921429] FAST spr round 6 (radius: 10)
[02:29:50 -865876.921383] Model parameter optimization (eps = 1.000000)
[02:29:51 -865876.822726] SLOW spr round 1 (radius: 5)
[02:30:21 -865850.177032] SLOW spr round 2 (radius: 5)
[02:30:50 -865850.175048] SLOW spr round 3 (radius: 10)
[02:31:27 -865850.174942] SLOW spr round 4 (radius: 15)
[02:33:21 -865850.174938] SLOW spr round 5 (radius: 20)
[02:35:16 -865850.174937] SLOW spr round 6 (radius: 25)
[02:36:46 -865850.174937] Model parameter optimization (eps = 0.100000)

[02:36:46] ML tree search #13, logLikelihood: -865850.174248

[02:36:46 -1050096.894924] Initial branch length optimization
[02:36:47 -887934.661775] Model parameter optimization (eps = 10.000000)
[02:36:50 -867176.189941] AUTODETECT spr round 1 (radius: 5)
[02:37:00 -866356.825954] AUTODETECT spr round 2 (radius: 10)
[02:37:19 -866347.201714] AUTODETECT spr round 3 (radius: 15)
[02:37:49 -866347.199126] SPR radius for FAST iterations: 10 (autodetect)
[02:37:49 -866347.199126] Model parameter optimization (eps = 3.000000)
[02:37:50 -866346.778248] FAST spr round 1 (radius: 10)
[02:38:06 -865895.863851] FAST spr round 2 (radius: 10)
[02:38:18 -865890.128705] FAST spr round 3 (radius: 10)
[02:38:29 -865884.460163] FAST spr round 4 (radius: 10)
[02:38:39 -865883.861074] FAST spr round 5 (radius: 10)
[02:38:50 -865883.854881] Model parameter optimization (eps = 1.000000)
[02:38:50 -865883.387220] SLOW spr round 1 (radius: 5)
[02:39:22 -865876.769292] SLOW spr round 2 (radius: 5)
[02:39:52 -865876.768897] SLOW spr round 3 (radius: 10)
[02:40:31 -865876.768889] SLOW spr round 4 (radius: 15)
[02:42:21 -865876.768888] SLOW spr round 5 (radius: 20)
[02:44:18 -865876.768887] SLOW spr round 6 (radius: 25)
[02:45:46 -865876.768887] Model parameter optimization (eps = 0.100000)

[02:45:47] ML tree search #14, logLikelihood: -865876.763744

[02:45:47 -1049058.746816] Initial branch length optimization
[02:45:48 -888313.099819] Model parameter optimization (eps = 10.000000)
[02:45:53 -867526.985396] AUTODETECT spr round 1 (radius: 5)
[02:46:03 -866403.306895] AUTODETECT spr round 2 (radius: 10)
[02:46:22 -866403.283788] SPR radius for FAST iterations: 5 (autodetect)
[02:46:22 -866403.283788] Model parameter optimization (eps = 3.000000)
[02:46:23 -866402.894950] FAST spr round 1 (radius: 5)
[02:46:37 -865966.338154] FAST spr round 2 (radius: 5)
[02:46:48 -865922.725657] FAST spr round 3 (radius: 5)
[02:46:58 -865922.518885] FAST spr round 4 (radius: 5)
[02:47:08 -865922.518840] Model parameter optimization (eps = 1.000000)
[02:47:09 -865922.169300] SLOW spr round 1 (radius: 5)
[02:47:43 -865854.795018] SLOW spr round 2 (radius: 5)
[02:48:14 -865854.792188] SLOW spr round 3 (radius: 10)
[02:48:54 -865854.792178] SLOW spr round 4 (radius: 15)
[02:50:42 -865854.792177] SLOW spr round 5 (radius: 20)
[02:52:40 -865854.792177] SLOW spr round 6 (radius: 25)
[02:54:09 -865854.792176] Model parameter optimization (eps = 0.100000)

[02:54:09] ML tree search #15, logLikelihood: -865854.785260

[02:54:09 -1050579.358014] Initial branch length optimization
[02:54:10 -888149.480480] Model parameter optimization (eps = 10.000000)
[02:54:14 -867328.570593] AUTODETECT spr round 1 (radius: 5)
[02:54:23 -866346.596019] AUTODETECT spr round 2 (radius: 10)
[02:54:43 -865968.371651] AUTODETECT spr round 3 (radius: 15)
[02:55:13 -865968.361759] SPR radius for FAST iterations: 10 (autodetect)
[02:55:13 -865968.361759] Model parameter optimization (eps = 3.000000)
[02:55:14 -865966.739531] FAST spr round 1 (radius: 10)
[02:55:28 -865882.116906] FAST spr round 2 (radius: 10)
[02:55:41 -865870.972265] FAST spr round 3 (radius: 10)
[02:55:52 -865865.395433] FAST spr round 4 (radius: 10)
[02:56:04 -865856.978360] FAST spr round 5 (radius: 10)
[02:56:14 -865855.316610] FAST spr round 6 (radius: 10)
[02:56:25 -865854.507902] FAST spr round 7 (radius: 10)
[02:56:35 -865854.299069] FAST spr round 8 (radius: 10)
[02:56:46 -865854.299020] Model parameter optimization (eps = 1.000000)
[02:56:46 -865854.272922] SLOW spr round 1 (radius: 5)
[02:57:17 -865850.444797] SLOW spr round 2 (radius: 5)
[02:57:46 -865850.443187] SLOW spr round 3 (radius: 10)
[02:58:24 -865850.443114] SLOW spr round 4 (radius: 15)
[03:00:16 -865850.443101] SLOW spr round 5 (radius: 20)
[03:02:13 -865850.443098] SLOW spr round 6 (radius: 25)
[03:03:41 -865850.443097] Model parameter optimization (eps = 0.100000)

[03:03:41] ML tree search #16, logLikelihood: -865850.442190

[03:03:41 -1050414.383753] Initial branch length optimization
[03:03:42 -887813.413964] Model parameter optimization (eps = 10.000000)
[03:03:46 -867019.508814] AUTODETECT spr round 1 (radius: 5)
[03:03:55 -866328.713109] AUTODETECT spr round 2 (radius: 10)
[03:04:15 -866328.700398] SPR radius for FAST iterations: 5 (autodetect)
[03:04:15 -866328.700398] Model parameter optimization (eps = 3.000000)
[03:04:16 -866328.153753] FAST spr round 1 (radius: 5)
[03:04:32 -865921.390371] FAST spr round 2 (radius: 5)
[03:04:43 -865912.659050] FAST spr round 3 (radius: 5)
[03:04:54 -865909.285787] FAST spr round 4 (radius: 5)
[03:05:03 -865906.527548] FAST spr round 5 (radius: 5)
[03:05:13 -865906.315854] FAST spr round 6 (radius: 5)
[03:05:22 -865906.138155] FAST spr round 7 (radius: 5)
[03:05:32 -865906.136247] Model parameter optimization (eps = 1.000000)
[03:05:33 -865905.697080] SLOW spr round 1 (radius: 5)
[03:06:07 -865846.891780] SLOW spr round 2 (radius: 5)
[03:06:37 -865846.889352] SLOW spr round 3 (radius: 10)
[03:07:16 -865846.889223] SLOW spr round 4 (radius: 15)
[03:09:11 -865846.889216] SLOW spr round 5 (radius: 20)
[03:11:08 -865846.889216] SLOW spr round 6 (radius: 25)
[03:12:34 -865846.889215] Model parameter optimization (eps = 0.100000)

[03:12:35] ML tree search #17, logLikelihood: -865846.875569

[03:12:35 -1050323.831080] Initial branch length optimization
[03:12:36 -888151.699833] Model parameter optimization (eps = 10.000000)
[03:12:39 -867408.354110] AUTODETECT spr round 1 (radius: 5)
[03:12:49 -866352.388623] AUTODETECT spr round 2 (radius: 10)
[03:13:08 -866352.370187] SPR radius for FAST iterations: 5 (autodetect)
[03:13:08 -866352.370187] Model parameter optimization (eps = 3.000000)
[03:13:09 -866351.691081] FAST spr round 1 (radius: 5)
[03:13:22 -865938.564828] FAST spr round 2 (radius: 5)
[03:13:32 -865903.940555] FAST spr round 3 (radius: 5)
[03:13:42 -865903.720282] FAST spr round 4 (radius: 5)
[03:13:51 -865903.720239] Model parameter optimization (eps = 1.000000)
[03:13:52 -865903.375290] SLOW spr round 1 (radius: 5)
[03:14:26 -865850.434289] SLOW spr round 2 (radius: 5)
[03:14:56 -865850.071129] SLOW spr round 3 (radius: 5)
[03:15:25 -865850.071096] SLOW spr round 4 (radius: 10)
[03:16:04 -865850.071095] SLOW spr round 5 (radius: 15)
[03:18:00 -865850.071094] SLOW spr round 6 (radius: 20)
[03:20:00 -865850.071093] SLOW spr round 7 (radius: 25)
[03:21:23 -865850.071093] Model parameter optimization (eps = 0.100000)

[03:21:24] ML tree search #18, logLikelihood: -865850.065324

[03:21:24 -1049499.356134] Initial branch length optimization
[03:21:25 -888113.638711] Model parameter optimization (eps = 10.000000)
[03:21:29 -867290.912960] AUTODETECT spr round 1 (radius: 5)
[03:21:38 -866386.208138] AUTODETECT spr round 2 (radius: 10)
[03:21:57 -866002.055752] AUTODETECT spr round 3 (radius: 15)
[03:22:26 -866002.043529] SPR radius for FAST iterations: 10 (autodetect)
[03:22:26 -866002.043529] Model parameter optimization (eps = 3.000000)
[03:22:27 -866000.257468] FAST spr round 1 (radius: 10)
[03:22:44 -865903.721840] FAST spr round 2 (radius: 10)
[03:22:57 -865884.960165] FAST spr round 3 (radius: 10)
[03:23:08 -865883.868255] FAST spr round 4 (radius: 10)
[03:23:18 -865883.678905] FAST spr round 5 (radius: 10)
[03:23:28 -865883.678866] Model parameter optimization (eps = 1.000000)
[03:23:29 -865883.594333] SLOW spr round 1 (radius: 5)
[03:24:01 -865851.101099] SLOW spr round 2 (radius: 5)
[03:24:30 -865851.100700] SLOW spr round 3 (radius: 10)
[03:25:07 -865851.100692] SLOW spr round 4 (radius: 15)
[03:26:59 -865851.100691] SLOW spr round 5 (radius: 20)
[03:28:50 -865851.100690] SLOW spr round 6 (radius: 25)
[03:30:20 -865851.100690] Model parameter optimization (eps = 0.100000)

[03:30:21] ML tree search #19, logLikelihood: -865851.081925

[03:30:21 -1050569.255721] Initial branch length optimization
[03:30:22 -888463.206825] Model parameter optimization (eps = 10.000000)
[03:30:26 -867537.628068] AUTODETECT spr round 1 (radius: 5)
[03:30:36 -866265.769491] AUTODETECT spr round 2 (radius: 10)
[03:30:55 -866265.753020] SPR radius for FAST iterations: 5 (autodetect)
[03:30:55 -866265.753020] Model parameter optimization (eps = 3.000000)
[03:30:57 -866264.765296] FAST spr round 1 (radius: 5)
[03:31:12 -865974.849743] FAST spr round 2 (radius: 5)
[03:31:24 -865909.399789] FAST spr round 3 (radius: 5)
[03:31:34 -865898.596762] FAST spr round 4 (radius: 5)
[03:31:44 -865895.797335] FAST spr round 5 (radius: 5)
[03:31:54 -865895.294218] FAST spr round 6 (radius: 5)
[03:32:03 -865895.074734] FAST spr round 7 (radius: 5)
[03:32:12 -865895.074687] Model parameter optimization (eps = 1.000000)
[03:32:13 -865894.917051] SLOW spr round 1 (radius: 5)
[03:32:45 -865850.589687] SLOW spr round 2 (radius: 5)
[03:33:14 -865850.589547] SLOW spr round 3 (radius: 10)
[03:33:53 -865850.589537] SLOW spr round 4 (radius: 15)
[03:35:46 -865850.589536] SLOW spr round 5 (radius: 20)
[03:37:42 -865850.589535] SLOW spr round 6 (radius: 25)
[03:39:13 -865850.589535] Model parameter optimization (eps = 0.100000)

[03:39:14] ML tree search #20, logLikelihood: -865850.582518


Optimized model parameters:

   Partition 0: noname
   Rate heterogeneity: GAMMA (4 cats, mean),  alpha: 2.234567 (ML),  weights&rates: (0.250000,0.319754) (0.250000,0.677844) (0.250000,1.074886) (0.250000,1.927515) 
   Base frequencies (model): 0.250000 0.250000 0.250000 0.250000 
   Substitution rates (ML): 1.717822 3.540465 1.717822 1.000000 4.221859 1.000000 


Final LogLikelihood: -865846.875569

AIC score: 1732699.751139 / AICc score: 1732712.933604 / BIC score: 1737010.684848
Free parameters (model + branch lengths): 503

WARNING: Best ML tree contains 4 near-zero branches!

Best ML tree with collapsed near-zero branches saved to: /home/gkettenburg/bat_picorna_all_raxml/over2kb/T2.raxml.bestTreeCollapsed
Best ML tree saved to: /home/gkettenburg/bat_picorna_all_raxml/over2kb/T2.raxml.bestTree
All ML trees saved to: /home/gkettenburg/bat_picorna_all_raxml/over2kb/T2.raxml.mlTrees
Optimized model saved to: /home/gkettenburg/bat_picorna_all_raxml/over2kb/T2.raxml.bestModel

Execution log saved to: /home/gkettenburg/bat_picorna_all_raxml/over2kb/T2.raxml.log

Analysis started: 05-Sep-2023 01:11:13 / finished: 05-Sep-2023 04:50:28

Elapsed time: 13154.398 seconds

Consumed energy: 851.064 Wh (= 4 km in an electric car, or 21 km with an e-scooter!)

